[2025-08-31 23:00:23][TRADE] Закрыта позиция GRASS-USDT-SWAP LONG PnL: 0.20562935 Причина: TP Баланс: 350.03861185909 WinRate инструмента: 100%
🔄 Баланс: 350.03861185909$ | PnL: 0.20562935 💵 | Сделок: 1
[2025-09-01 00:01:12][TRADE] Закрыта позиция LUNC-USDT-SWAP LONG PnL: -0.07622288 Причина: SL Баланс: 259.872333160671 WinRate инструмента: 0%
🔄 Баланс: 259.872333160671$ | PnL: 0.12940647 💵 | Сделок: 2
[2025-09-01 00:01:59][TRADE] Закрыта позиция STX-USDT-SWAP LONG PnL: -0.09924437 Причина: SL Баланс: 269.773077530671 WinRate инструмента: 0%
🔄 Баланс: 269.773077530671$ | PnL: 0.0301621 💵 | Сделок: 3
[2025-09-01 00:02:51][TRADE] Закрыта позиция UNI-USD-SWAP LONG PnL: -0.09335609 Причина: SL Баланс: 279.679280640671 WinRate инструмента: 0%
🔄 Баланс: 279.679280640671$ | PnL: -0.06319399 💵 | Сделок: 4
[2025-09-01 00:48:05][TRADE] Закрыта позиция ONE-USDT-SWAP LONG PnL: -0.14877887 Причина: SL Баланс: 249.515675180956 WinRate инструмента: 0%
🔄 Баланс: 249.515675180956$ | PnL: -0.21197286 💵 | Сделок: 5
[2025-09-01 01:20:07][TRADE] Закрыта позиция KMNO-USDT-SWAP LONG PnL: 0.22437652 Причина: TP Баланс: 249.731061715904 WinRate инструмента: 100%
🔄 Баланс: 249.731061715904$ | PnL: 0.01240366 💵 | Сделок: 6
[2025-09-01 01:20:56][TRADE] Закрыта позиция SNX-USDT-SWAP SHORT PnL: -0.1460384 Причина: SL Баланс: 259.585009315904 WinRate инструмента: 0%
🔄 Баланс: 259.585009315904$ | PnL: -0.13363474 💵 | Сделок: 7
[2025-09-01 01:39:43][TRADE] Закрыта позиция NMR-USDT-SWAP SHORT PnL: -0.34821712 Причина: SL Баланс: 249.219204735923 WinRate инструмента: 0%
🔄 Баланс: 249.219204735923$ | PnL: -0.48185186 💵 | Сделок: 8
[2025-09-01 02:02:55][TRADE] Закрыта позиция UNI-USDT-SWAP LONG PnL: -0.11144625 Причина: SL Баланс: 249.098886001207 WinRate инструмента: 0%
🔄 Баланс: 249.098886001207$ | PnL: -0.59329811 💵 | Сделок: 9
[2025-09-01 02:09:22][TRADE] Закрыта позиция VINE-USDT-SWAP SHORT PnL: 0.16182462 Причина: TP Баланс: 259.260712350207 WinRate инструмента: 100%
🔄 Баланс: 259.260712350207$ | PnL: -0.43147349 💵 | Сделок: 10
[2025-09-01 02:11:12][TRADE] Закрыта позиция ICX-USDT-SWAP LONG PnL: -0.10004734 Причина: SL Баланс: 269.160668459207 WinRate инструмента: 0%
🔄 Баланс: 269.160668459207$ | PnL: -0.53152083 💵 | Сделок: 11
[2025-09-01 02:23:06][TRADE] Закрыта позиция BERA-USDT-SWAP SHORT PnL: -0.11581151 Причина: SL Баланс: 269.035793049297 WinRate инструмента: 0%
🔄 Баланс: 269.035793049297$ | PnL: -0.64733234 💵 | Сделок: 12
[2025-09-01 02:27:21][TRADE] Закрыта позиция MERL-USDT-SWAP LONG PnL: 0.51252949 Причина: TP Баланс: 279.548321699297 WinRate инструмента: 100%
🔄 Баланс: 279.548321699297$ | PnL: -0.13480285 💵 | Сделок: 13
[2025-09-01 02:30:53][TRADE] Закрыта позиция PERP-USDT-SWAP LONG PnL: 0.15035015 Причина: TP Баланс: 269.68067951967 WinRate инструмента: 100%
🔄 Баланс: 269.68067951967$ | PnL: 0.0155473 💵 | Сделок: 14
[2025-09-01 02:35:19][TRADE] Закрыта позиция LINK-USD-SWAP LONG PnL: -0.11223796 Причина: SL Баланс: 179.479072610694 WinRate инструмента: 0%
🔄 Баланс: 179.479072610694$ | PnL: -0.09669066 💵 | Сделок: 15
[2025-09-01 02:36:48][TRADE] Закрыта позиция LINK-USDT-SWAP LONG PnL: -0.11871166 Причина: SL Баланс: 189.361256350694 WinRate инструмента: 0%
🔄 Баланс: 189.361256350694$ | PnL: -0.21540232 💵 | Сделок: 16
[2025-09-01 02:38:40][TRADE] Закрыта позиция AAVE-USDT-SWAP LONG PnL: -0.12233857 Причина: SL Баланс: 199.232697780694 WinRate инструмента: 0%
🔄 Баланс: 199.232697780694$ | PnL: -0.33774089 💵 | Сделок: 17
[2025-09-01 02:42:14][TRADE] Закрыта позиция DOGE-USD-SWAP LONG PnL: -0.09828788 Причина: SL Баланс: 179.107324294415 WinRate инструмента: 0%
🔄 Баланс: 179.107324294415$ | PnL: -0.43602877 💵 | Сделок: 18
[2025-09-01 02:43:53][TRADE] Закрыта позиция LUNA-USDT-SWAP LONG PnL: -0.10313492 Причина: SL Баланс: 138.959180037698 WinRate инструмента: 0%
🔄 Баланс: 138.959180037698$ | PnL: -0.53916369 💵 | Сделок: 19
[2025-09-01 02:44:35][TRADE] Закрыта позиция SOON-USDT-SWAP LONG PnL: -0.12665544 Причина: SL Баланс: 118.805488316429 WinRate инструмента: 0%
🔄 Баланс: 118.805488316429$ | PnL: -0.66581913 💵 | Сделок: 20
[2025-09-01 02:44:38][TRADE] Закрыта позиция STORJ-USDT-SWAP LONG PnL: -0.10640296 Причина: SL Баланс: 118.690075276573 WinRate инструмента: 0%
🔄 Баланс: 118.690075276573$ | PnL: -0.77222209 💵 | Сделок: 21
[2025-09-01 02:45:09][TRADE] Закрыта позиция ETH-USDC-SWAP LONG PnL: -0.09050818 Причина: SL Баланс: 108.433856713858 WinRate инструмента: 0%
🔄 Баланс: 108.433856713858$ | PnL: -0.86273027 💵 | Сделок: 22
[2025-09-01 02:45:20][TRADE] Закрыта позиция ETH-USD-SWAP LONG PnL: -0.09422318 Причина: SL Баланс: 118.191783533858 WinRate инструмента: 0%
🔄 Баланс: 118.191783533858$ | PnL: -0.95695345 💵 | Сделок: 23
[2025-09-01 02:45:53][TRADE] Закрыта позиция ATH-USDT-SWAP LONG PnL: -0.10912678 Причина: SL Баланс: 118.073653889534 WinRate инструмента: 0%
🔄 Баланс: 118.073653889534$ | PnL: -1.06608023 💵 | Сделок: 24
[2025-09-01 02:46:02][TRADE] Закрыта позиция BLUR-USDT-SWAP LONG PnL: -0.11062454 Причина: SL Баланс: 127.963032714534 WinRate инструмента: 0%
🔄 Баланс: 127.963032714534$ | PnL: -1.17670477 💵 | Сделок: 25
[2025-09-01 02:46:25][TRADE] Закрыта позиция ETHFI-USDT-SWAP LONG PnL: -0.15980356 Причина: SL Баланс: 117.785207090489 WinRate инструмента: 0%
🔄 Баланс: 117.785207090489$ | PnL: -1.33650833 💵 | Сделок: 26
[2025-09-01 02:46:40][TRADE] Закрыта позиция HUMA-USDT-SWAP LONG PnL: -0.1738515 Причина: SL Баланс: 97.5843542260906 WinRate инструмента: 0%
🔄 Баланс: 97.5843542260906$ | PnL: -1.51035983 💵 | Сделок: 27
[2025-09-01 02:46:52][TRADE] Закрыта позиция LA-USDT-SWAP SHORT PnL: 0.23666259 Причина: TP Баланс: 107.821023286091 WinRate инструмента: 100%
🔄 Баланс: 107.821023286091$ | PnL: -1.27369724 💵 | Сделок: 28
[2025-09-01 02:47:46][TRADE] Закрыта позиция SUSHI-USDT-SWAP LONG PnL: -0.1493685 Причина: SL Баланс: 117.671634226091 WinRate инструмента: 0%
🔄 Баланс: 117.671634226091$ | PnL: -1.42306574 💵 | Сделок: 29
[2025-09-01 02:47:50][TRADE] Закрыта позиция THETA-USDT-SWAP LONG PnL: -0.11292134 Причина: SL Баланс: 127.558692226091 WinRate инструмента: 0%
🔄 Баланс: 127.558692226091$ | PnL: -1.53598708 💵 | Сделок: 30
[2025-09-01 02:48:37][TRADE] Закрыта позиция ETH-USDT-SWAP LONG PnL: -0.09515789 Причина: SL Баланс: 137.311416336091 WinRate инструмента: 0%
🔄 Баланс: 137.311416336091$ | PnL: -1.63114497 💵 | Сделок: 31
[2025-09-01 02:49:27][TRADE] Закрыта позиция ENJ-USDT-SWAP LONG PnL: -0.11596877 Причина: SL Баланс: 137.186430072196 WinRate инструмента: 0%
🔄 Баланс: 137.186430072196$ | PnL: -1.74711374 💵 | Сделок: 32
[2025-09-01 02:51:08][TRADE] Закрыта позиция WAXP-USDT-SWAP LONG PnL: -0.09840689 Причина: SL Баланс: 117.060862572187 WinRate инструмента: 0%
🔄 Баланс: 117.060862572187$ | PnL: -1.84552063 💵 | Сделок: 33
[2025-09-01 03:01:43][TRADE] Закрыта позиция CATI-USDT-SWAP SHORT PnL: 0.30975863 Причина: TP Баланс: 107.352623167931 WinRate инструмента: 100%
🔄 Баланс: 107.352623167931$ | PnL: -1.535762 💵 | Сделок: 34
[2025-09-01 03:03:50][TRADE] Закрыта позиция ZIL-USDT-SWAP LONG PnL: -0.11407565 Причина: SL Баланс: 87.2116057595689 WinRate инструмента: 0%
🔄 Баланс: 87.2116057595689$ | PnL: -1.64983765 💵 | Сделок: 35
[2025-09-01 03:04:11][TRADE] Закрыта позиция FIL-USD-SWAP LONG PnL: -0.09912956 Причина: SL Баланс: 97.1124451995689 WinRate инструмента: 0%
🔄 Баланс: 97.1124451995689$ | PnL: -1.74896721 💵 | Сделок: 36
[2025-09-01 03:04:26][TRADE] Закрыта позиция AERO-USDT-SWAP LONG PnL: -0.17489833 Причина: SL Баланс: 106.937558709569 WinRate инструмента: 0%
🔄 Баланс: 106.937558709569$ | PnL: -1.92386554 💵 | Сделок: 37
[2025-09-01 03:04:35][TRADE] Закрыта позиция ARB-USDT-SWAP LONG PnL: -0.13400582 Причина: SL Баланс: 116.803545199569 WinRate инструмента: 0%
🔄 Баланс: 116.803545199569$ | PnL: -2.05787136 💵 | Сделок: 38
[2025-09-01 03:05:14][TRADE] Закрыта позиция GALA-USDT-SWAP LONG PnL: -0.14561225 Причина: SL Баланс: 96.6309747174094 WinRate инструмента: 0%
🔄 Баланс: 96.6309747174094$ | PnL: -2.20348361 💵 | Сделок: 39
[2025-09-01 03:05:21][TRADE] Закрыта позиция GRT-USDT-SWAP LONG PnL: -0.10713091 Причина: SL Баланс: 106.523840431409 WinRate инструмента: 0%
🔄 Баланс: 106.523840431409$ | PnL: -2.31061452 💵 | Сделок: 40
[2025-09-01 03:06:08][TRADE] Закрыта позиция PERP-USDT-SWAP LONG PnL: -0.12194567 Причина: SL Баланс: 96.3838909391514 WinRate инструмента: 50%
🔄 Баланс: 96.3838909391514$ | PnL: -2.43256019 💵 | Сделок: 41
[2025-09-01 03:11:03][TRADE] Закрыта позиция BIO-USDT-SWAP LONG PnL: -0.29801399 Причина: SL Баланс: 76.0589341413047 WinRate инструмента: 0%
🔄 Баланс: 76.0589341413047$ | PnL: -2.73057418 💵 | Сделок: 42
[2025-09-01 03:15:38][TRADE] Закрыта позиция HYPE-USDT-SWAP LONG PnL: -0.14716312 Причина: SL Баланс: 85.9132032213047 WinRate инструмента: 0%
🔄 Баланс: 85.9132032213047$ | PnL: -2.8777373 💵 | Сделок: 43
[2025-09-01 03:16:04][TRADE] Закрыта позиция MINA-USDT-SWAP LONG PnL: -0.11004454 Причина: SL Баланс: 95.8031530013047 WinRate инструмента: 0%
🔄 Баланс: 95.8031530013047$ | PnL: -2.98778184 💵 | Сделок: 44
[2025-09-01 03:18:08][TRADE] Закрыта позиция BNB-USDT-SWAP LONG PnL: -0.0516115 Причина: SL Баланс: 55.7166606153847 WinRate инструмента: 0%
🔄 Баланс: 55.7166606153847$ | PnL: -3.03939334 💵 | Сделок: 45
[2025-09-01 03:19:34][TRADE] Закрыта позиция TRX-USDT-SWAP LONG PnL: -0.04466203 Причина: SL Баланс: 15.6269893368579 WinRate инструмента: 0%
🔄 Баланс: 15.6269893368579$ | PnL: -3.08405537 💵 | Сделок: 46
[2025-09-01 03:19:45][TRADE] Закрыта позиция ZRO-USDT-SWAP SHORT PnL: 0.12488492 Причина: TP Баланс: 15.7429488993239 WinRate инструмента: 100%
🔄 Баланс: 15.7429488993239$ | PnL: -2.95917045 💵 | Сделок: 47
[2025-09-01 03:20:43][TRADE] Закрыта позиция BONK-USDT-SWAP LONG PnL: -0.20941996 Причина: SL Баланс: 25.5335289396198 WinRate инструмента: 0%
🔄 Баланс: 25.5335289396198$ | PnL: -3.16859041 💵 | Сделок: 48
[2025-09-01 03:21:07][TRADE] Закрыта позиция FLOW-USDT-SWAP LONG PnL: -0.394192 Причина: SL Баланс: 35.1393471796198 WinRate инструмента: 0%
🔄 Баланс: 35.1393471796198$ | PnL: -3.56278241 💵 | Сделок: 49
[2025-09-01 03:22:16][TRADE] Закрыта позиция LQTY-USDT-SWAP SHORT PnL: 0.15289187 Причина: TP Баланс: 45.2922389996198 WinRate инструмента: 100%
🔄 Баланс: 45.2922389996198$ | PnL: -3.40989054 💵 | Сделок: 50
[2025-09-01 03:22:41][TRADE] Закрыта позиция RAY-USDT-SWAP LONG PnL: -0.24390316 Причина: SL Баланс: 15.0123524255623 WinRate инструмента: 0%
🔄 Баланс: 15.0123524255623$ | PnL: -3.6537937 💵 | Сделок: 51
[2025-09-01 03:23:01][TRADE] Закрыта позиция VANA-USDT-SWAP SHORT PnL: 0.11194442 Причина: TP Баланс: 15.1153167808719 WinRate инструмента: 100%
🔄 Баланс: 15.1153167808719$ | PnL: -3.54184928 💵 | Сделок: 52
[2025-09-01 03:23:56][TRADE] Закрыта позиция GRASS-USDT-SWAP LONG PnL: -0.17418017 Причина: SL Баланс: 14.9321520137139 WinRate инструмента: 50%
🔄 Баланс: 14.9321520137139$ | PnL: -3.71602945 💵 | Сделок: 53
[2025-09-01 03:29:32][TRADE] Закрыта позиция SAND-USDT-SWAP LONG PnL: -0.11545861 Причина: SL Баланс: 14.8076691391339 WinRate инструмента: 0%
🔄 Баланс: 14.8076691391339$ | PnL: -3.83148806 💵 | Сделок: 54
[2025-09-01 03:30:52][TRADE] Закрыта позиция MANA-USDT-SWAP LONG PnL: -0.11363411 Причина: SL Баланс: 14.6851466164139 WinRate инструмента: 0%
🔄 Баланс: 14.6851466164139$ | PnL: -3.94512217 💵 | Сделок: 55
[2025-09-01 03:31:09][TRADE] Закрыта позиция PLUME-USDT-SWAP LONG PnL: -0.16646125 Причина: SL Баланс: 14.5096822252285 WinRate инструмента: 0%
🔄 Баланс: 14.5096822252285$ | PnL: -4.11158342 💵 | Сделок: 56
[2025-09-01 03:31:28][TRADE] Закрыта позиция W-USDT-SWAP SHORT PnL: 0.18300835 Причина: TP Баланс: 14.6836900341305 WinRate инструмента: 100%
🔄 Баланс: 14.6836900341305$ | PnL: -3.92857507 💵 | Сделок: 57
[2025-09-01 03:31:52][TRADE] Закрыта позиция ACT-USDT-SWAP SHORT PnL: 0.13389827 Причина: TP Баланс: 14.8085919665865 WinRate инструмента: 100%
🔄 Баланс: 14.8085919665865$ | PnL: -3.7946768 💵 | Сделок: 58
[2025-09-01 03:32:00][TRADE] Закрыта позиция AXS-USDT-SWAP LONG PnL: -0.14440449 Причина: SL Баланс: 14.6552575584585 WinRate инструмента: 0%
🔄 Баланс: 14.6552575584585$ | PnL: -3.93908129 💵 | Сделок: 59
[2025-09-01 03:32:07][TRADE] Закрыта позиция CHZ-USDT-SWAP LONG PnL: -0.13051235 Причина: SL Баланс: 14.5157441345485 WinRate инструмента: 0%
🔄 Баланс: 14.5157441345485$ | PnL: -4.06959364 💵 | Сделок: 60
[2025-09-01 03:32:09][TRADE] Закрыта позиция CTC-USDT-SWAP SHORT PnL: 0.10689769 Причина: TP Баланс: 14.6139671808485 WinRate инструмента: 100%
🔄 Баланс: 14.6139671808485$ | PnL: -3.96269595 💵 | Сделок: 61
[2025-09-01 03:32:13][TRADE] Закрыта позиция DOG-USDT-SWAP SHORT PnL: 0.20368083 Причина: TP Баланс: 24.8176479254485 WinRate инструмента: 100%
🔄 Баланс: 24.8176479254485$ | PnL: -3.75901512 💵 | Сделок: 62
[2025-09-01 03:33:14][TRADE] Закрыта позиция ZETA-USDT-SWAP SHORT PnL: 0.13723528 Причина: TP Баланс: 14.9369624563325 WinRate инструмента: 100%
🔄 Баланс: 14.9369624563325$ | PnL: -3.62177984 💵 | Сделок: 63
[2025-09-01 03:34:24][TRADE] Закрыта позиция OM-USDT-SWAP SHORT PnL: 0.14132651 Причина: TP Баланс: 15.0692954906511 WinRate инструмента: 100%
🔄 Баланс: 15.0692954906511$ | PnL: -3.48045333 💵 | Сделок: 64
[2025-09-01 03:35:13][TRADE] Закрыта позиция AI16Z-USDT-SWAP SHORT PnL: 0.17158552 Причина: TP Баланс: 15.2318816337291 WinRate инструмента: 100%
🔄 Баланс: 15.2318816337291$ | PnL: -3.30886781 💵 | Сделок: 65
[2025-09-01 03:35:20][TRADE] Закрыта позиция BAND-USDT-SWAP SHORT PnL: 0.14633112 Причина: TP Баланс: 15.3692187958991 WinRate инструмента: 100%
🔄 Баланс: 15.3692187958991$ | PnL: -3.16253669 💵 | Сделок: 66
[2025-09-01 03:36:08][TRADE] Закрыта позиция ONT-USDT-SWAP SHORT PnL: 0.13018297 Причина: TP Баланс: 15.4904029305583 WinRate инструмента: 100%
🔄 Баланс: 15.4904029305583$ | PnL: -3.03235372 💵 | Сделок: 67
[2025-09-01 03:38:35][TRADE] Закрыта позиция AGLD-USDT-SWAP SHORT PnL: 0.14797371 Причина: TP Баланс: 15.6293990452028 WinRate инструмента: 100%
🔄 Баланс: 15.6293990452028$ | PnL: -2.88438001 💵 | Сделок: 68
[2025-09-01 03:38:43][TRADE] Закрыта позиция BIGTIME-USDT-SWAP SHORT PnL: 0.12817146 Причина: TP Баланс: 15.7485730812928 WinRate инструмента: 100%
🔄 Баланс: 15.7485730812928$ | PnL: -2.75620855 💵 | Сделок: 69
[2025-09-01 03:39:05][TRADE] Закрыта позиция INIT-USDT-SWAP SHORT PnL: 0.1910081 Причина: TP Баланс: 15.9305705889637 WinRate инструмента: 100%
🔄 Баланс: 15.9305705889637$ | PnL: -2.56520045 💵 | Сделок: 70
[2025-09-01 03:39:21][TRADE] Закрыта позиция MKR-USDT-SWAP LONG PnL: -0.11118379 Причина: SL Баланс: 15.7892698416997 WinRate инструмента: 0%
🔄 Баланс: 15.7892698416997$ | PnL: -2.67638424 💵 | Сделок: 71
[2025-09-01 03:39:51][TRADE] Закрыта позиция UXLINK-USDT-SWAP SHORT PnL: 0.11269214 Причина: TP Баланс: 15.8929549492975 WinRate инструмента: 100%
🔄 Баланс: 15.8929549492975$ | PnL: -2.5636921 💵 | Сделок: 72
[2025-09-01 03:40:18][TRADE] Закрыта позиция AIXBT-USDT-SWAP SHORT PnL: 0.19044267 Причина: TP Баланс: 16.0744948705575 WinRate инструмента: 100%
🔄 Баланс: 16.0744948705575$ | PnL: -2.37324943 💵 | Сделок: 73
[2025-09-01 03:40:50][TRADE] Закрыта позиция KMNO-USDT-SWAP LONG PnL: -0.21373318 Причина: SL Баланс: 15.8517422505035 WinRate инструмента: 50%
🔄 Баланс: 15.8517422505035$ | PnL: -2.58698261 💵 | Сделок: 74
[2025-09-01 03:42:25][TRADE] Закрыта позиция GODS-USDT-SWAP LONG PnL: -0.24419576 Причина: SL Баланс: 15.5985320371945 WinRate инструмента: 0%
🔄 Баланс: 15.5985320371945$ | PnL: -2.83117837 💵 | Сделок: 75
[2025-09-01 03:42:29][TRADE] Закрыта позиция HBAR-USDT-SWAP SHORT PnL: 0.14936933 Причина: TP Баланс: 15.7389023891351 WinRate инструмента: 100%
🔄 Баланс: 15.7389023891351$ | PnL: -2.68180904 💵 | Сделок: 76
[2025-09-01 03:43:38][TRADE] Закрыта позиция PI-USDT-SWAP SHORT PnL: 0.26217068 Причина: TP Баланс: 15.9921197967651 WinRate инструмента: 100%
🔄 Баланс: 15.9921197967651$ | PnL: -2.41963836 💵 | Сделок: 77
[2025-09-01 03:44:13][TRADE] Закрыта позиция KAITO-USDT-SWAP SHORT PnL: 0.17056444 Причина: TP Баланс: 16.1536314913755 WinRate инструмента: 100%
🔄 Баланс: 16.1536314913755$ | PnL: -2.24907392 💵 | Сделок: 78
[2025-09-01 03:46:18][TRADE] Закрыта позиция CATI-USDT-SWAP SHORT PnL: 0.27694534 Причина: TP Баланс: 16.4215732997155 WinRate инструмента: 100%
🔄 Баланс: 16.4215732997155$ | PnL: -1.97212858 💵 | Сделок: 79
[2025-09-01 03:46:43][TRADE] Закрыта позиция LAYER-USDT-SWAP SHORT PnL: 0.10853988 Причина: TP Баланс: 16.5211032690595 WinRate инструмента: 100%
🔄 Баланс: 16.5211032690595$ | PnL: -1.8635887 💵 | Сделок: 80
[2025-09-01 03:55:00][TRADE] Закрыта позиция MERL-USDT-SWAP LONG PnL: -0.37293791 Причина: SL Баланс: 16.1391688184995 WinRate инструмента: 50%
🔄 Баланс: 16.1391688184995$ | PnL: -2.23652661 💵 | Сделок: 81
[2025-09-01 03:56:26][TRADE] Закрыта позиция H-USDT-SWAP LONG PnL: -0.25016801 Причина: SL Баланс: 15.8798779078795 WinRate инструмента: 0%
🔄 Баланс: 15.8798779078795$ | PnL: -2.48669462 💵 | Сделок: 82
[2025-09-01 03:57:49][TRADE] Закрыта позиция COOKIE-USDT-SWAP SHORT PnL: 0.17714839 Причина: TP Баланс: 16.0480199690771 WinRate инструмента: 100%
🔄 Баланс: 16.0480199690771$ | PnL: -2.30954623 💵 | Сделок: 83
[2025-09-01 03:58:40][TRADE] Закрыта позиция SPX-USDT-SWAP LONG PnL: -0.21152664 Причина: SL Баланс: 15.8275055733181 WinRate инструмента: 0%
🔄 Баланс: 15.8275055733181$ | PnL: -2.52107287 💵 | Сделок: 84
[2025-09-01 04:00:58][TRADE] Закрыта позиция BERA-USDT-SWAP SHORT PnL: -0.13412493 Причина: SL Баланс: 15.6843245003831 WinRate инструмента: 0%
🔄 Баланс: 15.6843245003831$ | PnL: -2.6551978 💵 | Сделок: 85
[2025-09-01 04:01:10][TRADE] Закрыта позиция ENS-USDT-SWAP SHORT PnL: 0.15863505 Причина: TP Баланс: 15.8338528895518 WinRate инструмента: 100%
🔄 Баланс: 15.8338528895518$ | PnL: -2.49656275 💵 | Сделок: 86
[2025-09-01 04:01:23][TRADE] Закрыта позиция LAUNCHCOIN-USDT-SWAP LONG PnL: -0.52305554 Причина: SL Баланс: 15.3016520131518 WinRate инструмента: 0%
🔄 Баланс: 15.3016520131518$ | PnL: -3.01961829 💵 | Сделок: 87
[2025-09-01 04:01:33][TRADE] Закрыта позиция MOVE-USDT-SWAP SHORT PnL: 0.1184914 Причина: TP Баланс: 15.4111374399748 WinRate инструмента: 100%
🔄 Баланс: 15.4111374399748$ | PnL: -2.90112689 💵 | Сделок: 88
[2025-09-01 04:03:13][TRADE] Закрыта позиция NEWT-USDT-SWAP SHORT PnL: 0.18678993 Причина: TP Баланс: 15.5882592208348 WinRate инструмента: 100%
🔄 Баланс: 15.5882592208348$ | PnL: -2.71433696 💵 | Сделок: 89
[2025-09-01 04:04:11][TRADE] Закрыта позиция API3-USDT-SWAP SHORT PnL: 0.16665028 Причина: TP Баланс: 15.7459018261108 WinRate инструмента: 100%
🔄 Баланс: 15.7459018261108$ | PnL: -2.54768668 💵 | Сделок: 90
[2025-09-01 04:04:29][TRADE] Закрыта позиция GAS-USDT-SWAP SHORT PnL: 0.11507584 Причина: TP Баланс: 15.8522308362108 WinRate инструмента: 100%
🔄 Баланс: 15.8522308362108$ | PnL: -2.43261084 💵 | Сделок: 91
[2025-09-01 04:04:36][TRADE] Закрыта позиция IOST-USDT-SWAP SHORT PnL: 0.11197121 Причина: TP Баланс: 15.9552120230108 WinRate инструмента: 100%
🔄 Баланс: 15.9552120230108$ | PnL: -2.32063963 💵 | Сделок: 92
[2025-09-01 04:04:42][TRADE] Закрыта позиция LPT-USDT-SWAP SHORT PnL: 0.12953449 Причина: TP Баланс: 16.0760194224798 WinRate инструмента: 100%
🔄 Баланс: 16.0760194224798$ | PnL: -2.19110514 💵 | Сделок: 93
[2025-09-01 04:04:54][TRADE] Закрыта позиция NEO-USDT-SWAP SHORT PnL: 0.14606392 Причина: TP Баланс: 16.2134086656478 WinRate инструмента: 100%
🔄 Баланс: 16.2134086656478$ | PnL: -2.04504122 💵 | Сделок: 94
[2025-09-01 04:05:14][TRADE] Закрыта позиция SWARMS-USDT-SWAP SHORT PnL: 0.18356836 Причина: TP Баланс: 16.3879728781468 WinRate инструмента: 100%
🔄 Баланс: 16.3879728781468$ | PnL: -1.86147286 💵 | Сделок: 95
[2025-09-01 04:05:16][TRADE] Закрыта позиция TAO-USDT-SWAP SHORT PnL: 0.14154209 Причина: TP Баланс: 16.5343652724204 WinRate инструмента: 100%
🔄 Баланс: 16.5343652724204$ | PnL: -1.71993077 💵 | Сделок: 96
[2025-09-01 04:05:22][TRADE] Закрыта позиция VIRTUAL-USDT-SWAP SHORT PnL: 0.19119586 Причина: TP Баланс: 16.7166336486194 WinRate инструмента: 100%
🔄 Баланс: 16.7166336486194$ | PnL: -1.52873491 💵 | Сделок: 97
[2025-09-01 04:05:44][TRADE] Закрыта позиция MAGIC-USDT-SWAP SHORT PnL: 0.15206427 Причина: TP Баланс: 16.8597025544662 WinRate инструмента: 100%
🔄 Баланс: 16.8597025544662$ | PnL: -1.37667064 💵 | Сделок: 98
[2025-09-01 04:05:46][TRADE] Закрыта позиция ACH-USDT-SWAP SHORT PnL: 0.1499647 Причина: TP Баланс: 17.0006746826582 WinRate инструмента: 100%
🔄 Баланс: 17.0006746826582$ | PnL: -1.22670594 💵 | Сделок: 99
[2025-09-01 04:05:49][TRADE] Закрыта позиция ANIME-USDT-SWAP SHORT PnL: 0.12838346 Причина: TP Баланс: 17.1200570391822 WinRate инструмента: 100%
🔄 Баланс: 17.1200570391822$ | PnL: -1.09832248 💵 | Сделок: 100
[2025-09-01 04:05:53][TRADE] Закрыта позиция AUCTION-USDT-SWAP SHORT PnL: 0.11842522 Причина: TP Баланс: 17.2290596422622 WinRate инструмента: 100%
🔄 Баланс: 17.2290596422622$ | PnL: -0.979897260000001 💵 | Сделок: 101
[2025-09-01 04:05:58][TRADE] Закрыта позиция CETUS-USDT-SWAP SHORT PnL: 0.19875073 Причина: TP Баланс: 17.4193754542422 WinRate инструмента: 100%
🔄 Баланс: 17.4193754542422$ | PnL: -0.781146530000001 💵 | Сделок: 102
[2025-09-01 04:06:03][TRADE] Закрыта позиция DEGEN-USDT-SWAP SHORT PnL: 0.17931174 Причина: TP Баланс: 17.589683238779 WinRate инструмента: 100%
🔄 Баланс: 17.589683238779$ | PnL: -0.601834790000001 💵 | Сделок: 103
[2025-09-01 04:06:15][TRADE] Закрыта позиция HMSTR-USDT-SWAP SHORT PnL: 0.1531257 Причина: TP Баланс: 17.7338089138538 WinRate инструмента: 100%
🔄 Баланс: 17.7338089138538$ | PnL: -0.448709090000001 💵 | Сделок: 104
[2025-09-01 04:06:26][TRADE] Закрыта позиция MASK-USDT-SWAP SHORT PnL: 0.11865593 Причина: TP Баланс: 17.8434674423238 WinRate инструмента: 100%
🔄 Баланс: 17.8434674423238$ | PnL: -0.330053160000001 💵 | Сделок: 105
[2025-09-01 04:06:26][TRADE] Закрыта позиция ME-USDT-SWAP SHORT PnL: 0.12542954 Причина: TP Баланс: 27.9689107023238 WinRate инструмента: 100%
🔄 Баланс: 27.9689107023238$ | PnL: -0.204623620000001 💵 | Сделок: 106
[2025-09-01 04:06:33][TRADE] Закрыта позиция NEAR-USDT-SWAP SHORT PnL: 0.15487134 Причина: TP Баланс: 18.1059397330338 WinRate инструмента: 100%
🔄 Баланс: 18.1059397330338$ | PnL: -0.0497522800000009 💵 | Сделок: 107
[2025-09-01 04:06:41][TRADE] Закрыта позиция ORBS-USDT-SWAP LONG PnL: -0.08565583 Причина: SL Баланс: 18.0115545268438 WinRate инструмента: 0%
🔄 Баланс: 18.0115545268438$ | PnL: -0.135408110000001 💵 | Сделок: 108
[2025-09-01 04:06:48][TRADE] Закрыта позиция QTUM-USDT-SWAP SHORT PnL: -0.14993048 Причина: SL Баланс: 17.8524955837661 WinRate инструмента: 0%
🔄 Баланс: 17.8524955837661$ | PnL: -0.285338590000001 💵 | Сделок: 109
[2025-09-01 04:06:52][TRADE] Закрыта позиция SHELL-USDT-SWAP SHORT PnL: 0.22536899 Причина: TP Баланс: 18.0688621752061 WinRate инструмента: 100%
🔄 Баланс: 18.0688621752061$ | PnL: -0.059969600000001 💵 | Сделок: 110
[2025-09-01 04:06:53][TRADE] Закрыта позиция SNX-USDT-SWAP SHORT PnL: 0.18746531 Причина: TP Баланс: 18.2473550051657 WinRate инструмента: 50%
🔄 Баланс: 18.2473550051657$ | PnL: 0.127495709999999 💵 | Сделок: 111
[2025-09-01 04:06:53][TRADE] Закрыта позиция SOLV-USDT-SWAP SHORT PnL: 0.07803438 Причина: TP Баланс: 28.3253898831657 WinRate инструмента: 100%
🔄 Баланс: 28.3253898831657$ | PnL: 0.205530089999999 💵 | Сделок: 112
[2025-09-01 04:11:39][TRADE] Закрыта позиция POL-USDT-SWAP LONG PnL: -0.36370731 Причина: SL Баланс: 17.9436689888277 WinRate инструмента: 0%
🔄 Баланс: 17.9436689888277$ | PnL: -0.158177220000001 💵 | Сделок: 113
[2025-09-01 04:17:23][TRADE] Закрыта позиция CFX-USDT-SWAP SHORT PnL: -0.1320365 Причина: SL Баланс: 17.8026267281877 WinRate инструмента: 0%
🔄 Баланс: 17.8026267281877$ | PnL: -0.290213720000001 💵 | Сделок: 114
[2025-09-01 04:19:37][TRADE] Закрыта позиция ONE-USDT-SWAP SHORT PnL: 0.20008433 Причина: TP Баланс: 17.9937094815155 WinRate инструмента: 50%
🔄 Баланс: 17.9937094815155$ | PnL: -0.0901293900000009 💵 | Сделок: 115
[2025-09-01 04:24:41][TRADE] Закрыта позиция SYRUP-USDT-SWAP SHORT PnL: 0.16063364 Причина: TP Баланс: 18.145364331894 WinRate инструмента: 100%
🔄 Баланс: 18.145364331894$ | PnL: 0.070504249999999 💵 | Сделок: 116
[2025-09-01 04:26:14][TRADE] Закрыта позиция SSV-USDT-SWAP SHORT PnL: 0.19422516 Причина: TP Баланс: 18.323433964894 WinRate инструмента: 100%
🔄 Баланс: 18.323433964894$ | PnL: 0.264729409999999 💵 | Сделок: 117
[2025-09-01 04:26:26][TRADE] Закрыта позиция WAL-USDT-SWAP SHORT PnL: 0.09778063 Причина: TP Баланс: 18.412269107364 WinRate инструмента: 100%
🔄 Баланс: 18.412269107364$ | PnL: 0.362510039999999 💵 | Сделок: 118
[2025-09-01 04:26:31][TRADE] Закрыта позиция ZK-USDT-SWAP SHORT PnL: 0.18568499 Причина: TP Баланс: 18.5889532068816 WinRate инструмента: 100%
🔄 Баланс: 18.5889532068816$ | PnL: 0.548195029999999 💵 | Сделок: 119
[2025-09-01 04:26:44][TRADE] Закрыта позиция LTC-USD-SWAP SHORT PnL: 0.0919195 Причина: TP Баланс: 18.6718765302916 WinRate инструмента: 100%
🔄 Баланс: 18.6718765302916$ | PnL: 0.640114529999999 💵 | Сделок: 120
[2025-09-01 04:26:46][TRADE] Закрыта позиция TON-USDT-SWAP LONG PnL: -0.07024299 Причина: SL Баланс: 18.5927654384016 WinRate инструмента: 0%
🔄 Баланс: 18.5927654384016$ | PnL: 0.569871539999999 💵 | Сделок: 121
[2025-09-01 04:26:49][TRADE] Закрыта позиция ACE-USDT-SWAP SHORT PnL: 0.16987973 Причина: TP Баланс: 18.753658001059 WinRate инструмента: 100%
🔄 Баланс: 18.753658001059$ | PnL: 0.739751269999999 💵 | Сделок: 122
[2025-09-01 04:26:55][TRADE] Закрыта позиция APT-USDT-SWAP SHORT PnL: 0.12673328 Причина: TP Баланс: 18.8712894035288 WinRate инструмента: 100%
🔄 Баланс: 18.8712894035288$ | PnL: 0.866484549999999 💵 | Сделок: 123
[2025-09-01 04:26:58][TRADE] Закрыта позиция BAT-USDT-SWAP SHORT PnL: 0.15738195 Причина: TP Баланс: 19.0196706629978 WinRate инструмента: 100%
🔄 Баланс: 19.0196706629978$ | PnL: 1.0238665 💵 | Сделок: 124
[2025-09-01 04:27:06][TRADE] Закрыта позиция CVC-USDT-SWAP SHORT PnL: 0.13216551 Причина: TP Баланс: 19.1195189279978 WinRate инструмента: 100%
🔄 Баланс: 19.1195189279978$ | PnL: 1.15603201 💵 | Сделок: 125
[2025-09-01 04:27:08][TRADE] Закрыта позиция DOGS-USDT-SWAP SHORT PnL: 0.18950676 Причина: TP Баланс: 19.2999335992378 WinRate инструмента: 100%
🔄 Баланс: 19.2999335992378$ | PnL: 1.34553877 💵 | Сделок: 126
[2025-09-01 04:27:25][TRADE] Закрыта позиция LQTY-USDT-SWAP SHORT PnL: 0.21339478 Причина: TP Баланс: 19.5043446214758 WinRate инструмента: 100%
🔄 Баланс: 19.5043446214758$ | PnL: 1.55893355 💵 | Сделок: 127
[2025-09-01 04:27:27][TRADE] Закрыта позиция LTC-USDT-SWAP SHORT PnL: 0.10736563 Причина: TP Баланс: 29.6117842514758 WinRate инструмента: 100%
🔄 Баланс: 29.6117842514758$ | PnL: 1.66629918 💵 | Сделок: 128
[2025-09-01 04:27:31][TRADE] Закрыта позиция MEME-USDT-SWAP SHORT PnL: 0.21251953 Причина: TP Баланс: 19.8062951005767 WinRate инструмента: 100%
🔄 Баланс: 19.8062951005767$ | PnL: 1.87881871 💵 | Сделок: 129
[2025-09-01 04:27:35][TRADE] Закрыта позиция MORPHO-USDT-SWAP SHORT PnL: 0.21911398 Причина: TP Баланс: 30.0254547205767 WinRate инструмента: 100%
🔄 Баланс: 30.0254547205767$ | PnL: 2.09793269 💵 | Сделок: 130
[2025-09-01 04:27:36][TRADE] Закрыта позиция MUBARAK-USDT-SWAP SHORT PnL: 0.18978451 Причина: TP Баланс: 30.2062427610994 WinRate инструмента: 100%
🔄 Баланс: 30.2062427610994$ | PnL: 2.2877172 💵 | Сделок: 131
[2025-09-01 04:27:38][TRADE] Закрыта позиция NEIRO-USDT-SWAP SHORT PnL: 0.21111733 Причина: TP Баланс: 30.4083700841594 WinRate инструмента: 100%
🔄 Баланс: 30.4083700841594$ | PnL: 2.49883453 💵 | Сделок: 132
[2025-09-01 04:27:45][TRADE] Закрыта позиция ONT-USDT-SWAP SHORT PnL: -0.11685584 Причина: SL Баланс: 30.282512596917 WinRate инструмента: 50%
🔄 Баланс: 30.282512596917$ | PnL: 2.38197869 💵 | Сделок: 133
[2025-09-01 04:28:00][TRADE] Закрыта позиция SONIC-USDT-SWAP SHORT PnL: 0.16797095 Причина: TP Баланс: 10.4234857011715 WinRate инструмента: 100%
🔄 Баланс: 10.4234857011715$ | PnL: 2.54994964 💵 | Сделок: 134
[2025-09-01 04:36:13][TRADE] Закрыта позиция GRIFFAIN-USDT-SWAP SHORT PnL: 0.27444397 Причина: TP Баланс: 10.6885302551715 WinRate инструмента: 100%
🔄 Баланс: 10.6885302551715$ | PnL: 2.82439361 💵 | Сделок: 135
[2025-09-01 04:36:19][TRADE] Закрыта позиция JTO-USDT-SWAP SHORT PnL: 0.15589058 Причина: TP Баланс: 10.8353621887019 WinRate инструмента: 100%
🔄 Баланс: 10.8353621887019$ | PnL: 2.98028419 💵 | Сделок: 136
[2025-09-01 04:36:28][TRADE] Закрыта позиция MEW-USDT-SWAP SHORT PnL: 0.19483577 Причина: TP Баланс: 11.0211572780989 WinRate инструмента: 100%
🔄 Баланс: 11.0211572780989$ | PnL: 3.17511996 💵 | Сделок: 137
[2025-09-01 04:36:44][TRADE] Закрыта позиция PNUT-USDT-SWAP SHORT PnL: 0.19014271 Причина: TP Баланс: 11.2332790630989 WinRate инструмента: 100%
🔄 Баланс: 11.2332790630989$ | PnL: 3.36526267 💵 | Сделок: 138
[2025-09-01 04:36:46][TRADE] Закрыта позиция PRCL-USDT-SWAP SHORT PnL: 0.22312762 Причина: TP Баланс: 21.4564039630989 WinRate инструмента: 100%
🔄 Баланс: 21.4564039630989$ | PnL: 3.58839029 💵 | Сделок: 139
[2025-09-01 04:36:54][TRADE] Закрыта позиция SOPH-USDT-SWAP SHORT PnL: 0.1689019 Причина: TP Баланс: 11.6071672786289 WinRate инструмента: 100%
🔄 Баланс: 11.6071672786289$ | PnL: 3.75729219 💵 | Сделок: 140
[2025-09-01 04:37:02][TRADE] Закрыта позиция TREE-USDT-SWAP SHORT PnL: -0.13872656 Причина: SL Баланс: 11.4594706503989 WinRate инструмента: 0%
🔄 Баланс: 11.4594706503989$ | PnL: 3.61856563 💵 | Сделок: 141
[2025-09-01 04:37:04][TRADE] Закрыта позиция UMA-USDT-SWAP SHORT PnL: 0.19512942 Причина: TP Баланс: 11.6455423458768 WinRate инструмента: 100%
🔄 Баланс: 11.6455423458768$ | PnL: 3.81369505 💵 | Сделок: 142
[2025-09-01 04:37:10][TRADE] Закрыта позиция WIF-USDT-SWAP SHORT PnL: 0.21403914 Причина: TP Баланс: 11.8502037890768 WinRate инструмента: 100%
🔄 Баланс: 11.8502037890768$ | PnL: 4.02773419 💵 | Сделок: 143
[2025-09-01 04:37:11][TRADE] Закрыта позиция XTZ-USDT-SWAP SHORT PnL: 0.1387747 Причина: TP Баланс: 11.9799358547868 WinRate инструмента: 100%
🔄 Баланс: 11.9799358547868$ | PnL: 4.16650889 💵 | Сделок: 144
[2025-09-01 04:37:33][TRADE] Закрыта позиция AEVO-USDT-SWAP SHORT PnL: 0.17717632 Причина: TP Баланс: 12.2320856047868 WinRate инструмента: 100%
🔄 Баланс: 12.2320856047868$ | PnL: 4.34368521 💵 | Сделок: 145
[2025-09-01 04:37:34][TRADE] Закрыта позиция AI16Z-USDT-SWAP SHORT PnL: 0.22701929 Причина: TP Баланс: 12.4500719052128 WinRate инструмента: 100%
🔄 Баланс: 12.4500719052128$ | PnL: 4.5707045 💵 | Сделок: 146
[2025-09-01 04:37:45][TRADE] Закрыта позиция COMP-USDT-SWAP SHORT PnL: 0.12833838 Причина: TP Баланс: 12.5691030049608 WinRate инструмента: 100%
🔄 Баланс: 12.5691030049608$ | PnL: 4.69904288 💵 | Сделок: 147
[2025-09-01 04:37:54][TRADE] Закрыта позиция ETC-USDT-SWAP SHORT PnL: 0.12294046 Причина: TP Баланс: 12.6831620002648 WinRate инструмента: 100%
🔄 Баланс: 12.6831620002648$ | PnL: 4.82198334 💵 | Сделок: 148
[2025-09-01 04:38:03][TRADE] Закрыта позиция IOTA-USDT-SWAP SHORT PnL: 0.15410442 Причина: TP Баланс: 12.8282858004248 WinRate инструмента: 100%
🔄 Баланс: 12.8282858004248$ | PnL: 4.97608776 💵 | Сделок: 149
[2025-09-01 04:38:16][TRADE] Закрыта позиция MOODENG-USDT-SWAP SHORT PnL: 0.17343835 Причина: TP Баланс: 12.9926397803748 WinRate инструмента: 100%
🔄 Баланс: 12.9926397803748$ | PnL: 5.14952611 💵 | Сделок: 150
[2025-09-01 04:41:37][TRADE] Закрыта позиция NXPC-USDT-SWAP SHORT PnL: 0.14135335 Причина: TP Баланс: 13.1250445713348 WinRate инструмента: 100%
🔄 Баланс: 13.1250445713348$ | PnL: 5.29087946 💵 | Сделок: 151
[2025-09-01 04:41:39][TRADE] Закрыта позиция ONDO-USDT-SWAP SHORT PnL: 0.14794266 Причина: TP Баланс: 23.2730035913348 WinRate инструмента: 100%
🔄 Баланс: 23.2730035913348$ | PnL: 5.43882212 💵 | Сделок: 152
[2025-09-01 04:47:52][TRADE] Закрыта позиция KAITO-USDT-SWAP SHORT PnL: -0.13891321 Причина: SL Баланс: 13.1161272479148 WinRate инструмента: 50%
🔄 Баланс: 13.1161272479148$ | PnL: 5.29990891 💵 | Сделок: 153
[2025-09-01 05:00:35][TRADE] Закрыта позиция CORE-USDT-SWAP SHORT PnL: 0.18496744 Причина: TP Баланс: 13.2920785027148 WinRate инструмента: 100%
🔄 Баланс: 13.2920785027148$ | PnL: 5.48487635 💵 | Сделок: 154
[2025-09-01 05:04:13][TRADE] Закрыта позиция MAJOR-USDT-SWAP SHORT PnL: -0.13181935 Причина: SL Баланс: 13.1512569968662 WinRate инструмента: 0%
🔄 Баланс: 13.1512569968662$ | PnL: 5.353057 💵 | Сделок: 155
[2025-09-01 05:08:44][TRADE] Закрыта позиция BICO-USDT-SWAP SHORT PnL: 0.2233217 Причина: TP Баланс: 13.3656109790662 WinRate инструмента: 100%
🔄 Баланс: 13.3656109790662$ | PnL: 5.5763787 💵 | Сделок: 156
[2025-09-01 05:09:52][TRADE] Закрыта позиция W-USDT-SWAP SHORT PnL: 0.17758399 Причина: TP Баланс: 13.5341883689766 WinRate инструмента: 100%
🔄 Баланс: 13.5341883689766$ | PnL: 5.75396269 💵 | Сделок: 157
[2025-09-01 05:10:38][TRADE] Закрыта позиция FXS-USDT-SWAP SHORT PnL: 0.14209615 Причина: TP Баланс: 13.6673795884806 WinRate инструмента: 100%
🔄 Баланс: 13.6673795884806$ | PnL: 5.89605884 💵 | Сделок: 158
[2025-09-01 05:32:36][TRADE] Закрыта позиция JOE-USDT-SWAP LONG PnL: 0.50632786 Причина: TP Баланс: 14.1647080036561 WinRate инструмента: 100%
🔄 Баланс: 14.1647080036561$ | PnL: 6.4023867 💵 | Сделок: 159
[2025-09-01 05:37:23][TRADE] Закрыта позиция GRT-USDT-SWAP SHORT PnL: -0.13863486 Причина: SL Баланс: 14.0171037527121 WinRate инструмента: 0%
🔄 Баланс: 14.0171037527121$ | PnL: 6.26375184 💵 | Сделок: 160
[2025-09-01 05:38:17][TRADE] Закрыта позиция YFI-USDT-SWAP SHORT PnL: -0.11095882 Причина: SL Баланс: 13.8132449201408 WinRate инструмента: 0%
🔄 Баланс: 13.8132449201408$ | PnL: 6.15279302 💵 | Сделок: 161
[2025-09-01 05:46:50][TRADE] Закрыта позиция ARB-USDT-SWAP SHORT PnL: -0.20525486 Причина: SL Баланс: 13.5989880478008 WinRate инструмента: 0%
🔄 Баланс: 13.5989880478008$ | PnL: 5.94753816 💵 | Сделок: 162
[2025-09-01 05:47:05][TRADE] Закрыта позиция ETHW-USDT-SWAP SHORT PnL: -0.14218808 Причина: SL Баланс: 13.4477778240312 WinRate инструмента: 0%
🔄 Баланс: 13.4477778240312$ | PnL: 5.80535008 💵 | Сделок: 163
[2025-09-01 05:48:03][TRADE] Закрыта позиция WLD-USDT-SWAP SHORT PnL: -0.15697843 Причина: SL Баланс: 13.2818399362272 WinRate инструмента: 0%
🔄 Баланс: 13.2818399362272$ | PnL: 5.64837165 💵 | Сделок: 164
[2025-09-01 05:48:40][TRADE] Закрыта позиция CVX-USDT-SWAP SHORT PnL: -0.17656817 Причина: SL Баланс: 13.0963640314657 WinRate инструмента: 0%
🔄 Баланс: 13.0963640314657$ | PnL: 5.47180348 💵 | Сделок: 165
[2025-09-01 05:51:21][TRADE] Закрыта позиция ZENT-USDT-SWAP LONG PnL: -0.54146611 Причина: SL Баланс: 12.5458978547922 WinRate инструмента: 0%
🔄 Баланс: 12.5458978547922$ | PnL: 4.93033737 💵 | Сделок: 166
[2025-09-01 05:54:29][TRADE] Закрыта позиция TRUMP-USDT-SWAP LONG PnL: -0.18133294 Причина: SL Баланс: 12.3557417191122 WinRate инструмента: 0%
🔄 Баланс: 12.3557417191122$ | PnL: 4.74900443 💵 | Сделок: 167
[2025-09-01 06:05:39][TRADE] Закрыта позиция PEOPLE-USDT-SWAP SHORT PnL: 0.19088011 Причина: TP Баланс: 12.5376556541722 WinRate инструмента: 100%
🔄 Баланс: 12.5376556541722$ | PnL: 4.93988454 💵 | Сделок: 168
[2025-09-01 06:13:53][TRADE] Закрыта позиция PENGU-USDT-SWAP SHORT PnL: 0.22708389 Причина: TP Баланс: 12.7557289497672 WinRate инструмента: 100%
🔄 Баланс: 12.7557289497672$ | PnL: 5.16696843 💵 | Сделок: 169
[2025-09-01 06:14:14][TRADE] Закрыта позиция USELESS-USDT-SWAP SHORT PnL: 0.41874025 Причина: TP Баланс: 13.1654669341938 WinRate инструмента: 100%
🔄 Баланс: 13.1654669341938$ | PnL: 5.58570868 💵 | Сделок: 170
[2025-09-01 06:16:59][TRADE] Закрыта позиция NEO-USDT-SWAP SHORT PnL: 0.20190633 Причина: TP Баланс: 13.3581026894863 WinRate инструмента: 100%
🔄 Баланс: 13.3581026894863$ | PnL: 5.78761501 💵 | Сделок: 171
[2025-09-01 06:22:51][TRADE] Закрыта позиция BOME-USDT-SWAP SHORT PnL: 0.20963557 Причина: TP Баланс: 13.5587402035053 WinRate инструмента: 100%
🔄 Баланс: 13.5587402035053$ | PnL: 5.99725058 💵 | Сделок: 172
[2025-09-01 06:26:14][TRADE] Закрыта позиция FLM-USDT-SWAP SHORT PnL: 0.22507475 Причина: TP Баланс: 13.7748153046354 WinRate инструмента: 100%
🔄 Баланс: 13.7748153046354$ | PnL: 6.22232533 💵 | Сделок: 173
[2025-09-01 06:26:19][TRADE] Закрыта позиция HBAR-USDT-SWAP SHORT PnL: 0.1974983 Причина: TP Баланс: 13.9633189425511 WinRate инструмента: 100%
🔄 Баланс: 13.9633189425511$ | PnL: 6.41982363 💵 | Сделок: 174
[2025-09-01 06:26:40][TRADE] Закрыта позиция NOT-USDT-SWAP SHORT PnL: 0.16684462 Причина: TP Баланс: 14.121166868922 WinRate инструмента: 100%
🔄 Баланс: 14.121166868922$ | PnL: 6.58666825 💵 | Сделок: 175
[2025-09-01 06:26:53][TRADE] Закрыта позиция RENDER-USDT-SWAP SHORT PnL: 0.16893518 Причина: TP Баланс: 14.281125351314 WinRate инструмента: 100%
🔄 Баланс: 14.281125351314$ | PnL: 6.75560343 💵 | Сделок: 176
[2025-09-01 06:26:54][TRADE] Закрыта позиция RSR-USDT-SWAP SHORT PnL: 0.1741841 Причина: TP Баланс: 24.455309707714 WinRate инструмента: 100%
🔄 Баланс: 24.455309707714$ | PnL: 6.92978753 💵 | Сделок: 177
[2025-09-01 06:27:42][TRADE] Закрыта позиция BCH-USDT-SWAP SHORT PnL: 0.12710923 Причина: TP Баланс: 14.5877151503084 WinRate инструмента: 100%
🔄 Баланс: 14.5877151503084$ | PnL: 7.05689676 💵 | Сделок: 178
[2025-09-01 06:27:46][TRADE] Закрыта позиция COOKIE-USDT-SWAP SHORT PnL: 0.24519459 Причина: TP Баланс: 14.8239516343084 WinRate инструмента: 100%
🔄 Баланс: 14.8239516343084$ | PnL: 7.30209135 💵 | Сделок: 179
[2025-09-01 06:31:21][TRADE] Закрыта позиция LA-USDT-SWAP SHORT PnL: 0.22011414 Причина: TP Баланс: 15.0350776045964 WinRate инструмента: 100%
🔄 Баланс: 15.0350776045964$ | PnL: 7.52220549 💵 | Сделок: 180
[2025-09-01 06:36:30][TRADE] Закрыта позиция OP-USDT-SWAP SHORT PnL: 0.18316667 Причина: TP Баланс: 15.2101823011364 WinRate инструмента: 100%
🔄 Баланс: 15.2101823011364$ | PnL: 7.70537216 💵 | Сделок: 181
[2025-09-01 06:46:44][TRADE] Закрыта позиция WAL-USDT-SWAP SHORT PnL: 0.1489816 Причина: TP Баланс: 15.3501522521572 WinRate инструмента: 100%
🔄 Баланс: 15.3501522521572$ | PnL: 7.85435376 💵 | Сделок: 182
[2025-09-01 06:49:22][TRADE] Закрыта позиция LUNC-USDT-SWAP SHORT PnL: 0.12486523 Причина: TP Баланс: 15.4660063544612 WinRate инструмента: 50%
🔄 Баланс: 15.4660063544612$ | PnL: 7.97921899 💵 | Сделок: 183
[2025-09-01 06:49:32][TRADE] Закрыта позиция OM-USDT-SWAP SHORT PnL: 0.17621169 Причина: TP Баланс: 15.6332197793672 WinRate инструмента: 100%
🔄 Баланс: 15.6332197793672$ | PnL: 8.15543068 💵 | Сделок: 184
[2025-09-01 06:49:36][TRADE] Закрыта позиция ORDI-USDT-SWAP SHORT PnL: 0.21075808 Причина: TP Баланс: 15.8350766386672 WinRate инструмента: 100%
🔄 Баланс: 15.8350766386672$ | PnL: 8.36618876 💵 | Сделок: 185
[2025-09-01 06:49:38][TRADE] Закрыта позиция PEPE-USDT-SWAP SHORT PnL: 0.20112451 Причина: TP Баланс: 26.036201148289 WinRate инструмента: 100%
🔄 Баланс: 26.036201148289$ | PnL: 8.56731327 💵 | Сделок: 186
[2025-09-01 06:49:49][TRADE] Закрыта позиция SHIB-USDT-SWAP SHORT PnL: 0.13834855 Причина: TP Баланс: 16.1566363762694 WinRate инструмента: 100%
🔄 Баланс: 16.1566363762694$ | PnL: 8.70566182 💵 | Сделок: 187
[2025-09-01 06:49:53][TRADE] Закрыта позиция STX-USDT-SWAP SHORT PnL: 0.16803928 Причина: TP Баланс: 16.3156855990054 WinRate инструмента: 50%
🔄 Баланс: 16.3156855990054$ | PnL: 8.8737011 💵 | Сделок: 188
[2025-09-01 06:49:54][TRADE] Закрыта позиция SUI-USDT-SWAP SHORT PnL: 0.17876314 Причина: TP Баланс: 26.4943904390054 WinRate инструмента: 100%
🔄 Баланс: 26.4943904390054$ | PnL: 9.05246424 💵 | Сделок: 189
[2025-09-01 06:49:57][TRADE] Закрыта позиция T-USDT-SWAP SHORT PnL: 0.12026676 Причина: TP Баланс: 16.5966633488086 WinRate инструмента: 100%
🔄 Баланс: 16.5966633488086$ | PnL: 9.172731 💵 | Сделок: 190
[2025-09-01 06:50:03][TRADE] Закрыта позиция VANA-USDT-SWAP SHORT PnL: 0.16087036 Причина: TP Баланс: 16.7484092881086 WinRate инструмента: 100%
🔄 Баланс: 16.7484092881086$ | PnL: 9.33360136 💵 | Сделок: 191
[2025-09-01 06:50:06][TRADE] Закрыта позиция WOO-USDT-SWAP SHORT PnL: 0.25473795 Причина: TP Баланс: 16.9941453016056 WinRate инструмента: 100%
🔄 Баланс: 16.9941453016056$ | PnL: 9.58833931 💵 | Сделок: 192
[2025-09-01 06:50:23][TRADE] Закрыта позиция SUI-USD-SWAP SHORT PnL: 0.18012427 Причина: TP Баланс: 17.0609979096056 WinRate инструмента: 100%
🔄 Баланс: 17.0609979096056$ | PnL: 9.76846358 💵 | Сделок: 193
[2025-09-01 06:50:29][TRADE] Закрыта позиция ACT-USDT-SWAP SHORT PnL: 0.19901609 Причина: TP Баланс: 17.2509618912756 WinRate инструмента: 100%
🔄 Баланс: 17.2509618912756$ | PnL: 9.96747967 💵 | Сделок: 194
[2025-09-01 06:50:33][TRADE] Закрыта позиция APE-USDT-SWAP SHORT PnL: 0.15309056 Причина: TP Баланс: 17.3950681073156 WinRate инструмента: 100%
🔄 Баланс: 17.3950681073156$ | PnL: 10.12057023 💵 | Сделок: 195
[2025-09-01 06:50:36][TRADE] Закрыта позиция ARC-USDT-SWAP SHORT PnL: 0.31840525 Причина: TP Баланс: 17.7042926390456 WinRate инструмента: 100%
🔄 Баланс: 17.7042926390456$ | PnL: 10.43897548 💵 | Сделок: 196
[2025-09-01 06:50:40][TRADE] Закрыта позиция BLUR-USDT-SWAP SHORT PnL: 0.17387815 Причина: TP Баланс: 17.8691548033336 WinRate инструмента: 50%
🔄 Баланс: 17.8691548033336$ | PnL: 10.61285363 💵 | Сделок: 197
[2025-09-01 06:50:45][TRADE] Закрыта позиция CTC-USDT-SWAP SHORT PnL: 0.15669084 Причина: TP Баланс: 18.0168679787436 WinRate инструмента: 100%
🔄 Баланс: 18.0168679787436$ | PnL: 10.76954447 💵 | Сделок: 198
[2025-09-01 06:50:47][TRADE] Закрыта позиция DEGEN-USDT-SWAP SHORT PnL: 0.24880184 Причина: TP Баланс: 18.2565351572836 WinRate инструмента: 100%
🔄 Баланс: 18.2565351572836$ | PnL: 11.01834631 💵 | Сделок: 199
[2025-09-01 06:50:50][TRADE] Закрыта позиция DOT-USDT-SWAP SHORT PnL: 0.15954984 Причина: TP Баланс: 18.4069839924292 WinRate инструмента: 100%
🔄 Баланс: 18.4069839924292$ | PnL: 11.17789615 💵 | Сделок: 200
[2025-09-01 06:50:51][TRADE] Закрыта позиция DYDX-USDT-SWAP SHORT PnL: 0.1628711 Причина: TP Баланс: 28.5698773324292 WinRate инструмента: 100%
🔄 Баланс: 28.5698773324292$ | PnL: 11.34076725 💵 | Сделок: 201
[2025-09-01 06:50:56][TRADE] Закрыта позиция GLM-USDT-SWAP SHORT PnL: 0.11019724 Причина: TP Баланс: 18.6617444846092 WinRate инструмента: 100%
🔄 Баланс: 18.6617444846092$ | PnL: 11.45096449 💵 | Сделок: 202
[2025-09-01 06:50:58][TRADE] Закрыта позиция HMSTR-USDT-SWAP SHORT PnL: 0.22152884 Причина: TP Баланс: 18.8742717107067 WinRate инструмента: 100%
🔄 Баланс: 18.8742717107067$ | PnL: 11.67249333 💵 | Сделок: 203
[2025-09-01 06:51:01][TRADE] Закрыта позиция ICP-USDT-SWAP SHORT PnL: 0.15767969 Причина: TP Баланс: 29.0319207007067 WinRate инструмента: 100%
🔄 Баланс: 29.0319207007067$ | PnL: 11.83017302 💵 | Сделок: 204
[2025-09-01 06:51:05][TRADE] Закрыта позиция JUP-USDT-SWAP SHORT PnL: 0.23072329 Причина: TP Баланс: 19.2446203889537 WinRate инструмента: 100%
🔄 Баланс: 19.2446203889537$ | PnL: 12.06089631 💵 | Сделок: 205
[2025-09-01 06:51:08][TRADE] Закрыта позиция LAYER-USDT-SWAP SHORT PnL: 0.1803193 Причина: TP Баланс: 19.4158000902537 WinRate инструмента: 100%
🔄 Баланс: 19.4158000902537$ | PnL: 12.24121561 💵 | Сделок: 206
[2025-09-01 06:51:29][TRADE] Закрыта позиция POPCAT-USDT-SWAP SHORT PnL: 0.24095521 Причина: TP Баланс: 19.6477713060137 WinRate инструмента: 100%
🔄 Баланс: 19.6477713060137$ | PnL: 12.48217082 💵 | Сделок: 207
[2025-09-01 06:51:50][TRADE] Закрыта позиция VINE-USDT-SWAP SHORT PnL: 0.23688716 Причина: TP Баланс: 19.8756585701973 WinRate инструмента: 100%
🔄 Баланс: 19.8756585701973$ | PnL: 12.71905798 💵 | Сделок: 208
[2025-09-01 07:02:23][TRADE] Закрыта позиция FARTCOIN-USDT-SWAP SHORT PnL: 0.35963674 Причина: TP Баланс: 20.2262965234823 WinRate инструмента: 100%
🔄 Баланс: 20.2262965234823$ | PnL: 13.07869472 💵 | Сделок: 209
[2025-09-01 07:07:10][TRADE] Закрыта позиция BONK-USDT-SWAP SHORT PnL: -0.25644071 Причина: SL Баланс: 9.95192456617245 WinRate инструмента: 0%
🔄 Баланс: 9.95192456617245$ | PnL: 12.82225401 💵 | Сделок: 210
[2025-09-01 08:10:16][TRADE] Закрыта позиция API3-USDT-SWAP SHORT PnL: 0.22338289 Причина: TP Баланс: 20.1753262561724 WinRate инструмента: 100%
🔄 Баланс: 20.1753262561724$ | PnL: 13.0456369 💵 | Сделок: 211
[2025-09-01 08:27:18][TRADE] Закрыта позиция NEWT-USDT-SWAP SHORT PnL: 0.23127104 Причина: TP Баланс: 10.38860385257 WinRate инструмента: 100%
🔄 Баланс: 10.38860385257$ | PnL: 13.27690794 💵 | Сделок: 212
[2025-09-01 08:30:40][TRADE] Закрыта позиция ONT-USDT-SWAP SHORT PnL: 0.28004836 Причина: TP Баланс: 10.6596543766276 WinRate инструмента: 66.67%
🔄 Баланс: 10.6596543766276$ | PnL: 13.5569563 💵 | Сделок: 213
[2025-09-01 08:30:56][TRADE] Закрыта позиция STORJ-USDT-SWAP SHORT PnL: 0.1610345 Причина: TP Баланс: 10.8112946792276 WinRate инструмента: 50%
🔄 Баланс: 10.8112946792276$ | PnL: 13.7179908 💵 | Сделок: 214
[2025-09-01 08:31:08][TRADE] Закрыта позиция WAXP-USDT-SWAP SHORT PnL: 0.16003977 Причина: TP Баланс: 10.9623552934886 WinRate инструмента: 50%
🔄 Баланс: 10.9623552934886$ | PnL: 13.87803057 💵 | Сделок: 215
[2025-09-01 08:31:13][TRADE] Закрыта позиция ZETA-USDT-SWAP SHORT PnL: 0.19811984 Причина: TP Баланс: 11.1514385849406 WinRate инструмента: 100%
🔄 Баланс: 11.1514385849406$ | PnL: 14.07615041 💵 | Сделок: 216
[2025-09-01 08:32:16][TRADE] Закрыта позиция NMR-USDT-SWAP SHORT PnL: 0.37669929 Причина: TP Баланс: 11.5197926230738 WinRate инструмента: 50%
🔄 Баланс: 11.5197926230738$ | PnL: 14.4528497 💵 | Сделок: 217
[2025-09-01 08:32:27][TRADE] Закрыта позиция PYTH-USDT-SWAP SHORT PnL: 0.3518826 Причина: TP Баланс: 11.8626749922034 WinRate инструмента: 100%
🔄 Баланс: 11.8626749922034$ | PnL: 14.8047323 💵 | Сделок: 218
[2025-09-01 08:34:14][TRADE] Закрыта позиция STRK-USDT-SWAP SHORT PnL: 0.21861531 Причина: TP Баланс: 12.0721825271634 WinRate инструмента: 100%
🔄 Баланс: 12.0721825271634$ | PnL: 15.02334761 💵 | Сделок: 219
[2025-09-01 08:34:46][TRADE] Закрыта позиция SPK-USDT-SWAP SHORT PnL: 0.21394305 Причина: TP Баланс: 12.2770138192834 WinRate инструмента: 100%
🔄 Баланс: 12.2770138192834$ | PnL: 15.23729066 💵 | Сделок: 220
[2025-09-01 08:37:05][TRADE] Закрыта позиция METIS-USDT-SWAP SHORT PnL: 0.22475251 Причина: TP Баланс: 12.4925554266734 WinRate инструмента: 100%
🔄 Баланс: 12.4925554266734$ | PnL: 15.46204317 💵 | Сделок: 221
[2025-09-01 08:37:43][TRADE] Закрыта позиция YGG-USDT-SWAP SHORT PnL: 0.25571678 Причина: TP Баланс: 12.7392749427958 WinRate инструмента: 100%
🔄 Баланс: 12.7392749427958$ | PnL: 15.71775995 💵 | Сделок: 222
[2025-09-01 08:45:20][TRADE] Закрыта позиция MINA-USDT-SWAP SHORT PnL: 0.2136504 Причина: TP Баланс: 12.9439225938308 WinRate инструмента: 50%
🔄 Баланс: 12.9439225938308$ | PnL: 15.93141035 💵 | Сделок: 223
[2025-09-01 08:45:47][TRADE] Закрыта позиция TAO-USDT-SWAP SHORT PnL: 0.17030117 Причина: TP Баланс: 13.1122595450292 WinRate инструмента: 100%
🔄 Баланс: 13.1122595450292$ | PnL: 16.10171152 💵 | Сделок: 224
[2025-09-01 08:45:48][TRADE] Закрыта позиция THETA-USDT-SWAP SHORT PnL: 0.17927366 Причина: TP Баланс: 23.2915040950292 WinRate инструмента: 50%
🔄 Баланс: 23.2915040950292$ | PnL: 16.28098518 💵 | Сделок: 225
[2025-09-01 08:45:51][TRADE] Закрыта позиция TURBO-USDT-SWAP SHORT PnL: 0.2193262 Причина: TP Баланс: 13.4930196898092 WinRate инструмента: 100%
🔄 Баланс: 13.4930196898092$ | PnL: 16.50031138 💵 | Сделок: 226
[2025-09-01 08:46:21][TRADE] Закрыта позиция 1INCH-USDT-SWAP SHORT PnL: 0.15091977 Причина: TP Баланс: 13.6349409773602 WinRate инструмента: 100%
🔄 Баланс: 13.6349409773602$ | PnL: 16.65123115 💵 | Сделок: 227
[2025-09-01 08:47:16][TRADE] Закрыта позиция PLUME-USDT-SWAP SHORT PnL: 0.24153651 Причина: TP Баланс: 13.8674657913532 WinRate инструмента: 50%
🔄 Баланс: 13.8674657913532$ | PnL: 16.89276766 💵 | Сделок: 228
[2025-09-01 08:47:38][TRADE] Закрыта позиция USTC-USDT-SWAP SHORT PnL: 0.13516794 Причина: TP Баланс: 13.9936418139132 WinRate инструмента: 100%
🔄 Баланс: 13.9936418139132$ | PnL: 17.0279356 💵 | Сделок: 229
[2025-09-01 08:48:03][TRADE] Закрыта позиция ACH-USDT-SWAP SHORT PnL: 0.16523547 Причина: TP Баланс: 14.1498675236062 WinRate инструмента: 100%
🔄 Баланс: 14.1498675236062$ | PnL: 17.19317107 💵 | Сделок: 230
[2025-09-01 08:48:08][TRADE] Закрыта позиция AR-USDT-SWAP SHORT PnL: 0.18039552 Причина: TP Баланс: 14.3210745100256 WinRate инструмента: 100%
🔄 Баланс: 14.3210745100256$ | PnL: 17.37356659 💵 | Сделок: 231
[2025-09-01 08:48:21][TRADE] Закрыта позиция DUCK-USDT-SWAP SHORT PnL: 0.10739059 Причина: TP Баланс: 14.4194644372296 WinRate инструмента: 100%
🔄 Баланс: 14.4194644372296$ | PnL: 17.48095718 💵 | Сделок: 232
[2025-09-01 09:02:15][TRADE] Закрыта позиция RESOLV-USDT-SWAP SHORT PnL: 0.22408808 Причина: TP Баланс: 14.6345521915776 WinRate инструмента: 100%
🔄 Баланс: 14.6345521915776$ | PnL: 17.70504526 💵 | Сделок: 233
[2025-09-01 09:05:45][TRADE] Закрыта позиция SYRUP-USDT-SWAP SHORT PnL: -0.1420106 Причина: SL Баланс: 14.4835355721896 WinRate инструмента: 50%
🔄 Баланс: 14.4835355721896$ | PnL: 17.56303466 💵 | Сделок: 234
[2025-09-01 09:10:10][TRADE] Закрыта позиция MANA-USDT-SWAP SHORT PnL: 0.22513262 Причина: TP Баланс: 14.6996770824056 WinRate инструмента: 50%
🔄 Баланс: 14.6996770824056$ | PnL: 17.78816728 💵 | Сделок: 235
[2025-09-01 09:10:25][TRADE] Закрыта позиция PNUT-USDT-SWAP SHORT PnL: 0.23752795 Причина: TP Баланс: 14.9282021282656 WinRate инструмента: 100%
🔄 Баланс: 14.9282021282656$ | PnL: 18.02569523 💵 | Сделок: 236
[2025-09-01 09:11:14][TRADE] Закрыта позиция AIXBT-USDT-SWAP SHORT PnL: 0.25805192 Причина: TP Баланс: 15.1772545204384 WinRate инструмента: 100%
🔄 Баланс: 15.1772545204384$ | PnL: 18.28374715 💵 | Сделок: 237
[2025-09-01 09:11:46][TRADE] Закрыта позиция KAITO-USDT-SWAP SHORT PnL: 0.21655112 Причина: TP Баланс: 15.3847745975584 WinRate инструмента: 66.67%
🔄 Баланс: 15.3847745975584$ | PnL: 18.50029827 💵 | Сделок: 238
[2025-09-01 09:12:01][TRADE] Закрыта позиция MOVE-USDT-SWAP SHORT PnL: 0.18604078 Причина: TP Баланс: 15.5617998831464 WinRate инструмента: 100%
🔄 Баланс: 15.5617998831464$ | PnL: 18.68633905 💵 | Сделок: 239
[2025-09-01 09:13:25][TRADE] Закрыта позиция CVC-USDT-SWAP SHORT PnL: 0.16809854 Причина: TP Баланс: 15.7209017282714 WinRate инструмента: 100%
🔄 Баланс: 15.7209017282714$ | PnL: 18.85443759 💵 | Сделок: 240
[2025-09-01 09:16:07][TRADE] Закрыта позиция PARTI-USDT-SWAP LONG PnL: -0.29071462 Причина: SL Баланс: 15.4211953988169 WinRate инструмента: 0%
🔄 Баланс: 15.4211953988169$ | PnL: 18.56372297 💵 | Сделок: 241
[2025-09-01 09:19:13][TRADE] Закрыта позиция AVAX-USDT-SWAP SHORT PnL: 0.18075397 Причина: TP Баланс: 15.592387168544 WinRate инструмента: 100%
🔄 Баланс: 15.592387168544$ | PnL: 18.74447694 💵 | Сделок: 242
[2025-09-01 09:19:51][TRADE] Закрыта позиция MASK-USDT-SWAP SHORT PnL: 0.16149044 Причина: TP Баланс: 15.744849708634 WinRate инструмента: 100%
🔄 Баланс: 15.744849708634$ | PnL: 18.90596738 💵 | Сделок: 243
[2025-09-01 09:34:48][TRADE] Закрыта позиция NEIROETH-USDT-SWAP SHORT PnL: 0.65534566 Причина: TP Баланс: 16.3911948525167 WinRate инструмента: 100%
🔄 Баланс: 16.3911948525167$ | PnL: 19.56131304 💵 | Сделок: 244
[2025-09-01 09:48:37][TRADE] Закрыта позиция ZRX-USDT-SWAP LONG PnL: 0.50635299 Причина: TP Баланс: 16.8885443524366 WinRate инструмента: 100%
🔄 Баланс: 16.8885443524366$ | PnL: 20.06766603 💵 | Сделок: 245
[2025-09-01 10:00:04][TRADE] Закрыта позиция USELESS-USDT-SWAP SHORT PnL: 0.5396065 Причина: TP Баланс: 17.4228097600366 WinRate инструмента: 100%
🔄 Баланс: 17.4228097600366$ | PnL: 20.60727253 💵 | Сделок: 246
[2025-09-01 10:01:01][TRADE] Закрыта позиция INIT-USDT-SWAP SHORT PnL: 0.34964018 Причина: TP Баланс: 17.7634642740942 WinRate инструмента: 100%
🔄 Баланс: 17.7634642740942$ | PnL: 20.95691271 💵 | Сделок: 247
[2025-09-01 10:03:20][TRADE] Закрыта позиция HOME-USDT-SWAP SHORT PnL: 0.172612 Причина: TP Баланс: 17.9273852503942 WinRate инструмента: 100%
🔄 Баланс: 17.9273852503942$ | PnL: 21.12952471 💵 | Сделок: 248
[2025-09-01 10:04:59][TRADE] Закрыта позиция GPS-USDT-SWAP SHORT PnL: 0.36771528 Причина: TP Баланс: 18.2859684775942 WinRate инструмента: 100%
🔄 Баланс: 18.2859684775942$ | PnL: 21.49723999 💵 | Сделок: 249
[2025-09-01 10:08:42][TRADE] Закрыта позиция NXPC-USDT-SWAP SHORT PnL: 0.2097461 Причина: TP Баланс: 18.4867116116447 WinRate инструмента: 100%
🔄 Баланс: 18.4867116116447$ | PnL: 21.70698609 💵 | Сделок: 250
[2025-09-01 10:09:52][TRADE] Закрыта позиция DOG-USDT-SWAP SHORT PnL: 0.20881266 Причина: TP Баланс: 18.6865316260957 WinRate инструмента: 100%
🔄 Баланс: 18.6865316260957$ | PnL: 21.91579875 💵 | Сделок: 251
[2025-09-01 10:11:16][TRADE] Закрыта позиция AGLD-USDT-SWAP SHORT PnL: 0.20523147 Причина: TP Баланс: 18.8827958339859 WinRate инструмента: 100%
🔄 Баланс: 18.8827958339859$ | PnL: 22.12103022 💵 | Сделок: 252
[2025-09-01 10:18:31][TRADE] Закрыта позиция LRC-USDT-SWAP LONG PnL: -0.93602144 Причина: SL Баланс: 17.9377742857219 WinRate инструмента: 0%
🔄 Баланс: 17.9377742857219$ | PnL: 21.18500878 💵 | Сделок: 253
