🔄 Новый цикл бота. Баланс: 1000$ | PnL: 0 💵 | Сделок: 0 | WinRate: 0%
🔄 Новый цикл бота. Баланс: 9.08784923301944$ | PnL: 0 💵 | Сделок: 0 | WinRate: 0%
🔄 Новый цикл бота. Баланс: 9.08784923301944$ | PnL: 0 💵 | Сделок: 0 | WinRate: 0%
🔄 Новый цикл бота. Баланс: 9.08784923301944$ | PnL: 0 💵 | Сделок: 0 | WinRate: 0%
🔄 Новый цикл бота. Баланс: 9.08784923301944$ | PnL: 0 💵 | Сделок: 0 | WinRate: 0%
🔄 Новый цикл бота. Баланс: 8.63369402650764$ | PnL: -0.43620738 💵 | Сделок: 2 | WinRate: 0%
🔄 Новый цикл бота. Баланс: 8.63369402650764$ | PnL: -0.43620738 💵 | Сделок: 2 | WinRate: 0%
🔄 Новый цикл бота. Баланс: 8.63369402650764$ | PnL: -0.43620738 💵 | Сделок: 2 | WinRate: 0%
🔄 Новый цикл бота. Баланс: 8.63369402650764$ | PnL: -0.43620738 💵 | Сделок: 2 | WinRate: 0%
🔄 Новый цикл бота. Баланс: 8.49994570703812$ | PnL: -0.5851157 💵 | Сделок: 3 | WinRate: 0%
🔄 Новый цикл бота. Баланс: 7.8039302966203$ | PnL: -1.24555924 💵 | Сделок: 6 | WinRate: 0%
🔄 Новый цикл бота. Баланс: 5.33942504175215$ | PnL: -3.62194727 💵 | Сделок: 16 | WinRate: 0%
🔄 Новый цикл бота. Баланс: 5.33942504175215$ | PnL: -3.62194727 💵 | Сделок: 16 | WinRate: 0%
🔄 Новый цикл бота. Баланс: 5.33942504175215$ | PnL: -3.62194727 💵 | Сделок: 16 | WinRate: 0%
🔄 Новый цикл бота. Баланс: 5.33942504175215$ | PnL: -3.62194727 💵 | Сделок: 16 | WinRate: 0%
🔄 Новый цикл бота. Баланс: 4.44077244475457$ | PnL: -4.48439906 💵 | Сделок: 20 | WinRate: 0%
🔄 Новый цикл бота. Баланс: 7.85430608285809$ | PnL: -10.82760213 💵 | Сделок: 47 | WinRate: 0%
🔄 Новый цикл бота. Баланс: 209.996244840309$ | PnL: -18.47925689 💵 | Сделок: 79 | WinRate: 0%
🔄 Новый цикл бота. Баланс: 138.945898661229$ | PnL: -19.43059503 💵 | Сделок: 83 | WinRate: 0%
🔄 Новый цикл бота. Баланс: 235.827660939552$ | PnL: -22.52393781 💵 | Сделок: 95 | WinRate: 0%
🔄 Новый цикл бота. Баланс: 215.809541432092$ | PnL: -22.52393781 💵 | Сделок: 95 | WinRate: 0%
🔄 Новый цикл бота. Баланс: 205.800527659708$ | PnL: -22.52393781 💵 | Сделок: 95 | WinRate: 0%
🔄 Новый цикл бота. Баланс: 205.434701078468$ | PnL: -22.88076437 💵 | Сделок: 96 | WinRate: 0%
🔄 Новый цикл бота. Баланс: 215.079480744468$ | PnL: -23.23598478 💵 | Сделок: 97 | WinRate: 0%
🔄 Новый цикл бота. Баланс: 215.079480744468$ | PnL: -23.23598478 💵 | Сделок: 97 | WinRate: 0%
🔄 Новый цикл бота. Баланс: 224.778958055468$ | PnL: -23.53650835 💵 | Сделок: 98 | WinRate: 0%
🔄 Новый цикл бота. Баланс: 235.312899315468$ | PnL: -23.00256787 💵 | Сделок: 99 | WinRate: 1.01%
🔄 Новый цикл бота. Баланс: 224.917314277671$ | PnL: -23.3801446 💵 | Сделок: 100 | WinRate: 1%
🔄 Новый цикл бота. Баланс: 224.917314277671$ | PnL: -23.3801446 💵 | Сделок: 100 | WinRate: 1%
🔄 Новый цикл бота. Баланс: 233.984854186283$ | PnL: -24.29468293 💵 | Сделок: 103 | WinRate: 0.97%
🔄 Новый цикл бота. Баланс: 243.451926631991$ | PnL: -24.81863346 💵 | Сделок: 105 | WinRate: 0.95%
🔄 Новый цикл бота. Баланс: 282.3879048395$ | PnL: -25.86484089 💵 | Сделок: 111 | WinRate: 1.8%
🔄 Новый цикл бота. Баланс: 281.822537847701$ | PnL: -26.41232866 💵 | Сделок: 113 | WinRate: 1.77%
🔄 Новый цикл бота. Баланс: 271.813537767629$ | PnL: -26.41232866 💵 | Сделок: 113 | WinRate: 1.77%
🔄 Новый цикл бота. Баланс: 271.813537767629$ | PnL: -26.41232866 💵 | Сделок: 113 | WinRate: 1.77%
🔄 Новый цикл бота. Баланс: 281.537125517629$ | PnL: -26.68873941 💵 | Сделок: 114 | WinRate: 1.75%
🔄 Новый цикл бота. Баланс: 281.537125517629$ | PnL: -26.68873941 💵 | Сделок: 114 | WinRate: 1.75%
🔄 Новый цикл бота. Баланс: 291.512439181168$ | PnL: -26.70443193 💵 | Сделок: 116 | WinRate: 2.59%
🔄 Новый цикл бота. Баланс: 271.49444554489$ | PnL: -26.70443193 💵 | Сделок: 116 | WinRate: 2.59%
🔄 Новый цикл бота. Баланс: 261.48544436583$ | PnL: -26.70443193 💵 | Сделок: 116 | WinRate: 2.59%
🔄 Новый цикл бота. Баланс: 261.48544436583$ | PnL: -26.70443193 💵 | Сделок: 116 | WinRate: 2.59%
🔄 Новый цикл бота. Баланс: 261.48544436583$ | PnL: -26.70443193 💵 | Сделок: 116 | WinRate: 2.59%
🔄 Новый цикл бота. Баланс: 261.48544436583$ | PnL: -26.70443193 💵 | Сделок: 116 | WinRate: 2.59%
🔄 Новый цикл бота. Баланс: 241.47144716511$ | PnL: -26.70443193 💵 | Сделок: 116 | WinRate: 2.59%
🔄 Новый цикл бота. Баланс: 241.47144716511$ | PnL: -26.70443193 💵 | Сделок: 116 | WinRate: 2.59%
🔄 Новый цикл бота. Баланс: 241.47144716511$ | PnL: -26.70443193 💵 | Сделок: 116 | WinRate: 2.59%
🔄 Новый цикл бота. Баланс: 241.47144716511$ | PnL: -26.70443193 💵 | Сделок: 116 | WinRate: 2.59%
🔄 Новый цикл бота. Баланс: 231.462416057138$ | PnL: -26.70443193 💵 | Сделок: 116 | WinRate: 2.59%
🔄 Новый цикл бота. Баланс: 221.45340501621$ | PnL: -26.70443193 💵 | Сделок: 116 | WinRate: 2.59%
🔄 Новый цикл бота. Баланс: 220.969144084365$ | PnL: -27.17964633 💵 | Сделок: 117 | WinRate: 2.56%
🔄 Новый цикл бота. Баланс: 221.284198416304$ | PnL: -26.85558524 💵 | Сделок: 118 | WinRate: 3.39%
🔄 Новый цикл бота. Баланс: 191.256047661556$ | PnL: -26.85558524 💵 | Сделок: 118 | WinRate: 3.39%
🔄 Новый цикл бота. Баланс: 191.256047661556$ | PnL: -26.85558524 💵 | Сделок: 118 | WinRate: 3.39%
🔄 Новый цикл бота. Баланс: 200.763856881556$ | PnL: -27.34777807 💵 | Сделок: 119 | WinRate: 3.36%
🔄 Новый цикл бота. Баланс: 210.261563537856$ | PnL: -27.85007159 💵 | Сделок: 120 | WinRate: 3.33%
🔄 Новый цикл бота. Баланс: 190.885877319165$ | PnL: -27.1986024 💵 | Сделок: 121 | WinRate: 4.13%
🔄 Новый цикл бота. Баланс: 180.876876398337$ | PnL: -27.1986024 💵 | Сделок: 121 | WinRate: 4.13%
🔄 Новый цикл бота. Баланс: 180.876876398337$ | PnL: -27.1986024 💵 | Сделок: 121 | WinRate: 4.13%
🔄 Новый цикл бота. Баланс: 199.907098786337$ | PnL: -28.16837921 💵 | Сделок: 123 | WinRate: 4.07%
🔄 Новый цикл бота. Баланс: 199.907098786337$ | PnL: -28.16837921 💵 | Сделок: 123 | WinRate: 4.07%
🔄 Новый цикл бота. Баланс: 169.950750571767$ | PnL: -28.16837921 💵 | Сделок: 123 | WinRate: 4.07%
🔄 Новый цикл бота. Баланс: 149.932743164771$ | PnL: -28.16837921 💵 | Сделок: 123 | WinRate: 4.07%
🔄 Новый цикл бота. Баланс: 119.563888625724$ | PnL: -28.50115006 💵 | Сделок: 124 | WinRate: 4.03%
🔄 Новый цикл бота. Баланс: 69.5188916013995$ | PnL: -28.50115006 💵 | Сделок: 124 | WinRate: 4.03%
🔄 Новый цикл бота. Баланс: 69.5188916013995$ | PnL: -28.50115006 💵 | Сделок: 124 | WinRate: 4.03%
🔄 Новый цикл бота. Баланс: 69.5188916013995$ | PnL: -28.50115006 💵 | Сделок: 124 | WinRate: 4.03%
🔄 Новый цикл бота. Баланс: 69.5188916013995$ | PnL: -28.50115006 💵 | Сделок: 124 | WinRate: 4.03%
🔄 Новый цикл бота. Баланс: 79.7189355113995$ | PnL: -28.29711815 💵 | Сделок: 125 | WinRate: 4.8%
🔄 Новый цикл бота. Баланс: 69.7103238605995$ | PnL: -28.29711815 💵 | Сделок: 125 | WinRate: 4.8%
🔄 Новый цикл бота. Баланс: 69.7103238605995$ | PnL: -28.29711815 💵 | Сделок: 125 | WinRate: 4.8%
🔄 Новый цикл бота. Баланс: 69.7103238605995$ | PnL: -28.29711815 💵 | Сделок: 125 | WinRate: 4.8%
🔄 Новый цикл бота. Баланс: 69.7103238605995$ | PnL: -28.29711815 💵 | Сделок: 125 | WinRate: 4.8%
🔄 Новый цикл бота. Баланс: 69.7103238605995$ | PnL: -28.29711815 💵 | Сделок: 125 | WinRate: 4.8%
🔄 Новый цикл бота. Баланс: 69.7103238605995$ | PnL: -28.29711815 💵 | Сделок: 125 | WinRate: 4.8%
🔄 Новый цикл бота. Баланс: 69.7103238605995$ | PnL: -28.29711815 💵 | Сделок: 125 | WinRate: 4.8%
🔄 Новый цикл бота. Баланс: 69.7103238605995$ | PnL: -28.29711815 💵 | Сделок: 125 | WinRate: 4.8%
🔄 Новый цикл бота. Баланс: 79.9804649705995$ | PnL: -28.02697628 💵 | Сделок: 126 | WinRate: 5.56%
🔄 Новый цикл бота. Баланс: 80.2877115969668$ | PnL: -27.71076135 💵 | Сделок: 127 | WinRate: 6.3%
🔄 Новый цикл бота. Баланс: 89.2918771942588$ | PnL: -28.69803274 💵 | Сделок: 129 | WinRate: 6.2%
🔄 Новый цикл бота. Баланс: 89.0802299969989$ | PnL: -28.8915283 💵 | Сделок: 131 | WinRate: 6.87%
🔄 Новый цикл бота. Баланс: 89.7661232049126$ | PnL: -28.18764435 💵 | Сделок: 133 | WinRate: 8.27%
🔄 Новый цикл бота. Баланс: 79.7571248063526$ | PnL: -28.18764435 💵 | Сделок: 133 | WinRate: 8.27%
🔄 Новый цикл бота. Баланс: 79.7571248063526$ | PnL: -28.18764435 💵 | Сделок: 133 | WinRate: 8.27%
🔄 Новый цикл бота. Баланс: 79.7571248063526$ | PnL: -28.18764435 💵 | Сделок: 133 | WinRate: 8.27%
🔄 Новый цикл бота. Баланс: 79.7571248063526$ | PnL: -28.18764435 💵 | Сделок: 133 | WinRate: 8.27%
🔄 Новый цикл бота. Баланс: 80.4010241369314$ | PnL: -27.52573722 💵 | Сделок: 135 | WinRate: 9.63%
🔄 Новый цикл бота. Баланс: 60.3830329568622$ | PnL: -27.52573722 💵 | Сделок: 135 | WinRate: 9.63%
🔄 Новый цикл бота. Баланс: 60.3830329568622$ | PnL: -27.52573722 💵 | Сделок: 135 | WinRate: 9.63%
🔄 Новый цикл бота. Баланс: 0.328797024714216$ | PnL: -27.52573722 💵 | Сделок: 135 | WinRate: 9.63%
🔄 Новый цикл бота. Баланс: 0.328797024714216$ | PnL: -27.52573722 💵 | Сделок: 135 | WinRate: 9.63%
🔄 Новый цикл бота. Баланс: 0.328797024714216$ | PnL: -27.52573722 💵 | Сделок: 135 | WinRate: 9.63%
🔄 Новый цикл бота. Баланс: 0.328797024714216$ | PnL: -27.52573722 💵 | Сделок: 135 | WinRate: 9.63%
🔄 Новый цикл бота. Баланс: 0.328797024714216$ | PnL: -27.52573722 💵 | Сделок: 135 | WinRate: 9.63%
🔄 Новый цикл бота. Баланс: 0.328797024714216$ | PnL: -27.52573722 💵 | Сделок: 135 | WinRate: 9.63%
🔄 Новый цикл бота. Баланс: 0.328797024714216$ | PnL: -27.52573722 💵 | Сделок: 135 | WinRate: 9.63%
🔄 Новый цикл бота. Баланс: 0.531453600314217$ | PnL: -27.31408823 💵 | Сделок: 136 | WinRate: 10.29%
🔄 Новый цикл бота. Баланс: 0.531453600314217$ | PnL: -27.31408823 💵 | Сделок: 136 | WinRate: 10.29%
🔄 Новый цикл бота. Баланс: 0.531453600314217$ | PnL: -27.31408823 💵 | Сделок: 136 | WinRate: 10.29%
🔄 Новый цикл бота. Баланс: 0.737665142061219$ | PnL: -27.09886759 💵 | Сделок: 137 | WinRate: 10.95%
🔄 Новый цикл бота. Баланс: 1.20804854839022$ | PnL: -26.61061718 💵 | Сделок: 139 | WinRate: 12.23%
🔄 Новый цикл бота. Баланс: 1.75908467960062$ | PnL: -26.03152803 💵 | Сделок: 142 | WinRate: 13.38%
🔄 Новый цикл бота. Баланс: 1.78724857088102$ | PnL: -25.97628178 💵 | Сделок: 145 | WinRate: 14.48%
🔄 Новый цикл бота. Баланс: 1.78724857088102$ | PnL: -25.97628178 💵 | Сделок: 145 | WinRate: 14.48%
🔄 Новый цикл бота. Баланс: 1.78724857088102$ | PnL: -25.97628178 💵 | Сделок: 145 | WinRate: 14.48%
🔄 Новый цикл бота. Баланс: 1.78724857088102$ | PnL: -25.97628178 💵 | Сделок: 145 | WinRate: 14.48%
🔄 Новый цикл бота. Баланс: 1.78724857088102$ | PnL: -25.97628178 💵 | Сделок: 145 | WinRate: 14.48%
🔄 Новый цикл бота. Баланс: 2.08395236252902$ | PnL: -25.67057067 💵 | Сделок: 146 | WinRate: 15.07%
🔄 Новый цикл бота. Баланс: 2.08395236252902$ | PnL: -25.67057067 💵 | Сделок: 146 | WinRate: 15.07%
🔄 Новый цикл бота. Баланс: 2.08395236252902$ | PnL: -25.67057067 💵 | Сделок: 146 | WinRate: 15.07%
🔄 Новый цикл бота. Баланс: 2.08395236252902$ | PnL: -25.67057067 💵 | Сделок: 146 | WinRate: 15.07%
🔄 Новый цикл бота. Баланс: 2.08395236252902$ | PnL: -25.67057067 💵 | Сделок: 146 | WinRate: 15.07%
🔄 Новый цикл бота. Баланс: 2.08395236252902$ | PnL: -25.67057067 💵 | Сделок: 146 | WinRate: 15.07%
🔄 Новый цикл бота. Баланс: 2.33108334078464$ | PnL: -25.41444005 💵 | Сделок: 147 | WinRate: 15.65%
🔄 Новый цикл бота. Баланс: 2.33108334078464$ | PnL: -25.41444005 💵 | Сделок: 147 | WinRate: 15.65%
🔄 Новый цикл бота. Баланс: 2.33108334078464$ | PnL: -25.41444005 💵 | Сделок: 147 | WinRate: 15.65%
🔄 Новый цикл бота. Баланс: 2.33108334078464$ | PnL: -25.41444005 💵 | Сделок: 147 | WinRate: 15.65%
🔄 Новый цикл бота. Баланс: 2.33108334078464$ | PnL: -25.41444005 💵 | Сделок: 147 | WinRate: 15.65%
🔄 Новый цикл бота. Баланс: 2.33108334078464$ | PnL: -25.41444005 💵 | Сделок: 147 | WinRate: 15.65%
🔄 Новый цикл бота. Баланс: 2.33108334078464$ | PnL: -25.41444005 💵 | Сделок: 147 | WinRate: 15.65%
🔄 Новый цикл бота. Баланс: 2.33108334078464$ | PnL: -25.41444005 💵 | Сделок: 147 | WinRate: 15.65%
🔄 Новый цикл бота. Баланс: 2.68082069005044$ | PnL: -25.05568846 💵 | Сделок: 148 | WinRate: 16.22%
🔄 Новый цикл бота. Баланс: 3.47914676025044$ | PnL: -24.23039069 💵 | Сделок: 151 | WinRate: 17.88%
🔄 Новый цикл бота. Баланс: 3.47914676025044$ | PnL: -24.23039069 💵 | Сделок: 151 | WinRate: 17.88%
🔄 Новый цикл бота. Баланс: 3.47914676025044$ | PnL: -24.23039069 💵 | Сделок: 151 | WinRate: 17.88%
🔄 Новый цикл бота. Баланс: 3.47914676025044$ | PnL: -24.23039069 💵 | Сделок: 151 | WinRate: 17.88%
🔄 Новый цикл бота. Баланс: 3.47914676025044$ | PnL: -24.23039069 💵 | Сделок: 151 | WinRate: 17.88%
🔄 Новый цикл бота. Баланс: 3.47914676025044$ | PnL: -24.23039069 💵 | Сделок: 151 | WinRate: 17.88%
🔄 Новый цикл бота. Баланс: 3.47914676025044$ | PnL: -24.23039069 💵 | Сделок: 151 | WinRate: 17.88%
🔄 Новый цикл бота. Баланс: 3.47914676025044$ | PnL: -24.23039069 💵 | Сделок: 151 | WinRate: 17.88%
🔄 Новый цикл бота. Баланс: 3.47914676025044$ | PnL: -24.23039069 💵 | Сделок: 151 | WinRate: 17.88%
🔄 Новый цикл бота. Баланс: 3.77599199884044$ | PnL: -23.92436289 💵 | Сделок: 152 | WinRate: 18.42%
🔄 Новый цикл бота. Баланс: 4.6941876113629$ | PnL: -22.97893581 💵 | Сделок: 155 | WinRate: 20%
🔄 Новый цикл бота. Баланс: 6.1780389462831$ | PnL: -21.45191489 💵 | Сделок: 161 | WinRate: 22.98%
🔄 Новый цикл бота. Баланс: 6.1780389462831$ | PnL: -21.45191489 💵 | Сделок: 161 | WinRate: 22.98%
🔄 Новый цикл бота. Баланс: 6.1780389462831$ | PnL: -21.45191489 💵 | Сделок: 161 | WinRate: 22.98%
🔄 Новый цикл бота. Баланс: 6.4201372533391$ | PnL: -21.20082283 💵 | Сделок: 162 | WinRate: 23.46%
🔄 Новый цикл бота. Баланс: 8.5936226687019$ | PnL: -18.96496319 💵 | Сделок: 169 | WinRate: 26.63%
🔄 Новый цикл бота. Баланс: 18.9840982627019$ | PnL: -18.57448734 💵 | Сделок: 170 | WinRate: 27.06%
🔄 Новый цикл бота. Баланс: 8.9750181907019$ | PnL: -18.57448734 💵 | Сделок: 170 | WinRate: 27.06%
🔄 Новый цикл бота. Баланс: 8.9750181907019$ | PnL: -18.57448734 💵 | Сделок: 170 | WinRate: 27.06%
🔄 Новый цикл бота. Баланс: 8.9750181907019$ | PnL: -18.57448734 💵 | Сделок: 170 | WinRate: 27.06%
🔄 Новый цикл бота. Баланс: 8.9750181907019$ | PnL: -18.57448734 💵 | Сделок: 170 | WinRate: 27.06%
🔄 Новый цикл бота. Баланс: 8.9750181907019$ | PnL: -18.57448734 💵 | Сделок: 170 | WinRate: 27.06%
🔄 Новый цикл бота. Баланс: 8.9750181907019$ | PnL: -18.57448734 💵 | Сделок: 170 | WinRate: 27.06%
🔄 Новый цикл бота. Баланс: 8.9750181907019$ | PnL: -18.57448734 💵 | Сделок: 170 | WinRate: 27.06%
🔄 Новый цикл бота. Баланс: 8.9750181907019$ | PnL: -18.57448734 💵 | Сделок: 170 | WinRate: 27.06%
🔄 Новый цикл бота. Баланс: 9.76414281373432$ | PnL: -17.76736094 💵 | Сделок: 172 | WinRate: 27.91%
🔄 Новый цикл бота. Баланс: 9.76414281373432$ | PnL: -17.76736094 💵 | Сделок: 172 | WinRate: 27.91%
🔄 Новый цикл бота. Баланс: 9.76414281373432$ | PnL: -17.76736094 💵 | Сделок: 172 | WinRate: 27.91%
🔄 Новый цикл бота. Баланс: 9.76414281373432$ | PnL: -17.76736094 💵 | Сделок: 172 | WinRate: 27.91%
🔄 Новый цикл бота. Баланс: 0.500757652921015$ | PnL: -17.01274902 💵 | Сделок: 173 | WinRate: 28.32%
🔄 Новый цикл бота. Баланс: 0.500757652921015$ | PnL: -17.01274902 💵 | Сделок: 173 | WinRate: 28.32%
🔄 Новый цикл бота. Баланс: 0.500757652921015$ | PnL: -17.01274902 💵 | Сделок: 173 | WinRate: 28.32%
🔄 Новый цикл бота. Баланс: 0.500757652921015$ | PnL: -17.01274902 💵 | Сделок: 173 | WinRate: 28.32%
🔄 Новый цикл бота. Баланс: 0.500757652921015$ | PnL: -17.01274902 💵 | Сделок: 173 | WinRate: 28.32%
🔄 Новый цикл бота. Баланс: 0.500757652921015$ | PnL: -17.01274902 💵 | Сделок: 173 | WinRate: 28.32%
🔄 Новый цикл бота. Баланс: 0.734468433155014$ | PnL: -16.77004767 💵 | Сделок: 174 | WinRate: 28.74%
🔄 Новый цикл бота. Баланс: 0.734468433155014$ | PnL: -16.77004767 💵 | Сделок: 174 | WinRate: 28.74%
🔄 Новый цикл бота. Баланс: 0.734468433155014$ | PnL: -16.77004767 💵 | Сделок: 174 | WinRate: 28.74%
🔄 Новый цикл бота. Баланс: 0.734468433155014$ | PnL: -16.77004767 💵 | Сделок: 174 | WinRate: 28.74%
🔄 Новый цикл бота. Баланс: 0.734468433155014$ | PnL: -16.77004767 💵 | Сделок: 174 | WinRate: 28.74%
🔄 Новый цикл бота. Баланс: 0.734468433155014$ | PnL: -16.77004767 💵 | Сделок: 174 | WinRate: 28.74%
🔄 Новый цикл бота. Баланс: 0.734468433155014$ | PnL: -16.77004767 💵 | Сделок: 174 | WinRate: 28.74%
🔄 Новый цикл бота. Баланс: 2.07710067109591$ | PnL: -15.38249105 💵 | Сделок: 179 | WinRate: 30.73%
🔄 Новый цикл бота. Баланс: 2.14527521179591$ | PnL: -15.30536057 💵 | Сделок: 180 | WinRate: 31.11%
🔄 Новый цикл бота. Баланс: 2.14527521179591$ | PnL: -15.30536057 💵 | Сделок: 180 | WinRate: 31.11%
🔄 Новый цикл бота. Баланс: 2.14527521179591$ | PnL: -15.30536057 💵 | Сделок: 180 | WinRate: 31.11%
🔄 Новый цикл бота. Баланс: 2.14527521179591$ | PnL: -15.30536057 💵 | Сделок: 180 | WinRate: 31.11%
🔄 Новый цикл бота. Баланс: 2.46264376089401$ | PnL: -14.97906967 💵 | Сделок: 181 | WinRate: 31.49%
🔄 Новый цикл бота. Баланс: 2.46264376089401$ | PnL: -14.97906967 💵 | Сделок: 181 | WinRate: 31.49%
🔄 Новый цикл бота. Баланс: 3.13345849320326$ | PnL: -14.28127564 💵 | Сделок: 184 | WinRate: 32.61%
🔄 Новый цикл бота. Баланс: 3.13345849320326$ | PnL: -14.28127564 💵 | Сделок: 184 | WinRate: 32.61%
🔄 Новый цикл бота. Баланс: 3.10102757448326$ | PnL: -14.29572039 💵 | Сделок: 186 | WinRate: 32.8%
🔄 Новый цикл бота. Баланс: 3.66209562390387$ | PnL: -13.7164763 💵 | Сделок: 188 | WinRate: 33.51%
🔄 Новый цикл бота. Баланс: 3.66209562390387$ | PnL: -13.7164763 💵 | Сделок: 188 | WinRate: 33.51%
🔄 Новый цикл бота. Баланс: 3.24615762890387$ | PnL: -14.11666793 💵 | Сделок: 189 | WinRate: 33.33%
🔄 Новый цикл бота. Баланс: 3.24615762890387$ | PnL: -14.11666793 💵 | Сделок: 189 | WinRate: 33.33%
🔄 Новый цикл бота. Баланс: 3.24615762890387$ | PnL: -14.11666793 💵 | Сделок: 189 | WinRate: 33.33%
🔄 Новый цикл бота. Баланс: 3.24615762890387$ | PnL: -14.11666793 💵 | Сделок: 189 | WinRate: 33.33%
🔄 Новый цикл бота. Баланс: 3.24615762890387$ | PnL: -14.11666793 💵 | Сделок: 189 | WinRate: 33.33%
🔄 Новый цикл бота. Баланс: 3.24615762890387$ | PnL: -14.11666793 💵 | Сделок: 189 | WinRate: 33.33%
🔄 Новый цикл бота. Баланс: 3.24615762890387$ | PnL: -14.11666793 💵 | Сделок: 189 | WinRate: 33.33%
🔄 Новый цикл бота. Баланс: 3.24615762890387$ | PnL: -14.11666793 💵 | Сделок: 189 | WinRate: 33.33%
🔄 Новый цикл бота. Баланс: 3.24615762890387$ | PnL: -14.11666793 💵 | Сделок: 189 | WinRate: 33.33%
🔄 Новый цикл бота. Баланс: 3.24615762890387$ | PnL: -14.11666793 💵 | Сделок: 189 | WinRate: 33.33%
🔄 Новый цикл бота. Баланс: 3.24615762890387$ | PnL: -14.11666793 💵 | Сделок: 189 | WinRate: 33.33%
🔄 Новый цикл бота. Баланс: 3.24615762890387$ | PnL: -14.11666793 💵 | Сделок: 189 | WinRate: 33.33%
🔄 Новый цикл бота. Баланс: 3.24615762890387$ | PnL: -14.11666793 💵 | Сделок: 189 | WinRate: 33.33%
🔄 Новый цикл бота. Баланс: 3.24615762890387$ | PnL: -14.11666793 💵 | Сделок: 189 | WinRate: 33.33%
🔄 Новый цикл бота. Баланс: 3.24615762890387$ | PnL: -14.11666793 💵 | Сделок: 189 | WinRate: 33.33%
🔄 Новый цикл бота. Баланс: 3.24615762890387$ | PnL: -14.11666793 💵 | Сделок: 189 | WinRate: 33.33%
🔄 Новый цикл бота. Баланс: 3.24615762890387$ | PnL: -14.11666793 💵 | Сделок: 189 | WinRate: 33.33%
🔄 Новый цикл бота. Баланс: 3.24615762890387$ | PnL: -14.11666793 💵 | Сделок: 189 | WinRate: 33.33%
🔄 Новый цикл бота. Баланс: 3.24615762890387$ | PnL: -14.11666793 💵 | Сделок: 189 | WinRate: 33.33%
🔄 Новый цикл бота. Баланс: 3.24615762890387$ | PnL: -14.11666793 💵 | Сделок: 189 | WinRate: 33.33%
🔄 Новый цикл бота. Баланс: 3.24615762890387$ | PnL: -14.11666793 💵 | Сделок: 189 | WinRate: 33.33%
🔄 Новый цикл бота. Баланс: 3.24615762890387$ | PnL: -14.11666793 💵 | Сделок: 189 | WinRate: 33.33%
🔄 Новый цикл бота. Баланс: 3.24615762890387$ | PnL: -14.11666793 💵 | Сделок: 189 | WinRate: 33.33%
🔄 Новый цикл бота. Баланс: 3.24615762890387$ | PnL: -14.11666793 💵 | Сделок: 189 | WinRate: 33.33%
🔄 Новый цикл бота. Баланс: 3.24615762890387$ | PnL: -14.11666793 💵 | Сделок: 189 | WinRate: 33.33%
🔄 Новый цикл бота. Баланс: 3.24615762890387$ | PnL: -14.11666793 💵 | Сделок: 189 | WinRate: 33.33%
🔄 Новый цикл бота. Баланс: 3.24615762890387$ | PnL: -14.11666793 💵 | Сделок: 189 | WinRate: 33.33%
🔄 Новый цикл бота. Баланс: 3.24615762890387$ | PnL: -14.11666793 💵 | Сделок: 189 | WinRate: 33.33%
🔄 Новый цикл бота. Баланс: 3.24615762890387$ | PnL: -14.11666793 💵 | Сделок: 189 | WinRate: 33.33%
🔄 Новый цикл бота. Баланс: 3.24615762890387$ | PnL: -14.11666793 💵 | Сделок: 189 | WinRate: 33.33%
🔄 Новый цикл бота. Баланс: 3.24615762890387$ | PnL: -14.11666793 💵 | Сделок: 189 | WinRate: 33.33%
🔄 Новый цикл бота. Баланс: 3.24615762890387$ | PnL: -14.11666793 💵 | Сделок: 189 | WinRate: 33.33%
🔄 Новый цикл бота. Баланс: 3.24615762890387$ | PnL: -14.11666793 💵 | Сделок: 189 | WinRate: 33.33%
🔄 Новый цикл бота. Баланс: 3.24615762890387$ | PnL: -14.11666793 💵 | Сделок: 189 | WinRate: 33.33%
🔄 Новый цикл бота. Баланс: 3.24615762890387$ | PnL: -14.11666793 💵 | Сделок: 189 | WinRate: 33.33%
🔄 Новый цикл бота. Баланс: 3.24615762890387$ | PnL: -14.11666793 💵 | Сделок: 189 | WinRate: 33.33%
🔄 Новый цикл бота. Баланс: 3.24615762890387$ | PnL: -14.11666793 💵 | Сделок: 189 | WinRate: 33.33%
🔄 Новый цикл бота. Баланс: 3.24615762890387$ | PnL: -14.11666793 💵 | Сделок: 189 | WinRate: 33.33%
🔄 Новый цикл бота. Баланс: 3.24615762890387$ | PnL: -14.11666793 💵 | Сделок: 189 | WinRate: 33.33%
🔄 Новый цикл бота. Баланс: 3.24615762890387$ | PnL: -14.11666793 💵 | Сделок: 189 | WinRate: 33.33%
🔄 Новый цикл бота. Баланс: 3.24615762890387$ | PnL: -14.11666793 💵 | Сделок: 189 | WinRate: 33.33%
🔄 Новый цикл бота. Баланс: 3.24615762890387$ | PnL: -14.11666793 💵 | Сделок: 189 | WinRate: 33.33%
🔄 Новый цикл бота. Баланс: 3.24615762890387$ | PnL: -14.11666793 💵 | Сделок: 189 | WinRate: 33.33%
🔄 Новый цикл бота. Баланс: 3.24615762890387$ | PnL: -14.11666793 💵 | Сделок: 189 | WinRate: 33.33%
🔄 Новый цикл бота. Баланс: 3.24615762890387$ | PnL: -14.11666793 💵 | Сделок: 189 | WinRate: 33.33%
🔄 Новый цикл бота. Баланс: 3.24615762890387$ | PnL: -14.11666793 💵 | Сделок: 189 | WinRate: 33.33%
🔄 Новый цикл бота. Баланс: 3.24615762890387$ | PnL: -14.11666793 💵 | Сделок: 189 | WinRate: 33.33%
🔄 Новый цикл бота. Баланс: 3.24615762890387$ | PnL: -14.11666793 💵 | Сделок: 189 | WinRate: 33.33%
🔄 Новый цикл бота. Баланс: 3.24615762890387$ | PnL: -14.11666793 💵 | Сделок: 189 | WinRate: 33.33%
🔄 Новый цикл бота. Баланс: 3.09000826305527$ | PnL: -14.26389524 💵 | Сделок: 190 | WinRate: 33.16%
🔄 Новый цикл бота. Баланс: 3.09000826305527$ | PnL: -14.26389524 💵 | Сделок: 190 | WinRate: 33.16%
🔄 Новый цикл бота. Баланс: 3.09000826305527$ | PnL: -14.26389524 💵 | Сделок: 190 | WinRate: 33.16%
🔄 Новый цикл бота. Баланс: 3.09000826305527$ | PnL: -14.26389524 💵 | Сделок: 190 | WinRate: 33.16%
🔄 Новый цикл бота. Баланс: 3.09000826305527$ | PnL: -14.26389524 💵 | Сделок: 190 | WinRate: 33.16%
🔄 Новый цикл бота. Баланс: 3.09000826305527$ | PnL: -14.26389524 💵 | Сделок: 190 | WinRate: 33.16%
🔄 Новый цикл бота. Баланс: 3.09000826305527$ | PnL: -14.26389524 💵 | Сделок: 190 | WinRate: 33.16%
🔄 Новый цикл бота. Баланс: 3.09000826305527$ | PnL: -14.26389524 💵 | Сделок: 190 | WinRate: 33.16%
🔄 Новый цикл бота. Баланс: 3.09000826305527$ | PnL: -14.26389524 💵 | Сделок: 190 | WinRate: 33.16%
🔄 Новый цикл бота. Баланс: 3.09000826305527$ | PnL: -14.26389524 💵 | Сделок: 190 | WinRate: 33.16%
🔄 Новый цикл бота. Баланс: 3.09000826305527$ | PnL: -14.26389524 💵 | Сделок: 190 | WinRate: 33.16%
🔄 Новый цикл бота. Баланс: 3.09000826305527$ | PnL: -14.26389524 💵 | Сделок: 190 | WinRate: 33.16%
🔄 Новый цикл бота. Баланс: 2.75893742439247$ | PnL: -14.58597091 💵 | Сделок: 191 | WinRate: 32.98%
🔄 Новый цикл бота. Баланс: 2.75893742439247$ | PnL: -14.58597091 💵 | Сделок: 191 | WinRate: 32.98%
🔄 Новый цикл бота. Баланс: 2.75893742439247$ | PnL: -14.58597091 💵 | Сделок: 191 | WinRate: 32.98%
🔄 Новый цикл бота. Баланс: 2.75893742439247$ | PnL: -14.58597091 💵 | Сделок: 191 | WinRate: 32.98%
🔄 Новый цикл бота. Баланс: 2.75893742439247$ | PnL: -14.58597091 💵 | Сделок: 191 | WinRate: 32.98%
🔄 Новый цикл бота. Баланс: 2.75893742439247$ | PnL: -14.58597091 💵 | Сделок: 191 | WinRate: 32.98%
🔄 Новый цикл бота. Баланс: 2.75893742439247$ | PnL: -14.58597091 💵 | Сделок: 191 | WinRate: 32.98%
🔄 Новый цикл бота. Баланс: 2.75893742439247$ | PnL: -14.58597091 💵 | Сделок: 191 | WinRate: 32.98%
🔄 Новый цикл бота. Баланс: 2.75893742439247$ | PnL: -14.58597091 💵 | Сделок: 191 | WinRate: 32.98%
🔄 Новый цикл бота. Баланс: 2.75893742439247$ | PnL: -14.58597091 💵 | Сделок: 191 | WinRate: 32.98%
🔄 Новый цикл бота. Баланс: 2.75893742439247$ | PnL: -14.58597091 💵 | Сделок: 191 | WinRate: 32.98%
🔄 Новый цикл бота. Баланс: 2.75893742439247$ | PnL: -14.58597091 💵 | Сделок: 191 | WinRate: 32.98%
🔄 Новый цикл бота. Баланс: 2.75893742439247$ | PnL: -14.58597091 💵 | Сделок: 191 | WinRate: 32.98%
🔄 Новый цикл бота. Баланс: 2.75893742439247$ | PnL: -14.58597091 💵 | Сделок: 191 | WinRate: 32.98%
🔄 Новый цикл бота. Баланс: 4.71776175906086$ | PnL: -12.52850427 💵 | Сделок: 198 | WinRate: 35.35%
🔄 Новый цикл бота. Баланс: 7.24066454973516$ | PnL: -9.92509259000001 💵 | Сделок: 207 | WinRate: 38.16%
🔄 Новый цикл бота. Баланс: 20.3103834561187$ | PnL: -6.92318787000001 💵 | Сделок: 218 | WinRate: 41.28%
🔄 Новый цикл бота. Баланс: 0.0575520379081844$ | PnL: 2.82310616999998 💵 | Сделок: 254 | WinRate: 49.61%
🔄 Новый цикл бота. Баланс: 0.445195501883385$ | PnL: 3.21975322999998 💵 | Сделок: 255 | WinRate: 49.8%
🔄 Новый цикл бота. Баланс: 0.445195501883385$ | PnL: 3.21975322999998 💵 | Сделок: 255 | WinRate: 49.8%
🔄 Новый цикл бота. Баланс: 0.445195501883385$ | PnL: 3.21975322999998 💵 | Сделок: 255 | WinRate: 49.8%
🔄 Новый цикл бота. Баланс: 0.445195501883385$ | PnL: 3.21975322999998 💵 | Сделок: 255 | WinRate: 49.8%
🔄 Новый цикл бота. Баланс: 0.445195501883385$ | PnL: 3.21975322999998 💵 | Сделок: 255 | WinRate: 49.8%
🔄 Новый цикл бота. Баланс: 0.445195501883385$ | PnL: 3.21975322999998 💵 | Сделок: 255 | WinRate: 49.8%
🔄 Новый цикл бота. Баланс: 0.445195501883385$ | PnL: 3.21975322999998 💵 | Сделок: 255 | WinRate: 49.8%
🔄 Новый цикл бота. Баланс: 0.445195501883385$ | PnL: 3.21975322999998 💵 | Сделок: 255 | WinRate: 49.8%
🔄 Новый цикл бота. Баланс: 0.445195501883385$ | PnL: 3.21975322999998 💵 | Сделок: 255 | WinRate: 49.8%
🔄 Новый цикл бота. Баланс: 0.445195501883385$ | PnL: 3.21975322999998 💵 | Сделок: 255 | WinRate: 49.8%
🔄 Новый цикл бота. Баланс: 0.445195501883385$ | PnL: 3.21975322999998 💵 | Сделок: 255 | WinRate: 49.8%
🔄 Новый цикл бота. Баланс: 0.445195501883385$ | PnL: 3.21975322999998 💵 | Сделок: 255 | WinRate: 49.8%
🔄 Новый цикл бота. Баланс: 0.445195501883385$ | PnL: 3.21975322999998 💵 | Сделок: 255 | WinRate: 49.8%
🔄 Новый цикл бота. Баланс: 0.445195501883385$ | PnL: 3.21975322999998 💵 | Сделок: 255 | WinRate: 49.8%
🔄 Новый цикл бота. Баланс: 0.637133719113784$ | PnL: 3.42069129999998 💵 | Сделок: 256 | WinRate: 50%
🔄 Новый цикл бота. Баланс: 0.637133719113784$ | PnL: 3.42069129999998 💵 | Сделок: 256 | WinRate: 50%
🔄 Новый цикл бота. Баланс: 0.864347446293785$ | PnL: 3.65687269999998 💵 | Сделок: 257 | WinRate: 50.19%
🔄 Новый цикл бота. Баланс: 0.864347446293785$ | PnL: 3.65687269999998 💵 | Сделок: 257 | WinRate: 50.19%
🔄 Новый цикл бота. Баланс: 1.04074450358378$ | PnL: 4.05950971999998 💵 | Сделок: 259 | WinRate: 50.58%
🔄 Новый цикл бота. Баланс: 1.97673015841674$ | PnL: 5.02204396999998 💵 | Сделок: 262 | WinRate: 51.15%
🔄 Новый цикл бота. Баланс: 1.97673015841674$ | PnL: 5.02204396999998 💵 | Сделок: 262 | WinRate: 51.15%
🔄 Новый цикл бота. Баланс: 1.97673015841674$ | PnL: 5.02204396999998 💵 | Сделок: 262 | WinRate: 51.15%
🔄 Новый цикл бота. Баланс: 4.14296039143729$ | PnL: 7.26995049999999 💵 | Сделок: 271 | WinRate: 52.77%
🔄 Новый цикл бота. Баланс: 5.51112546635869$ | PnL: 8.68297503999999 💵 | Сделок: 276 | WinRate: 53.62%
🔄 Новый цикл бота. Баланс: 5.77974207860869$ | PnL: 8.96057786999999 💵 | Сделок: 277 | WinRate: 53.79%
🔄 Новый цикл бота. Баланс: 5.77974207860869$ | PnL: 8.96057786999999 💵 | Сделок: 277 | WinRate: 53.79%
🔄 Новый цикл бота. Баланс: 5.77974207860869$ | PnL: 8.96057786999999 💵 | Сделок: 277 | WinRate: 53.79%
🔄 Новый цикл бота. Баланс: 5.77974207860869$ | PnL: 8.96057786999999 💵 | Сделок: 277 | WinRate: 53.79%
🔄 Новый цикл бота. Баланс: 5.77974207860869$ | PnL: 8.96057786999999 💵 | Сделок: 277 | WinRate: 53.79%
🔄 Новый цикл бота. Баланс: 5.77974207860869$ | PnL: 8.96057786999999 💵 | Сделок: 277 | WinRate: 53.79%
🔄 Новый цикл бота. Баланс: 5.77974207860869$ | PnL: 8.96057786999999 💵 | Сделок: 277 | WinRate: 53.79%
🔄 Новый цикл бота. Баланс: 5.77974207860869$ | PnL: 8.96057786999999 💵 | Сделок: 277 | WinRate: 53.79%
🔄 Новый цикл бота. Баланс: 5.77974207860869$ | PnL: 8.96057786999999 💵 | Сделок: 277 | WinRate: 53.79%
🔄 Новый цикл бота. Баланс: 5.77974207860869$ | PnL: 8.96057786999999 💵 | Сделок: 277 | WinRate: 53.79%
🔄 Новый цикл бота. Баланс: 5.77974207860869$ | PnL: 8.96057786999999 💵 | Сделок: 277 | WinRate: 53.79%
🔄 Новый цикл бота. Баланс: 5.77974207860869$ | PnL: 8.96057786999999 💵 | Сделок: 277 | WinRate: 53.79%
🔄 Новый цикл бота. Баланс: 5.77974207860869$ | PnL: 8.96057786999999 💵 | Сделок: 277 | WinRate: 53.79%
🔄 Новый цикл бота. Баланс: 5.77974207860869$ | PnL: 8.96057786999999 💵 | Сделок: 277 | WinRate: 53.79%
🔄 Новый цикл бота. Баланс: 5.77974207860869$ | PnL: 8.96057786999999 💵 | Сделок: 277 | WinRate: 53.79%
🔄 Новый цикл бота. Баланс: 5.77974207860869$ | PnL: 8.96057786999999 💵 | Сделок: 277 | WinRate: 53.79%
🔄 Новый цикл бота. Баланс: 5.77974207860869$ | PnL: 8.96057786999999 💵 | Сделок: 277 | WinRate: 53.79%
🔄 Новый цикл бота. Баланс: 5.77974207860869$ | PnL: 8.96057786999999 💵 | Сделок: 277 | WinRate: 53.79%
🔄 Новый цикл бота. Баланс: 5.77974207860869$ | PnL: 8.96057786999999 💵 | Сделок: 277 | WinRate: 53.79%
🔄 Новый цикл бота. Баланс: 6.09252555220869$ | PnL: 9.28290012999999 💵 | Сделок: 278 | WinRate: 53.96%
🔄 Новый цикл бота. Баланс: 6.09252555220869$ | PnL: 9.28290012999999 💵 | Сделок: 278 | WinRate: 53.96%
🔄 Новый цикл бота. Баланс: 6.09252555220869$ | PnL: 9.28290012999999 💵 | Сделок: 278 | WinRate: 53.96%
🔄 Новый цикл бота. Баланс: 6.09252555220869$ | PnL: 9.28290012999999 💵 | Сделок: 278 | WinRate: 53.96%
🔄 Новый цикл бота. Баланс: 6.09252555220869$ | PnL: 9.28290012999999 💵 | Сделок: 278 | WinRate: 53.96%
🔄 Новый цикл бота. Баланс: 6.09252555220869$ | PnL: 9.28290012999999 💵 | Сделок: 278 | WinRate: 53.96%
🔄 Новый цикл бота. Баланс: 6.09252555220869$ | PnL: 9.28290012999999 💵 | Сделок: 278 | WinRate: 53.96%
🔄 Новый цикл бота. Баланс: 6.09252555220869$ | PnL: 9.28290012999999 💵 | Сделок: 278 | WinRate: 53.96%
🔄 Новый цикл бота. Баланс: 6.09252555220869$ | PnL: 9.28290012999999 💵 | Сделок: 278 | WinRate: 53.96%
🔄 Новый цикл бота. Баланс: 6.09252555220869$ | PnL: 9.28290012999999 💵 | Сделок: 278 | WinRate: 53.96%
🔄 Новый цикл бота. Баланс: 6.09252555220869$ | PnL: 9.28290012999999 💵 | Сделок: 278 | WinRate: 53.96%
🔄 Новый цикл бота. Баланс: 6.09252555220869$ | PnL: 9.28290012999999 💵 | Сделок: 278 | WinRate: 53.96%
🔄 Новый цикл бота. Баланс: 6.09252555220869$ | PnL: 9.28290012999999 💵 | Сделок: 278 | WinRate: 53.96%
🔄 Новый цикл бота. Баланс: 6.09252555220869$ | PnL: 9.28290012999999 💵 | Сделок: 278 | WinRate: 53.96%
🔄 Новый цикл бота. Баланс: 6.09252555220869$ | PnL: 9.28290012999999 💵 | Сделок: 278 | WinRate: 53.96%
🔄 Новый цикл бота. Баланс: 6.09252555220869$ | PnL: 9.28290012999999 💵 | Сделок: 278 | WinRate: 53.96%
🔄 Новый цикл бота. Баланс: 6.09252555220869$ | PnL: 9.28290012999999 💵 | Сделок: 278 | WinRate: 53.96%
🔄 Новый цикл бота. Баланс: 6.09252555220869$ | PnL: 9.28290012999999 💵 | Сделок: 278 | WinRate: 53.96%
🔄 Новый цикл бота. Баланс: 6.09252555220869$ | PnL: 9.28290012999999 💵 | Сделок: 278 | WinRate: 53.96%
🔄 Новый цикл бота. Баланс: 6.09252555220869$ | PnL: 9.28290012999999 💵 | Сделок: 278 | WinRate: 53.96%
🔄 Новый цикл бота. Баланс: 6.09252555220869$ | PnL: 9.28290012999999 💵 | Сделок: 278 | WinRate: 53.96%
🔄 Новый цикл бота. Баланс: 6.09252555220869$ | PnL: 9.28290012999999 💵 | Сделок: 278 | WinRate: 53.96%
🔄 Новый цикл бота. Баланс: 6.09252555220869$ | PnL: 9.28290012999999 💵 | Сделок: 278 | WinRate: 53.96%
🔄 Новый цикл бота. Баланс: 6.09252555220869$ | PnL: 9.28290012999999 💵 | Сделок: 278 | WinRate: 53.96%
🔄 Новый цикл бота. Баланс: 6.09252555220869$ | PnL: 9.28290012999999 💵 | Сделок: 278 | WinRate: 53.96%
🔄 Новый цикл бота. Баланс: 6.09252555220869$ | PnL: 9.28290012999999 💵 | Сделок: 278 | WinRate: 53.96%
🔄 Новый цикл бота. Баланс: 6.09252555220869$ | PnL: 9.28290012999999 💵 | Сделок: 278 | WinRate: 53.96%
🔄 Новый цикл бота. Баланс: 6.09252555220869$ | PnL: 9.28290012999999 💵 | Сделок: 278 | WinRate: 53.96%
🔄 Новый цикл бота. Баланс: 6.09252555220869$ | PnL: 9.28290012999999 💵 | Сделок: 278 | WinRate: 53.96%
🔄 Новый цикл бота. Баланс: 6.09252555220869$ | PnL: 9.28290012999999 💵 | Сделок: 278 | WinRate: 53.96%
🔄 Новый цикл бота. Баланс: 6.09252555220869$ | PnL: 9.28290012999999 💵 | Сделок: 278 | WinRate: 53.96%
🔄 Новый цикл бота. Баланс: 6.09252555220869$ | PnL: 9.28290012999999 💵 | Сделок: 278 | WinRate: 53.96%
🔄 Новый цикл бота. Баланс: 5.85643740931588$ | PnL: 9.05581050999999 💵 | Сделок: 279 | WinRate: 53.76%
🔄 Новый цикл бота. Баланс: 5.85643740931588$ | PnL: 9.05581050999999 💵 | Сделок: 279 | WinRate: 53.76%
🔄 Новый цикл бота. Баланс: 5.85643740931588$ | PnL: 9.05581050999999 💵 | Сделок: 279 | WinRate: 53.76%
🔄 Новый цикл бота. Баланс: 5.85643740931588$ | PnL: 9.05581050999999 💵 | Сделок: 279 | WinRate: 53.76%
🔄 Новый цикл бота. Баланс: 5.85643740931588$ | PnL: 9.05581050999999 💵 | Сделок: 279 | WinRate: 53.76%
🔄 Новый цикл бота. Баланс: 5.29762848810588$ | PnL: 8.50600436999999 💵 | Сделок: 280 | WinRate: 53.57%
🔄 Новый цикл бота. Баланс: 5.29762848810588$ | PnL: 8.50600436999999 💵 | Сделок: 280 | WinRate: 53.57%
🔄 Новый цикл бота. Баланс: 5.29762848810588$ | PnL: 8.50600436999999 💵 | Сделок: 280 | WinRate: 53.57%
🔄 Новый цикл бота. Баланс: 5.29762848810588$ | PnL: 8.50600436999999 💵 | Сделок: 280 | WinRate: 53.57%
🔄 Новый цикл бота. Баланс: 5.29762848810588$ | PnL: 8.50600436999999 💵 | Сделок: 280 | WinRate: 53.57%
🔄 Новый цикл бота. Баланс: 5.29762848810588$ | PnL: 8.50600436999999 💵 | Сделок: 280 | WinRate: 53.57%
🔄 Новый цикл бота. Баланс: 5.29762848810588$ | PnL: 8.50600436999999 💵 | Сделок: 280 | WinRate: 53.57%
🔄 Новый цикл бота. Баланс: 5.29762848810588$ | PnL: 8.50600436999999 💵 | Сделок: 280 | WinRate: 53.57%
🔄 Новый цикл бота. Баланс: 5.04139410382989$ | PnL: 8.25876997999999 💵 | Сделок: 281 | WinRate: 53.38%
🔄 Новый цикл бота. Баланс: 5.04139410382989$ | PnL: 8.25876997999999 💵 | Сделок: 281 | WinRate: 53.38%
🔄 Новый цикл бота. Баланс: 5.04139410382989$ | PnL: 8.25876997999999 💵 | Сделок: 281 | WinRate: 53.38%
🔄 Новый цикл бота. Баланс: 5.04139410382989$ | PnL: 8.25876997999999 💵 | Сделок: 281 | WinRate: 53.38%
🔄 Новый цикл бота. Баланс: 5.04139410382989$ | PnL: 8.25876997999999 💵 | Сделок: 281 | WinRate: 53.38%
🔄 Новый цикл бота. Баланс: 5.04139410382989$ | PnL: 8.25876997999999 💵 | Сделок: 281 | WinRate: 53.38%
🔄 Новый цикл бота. Баланс: 5.04139410382989$ | PnL: 8.25876997999999 💵 | Сделок: 281 | WinRate: 53.38%
🔄 Новый цикл бота. Баланс: 4.73408226207989$ | PnL: 7.96045620999999 💵 | Сделок: 282 | WinRate: 53.19%
🔄 Новый цикл бота. Баланс: 4.73408226207989$ | PnL: 7.96045620999999 💵 | Сделок: 282 | WinRate: 53.19%
🔄 Новый цикл бота. Баланс: 4.73408226207989$ | PnL: 7.96045620999999 💵 | Сделок: 282 | WinRate: 53.19%
🔄 Новый цикл бота. Баланс: 4.73408226207989$ | PnL: 7.96045620999999 💵 | Сделок: 282 | WinRate: 53.19%
🔄 Новый цикл бота. Баланс: 4.73408226207989$ | PnL: 7.96045620999999 💵 | Сделок: 282 | WinRate: 53.19%
🔄 Новый цикл бота. Баланс: 4.73408226207989$ | PnL: 7.96045620999999 💵 | Сделок: 282 | WinRate: 53.19%
🔄 Новый цикл бота. Баланс: 4.34010485667989$ | PnL: 7.57532808999999 💵 | Сделок: 283 | WinRate: 53%
🔄 Новый цикл бота. Баланс: 4.34010485667989$ | PnL: 7.57532808999999 💵 | Сделок: 283 | WinRate: 53%
🔄 Новый цикл бота. Баланс: 4.34010485667989$ | PnL: 7.57532808999999 💵 | Сделок: 283 | WinRate: 53%
🔄 Новый цикл бота. Баланс: 4.34010485667989$ | PnL: 7.57532808999999 💵 | Сделок: 283 | WinRate: 53%
🔄 Новый цикл бота. Баланс: 4.34010485667989$ | PnL: 7.57532808999999 💵 | Сделок: 283 | WinRate: 53%
🔄 Новый цикл бота. Баланс: 4.34010485667989$ | PnL: 7.57532808999999 💵 | Сделок: 283 | WinRate: 53%
🔄 Новый цикл бота. Баланс: 4.34010485667989$ | PnL: 7.57532808999999 💵 | Сделок: 283 | WinRate: 53%
🔄 Новый цикл бота. Баланс: 4.34010485667989$ | PnL: 7.57532808999999 💵 | Сделок: 283 | WinRate: 53%
🔄 Новый цикл бота. Баланс: 4.34010485667989$ | PnL: 7.57532808999999 💵 | Сделок: 283 | WinRate: 53%
🔄 Новый цикл бота. Баланс: 4.34010485667989$ | PnL: 7.57532808999999 💵 | Сделок: 283 | WinRate: 53%
🔄 Новый цикл бота. Баланс: 4.34010485667989$ | PnL: 7.57532808999999 💵 | Сделок: 283 | WinRate: 53%
🔄 Новый цикл бота. Баланс: 4.34010485667989$ | PnL: 7.57532808999999 💵 | Сделок: 283 | WinRate: 53%
🔄 Новый цикл бота. Баланс: 4.34010485667989$ | PnL: 7.57532808999999 💵 | Сделок: 283 | WinRate: 53%
🔄 Новый цикл бота. Баланс: 4.34010485667989$ | PnL: 7.57532808999999 💵 | Сделок: 283 | WinRate: 53%
🔄 Новый цикл бота. Баланс: 4.65187423756548$ | PnL: 7.89617076999999 💵 | Сделок: 284 | WinRate: 53.17%
🔄 Новый цикл бота. Баланс: 4.81621666814148$ | PnL: 7.95402255999999 💵 | Сделок: 285 | WinRate: 53.33%
🔄 Новый цикл бота. Баланс: 4.81621666814148$ | PnL: 7.95402255999999 💵 | Сделок: 285 | WinRate: 53.33%
🔄 Новый цикл бота. Баланс: 4.81621666814148$ | PnL: 7.95402255999999 💵 | Сделок: 285 | WinRate: 53.33%
🔄 Новый цикл бота. Баланс: 4.27389330807648$ | PnL: 7.42070787999999 💵 | Сделок: 286 | WinRate: 53.15%
🔄 Новый цикл бота. Баланс: 4.27389330807648$ | PnL: 7.42070787999999 💵 | Сделок: 286 | WinRate: 53.15%
🔄 Новый цикл бота. Баланс: 4.27389330807648$ | PnL: 7.42070787999999 💵 | Сделок: 286 | WinRate: 53.15%
🔄 Новый цикл бота. Баланс: 4.27389330807648$ | PnL: 7.42070787999999 💵 | Сделок: 286 | WinRate: 53.15%
🔄 Новый цикл бота. Баланс: 4.27389330807648$ | PnL: 7.42070787999999 💵 | Сделок: 286 | WinRate: 53.15%
🔄 Новый цикл бота. Баланс: 23.7260232759865$ | PnL: 6.67376179999999 💵 | Сделок: 289 | WinRate: 52.6%
🔄 Новый цикл бота. Баланс: 49.5032783011896$ | PnL: 2.50300307999999 💵 | Сделок: 302 | WinRate: 50.33%
🔄 Новый цикл бота. Баланс: 136.20456438159$ | PnL: -0.775920790000012 💵 | Сделок: 312 | WinRate: 48.72%
🔄 Новый цикл бота. Баланс: 154.96808929959$ | PnL: -2.01239791000001 💵 | Сделок: 314 | WinRate: 48.41%
🔄 Новый цикл бота. Баланс: 144.959089293684$ | PnL: -2.01239791000001 💵 | Сделок: 314 | WinRate: 48.41%
🔄 Новый цикл бота. Баланс: 115.095529958014$ | PnL: -2.01239791000001 💵 | Сделок: 314 | WinRate: 48.41%
🔄 Новый цикл бота. Баланс: 115.095529958014$ | PnL: -2.01239791000001 💵 | Сделок: 314 | WinRate: 48.41%
🔄 Новый цикл бота. Баланс: 115.095529958014$ | PnL: -2.01239791000001 💵 | Сделок: 314 | WinRate: 48.41%
🔄 Новый цикл бота. Баланс: 115.095529958014$ | PnL: -2.01239791000001 💵 | Сделок: 314 | WinRate: 48.41%
🔄 Новый цикл бота. Баланс: 115.095529958014$ | PnL: -2.01239791000001 💵 | Сделок: 314 | WinRate: 48.41%
🔄 Новый цикл бота. Баланс: 115.095529958014$ | PnL: -2.01239791000001 💵 | Сделок: 314 | WinRate: 48.41%
🔄 Новый цикл бота. Баланс: 115.095529958014$ | PnL: -2.01239791000001 💵 | Сделок: 314 | WinRate: 48.41%
🔄 Новый цикл бота. Баланс: 115.095529958014$ | PnL: -2.01239791000001 💵 | Сделок: 314 | WinRate: 48.41%
🔄 Новый цикл бота. Баланс: 115.095529958014$ | PnL: -2.01239791000001 💵 | Сделок: 314 | WinRate: 48.41%
🔄 Новый цикл бота. Баланс: 115.095529958014$ | PnL: -2.01239791000001 💵 | Сделок: 314 | WinRate: 48.41%
🔄 Новый цикл бота. Баланс: 183.522774553614$ | PnL: -3.60215726000001 💵 | Сделок: 321 | WinRate: 47.66%
🔄 Новый цикл бота. Баланс: 231.369717917224$ | PnL: -5.71566880000001 💵 | Сделок: 328 | WinRate: 46.65%
🔄 Новый цикл бота. Баланс: 270.236139767224$ | PnL: -6.66989208000001 💵 | Сделок: 332 | WinRate: 46.08%
🔄 Новый цикл бота. Баланс: 346.556049783275$ | PnL: -9.09811004000001 💵 | Сделок: 342 | WinRate: 44.74%
🔄 Новый цикл бота. Баланс: 383.898873280275$ | PnL: -10.52559108 💵 | Сделок: 347 | WinRate: 44.09%
🔄 Новый цикл бота. Баланс: 431.444747333075$ | PnL: -11.87126524 💵 | Сделок: 353 | WinRate: 43.63%
🔄 Новый цикл бота. Баланс: 421.476383873075$ | PnL: -11.87126524 💵 | Сделок: 353 | WinRate: 43.63%
🔄 Новый цикл бота. Баланс: 421.476383873075$ | PnL: -11.87126524 💵 | Сделок: 353 | WinRate: 43.63%
🔄 Новый цикл бота. Баланс: 421.476383873075$ | PnL: -11.87126524 💵 | Сделок: 353 | WinRate: 43.63%
🔄 Новый цикл бота. Баланс: 421.476383873075$ | PnL: -11.87126524 💵 | Сделок: 353 | WinRate: 43.63%
🔄 Новый цикл бота. Баланс: 421.476383873075$ | PnL: -11.87126524 💵 | Сделок: 353 | WinRate: 43.63%
🔄 Новый цикл бота. Баланс: 421.476383873075$ | PnL: -11.87126524 💵 | Сделок: 353 | WinRate: 43.63%
🔄 Новый цикл бота. Баланс: 420.730251066131$ | PnL: -12.59940885 💵 | Сделок: 355 | WinRate: 43.38%
🔄 Новый цикл бота. Баланс: 430.459105938131$ | PnL: -12.87055497 💵 | Сделок: 356 | WinRate: 43.26%
🔄 Новый цикл бота. Баланс: 430.192567426911$ | PnL: -13.12803953 💵 | Сделок: 357 | WinRate: 43.14%
🔄 Новый цикл бота. Баланс: 430.192567426911$ | PnL: -13.12803953 💵 | Сделок: 357 | WinRate: 43.14%
🔄 Новый цикл бота. Баланс: 439.507854306351$ | PnL: -13.80375827 💵 | Сделок: 359 | WinRate: 42.9%
🔄 Новый цикл бота. Баланс: 439.507854306351$ | PnL: -13.80375827 💵 | Сделок: 359 | WinRate: 42.9%
🔄 Новый цикл бота. Баланс: 449.117815750351$ | PnL: -14.19379657 💵 | Сделок: 360 | WinRate: 42.78%
🔄 Новый цикл бота. Баланс: 449.117815750351$ | PnL: -14.19379657 💵 | Сделок: 360 | WinRate: 42.78%
🔄 Новый цикл бота. Баланс: 458.635172585351$ | PnL: -14.6764358 💵 | Сделок: 361 | WinRate: 42.66%
🔄 Новый цикл бота. Баланс: 478.018590767351$ | PnL: -15.29301807 💵 | Сделок: 363 | WinRate: 42.42%
🔄 Новый цикл бота. Баланс: 487.693425217351$ | PnL: -15.61818643 💵 | Сделок: 364 | WinRate: 42.31%
🔄 Новый цикл бота. Баланс: 496.989621545824$ | PnL: -16.31304926 💵 | Сделок: 366 | WinRate: 42.08%
🔄 Новый цикл бота. Баланс: 496.989621545824$ | PnL: -16.31304926 💵 | Сделок: 366 | WinRate: 42.08%
🔄 Новый цикл бота. Баланс: 496.989621545824$ | PnL: -16.31304926 💵 | Сделок: 366 | WinRate: 42.08%
🔄 Новый цикл бота. Баланс: 506.626198543824$ | PnL: -16.67647191 💵 | Сделок: 367 | WinRate: 41.96%
🔄 Новый цикл бота. Баланс: 516.854727623824$ | PnL: -16.45941283 💵 | Сделок: 368 | WinRate: 42.12%
🔄 Новый цикл бота. Баланс: 506.827511243824$ | PnL: -16.45941283 💵 | Сделок: 368 | WinRate: 42.12%
🔄 Новый цикл бота. Баланс: 506.827511243824$ | PnL: -16.45941283 💵 | Сделок: 368 | WinRate: 42.12%
🔄 Новый цикл бота. Баланс: 506.827511243824$ | PnL: -16.45941283 💵 | Сделок: 368 | WinRate: 42.12%
🔄 Новый цикл бота. Баланс: 506.827511243824$ | PnL: -16.45941283 💵 | Сделок: 368 | WinRate: 42.12%
🔄 Новый цикл бота. Баланс: 506.827511243824$ | PnL: -16.45941283 💵 | Сделок: 368 | WinRate: 42.12%
🔄 Новый цикл бота. Баланс: 516.545068533824$ | PnL: -16.74185304 💵 | Сделок: 369 | WinRate: 42.01%
🔄 Новый цикл бота. Баланс: 516.545068533824$ | PnL: -16.74185304 💵 | Сделок: 369 | WinRate: 42.01%
🔄 Новый цикл бота. Баланс: 516.545068533824$ | PnL: -16.74185304 💵 | Сделок: 369 | WinRate: 42.01%
🔄 Новый цикл бота. Баланс: 526.146815193824$ | PnL: -17.1400962 💵 | Сделок: 370 | WinRate: 41.89%
🔄 Новый цикл бота. Баланс: 526.146815193824$ | PnL: -17.1400962 💵 | Сделок: 370 | WinRate: 41.89%
🔄 Новый цикл бота. Баланс: 505.788589345129$ | PnL: -17.4714464 💵 | Сделок: 371 | WinRate: 41.78%
🔄 Новый цикл бота. Баланс: 495.779617370329$ | PnL: -17.4714464 💵 | Сделок: 371 | WinRate: 41.78%
🔄 Новый цикл бота. Баланс: 516.102709936229$ | PnL: -17.14835038 💵 | Сделок: 373 | WinRate: 41.82%
🔄 Новый цикл бота. Баланс: 527.092813486229$ | PnL: -16.15824583 💵 | Сделок: 374 | WinRate: 41.98%
🔄 Новый цикл бота. Баланс: 517.083812518359$ | PnL: -16.15824583 💵 | Сделок: 374 | WinRate: 41.98%
🔄 Новый цикл бота. Баланс: 537.256488870359$ | PnL: -15.98539173 💵 | Сделок: 376 | WinRate: 42.02%
🔄 Новый цикл бота. Баланс: 527.24749220736$ | PnL: -15.98539173 💵 | Сделок: 376 | WinRate: 42.02%
🔄 Новый цикл бота. Баланс: 536.74099765536$ | PnL: -16.4918859 💵 | Сделок: 377 | WinRate: 41.91%
🔄 Новый цикл бота. Баланс: 555.987398477875$ | PnL: -17.245485 💵 | Сделок: 379 | WinRate: 41.69%
🔄 Новый цикл бота. Баланс: 575.925204567875$ | PnL: -17.30767771 💵 | Сделок: 381 | WinRate: 41.73%
🔄 Новый цикл бота. Баланс: 575.687585441684$ | PnL: -17.37297996 💵 | Сделок: 382 | WinRate: 41.62%
