[2025-08-08 13:09:48][TRADE] Закрыта позиция BABY-USDT-SWAP PnL: 0.03000001 Причина: TP Баланс: 950.029993081
  Открытие:     2025-08-08 13:05:26
  Закрытие:     2025-08-08 13:09:49
  Цена входа:   0.06569
  Цена выхода:  0.06549293

[2025-08-08 13:10:42][TRADE] Закрыта позиция FLM-USDT-SWAP PnL: -0.01 Причина: SL Баланс: 910.0200686038
  Открытие:     2025-08-08 13:06:05
  Закрытие:     2025-08-08 13:10:43
  Цена входа:   0.02947
  Цена выхода:  0.02949947

[2025-08-08 13:11:50][TRADE] Закрыта позиция ME-USDT-SWAP PnL: -0.01 Причина: SL Баланс: 900.0100722208
  Открытие:     2025-08-08 13:06:51
  Закрытие:     2025-08-08 13:11:50
  Цена входа:   0.7349
  Цена выхода:  0.7356349

[2025-08-08 13:15:32][TRADE] Закрыта позиция ATH-USDT-SWAP PnL: -0.01 Причина: SL Баланс: 879.8786634088
  Открытие:     2025-08-08 13:09:43
  Закрытие:     2025-08-08 13:15:32
  Цена входа:   0.03592
  Цена выхода:  0.03595592

[2025-08-08 13:15:54][TRADE] Закрыта позиция BLUR-USDT-SWAP PnL: -0.01 Причина: SL Баланс: 889.8686600388
  Открытие:     2025-08-08 13:09:57
  Закрытие:     2025-08-08 13:15:54
  Цена входа:   0.08529
  Цена выхода:  0.08537529

[2025-08-08 13:16:17][TRADE] Закрыта позиция CORE-USDT-SWAP PnL: -0.01 Причина: SL Баланс: 899.8586597188
  Открытие:     2025-08-08 13:10:13
  Закрытие:     2025-08-08 13:16:17
  Цена входа:   0.5192
  Цена выхода:  0.5197192

[2025-08-08 13:16:27][TRADE] Закрыта позиция DGB-USDT-SWAP PnL: -0.00999886 Причина: SL Баланс: 909.848660753
  Открытие:     2025-08-08 13:10:21
  Закрытие:     2025-08-08 13:16:27
  Цена входа:   0.008761
  Цена выхода:  0.00876976

[2025-08-08 13:16:37][TRADE] Закрыта позиция DYDX-USDT-SWAP PnL: -0.00999997 Причина: SL Баланс: 919.838631343
  Открытие:     2025-08-08 13:10:30
  Закрытие:     2025-08-08 13:16:38
  Цена входа:   0.6208
  Цена выхода:  0.6214208

[2025-08-08 13:16:47][TRADE] Закрыта позиция FARTCOIN-USDT-SWAP PnL: -0.00999996 Причина: SL Баланс: 929.828588203
  Открытие:     2025-08-08 13:10:40
  Закрытие:     2025-08-08 13:16:48
  Цена входа:   1.0213
  Цена выхода:  1.0223213

[2025-08-08 13:17:30][TRADE] Закрыта позиция JELLYJELLY-USDT-SWAP PnL: -0.01 Причина: SL Баланс: 929.818619663
  Открытие:     2025-08-08 13:11:22
  Закрытие:     2025-08-08 13:17:30
  Цена входа:   0.02334
  Цена выхода:  0.02336334

[2025-08-08 13:17:47][TRADE] Закрыта позиция LRC-USDT-SWAP PnL: -0.01 Причина: SL Баланс: 919.808625256
  Открытие:     2025-08-08 13:11:44
  Закрытие:     2025-08-08 13:17:48
  Цена входа:   0.08577
  Цена выхода:  0.08585577

[2025-08-08 13:20:28][TRADE] Закрыта позиция ETH-USDT-SWAP PnL: -0.01012164 Причина: SL Баланс: 899.920156836
  Открытие:     2025-08-08 13:14:47
  Закрытие:     2025-08-08 13:20:29
  Цена входа:   3892.94
  Цена выхода:  3896.83294

[2025-08-08 13:20:59][TRADE] Закрыта позиция APT-USDT-SWAP PnL: -0.0099998 Причина: SL Баланс: 909.909960536
  Открытие:     2025-08-08 13:15:27
  Закрытие:     2025-08-08 13:20:59
  Цена входа:   4.663
  Цена выхода:  4.667663

[2025-08-08 13:21:59][TRADE] Закрыта позиция FXS-USDT-SWAP PnL: -0.00999997 Причина: SL Баланс: 909.899928771589
  Открытие:     2025-08-08 13:16:55
  Закрытие:     2025-08-08 13:22:00
  Цена входа:   2.843
  Цена выхода:  2.845843

[2025-08-08 13:22:25][TRADE] Закрыта позиция JOE-USDT-SWAP PnL: -0.01 Причина: SL Баланс: 909.889923175589
  Открытие:     2025-08-08 13:17:32
  Закрытие:     2025-08-08 13:22:25
  Цена входа:   0.1582
  Цена выхода:  0.1583582

[2025-08-08 13:24:05][TRADE] Закрыта позиция VIRTUAL-USDT-SWAP PnL: 0.03 Причина: TP Баланс: 919.919924095589
  Открытие:     2025-08-08 13:19:28
  Закрытие:     2025-08-08 13:24:05
  Цена входа:   1.3434
  Цена выхода:  1.3393698

[2025-08-08 13:24:16][TRADE] Закрыта позиция ZETA-USDT-SWAP PnL: 0.03 Причина: TP Баланс: 929.949924175589
  Открытие:     2025-08-08 13:19:50
  Закрытие:     2025-08-08 13:24:17
  Цена входа:   0.1962
  Цена выхода:  0.1956114

[2025-08-08 13:24:42][TRADE] Закрыта позиция FIL-USD-SWAP PnL: 0.02999988 Причина: TP Баланс: 939.979884055589
  Открытие:     2025-08-08 13:14:33
  Закрытие:     2025-08-08 13:24:43
  Цена входа:   2.495
  Цена выхода:  2.487515

[2025-08-08 13:26:12][TRADE] Закрыта позиция FLOKI-USDT-SWAP PnL: 0.02987113 Причина: TP Баланс: 950.00975518
  Открытие:     2025-08-08 13:21:58
  Закрытие:     2025-08-08 13:26:13
  Цена входа:   0.00011717
  Цена выхода:  0.00011682

[2025-08-08 13:28:31][TRADE] Закрыта позиция SYRUP-USDT-SWAP PnL: 0.02999997 Причина: TP Баланс: 960.03974493
  Открытие:     2025-08-08 13:19:02
  Закрытие:     2025-08-08 13:28:31
  Цена входа:   0.4829
  Цена выхода:  0.4814513

[2025-08-08 13:31:04][TRADE] Закрыта позиция HOME-USDT-SWAP PnL: -0.01 Причина: SL Баланс: 870.029152961089
  Открытие:     2025-08-08 13:22:13
  Закрытие:     2025-08-08 13:31:05
  Цена входа:   0.03722
  Цена выхода:  0.03725722

[2025-08-08 13:32:50][TRADE] Закрыта позиция ZETA-USDT-SWAP PnL: -0.00999999 Причина: SL Баланс: 820.019342143089
  Открытие:     2025-08-08 13:29:09
  Закрытие:     2025-08-08 13:32:51
  Цена входа:   0.1956
  Цена выхода:  0.1957956

[2025-08-08 13:32:52][TRADE] Закрыта позиция ZRO-USDT-SWAP PnL: -0.00999997 Причина: SL Баланс: 830.009308773089
  Открытие:     2025-08-08 13:29:12
  Закрытие:     2025-08-08 13:32:53
  Цена входа:   1.846
  Цена выхода:  1.847846

[2025-08-08 13:33:14][TRADE] Закрыта позиция DOT-USD-SWAP PnL: -0.01000002 Причина: SL Баланс: 808.344337753089
  Открытие:     2025-08-08 13:29:36
  Закрытие:     2025-08-08 13:33:14
  Цена входа:   3.89
  Цена выхода:  3.89389

[2025-08-08 13:33:37][TRADE] Закрыта позиция AI16Z-USDT-SWAP PnL: -0.01 Причина: SL Баланс: 788.334114033089
  Открытие:     2025-08-08 13:29:59
  Закрытие:     2025-08-08 13:33:38
  Цена входа:   0.1335
  Цена выхода:  0.1336335

[2025-08-08 13:36:01][TRADE] Закрыта позиция SHELL-USDT-SWAP PnL: -0.01 Причина: SL Баланс: 758.32412718929
  Открытие:     2025-08-08 13:32:11
  Закрытие:     2025-08-08 13:36:02
  Цена входа:   0.159
  Цена выхода:  0.159159

[2025-08-08 13:36:32][TRADE] Закрыта позиция TRX-USDT-SWAP PnL: -0.01000001 Причина: SL Баланс: 768.31413314329
  Открытие:     2025-08-08 13:04:08
  Закрытие:     2025-08-08 13:36:32
  Цена входа:   0.33787
  Цена выхода:  0.33820787

[2025-08-08 13:37:23][TRADE] Закрыта позиция ATOM-USD-SWAP PnL: -0.0100002 Причина: SL Баланс: 778.30433194329
  Открытие:     2025-08-08 13:33:12
  Закрытие:     2025-08-08 13:37:23
  Цена входа:   4.505
  Цена выхода:  4.509505

[2025-08-08 13:37:43][TRADE] Закрыта позиция XRP-USDT-SWAP PnL: -0.00999984 Причина: SL Баланс: 778.29417341529
  Открытие:     2025-08-08 13:33:27
  Закрытие:     2025-08-08 13:37:43
  Цена входа:   3.3134
  Цена выхода:  3.3167134

[2025-08-08 13:37:53][TRADE] Закрыта позиция AERO-USDT-SWAP PnL: -0.00999996 Причина: SL Баланс: 788.28413837529
  Открытие:     2025-08-08 13:33:35
  Закрытие:     2025-08-08 13:37:53
  Цена входа:   0.8756
  Цена выхода:  0.8764756

[2025-08-08 13:38:13][TRADE] Закрыта позиция BABY-USDT-SWAP PnL: -0.01 Причина: SL Баланс: 798.27413923929
  Открытие:     2025-08-08 13:30:14
  Закрытие:     2025-08-08 13:38:14
  Цена входа:   0.06496
  Цена выхода:  0.06502496

[2025-08-08 13:38:17][TRADE] Закрыта позиция BERA-USDT-SWAP PnL: -0.01000007 Причина: SL Баланс: 808.26420756929
  Открытие:     2025-08-08 13:30:17
  Закрытие:     2025-08-08 13:38:17
  Цена входа:   1.918
  Цена выхода:  1.919918

[2025-08-08 13:38:24][TRADE] Закрыта позиция BONK-USDT-SWAP PnL: -0.00812725 Причина: SL Баланс: 818.2560803202
  Открытие:     2025-08-08 13:30:24
  Закрытие:     2025-08-08 13:38:24
  Цена входа:   2.5839E-05
  Цена выхода:  2.586E-05

[2025-08-08 13:38:47][TRADE] Закрыта позиция DOOD-USDT-SWAP PnL: -0.01001161 Причина: SL Баланс: 828.246068834
  Открытие:     2025-08-08 13:34:20
  Закрытие:     2025-08-08 13:38:47
  Цена входа:   0.003446
  Цена выхода:  0.00344945

[2025-08-08 13:39:17][TRADE] Закрыта позиция FLOW-USDT-SWAP PnL: -0.00999998 Причина: SL Баланс: 838.236050994
  Открытие:     2025-08-08 13:34:32
  Закрытие:     2025-08-08 13:39:18
  Цена входа:   0.3714
  Цена выхода:  0.3717714

[2025-08-08 13:39:54][TRADE] Закрыта позиция LAYER-USDT-SWAP PnL: -0.01 Причина: SL Баланс: 848.226047094
  Открытие:     2025-08-08 13:31:22
  Закрытие:     2025-08-08 13:39:54
  Цена входа:   0.6242
  Цена выхода:  0.6248242

[2025-08-08 13:40:12][TRADE] Закрыта позиция MINA-USDT-SWAP PnL: -0.01 Причина: SL Баланс: 848.2160463734
  Открытие:     2025-08-08 13:31:35
  Закрытие:     2025-08-08 13:40:12
  Цена входа:   0.1914
  Цена выхода:  0.1915914

[2025-08-08 13:40:24][TRADE] Закрыта позиция NEO-USDT-SWAP PnL: -0.0099998 Причина: SL Баланс: 858.2058490734
  Открытие:     2025-08-08 13:31:43
  Закрытие:     2025-08-08 13:40:24
  Цена входа:   6.315
  Цена выхода:  6.321315

[2025-08-08 13:40:53][TRADE] Закрыта позиция PUMP-USDT-SWAP PnL: -0.01 Причина: SL Баланс: 848.1958625034
  Открытие:     2025-08-08 13:35:50
  Закрытие:     2025-08-08 13:40:54
  Цена входа:   0.00336
  Цена выхода:  0.00336336

[2025-08-08 13:41:10][TRADE] Закрыта позиция SCR-USDT-SWAP PnL: -0.01000001 Причина: SL Баланс: 848.1857879934
  Открытие:     2025-08-08 13:36:01
  Закрытие:     2025-08-08 13:41:11
  Цена входа:   0.3165
  Цена выхода:  0.3168165

[2025-08-08 13:41:39][TRADE] Закрыта позиция TNSR-USDT-SWAP PnL: -0.01 Причина: SL Баланс: 858.1757911934
  Открытие:     2025-08-08 13:32:28
  Закрытие:     2025-08-08 13:41:40
  Цена входа:   0.132
  Цена выхода:  0.132132

[2025-08-08 13:42:41][TRADE] Закрыта позиция XRP-USD-SWAP PnL: -0.01 Причина: SL Баланс: 828.0399560934
  Открытие:     2025-08-08 13:33:10
  Закрытие:     2025-08-08 13:42:42
  Цена входа:   3.314
  Цена выхода:  3.317314

[2025-08-08 13:42:48][TRADE] Закрыта позиция ETC-USD-SWAP PnL: -0.01000042 Причина: SL Баланс: 838.0303776734
  Открытие:     2025-08-08 13:33:16
  Закрытие:     2025-08-08 13:42:49
  Цена входа:   21.66
  Цена выхода:  21.68166

[2025-08-08 13:43:29][TRADE] Закрыта позиция AR-USDT-SWAP PnL: -0.00999976 Причина: SL Баланс: 828.0201473204
  Открытие:     2025-08-08 13:30:06
  Закрытие:     2025-08-08 13:43:30
  Цена входа:   7.176
  Цена выхода:  7.183176

[2025-08-08 13:43:36][TRADE] Закрыта позиция ATOM-USDT-SWAP PnL: -0.01000002 Причина: SL Баланс: 838.0101703004
  Открытие:     2025-08-08 13:30:10
  Закрытие:     2025-08-08 13:43:36
  Цена входа:   4.51
  Цена выхода:  4.51451

[2025-08-08 13:46:19][TRADE] Закрыта позиция OM-USDT-SWAP PnL: -0.01 Причина: SL Баланс: 737.9999730219
  Открытие:     2025-08-08 13:40:32
  Закрытие:     2025-08-08 13:46:20
  Цена входа:   0.2746
  Цена выхода:  0.2748746

[2025-08-08 13:46:42][TRADE] Закрыта позиция QTUM-USDT-SWAP PnL: -0.01000008 Причина: SL Баланс: 737.9900508419
  Открытие:     2025-08-08 13:40:57
  Закрытие:     2025-08-08 13:46:42
  Цена входа:   2.147
  Цена выхода:  2.149147

[2025-08-08 13:47:43][TRADE] Закрыта позиция WLD-USDT-SWAP PnL: -0.00999996 Причина: SL Баланс: 727.98001170126
  Открытие:     2025-08-08 13:42:06
  Закрытие:     2025-08-08 13:47:44
  Цена входа:   1.017
  Цена выхода:  1.018017

[2025-08-08 13:47:46][TRADE] Закрыта позиция XLM-USDT-SWAP PnL: -0.00999999 Причина: SL Баланс: 737.97000619126
  Открытие:     2025-08-08 13:42:12
  Закрытие:     2025-08-08 13:47:47
  Цена входа:   0.4606
  Цена выхода:  0.4610606

[2025-08-08 13:48:00][TRADE] Закрыта позиция ZRX-USDT-SWAP PnL: -0.01 Причина: SL Баланс: 737.96000241126
  Открытие:     2025-08-08 13:42:23
  Закрытие:     2025-08-08 13:48:00
  Цена входа:   0.2527
  Цена выхода:  0.2529527

[2025-08-08 13:48:41][TRADE] Закрыта позиция XLM-USD-SWAP PnL: -0.00999998 Причина: SL Баланс: 747.94998337426
  Открытие:     2025-08-08 13:43:00
  Закрытие:     2025-08-08 13:48:41
  Цена входа:   0.46047
  Цена выхода:  0.46093047

[2025-08-08 13:48:59][TRADE] Закрыта позиция AIXBT-USDT-SWAP PnL: -0.01000001 Причина: SL Баланс: 747.93998415426
  Открытие:     2025-08-08 13:43:23
  Закрытие:     2025-08-08 13:48:59
  Цена входа:   0.12851
  Цена выхода:  0.12863851

[2025-08-08 13:49:14][TRADE] Закрыта позиция AXS-USDT-SWAP PnL: -0.00999992 Причина: SL Баланс: 757.92990913426
  Открытие:     2025-08-08 13:43:42
  Закрытие:     2025-08-08 13:49:14
  Цена входа:   2.401
  Цена выхода:  2.403401

[2025-08-08 13:49:31][TRADE] Закрыта позиция CATI-USDT-SWAP PnL: 0.03 Причина: TP Баланс: 767.95990895326
  Открытие:     2025-08-08 13:44:00
  Закрытие:     2025-08-08 13:49:32
  Цена входа:   0.09609
  Цена выхода:  0.09580173

