[2025-08-08 12:03:42][TRADE] Закрыта позиция NEWT-USDT-SWAP PnL: -0.04999998 Причина: SL Баланс: 919.950208106
  Открытие:     2025-08-08 11:32:25
  Закрытие:     2025-08-08 12:03:42
  Цена входа:   0.3452
  Цена выхода:  0.346926

[2025-08-08 12:07:50][TRADE] Закрыта позиция SUI-USDT-SWAP PnL: -0.04999997 Причина: SL Баланс: 929.900202516
  Открытие:     2025-08-08 11:33:02
  Закрытие:     2025-08-08 12:07:51
  Цена входа:   3.8429
  Цена выхода:  3.8621145

[2025-08-08 12:08:46][TRADE] Закрыта позиция SUI-USD-SWAP PnL: -0.04999955 Причина: SL Баланс: 939.850111966
  Открытие:     2025-08-08 11:30:39
  Закрытие:     2025-08-08 12:08:46
  Цена входа:   3.838
  Цена выхода:  3.85719

[2025-08-08 12:09:45][TRADE] Закрыта позиция DYDX-USDT-SWAP PnL: -0.04999989 Причина: SL Баланс: 949.800090376
  Открытие:     2025-08-08 11:42:02
  Закрытие:     2025-08-08 12:09:45
  Цена входа:   0.6186
  Цена выхода:  0.621693

[2025-08-08 13:00:37][TRADE] Закрыта позиция BIO-USDT-SWAP PnL: -0.05000002 Причина: SL Баланс: 929.750095402
  Открытие:     2025-08-08 12:32:21
  Закрытие:     2025-08-08 13:00:37
  Цена входа:   0.08424
  Цена выхода:  0.0846612

[2025-08-08 13:07:20][TRADE] Закрыта позиция TON-USDT-SWAP PnL: -0.04999956 Причина: SL Баланс: 929.700008915
  Открытие:     2025-08-08 11:37:49
  Закрытие:     2025-08-08 13:07:20
  Цена входа:   3.355
  Цена выхода:  3.371775

[2025-08-08 13:13:35][TRADE] Закрыта позиция CFX-USDT-SWAP PnL: -0.05000005 Причина: SL Баланс: 939.650018109
  Открытие:     2025-08-08 12:32:30
  Закрытие:     2025-08-08 13:13:35
  Цена входа:   0.21754
  Цена выхода:  0.2186277

[2025-08-08 13:38:08][TRADE] Закрыта позиция PUMP-USDT-SWAP PnL: -0.04998505 Причина: SL Баланс: 949.600032986
  Открытие:     2025-08-08 13:02:14
  Закрытие:     2025-08-08 13:38:09
  Цена входа:   0.003345
  Цена выхода:  0.00336172

