[2025-08-08 11:31:30][TRADE] Закрыта позиция XLM-USD-SWAP PnL: -0.02000001 Причина: SL Баланс: 909.971235261
  Открытие:     2025-08-08 11:25:00
  Закрытие:     2025-08-08 11:31:31
  Цена входа:   0.46144
  Цена выхода:  0.46236288

[2025-08-08 11:31:32][TRADE] Закрыта позиция SOL-USDT-SWAP PnL: -0.02000556 Причина: SL Баланс: 919.954007701
  Открытие:     2025-08-08 11:25:03
  Закрытие:     2025-08-08 11:31:33
  Цена входа:   175.18
  Цена выхода:  175.53036

[2025-08-08 11:31:33][TRADE] Закрыта позиция TON-USDT-SWAP PnL: -0.0199998 Причина: SL Баланс: 929.933905501
  Открытие:     2025-08-08 11:25:04
  Закрытие:     2025-08-08 11:31:34
  Цена входа:   3.344
  Цена выхода:  3.350688

[2025-08-08 11:33:32][TRADE] Закрыта позиция ONDO-USDT-SWAP PnL: -0.01999991 Причина: SL Баланс: 929.913852461
  Открытие:     2025-08-08 11:26:50
  Закрытие:     2025-08-08 11:33:32
  Цена входа:   1.0133
  Цена выхода:  1.0153266

[2025-08-08 11:34:53][TRADE] Закрыта позиция SOL-USD-SWAP PnL: -0.02001241 Причина: SL Баланс: 939.900044051
  Открытие:     2025-08-08 11:28:02
  Закрытие:     2025-08-08 11:34:54
  Цена входа:   175.24
  Цена выхода:  175.59048

[2025-08-08 11:39:52][TRADE] Закрыта позиция FARTCOIN-USDT-SWAP PnL: -0.01999993 Причина: SL Баланс: 939.880032821
  Открытие:     2025-08-08 11:25:57
  Закрытие:     2025-08-08 11:39:52
  Цена входа:   1.0402
  Цена выхода:  1.0422804

[2025-08-08 11:40:37][TRADE] Закрыта позиция MORPHO-USDT-SWAP PnL: -0.01999986 Причина: SL Баланс: 949.859961081
  Открытие:     2025-08-08 11:26:40
  Закрытие:     2025-08-08 11:40:37
  Цена входа:   2.1092
  Цена выхода:  2.1134184

[2025-08-08 11:42:31][TRADE] Закрыта позиция APE-USDT-SWAP PnL: -0.01999995 Причина: SL Баланс: 949.839939931
  Открытие:     2025-08-08 11:35:29
  Закрытие:     2025-08-08 11:42:31
  Цена входа:   0.61
  Цена выхода:  0.61122

[2025-08-08 11:50:25][TRADE] Закрыта позиция LAYER-USDT-SWAP PnL: -0.02000001 Причина: SL Баланс: 959.819946761
  Открытие:     2025-08-08 11:33:03
  Закрытие:     2025-08-08 11:50:26
  Цена входа:   0.6263
  Цена выхода:  0.6275526

[2025-08-08 11:53:53][TRADE] Закрыта позиция JST-USDT-SWAP PnL: -0.02 Причина: SL Баланс: 969.79994661
  Открытие:     2025-08-08 11:26:21
  Закрытие:     2025-08-08 11:53:53
  Цена входа:   0.03309
  Цена выхода:  0.03315618

[2025-08-08 11:59:32][TRADE] Закрыта позиция AERO-USDT-SWAP PnL: -0.02000008 Причина: SL Баланс: 979.77998453
  Открытие:     2025-08-08 11:28:27
  Закрытие:     2025-08-08 11:59:32
  Цена входа:   0.887
  Цена выхода:  0.888774

[2025-08-08 12:07:40][TRADE] Закрыта позиция JOE-USDT-SWAP PnL: -0.02000001 Причина: SL Баланс: 969.760006016
  Открытие:     2025-08-08 11:29:36
  Закрытие:     2025-08-08 12:07:40
  Цена входа:   0.1585
  Цена выхода:  0.158817

[2025-08-08 12:18:40][TRADE] Закрыта позиция PI-USDT-SWAP PnL: -0.01999999 Причина: SL Баланс: 939.740010875
  Открытие:     2025-08-08 11:42:18
  Закрытие:     2025-08-08 12:18:41
  Цена входа:   0.368
  Цена выхода:  0.368736

[2025-08-08 12:26:35][TRADE] Закрыта позиция LAUNCHCOIN-USDT-SWAP PnL: 0.05999998 Причина: TP Баланс: 899.800040205
  Открытие:     2025-08-08 12:21:24
  Закрытие:     2025-08-08 12:26:36
  Цена входа:   0.08479
  Цена выхода:  0.08428126

[2025-08-08 12:28:14][TRADE] Закрыта позиция VINE-USDT-SWAP PnL: 0.05999998 Причина: TP Баланс: 899.8600371346
  Открытие:     2025-08-08 12:12:37
  Закрытие:     2025-08-08 12:28:14
  Цена входа:   0.06778
  Цена выхода:  0.06737332

[2025-08-08 12:28:16][TRADE] Закрыта позиция W-USDT-SWAP PnL: 0.05999998 Причина: TP Баланс: 909.9200341376
  Открытие:     2025-08-08 12:17:19
  Закрытие:     2025-08-08 12:28:16
  Цена входа:   0.08273
  Цена выхода:  0.08223362

[2025-08-08 12:31:29][TRADE] Закрыта позиция PUMP-USDT-SWAP PnL: 0.05999402 Причина: TP Баланс: 919.980028066
  Открытие:     2025-08-08 12:27:30
  Закрытие:     2025-08-08 12:31:29
  Цена входа:   0.003342
  Цена выхода:  0.00332195

[2025-08-08 12:32:56][TRADE] Закрыта позиция SPK-USDT-SWAP PnL: -0.02 Причина: SL Баланс: 929.960028986
  Открытие:     2025-08-08 12:24:52
  Закрытие:     2025-08-08 12:32:56
  Цена входа:   0.11195
  Цена выхода:  0.1121739

[2025-08-08 12:33:56][TRADE] Закрыта позиция FARTCOIN-USDT-SWAP PnL: 0.05999981 Причина: TP Баланс: 930.020001292
  Открытие:     2025-08-08 12:25:57
  Закрытие:     2025-08-08 12:33:57
  Цена входа:   1.0325
  Цена выхода:  1.026305

[2025-08-08 12:38:21][TRADE] Закрыта позиция NEWT-USDT-SWAP PnL: 0.06000004 Причина: TP Баланс: 940.080007802
  Открытие:     2025-08-08 12:15:30
  Закрытие:     2025-08-08 12:38:22
  Цена входа:   0.3483
  Цена выхода:  0.3462102

[2025-08-08 12:45:52][TRADE] Закрыта позиция SAHARA-USDT-SWAP PnL: -0.02 Причина: SL Баланс: 940.060007802
  Открытие:     2025-08-08 12:42:21
  Закрытие:     2025-08-08 12:45:52
  Цена входа:   0.08762
  Цена выхода:  0.08779524

[2025-08-08 12:47:22][TRADE] Закрыта позиция ALCH-USDT-SWAP PnL: -0.01999999 Причина: SL Баланс: 940.040013676
  Открытие:     2025-08-08 12:33:09
  Закрытие:     2025-08-08 12:47:23
  Цена входа:   0.14712
  Цена выхода:  0.14741424

[2025-08-08 12:51:07][TRADE] Закрыта позиция BAT-USDT-SWAP PnL: 0.06000001 Причина: TP Баланс: 930.10001672
  Открытие:     2025-08-08 12:19:27
  Закрытие:     2025-08-08 12:51:08
  Цена входа:   0.1527
  Цена выхода:  0.1517838

[2025-08-08 12:53:03][TRADE] Закрыта позиция SONIC-USDT-SWAP PnL: 0.05999994 Причина: TP Баланс: 940.16000666
  Открытие:     2025-08-08 12:16:43
  Закрытие:     2025-08-08 12:53:03
  Цена входа:   0.222
  Цена выхода:  0.220668

[2025-08-08 12:53:24][TRADE] Закрыта позиция USELESS-USDT-SWAP PnL: 0.05999994 Причина: TP Баланс: 940.219996272
  Открытие:     2025-08-08 12:46:20
  Закрытие:     2025-08-08 12:53:25
  Цена входа:   0.2084
  Цена выхода:  0.2071496

[2025-08-08 12:56:34][TRADE] Закрыта позиция SOON-USDT-SWAP PnL: -0.02 Причина: SL Баланс: 950.19999724
  Открытие:     2025-08-08 12:53:05
  Закрытие:     2025-08-08 12:56:34
  Цена входа:   0.19016
  Цена выхода:  0.19054032

[2025-08-08 12:58:37][TRADE] Закрыта позиция FLM-USDT-SWAP PnL: -0.02 Причина: SL Баланс: 960.17999801
  Открытие:     2025-08-08 12:48:10
  Закрытие:     2025-08-08 12:58:37
  Цена входа:   0.02945
  Цена выхода:  0.0295089

[2025-08-08 13:05:50][TRADE] Закрыта позиция HOME-USDT-SWAP PnL: -0.02 Причина: SL Баланс: 970.159996536
  Открытие:     2025-08-08 12:48:24
  Закрытие:     2025-08-08 13:05:51
  Цена входа:   0.03738
  Цена выхода:  0.03745476

[2025-08-08 13:23:29][TRADE] Закрыта позиция VIRTUAL-USDT-SWAP PnL: 0.05999983 Причина: TP Баланс: 890.2198389317
  Открытие:     2025-08-08 13:18:46
  Закрытие:     2025-08-08 13:23:30
  Цена входа:   1.346
  Цена выхода:  1.337924

[2025-08-08 13:25:34][TRADE] Закрыта позиция ETHFI-USDT-SWAP PnL: 0.06000018 Причина: TP Баланс: 829.9358150238
  Открытие:     2025-08-08 13:10:06
  Закрытие:     2025-08-08 13:25:34
  Цена входа:   1.1087
  Цена выхода:  1.1020478

[2025-08-08 13:26:06][TRADE] Закрыта позиция IP-USDT-SWAP PnL: -0.02000018 Причина: SL Баланс: 829.9159063118
  Открытие:     2025-08-08 13:21:47
  Закрытие:     2025-08-08 13:26:07
  Цена входа:   6.6029
  Цена выхода:  6.6161058

[2025-08-08 13:31:50][TRADE] Закрыта позиция SIGN-USDT-SWAP PnL: -0.01999999 Причина: SL Баланс: 799.8959729058
  Открытие:     2025-08-08 13:27:29
  Закрытие:     2025-08-08 13:31:51
  Цена входа:   0.07562
  Цена выхода:  0.07577124

[2025-08-08 13:33:14][TRADE] Закрыта позиция AERO-USDT-SWAP PnL: 0.05999981 Причина: TP Баланс: 809.9559407158
  Открытие:     2025-08-08 13:20:04
  Закрытие:     2025-08-08 13:33:14
  Цена входа:   0.88
  Цена выхода:  0.87472

[2025-08-08 13:35:39][TRADE] Закрыта позиция SOLV-USDT-SWAP PnL: -0.02 Причина: SL Баланс: 799.9355573018
  Открытие:     2025-08-08 13:22:58
  Закрытие:     2025-08-08 13:35:39
  Цена входа:   0.04306
  Цена выхода:  0.04314612

[2025-08-08 13:36:24][TRADE] Закрыта позиция ZENT-USDT-SWAP PnL: -0.01999751 Причина: SL Баланс: 809.9155594137
  Открытие:     2025-08-08 13:23:42
  Закрытие:     2025-08-08 13:36:25
  Цена входа:   0.008031
  Цена выхода:  0.00804706

[2025-08-08 13:37:47][TRADE] Закрыта позиция BABY-USDT-SWAP PnL: -0.02 Причина: SL Баланс: 819.8955596157
  Открытие:     2025-08-08 13:24:54
  Закрытие:     2025-08-08 13:37:48
  Цена входа:   0.06494
  Цена выхода:  0.06506988

[2025-08-08 13:38:11][TRADE] Закрыта позиция CTC-USDT-SWAP PnL: -0.01999994 Причина: SL Баланс: 819.8755202757
  Открытие:     2025-08-08 13:33:50
  Закрытие:     2025-08-08 13:38:12
  Цена входа:   0.6988
  Цена выхода:  0.7001976

[2025-08-08 13:38:44][TRADE] Закрыта позиция GPS-USDT-SWAP PnL: -0.02 Причина: SL Баланс: 829.8555208577
  Открытие:     2025-08-08 13:25:49
  Закрытие:     2025-08-08 13:38:45
  Цена входа:   0.01702
  Цена выхода:  0.01705404

[2025-08-08 13:40:08][TRADE] Закрыта позиция PENGU-USDT-SWAP PnL: -0.02000054 Причина: SL Баланс: 829.8356392889
  Открытие:     2025-08-08 13:22:32
  Закрытие:     2025-08-08 13:40:08
  Цена входа:   0.036874
  Цена выхода:  0.03694775

[2025-08-08 13:40:45][TRADE] Закрыта позиция SPX-USDT-SWAP PnL: -0.02000012 Причина: SL Баланс: 829.8157048789
  Открытие:     2025-08-08 13:23:03
  Закрытие:     2025-08-08 13:40:46
  Цена входа:   1.7708
  Цена выхода:  1.7743416

[2025-08-08 13:44:00][TRADE] Закрыта позиция FARTCOIN-USDT-SWAP PnL: -0.0199999 Причина: SL Баланс: 809.7566215429
  Открытие:     2025-08-08 13:30:28
  Закрытие:     2025-08-08 13:44:00
  Цена входа:   1.0179
  Цена выхода:  1.0199358

[2025-08-08 13:48:02][TRADE] Закрыта позиция XLM-USD-SWAP PnL: -0.02000003 Причина: SL Баланс: 809.7366727329
  Открытие:     2025-08-08 13:24:16
  Закрытие:     2025-08-08 13:48:02
  Цена входа:   0.46055
  Цена выхода:  0.4614711

