[2025-08-08 11:34:24][TRADE] Закрыта позиция SHELL-USDT-SWAP PnL: -0.03 Причина: SL Баланс: 809.970509974386
  Открытие:     2025-08-08 11:27:36
  Закрытие:     2025-08-08 11:34:24
  Цена входа:   0.1618
  Цена выхода:  0.1622854

[2025-08-08 11:38:10][TRADE] Закрыта позиция PNUT-USDT-SWAP PnL: -0.02999999 Причина: SL Баланс: 819.940506224386
  Открытие:     2025-08-08 11:27:23
  Закрытие:     2025-08-08 11:38:10
  Цена входа:   0.2344
  Цена выхода:  0.2351032

[2025-08-08 11:41:18][TRADE] Закрыта позиция MOODENG-USDT-SWAP PnL: -0.02999999 Причина: SL Баланс: 829.910503514386
  Открытие:     2025-08-08 11:27:05
  Закрытие:     2025-08-08 11:41:18
  Цена входа:   0.16198
  Цена выхода:  0.16246594

[2025-08-08 11:41:57][TRADE] Закрыта позиция SPX-USDT-SWAP PnL: -0.03000021 Причина: SL Баланс: 839.880572824386
  Открытие:     2025-08-08 11:27:43
  Закрытие:     2025-08-08 11:41:57
  Цена входа:   1.7911
  Цена выхода:  1.7964733

[2025-08-08 11:46:58][TRADE] Закрыта позиция BLUR-USDT-SWAP PnL: -0.03 Причина: SL Баланс: 839.850571616386
  Открытие:     2025-08-08 11:32:28
  Закрытие:     2025-08-08 11:46:58
  Цена входа:   0.08546
  Цена выхода:  0.08571638

[2025-08-08 11:47:08][TRADE] Закрыта позиция COOKIE-USDT-SWAP PnL: -0.02999999 Причина: SL Баланс: 849.820569270386
  Открытие:     2025-08-08 11:32:39
  Закрытие:     2025-08-08 11:47:09
  Цена входа:   0.15148
  Цена выхода:  0.15193444

[2025-08-08 11:47:32][TRADE] Закрыта позиция GOAT-USDT-SWAP PnL: -0.03 Причина: SL Баланс: 859.790570193386
  Открытие:     2025-08-08 11:33:07
  Закрытие:     2025-08-08 11:47:33
  Цена входа:   0.09921
  Цена выхода:  0.09950763

[2025-08-08 11:48:15][TRADE] Закрыта позиция NEIRO-USDT-SWAP PnL: -0.03003447 Причина: SL Баланс: 849.760623758906
  Открытие:     2025-08-08 11:30:23
  Закрытие:     2025-08-08 11:48:15
  Цена входа:   0.0004062
  Цена выхода:  0.00040742

[2025-08-08 11:48:27][TRADE] Закрыта позиция PERP-USDT-SWAP PnL: -0.03000001 Причина: SL Баланс: 859.730627628906
  Открытие:     2025-08-08 11:30:36
  Закрытие:     2025-08-08 11:48:28
  Цена входа:   0.2726
  Цена выхода:  0.2734178

[2025-08-08 11:48:30][TRADE] Закрыта позиция POPCAT-USDT-SWAP PnL: -0.03000005 Причина: SL Баланс: 869.700643078906
  Открытие:     2025-08-08 11:27:25
  Закрытие:     2025-08-08 11:48:31
  Цена входа:   0.3225
  Цена выхода:  0.3234675

[2025-08-08 11:49:07][TRADE] Закрыта позиция USTC-USDT-SWAP PnL: -0.03 Причина: SL Баланс: 879.670642869906
  Открытие:     2025-08-08 11:31:16
  Закрытие:     2025-08-08 11:49:07
  Цена входа:   0.01363
  Цена выхода:  0.01367089

[2025-08-08 11:49:07][TRADE] Закрыта позиция UXLINK-USDT-SWAP PnL: -0.02999995 Причина: SL Баланс: 889.640626219906
  Открытие:     2025-08-08 11:31:17
  Закрытие:     2025-08-08 11:49:08
  Цена входа:   0.3361
  Цена выхода:  0.3371083

[2025-08-08 11:50:25][TRADE] Закрыта позиция BONK-USDT-SWAP PnL: -0.02978009 Причина: SL Баланс: 899.610846129
  Открытие:     2025-08-08 11:26:02
  Закрытие:     2025-08-08 11:50:26
  Цена входа:   2.6192E-05
  Цена выхода:  2.627E-05

[2025-08-08 11:50:59][TRADE] Закрыта позиция GRASS-USDT-SWAP PnL: -0.02999991 Причина: SL Баланс: 889.580813655
  Открытие:     2025-08-08 11:33:10
  Закрытие:     2025-08-08 11:51:00
  Цена входа:   0.7146
  Цена выхода:  0.7167438

[2025-08-08 11:51:01][TRADE] Закрыта позиция GRT-USDT-SWAP PnL: -0.03 Причина: SL Баланс: 899.550813513
  Открытие:     2025-08-08 11:33:12
  Закрытие:     2025-08-08 11:51:01
  Цена входа:   0.09462
  Цена выхода:  0.09490386

[2025-08-08 11:51:09][TRADE] Закрыта позиция INIT-USDT-SWAP PnL: -0.02999994 Причина: SL Баланс: 909.520794733
  Открытие:     2025-08-08 11:26:41
  Закрытие:     2025-08-08 11:51:09
  Цена входа:   0.4252
  Цена выхода:  0.4264756

[2025-08-08 11:51:28][TRADE] Закрыта позиция MASK-USDT-SWAP PnL: -0.02999992 Причина: SL Баланс: 919.490768613
  Открытие:     2025-08-08 11:33:42
  Закрытие:     2025-08-08 11:51:28
  Цена входа:   1.271
  Цена выхода:  1.274813

[2025-08-08 11:52:26][TRADE] Закрыта позиция TRB-USDT-SWAP PnL: -0.02999851 Причина: SL Баланс: 919.460287593
  Открытие:     2025-08-08 11:31:08
  Закрытие:     2025-08-08 11:52:26
  Цена входа:   37.92
  Цена выхода:  38.03376

[2025-08-08 11:57:35][TRADE] Закрыта позиция CETUS-USDT-SWAP PnL: -0.03 Причина: SL Баланс: 909.430279222
  Открытие:     2025-08-08 11:32:36
  Закрытие:     2025-08-08 11:57:35
  Цена входа:   0.10741
  Цена выхода:  0.10773223

[2025-08-08 12:01:45][TRADE] Закрыта позиция ICP-USDT-SWAP PnL: -0.02999974 Причина: SL Баланс: 899.4001901286
  Открытие:     2025-08-08 11:47:43
  Закрытие:     2025-08-08 12:01:45
  Цена входа:   5.357
  Цена выхода:  5.373071

[2025-08-08 12:05:47][TRADE] Закрыта позиция MEW-USDT-SWAP PnL: -0.03 Причина: SL Баланс: 849.3705782826
  Открытие:     2025-08-08 11:48:09
  Закрытие:     2025-08-08 12:05:48
  Цена входа:   0.00325
  Цена выхода:  0.00325975

[2025-08-08 12:08:22][TRADE] Закрыта позиция COOKIE-USDT-SWAP PnL: -0.03 Причина: SL Баланс: 859.3405767346
  Открытие:     2025-08-08 11:50:33
  Закрытие:     2025-08-08 12:08:22
  Цена входа:   0.15238
  Цена выхода:  0.15283714

[2025-08-08 12:08:47][TRADE] Закрыта позиция GOAT-USDT-SWAP PnL: -0.03000001 Причина: SL Баланс: 869.3105803166
  Открытие:     2025-08-08 11:50:57
  Закрытие:     2025-08-08 12:08:47
  Цена входа:   0.09992
  Цена выхода:  0.10021976

[2025-08-08 12:09:18][TRADE] Закрыта позиция MASK-USDT-SWAP PnL: -0.03000002 Причина: SL Баланс: 879.2805884966
  Открытие:     2025-08-08 11:55:06
  Закрытие:     2025-08-08 12:09:19
  Цена входа:   1.274
  Цена выхода:  1.277822

[2025-08-08 12:09:44][TRADE] Закрыта позиция PERP-USDT-SWAP PnL: -0.02999996 Причина: SL Баланс: 889.2505750466
  Открытие:     2025-08-08 11:51:54
  Закрытие:     2025-08-08 12:09:45
  Цена входа:   0.2747
  Цена выхода:  0.2755241

[2025-08-08 12:10:28][TRADE] Закрыта позиция USTC-USDT-SWAP PnL: -0.03 Причина: SL Баланс: 899.2205751096
  Открытие:     2025-08-08 11:52:35
  Закрытие:     2025-08-08 12:10:28
  Цена входа:   0.01367
  Цена выхода:  0.01371101

[2025-08-08 12:16:09][TRADE] Закрыта позиция BRETT-USDT-SWAP PnL: -0.03000001 Причина: SL Баланс: 879.1571150316
  Открытие:     2025-08-08 12:04:39
  Закрытие:     2025-08-08 12:16:09
  Цена входа:   0.05678
  Цена выхода:  0.05695034

[2025-08-08 12:16:32][TRADE] Закрыта позиция DEGEN-USDT-SWAP PnL: -0.02999189 Причина: SL Баланс: 889.127122994
  Открытие:     2025-08-08 12:01:17
  Закрытие:     2025-08-08 12:16:33
  Цена входа:   0.003701
  Цена выхода:  0.0037121

[2025-08-08 12:18:36][TRADE] Закрыта позиция NMR-USDT-SWAP PnL: -0.02999882 Причина: SL Баланс: 799.0991110064
  Открытие:     2025-08-08 12:02:21
  Закрытие:     2025-08-08 12:18:36
  Цена входа:   8.787
  Цена выхода:  8.813361

[2025-08-08 12:18:39][TRADE] Закрыта позиция NXPC-USDT-SWAP PnL: -0.03000004 Причина: SL Баланс: 809.0691229664
  Открытие:     2025-08-08 12:02:23
  Закрытие:     2025-08-08 12:18:40
  Цена входа:   0.935
  Цена выхода:  0.937805

[2025-08-08 12:19:33][TRADE] Закрыта позиция SLP-USDT-SWAP PnL: -0.02997812 Причина: SL Баланс: 779.039079908399
  Открытие:     2025-08-08 12:02:52
  Закрытие:     2025-08-08 12:19:33
  Цена входа:   0.001828
  Цена выхода:  0.00183348

[2025-08-08 12:20:11][TRADE] Закрыта позиция UXLINK-USDT-SWAP PnL: -0.02999997 Причина: SL Баланс: 769.009085638399
  Открытие:     2025-08-08 12:03:16
  Закрытие:     2025-08-08 12:20:11
  Цена входа:   0.3384
  Цена выхода:  0.3394152

[2025-08-08 12:22:12][TRADE] Закрыта позиция SPK-USDT-SWAP PnL: -0.03 Причина: SL Баланс: 718.971343369399
  Открытие:     2025-08-08 12:00:31
  Закрытие:     2025-08-08 12:22:12
  Цена входа:   0.11239
  Цена выхода:  0.11272717

[2025-08-08 12:22:40][TRADE] Закрыта позиция ATH-USDT-SWAP PnL: -0.03 Причина: SL Баланс: 718.941341343399
  Открытие:     2025-08-08 11:46:49
  Закрытие:     2025-08-08 12:22:40
  Цена входа:   0.03598
  Цена выхода:  0.03608794

[2025-08-08 12:30:12][TRADE] Закрыта позиция SATS-USDT-SWAP PnL: 0.09655855 Причина: SL Баланс: 619.037845230416
  Открытие:     2025-08-08 12:19:28
  Закрытие:     2025-08-08 12:30:13
  Цена входа:   4.039E-08
  Цена выхода:  4E-08

[2025-08-08 12:30:48][TRADE] Закрыта позиция WLD-USDT-SWAP PnL: 0.10000048 Причина: TP Баланс: 629.137893960416
  Открытие:     2025-08-08 12:20:24
  Закрытие:     2025-08-08 12:30:48
  Цена входа:   1.0295
  Цена выхода:  1.019205

[2025-08-08 12:31:55][TRADE] Закрыта позиция AVAX-USDT-SWAP PnL: 0.10000464 Причина: TP Баланс: 639.238362600416
  Открытие:     2025-08-08 12:15:32
  Закрытие:     2025-08-08 12:31:55
  Цена входа:   23.586
  Цена выхода:  23.35014

[2025-08-08 12:32:09][TRADE] Закрыта позиция BRETT-USDT-SWAP PnL: 0.09999999 Причина: TP Баланс: 649.338361690416
  Открытие:     2025-08-08 12:22:58
  Закрытие:     2025-08-08 12:32:10
  Цена входа:   0.05716
  Цена выхода:  0.0565884

[2025-08-08 12:32:25][TRADE] Закрыта позиция DOOD-USDT-SWAP PnL: 0.1 Причина: TP Баланс: 649.438361637136
  Открытие:     2025-08-08 12:16:40
  Закрытие:     2025-08-08 12:32:25
  Цена входа:   0.003552
  Цена выхода:  0.00351648

[2025-08-08 12:32:30][TRADE] Закрыта позиция ENJ-USDT-SWAP PnL: 0.09999999 Причина: TP Баланс: 659.538360197136
  Открытие:     2025-08-08 12:16:49
  Закрытие:     2025-08-08 12:32:30
  Цена входа:   0.07286
  Цена выхода:  0.0721314

[2025-08-08 12:32:31][TRADE] Закрыта позиция ENS-USDT-SWAP PnL: 0.10000577 Причина: TP Баланс: 669.638942567136
  Открытие:     2025-08-08 12:16:52
  Закрытие:     2025-08-08 12:32:31
  Цена входа:   27.958
  Цена выхода:  27.67842

[2025-08-08 12:32:32][TRADE] Закрыта позиция ETHW-USDT-SWAP PnL: 0.09999995 Причина: TP Баланс: 679.738937517136
  Открытие:     2025-08-08 12:16:54
  Закрытие:     2025-08-08 12:32:33
  Цена входа:   1.657
  Цена выхода:  1.64043

[2025-08-08 12:33:27][TRADE] Закрыта позиция MUBARAK-USDT-SWAP PnL: 0.10000001 Причина: TP Баланс: 679.838938791136
  Открытие:     2025-08-08 12:18:24
  Закрытие:     2025-08-08 12:33:28
  Цена входа:   0.03558
  Цена выхода:  0.0352242

[2025-08-08 12:33:29][TRADE] Закрыта позиция NEIROETH-USDT-SWAP PnL: 0.09999996 Причина: TP Баланс: 689.938934431136
  Открытие:     2025-08-08 12:18:28
  Закрытие:     2025-08-08 12:33:30
  Цена входа:   0.13345
  Цена выхода:  0.1321155

[2025-08-08 12:33:43][TRADE] Закрыта позиция PEOPLE-USDT-SWAP PnL: 0.1 Причина: TP Баланс: 700.038934615136
  Открытие:     2025-08-08 12:19:00
  Закрытие:     2025-08-08 12:33:44
  Цена входа:   0.01931
  Цена выхода:  0.0191169

[2025-08-08 12:33:58][TRADE] Закрыта позиция S-USDT-SWAP PnL: 0.09999997 Причина: TP Баланс: 710.138931605136
  Открытие:     2025-08-08 12:19:25
  Закрытие:     2025-08-08 12:33:58
  Цена входа:   0.3042
  Цена выхода:  0.301158

[2025-08-08 12:48:00][TRADE] Закрыта позиция IMX-USDT-SWAP PnL: 0.09999975 Причина: TP Баланс: 650.239649311136
  Открытие:     2025-08-08 12:17:23
  Закрытие:     2025-08-08 12:48:01
  Цена входа:   0.5481
  Цена выхода:  0.542619

[2025-08-08 12:48:19][TRADE] Закрыта позиция LTC-USDT-SWAP PnL: 0.09997116 Причина: TP Баланс: 630.336701443136
  Открытие:     2025-08-08 12:17:55
  Закрытие:     2025-08-08 12:48:20
  Цена входа:   123.88
  Цена выхода:  122.6412

[2025-08-08 12:49:24][TRADE] Закрыта позиция THETA-USDT-SWAP PnL: 0.09999999 Причина: TP Баланс: 610.436693762136
  Открытие:     2025-08-08 12:19:57
  Закрытие:     2025-08-08 12:49:24
  Цена входа:   0.8212
  Цена выхода:  0.812988

[2025-08-08 12:52:51][TRADE] Закрыта позиция RAY-USDT-SWAP PnL: 0.10000101 Причина: TP Баланс: 610.536790272136
  Открытие:     2025-08-08 12:25:19
  Закрытие:     2025-08-08 12:52:52
  Цена входа:   2.8847
  Цена выхода:  2.855853

[2025-08-08 12:54:00][TRADE] Закрыта позиция DOGE-USD-SWAP PnL: 0.10000001 Причина: TP Баланс: 620.636791452136
  Открытие:     2025-08-08 12:26:44
  Закрытие:     2025-08-08 12:54:01
  Цена входа:   0.22454
  Цена выхода:  0.2222946

[2025-08-08 12:54:16][TRADE] Закрыта позиция DOGE-USDT-SWAP PnL: 0.09999994 Причина: TP Баланс: 630.736785032136
  Открытие:     2025-08-08 12:27:09
  Закрытие:     2025-08-08 12:54:17
  Цена входа:   0.22456
  Цена выхода:  0.2223144

[2025-08-08 12:54:26][TRADE] Закрыта позиция AEVO-USDT-SWAP PnL: 0.10000003 Причина: TP Баланс: 640.836787644136
  Открытие:     2025-08-08 12:22:26
  Закрытие:     2025-08-08 12:54:27
  Цена входа:   0.09963
  Цена выхода:  0.0986337

[2025-08-08 12:54:35][TRADE] Закрыта позиция ARC-USDT-SWAP PnL: 0.1 Причина: TP Баланс: 650.936788118136
  Открытие:     2025-08-08 12:35:41
  Закрытие:     2025-08-08 12:54:35
  Цена входа:   0.02074
  Цена выхода:  0.0205326

[2025-08-08 12:54:41][TRADE] Закрыта позиция BABY-USDT-SWAP PnL: 0.09999999 Причина: TP Баланс: 661.036786928136
  Открытие:     2025-08-08 12:15:39
  Закрытие:     2025-08-08 12:54:42
  Цена входа:   0.06594
  Цена выхода:  0.0652806

[2025-08-08 12:57:18][TRADE] Закрыта позиция XTZ-USDT-SWAP PnL: 0.09999992 Причина: TP Баланс: 671.136779268136
  Открытие:     2025-08-08 12:20:32
  Закрытие:     2025-08-08 12:57:19
  Цена входа:   0.8173
  Цена выхода:  0.809127

[2025-08-08 13:01:06][TRADE] Закрыта позиция YGG-USDT-SWAP PnL: -0.03 Причина: SL Баланс: 551.106833288536
  Открытие:     2025-08-08 12:46:00
  Закрытие:     2025-08-08 13:01:07
  Цена входа:   0.164
  Цена выхода:  0.164492

[2025-08-08 13:09:09][TRADE] Закрыта позиция PLUME-USDT-SWAP PnL: -0.03000001 Причина: SL Баланс: 301.075893618364
  Открытие:     2025-08-08 12:48:52
  Закрытие:     2025-08-08 13:09:09
  Цена входа:   0.09806
  Цена выхода:  0.09835418

[2025-08-08 13:13:19][TRADE] Закрыта позиция DOGS-USDT-SWAP PnL: -0.02992345 Причина: SL Баланс: 311.045970167244
  Открытие:     2025-08-08 12:32:24
  Закрытие:     2025-08-08 13:13:19
  Цена входа:   0.0001437
  Цена выхода:  0.00014413

[2025-08-08 13:14:33][TRADE] Закрыта позиция JUP-USDT-SWAP PnL: -0.03000002 Причина: SL Баланс: 321.015975667244
  Открытие:     2025-08-08 12:52:01
  Закрытие:     2025-08-08 13:14:34
  Цена входа:   0.4978
  Цена выхода:  0.4992934

[2025-08-08 13:17:56][TRADE] Закрыта позиция YGG-USDT-SWAP PnL: -0.03000002 Причина: SL Баланс: 280.985987597244
  Открытие:     2025-08-08 13:05:15
  Закрытие:     2025-08-08 13:17:57
  Цена входа:   0.1644
  Цена выхода:  0.1648932

[2025-08-08 13:17:58][TRADE] Закрыта позиция ZENT-USDT-SWAP PnL: -0.0299975 Причина: SL Баланс: 290.955989925444
  Открытие:     2025-08-08 13:01:08
  Закрытие:     2025-08-08 13:17:59
  Цена входа:   0.008014
  Цена выхода:  0.00803804

[2025-08-08 13:19:02][TRADE] Закрыта позиция AEVO-USDT-SWAP PnL: -0.03 Причина: SL Баланс: 280.925569022444
  Открытие:     2025-08-08 12:58:08
  Закрытие:     2025-08-08 13:19:03
  Цена входа:   0.09899
  Цена выхода:  0.09928697

[2025-08-08 13:19:59][TRADE] Закрыта позиция CELO-USDT-SWAP PnL: -0.02999997 Причина: SL Баланс: 240.895141242444
  Открытие:     2025-08-08 13:02:29
  Закрытие:     2025-08-08 13:19:59
  Цена входа:   0.3282
  Цена выхода:  0.3291846

[2025-08-08 13:20:08][TRADE] Закрыта позиция CRV-USDT-SWAP PnL: 0.09999967 Причина: TP Баланс: 250.995107512444
  Открытие:     2025-08-08 13:02:37
  Закрытие:     2025-08-08 13:20:08
  Цена входа:   0.923
  Цена выхода:  0.91377

[2025-08-08 13:20:12][TRADE] Закрыта позиция CVX-USDT-SWAP PnL: -0.03000005 Причина: SL Баланс: 250.965127040444
  Открытие:     2025-08-08 13:02:40
  Закрытие:     2025-08-08 13:20:13
  Цена входа:   4.449
  Цена выхода:  4.462347

[2025-08-08 13:21:15][TRADE] Закрыта позиция IOTA-USDT-SWAP PnL: -0.03000003 Причина: SL Баланс: 230.934441512316
  Открытие:     2025-08-08 13:03:21
  Закрытие:     2025-08-08 13:21:16
  Цена входа:   0.1994
  Цена выхода:  0.1999982

[2025-08-08 13:21:19][TRADE] Закрыта позиция JELLYJELLY-USDT-SWAP PnL: -0.03 Причина: SL Баланс: 240.904442403316
  Открытие:     2025-08-08 13:03:23
  Закрытие:     2025-08-08 13:21:20
  Цена входа:   0.02333
  Цена выхода:  0.02339999

[2025-08-08 13:21:26][TRADE] Закрыта позиция KAITO-USDT-SWAP PnL: -0.03000015 Причина: SL Баланс: 240.874556653316
  Открытие:     2025-08-08 12:48:10
  Закрытие:     2025-08-08 13:21:26
  Цена входа:   1.1635
  Цена выхода:  1.1669905

[2025-08-08 13:21:39][TRADE] Закрыта позиция LPT-USDT-SWAP PnL: -0.02999975 Причина: SL Баланс: 230.843984283316
  Открытие:     2025-08-08 13:03:36
  Закрытие:     2025-08-08 13:21:39
  Цена входа:   6.575
  Цена выхода:  6.594725

[2025-08-08 13:21:55][TRADE] Закрыта позиция METIS-USDT-SWAP PnL: -0.03000227 Причина: SL Баланс: 230.814736703316
  Открытие:     2025-08-08 13:03:48
  Закрытие:     2025-08-08 13:21:55
  Цена входа:   15.94
  Цена выхода:  15.98782

[2025-08-08 13:22:01][TRADE] Закрыта позиция MOVE-USDT-SWAP PnL: -0.03000001 Причина: SL Баланс: 240.784739720316
  Открытие:     2025-08-08 13:03:53
  Закрытие:     2025-08-08 13:22:02
  Цена входа:   0.13859
  Цена выхода:  0.13900577

[2025-08-08 13:22:05][TRADE] Закрыта позиция NEO-USDT-SWAP PnL: -0.0300003 Причина: SL Баланс: 250.754841020316
  Открытие:     2025-08-08 13:03:57
  Закрытие:     2025-08-08 13:22:05
  Цена входа:   6.312
  Цена выхода:  6.330936

[2025-08-08 13:22:13][TRADE] Закрыта позиция ONE-USDT-SWAP PnL: -0.02999541 Причина: SL Баланс: 260.724845329316
  Открытие:     2025-08-08 13:04:03
  Закрытие:     2025-08-08 13:22:14
  Цена входа:   0.010895
  Цена выхода:  0.01092768

[2025-08-08 13:23:58][TRADE] Закрыта позиция ZRO-USDT-SWAP PnL: -0.02999984 Причина: SL Баланс: 260.694792321416
  Открытие:     2025-08-08 13:05:22
  Закрытие:     2025-08-08 13:23:59
  Цена входа:   1.849
  Цена выхода:  1.854547

[2025-08-08 13:25:27][TRADE] Закрыта позиция BOME-USDT-SWAP PnL: 0.1 Причина: TP Баланс: 270.794792359416
  Открытие:     2025-08-08 12:27:58
  Закрытие:     2025-08-08 13:25:28
  Цена входа:   0.001855
  Цена выхода:  0.00183645

[2025-08-08 13:26:03][TRADE] Закрыта позиция FARTCOIN-USDT-SWAP PnL: 0.10000046 Причина: TP Баланс: 280.894839209416
  Открытие:     2025-08-08 12:47:40
  Закрытие:     2025-08-08 13:26:03
  Цена входа:   1.0273
  Цена выхода:  1.017027

[2025-08-08 13:26:56][TRADE] Закрыта позиция LRC-USDT-SWAP PnL: 0.09999996 Причина: TP Баланс: 290.994834917416
  Открытие:     2025-08-08 12:17:52
  Закрытие:     2025-08-08 13:26:57
  Цена входа:   0.08636
  Цена выхода:  0.0854964

[2025-08-08 13:39:08][TRADE] Закрыта позиция ZENT-USDT-SWAP PnL: -0.03000374 Причина: SL Баланс: 200.963918325316
  Открытие:     2025-08-08 13:23:53
  Закрытие:     2025-08-08 13:39:08
  Цена входа:   0.008029
  Цена выхода:  0.00805309

[2025-08-08 13:41:20][TRADE] Закрыта позиция COOKIE-USDT-SWAP PnL: -0.03000002 Причина: SL Баланс: 210.933923590316
  Открытие:     2025-08-08 13:02:34
  Закрытие:     2025-08-08 13:41:20
  Цена входа:   0.15045
  Цена выхода:  0.15090135

[2025-08-08 13:42:04][TRADE] Закрыта позиция FXS-USDT-SWAP PnL: -0.02999997 Причина: SL Баланс: 220.903913820316
  Открытие:     2025-08-08 13:20:46
  Закрытие:     2025-08-08 13:42:05
  Цена входа:   2.846
  Цена выхода:  2.854538

[2025-08-08 13:42:48][TRADE] Закрыта позиция LA-USDT-SWAP PnL: -0.02999997 Причина: SL Баланс: 230.873903970316
  Открытие:     2025-08-08 13:21:33
  Закрытие:     2025-08-08 13:42:49
  Цена входа:   0.3138
  Цена выхода:  0.3147414

[2025-08-08 13:45:06][TRADE] Закрыта позиция UMA-USDT-SWAP PnL: -0.02999986 Причина: SL Баланс: 240.843856610316
  Открытие:     2025-08-08 13:00:50
  Закрытие:     2025-08-08 13:45:06
  Цена входа:   1.275
  Цена выхода:  1.278825

[2025-08-08 13:46:55][TRADE] Закрыта позиция AI16Z-USDT-SWAP PnL: -0.03000001 Причина: SL Баланс: 230.813894600316
  Открытие:     2025-08-08 13:30:23
  Закрытие:     2025-08-08 13:46:55
  Цена входа:   0.1335
  Цена выхода:  0.1339005

[2025-08-08 13:47:00][TRADE] Закрыта позиция ALGO-USDT-SWAP PnL: -0.03000002 Причина: SL Баланс: 240.783899610316
  Открытие:     2025-08-08 13:30:26
  Закрытие:     2025-08-08 13:47:01
  Цена входа:   0.2637
  Цена выхода:  0.2644911

[2025-08-08 13:48:23][TRADE] Закрыта позиция DYDX-USDT-SWAP PnL: -0.02999994 Причина: SL Баланс: 230.753889002316
  Открытие:     2025-08-08 13:31:13
  Закрытие:     2025-08-08 13:48:23
  Цена входа:   0.6201
  Цена выхода:  0.6219603

[2025-08-08 13:48:29][TRADE] Закрыта позиция ENJ-USDT-SWAP PnL: -0.02999999 Причина: SL Баланс: 240.723886388316
  Открытие:     2025-08-08 12:58:55
  Закрытие:     2025-08-08 13:48:29
  Цена входа:   0.07232
  Цена выхода:  0.07253696

[2025-08-08 13:48:32][TRADE] Закрыта позиция ETC-USDT-SWAP PnL: -0.03000211 Причина: SL Баланс: 250.694589278316
  Открытие:     2025-08-08 13:20:28
  Закрытие:     2025-08-08 13:48:33
  Цена входа:   21.67
  Цена выхода:  21.73501

[2025-08-08 13:48:55][TRADE] Закрыта позиция HMSTR-USDT-SWAP PnL: -0.03002402 Причина: SL Баланс: 260.664565228216
  Открытие:     2025-08-08 13:03:10
  Закрытие:     2025-08-08 13:48:55
  Цена входа:   0.0007494
  Цена выхода:  0.00075165

