[2025-08-29 11:00:30][TRADE] Закрыта позиция BCH-USD-SWAP SHORT PnL: -0.03086489 Причина: SL Баланс: 37.7063722461485 WinRate инструмента: 0%
🔄 Баланс: 37.7063722461485$ | PnL: -0.03086489 💵 | Сделок: 1
[2025-08-29 11:02:48][TRADE] Закрыта позиция SUI-USDT-SWAP SHORT PnL: 0.09915481 Причина: TP Баланс: 17.7784865370145 WinRate инструмента: 100%
🔄 Баланс: 17.7784865370145$ | PnL: 0.06828992 💵 | Сделок: 2
[2025-08-29 11:03:18][TRADE] Закрыта позиция ETH-USD-SWAP SHORT PnL: 0.07143739 Причина: TP Баланс: 17.6492179080055 WinRate инструмента: 100%
🔄 Баланс: 17.6492179080055$ | PnL: 0.13972731 💵 | Сделок: 3
[2025-08-29 11:03:29][TRADE] Закрыта позиция SUI-USD-SWAP SHORT PnL: 0.08280312 Причина: TP Баланс: 17.7241221416255 WinRate инструмента: 100%
🔄 Баланс: 17.7241221416255$ | PnL: 0.22253043 💵 | Сделок: 4
[2025-08-29 11:03:32][TRADE] Закрыта позиция ETH-USDT-SWAP SHORT PnL: 0.07113554 Причина: TP Баланс: 27.6021756816255 WinRate инструмента: 100%
🔄 Баланс: 27.6021756816255$ | PnL: 0.29366597 💵 | Сделок: 5
[2025-08-29 11:04:05][TRADE] Закрыта позиция CETUS-USDT-SWAP SHORT PnL: 0.13339688 Причина: TP Баланс: 17.7175835563335 WinRate инструмента: 100%
🔄 Баланс: 17.7175835563335$ | PnL: 0.42706285 💵 | Сделок: 6
[2025-08-29 11:04:19][TRADE] Закрыта позиция DOGS-USDT-SWAP SHORT PnL: 0.14990726 Причина: TP Баланс: 17.8584846163535 WinRate инструмента: 100%
🔄 Баланс: 17.8584846163535$ | PnL: 0.57697011 💵 | Сделок: 7
[2025-08-29 11:04:24][TRADE] Закрыта позиция EGLD-USDT-SWAP SHORT PnL: 0.08647714 Причина: TP Баланс: 17.9353997048635 WinRate инструмента: 100%
🔄 Баланс: 17.9353997048635$ | PnL: 0.66344725 💵 | Сделок: 8
[2025-08-29 11:04:36][TRADE] Закрыта позиция GRASS-USDT-SWAP SHORT PnL: 0.0996326 Причина: TP Баланс: 18.0260556258715 WinRate инструмента: 100%
🔄 Баланс: 18.0260556258715$ | PnL: 0.76307985 💵 | Сделок: 9
[2025-08-29 11:05:05][TRADE] Закрыта позиция NEAR-USDT-SWAP SHORT PnL: 0.11222075 Причина: TP Баланс: 18.1301579188215 WinRate инструмента: 100%
🔄 Баланс: 18.1301579188215$ | PnL: 0.8753006 💵 | Сделок: 10
[2025-08-29 11:05:22][TRADE] Закрыта позиция SLP-USDT-SWAP SHORT PnL: 0.10904464 Причина: TP Баланс: 18.2302000413895 WinRate инструмента: 100%
🔄 Баланс: 18.2302000413895$ | PnL: 0.98434524 💵 | Сделок: 11
[2025-08-29 11:05:37][TRADE] Закрыта позиция WAL-USDT-SWAP SHORT PnL: 0.07936265 Причина: TP Баланс: 18.3005952083995 WinRate инструмента: 100%
🔄 Баланс: 18.3005952083995$ | PnL: 1.06370789 💵 | Сделок: 12
[2025-08-29 11:07:22][TRADE] Закрыта позиция MERL-USDT-SWAP SHORT PnL: 0.15655416 Причина: TP Баланс: 18.4481504154595 WinRate инструмента: 100%
🔄 Баланс: 18.4481504154595$ | PnL: 1.22026205 💵 | Сделок: 13
[2025-08-29 11:08:06][TRADE] Закрыта позиция YFI-USDT-SWAP SHORT PnL: 0.07426119 Причина: TP Баланс: 18.2478115814379 WinRate инструмента: 100%
🔄 Баланс: 18.2478115814379$ | PnL: 1.29452324 💵 | Сделок: 14
[2025-08-29 11:08:11][TRADE] Закрыта позиция ETH-USDC-SWAP SHORT PnL: 0.06942288 Причина: TP Баланс: 18.1086840510689 WinRate инструмента: 100%
🔄 Баланс: 18.1086840510689$ | PnL: 1.36394612 💵 | Сделок: 15
[2025-08-29 11:08:33][TRADE] Закрыта позиция UNI-USD-SWAP SHORT PnL: 0.11051725 Причина: TP Баланс: 18.0615139674689 WinRate инструмента: 100%
🔄 Баланс: 18.0615139674689$ | PnL: 1.47446337 💵 | Сделок: 16
[2025-08-29 11:08:50][TRADE] Закрыта позиция ANIME-USDT-SWAP SHORT PnL: 0.09362462 Причина: TP Баланс: 17.9993258424689 WinRate инструмента: 100%
🔄 Баланс: 17.9993258424689$ | PnL: 1.56808799 💵 | Сделок: 17
[2025-08-29 11:08:58][TRADE] Закрыта позиция ARKM-USDT-SWAP SHORT PnL: 0.1378133 Причина: TP Баланс: 18.1281509348037 WinRate инструмента: 100%
🔄 Баланс: 18.1281509348037$ | PnL: 1.70590129 💵 | Сделок: 18
[2025-08-29 11:09:07][TRADE] Закрыта позиция CELO-USDT-SWAP SHORT PnL: 0.10719078 Причина: TP Баланс: 18.2263552056587 WinRate инструмента: 100%
🔄 Баланс: 18.2263552056587$ | PnL: 1.81309207 💵 | Сделок: 19
[2025-08-29 11:09:16][TRADE] Закрыта позиция DEGEN-USDT-SWAP SHORT PnL: 0.13026463 Причина: TP Баланс: 18.3476224760139 WinRate инструмента: 100%
🔄 Баланс: 18.3476224760139$ | PnL: 1.9433567 💵 | Сделок: 20
[2025-08-29 11:09:45][TRADE] Закрыта позиция LAYER-USDT-SWAP SHORT PnL: 0.09244537 Причина: TP Баланс: 18.4310818301176 WinRate инструмента: 100%
🔄 Баланс: 18.4310818301176$ | PnL: 2.03580207 💵 | Сделок: 21
[2025-08-29 11:09:53][TRADE] Закрыта позиция MOODENG-USDT-SWAP SHORT PnL: 0.12893764 Причина: TP Баланс: 18.5498602637976 WinRate инструмента: 100%
🔄 Баланс: 18.5498602637976$ | PnL: 2.16473971 💵 | Сделок: 22
[2025-08-29 11:10:05][TRADE] Закрыта позиция PEPE-USDT-SWAP SHORT PnL: 0.0994582 Причина: TP Баланс: 18.6403284725398 WinRate инструмента: 100%
🔄 Баланс: 18.6403284725398$ | PnL: 2.26419791 💵 | Сделок: 23
[2025-08-29 11:10:08][TRADE] Закрыта позиция RENDER-USDT-SWAP SHORT PnL: 0.1123149 Причина: TP Баланс: 18.7437623348438 WinRate инструмента: 100%
🔄 Баланс: 18.7437623348438$ | PnL: 2.37651281 💵 | Сделок: 24
[2025-08-29 11:10:12][TRADE] Закрыта позиция SAND-USDT-SWAP SHORT PnL: 0.09459084 Причина: TP Баланс: 18.8293554282738 WinRate инструмента: 100%
🔄 Баланс: 18.8293554282738$ | PnL: 2.47110365 💵 | Сделок: 25
[2025-08-29 11:10:23][TRADE] Закрыта позиция STX-USDT-SWAP SHORT PnL: 0.09501376 Причина: TP Баланс: 18.9153896302126 WinRate инструмента: 100%
🔄 Баланс: 18.9153896302126$ | PnL: 2.56611741 💵 | Сделок: 26
[2025-08-29 11:10:29][TRADE] Закрыта позиция TURBO-USDT-SWAP SHORT PnL: 0.12666206 Причина: TP Баланс: 19.0331679219206 WinRate инструмента: 100%
🔄 Баланс: 19.0331679219206$ | PnL: 2.69277947 💵 | Сделок: 27
[2025-08-29 11:10:30][TRADE] Закрыта позиция UNI-USDT-SWAP SHORT PnL: 0.11337573 Причина: TP Баланс: 29.1463236519206 WinRate инструмента: 100%
🔄 Баланс: 29.1463236519206$ | PnL: 2.8061552 💵 | Сделок: 28
[2025-08-29 11:10:32][TRADE] Закрыта позиция USTC-USDT-SWAP SHORT PnL: 0.0677182 Причина: TP Баланс: 39.2140424359206 WinRate инструмента: 100%
🔄 Баланс: 39.2140424359206$ | PnL: 2.8738734 💵 | Сделок: 29
[2025-08-29 11:11:25][TRADE] Закрыта позиция APE-USDT-SWAP SHORT PnL: 0.0932413 Причина: TP Баланс: 19.2801327452126 WinRate инструмента: 100%
🔄 Баланс: 19.2801327452126$ | PnL: 2.9671147 💵 | Сделок: 30
[2025-08-29 11:11:46][TRADE] Закрыта позиция CVC-USDT-SWAP SHORT PnL: 0.07496762 Причина: TP Баланс: 19.3460712301126 WinRate инструмента: 100%
🔄 Баланс: 19.3460712301126$ | PnL: 3.04208232 💵 | Сделок: 31
[2025-08-29 11:12:27][TRADE] Закрыта позиция MUBARAK-USDT-SWAP SHORT PnL: 0.11685104 Причина: TP Баланс: 19.4539231187801 WinRate инструмента: 100%
🔄 Баланс: 19.4539231187801$ | PnL: 3.15893336 💵 | Сделок: 32
[2025-08-29 11:12:39][TRADE] Закрыта позиция RESOLV-USDT-SWAP SHORT PnL: 0.10630106 Причина: TP Баланс: 19.5512291799412 WinRate инструмента: 100%
🔄 Баланс: 19.5512291799412$ | PnL: 3.26523442 💵 | Сделок: 33
[2025-08-29 11:12:55][TRADE] Закрыта позиция TAO-USDT-SWAP SHORT PnL: 0.1056303 Причина: TP Баланс: 19.6610092497342 WinRate инструмента: 100%
🔄 Баланс: 19.6610092497342$ | PnL: 3.37086472 💵 | Сделок: 34
[2025-08-29 11:13:05][TRADE] Закрыта позиция WOO-USDT-SWAP SHORT PnL: 0.12670985 Причина: TP Баланс: 19.7788020839842 WinRate инструмента: 100%
🔄 Баланс: 19.7788020839842$ | PnL: 3.49757457 💵 | Сделок: 35
[2025-08-29 11:13:27][TRADE] Закрыта позиция XRP-USD-SWAP SHORT PnL: 0.06777551 Причина: TP Баланс: 19.6687261739842 WinRate инструмента: 100%
🔄 Баланс: 19.6687261739842$ | PnL: 3.56535008 💵 | Сделок: 36
[2025-08-29 11:13:27][TRADE] Закрыта позиция ADA-USD-SWAP SHORT PnL: 0.10501386 Причина: TP Баланс: 29.7737228339842 WinRate инструмента: 100%
🔄 Баланс: 29.7737228339842$ | PnL: 3.67036394 💵 | Сделок: 37
[2025-08-29 11:13:46][TRADE] Закрыта позиция ACH-USDT-SWAP SHORT PnL: 0.10098031 Причина: TP Баланс: 19.8654340595842 WinRate инструмента: 100%
🔄 Баланс: 19.8654340595842$ | PnL: 3.77134425 💵 | Сделок: 38
[2025-08-29 11:13:48][TRADE] Закрыта позиция ADA-USDT-SWAP SHORT PnL: 0.10994832 Причина: TP Баланс: 29.9753997595842 WinRate инструмента: 100%
🔄 Баланс: 29.9753997595842$ | PnL: 3.88129257 💵 | Сделок: 39
[2025-08-29 11:13:50][TRADE] Закрыта позиция AEVO-USDT-SWAP SHORT PnL: 0.1242333 Причина: TP Баланс: 40.0996299835842 WinRate инструмента: 100%
🔄 Баланс: 40.0996299835842$ | PnL: 4.00552587 💵 | Сделок: 40
[2025-08-29 11:13:59][TRADE] Закрыта позиция APT-USDT-SWAP SHORT PnL: 0.08678948 Причина: TP Баланс: 20.1594526247509 WinRate инструмента: 100%
🔄 Баланс: 20.1594526247509$ | PnL: 4.09231535 💵 | Сделок: 41
[2025-08-29 11:14:01][TRADE] Закрыта позиция ARB-USDT-SWAP SHORT PnL: 0.13661321 Причина: TP Баланс: 30.2960581447509 WinRate инструмента: 100%
🔄 Баланс: 30.2960581447509$ | PnL: 4.22892856 💵 | Сделок: 42
[2025-08-29 11:14:06][TRADE] Закрыта позиция AUCTION-USDT-SWAP SHORT PnL: 0.09407357 Причина: TP Баланс: 30.3808906427789 WinRate инструмента: 100%
🔄 Баланс: 30.3808906427789$ | PnL: 4.32300213 💵 | Сделок: 43
[2025-08-29 11:14:11][TRADE] Закрыта позиция BCH-USDT-SWAP SHORT PnL: 0.0705474 Причина: TP Баланс: 10.4014015781197 WinRate инструмента: 100%
🔄 Баланс: 10.4014015781197$ | PnL: 4.39354953 💵 | Сделок: 44
[2025-08-29 11:14:19][TRADE] Закрыта позиция BNT-USDT-SWAP SHORT PnL: 0.08568083 Причина: TP Баланс: 10.4974405921197 WinRate инструмента: 100%
🔄 Баланс: 10.4974405921197$ | PnL: 4.47923036 💵 | Сделок: 45
[2025-08-29 11:14:23][TRADE] Закрыта позиция COMP-USDT-SWAP SHORT PnL: 0.09599087 Причина: TP Баланс: 10.585279461391 WinRate инструмента: 100%
🔄 Баланс: 10.585279461391$ | PnL: 4.57522123 💵 | Сделок: 46
[2025-08-29 11:14:24][TRADE] Закрыта позиция COOKIE-USDT-SWAP SHORT PnL: 0.15442219 Причина: TP Баланс: 20.739698401391 WinRate инструмента: 100%
🔄 Баланс: 20.739698401391$ | PnL: 4.72964342 💵 | Сделок: 47
[2025-08-29 11:14:37][TRADE] Закрыта позиция DOT-USDT-SWAP SHORT PnL: 0.09774859 Причина: TP Баланс: 20.828396164154 WinRate инструмента: 100%
🔄 Баланс: 20.828396164154$ | PnL: 4.82739201 💵 | Сделок: 48
[2025-08-29 11:14:43][TRADE] Закрыта позиция ETC-USDT-SWAP SHORT PnL: 0.09345344 Причина: TP Баланс: 10.905351367924 WinRate инструмента: 100%
🔄 Баланс: 10.905351367924$ | PnL: 4.92084545 💵 | Сделок: 49
[2025-08-29 11:14:46][TRADE] Закрыта позиция FLM-USDT-SWAP SHORT PnL: 0.1248865 Причина: TP Баланс: 11.021293945144 WinRate инструмента: 100%
🔄 Баланс: 11.021293945144$ | PnL: 5.04573195 💵 | Сделок: 50
[2025-08-29 11:14:46][TRADE] Закрыта позиция FLOKI-USDT-SWAP SHORT PnL: 0.11853621 Причина: TP Баланс: 21.139830156366 WinRate инструмента: 100%
🔄 Баланс: 21.139830156366$ | PnL: 5.16426816 💵 | Сделок: 51
[2025-08-29 11:14:52][TRADE] Закрыта позиция GMX-USDT-SWAP SHORT PnL: 0.09576268 Причина: TP Баланс: 11.2179479367668 WinRate инструмента: 100%
🔄 Баланс: 11.2179479367668$ | PnL: 5.26003084 💵 | Сделок: 52
[2025-08-29 11:14:55][TRADE] Закрыта позиция GRT-USDT-SWAP SHORT PnL: 0.1090058 Причина: TP Баланс: 11.31795410373 WinRate инструмента: 100%
🔄 Баланс: 11.31795410373$ | PnL: 5.36903664 💵 | Сделок: 53
[2025-08-29 11:14:57][TRADE] Закрыта позиция HBAR-USDT-SWAP SHORT PnL: 0.10190113 Причина: TP Баланс: 11.410852270722 WinRate инструмента: 100%
🔄 Баланс: 11.410852270722$ | PnL: 5.47093777 💵 | Сделок: 54
[2025-08-29 11:15:02][TRADE] Закрыта позиция ICP-USDT-SWAP SHORT PnL: 0.10599651 Причина: TP Баланс: 21.516704380722 WinRate инструмента: 100%
🔄 Баланс: 21.516704380722$ | PnL: 5.57693428 💵 | Сделок: 55
[2025-08-29 11:15:02][TRADE] Закрыта позиция ICX-USDT-SWAP SHORT PnL: 0.09247553 Причина: TP Баланс: 31.609183556722 WinRate инструмента: 100%
🔄 Баланс: 31.609183556722$ | PnL: 5.66940981 💵 | Сделок: 56
[2025-08-29 11:15:07][TRADE] Закрыта позиция IOTA-USDT-SWAP SHORT PnL: 0.11456313 Причина: TP Баланс: 11.696240392906 WinRate инструмента: 100%
🔄 Баланс: 11.696240392906$ | PnL: 5.78397294 💵 | Сделок: 57
[2025-08-29 11:15:08][TRADE] Закрыта позиция JOE-USDT-SWAP SHORT PnL: 0.12770291 Причина: TP Баланс: 11.815018859731 WinRate инструмента: 100%
🔄 Баланс: 11.815018859731$ | PnL: 5.91167585 💵 | Сделок: 58
[2025-08-29 11:15:11][TRADE] Закрыта позиция KSM-USDT-SWAP SHORT PnL: 0.12496407 Причина: TP Баланс: 11.931471543961 WinRate инструмента: 100%
🔄 Баланс: 11.931471543961$ | PnL: 6.03663992 💵 | Сделок: 59
[2025-08-29 11:15:14][TRADE] Закрыта позиция LDO-USDT-SWAP SHORT PnL: 0.12759846 Причина: TP Баланс: 12.050008744051 WinRate инструмента: 100%
🔄 Баланс: 12.050008744051$ | PnL: 6.16423838 💵 | Сделок: 60
[2025-08-29 11:15:16][TRADE] Закрыта позиция LQTY-USDT-SWAP SHORT PnL: 0.15502027 Причина: TP Баланс: 22.205061764051 WinRate инструмента: 100%
🔄 Баланс: 22.205061764051$ | PnL: 6.31925865 💵 | Сделок: 61
[2025-08-29 11:15:18][TRADE] Закрыта позиция LTC-USDT-SWAP SHORT PnL: 0.08394529 Причина: TP Баланс: 32.291951054051 WinRate инструмента: 100%
🔄 Баланс: 32.291951054051$ | PnL: 6.40320394 💵 | Сделок: 62
[2025-08-29 11:15:22][TRADE] Закрыта позиция MEME-USDT-SWAP SHORT PnL: 0.18962455 Причина: TP Баланс: 12.4545737773589 WinRate инструмента: 100%
🔄 Баланс: 12.4545737773589$ | PnL: 6.59282849 💵 | Сделок: 63
[2025-08-29 11:15:28][TRADE] Закрыта позиция NEIROETH-USDT-SWAP SHORT PnL: 0.13821237 Причина: TP Баланс: 12.5837884822284 WinRate инструмента: 100%
🔄 Баланс: 12.5837884822284$ | PnL: 6.73104086 💵 | Сделок: 64
[2025-08-29 11:15:37][TRADE] Закрыта позиция OM-USDT-SWAP SHORT PnL: 0.11454078 Причина: TP Баланс: 22.6983180622284 WinRate инструмента: 100%
🔄 Баланс: 22.6983180622284$ | PnL: 6.84558164 💵 | Сделок: 65
[2025-08-29 11:15:46][TRADE] Закрыта позиция SCR-USDT-SWAP SHORT PnL: 0.11629674 Причина: TP Баланс: 12.7966198642142 WinRate инструмента: 100%
🔄 Баланс: 12.7966198642142$ | PnL: 6.96187838 💵 | Сделок: 66
[2025-08-29 11:15:48][TRADE] Закрыта позиция SHIB-USDT-SWAP SHORT PnL: 0.08754984 Причина: TP Баланс: 22.8841697042102 WinRate инструмента: 100%
🔄 Баланс: 22.8841697042102$ | PnL: 7.04942822 💵 | Сделок: 67
[2025-08-29 11:15:52][TRADE] Закрыта позиция SOLV-USDT-SWAP SHORT PnL: 0.07334438 Причина: TP Баланс: 22.9485165940796 WinRate инструмента: 100%
🔄 Баланс: 22.9485165940796$ | PnL: 7.1227726 💵 | Сделок: 68
[2025-08-29 11:15:58][TRADE] Закрыта позиция STORJ-USDT-SWAP SHORT PnL: 0.09762801 Причина: TP Баланс: 23.0368527602796 WinRate инструмента: 100%
🔄 Баланс: 23.0368527602796$ | PnL: 7.22040061 💵 | Сделок: 69
[2025-08-29 11:16:05][TRADE] Закрыта позиция TRX-USDT-SWAP SHORT PnL: 0.03137502 Причина: TP Баланс: 13.0502176411476 WinRate инструмента: 100%
🔄 Баланс: 13.0502176411476$ | PnL: 7.25177563 💵 | Сделок: 70
[2025-08-29 11:16:10][TRADE] Закрыта позиция WAL-USDT-SWAP SHORT PnL: 0.07201594 Причина: TP Баланс: 13.1132143836059 WinRate инструмента: 100%
🔄 Баланс: 13.1132143836059$ | PnL: 7.32379157 💵 | Сделок: 71
[2025-08-29 11:16:11][TRADE] Закрыта позиция WCT-USDT-SWAP SHORT PnL: 0.09254561 Причина: TP Баланс: 13.1967575224411 WinRate инструмента: 100%
🔄 Баланс: 13.1967575224411$ | PnL: 7.41633718 💵 | Сделок: 72
[2025-08-29 11:16:13][TRADE] Закрыта позиция XLM-USDT-SWAP SHORT PnL: 0.08200056 Причина: TP Баланс: 13.2697849339061 WinRate инструмента: 100%
🔄 Баланс: 13.2697849339061$ | PnL: 7.49833774 💵 | Сделок: 73
[2025-08-29 11:16:14][TRADE] Закрыта позиция XTZ-USDT-SWAP SHORT PnL: 0.09989526 Причина: TP Баланс: 23.3697080639061 WinRate инструмента: 100%
🔄 Баланс: 23.3697080639061$ | PnL: 7.598233 💵 | Сделок: 74
[2025-08-29 11:16:17][TRADE] Закрыта позиция ZENT-USDT-SWAP SHORT PnL: 0.12745616 Причина: TP Баланс: 23.4881694222961 WinRate инструмента: 100%
🔄 Баланс: 23.4881694222961$ | PnL: 7.72568916 💵 | Сделок: 75
[2025-08-29 11:16:35][TRADE] Закрыта позиция BTC-USD-SWAP SHORT PnL: 0.0422103 Причина: TP Баланс: 14.6333594170297 WinRate инструмента: 100%
🔄 Баланс: 14.6333594170297$ | PnL: 7.76789946 💵 | Сделок: 76
[2025-08-29 11:16:37][TRADE] Закрыта позиция DOGE-USD-SWAP SHORT PnL: 0.11239434 Причина: TP Баланс: 24.7457505070297 WinRate инструмента: 100%
🔄 Баланс: 24.7457505070297$ | PnL: 7.8802938 💵 | Сделок: 77
[2025-08-29 11:16:41][TRADE] Закрыта позиция BCH-USD-SWAP SHORT PnL: 0.03687772 Причина: TP Баланс: 14.7557973392557 WinRate инструмента: 50%
🔄 Баланс: 14.7557973392557$ | PnL: 7.91717152 💵 | Сделок: 78
[2025-08-29 11:16:43][TRADE] Закрыта позиция ETC-USD-SWAP SHORT PnL: 0.07080102 Причина: TP Баланс: 24.8259283592557 WinRate инструмента: 100%
🔄 Баланс: 24.8259283592557$ | PnL: 7.98797254 💵 | Сделок: 79
[2025-08-29 11:16:46][TRADE] Закрыта позиция LTC-USD-SWAP SHORT PnL: 0.07502693 Причина: TP Баланс: 24.8925146050157 WinRate инструмента: 100%
🔄 Баланс: 24.8925146050157$ | PnL: 8.06299947 💵 | Сделок: 80
[2025-08-29 11:16:50][TRADE] Закрыта позиция BTC-USDT-SWAP SHORT PnL: 0.04277378 Причина: TP Баланс: 16.0390405455457 WinRate инструмента: 100%
🔄 Баланс: 16.0390405455457$ | PnL: 8.10577325 💵 | Сделок: 81
[2025-08-29 11:16:53][TRADE] Закрыта позиция TON-USDT-SWAP SHORT PnL: 0.08076347 Причина: TP Баланс: 26.1197072155457 WinRate инструмента: 100%
🔄 Баланс: 26.1197072155457$ | PnL: 8.18653672 💵 | Сделок: 82
[2025-08-29 11:16:54][TRADE] Закрыта позиция DOGE-USDT-SWAP SHORT PnL: 0.11605674 Причина: TP Баланс: 36.2357603515457 WinRate инструмента: 100%
🔄 Баланс: 36.2357603515457$ | PnL: 8.30259346 💵 | Сделок: 83
[2025-08-29 11:16:55][TRADE] Закрыта позиция XRP-USDT-SWAP SHORT PnL: 0.07194768 Причина: TP Баланс: 46.3077125215457 WinRate инструмента: 100%
🔄 Баланс: 46.3077125215457$ | PnL: 8.37454114 💵 | Сделок: 84
[2025-08-29 11:16:58][TRADE] Закрыта позиция MAGIC-USDT-SWAP SHORT PnL: 0.19836991 Причина: TP Баланс: 56.5060859225457 WinRate инструмента: 100%
🔄 Баланс: 56.5060859225457$ | PnL: 8.57291105 💵 | Сделок: 85
[2025-08-29 11:17:12][TRADE] Закрыта позиция ALGO-USDT-SWAP SHORT PnL: 0.12018478 Причина: TP Баланс: 26.5902122373278 WinRate инструмента: 100%
🔄 Баланс: 26.5902122373278$ | PnL: 8.69309583 💵 | Сделок: 86
[2025-08-29 11:17:47][TRADE] Закрыта позиция ENJ-USDT-SWAP SHORT PnL: 0.11630949 Причина: TP Баланс: 16.6886580509158 WinRate инструмента: 100%
🔄 Баланс: 16.6886580509158$ | PnL: 8.80940532 💵 | Сделок: 87
[2025-08-29 11:17:48][TRADE] Закрыта позиция ENS-USDT-SWAP SHORT PnL: 0.12148569 Причина: TP Баланс: 26.8092309409158 WinRate инструмента: 100%
🔄 Баланс: 26.8092309409158$ | PnL: 8.93089101 💵 | Сделок: 88
[2025-08-29 11:18:38][TRADE] Закрыта позиция SNX-USDT-SWAP SHORT PnL: 0.17871651 Причина: TP Баланс: 16.9707674252238 WinRate инструмента: 100%
🔄 Баланс: 16.9707674252238$ | PnL: 9.10960752 💵 | Сделок: 89
[2025-08-29 11:19:16][TRADE] Закрыта позиция AVAX-USD-SWAP SHORT PnL: 0.11788153 Причина: TP Баланс: 17.0784672882434 WinRate инструмента: 100%
🔄 Баланс: 17.0784672882434$ | PnL: 9.22748905 💵 | Сделок: 90
[2025-08-29 11:20:05][TRADE] Закрыта позиция DOOD-USDT-SWAP SHORT PnL: 0.14527232 Причина: TP Баланс: 17.2136385974434 WinRate инструмента: 100%
🔄 Баланс: 17.2136385974434$ | PnL: 9.37276137 💵 | Сделок: 91
[2025-08-29 11:20:42][TRADE] Закрыта позиция NEO-USDT-SWAP SHORT PnL: 0.14740714 Причина: TP Баланс: 17.3520085469834 WinRate инструмента: 100%
🔄 Баланс: 17.3520085469834$ | PnL: 9.52016851 💵 | Сделок: 92
[2025-08-29 11:21:01][TRADE] Закрыта позиция SPX-USDT-SWAP SHORT PnL: 0.19373308 Причина: TP Баланс: 17.5367670144092 WinRate инструмента: 100%
🔄 Баланс: 17.5367670144092$ | PnL: 9.71390159 💵 | Сделок: 93
[2025-08-29 11:23:31][TRADE] Закрыта позиция VANA-USDT-SWAP SHORT PnL: 0.10919206 Причина: TP Баланс: 17.6371347454812 WinRate инструмента: 100%
🔄 Баланс: 17.6371347454812$ | PnL: 9.82309365 💵 | Сделок: 94
[2025-08-29 11:24:09][TRADE] Закрыта позиция 1INCH-USDT-SWAP SHORT PnL: 0.10283424 Причина: TP Баланс: 17.7309427988762 WinRate инструмента: 100%
🔄 Баланс: 17.7309427988762$ | PnL: 9.92592789 💵 | Сделок: 95
[2025-08-29 11:24:30][TRADE] Закрыта позиция ARC-USDT-SWAP SHORT PnL: 0.17562814 Причина: TP Баланс: 17.8975739699362 WinRate инструмента: 100%
🔄 Баланс: 17.8975739699362$ | PnL: 10.10155603 💵 | Сделок: 96
[2025-08-29 11:24:47][TRADE] Закрыта позиция CRV-USDT-SWAP SHORT PnL: 0.14611198 Причина: TP Баланс: 18.0346917425699 WinRate инструмента: 100%
🔄 Баланс: 18.0346917425699$ | PnL: 10.24766801 💵 | Сделок: 97
[2025-08-29 11:25:36][TRADE] Закрыта позиция NEWT-USDT-SWAP SHORT PnL: 0.1464327 Причина: TP Баланс: 18.1721147675463 WinRate инструмента: 100%
🔄 Баланс: 18.1721147675463$ | PnL: 10.39410071 💵 | Сделок: 98
[2025-08-29 11:26:54][TRADE] Закрыта позиция AR-USDT-SWAP SHORT PnL: 0.12058954 Причина: TP Баланс: 18.2837414248453 WinRate инструмента: 100%
🔄 Баланс: 18.2837414248453$ | PnL: 10.51469025 💵 | Сделок: 99
[2025-08-29 11:27:05][TRADE] Закрыта позиция BAND-USDT-SWAP SHORT PnL: 0.17596467 Причина: TP Баланс: 18.4507223911117 WinRate инструмента: 100%
🔄 Баланс: 18.4507223911117$ | PnL: 10.69065492 💵 | Сделок: 100
[2025-08-29 11:27:16][TRADE] Закрыта позиция CVX-USDT-SWAP SHORT PnL: 0.18880681 Причина: TP Баланс: 18.6572931861117 WinRate инструмента: 100%
🔄 Баланс: 18.6572931861117$ | PnL: 10.87946173 💵 | Сделок: 101
[2025-08-29 11:27:19][TRADE] Закрыта позиция DOGS-USDT-SWAP SHORT PnL: 0.14369204 Причина: TP Баланс: 28.8009852220117 WinRate инструмента: 100%
🔄 Баланс: 28.8009852220117$ | PnL: 11.02315377 💵 | Сделок: 102
[2025-08-29 11:27:40][TRADE] Закрыта позиция HMSTR-USDT-SWAP SHORT PnL: 0.1703157 Причина: TP Баланс: 18.9533555190867 WinRate инструмента: 100%
🔄 Баланс: 18.9533555190867$ | PnL: 11.19346947 💵 | Сделок: 103
[2025-08-29 11:28:04][TRADE] Закрыта позиция NEIRO-USDT-SWAP SHORT PnL: 0.1255371 Причина: TP Баланс: 19.0698627911067 WinRate инструмента: 100%
🔄 Баланс: 19.0698627911067$ | PnL: 11.31900657 💵 | Сделок: 104
[2025-08-29 11:28:12][TRADE] Закрыта позиция PERP-USDT-SWAP SHORT PnL: 0.14588596 Причина: TP Баланс: 19.2068585921767 WinRate инструмента: 100%
🔄 Баланс: 19.2068585921767$ | PnL: 11.46489253 💵 | Сделок: 105
[2025-08-29 11:28:15][TRADE] Закрыта позиция RSR-USDT-SWAP SHORT PnL: 0.12792923 Причина: TP Баланс: 19.3257857749659 WinRate инструмента: 100%
🔄 Баланс: 19.3257857749659$ | PnL: 11.59282176 💵 | Сделок: 106
[2025-08-29 11:28:30][TRADE] Закрыта позиция SUSHI-USDT-SWAP SHORT PnL: 0.14505256 Причина: TP Баланс: 19.4618460068635 WinRate инструмента: 100%
🔄 Баланс: 19.4618460068635$ | PnL: 11.73787432 💵 | Сделок: 107
[2025-08-29 11:28:57][TRADE] Закрыта позиция ETH-USD-SWAP SHORT PnL: 0.07622132 Причина: TP Баланс: 19.6777710055746 WinRate инструмента: 100%
🔄 Баланс: 19.6777710055746$ | PnL: 11.81409564 💵 | Сделок: 108
[2025-08-29 11:29:10][TRADE] Закрыта позиция ETH-USDT-SWAP SHORT PnL: 0.07534044 Причина: TP Баланс: 19.8907917998932 WinRate инструмента: 100%
🔄 Баланс: 19.8907917998932$ | PnL: 11.88943608 💵 | Сделок: 109
[2025-08-29 11:29:30][TRADE] Закрыта позиция ATH-USDT-SWAP SHORT PnL: 0.11864548 Причина: TP Баланс: 20.0005664468932 WinRate инструмента: 100%
🔄 Баланс: 20.0005664468932$ | PnL: 12.00808156 💵 | Сделок: 110
[2025-08-29 11:29:44][TRADE] Закрыта позиция CETUS-USDT-SWAP SHORT PnL: 0.1392802 Причина: TP Баланс: 20.1308370827462 WinRate инструмента: 100%
🔄 Баланс: 20.1308370827462$ | PnL: 12.14736176 💵 | Сделок: 111
[2025-08-29 11:30:48][TRADE] Закрыта позиция SLP-USDT-SWAP SHORT PnL: 0.1146847 Причина: TP Баланс: 10.2266672753199 WinRate инструмента: 100%
🔄 Баланс: 10.2266672753199$ | PnL: 12.26204646 💵 | Сделок: 112
[2025-08-29 11:31:43][TRADE] Закрыта позиция AI16Z-USDT-SWAP SHORT PnL: 0.17948479 Причина: TP Баланс: 10.3971240772219 WinRate инструмента: 100%
🔄 Баланс: 10.3971240772219$ | PnL: 12.44153125 💵 | Сделок: 113
