[2025-08-29 10:59:02][TRADE] Закрыта позиция BCH-USD-SWAP SHORT PnL: -0.0145693 Причина: SL Баланс: 19.0836908433985 WinRate инструмента: 0%
🔄 Баланс: 19.0836908433985$ | PnL: -0.0145693 💵 | Сделок: 1
[2025-08-29 10:59:07][TRADE] Закрыта позиция LTC-USD-SWAP SHORT PnL: -0.02438338 Причина: SL Баланс: 29.0599604633985 WinRate инструмента: 0%
🔄 Баланс: 29.0599604633985$ | PnL: -0.03895268 💵 | Сделок: 2
[2025-08-29 10:59:25][TRADE] Закрыта позиция AAVE-USDT-SWAP SHORT PnL: -0.03104942 Причина: SL Баланс: 39.0331900433985 WinRate инструмента: 0%
🔄 Баланс: 39.0331900433985$ | PnL: -0.0700021 💵 | Сделок: 3
[2025-08-29 10:59:58][TRADE] Закрыта позиция BCH-USDT-SWAP SHORT PnL: -0.02395897 Причина: SL Баланс: 28.9702040781165 WinRate инструмента: 0%
🔄 Баланс: 28.9702040781165$ | PnL: -0.09396107 💵 | Сделок: 4
[2025-08-29 11:00:05][TRADE] Закрыта позиция BNB-USDT-SWAP SHORT PnL: -0.02423253 Причина: SL Баланс: 28.9640130094305 WinRate инструмента: 0%
🔄 Баланс: 28.9640130094305$ | PnL: -0.1181936 💵 | Сделок: 5
[2025-08-29 11:00:13][TRADE] Закрыта позиция CFX-USDT-SWAP SHORT PnL: -0.07021325 Причина: SL Баланс: 38.8937914354305 WinRate инструмента: 0%
🔄 Баланс: 38.8937914354305$ | PnL: -0.18840685 💵 | Сделок: 6
[2025-08-29 11:00:59][TRADE] Закрыта позиция GRASS-USDT-SWAP SHORT PnL: 0.03587506 Причина: TP Баланс: 28.9117145006343 WinRate инструмента: 100%
🔄 Баланс: 28.9117145006343$ | PnL: -0.15253179 💵 | Сделок: 7
[2025-08-29 11:01:06][TRADE] Закрыта позиция HUMA-USDT-SWAP SHORT PnL: -0.03627432 Причина: SL Баланс: 28.8664411660743 WinRate инструмента: 0%
🔄 Баланс: 28.8664411660743$ | PnL: -0.18880611 💵 | Сделок: 8
[2025-08-29 11:01:41][TRADE] Закрыта позиция MOODENG-USDT-SWAP SHORT PnL: 0.05136963 Причина: TP Баланс: 18.8998331121683 WinRate инструмента: 100%
🔄 Баланс: 18.8998331121683$ | PnL: -0.13743648 💵 | Сделок: 9
[2025-08-29 11:01:48][TRADE] Закрыта позиция NEWT-USDT-SWAP SHORT PnL: -0.04109556 Причина: SL Баланс: 18.8497895076623 WinRate инструмента: 0%
🔄 Баланс: 18.8497895076623$ | PnL: -0.17853204 💵 | Сделок: 10
[2025-08-29 11:01:48][TRADE] Закрыта позиция NMR-USDT-SWAP LONG PnL: 0.21587594 Причина: TP Баланс: 29.0660628476623 WinRate инструмента: 100%
🔄 Баланс: 29.0660628476623$ | PnL: 0.0373439 💵 | Сделок: 11
[2025-08-29 11:01:53][TRADE] Закрыта позиция OM-USDT-SWAP SHORT PnL: 0.03931533 Причина: TP Баланс: 39.1053669776623 WinRate инструмента: 100%
🔄 Баланс: 39.1053669776623$ | PnL: 0.07665923 💵 | Сделок: 12
[2025-08-29 11:02:19][TRADE] Закрыта позиция DOGE-USD-SWAP SHORT PnL: 0.03445089 Причина: TP Баланс: 19.1128671312003 WinRate инструмента: 100%
🔄 Баланс: 19.1128671312003$ | PnL: 0.11111012 💵 | Сделок: 13
[2025-08-29 11:02:20][TRADE] Закрыта позиция XRP-USD-SWAP SHORT PnL: 0.02291371 Причина: TP Баланс: 29.1358813412003 WinRate инструмента: 100%
🔄 Баланс: 29.1358813412003$ | PnL: 0.13402383 💵 | Сделок: 14
[2025-08-29 11:02:25][TRADE] Закрыта позиция ETC-USD-SWAP SHORT PnL: 0.01505084 Причина: TP Баланс: 19.1231343581203 WinRate инструмента: 100%
🔄 Баланс: 19.1231343581203$ | PnL: 0.14907467 💵 | Сделок: 15
[2025-08-29 11:02:25][TRADE] Закрыта позиция FIL-USD-SWAP SHORT PnL: 0.05102393 Причина: TP Баланс: 29.1742178881203 WinRate инструмента: 100%
🔄 Баланс: 29.1742178881203$ | PnL: 0.2000986 💵 | Сделок: 16
[2025-08-29 11:02:30][TRADE] Закрыта позиция SOL-USDT-SWAP SHORT PnL: 0.06832811 Причина: TP Баланс: 19.2181827905203 WinRate инструмента: 100%
🔄 Баланс: 19.2181827905203$ | PnL: 0.26842671 💵 | Сделок: 17
[2025-08-29 11:02:31][TRADE] Закрыта позиция TON-USDT-SWAP SHORT PnL: 0.02159124 Причина: TP Баланс: 29.2396772305203 WinRate инструмента: 100%
🔄 Баланс: 29.2396772305203$ | PnL: 0.29001795 💵 | Сделок: 18
[2025-08-29 11:02:32][TRADE] Закрыта позиция DOGE-USDT-SWAP SHORT PnL: 0.03764537 Причина: TP Баланс: 39.2773187565203 WinRate инструмента: 100%
🔄 Баланс: 39.2773187565203$ | PnL: 0.32766332 💵 | Сделок: 19
[2025-08-29 11:02:32][TRADE] Закрыта позиция XRP-USDT-SWAP SHORT PnL: 0.02522839 Причина: TP Баланс: 49.3024964265203 WinRate инструмента: 100%
🔄 Баланс: 49.3024964265203$ | PnL: 0.35289171 💵 | Сделок: 20
[2025-08-29 11:02:35][TRADE] Закрыта позиция MAGIC-USDT-SWAP SHORT PnL: 0.04097138 Причина: TP Баланс: 59.3434679565203 WinRate инструмента: 100%
🔄 Баланс: 59.3434679565203$ | PnL: 0.39386309 💵 | Сделок: 21
[2025-08-29 11:02:37][TRADE] Закрыта позиция A-USDT-SWAP SHORT PnL: 0.03433091 Причина: TP Баланс: 69.3778001165203 WinRate инструмента: 100%
🔄 Баланс: 69.3778001165203$ | PnL: 0.428194 💵 | Сделок: 22
[2025-08-29 11:02:39][TRADE] Закрыта позиция ACE-USDT-SWAP SHORT PnL: 0.05733698 Причина: TP Баланс: 69.4141958249203 WinRate инструмента: 100%
🔄 Баланс: 69.4141958249203$ | PnL: 0.48553098 💵 | Сделок: 23
[2025-08-29 11:02:39][TRADE] Закрыта позиция ACH-USDT-SWAP SHORT PnL: 0.04704347 Причина: TP Баланс: 79.4612383589203 WinRate инструмента: 100%
🔄 Баланс: 79.4612383589203$ | PnL: 0.53257445 💵 | Сделок: 24
[2025-08-29 11:02:41][TRADE] Закрыта позиция ADA-USDT-SWAP SHORT PnL: 0.05910761 Причина: TP Баланс: 79.5113684195091 WinRate инструмента: 100%
🔄 Баланс: 79.5113684195091$ | PnL: 0.59168206 💵 | Сделок: 25
[2025-08-29 11:02:42][TRADE] Закрыта позиция AERO-USDT-SWAP SHORT PnL: 0.06327464 Причина: TP Баланс: 89.5746744395091 WinRate инструмента: 100%
🔄 Баланс: 89.5746744395091$ | PnL: 0.6549567 💵 | Сделок: 26
[2025-08-29 11:02:46][TRADE] Закрыта позиция AIXBT-USDT-SWAP SHORT PnL: 0.07618243 Причина: TP Баланс: 89.6418640065691 WinRate инструмента: 100%
🔄 Баланс: 89.6418640065691$ | PnL: 0.73113913 💵 | Сделок: 27
[2025-08-29 11:02:48][TRADE] Закрыта позиция ALGO-USDT-SWAP SHORT PnL: 0.04117481 Причина: TP Баланс: 89.6740327494671 WinRate инструмента: 100%
🔄 Баланс: 89.6740327494671$ | PnL: 0.77231394 💵 | Сделок: 28
[2025-08-29 11:02:49][TRADE] Закрыта позиция ANIME-USDT-SWAP SHORT PnL: 0.04259291 Причина: TP Баланс: 99.7166249264671 WinRate инструмента: 100%
🔄 Баланс: 99.7166249264671$ | PnL: 0.81490685 💵 | Сделок: 29
[2025-08-29 11:02:50][TRADE] Закрыта позиция APE-USDT-SWAP SHORT PnL: 0.0376572 Причина: TP Баланс: 109.754260526467 WinRate инструмента: 100%
🔄 Баланс: 109.754260526467$ | PnL: 0.85256405 💵 | Сделок: 30
[2025-08-29 11:02:51][TRADE] Закрыта позиция APT-USDT-SWAP SHORT PnL: 0.03322086 Причина: TP Баланс: 109.778514143987 WinRate инструмента: 100%
🔄 Баланс: 109.778514143987$ | PnL: 0.88578491 💵 | Сделок: 31
[2025-08-29 11:02:52][TRADE] Закрыта позиция AR-USDT-SWAP SHORT PnL: 0.06363385 Причина: TP Баланс: 119.841912493987 WinRate инструмента: 100%
🔄 Баланс: 119.841912493987$ | PnL: 0.94941876 💵 | Сделок: 32
[2025-08-29 11:02:53][TRADE] Закрыта позиция ARB-USDT-SWAP SHORT PnL: 0.0623161 Причина: TP Баланс: 129.904220903987 WinRate инструмента: 100%
🔄 Баланс: 129.904220903987$ | PnL: 1.01173486 💵 | Сделок: 33
[2025-08-29 11:02:54][TRADE] Закрыта позиция ARKM-USDT-SWAP SHORT PnL: 0.0823446 Причина: TP Баланс: 129.977558670172 WinRate инструмента: 100%
🔄 Баланс: 129.977558670172$ | PnL: 1.09407946 💵 | Сделок: 34
[2025-08-29 11:02:58][TRADE] Закрыта позиция AUCTION-USDT-SWAP SHORT PnL: 0.02652505 Причина: TP Баланс: 119.985760902794 WinRate инструмента: 100%
🔄 Баланс: 119.985760902794$ | PnL: 1.12060451 💵 | Сделок: 35
[2025-08-29 11:03:00][TRADE] Закрыта позиция AXS-USDT-SWAP SHORT PnL: 0.04662015 Причина: TP Баланс: 110.014811636837 WinRate инструмента: 100%
🔄 Баланс: 110.014811636837$ | PnL: 1.16722466 💵 | Сделок: 36
[2025-08-29 11:03:03][TRADE] Закрыта позиция BAT-USDT-SWAP SHORT PnL: 0.04871323 Причина: TP Баланс: 110.05452696618 WinRate инструмента: 100%
🔄 Баланс: 110.05452696618$ | PnL: 1.21593789 💵 | Сделок: 37
[2025-08-29 11:03:12][TRADE] Закрыта позиция BNT-USDT-SWAP SHORT PnL: 0.03601957 Причина: TP Баланс: 90.0520351465452 WinRate инструмента: 100%
🔄 Баланс: 90.0520351465452$ | PnL: 1.25195746 💵 | Сделок: 38
[2025-08-29 11:03:13][TRADE] Закрыта позиция BOME-USDT-SWAP SHORT PnL: 0.07364267 Причина: TP Баланс: 100.125677816545 WinRate инструмента: 100%
🔄 Баланс: 100.125677816545$ | PnL: 1.32560013 💵 | Сделок: 39
[2025-08-29 11:03:14][TRADE] Закрыта позиция BONK-USDT-SWAP SHORT PnL: 0.0591844 Причина: TP Баланс: 110.184862216486 WinRate инструмента: 100%
🔄 Баланс: 110.184862216486$ | PnL: 1.38478453 💵 | Сделок: 40
[2025-08-29 11:03:14][TRADE] Закрыта позиция BRETT-USDT-SWAP SHORT PnL: 0.06751775 Причина: TP Баланс: 120.252378462486 WinRate инструмента: 100%
🔄 Баланс: 120.252378462486$ | PnL: 1.45230228 💵 | Сделок: 41
[2025-08-29 11:03:16][TRADE] Закрыта позиция CELO-USDT-SWAP SHORT PnL: 0.05950763 Причина: TP Баланс: 130.311898632486 WinRate инструмента: 100%
🔄 Баланс: 130.311898632486$ | PnL: 1.51180991 💵 | Сделок: 42
[2025-08-29 11:03:20][TRADE] Закрыта позиция CHZ-USDT-SWAP SHORT PnL: 0.03687791 Причина: TP Баланс: 120.330779507943 WinRate инструмента: 100%
🔄 Баланс: 120.330779507943$ | PnL: 1.54868782 💵 | Сделок: 43
[2025-08-29 11:03:21][TRADE] Закрыта позиция COOKIE-USDT-SWAP SHORT PnL: 0.06544431 Причина: TP Баланс: 120.389385555443 WinRate инструмента: 100%
🔄 Баланс: 120.389385555443$ | PnL: 1.61413213 💵 | Сделок: 44
[2025-08-29 11:03:26][TRADE] Закрыта позиция CTC-USDT-SWAP SHORT PnL: 0.02622592 Причина: TP Баланс: 110.397602629681 WinRate инструмента: 100%
🔄 Баланс: 110.397602629681$ | PnL: 1.64035805 💵 | Сделок: 45
[2025-08-29 11:03:27][TRADE] Закрыта позиция CVC-USDT-SWAP SHORT PnL: 0.03346884 Причина: TP Баланс: 120.431071360681 WinRate инструмента: 100%
🔄 Баланс: 120.431071360681$ | PnL: 1.67382689 💵 | Сделок: 46
[2025-08-29 11:03:28][TRADE] Закрыта позиция DEGEN-USDT-SWAP SHORT PnL: 0.05282984 Причина: TP Баланс: 120.474880291861 WinRate инструмента: 100%
🔄 Баланс: 120.474880291861$ | PnL: 1.72665673 💵 | Сделок: 47
[2025-08-29 11:03:30][TRADE] Закрыта позиция DOGS-USDT-SWAP SHORT PnL: 0.06799231 Причина: TP Баланс: 130.542872602371 WinRate инструмента: 100%
🔄 Баланс: 130.542872602371$ | PnL: 1.79464904 💵 | Сделок: 48
[2025-08-29 11:03:31][TRADE] Закрыта позиция DOG-USDT-SWAP SHORT PnL: 0.05879271 Причина: TP Баланс: 140.601665374371 WinRate инструмента: 100%
🔄 Баланс: 140.601665374371$ | PnL: 1.85344175 💵 | Сделок: 49
[2025-08-29 11:03:32][TRADE] Закрыта позиция DOOD-USDT-SWAP SHORT PnL: 0.05266259 Причина: TP Баланс: 150.654327943571 WinRate инструмента: 100%
🔄 Баланс: 150.654327943571$ | PnL: 1.90610434 💵 | Сделок: 50
[2025-08-29 11:03:35][TRADE] Закрыта позиция DYDX-USDT-SWAP SHORT PnL: 0.06778217 Причина: TP Баланс: 150.713282997911 WinRate инструмента: 100%
🔄 Баланс: 150.713282997911$ | PnL: 1.97388651 💵 | Сделок: 51
[2025-08-29 11:03:35][TRADE] Закрыта позиция EGLD-USDT-SWAP SHORT PnL: 0.04897672 Причина: TP Баланс: 160.761643717911 WinRate инструмента: 100%
🔄 Баланс: 160.761643717911$ | PnL: 2.02286323 💵 | Сделок: 52
[2025-08-29 11:03:36][TRADE] Закрыта позиция EIGEN-USDT-SWAP SHORT PnL: 0.07201073 Причина: TP Баланс: 170.833709747911 WinRate инструмента: 100%
🔄 Баланс: 170.833709747911$ | PnL: 2.09487396 💵 | Сделок: 53
[2025-08-29 11:03:36][TRADE] Закрыта позиция ENJ-USDT-SWAP SHORT PnL: 0.05263784 Причина: TP Баланс: 180.886348683911 WinRate инструмента: 100%
🔄 Баланс: 180.886348683911$ | PnL: 2.1475118 💵 | Сделок: 54
[2025-08-29 11:03:37][TRADE] Закрыта позиция ENS-USDT-SWAP SHORT PnL: 0.04858795 Причина: TP Баланс: 190.933759633911 WinRate инструмента: 100%
🔄 Баланс: 190.933759633911$ | PnL: 2.19609975 💵 | Сделок: 55
[2025-08-29 11:03:38][TRADE] Закрыта позиция ETC-USDT-SWAP SHORT PnL: 0.02871799 Причина: TP Баланс: 200.963463623911 WinRate инструмента: 100%
🔄 Баланс: 200.963463623911$ | PnL: 2.22481774 💵 | Сделок: 56
[2025-08-29 11:03:38][TRADE] Закрыта позиция ETHW-USDT-SWAP SHORT PnL: 0.05074213 Причина: TP Баланс: 211.014246753911 WinRate инструмента: 100%
🔄 Баланс: 211.014246753911$ | PnL: 2.27555987 💵 | Сделок: 57
[2025-08-29 11:03:39][TRADE] Закрыта позиция ETHFI-USDT-SWAP SHORT PnL: 0.06251982 Причина: TP Баланс: 221.076785173911 WinRate инструмента: 100%
🔄 Баланс: 221.076785173911$ | PnL: 2.33807969 💵 | Сделок: 58
[2025-08-29 11:03:41][TRADE] Закрыта позиция FIL-USDT-SWAP SHORT PnL: 0.05865566 Причина: TP Баланс: 221.126568621055 WinRate инструмента: 100%
🔄 Баланс: 221.126568621055$ | PnL: 2.39673535 💵 | Сделок: 59
[2025-08-29 11:03:41][TRADE] Закрыта позиция FLM-USDT-SWAP SHORT PnL: 0.04735603 Причина: TP Баланс: 231.173925669055 WinRate инструмента: 100%
🔄 Баланс: 231.173925669055$ | PnL: 2.44409138 💵 | Сделок: 60
[2025-08-29 11:03:42][TRADE] Закрыта позиция FLOKI-USDT-SWAP SHORT PnL: 0.05010214 Причина: TP Баланс: 241.224027810277 WinRate инструмента: 100%
🔄 Баланс: 241.224027810277$ | PnL: 2.49419352 💵 | Сделок: 61
[2025-08-29 11:03:45][TRADE] Закрыта позиция GALA-USDT-SWAP SHORT PnL: 0.08934852 Причина: TP Баланс: 251.313375858277 WinRate инструмента: 100%
🔄 Баланс: 251.313375858277$ | PnL: 2.58354204 💵 | Сделок: 62
[2025-08-29 11:03:46][TRADE] Закрыта позиция GAS-USDT-SWAP SHORT PnL: -0.02836416 Причина: SL Баланс: 261.284977998277 WinRate инструмента: 0%
🔄 Баланс: 261.284977998277$ | PnL: 2.55517788 💵 | Сделок: 63
[2025-08-29 11:03:46][TRADE] Закрыта позиция GLM-USDT-SWAP SHORT PnL: 0.02147354 Причина: TP Баланс: 271.306446538277 WinRate инструмента: 100%
🔄 Баланс: 271.306446538277$ | PnL: 2.57665142 💵 | Сделок: 64
[2025-08-29 11:03:48][TRADE] Закрыта позиция GMX-USDT-SWAP SHORT PnL: 0.02529562 Причина: TP Баланс: 281.331540158277 WinRate инструмента: 100%
🔄 Баланс: 281.331540158277$ | PnL: 2.60194704 💵 | Сделок: 65
[2025-08-29 11:03:49][TRADE] Закрыта позиция GOAT-USDT-SWAP SHORT PnL: 0.06311745 Причина: TP Баланс: 291.394656506277 WinRate инструмента: 100%
🔄 Баланс: 291.394656506277$ | PnL: 2.66506449 💵 | Сделок: 66
[2025-08-29 11:03:54][TRADE] Закрыта позиция GRT-USDT-SWAP SHORT PnL: 0.0543348 Причина: TP Баланс: 281.431029591336 WinRate инструмента: 100%
🔄 Баланс: 281.431029591336$ | PnL: 2.71939929 💵 | Сделок: 67
[2025-08-29 11:03:54][TRADE] Закрыта позиция H-USDT-SWAP SHORT PnL: 0.08616141 Причина: TP Баланс: 291.517191537336 WinRate инструмента: 100%
🔄 Баланс: 291.517191537336$ | PnL: 2.8055607 💵 | Сделок: 68
[2025-08-29 11:03:55][TRADE] Закрыта позиция HBAR-USDT-SWAP SHORT PnL: 0.03584225 Причина: TP Баланс: 301.553035519336 WinRate инструмента: 100%
🔄 Баланс: 301.553035519336$ | PnL: 2.84140295 💵 | Сделок: 69
[2025-08-29 11:03:56][TRADE] Закрыта позиция HMSTR-USDT-SWAP SHORT PnL: 0.05286671 Причина: TP Баланс: 311.605902227316 WinRate инструмента: 100%
🔄 Баланс: 311.605902227316$ | PnL: 2.89426966 💵 | Сделок: 70
[2025-08-29 11:03:56][TRADE] Закрыта позиция HOME-USDT-SWAP SHORT PnL: 0.04157593 Причина: TP Баланс: 321.647476557316 WinRate инструмента: 100%
🔄 Баланс: 321.647476557316$ | PnL: 2.93584559 💵 | Сделок: 71
[2025-08-29 11:03:59][TRADE] Закрыта позиция ICP-USDT-SWAP SHORT PnL: 0.03815582 Причина: TP Баланс: 321.67648877103 WinRate инструмента: 100%
🔄 Баланс: 321.67648877103$ | PnL: 2.97400141 💵 | Сделок: 72
[2025-08-29 11:04:00][TRADE] Закрыта позиция ICX-USDT-SWAP SHORT PnL: 0.04349014 Причина: TP Баланс: 331.71998255703 WinRate инструмента: 100%
🔄 Баланс: 331.71998255703$ | PnL: 3.01749155 💵 | Сделок: 73
[2025-08-29 11:04:03][TRADE] Закрыта позиция INJ-USDT-SWAP SHORT PnL: 0.06949389 Причина: TP Баланс: 321.771663553799 WinRate инструмента: 100%
🔄 Баланс: 321.771663553799$ | PnL: 3.08698544 💵 | Сделок: 74
[2025-08-29 11:04:04][TRADE] Закрыта позиция IOST-USDT-SWAP SHORT PnL: 0.03187805 Причина: TP Баланс: 331.803541750999 WinRate инструмента: 100%
🔄 Баланс: 331.803541750999$ | PnL: 3.11886349 💵 | Сделок: 75
[2025-08-29 11:04:04][TRADE] Закрыта позиция IOTA-USDT-SWAP SHORT PnL: 0.04718929 Причина: TP Баланс: 341.850729440999 WinRate инструмента: 100%
🔄 Баланс: 341.850729440999$ | PnL: 3.16605278 💵 | Сделок: 76
[2025-08-29 11:04:07][TRADE] Закрыта позиция JOE-USDT-SWAP SHORT PnL: 0.09524488 Причина: TP Баланс: 351.945975560999 WinRate инструмента: 100%
🔄 Баланс: 351.945975560999$ | PnL: 3.26129766 💵 | Сделок: 77
[2025-08-29 11:04:09][TRADE] Закрыта позиция JTO-USDT-SWAP SHORT PnL: 0.03713015 Причина: TP Баланс: 361.983013710999 WinRate инструмента: 100%
🔄 Баланс: 361.983013710999$ | PnL: 3.29842781 💵 | Сделок: 78
[2025-08-29 11:04:13][TRADE] Закрыта позиция KSM-USDT-SWAP SHORT PnL: 0.04717864 Причина: TP Баланс: 362.021798370799 WinRate инструмента: 100%
🔄 Баланс: 362.021798370799$ | PnL: 3.34560645 💵 | Сделок: 79
[2025-08-29 11:04:14][TRADE] Закрыта позиция LA-USDT-SWAP SHORT PnL: 0.03031045 Причина: TP Баланс: 372.052096000799 WinRate инструмента: 100%
🔄 Баланс: 372.052096000799$ | PnL: 3.3759169 💵 | Сделок: 80
[2025-08-29 11:04:15][TRADE] Закрыта позиция LAYER-USDT-SWAP SHORT PnL: 0.040283 Причина: TP Баланс: 382.092392980799 WinRate инструмента: 100%
🔄 Баланс: 382.092392980799$ | PnL: 3.4161999 💵 | Сделок: 81
[2025-08-29 11:04:16][TRADE] Закрыта позиция LDO-USDT-SWAP SHORT PnL: 0.061432 Причина: TP Баланс: 392.153763620799 WinRate инструмента: 100%
🔄 Баланс: 392.153763620799$ | PnL: 3.4776319 💵 | Сделок: 82
[2025-08-29 11:04:22][TRADE] Закрыта позиция LTC-USDT-SWAP SHORT PnL: 0.02817435 Причина: TP Баланс: 372.158830779959 WinRate инструмента: 100%
🔄 Баланс: 372.158830779959$ | PnL: 3.50580625 💵 | Сделок: 83
[2025-08-29 11:04:22][TRADE] Закрыта позиция LUNA-USDT-SWAP SHORT PnL: 0.04393829 Причина: TP Баланс: 382.202776259959 WinRate инструмента: 100%
🔄 Баланс: 382.202776259959$ | PnL: 3.54974454 💵 | Сделок: 84
[2025-08-29 11:04:23][TRADE] Закрыта позиция LUNC-USDT-SWAP SHORT PnL: 0.02782241 Причина: TP Баланс: 392.230598671899 WinRate инструмента: 100%
🔄 Баланс: 392.230598671899$ | PnL: 3.57756695 💵 | Сделок: 85
[2025-08-29 11:04:25][TRADE] Закрыта позиция MANA-USDT-SWAP SHORT PnL: 0.04400124 Причина: TP Баланс: 402.274601231899 WinRate инструмента: 100%
🔄 Баланс: 402.274601231899$ | PnL: 3.62156819 💵 | Сделок: 86
[2025-08-29 11:04:26][TRADE] Закрыта позиция MASK-USDT-SWAP SHORT PnL: 0.03501342 Причина: TP Баланс: 412.309637651899 WinRate инструмента: 100%
🔄 Баланс: 412.309637651899$ | PnL: 3.65658161 💵 | Сделок: 87
[2025-08-29 11:04:26][TRADE] Закрыта позиция ME-USDT-SWAP SHORT PnL: 0.07384066 Причина: TP Баланс: 422.383468311899 WinRate инструмента: 100%
🔄 Баланс: 422.383468311899$ | PnL: 3.73042227 💵 | Сделок: 88
[2025-08-29 11:04:37][TRADE] Закрыта позиция MUBARAK-USDT-SWAP SHORT PnL: 0.04892261 Причина: TP Баланс: 382.45871314979 WinRate инструмента: 100%
🔄 Баланс: 382.45871314979$ | PnL: 3.77934488 💵 | Сделок: 89
[2025-08-29 11:04:39][TRADE] Закрыта позиция NEIROETH-USDT-SWAP SHORT PnL: 0.04610973 Причина: TP Баланс: 382.49593160188 WinRate инструмента: 100%
🔄 Баланс: 382.49593160188$ | PnL: 3.82545461 💵 | Сделок: 90
[2025-08-29 11:04:44][TRADE] Закрыта позиция NOT-USDT-SWAP SHORT PnL: 0.05408736 Причина: TP Баланс: 372.532013100542 WinRate инструмента: 100%
🔄 Баланс: 372.532013100542$ | PnL: 3.87954197 💵 | Сделок: 91
[2025-08-29 11:04:48][TRADE] Закрыта позиция ONDO-USDT-SWAP SHORT PnL: 0.04492266 Причина: TP Баланс: 372.567898837374 WinRate инструмента: 100%
🔄 Баланс: 372.567898837374$ | PnL: 3.92446463 💵 | Сделок: 92
[2025-08-29 11:04:50][TRADE] Закрыта позиция ONT-USDT-SWAP SHORT PnL: 0.04528074 Причина: TP Баланс: 372.604182364593 WinRate инструмента: 100%
🔄 Баланс: 372.604182364593$ | PnL: 3.96974537 💵 | Сделок: 93
[2025-08-29 11:04:52][TRADE] Закрыта позиция ORBS-USDT-SWAP SHORT PnL: 0.03150039 Причина: TP Баланс: 382.635682234593 WinRate инструмента: 100%
🔄 Баланс: 382.635682234593$ | PnL: 4.00124576 💵 | Сделок: 94
[2025-08-29 11:06:00][TRADE] Закрыта позиция BCH-USD-SWAP SHORT PnL: 0.00322259 Причина: TP Баланс: 12.321013910689 WinRate инструмента: 50%
🔄 Баланс: 12.321013910689$ | PnL: 4.00446835 💵 | Сделок: 95
[2025-08-29 11:06:03][TRADE] Закрыта позиция LTC-USD-SWAP SHORT PnL: -0.02528744 Причина: SL Баланс: 12.290272211819 WinRate инструмента: 0%
🔄 Баланс: 12.290272211819$ | PnL: 3.97918091 💵 | Сделок: 96
[2025-08-29 11:06:05][TRADE] Закрыта позиция SUI-USD-SWAP SHORT PnL: -0.02864987 Причина: SL Баланс: 22.261686341819 WinRate инструмента: 0%
🔄 Баланс: 22.261686341819$ | PnL: 3.95053104 💵 | Сделок: 97
[2025-08-29 11:06:10][TRADE] Закрыта позиция 1INCH-USDT-SWAP SHORT PnL: 0.0372487 Причина: TP Баланс: 12.096667023179 WinRate инструмента: 100%
🔄 Баланс: 12.096667023179$ | PnL: 3.98777974 💵 | Сделок: 98
[2025-08-29 11:06:12][TRADE] Закрыта позиция AAVE-USDT-SWAP SHORT PnL: -0.03178267 Причина: SL Баланс: 12.067808753539 WinRate инструмента: 0%
🔄 Баланс: 12.067808753539$ | PnL: 3.95599707 💵 | Сделок: 99
[2025-08-29 11:06:14][TRADE] Закрыта позиция ACT-USDT-SWAP SHORT PnL: -0.05295184 Причина: SL Баланс: 12.005870031925 WinRate инструмента: 0%
🔄 Баланс: 12.005870031925$ | PnL: 3.90304523 💵 | Сделок: 100
[2025-08-29 11:06:18][TRADE] Закрыта позиция ALCH-USDT-SWAP SHORT PnL: -0.03724316 Причина: SL Баланс: 11.959610960513 WinRate инструмента: 0%
🔄 Баланс: 11.959610960513$ | PnL: 3.86580207 💵 | Сделок: 101
[2025-08-29 11:06:22][TRADE] Закрыта позиция ARC-USDT-SWAP SHORT PnL: -0.06165317 Причина: SL Баланс: 11.888956483523 WinRate инструмента: 0%
🔄 Баланс: 11.888956483523$ | PnL: 3.8041489 💵 | Сделок: 102
[2025-08-29 11:06:24][TRADE] Закрыта позиция ATH-USDT-SWAP SHORT PnL: -0.02825314 Причина: SL Баланс: 11.851713595523 WinRate инструмента: 0%
🔄 Баланс: 11.851713595523$ | PnL: 3.77589576 💵 | Сделок: 103
[2025-08-29 11:06:25][TRADE] Закрыта позиция ATOM-USDT-SWAP SHORT PnL: -0.03822415 Причина: SL Баланс: 21.813571845523 WinRate инструмента: 0%
🔄 Баланс: 21.813571845523$ | PnL: 3.73767161 💵 | Сделок: 104
[2025-08-29 11:06:27][TRADE] Закрыта позиция AVAX-USDT-SWAP SHORT PnL: -0.04080573 Причина: SL Баланс: 21.763224420403 WinRate инструмента: 0%
🔄 Баланс: 21.763224420403$ | PnL: 3.69686588 💵 | Сделок: 105
[2025-08-29 11:06:27][TRADE] Закрыта позиция AVAAI-USDT-SWAP SHORT PnL: -0.0646013 Причина: SL Баланс: 31.698623328403 WinRate инструмента: 0%
🔄 Баланс: 31.698623328403$ | PnL: 3.63226458 💵 | Сделок: 106
[2025-08-29 11:06:30][TRADE] Закрыта позиция BABY-USDT-SWAP SHORT PnL: -0.04274819 Причина: SL Баланс: 31.646848543833 WinRate инструмента: 0%
🔄 Баланс: 31.646848543833$ | PnL: 3.58951639 💵 | Сделок: 107
[2025-08-29 11:06:30][TRADE] Закрыта позиция BAND-USDT-SWAP SHORT PnL: 0.05650854 Причина: TP Баланс: 41.703373083833 WinRate инструмента: 100%
🔄 Баланс: 41.703373083833$ | PnL: 3.64602493 💵 | Сделок: 108
[2025-08-29 11:06:32][TRADE] Закрыта позиция BCH-USDT-SWAP SHORT PnL: -0.02353868 Причина: SL Баланс: 41.665708858847 WinRate инструмента: 0%
🔄 Баланс: 41.665708858847$ | PnL: 3.62248625 💵 | Сделок: 109
[2025-08-29 11:06:39][TRADE] Закрыта позиция BNB-USDT-SWAP SHORT PnL: -0.02316903 Причина: SL Баланс: 51.659139828847 WinRate инструмента: 0%
🔄 Баланс: 51.659139828847$ | PnL: 3.59931722 💵 | Сделок: 110
[2025-08-29 11:06:47][TRADE] Закрыта позиция CETUS-USDT-SWAP SHORT PnL: -0.05666353 Причина: SL Баланс: 11.5574581595329 WinRate инструмента: 0%
🔄 Баланс: 11.5574581595329$ | PnL: 3.54265369 💵 | Сделок: 111
[2025-08-29 11:06:49][TRADE] Закрыта позиция COMP-USDT-SWAP SHORT PnL: -0.03771716 Причина: SL Баланс: 11.5085847063701 WinRate инструмента: 0%
🔄 Баланс: 11.5085847063701$ | PnL: 3.50493653 💵 | Сделок: 112
[2025-08-29 11:07:01][TRADE] Закрыта позиция GMT-USDT-SWAP SHORT PnL: -0.03781917 Причина: SL Баланс: 11.4617632632397 WinRate инструмента: 0%
🔄 Баланс: 11.4617632632397$ | PnL: 3.46711736 💵 | Сделок: 113
[2025-08-29 11:07:03][TRADE] Закрыта позиция GODS-USDT-SWAP SHORT PnL: -0.05272736 Причина: SL Баланс: 11.3995354072397 WinRate инструмента: 0%
🔄 Баланс: 11.3995354072397$ | PnL: 3.41439 💵 | Сделок: 114
[2025-08-29 11:07:05][TRADE] Закрыта позиция GRASS-USDT-SWAP SHORT PnL: -0.03034598 Причина: SL Баланс: 21.3691522672397 WinRate инструмента: 50%
🔄 Баланс: 21.3691522672397$ | PnL: 3.38404402 💵 | Сделок: 115
[2025-08-29 11:07:10][TRADE] Закрыта позиция HUMA-USDT-SWAP SHORT PnL: -0.0354062 Причина: SL Баланс: 11.3157468416491 WinRate инструмента: 0%
🔄 Баланс: 11.3157468416491$ | PnL: 3.34863782 💵 | Сделок: 116
[2025-08-29 11:07:21][TRADE] Закрыта позиция LPT-USDT-SWAP SHORT PnL: -0.07153973 Причина: SL Баланс: 11.2353333704091 WinRate инструмента: 0%
🔄 Баланс: 11.2353333704091$ | PnL: 3.27709809 💵 | Сделок: 117
[2025-08-29 11:07:39][TRADE] Закрыта позиция OM-USDT-SWAP SHORT PnL: 0.03610043 Причина: TP Баланс: 11.2604345195091 WinRate инструмента: 100%
🔄 Баланс: 11.2604345195091$ | PnL: 3.31319852 💵 | Сделок: 118
[2025-08-29 11:07:41][TRADE] Закрыта позиция ONE-USDT-SWAP SHORT PnL: 0.05974888 Причина: TP Баланс: 11.3111986754641 WinRate инструмента: 100%
🔄 Баланс: 11.3111986754641$ | PnL: 3.3729474 💵 | Сделок: 119
[2025-08-29 11:07:45][TRADE] Закрыта позиция PARTI-USDT-SWAP LONG PnL: -0.07028876 Причина: SL Баланс: 11.2319117581461 WinRate инструмента: 0%
🔄 Баланс: 11.2319117581461$ | PnL: 3.30265864 💵 | Сделок: 120
[2025-08-29 11:07:54][TRADE] Закрыта позиция POPCAT-USDT-SWAP SHORT PnL: 0.0637968 Причина: TP Баланс: 21.2956978981461 WinRate инструмента: 100%
🔄 Баланс: 21.2956978981461$ | PnL: 3.36645544 💵 | Сделок: 121
[2025-08-29 11:07:55][TRADE] Закрыта позиция PRCL-USDT-SWAP SHORT PnL: 0.05557011 Причина: TP Баланс: 31.3512693141461 WinRate инструмента: 100%
🔄 Баланс: 31.3512693141461$ | PnL: 3.42202555 💵 | Сделок: 122
[2025-08-29 11:08:00][TRADE] Закрыта позиция RAY-USDT-SWAP SHORT PnL: 0.06872669 Причина: TP Баланс: 31.4111351892013 WinRate инструмента: 100%
🔄 Баланс: 31.4111351892013$ | PnL: 3.49075224 💵 | Сделок: 123
[2025-08-29 11:08:01][TRADE] Закрыта позиция RENDER-USDT-SWAP SHORT PnL: 0.0479259 Причина: TP Баланс: 41.4592132892013 WinRate инструмента: 100%
🔄 Баланс: 41.4592132892013$ | PnL: 3.53867814 💵 | Сделок: 124
[2025-08-29 11:08:01][TRADE] Закрыта позиция RESOLV-USDT-SWAP SHORT PnL: 0.04014846 Причина: TP Баланс: 51.4993587892013 WinRate инструмента: 100%
🔄 Баланс: 51.4993587892013$ | PnL: 3.5788266 💵 | Сделок: 125
[2025-08-29 11:08:04][TRADE] Закрыта позиция S-USDT-SWAP SHORT PnL: 0.05018474 Причина: TP Баланс: 61.5495283292013 WinRate инструмента: 100%
🔄 Баланс: 61.5495283292013$ | PnL: 3.62901134 💵 | Сделок: 126
[2025-08-29 11:08:05][TRADE] Закрыта позиция SAHARA-USDT-SWAP SHORT PnL: 0.03593998 Причина: TP Баланс: 71.5854655392013 WinRate инструмента: 100%
🔄 Баланс: 71.5854655392013$ | PnL: 3.66495132 💵 | Сделок: 127
[2025-08-29 11:08:09][TRADE] Закрыта позиция SHIB-USDT-SWAP SHORT PnL: 0.02331316 Причина: TP Баланс: 71.5997845342282 WinRate инструмента: 100%
🔄 Баланс: 71.5997845342282$ | PnL: 3.68826448 💵 | Сделок: 128
[2025-08-29 11:08:10][TRADE] Закрыта позиция SIGN-USDT-SWAP SHORT PnL: 0.0209708 Причина: TP Баланс: 81.6207567102282 WinRate инструмента: 100%
🔄 Баланс: 81.6207567102282$ | PnL: 3.70923528 💵 | Сделок: 129
[2025-08-29 11:08:11][TRADE] Закрыта позиция SLP-USDT-SWAP SHORT PnL: 0.044634 Причина: TP Баланс: 91.6653907923283 WinRate инструмента: 100%
🔄 Баланс: 91.6653907923283$ | PnL: 3.75386928 💵 | Сделок: 130
[2025-08-29 11:08:13][TRADE] Закрыта позиция SOLV-USDT-SWAP SHORT PnL: 0.0231109 Причина: TP Баланс: 101.688503494328 WinRate инструмента: 100%
🔄 Баланс: 101.688503494328$ | PnL: 3.77698018 💵 | Сделок: 131
[2025-08-29 11:08:18][TRADE] Закрыта позиция SSV-USDT-SWAP SHORT PnL: 0.06133889 Причина: TP Баланс: 111.750080784328 WinRate инструмента: 100%
🔄 Баланс: 111.750080784328$ | PnL: 3.83831907 💵 | Сделок: 132
[2025-08-29 11:08:20][TRADE] Закрыта позиция STRK-USDT-SWAP SHORT PnL: 0.06206697 Причина: TP Баланс: 121.812148524328 WinRate инструмента: 100%
🔄 Баланс: 121.812148524328$ | PnL: 3.90038604 💵 | Сделок: 133
[2025-08-29 11:08:21][TRADE] Закрыта позиция STX-USDT-SWAP SHORT PnL: 0.04381797 Причина: TP Баланс: 131.855950334328 WinRate инструмента: 100%
🔄 Баланс: 131.855950334328$ | PnL: 3.94420401 💵 | Сделок: 134
[2025-08-29 11:08:22][TRADE] Закрыта позиция SUI-USDT-SWAP SHORT PnL: 0.03987894 Причина: TP Баланс: 141.895946254328 WinRate инструмента: 100%
🔄 Баланс: 141.895946254328$ | PnL: 3.98408295 💵 | Сделок: 135
[2025-08-29 11:08:23][TRADE] Закрыта позиция SUSHI-USDT-SWAP SHORT PnL: 0.06030279 Причина: TP Баланс: 151.956241324328 WinRate инструмента: 100%
🔄 Баланс: 151.956241324328$ | PnL: 4.04438574 💵 | Сделок: 136
[2025-08-29 11:08:23][TRADE] Закрыта позиция SWARMS-USDT-SWAP SHORT PnL: 0.07869867 Причина: TP Баланс: 162.034940686328 WinRate инструмента: 100%
🔄 Баланс: 162.034940686328$ | PnL: 4.12308441 💵 | Сделок: 137
[2025-08-29 11:08:25][TRADE] Закрыта позиция T-USDT-SWAP SHORT PnL: 0.03462113 Причина: TP Баланс: 172.069561100328 WinRate инструмента: 100%
🔄 Баланс: 172.069561100328$ | PnL: 4.15770554 💵 | Сделок: 138
[2025-08-29 11:08:28][TRADE] Закрыта позиция TIA-USDT-SWAP SHORT PnL: 0.06501166 Причина: TP Баланс: 182.134622360328 WinRate инструмента: 100%
🔄 Баланс: 182.134622360328$ | PnL: 4.2227172 💵 | Сделок: 139
[2025-08-29 11:09:15][TRADE] Закрыта позиция A-USDT-SWAP SHORT PnL: 0.03139165 Причина: TP Баланс: 12.00255759189 WinRate инструмента: 100%
🔄 Баланс: 12.00255759189$ | PnL: 4.25410885 💵 | Сделок: 140
[2025-08-29 11:09:19][TRADE] Закрыта позиция AEVO-USDT-SWAP SHORT PnL: 0.05704793 Причина: TP Баланс: 12.04839646229 WinRate инструмента: 100%
🔄 Баланс: 12.04839646229$ | PnL: 4.31115678 💵 | Сделок: 141
[2025-08-29 11:09:21][TRADE] Закрыта позиция AI16Z-USDT-SWAP SHORT PnL: 0.09751471 Причина: TP Баланс: 22.14590777229 WinRate инструмента: 100%
🔄 Баланс: 22.14590777229$ | PnL: 4.40867149 💵 | Сделок: 142
[2025-08-29 11:09:26][TRADE] Закрыта позиция API3-USDT-SWAP SHORT PnL: -0.03716437 Причина: SL Баланс: 12.0907941034382 WinRate инструмента: 0%
🔄 Баланс: 12.0907941034382$ | PnL: 4.37150712 💵 | Сделок: 143
[2025-08-29 11:09:30][TRADE] Закрыта позиция AUCTION-USDT-SWAP SHORT PnL: 0.02407228 Причина: TP Баланс: 12.1061180147582 WinRate инструмента: 100%
🔄 Баланс: 12.1061180147582$ | PnL: 4.3955794 💵 | Сделок: 144
[2025-08-29 11:09:32][TRADE] Закрыта позиция AXS-USDT-SWAP SHORT PnL: 0.04705246 Причина: TP Баланс: 12.1447299532882 WinRate инструмента: 100%
🔄 Баланс: 12.1447299532882$ | PnL: 4.44263186 💵 | Сделок: 145
[2025-08-29 11:09:46][TRADE] Закрыта позиция CORE-USDT-SWAP SHORT PnL: 0.03012175 Причина: TP Баланс: 12.1658354127534 WinRate инструмента: 100%
🔄 Баланс: 12.1658354127534$ | PnL: 4.47275361 💵 | Сделок: 146
[2025-08-29 11:09:55][TRADE] Закрыта позиция FARTCOIN-USDT-SWAP SHORT PnL: 0.08861126 Причина: TP Баланс: 12.2453877068514 WinRate инструмента: 100%
🔄 Баланс: 12.2453877068514$ | PnL: 4.56136487 💵 | Сделок: 147
[2025-08-29 11:10:04][TRADE] Закрыта позиция HYPE-USDT-SWAP SHORT PnL: 0.07802121 Причина: TP Баланс: 12.3147658104514 WinRate инструмента: 100%
🔄 Баланс: 12.3147658104514$ | PnL: 4.63938608 💵 | Сделок: 148
[2025-08-29 11:10:10][TRADE] Закрыта позиция JUP-USDT-SWAP SHORT PnL: 0.0805117 Причина: TP Баланс: 12.3862799011548 WinRate инструмента: 100%
🔄 Баланс: 12.3862799011548$ | PnL: 4.71989778 💵 | Сделок: 149
[2025-08-29 11:10:11][TRADE] Закрыта позиция KAITO-USDT-SWAP SHORT PnL: 0.06419261 Причина: TP Баланс: 22.4504505111548 WinRate инструмента: 100%
🔄 Баланс: 22.4504505111548$ | PnL: 4.78409039 💵 | Сделок: 150
[2025-08-29 11:10:16][TRADE] Закрыта позиция LQTY-USDT-SWAP SHORT PnL: 0.06835247 Причина: TP Баланс: 12.5000469673588 WinRate инструмента: 100%
🔄 Баланс: 12.5000469673588$ | PnL: 4.85244286 💵 | Сделок: 151
[2025-08-29 11:10:17][TRADE] Закрыта позиция LRC-USDT-SWAP SHORT PnL: 0.05676332 Причина: TP Баланс: 22.5568125513588 WinRate инструмента: 100%
🔄 Баланс: 22.5568125513588$ | PnL: 4.90920618 💵 | Сделок: 152
[2025-08-29 11:10:23][TRADE] Закрыта позиция MEW-USDT-SWAP SHORT PnL: 0.05597972 Причина: TP Баланс: 12.5947971210093 WinRate инструмента: 100%
🔄 Баланс: 12.5947971210093$ | PnL: 4.9651859 💵 | Сделок: 153
[2025-08-29 11:10:23][TRADE] Закрыта позиция MINA-USDT-SWAP SHORT PnL: 0.06939294 Причина: TP Баланс: 22.6641870210093 WinRate инструмента: 100%
🔄 Баланс: 22.6641870210093$ | PnL: 5.03457884 💵 | Сделок: 154
[2025-08-29 11:10:25][TRADE] Закрыта позиция MOODENG-USDT-SWAP SHORT PnL: 0.05271352 Причина: TP Баланс: 32.7168965470093 WinRate инструмента: 100%
🔄 Баланс: 32.7168965470093$ | PnL: 5.08729236 💵 | Сделок: 155
[2025-08-29 11:10:27][TRADE] Закрыта позиция MOVE-USDT-SWAP SHORT PnL: 0.06132848 Причина: TP Баланс: 42.7782208390093 WinRate инструмента: 100%
🔄 Баланс: 42.7782208390093$ | PnL: 5.14862084 💵 | Сделок: 156
[2025-08-29 11:10:28][TRADE] Закрыта позиция NEAR-USDT-SWAP SHORT PnL: 0.06214864 Причина: TP Баланс: 42.8312592288743 WinRate инструмента: 100%
🔄 Баланс: 42.8312592288743$ | PnL: 5.21076948 💵 | Сделок: 157
[2025-08-29 11:10:31][TRADE] Закрыта позиция NEO-USDT-SWAP SHORT PnL: 0.06671933 Причина: TP Баланс: 42.8890175648333 WinRate инструмента: 100%
🔄 Баланс: 42.8890175648333$ | PnL: 5.27748881 💵 | Сделок: 158
[2025-08-29 11:10:43][TRADE] Закрыта позиция ORDI-USDT-SWAP SHORT PnL: 0.07057576 Причина: TP Баланс: 12.9228657933484 WinRate инструмента: 100%
🔄 Баланс: 12.9228657933484$ | PnL: 5.34806457 💵 | Сделок: 159
[2025-08-29 11:10:47][TRADE] Закрыта позиция PEPE-USDT-SWAP SHORT PnL: 0.05298142 Причина: TP Баланс: 22.975847213608 WinRate инструмента: 100%
🔄 Баланс: 22.975847213608$ | PnL: 5.40104599 💵 | Сделок: 160
[2025-08-29 11:10:49][TRADE] Закрыта позиция PLUME-USDT-SWAP SHORT PnL: 0.05221726 Причина: TP Баланс: 33.028063086608 WinRate инструмента: 100%
🔄 Баланс: 33.028063086608$ | PnL: 5.45326325 💵 | Сделок: 161
[2025-08-29 11:10:49][TRADE] Закрыта позиция PNUT-USDT-SWAP SHORT PnL: 0.07407093 Причина: TP Баланс: 43.102123906608 WinRate инструмента: 100%
🔄 Баланс: 43.102123906608$ | PnL: 5.52733418 💵 | Сделок: 162
[2025-08-29 11:11:02][TRADE] Закрыта позиция RVN-USDT-SWAP SHORT PnL: 0.03200054 Причина: TP Баланс: 13.0978700744166 WinRate инструмента: 100%
🔄 Баланс: 13.0978700744166$ | PnL: 5.55933472 💵 | Сделок: 163
[2025-08-29 11:11:04][TRADE] Закрыта позиция SAND-USDT-SWAP SHORT PnL: 0.05014956 Причина: TP Баланс: 13.1390242943616 WinRate инструмента: 100%
🔄 Баланс: 13.1390242943616$ | PnL: 5.60948428 💵 | Сделок: 164
[2025-08-29 11:11:04][TRADE] Закрыта позиция SCR-USDT-SWAP SHORT PnL: 0.05059005 Причина: TP Баланс: 23.1896187443616 WinRate инструмента: 100%
🔄 Баланс: 23.1896187443616$ | PnL: 5.66007433 💵 | Сделок: 165
[2025-08-29 11:11:08][TRADE] Закрыта позиция SNX-USDT-SWAP SHORT PnL: 0.06943913 Причина: TP Баланс: 13.241039329068 WinRate инструмента: 100%
🔄 Баланс: 13.241039329068$ | PnL: 5.72951346 💵 | Сделок: 166
[2025-08-29 11:11:20][TRADE] Закрыта позиция TRUMP-USDT-SWAP SHORT PnL: -0.02867001 Причина: SL Баланс: 13.2033777329511 WinRate инструмента: 0%
🔄 Баланс: 13.2033777329511$ | PnL: 5.70084345 💵 | Сделок: 167
[2025-08-29 11:11:34][TRADE] Закрыта позиция WAXP-USDT-SWAP SHORT PnL: -0.03022086 Причина: SL Баланс: 23.1731560289511 WinRate инструмента: 0%
🔄 Баланс: 23.1731560289511$ | PnL: 5.67062259 💵 | Сделок: 168
[2025-08-29 11:11:38][TRADE] Закрыта позиция WOO-USDT-SWAP SHORT PnL: -0.04337367 Причина: SL Баланс: 33.1297854029511 WinRate инструмента: 0%
🔄 Баланс: 33.1297854029511$ | PnL: 5.62724892 💵 | Сделок: 169
[2025-08-29 11:12:02][TRADE] Закрыта позиция UNI-USD-SWAP SHORT PnL: 0.04112334 Причина: TP Баланс: 12.9487330534641 WinRate инструмента: 100%
🔄 Баланс: 12.9487330534641$ | PnL: 5.66837226 💵 | Сделок: 170
[2025-08-29 11:12:05][TRADE] Закрыта позиция ETH-USDT-SWAP SHORT PnL: 0.03676251 Причина: TP Баланс: 12.0719870474641 WinRate инструмента: 100%
🔄 Баланс: 12.0719870474641$ | PnL: 5.70513477 💵 | Сделок: 171
[2025-08-29 11:12:26][TRADE] Закрыта позиция BOME-USDT-SWAP SHORT PnL: 0.0812637 Причина: TP Баланс: 12.1506364651641 WinRate инструмента: 100%
🔄 Баланс: 12.1506364651641$ | PnL: 5.78639847 💵 | Сделок: 172
[2025-08-29 11:12:33][TRADE] Закрыта позиция CHZ-USDT-SWAP SHORT PnL: 0.04243535 Причина: TP Баланс: 12.1840717739653 WinRate инструмента: 100%
🔄 Баланс: 12.1840717739653$ | PnL: 5.82883382 💵 | Сделок: 173
[2025-08-29 11:12:38][TRADE] Закрыта позиция CTC-USDT-SWAP SHORT PnL: -0.02586329 Причина: SL Баланс: 12.1492472729653 WinRate инструмента: 50%
🔄 Баланс: 12.1492472729653$ | PnL: 5.80297053 💵 | Сделок: 174
[2025-08-29 11:12:41][TRADE] Закрыта позиция DGB-USDT-SWAP SHORT PnL: 0.05956748 Причина: TP Баланс: 12.1998118612217 WinRate инструмента: 100%
🔄 Баланс: 12.1998118612217$ | PnL: 5.86253801 💵 | Сделок: 175
[2025-08-29 11:12:55][TRADE] Закрыта позиция IMX-USDT-SWAP SHORT PnL: 0.08920056 Причина: TP Баланс: 12.2800187257758 WinRate инструмента: 100%
🔄 Баланс: 12.2800187257758$ | PnL: 5.95173857 💵 | Сделок: 176
[2025-08-29 11:13:09][TRADE] Закрыта позиция MEME-USDT-SWAP SHORT PnL: 0.10594206 Причина: TP Баланс: 12.3769608184072 WinRate инструмента: 100%
🔄 Баланс: 12.3769608184072$ | PnL: 6.05768063 💵 | Сделок: 177
[2025-08-29 11:13:13][TRADE] Закрыта позиция MORPHO-USDT-SWAP SHORT PnL: 0.05571388 Причина: TP Баланс: 12.4236640843072 WinRate инструмента: 100%
🔄 Баланс: 12.4236640843072$ | PnL: 6.11339451 💵 | Сделок: 178
[2025-08-29 11:13:15][TRADE] Закрыта позиция MUBARAK-USDT-SWAP SHORT PnL: 0.04509092 Причина: TP Баланс: 12.4597504000322 WinRate инструмента: 100%
🔄 Баланс: 12.4597504000322$ | PnL: 6.15848543 💵 | Сделок: 179
[2025-08-29 11:13:17][TRADE] Закрыта позиция NEIROETH-USDT-SWAP SHORT PnL: 0.04816037 Причина: TP Баланс: 12.4988351880322 WinRate инструмента: 100%
🔄 Баланс: 12.4988351880322$ | PnL: 6.2066458 💵 | Сделок: 180
[2025-08-29 11:13:18][TRADE] Закрыта позиция NEIRO-USDT-SWAP SHORT PnL: 0.07958508 Причина: TP Баланс: 22.5784202852522 WinRate инструмента: 100%
🔄 Баланс: 22.5784202852522$ | PnL: 6.28623088 💵 | Сделок: 181
[2025-08-29 11:13:19][TRADE] Закрыта позиция NEWT-USDT-SWAP SHORT PnL: 0.06187961 Причина: TP Баланс: 22.6311643481722 WinRate инструмента: 50%
🔄 Баланс: 22.6311643481722$ | PnL: 6.34811049 💵 | Сделок: 182
[2025-08-29 11:13:20][TRADE] Закрыта позиция NMR-USDT-SWAP LONG PnL: -0.12717607 Причина: SL Баланс: 32.5047745781722 WinRate инструмента: 50%
🔄 Баланс: 32.5047745781722$ | PnL: 6.22093442 💵 | Сделок: 183
[2025-08-29 11:13:24][TRADE] Закрыта позиция OM-USDT-SWAP SHORT PnL: 0.04094238 Причина: TP Баланс: 22.5277524399375 WinRate инструмента: 100%
🔄 Баланс: 22.5277524399375$ | PnL: 6.2618768 💵 | Сделок: 184
[2025-08-29 11:13:28][TRADE] Закрыта позиция OP-USDT-SWAP SHORT PnL: 0.07488644 Причина: TP Баланс: 32.6026199799375 WinRate инструмента: 100%
🔄 Баланс: 32.6026199799375$ | PnL: 6.33676324 💵 | Сделок: 185
[2025-08-29 11:13:32][TRADE] Закрыта позиция PENGU-USDT-SWAP SHORT PnL: 0.06924388 Причина: TP Баланс: 22.6534431661527 WinRate инструмента: 100%
🔄 Баланс: 22.6534431661527$ | PnL: 6.40600712 💵 | Сделок: 186
[2025-08-29 11:13:32][TRADE] Закрыта позиция PEOPLE-USDT-SWAP SHORT PnL: 0.07789798 Причина: TP Баланс: 32.7313409261527 WinRate инструмента: 100%
🔄 Баланс: 32.7313409261527$ | PnL: 6.4839051 💵 | Сделок: 187
[2025-08-29 11:13:34][TRADE] Закрыта позиция PERP-USDT-SWAP SHORT PnL: 0.04590376 Причина: TP Баланс: 32.7682314062696 WinRate инструмента: 100%
🔄 Баланс: 32.7682314062696$ | PnL: 6.52980886 💵 | Сделок: 188
[2025-08-29 11:13:38][TRADE] Закрыта позиция POPCAT-USDT-SWAP SHORT PnL: 0.06283733 Причина: TP Баланс: 22.8130470315072 WinRate инструмента: 100%
🔄 Баланс: 22.8130470315072$ | PnL: 6.59264619 💵 | Сделок: 189
[2025-08-29 11:13:43][TRADE] Закрыта позиция QTUM-USDT-SWAP SHORT PnL: 0.06200972 Причина: TP Баланс: 22.8660972143637 WinRate инструмента: 100%
🔄 Баланс: 22.8660972143637$ | PnL: 6.65465591 💵 | Сделок: 190
[2025-08-29 11:13:45][TRADE] Закрыта позиция RENDER-USDT-SWAP SHORT PnL: 0.05014491 Причина: TP Баланс: 32.9163919243637 WinRate инструмента: 100%
🔄 Баланс: 32.9163919243637$ | PnL: 6.70480082 💵 | Сделок: 191
[2025-08-29 11:13:47][TRADE] Закрыта позиция RSR-USDT-SWAP SHORT PnL: 0.06126229 Причина: TP Баланс: 32.9686511675757 WinRate инструмента: 100%
🔄 Баланс: 32.9686511675757$ | PnL: 6.76606311 💵 | Сделок: 192
[2025-08-29 11:13:52][TRADE] Закрыта позиция SHELL-USDT-SWAP SHORT PnL: 0.05660338 Причина: TP Баланс: 12.9982417132775 WinRate инструмента: 100%
🔄 Баланс: 12.9982417132775$ | PnL: 6.82266649 💵 | Сделок: 193
[2025-08-29 11:13:53][TRADE] Закрыта позиция SHIB-USDT-SWAP SHORT PnL: 0.02748481 Причина: TP Баланс: 23.02572652389 WinRate инструмента: 100%
🔄 Баланс: 23.02572652389$ | PnL: 6.8501513 💵 | Сделок: 194
[2025-08-29 11:13:53][TRADE] Закрыта позиция SIGN-USDT-SWAP SHORT PnL: 0.01896021 Причина: TP Баланс: 33.04468637889 WinRate инструмента: 100%
🔄 Баланс: 33.04468637889$ | PnL: 6.86911151 💵 | Сделок: 195
[2025-08-29 11:13:56][TRADE] Закрыта позиция SOLV-USDT-SWAP SHORT PnL: 0.0268545 Причина: TP Баланс: 23.053573583181 WinRate инструмента: 100%
🔄 Баланс: 23.053573583181$ | PnL: 6.89596601 💵 | Сделок: 196
[2025-08-29 11:14:00][TRADE] Закрыта позиция SPX-USDT-SWAP SHORT PnL: 0.092863 Причина: TP Баланс: 23.1374522150729 WinRate инструмента: 100%
🔄 Баланс: 23.1374522150729$ | PnL: 6.98882901 💵 | Сделок: 197
[2025-08-29 11:14:02][TRADE] Закрыта позиция STORJ-USDT-SWAP SHORT PnL: 0.04585035 Причина: TP Баланс: 23.1747522839529 WinRate инструмента: 100%
🔄 Баланс: 23.1747522839529$ | PnL: 7.03467936 💵 | Сделок: 198
[2025-08-29 11:14:05][TRADE] Закрыта позиция TAO-USDT-SWAP SHORT PnL: 0.04769054 Причина: TP Баланс: 13.1892350449419 WinRate инструмента: 100%
🔄 Баланс: 13.1892350449419$ | PnL: 7.0823699 💵 | Сделок: 199
[2025-08-29 11:14:06][TRADE] Закрыта позиция THETA-USDT-SWAP SHORT PnL: 0.0559581 Причина: TP Баланс: 23.2451792249419 WinRate инструмента: 100%
🔄 Баланс: 23.2451792249419$ | PnL: 7.138328 💵 | Сделок: 200
[2025-08-29 11:14:17][TRADE] Закрыта позиция VANA-USDT-SWAP SHORT PnL: 0.04088756 Причина: TP Баланс: 13.2680392099719 WinRate инструмента: 100%
🔄 Баланс: 13.2680392099719$ | PnL: 7.17921556 💵 | Сделок: 201
[2025-08-29 11:14:21][TRADE] Закрыта позиция WAL-USDT-SWAP SHORT PnL: 0.04427034 Причина: TP Баланс: 23.3123079499719 WinRate инструмента: 100%
🔄 Баланс: 23.3123079499719$ | PnL: 7.2234859 💵 | Сделок: 202
[2025-08-29 11:14:24][TRADE] Закрыта позиция WIF-USDT-SWAP SHORT PnL: 0.06160106 Причина: TP Баланс: 23.3649066243445 WinRate инструмента: 100%
🔄 Баланс: 23.3649066243445$ | PnL: 7.28508696 💵 | Сделок: 203
[2025-08-29 11:14:30][TRADE] Закрыта позиция YFI-USDT-SWAP SHORT PnL: 0.03141015 Причина: TP Баланс: 23.5827142360621 WinRate инструмента: 100%
🔄 Баланс: 23.5827142360621$ | PnL: 7.31649711 💵 | Сделок: 204
[2025-08-29 11:14:33][TRADE] Закрыта позиция ZEREBRO-USDT-SWAP SHORT PnL: 0.04418004 Причина: TP Баланс: 33.6268939060621 WinRate инструмента: 100%
🔄 Баланс: 33.6268939060621$ | PnL: 7.36067715 💵 | Сделок: 205
[2025-08-29 11:14:48][TRADE] Закрыта позиция ADA-USD-SWAP SHORT PnL: 0.04417045 Причина: TP Баланс: 13.644054875442 WinRate инструмента: 100%
🔄 Баланс: 13.644054875442$ | PnL: 7.4048476 💵 | Сделок: 206
[2025-08-29 11:14:50][TRADE] Закрыта позиция DOT-USD-SWAP SHORT PnL: 0.03894443 Причина: TP Баланс: 13.674491288922 WinRate инструмента: 100%
🔄 Баланс: 13.674491288922$ | PnL: 7.44379203 💵 | Сделок: 207
[2025-08-29 11:14:54][TRADE] Закрыта позиция BTC-USDT-SWAP SHORT PnL: 0.01232551 Причина: TP Баланс: 14.764744518122 WinRate инструмента: 100%
🔄 Баланс: 14.764744518122$ | PnL: 7.45611754 💵 | Сделок: 208
[2025-08-29 11:14:58][TRADE] Закрыта позиция AAVE-USDT-SWAP SHORT PnL: 0.03965714 Причина: TP Баланс: 14.692438092422 WinRate инструмента: 33.33%
🔄 Баланс: 14.692438092422$ | PnL: 7.49577468 💵 | Сделок: 209
[2025-08-29 11:14:59][TRADE] Закрыта позиция ACE-USDT-SWAP SHORT PnL: 0.05947525 Причина: TP Баланс: 24.751901802422 WinRate инструмента: 100%
🔄 Баланс: 24.751901802422$ | PnL: 7.55524993 💵 | Сделок: 210
[2025-08-29 11:15:01][TRADE] Закрыта позиция ADA-USDT-SWAP SHORT PnL: 0.05723695 Причина: TP Баланс: 14.7911522741789 WinRate инструмента: 100%
🔄 Баланс: 14.7911522741789$ | PnL: 7.61248688 💵 | Сделок: 211
[2025-08-29 11:15:04][TRADE] Закрыта позиция AIXBT-USDT-SWAP SHORT PnL: 0.08660633 Причина: TP Баланс: 14.8687098961109 WinRate инструмента: 100%
🔄 Баланс: 14.8687098961109$ | PnL: 7.69909321 💵 | Сделок: 212
[2025-08-29 11:15:06][TRADE] Закрыта позиция ALGO-USDT-SWAP SHORT PnL: 0.04985047 Причина: TP Баланс: 14.9095616102405 WinRate инструмента: 100%
🔄 Баланс: 14.9095616102405$ | PnL: 7.74894368 💵 | Сделок: 213
[2025-08-29 11:15:06][TRADE] Закрыта позиция ANIME-USDT-SWAP SHORT PnL: 0.0442192 Причина: TP Баланс: 24.9537814602405 WinRate инструмента: 100%
🔄 Баланс: 24.9537814602405$ | PnL: 7.79316288 💵 | Сделок: 214
[2025-08-29 11:15:10][TRADE] Закрыта позиция APT-USDT-SWAP SHORT PnL: 0.03092072 Причина: TP Баланс: 14.9667095581665 WinRate инструмента: 100%
🔄 Баланс: 14.9667095581665$ | PnL: 7.8240836 💵 | Сделок: 215
[2025-08-29 11:15:12][TRADE] Закрыта позиция ARKM-USDT-SWAP SHORT PnL: 0.07220448 Причина: TP Баланс: 15.0298860219665 WinRate инструмента: 100%
🔄 Баланс: 15.0298860219665$ | PnL: 7.89628808 💵 | Сделок: 216
[2025-08-29 11:15:15][TRADE] Закрыта позиция AVAX-USDT-SWAP SHORT PnL: 0.04413597 Причина: TP Баланс: 15.0644906542923 WinRate инструмента: 50%
🔄 Баланс: 15.0644906542923$ | PnL: 7.94042405 💵 | Сделок: 217
[2025-08-29 11:15:16][TRADE] Закрыта позиция BABY-USDT-SWAP SHORT PnL: 0.05798118 Причина: TP Баланс: 15.1134702223067 WinRate инструмента: 50%
🔄 Баланс: 15.1134702223067$ | PnL: 7.99840523 💵 | Сделок: 218
[2025-08-29 11:15:18][TRADE] Закрыта позиция BAT-USDT-SWAP SHORT PnL: 0.04704656 Причина: TP Баланс: 15.1515323313067 WinRate инструмента: 100%
🔄 Баланс: 15.1515323313067$ | PnL: 8.04545179 💵 | Сделок: 219
[2025-08-29 11:15:22][TRADE] Закрыта позиция BLUR-USDT-SWAP SHORT PnL: 0.10082177 Причина: TP Баланс: 15.2366966563067 WinRate инструмента: 100%
🔄 Баланс: 15.2366966563067$ | PnL: 8.14627356 💵 | Сделок: 220
[2025-08-29 11:15:23][TRADE] Закрыта позиция BNT-USDT-SWAP SHORT PnL: 0.0359428 Причина: TP Баланс: 15.2853448983067 WinRate инструмента: 100%
🔄 Баланс: 15.2853448983067$ | PnL: 8.18221636 💵 | Сделок: 221
[2025-08-29 11:15:25][TRADE] Закрыта позиция BONK-USDT-SWAP SHORT PnL: 0.06168302 Причина: TP Баланс: 15.338027929074 WinRate инструмента: 100%
🔄 Баланс: 15.338027929074$ | PnL: 8.24389938 💵 | Сделок: 222
[2025-08-29 11:15:26][TRADE] Закрыта позиция BRETT-USDT-SWAP SHORT PnL: 0.07217324 Причина: TP Баланс: 25.410199089074 WinRate инструмента: 100%
🔄 Баланс: 25.410199089074$ | PnL: 8.31607262 💵 | Сделок: 223
[2025-08-29 11:15:27][TRADE] Закрыта позиция CELO-USDT-SWAP SHORT PnL: 0.06323154 Причина: TP Баланс: 35.473443309074 WinRate инструмента: 100%
🔄 Баланс: 35.473443309074$ | PnL: 8.37930416 💵 | Сделок: 224
[2025-08-29 11:15:28][TRADE] Закрыта позиция CETUS-USDT-SWAP SHORT PnL: 0.08961832 Причина: TP Баланс: 45.563062961074 WinRate инструмента: 50%
🔄 Баланс: 45.563062961074$ | PnL: 8.46892248 💵 | Сделок: 225
[2025-08-29 11:15:32][TRADE] Закрыта позиция COOKIE-USDT-SWAP SHORT PnL: 0.0698407 Причина: TP Баланс: 45.6239043645772 WinRate инструмента: 100%
🔄 Баланс: 45.6239043645772$ | PnL: 8.53876318 💵 | Сделок: 226
[2025-08-29 11:15:35][TRADE] Закрыта позиция CRV-USDT-SWAP SHORT PnL: 0.06105045 Причина: TP Баланс: 45.6759438828592 WinRate инструмента: 100%
🔄 Баланс: 45.6759438828592$ | PnL: 8.59981363 💵 | Сделок: 227
[2025-08-29 11:15:43][TRADE] Закрыта позиция DOT-USDT-SWAP SHORT PnL: 0.04856507 Причина: TP Баланс: 15.6883523410275 WinRate инструмента: 100%
🔄 Баланс: 15.6883523410275$ | PnL: 8.6483787 💵 | Сделок: 228
[2025-08-29 11:15:47][TRADE] Закрыта позиция FIL-USDT-SWAP SHORT PnL: 0.05526562 Причина: TP Баланс: 15.7345122594975 WinRate инструмента: 100%
🔄 Баланс: 15.7345122594975$ | PnL: 8.70364432 💵 | Сделок: 229
[2025-08-29 11:15:49][TRADE] Закрыта позиция FLOW-USDT-SWAP SHORT PnL: 0.1125285 Причина: TP Баланс: 15.8380366996415 WinRate инструмента: 100%
🔄 Баланс: 15.8380366996415$ | PnL: 8.81617282 💵 | Сделок: 230
[2025-08-29 11:15:51][TRADE] Закрыта позиция GMX-USDT-SWAP SHORT PnL: 0.02578342 Причина: TP Баланс: 15.8553076083915 WinRate инструмента: 100%
🔄 Баланс: 15.8553076083915$ | PnL: 8.84195624 💵 | Сделок: 231
[2025-08-29 11:15:53][TRADE] Закрыта позиция GRIFFAIN-USDT-SWAP SHORT PnL: 0.09435537 Причина: TP Баланс: 15.9406674159969 WinRate инструмента: 100%
🔄 Баланс: 15.9406674159969$ | PnL: 8.93631161 💵 | Сделок: 232
[2025-08-29 11:15:54][TRADE] Закрыта позиция GRT-USDT-SWAP SHORT PnL: 0.0534791 Причина: TP Баланс: 25.9941435899969 WinRate инструмента: 100%
🔄 Баланс: 25.9941435899969$ | PnL: 8.98979071 💵 | Сделок: 233
[2025-08-29 11:15:55][TRADE] Закрыта позиция H-USDT-SWAP SHORT PnL: 0.10245297 Причина: TP Баланс: 36.0965979199969 WinRate инструмента: 100%
🔄 Баланс: 36.0965979199969$ | PnL: 9.09224368 💵 | Сделок: 234
[2025-08-29 11:16:00][TRADE] Закрыта позиция ICP-USDT-SWAP SHORT PnL: 0.03953612 Причина: TP Баланс: 16.1089491461594 WinRate инструмента: 100%
🔄 Баланс: 16.1089491461594$ | PnL: 9.1317798 💵 | Сделок: 235
[2025-08-29 11:16:03][TRADE] Закрыта позиция INIT-USDT-SWAP SHORT PnL: 0.06826339 Причина: TP Баланс: 16.1682237386694 WinRate инструмента: 100%
🔄 Баланс: 16.1682237386694$ | PnL: 9.20004319 💵 | Сделок: 236
[2025-08-29 11:16:04][TRADE] Закрыта позиция IOST-USDT-SWAP SHORT PnL: 0.03488747 Причина: TP Баланс: 26.2031110626694 WinRate инструмента: 100%
🔄 Баланс: 26.2031110626694$ | PnL: 9.23493066 💵 | Сделок: 237
[2025-08-29 11:16:10][TRADE] Закрыта позиция KMNO-USDT-SWAP SHORT PnL: 0.06782083 Причина: TP Баланс: 16.2529234237594 WinRate инструмента: 100%
🔄 Баланс: 16.2529234237594$ | PnL: 9.30275149 💵 | Сделок: 238
[2025-08-29 11:16:16][TRADE] Закрыта позиция LTC-USDT-SWAP SHORT PnL: 0.02572244 Причина: TP Баланс: 16.2716620574214 WinRate инструмента: 100%
🔄 Баланс: 16.2716620574214$ | PnL: 9.32847393 💵 | Сделок: 239
[2025-08-29 11:16:17][TRADE] Закрыта позиция LUNA-USDT-SWAP SHORT PnL: 0.04473258 Причина: TP Баланс: 26.3163898374214 WinRate инструмента: 100%
🔄 Баланс: 26.3163898374214$ | PnL: 9.37320651 💵 | Сделок: 240
[2025-08-29 11:16:17][TRADE] Закрыта позиция LUNC-USDT-SWAP SHORT PnL: 0.02802051 Причина: TP Баланс: 36.3444103490894 WinRate инструмента: 100%
🔄 Баланс: 36.3444103490894$ | PnL: 9.40122702 💵 | Сделок: 241
[2025-08-29 11:16:23][TRADE] Закрыта позиция MKR-USDT-SWAP SHORT PnL: 0.04705896 Причина: TP Баланс: 16.2932320105104 WinRate инструмента: 100%
🔄 Баланс: 16.2932320105104$ | PnL: 9.44828598 💵 | Сделок: 242
[2025-08-29 11:16:24][TRADE] Закрыта позиция MOVE-USDT-SWAP SHORT PnL: 0.05375092 Причина: TP Баланс: 16.3379825018538 WinRate инструмента: 100%
🔄 Баланс: 16.3379825018538$ | PnL: 9.5020369 💵 | Сделок: 243
[2025-08-29 11:16:29][TRADE] Закрыта позиция NOT-USDT-SWAP SHORT PnL: 0.05859184 Причина: TP Баланс: 16.3875749555775 WinRate инструмента: 100%
🔄 Баланс: 16.3875749555775$ | PnL: 9.56062874 💵 | Сделок: 244
[2025-08-29 11:16:33][TRADE] Закрыта позиция ONDO-USDT-SWAP SHORT PnL: 0.04413514 Причина: TP Баланс: 16.4227018516075 WinRate инструмента: 100%
🔄 Баланс: 16.4227018516075$ | PnL: 9.60476388 💵 | Сделок: 245
[2025-08-29 11:16:41][TRADE] Закрыта позиция PLUME-USDT-SWAP SHORT PnL: 0.04923106 Причина: TP Баланс: 16.4629196222985 WinRate инструмента: 100%
🔄 Баланс: 16.4629196222985$ | PnL: 9.65399494 💵 | Сделок: 246
[2025-08-29 11:16:45][TRADE] Закрыта позиция PRCL-USDT-SWAP SHORT PnL: 0.05606763 Причина: TP Баланс: 16.5099954874785 WinRate инструмента: 100%
🔄 Баланс: 16.5099954874785$ | PnL: 9.71006257 💵 | Сделок: 247
[2025-08-29 11:16:53][TRADE] Закрыта позиция RESOLV-USDT-SWAP SHORT PnL: -0.03356614 Причина: SL Баланс: 16.4672955441785 WinRate инструмента: 50%
🔄 Баланс: 16.4672955441785$ | PnL: 9.67649643 💵 | Сделок: 248
[2025-08-29 11:16:55][TRADE] Закрыта позиция S-USDT-SWAP SHORT PnL: 0.04608233 Причина: TP Баланс: 16.5043670760049 WinRate инструмента: 100%
🔄 Баланс: 16.5043670760049$ | PnL: 9.72257876 💵 | Сделок: 249
[2025-08-29 11:17:03][TRADE] Закрыта позиция SOPH-USDT-SWAP SHORT PnL: 0.03337175 Причина: TP Баланс: 16.5287423190369 WinRate инструмента: 100%
🔄 Баланс: 16.5287423190369$ | PnL: 9.75595051 💵 | Сделок: 250
[2025-08-29 11:17:10][TRADE] Закрыта позиция TNSR-USDT-SWAP SHORT PnL: 0.07964238 Причина: TP Баланс: 16.5994163317969 WinRate инструмента: 100%
🔄 Баланс: 16.5994163317969$ | PnL: 9.83559289 💵 | Сделок: 251
[2025-08-29 11:17:11][TRADE] Закрыта позиция TRB-USDT-SWAP SHORT PnL: 0.05948579 Причина: TP Баланс: 26.6603191217969 WinRate инструмента: 100%
🔄 Баланс: 26.6603191217969$ | PnL: 9.89507868 💵 | Сделок: 252
[2025-08-29 11:17:12][TRADE] Закрыта позиция TREE-USDT-SWAP SHORT PnL: -0.13301063 Причина: SL Баланс: 36.5273244917969 WinRate инструмента: 0%
🔄 Баланс: 36.5273244917969$ | PnL: 9.76206805 💵 | Сделок: 253
[2025-08-29 11:17:14][TRADE] Закрыта позиция TRX-USDT-SWAP SHORT PnL: 0.01189036 Причина: TP Баланс: 46.5392306277969 WinRate инструмента: 100%
🔄 Баланс: 46.5392306277969$ | PnL: 9.77395841 💵 | Сделок: 254
[2025-08-29 11:17:14][TRADE] Закрыта позиция TURBO-USDT-SWAP SHORT PnL: 0.06065416 Причина: TP Баланс: 56.5998848929969 WinRate инструмента: 100%
🔄 Баланс: 56.5998848929969$ | PnL: 9.83461257 💵 | Сделок: 255
[2025-08-29 11:17:16][TRADE] Закрыта позиция UNI-USDT-SWAP SHORT PnL: 0.0500895 Причина: TP Баланс: 56.6409158311569 WinRate инструмента: 100%
🔄 Баланс: 56.6409158311569$ | PnL: 9.88470207 💵 | Сделок: 256
[2025-08-29 11:17:18][TRADE] Закрыта позиция USTC-USDT-SWAP SHORT PnL: 0.02234695 Причина: TP Баланс: 66.6632627461569 WinRate инструмента: 100%
🔄 Баланс: 66.6632627461569$ | PnL: 9.90704902 💵 | Сделок: 257
[2025-08-29 11:17:22][TRADE] Закрыта позиция VIRTUAL-USDT-SWAP SHORT PnL: 0.07107713 Причина: TP Баланс: 66.7252309976569 WinRate инструмента: 100%
🔄 Баланс: 66.7252309976569$ | PnL: 9.97812615 💵 | Сделок: 258
[2025-08-29 11:17:26][TRADE] Закрыта позиция WCT-USDT-SWAP SHORT PnL: 0.0339478 Причина: TP Баланс: 66.7501798383409 WinRate инструмента: 100%
🔄 Баланс: 66.7501798383409$ | PnL: 10.01207395 💵 | Сделок: 259
[2025-08-29 11:17:28][TRADE] Закрыта позиция WLD-USDT-SWAP SHORT PnL: 0.06671381 Причина: TP Баланс: 66.8078611889369 WinRate инструмента: 100%
🔄 Баланс: 66.8078611889369$ | PnL: 10.07878776 💵 | Сделок: 260
[2025-08-29 11:18:08][TRADE] Закрыта позиция ALCH-USDT-SWAP SHORT PnL: -0.03788541 Причина: SL Баланс: 14.3761367174765 WinRate инструмента: 0%
🔄 Баланс: 14.3761367174765$ | PnL: 10.04090235 💵 | Сделок: 261
[2025-08-29 11:18:10][TRADE] Закрыта позиция APE-USDT-SWAP SHORT PnL: -0.03267002 Причина: SL Баланс: 14.3344718943435 WinRate инструмента: 50%
🔄 Баланс: 14.3344718943435$ | PnL: 10.00823233 💵 | Сделок: 262
[2025-08-29 11:18:11][TRADE] Закрыта позиция API3-USDT-SWAP SHORT PnL: 0.0499175 Причина: TP Баланс: 24.3843496943435 WinRate инструмента: 50%
🔄 Баланс: 24.3843496943435$ | PnL: 10.05814983 💵 | Сделок: 263
[2025-08-29 11:18:16][TRADE] Закрыта позиция AVAAI-USDT-SWAP SHORT PnL: -0.05661692 Причина: SL Баланс: 14.3096302661835 WinRate инструмента: 0%
🔄 Баланс: 14.3096302661835$ | PnL: 10.00153291 💵 | Сделок: 264
[2025-08-29 11:18:18][TRADE] Закрыта позиция BAND-USDT-SWAP SHORT PnL: -0.04120079 Причина: SL Баланс: 14.2594505040835 WinRate инструмента: 50%
🔄 Баланс: 14.2594505040835$ | PnL: 9.96033212 💵 | Сделок: 265
[2025-08-29 11:18:20][TRADE] Закрыта позиция BCH-USDT-SWAP SHORT PnL: -0.02419005 Причина: SL Баланс: 14.2329031875495 WinRate инструмента: 0%
🔄 Баланс: 14.2329031875495$ | PnL: 9.93614207 💵 | Сделок: 266
[2025-08-29 11:18:26][TRADE] Закрыта позиция CFX-USDT-SWAP SHORT PnL: 0.11650156 Причина: TP Баланс: 14.3404436505295 WinRate инструмента: 50%
🔄 Баланс: 14.3404436505295$ | PnL: 10.05264363 💵 | Сделок: 267
[2025-08-29 11:18:30][TRADE] Закрыта позиция CORE-USDT-SWAP SHORT PnL: -0.03123564 Причина: SL Баланс: 14.3002243455103 WinRate инструмента: 50%
🔄 Баланс: 14.3002243455103$ | PnL: 10.02140799 💵 | Сделок: 268
[2025-08-29 11:18:36][TRADE] Закрыта позиция DEGEN-USDT-SWAP SHORT PnL: -0.03832477 Причина: SL Баланс: 14.2528970184783 WinRate инструмента: 50%
🔄 Баланс: 14.2528970184783$ | PnL: 9.98308322 💵 | Сделок: 269
[2025-08-29 11:18:39][TRADE] Закрыта позиция DOG-USDT-SWAP SHORT PnL: -0.04214981 Причина: SL Баланс: 24.2107472084783 WinRate инструмента: 50%
🔄 Баланс: 24.2107472084783$ | PnL: 9.94093341 💵 | Сделок: 270
[2025-08-29 11:18:47][TRADE] Закрыта позиция GOAT-USDT-SWAP SHORT PnL: -0.04181434 Причина: SL Баланс: 14.1508604433565 WinRate инструмента: 50%
🔄 Баланс: 14.1508604433565$ | PnL: 9.89911907 💵 | Сделок: 271
[2025-08-29 11:18:49][TRADE] Закрыта позиция HBAR-USDT-SWAP SHORT PnL: -0.03151528 Причина: SL Баланс: 14.1103491200877 WinRate инструмента: 50%
🔄 Баланс: 14.1103491200877$ | PnL: 9.86760379 💵 | Сделок: 272
[2025-08-29 11:18:52][TRADE] Закрыта позиция HUMA-USDT-SWAP SHORT PnL: 0.04387559 Причина: TP Баланс: 24.1542256300877 WinRate инструмента: 33.33%
🔄 Баланс: 24.1542256300877$ | PnL: 9.91147938 💵 | Сделок: 273
[2025-08-29 11:19:00][TRADE] Закрыта позиция JOE-USDT-SWAP SHORT PnL: -0.04015449 Причина: SL Баланс: 14.0962368624317 WinRate инструмента: 50%
🔄 Баланс: 14.0962368624317$ | PnL: 9.87132489 💵 | Сделок: 274
[2025-08-29 11:19:04][TRADE] Закрыта позиция KSM-USDT-SWAP SHORT PnL: 0.0532359 Причина: TP Баланс: 14.1411585271517 WinRate инструмента: 100%
🔄 Баланс: 14.1411585271517$ | PnL: 9.92456079 💵 | Сделок: 275
[2025-08-29 11:19:14][TRADE] Закрыта позиция METIS-USDT-SWAP SHORT PnL: 0.06169909 Причина: TP Баланс: 14.1937916136607 WinRate инструмента: 100%
🔄 Баланс: 14.1937916136607$ | PnL: 9.98625988 💵 | Сделок: 276
[2025-08-29 11:20:01][TRADE] Закрыта позиция WAL-USDT-SWAP SHORT PnL: -0.03143695 Причина: SL Баланс: 14.1533538460088 WinRate инструмента: 50%
🔄 Баланс: 14.1533538460088$ | PnL: 9.95482293 💵 | Сделок: 277
[2025-08-29 11:20:12][TRADE] Закрыта позиция ZIL-USDT-SWAP SHORT PnL: -0.03370698 Причина: SL Баланс: 14.1106542871188 WinRate инструмента: 0%
🔄 Баланс: 14.1106542871188$ | PnL: 9.92111595 💵 | Сделок: 278
[2025-08-29 11:20:17][TRADE] Закрыта позиция BTC-USDC-SWAP SHORT PnL: 0.00918028 Причина: TP Баланс: 25.1733145671188 WinRate инструмента: 100%
🔄 Баланс: 25.1733145671188$ | PnL: 9.93029623 💵 | Сделок: 279
[2025-08-29 11:20:28][TRADE] Закрыта позиция BTC-USD-SWAP SHORT PnL: 0.01159618 Причина: TP Баланс: 36.2381107471188 WinRate инструмента: 100%
🔄 Баланс: 36.2381107471188$ | PnL: 9.94189241 💵 | Сделок: 280
[2025-08-29 11:20:59][TRADE] Закрыта позиция CHZ-USDT-SWAP SHORT PnL: -0.02853353 Причина: SL Баланс: 16.0852031757873 WinRate инструмента: 66.67%
🔄 Баланс: 16.0852031757873$ | PnL: 9.91335888 💵 | Сделок: 281
[2025-08-29 11:21:40][TRADE] Закрыта позиция MOODENG-USDT-SWAP SHORT PnL: -0.03724492 Причина: SL Баланс: 16.0389442725613 WinRate инструмента: 66.67%
🔄 Баланс: 16.0389442725613$ | PnL: 9.87611396 💵 | Сделок: 282
[2025-08-29 11:21:44][TRADE] Закрыта позиция NEO-USDT-SWAP SHORT PnL: 0.04837955 Причина: TP Баланс: 16.0784187309363 WinRate инструмента: 100%
🔄 Баланс: 16.0784187309363$ | PnL: 9.92449351 💵 | Сделок: 283
[2025-08-29 11:22:33][TRADE] Закрыта позиция YGG-USDT-SWAP SHORT PnL: 0.06149631 Причина: TP Баланс: 16.1309201056703 WinRate инструмента: 100%
🔄 Баланс: 16.1309201056703$ | PnL: 9.98598982 💵 | Сделок: 284
[2025-08-29 11:22:36][TRADE] Закрыта позиция ZETA-USDT-SWAP SHORT PnL: 0.08393075 Причина: TP Баланс: 26.2148420556703 WinRate инструмента: 100%
🔄 Баланс: 26.2148420556703$ | PnL: 10.06992057 💵 | Сделок: 285
[2025-08-29 11:23:27][TRADE] Закрыта позиция CORE-USDT-SWAP SHORT PnL: -0.03244645 Причина: SL Баланс: 15.1251006460681 WinRate инструмента: 33.33%
🔄 Баланс: 15.1251006460681$ | PnL: 10.03747412 💵 | Сделок: 286
[2025-08-29 11:23:55][TRADE] Закрыта позиция LA-USDT-SWAP SHORT PnL: 0.02761563 Причина: TP Баланс: 15.1437011060771 WinRate инструмента: 100%
🔄 Баланс: 15.1437011060771$ | PnL: 10.06508975 💵 | Сделок: 287
[2025-08-29 11:24:06][TRADE] Закрыта позиция MORPHO-USDT-SWAP SHORT PnL: -0.0391615 Причина: SL Баланс: 15.0956188057051 WinRate инструмента: 50%
🔄 Баланс: 15.0956188057051$ | PnL: 10.02592825 💵 | Сделок: 288
[2025-08-29 11:24:19][TRADE] Закрыта позиция ORDI-USDT-SWAP SHORT PnL: 0.06847943 Причина: TP Баланс: 15.1555207739875 WinRate инструмента: 100%
🔄 Баланс: 15.1555207739875$ | PnL: 10.09440768 💵 | Сделок: 289
[2025-08-29 11:24:44][TRADE] Закрыта позиция STX-USDT-SWAP SHORT PnL: 0.03891589 Причина: TP Баланс: 15.1854208189489 WinRate инструмента: 100%
🔄 Баланс: 15.1854208189489$ | PnL: 10.13332357 💵 | Сделок: 290
[2025-08-29 11:24:49][TRADE] Закрыта позиция TRUMP-USDT-SWAP SHORT PnL: 0.02775207 Причина: TP Баланс: 15.2042454598929 WinRate инструмента: 50%
🔄 Баланс: 15.2042454598929$ | PnL: 10.16107564 💵 | Сделок: 291
[2025-08-29 11:25:06][TRADE] Закрыта позиция BTC-USDC-SWAP SHORT PnL: 0.00970067 Причина: TP Баланс: 16.2433389824498 WinRate инструмента: 100%
🔄 Баланс: 16.2433389824498$ | PnL: 10.17077631 💵 | Сделок: 292
[2025-08-29 11:25:26][TRADE] Закрыта позиция LINK-USD-SWAP SHORT PnL: 0.0868159 Причина: TP Баланс: 15.2976369494498 WinRate инструмента: 100%
🔄 Баланс: 15.2976369494498$ | PnL: 10.25759221 💵 | Сделок: 293
[2025-08-29 11:25:37][TRADE] Закрыта позиция APT-USDT-SWAP SHORT PnL: 0.02839754 Причина: TP Баланс: 15.3121888272498 WinRate инструмента: 100%
🔄 Баланс: 15.3121888272498$ | PnL: 10.28598975 💵 | Сделок: 294
[2025-08-29 11:25:51][TRADE] Закрыта позиция COMP-USDT-SWAP SHORT PnL: 0.03712478 Причина: TP Баланс: 15.3403038634802 WinRate инструмента: 50%
🔄 Баланс: 15.3403038634802$ | PnL: 10.32311453 💵 | Сделок: 295
[2025-08-29 11:25:57][TRADE] Закрыта позиция CVX-USDT-SWAP SHORT PnL: 0.07633781 Причина: TP Баланс: 15.4076556373332 WinRate инструмента: 100%
🔄 Баланс: 15.4076556373332$ | PnL: 10.39945234 💵 | Сделок: 296
[2025-08-29 11:26:14][TRADE] Закрыта позиция ICX-USDT-SWAP SHORT PnL: 0.04008298 Причина: TP Баланс: 15.438733511241 WinRate инструмента: 100%
🔄 Баланс: 15.438733511241$ | PnL: 10.43953532 💵 | Сделок: 297
[2025-08-29 11:26:21][TRADE] Закрыта позиция JTO-USDT-SWAP SHORT PnL: 0.04801883 Причина: TP Баланс: 15.4777915260273 WinRate инструмента: 100%
🔄 Баланс: 15.4777915260273$ | PnL: 10.48755415 💵 | Сделок: 298
[2025-08-29 11:26:26][TRADE] Закрыта позиция LINK-USDT-SWAP SHORT PnL: 0.09304355 Причина: TP Баланс: 15.5609148069544 WinRate инструмента: 100%
🔄 Баланс: 15.5609148069544$ | PnL: 10.5805977 💵 | Сделок: 299
[2025-08-29 11:26:29][TRADE] Закрыта позиция MANA-USDT-SWAP SHORT PnL: 0.04179567 Причина: TP Баланс: 15.5939993169644 WinRate инструмента: 100%
🔄 Баланс: 15.5939993169644$ | PnL: 10.62239337 💵 | Сделок: 300
[2025-08-29 11:26:37][TRADE] Закрыта позиция NEAR-USDT-SWAP SHORT PnL: 0.05924237 Причина: TP Баланс: 15.6443217628326 WinRate инструмента: 100%
🔄 Баланс: 15.6443217628326$ | PnL: 10.68163574 💵 | Сделок: 301
[2025-08-29 11:26:41][TRADE] Закрыта позиция NXPC-USDT-SWAP SHORT PnL: 0.03842004 Причина: TP Баланс: 15.6737189337198 WinRate инструмента: 100%
🔄 Баланс: 15.6737189337198$ | PnL: 10.72005578 💵 | Сделок: 302
[2025-08-29 11:26:42][TRADE] Закрыта позиция OM-USDT-SWAP SHORT PnL: 0.04357509 Причина: TP Баланс: 25.7172873237198 WinRate инструмента: 100%
🔄 Баланс: 25.7172873237198$ | PnL: 10.76363087 💵 | Сделок: 303
[2025-08-29 11:26:44][TRADE] Закрыта позиция ONE-USDT-SWAP SHORT PnL: 0.05492295 Причина: TP Баланс: 25.7631669411148 WinRate инструмента: 100%
🔄 Баланс: 25.7631669411148$ | PnL: 10.81855382 💵 | Сделок: 304
[2025-08-29 11:26:46][TRADE] Закрыта позиция OP-USDT-SWAP SHORT PnL: 0.06897415 Причина: TP Баланс: 35.8321581011148 WinRate инструмента: 100%
🔄 Баланс: 35.8321581011148$ | PnL: 10.88752797 💵 | Сделок: 305
[2025-08-29 11:26:52][TRADE] Закрыта позиция PEPE-USDT-SWAP SHORT PnL: 0.0455725 Причина: TP Баланс: 25.85974559448 WinRate инструмента: 100%
🔄 Баланс: 25.85974559448$ | PnL: 10.93310047 💵 | Сделок: 306
[2025-08-29 11:26:55][TRADE] Закрыта позиция PNUT-USDT-SWAP SHORT PnL: 0.07576037 Причина: TP Баланс: 15.9175019004305 WinRate инструмента: 100%
🔄 Баланс: 15.9175019004305$ | PnL: 11.00886084 💵 | Сделок: 307
[2025-08-29 11:26:57][TRADE] Закрыта позиция POPCAT-USDT-SWAP SHORT PnL: 0.06397433 Причина: TP Баланс: 15.9724681123025 WinRate инструмента: 100%
🔄 Баланс: 15.9724681123025$ | PnL: 11.07283517 💵 | Сделок: 308
[2025-08-29 11:27:02][TRADE] Закрыта позиция RENDER-USDT-SWAP SHORT PnL: 0.04842425 Причина: TP Баланс: 16.0120330065794 WinRate инструмента: 100%
🔄 Баланс: 16.0120330065794$ | PnL: 11.12125942 💵 | Сделок: 309
[2025-08-29 11:27:04][TRADE] Закрыта позиция RSR-USDT-SWAP SHORT PnL: 0.04591805 Причина: TP Баланс: 16.0489487030894 WinRate инструмента: 100%
🔄 Баланс: 16.0489487030894$ | PnL: 11.16717747 💵 | Сделок: 310
[2025-08-29 11:27:05][TRADE] Закрыта позиция RVN-USDT-SWAP SHORT PnL: 0.03176107 Причина: TP Баланс: 26.0807099130894 WinRate инструмента: 100%
🔄 Баланс: 26.0807099130894$ | PnL: 11.19893854 💵 | Сделок: 311
[2025-08-29 11:27:06][TRADE] Закрыта позиция SAHARA-USDT-SWAP SHORT PnL: 0.03571334 Причина: TP Баланс: 26.1074231321874 WinRate инструмента: 100%
🔄 Баланс: 26.1074231321874$ | PnL: 11.23465188 💵 | Сделок: 312
[2025-08-29 11:27:07][TRADE] Закрыта позиция SAND-USDT-SWAP SHORT PnL: 0.04978657 Причина: TP Баланс: 36.1572179021874 WinRate инструмента: 100%
🔄 Баланс: 36.1572179021874$ | PnL: 11.28443845 💵 | Сделок: 313
[2025-08-29 11:27:08][TRADE] Закрыта позиция SCR-USDT-SWAP SHORT PnL: 0.05063979 Причина: TP Баланс: 46.2078532121874 WinRate инструмента: 100%
🔄 Баланс: 46.2078532121874$ | PnL: 11.33507824 💵 | Сделок: 314
[2025-08-29 11:27:12][TRADE] Закрыта позиция SLP-USDT-SWAP SHORT PnL: 0.04275272 Причина: TP Баланс: 26.2236090301161 WinRate инструмента: 100%
🔄 Баланс: 26.2236090301161$ | PnL: 11.37783096 💵 | Сделок: 315
[2025-08-29 11:27:12][TRADE] Закрыта позиция SNX-USDT-SWAP SHORT PnL: 0.06658067 Причина: TP Баланс: 36.2901577001161 WinRate инструмента: 100%
🔄 Баланс: 36.2901577001161$ | PnL: 11.44441163 💵 | Сделок: 316
[2025-08-29 11:27:17][TRADE] Закрыта позиция SPX-USDT-SWAP SHORT PnL: 0.08188239 Причина: TP Баланс: 26.3540022510221 WinRate инструмента: 100%
🔄 Баланс: 26.3540022510221$ | PnL: 11.52629402 💵 | Сделок: 317
[2025-08-29 11:27:18][TRADE] Закрыта позиция SSV-USDT-SWAP SHORT PnL: 0.05810148 Причина: TP Баланс: 36.4116605310221 WinRate инструмента: 100%
🔄 Баланс: 36.4116605310221$ | PnL: 11.5843955 💵 | Сделок: 318
[2025-08-29 11:27:20][TRADE] Закрыта позиция STRK-USDT-SWAP SHORT PnL: 0.05965075 Причина: TP Баланс: 36.4623214579431 WinRate инструмента: 100%
🔄 Баланс: 36.4623214579431$ | PnL: 11.64404625 💵 | Сделок: 319
[2025-08-29 11:27:25][TRADE] Закрыта позиция TIA-USDT-SWAP SHORT PnL: 0.06243694 Причина: TP Баланс: 16.4977955557636 WinRate инструмента: 100%
🔄 Баланс: 16.4977955557636$ | PnL: 11.70648319 💵 | Сделок: 320
[2025-08-29 11:27:29][TRADE] Закрыта позиция UMA-USDT-SWAP SHORT PnL: 0.05498939 Причина: TP Баланс: 16.5437475102276 WinRate инструмента: 100%
🔄 Баланс: 16.5437475102276$ | PnL: 11.76147258 💵 | Сделок: 321
[2025-08-29 11:27:34][TRADE] Закрыта позиция WCT-USDT-SWAP SHORT PnL: 0.02670803 Причина: TP Баланс: 16.5616242990776 WinRate инструмента: 100%
🔄 Баланс: 16.5616242990776$ | PnL: 11.78818061 💵 | Сделок: 322
[2025-08-29 11:27:35][TRADE] Закрыта позиция WIF-USDT-SWAP SHORT PnL: 0.05392346 Причина: TP Баланс: 26.6155693190776 WinRate инструмента: 100%
🔄 Баланс: 26.6155693190776$ | PnL: 11.84210407 💵 | Сделок: 323
[2025-08-29 11:27:37][TRADE] Закрыта позиция WOO-USDT-SWAP SHORT PnL: 0.05655374 Причина: TP Баланс: 26.6631266860586 WinRate инструмента: 50%
🔄 Баланс: 26.6631266860586$ | PnL: 11.89865781 💵 | Сделок: 324
[2025-08-29 11:27:38][TRADE] Закрыта позиция XLM-USDT-SWAP SHORT PnL: 0.02758644 Причина: TP Баланс: 36.6907104190586 WinRate инструмента: 100%
🔄 Баланс: 36.6907104190586$ | PnL: 11.92624425 💵 | Сделок: 325
[2025-08-29 11:27:40][TRADE] Закрыта позиция YFI-USDT-SWAP SHORT PnL: 0.02659461 Причина: TP Баланс: 46.8481050290586 WinRate инструмента: 100%
🔄 Баланс: 46.8481050290586$ | PnL: 11.95283886 💵 | Сделок: 326
[2025-08-29 11:27:43][TRADE] Закрыта позиция ZEREBRO-USDT-SWAP SHORT PnL: 0.04206053 Причина: TP Баланс: 46.8811623324486 WinRate инструмента: 100%
🔄 Баланс: 46.8811623324486$ | PnL: 11.99489939 💵 | Сделок: 327
[2025-08-29 11:27:45][TRADE] Закрыта позиция ZIL-USDT-SWAP SHORT PnL: 0.03311136 Причина: TP Баланс: 46.9052784851556 WinRate инструмента: 50%
🔄 Баланс: 46.9052784851556$ | PnL: 12.02801075 💵 | Сделок: 328
[2025-08-29 11:27:48][TRADE] Закрыта позиция ZRX-USDT-SWAP SHORT PnL: 0.04050772 Причина: TP Баланс: 56.9457984851556 WinRate инструмента: 100%
🔄 Баланс: 56.9457984851556$ | PnL: 12.06851847 💵 | Сделок: 329
[2025-08-29 11:28:03][TRADE] Закрыта позиция SOL-USD-SWAP SHORT PnL: 0.07088489 Причина: TP Баланс: 55.9839381321556 WinRate инструмента: 100%
🔄 Баланс: 55.9839381321556$ | PnL: 12.13940336 💵 | Сделок: 330
[2025-08-29 11:28:03][TRADE] Закрыта позиция DOGE-USD-SWAP SHORT PnL: 0.03177884 Причина: TP Баланс: 66.0157090071556 WinRate инструмента: 100%
🔄 Баланс: 66.0157090071556$ | PnL: 12.1711822 💵 | Сделок: 331
[2025-08-29 11:28:07][TRADE] Закрыта позиция AVAX-USD-SWAP SHORT PnL: 0.03237418 Причина: TP Баланс: 56.0294893061886 WinRate инструмента: 100%
🔄 Баланс: 56.0294893061886$ | PnL: 12.20355638 💵 | Сделок: 332
[2025-08-29 11:28:10][TRADE] Закрыта позиция ETC-USD-SWAP SHORT PnL: 0.01734245 Причина: TP Баланс: 46.0094216222286 WinRate инструмента: 100%
🔄 Баланс: 46.0094216222286$ | PnL: 12.22089883 💵 | Сделок: 333
[2025-08-29 11:28:13][TRADE] Закрыта позиция LTC-USD-SWAP SHORT PnL: 0.01599945 Причина: TP Баланс: 36.0133329299286 WinRate инструмента: 33.33%
🔄 Баланс: 36.0133329299286$ | PnL: 12.23689828 💵 | Сделок: 334
[2025-08-29 11:28:18][TRADE] Закрыта позиция ETH-USDT-SWAP SHORT PnL: 0.03532124 Причина: TP Баланс: 15.1058924347996 WinRate инструмента: 100%
🔄 Баланс: 15.1058924347996$ | PnL: 12.27221952 💵 | Сделок: 335
[2025-08-29 11:28:19][TRADE] Закрыта позиция SOL-USDT-SWAP SHORT PnL: 0.07472164 Причина: TP Баланс: 25.1742340747996 WinRate инструмента: 100%
🔄 Баланс: 25.1742340747996$ | PnL: 12.34694116 💵 | Сделок: 336
[2025-08-29 11:28:24][TRADE] Закрыта позиция ACH-USDT-SWAP SHORT PnL: 0.04492543 Причина: TP Баланс: 15.2012073742939 WinRate инструмента: 100%
🔄 Баланс: 15.2012073742939$ | PnL: 12.39186659 💵 | Сделок: 337
[2025-08-29 11:28:27][TRADE] Закрыта позиция AERO-USDT-SWAP SHORT PnL: 0.06531565 Причина: TP Баланс: 15.2575940080899 WinRate инструмента: 100%
🔄 Баланс: 15.2575940080899$ | PnL: 12.45718224 💵 | Сделок: 338
[2025-08-29 11:28:29][TRADE] Закрыта позиция ALGO-USDT-SWAP SHORT PnL: 0.04025893 Причина: TP Баланс: 15.2888449757911 WinRate инструмента: 100%
🔄 Баланс: 15.2888449757911$ | PnL: 12.49744117 💵 | Сделок: 339
[2025-08-29 11:28:32][TRADE] Закрыта позиция ARB-USDT-SWAP SHORT PnL: 0.06477439 Причина: TP Баланс: 15.3446051609666 WinRate инструмента: 100%
🔄 Баланс: 15.3446051609666$ | PnL: 12.56221556 💵 | Сделок: 340
[2025-08-29 11:28:35][TRADE] Закрыта позиция ATH-USDT-SWAP SHORT PnL: 0.02701085 Причина: TP Баланс: 15.3625918775916 WinRate инструмента: 50%
🔄 Баланс: 15.3625918775916$ | PnL: 12.58922641 💵 | Сделок: 341
[2025-08-29 11:28:37][TRADE] Закрыта позиция AXS-USDT-SWAP SHORT PnL: 0.0466456 Причина: TP Баланс: 15.4000603461916 WinRate инструмента: 100%
🔄 Баланс: 15.4000603461916$ | PnL: 12.63587201 💵 | Сделок: 342
[2025-08-29 11:28:39][TRADE] Закрыта позиция BAT-USDT-SWAP SHORT PnL: -0.03478 Причина: SL Баланс: 15.3562882467676 WinRate инструмента: 66.67%
🔄 Баланс: 15.3562882467676$ | PnL: 12.60109201 💵 | Сделок: 343
[2025-08-29 11:28:44][TRADE] Закрыта позиция BNB-USDT-SWAP SHORT PnL: 0.01725061 Причина: TP Баланс: 15.3676811767676 WinRate инструмента: 33.33%
🔄 Баланс: 15.3676811767676$ | PnL: 12.61834262 💵 | Сделок: 344
[2025-08-29 11:28:47][TRADE] Закрыта позиция COOKIE-USDT-SWAP SHORT PnL: 0.06045222 Причина: TP Баланс: 15.4191031005036 WinRate инструмента: 100%
🔄 Баланс: 15.4191031005036$ | PnL: 12.67879484 💵 | Сделок: 345
[2025-08-29 11:28:50][TRADE] Закрыта позиция CRV-USDT-SWAP SHORT PnL: 0.06465513 Причина: TP Баланс: 25.4837607105036 WinRate инструмента: 100%
🔄 Баланс: 25.4837607105036$ | PnL: 12.74344997 💵 | Сделок: 346
[2025-08-29 11:28:51][TRADE] Закрыта позиция CTC-USDT-SWAP SHORT PnL: 0.02416587 Причина: TP Баланс: 35.5079003805036 WinRate инструмента: 66.67%
🔄 Баланс: 35.5079003805036$ | PnL: 12.76761584 💵 | Сделок: 347
[2025-08-29 11:28:51][TRADE] Закрыта позиция CVC-USDT-SWAP SHORT PnL: 0.03562047 Причина: TP Баланс: 45.5435234545036 WinRate инструмента: 100%
🔄 Баланс: 45.5435234545036$ | PnL: 12.80323631 💵 | Сделок: 348
[2025-08-29 11:28:53][TRADE] Закрыта позиция DEGEN-USDT-SWAP SHORT PnL: 0.04735698 Причина: TP Баланс: 45.5819294686036 WinRate инструмента: 66.67%
🔄 Баланс: 45.5819294686036$ | PnL: 12.85059329 💵 | Сделок: 349
[2025-08-29 11:28:55][TRADE] Закрыта позиция DOGS-USDT-SWAP SHORT PnL: 0.07397997 Причина: TP Баланс: 55.6559094340536 WinRate инструмента: 100%
🔄 Баланс: 55.6559094340536$ | PnL: 12.92457326 💵 | Сделок: 350
[2025-08-29 11:28:56][TRADE] Закрыта позиция DOOD-USDT-SWAP SHORT PnL: 0.04529916 Причина: TP Баланс: 65.7012085516536 WinRate инструмента: 100%
🔄 Баланс: 65.7012085516536$ | PnL: 12.96987242 💵 | Сделок: 351
[2025-08-29 11:29:08][TRADE] Закрыта позиция FLM-USDT-SWAP SHORT PnL: 0.0476504 Причина: TP Баланс: 15.6948669589976 WinRate инструмента: 100%
🔄 Баланс: 15.6948669589976$ | PnL: 13.01752282 💵 | Сделок: 352
[2025-08-29 11:29:10][TRADE] Закрыта позиция FXS-USDT-SWAP SHORT PnL: 0.03099212 Причина: TP Баланс: 15.7168715835237 WinRate инструмента: 100%
🔄 Баланс: 15.7168715835237$ | PnL: 13.04851494 💵 | Сделок: 353
[2025-08-29 11:29:14][TRADE] Закрыта позиция HMSTR-USDT-SWAP SHORT PnL: 0.04363415 Причина: TP Баланс: 15.7515056796985 WinRate инструмента: 100%
🔄 Баланс: 15.7515056796985$ | PnL: 13.09214909 💵 | Сделок: 354
[2025-08-29 11:29:20][TRADE] Закрыта позиция IOST-USDT-SWAP SHORT PnL: -0.03094584 Причина: SL Баланс: 15.7115608998381 WinRate инструмента: 66.67%
🔄 Баланс: 15.7115608998381$ | PnL: 13.06120325 💵 | Сделок: 355
[2025-08-29 11:29:30][TRADE] Закрыта позиция LAYER-USDT-SWAP SHORT PnL: 0.03565118 Причина: TP Баланс: 15.7382254683981 WinRate инструмента: 100%
🔄 Баланс: 15.7382254683981$ | PnL: 13.09685443 💵 | Сделок: 356
[2025-08-29 11:29:38][TRADE] Закрыта позиция MEW-USDT-SWAP SHORT PnL: 0.05294891 Причина: TP Баланс: 15.7826294451381 WinRate инструмента: 100%
🔄 Баланс: 15.7826294451381$ | PnL: 13.14980334 💵 | Сделок: 357
[2025-08-29 11:29:40][TRADE] Закрыта позиция MOVE-USDT-SWAP SHORT PnL: 0.04080898 Причина: TP Баланс: 15.8144276817581 WinRate инструмента: 100%
🔄 Баланс: 15.8144276817581$ | PnL: 13.19061232 💵 | Сделок: 358
[2025-08-29 11:29:44][TRADE] Закрыта позиция NEWT-USDT-SWAP SHORT PnL: 0.05647189 Причина: TP Баланс: 15.8618052316581 WinRate инструмента: 66.67%
🔄 Баланс: 15.8618052316581$ | PnL: 13.24708421 💵 | Сделок: 359
[2025-08-29 11:29:52][TRADE] Закрыта позиция ORDI-USDT-SWAP SHORT PnL: -0.04426329 Причина: SL Баланс: 15.8085265294471 WinRate инструмента: 66.67%
🔄 Баланс: 15.8085265294471$ | PnL: 13.20282092 💵 | Сделок: 360
[2025-08-29 11:29:58][TRADE] Закрыта позиция PLUME-USDT-SWAP SHORT PnL: -0.0439265 Причина: SL Баланс: 15.7556006049047 WinRate инструмента: 66.67%
🔄 Баланс: 15.7556006049047$ | PnL: 13.15889442 💵 | Сделок: 361
[2025-08-29 11:30:06][TRADE] Закрыта позиция RESOLV-USDT-SWAP SHORT PnL: -0.03358115 Причина: SL Баланс: 15.7130121864807 WinRate инструмента: 33.33%
🔄 Баланс: 15.7130121864807$ | PnL: 13.12531327 💵 | Сделок: 362
[2025-08-29 11:30:09][TRADE] Закрыта позиция SHELL-USDT-SWAP SHORT PnL: -0.04459253 Причина: SL Баланс: 15.6594195276346 WinRate инструмента: 50%
🔄 Баланс: 15.6594195276346$ | PnL: 13.08072074 💵 | Сделок: 363
[2025-08-29 11:30:10][TRADE] Закрыта позиция SHIB-USDT-SWAP SHORT PnL: -0.01961573 Причина: SL Баланс: 25.6398037974825 WinRate инструмента: 66.67%
🔄 Баланс: 25.6398037974825$ | PnL: 13.06110501 💵 | Сделок: 364
[2025-08-29 11:30:10][TRADE] Закрыта позиция SIGN-USDT-SWAP SHORT PnL: -0.02312219 Причина: SL Баланс: 35.6166788224825 WinRate инструмента: 66.67%
🔄 Баланс: 35.6166788224825$ | PnL: 13.03798282 💵 | Сделок: 365
[2025-08-29 11:30:13][TRADE] Закрыта позиция SOLV-USDT-SWAP SHORT PnL: -0.02759249 Причина: SL Баланс: 25.571117706736 WinRate инструмента: 66.67%
🔄 Баланс: 25.571117706736$ | PnL: 13.01039033 💵 | Сделок: 366
[2025-08-29 11:30:21][TRADE] Закрыта позиция STX-USDT-SWAP SHORT PnL: -0.03053494 Причина: SL Баланс: 15.52255272574 WinRate инструмента: 66.67%
🔄 Баланс: 15.52255272574$ | PnL: 12.97985539 💵 | Сделок: 367
[2025-08-29 11:30:30][TRADE] Закрыта позиция UNI-USDT-SWAP SHORT PnL: -0.0319752 Причина: SL Баланс: 15.48140022502 WinRate инструмента: 50%
🔄 Баланс: 15.48140022502$ | PnL: 12.94788019 💵 | Сделок: 368
[2025-08-29 11:30:59][TRADE] Закрыта позиция BCH-USD-SWAP SHORT PnL: -0.01425465 Причина: SL Баланс: 15.4779649404494 WinRate инструмента: 33.33%
🔄 Баланс: 15.4779649404494$ | PnL: 12.93362554 💵 | Сделок: 369
[2025-08-29 11:31:05][TRADE] Закрыта позиция SUI-USD-SWAP SHORT PnL: -0.0282584 Причина: SL Баланс: 15.4394099109494 WinRate инструмента: 0%
🔄 Баланс: 15.4394099109494$ | PnL: 12.90536714 💵 | Сделок: 370
[2025-08-29 11:31:25][TRADE] Закрыта позиция BABY-USDT-SWAP SHORT PnL: -0.04004715 Причина: SL Баланс: 15.2932748209494 WinRate инструмента: 33.33%
🔄 Баланс: 15.2932748209494$ | PnL: 12.86531999 💵 | Сделок: 371
[2025-08-29 11:31:34][TRADE] Закрыта позиция CORE-USDT-SWAP SHORT PnL: -0.03254143 Причина: SL Баланс: 15.2517094933194 WinRate инструмента: 25%
🔄 Баланс: 15.2517094933194$ | PnL: 12.83277856 💵 | Сделок: 372
[2025-08-29 11:31:38][TRADE] Закрыта позиция DGB-USDT-SWAP SHORT PnL: -0.04202392 Причина: SL Баланс: 15.200685597062 WinRate инструмента: 50%
🔄 Баланс: 15.200685597062$ | PnL: 12.79075464 💵 | Сделок: 373
[2025-08-29 11:31:40][TRADE] Закрыта позиция DOG-USDT-SWAP SHORT PnL: -0.04477224 Причина: SL Баланс: 15.1469132382629 WinRate инструмента: 33.33%
🔄 Баланс: 15.1469132382629$ | PnL: 12.7459824 💵 | Сделок: 374
[2025-08-29 11:31:45][TRADE] Закрыта позиция EIGEN-USDT-SWAP SHORT PnL: -0.04528476 Причина: SL Баланс: 15.0925748161779 WinRate инструмента: 50%
🔄 Баланс: 15.0925748161779$ | PnL: 12.70069764 💵 | Сделок: 375
[2025-08-29 11:31:45][TRADE] Закрыта позиция ENJ-USDT-SWAP SHORT PnL: -0.03411051 Причина: SL Баланс: 25.0584645361779 WinRate инструмента: 50%
🔄 Баланс: 25.0584645361779$ | PnL: 12.66658713 💵 | Сделок: 376
[2025-08-29 11:31:52][TRADE] Закрыта позиция FLOKI-USDT-SWAP SHORT PnL: -0.03543129 Причина: SL Баланс: 15.0050737881149 WinRate инструмента: 50%
🔄 Баланс: 15.0050737881149$ | PnL: 12.63115584 💵 | Сделок: 377
[2025-08-29 11:32:01][TRADE] Закрыта позиция INIT-USDT-SWAP SHORT PnL: 0.05976094 Причина: TP Баланс: 15.0558089576749 WinRate инструмента: 100%
🔄 Баланс: 15.0558089576749$ | PnL: 12.69091678 💵 | Сделок: 378
[2025-08-29 11:32:05][TRADE] Закрыта позиция JOE-USDT-SWAP SHORT PnL: -0.03964805 Причина: SL Баланс: 15.0071624131899 WinRate инструмента: 33.33%
🔄 Баланс: 15.0071624131899$ | PnL: 12.65126873 💵 | Сделок: 379
[2025-08-29 11:32:08][TRADE] Закрыта позиция JUP-USDT-SWAP SHORT PnL: -0.0589874 Причина: SL Баланс: 14.9390971140699 WinRate инструмента: 50%
🔄 Баланс: 14.9390971140699$ | PnL: 12.59228133 💵 | Сделок: 380
