[2025-08-28 19:28:42][TRADE] Закрыта позиция AERO-USDT-SWAP SHORT PnL: 0.19757311 Причина: TP Баланс: 950.402892538339 WinRate инструмента: 100%
🔄 Баланс: 950.402892538339$ | PnL: 0.19757311 💵 | Сделок: 1
[2025-08-28 19:43:40][TRADE] Закрыта позиция TRX-USDT-SWAP SHORT PnL: 0.0676134 Причина: TP Баланс: 950.461551684447 WinRate инструмента: 100%
🔄 Баланс: 950.461551684447$ | PnL: 0.26518651 💵 | Сделок: 2
[2025-08-28 19:57:20][TRADE] Закрыта позиция ETHFI-USDT-SWAP LONG PnL: -0.2565118 Причина: SL Баланс: 950.195997514943 WinRate инструмента: 0%
🔄 Баланс: 950.195997514943$ | PnL: 0.00867470999999997 💵 | Сделок: 3
[2025-08-29 00:02:51][TRADE] Закрыта позиция AERO-USDT-SWAP SHORT PnL: 0.20690197 Причина: TP Баланс: 690.654223109944 WinRate инструмента: 100%
🔄 Баланс: 690.654223109944$ | PnL: 0.21557668 💵 | Сделок: 4
[2025-08-29 01:36:29][TRADE] Закрыта позиция IMX-USDT-SWAP SHORT PnL: -0.21863472 Причина: SL Баланс: 660.399610454628 WinRate инструмента: 0%
🔄 Баланс: 660.399610454628$ | PnL: -0.00305804000000004 💵 | Сделок: 5
[2025-08-29 02:05:33][TRADE] Закрыта позиция CORE-USDT-SWAP SHORT PnL: -0.17510181 Причина: SL Баланс: 670.224502644628 WinRate инструмента: 0%
🔄 Баланс: 670.224502644628$ | PnL: -0.17815985 💵 | Сделок: 6
[2025-08-29 02:11:19][TRADE] Закрыта позиция HUMA-USDT-SWAP SHORT PnL: -0.2270532 Причина: SL Баланс: 679.997448684628 WinRate инструмента: 0%
🔄 Баланс: 679.997448684628$ | PnL: -0.40521305 💵 | Сделок: 7
[2025-08-29 02:13:16][TRADE] Закрыта позиция TAO-USDT-SWAP SHORT PnL: -0.21606165 Причина: SL Баланс: 689.793707034628 WinRate инструмента: 0%
🔄 Баланс: 689.793707034628$ | PnL: -0.6212747 💵 | Сделок: 8
[2025-08-29 02:13:50][TRADE] Закрыта позиция ZEREBRO-USDT-SWAP SHORT PnL: -0.20409247 Причина: SL Баланс: 699.589614223628 WinRate инструмента: 0%
🔄 Баланс: 699.589614223628$ | PnL: -0.82536717 💵 | Сделок: 9
[2025-08-29 02:13:52][TRADE] Закрыта позиция ZK-USDT-SWAP SHORT PnL: -0.2341661 Причина: SL Баланс: 709.355448977628 WinRate инструмента: 0%
🔄 Баланс: 709.355448977628$ | PnL: -1.05953327 💵 | Сделок: 10
[2025-08-29 02:15:26][TRADE] Закрыта позиция CETUS-USDT-SWAP SHORT PnL: -0.30749808 Причина: SL Баланс: 719.047952593628 WinRate инструмента: 0%
🔄 Баланс: 719.047952593628$ | PnL: -1.36703135 💵 | Сделок: 11
[2025-08-29 02:17:29][TRADE] Закрыта позиция PEPE-USDT-SWAP SHORT PnL: -0.21858631 Причина: SL Баланс: 728.829366283907 WinRate инструмента: 0%
🔄 Баланс: 728.829366283907$ | PnL: -1.58561766 💵 | Сделок: 12
[2025-08-29 02:17:44][TRADE] Закрыта позиция RSR-USDT-SWAP SHORT PnL: -0.23038847 Причина: SL Баланс: 738.598977641907 WinRate инструмента: 0%
🔄 Баланс: 738.598977641907$ | PnL: -1.81600613 💵 | Сделок: 13
[2025-08-29 02:20:21][TRADE] Закрыта позиция BRETT-USDT-SWAP SHORT PnL: -0.29510467 Причина: SL Баланс: 748.303872991907 WinRate инструмента: 0%
🔄 Баланс: 748.303872991907$ | PnL: -2.1111108 💵 | Сделок: 14
[2025-08-29 02:23:01][TRADE] Закрыта позиция SPX-USDT-SWAP SHORT PnL: -0.29580035 Причина: SL Баланс: 758.008061441907 WinRate инструмента: 0%
🔄 Баланс: 758.008061441907$ | PnL: -2.40691115 💵 | Сделок: 15
[2025-08-29 02:23:31][TRADE] Закрыта позиция WAL-USDT-SWAP SHORT PnL: -0.18008102 Причина: SL Баланс: 767.827960631907 WinRate инструмента: 0%
🔄 Баланс: 767.827960631907$ | PnL: -2.58699217 💵 | Сделок: 16
[2025-08-29 02:25:46][TRADE] Закрыта позиция ENS-USDT-SWAP SHORT PnL: -0.20004372 Причина: SL Баланс: 777.627497111907 WinRate инструмента: 0%
🔄 Баланс: 777.627497111907$ | PnL: -2.78703589 💵 | Сделок: 17
[2025-08-29 02:34:02][TRADE] Закрыта позиция ADA-USD-SWAP SHORT PnL: -0.20009557 Причина: SL Баланс: 787.427382491907 WinRate инструмента: 0%
🔄 Баланс: 787.427382491907$ | PnL: -2.98713146 💵 | Сделок: 18
[2025-08-29 02:34:31][TRADE] Закрыта позиция ADA-USDT-SWAP SHORT PnL: -0.20348608 Причина: SL Баланс: 797.223935031907 WinRate инструмента: 0%
🔄 Баланс: 797.223935031907$ | PnL: -3.19061754 💵 | Сделок: 19
[2025-08-29 02:35:26][TRADE] Закрыта позиция DEGEN-USDT-SWAP SHORT PnL: -0.24884551 Причина: SL Баланс: 806.975089423107 WinRate инструмента: 0%
🔄 Баланс: 806.975089423107$ | PnL: -3.43946305 💵 | Сделок: 20
[2025-08-29 02:35:35][TRADE] Закрыта позиция EIGEN-USDT-SWAP SHORT PnL: -0.23230846 Причина: SL Баланс: 816.742793713107 WinRate инструмента: 0%
🔄 Баланс: 816.742793713107$ | PnL: -3.67177151 💵 | Сделок: 21
[2025-08-29 02:36:34][TRADE] Закрыта позиция LQTY-USDT-SWAP SHORT PnL: -0.23865245 Причина: SL Баланс: 826.504137203107 WinRate инструмента: 0%
🔄 Баланс: 826.504137203107$ | PnL: -3.91042396 💵 | Сделок: 22
[2025-08-29 03:00:39][TRADE] Закрыта позиция FXS-USDT-SWAP SHORT PnL: -0.17118763 Причина: SL Баланс: 836.332914073107 WinRate инструмента: 0%
🔄 Баланс: 836.332914073107$ | PnL: -4.08161159 💵 | Сделок: 23
[2025-08-29 03:41:28][TRADE] Закрыта позиция NEO-USDT-SWAP SHORT PnL: -0.25473648 Причина: SL Баланс: 846.078423593107 WinRate инструмента: 0%
🔄 Баланс: 846.078423593107$ | PnL: -4.33634807 💵 | Сделок: 24
[2025-08-29 04:32:03][TRADE] Закрыта позиция TRX-USDT-SWAP SHORT PnL: -0.08642213 Причина: SL Баланс: 855.992012023107 WinRate инструмента: 50%
🔄 Баланс: 855.992012023107$ | PnL: -4.4227702 💵 | Сделок: 25
[2025-08-29 05:12:21][TRADE] Закрыта позиция XTZ-USDT-SWAP SHORT PnL: 0.16019566 Причина: TP Баланс: 866.152213883107 WinRate инструмента: 100%
🔄 Баланс: 866.152213883107$ | PnL: -4.26257454 💵 | Сделок: 26
[2025-08-29 07:36:11][TRADE] Закрыта позиция JELLYJELLY-USDT-SWAP SHORT PnL: 0.2782257 Причина: TP Баланс: 826.385447442604 WinRate инструмента: 100%
🔄 Баланс: 826.385447442604$ | PnL: -3.98434884 💵 | Сделок: 27
[2025-08-29 09:18:39][TRADE] Закрыта позиция GODS-USDT-SWAP SHORT PnL: 0.17232484 Причина: TP Баланс: 556.305448985676 WinRate инструмента: 100%
🔄 Баланс: 556.305448985676$ | PnL: -3.812024 💵 | Сделок: 28
[2025-08-29 10:18:28][TRADE] Закрыта позиция BCH-USD-SWAP LONG PnL: -0.20554445 Причина: SL Баланс: 382.571956263028 WinRate инструмента: 0%
🔄 Баланс: 382.571956263028$ | PnL: -4.01756845 💵 | Сделок: 29
