🔄 Новый цикл бота. Баланс: 1000$ | PnL: 0 💵 | Сделок: 0 | WinRate: 0%
🔄 Новый цикл бота. Баланс: 9.08153359282817$ | PnL: 0 💵 | Сделок: 0 | WinRate: 0%
🔄 Новый цикл бота. Баланс: 9.08153359282817$ | PnL: 0 💵 | Сделок: 0 | WinRate: 0%
🔄 Новый цикл бота. Баланс: 9.08153359282817$ | PnL: 0 💵 | Сделок: 0 | WinRate: 0%
🔄 Новый цикл бота. Баланс: 9.08153359282817$ | PnL: 0 💵 | Сделок: 0 | WinRate: 0%
🔄 Новый цикл бота. Баланс: 8.75265223528377$ | PnL: -0.31086761 💵 | Сделок: 2 | WinRate: 0%
🔄 Новый цикл бота. Баланс: 8.75265223528377$ | PnL: -0.31086761 💵 | Сделок: 2 | WinRate: 0%
🔄 Новый цикл бота. Баланс: 8.75265223528377$ | PnL: -0.31086761 💵 | Сделок: 2 | WinRate: 0%
🔄 Новый цикл бота. Баланс: 8.55733770009459$ | PnL: -0.5037503 💵 | Сделок: 4 | WinRate: 0%
🔄 Новый цикл бота. Баланс: 7.33241288964541$ | PnL: -1.66757751 💵 | Сделок: 11 | WinRate: 0%
🔄 Новый цикл бота. Баланс: 39.0264833067866$ | PnL: -9.49729385 💵 | Сделок: 58 | WinRate: 0%
🔄 Новый цикл бота. Баланс: 5.30762654639971$ | PnL: -13.02777866 💵 | Сделок: 78 | WinRate: 0%
🔄 Новый цикл бота. Баланс: 5.30762654639971$ | PnL: -13.02777866 💵 | Сделок: 78 | WinRate: 0%
🔄 Новый цикл бота. Баланс: 5.30762654639971$ | PnL: -13.02777866 💵 | Сделок: 78 | WinRate: 0%
🔄 Новый цикл бота. Баланс: 34.4610807912527$ | PnL: -13.85650661 💵 | Сделок: 83 | WinRate: 0%
🔄 Новый цикл бота. Баланс: 141.7343261455$ | PnL: -16.57308228 💵 | Сделок: 95 | WinRate: 0%
🔄 Новый цикл бота. Баланс: 209.71312772567$ | PnL: -18.5582121 💵 | Сделок: 106 | WinRate: 0%
🔄 Новый цикл бота. Баланс: 571.997059636318$ | PnL: -26.23916258 💵 | Сделок: 145 | WinRate: 0%
🔄 Новый цикл бота. Баланс: 581.417570176461$ | PnL: -26.78259424 💵 | Сделок: 150 | WinRate: 0.67%
🔄 Новый цикл бота. Баланс: 581.652087993731$ | PnL: -26.53896421 💵 | Сделок: 151 | WinRate: 1.32%
🔄 Новый цикл бота. Баланс: 580.989985970946$ | PnL: -27.1831756 💵 | Сделок: 153 | WinRate: 1.31%
🔄 Новый цикл бота. Баланс: 590.521417924932$ | PnL: -27.64274203 💵 | Сделок: 155 | WinRate: 1.29%
🔄 Новый цикл бота. Баланс: 590.521417924932$ | PnL: -27.64274203 💵 | Сделок: 155 | WinRate: 1.29%
🔄 Новый цикл бота. Баланс: 600.716266512656$ | PnL: -27.43908937 💵 | Сделок: 157 | WinRate: 1.91%
🔄 Новый цикл бота. Баланс: 599.712607661576$ | PnL: -28.40494628 💵 | Сделок: 161 | WinRate: 1.86%
🔄 Новый цикл бота. Баланс: 599.246526089122$ | PnL: -28.85302745 💵 | Сделок: 163 | WinRate: 1.84%
🔄 Новый цикл бота. Баланс: 598.962613216533$ | PnL: -29.1279213 💵 | Сделок: 164 | WinRate: 1.83%
🔄 Новый цикл бота. Баланс: 588.953635976998$ | PnL: -29.1279213 💵 | Сделок: 164 | WinRate: 1.83%
🔄 Новый цикл бота. Баланс: 598.172252360998$ | PnL: -28.94021921 💵 | Сделок: 166 | WinRate: 2.41%
🔄 Новый цикл бота. Баланс: 617.284634436645$ | PnL: -28.84303628 💵 | Сделок: 171 | WinRate: 3.51%
🔄 Новый цикл бота. Баланс: 566.276870333089$ | PnL: -28.84303628 💵 | Сделок: 171 | WinRate: 3.51%
🔄 Новый цикл бота. Баланс: 556.26787142407$ | PnL: -28.84303628 💵 | Сделок: 171 | WinRate: 3.51%
🔄 Новый цикл бота. Баланс: 556.26787142407$ | PnL: -28.84303628 💵 | Сделок: 171 | WinRate: 3.51%
🔄 Новый цикл бота. Баланс: 556.26787142407$ | PnL: -28.84303628 💵 | Сделок: 171 | WinRate: 3.51%
🔄 Новый цикл бота. Баланс: 556.333663349055$ | PnL: -28.75971113 💵 | Сделок: 173 | WinRate: 4.05%
🔄 Новый цикл бота. Баланс: 536.315649396509$ | PnL: -28.75971113 💵 | Сделок: 173 | WinRate: 4.05%
🔄 Новый цикл бота. Баланс: 546.506243990509$ | PnL: -28.56911633 💵 | Сделок: 174 | WinRate: 4.6%
🔄 Новый цикл бота. Баланс: 546.226248882664$ | PnL: -28.84172461 💵 | Сделок: 175 | WinRate: 4.57%
🔄 Новый цикл бота. Баланс: 546.226248882664$ | PnL: -28.84172461 💵 | Сделок: 175 | WinRate: 4.57%
🔄 Новый цикл бота. Баланс: 546.226248882664$ | PnL: -28.84172461 💵 | Сделок: 175 | WinRate: 4.57%
🔄 Новый цикл бота. Баланс: 536.217258251088$ | PnL: -28.84172461 💵 | Сделок: 175 | WinRate: 4.57%
🔄 Новый цикл бота. Баланс: 506.190749195541$ | PnL: -28.84172461 💵 | Сделок: 175 | WinRate: 4.57%
🔄 Новый цикл бота. Баланс: 486.172747013579$ | PnL: -28.84172461 💵 | Сделок: 175 | WinRate: 4.57%
🔄 Новый цикл бота. Баланс: 475.950712620716$ | PnL: -29.04560683 💵 | Сделок: 176 | WinRate: 4.55%
🔄 Новый цикл бота. Баланс: 476.344536723317$ | PnL: -28.64277649 💵 | Сделок: 177 | WinRate: 5.08%
🔄 Новый цикл бота. Баланс: 406.276581705811$ | PnL: -28.64277649 💵 | Сделок: 177 | WinRate: 5.08%
🔄 Новый цикл бота. Баланс: 347.089181942691$ | PnL: -28.72630853 💵 | Сделок: 178 | WinRate: 5.06%
🔄 Новый цикл бота. Баланс: 156.918523808273$ | PnL: -28.72630853 💵 | Сделок: 178 | WinRate: 5.06%
🔄 Новый цикл бота. Баланс: 68.6065755591367$ | PnL: -28.84008165 💵 | Сделок: 182 | WinRate: 5.49%
🔄 Новый цикл бота. Баланс: 8.55270864981065$ | PnL: -28.84008165 💵 | Сделок: 182 | WinRate: 5.49%
🔄 Новый цикл бота. Баланс: 8.55270864981065$ | PnL: -28.84008165 💵 | Сделок: 182 | WinRate: 5.49%
🔄 Новый цикл бота. Баланс: 8.55270864981065$ | PnL: -28.84008165 💵 | Сделок: 182 | WinRate: 5.49%
🔄 Новый цикл бота. Баланс: 8.55270864981065$ | PnL: -28.84008165 💵 | Сделок: 182 | WinRate: 5.49%
🔄 Новый цикл бота. Баланс: 7.79335236812436$ | PnL: -29.58137792 💵 | Сделок: 184 | WinRate: 5.43%
🔄 Новый цикл бота. Баланс: 7.79335236812436$ | PnL: -29.58137792 💵 | Сделок: 184 | WinRate: 5.43%
🔄 Новый цикл бота. Баланс: 7.35999108433437$ | PnL: -30.00578001 💵 | Сделок: 185 | WinRate: 5.41%
🔄 Новый цикл бота. Баланс: 7.35999108433437$ | PnL: -30.00578001 💵 | Сделок: 185 | WinRate: 5.41%
🔄 Новый цикл бота. Баланс: 7.35999108433437$ | PnL: -30.00578001 💵 | Сделок: 185 | WinRate: 5.41%
🔄 Новый цикл бота. Баланс: 7.35999108433437$ | PnL: -30.00578001 💵 | Сделок: 185 | WinRate: 5.41%
🔄 Новый цикл бота. Баланс: 7.35999108433437$ | PnL: -30.00578001 💵 | Сделок: 185 | WinRate: 5.41%
🔄 Новый цикл бота. Баланс: 7.35999108433437$ | PnL: -30.00578001 💵 | Сделок: 185 | WinRate: 5.41%
🔄 Новый цикл бота. Баланс: 7.61708961033436$ | PnL: -29.77610785 💵 | Сделок: 186 | WinRate: 5.91%
🔄 Новый цикл бота. Баланс: 7.61708961033436$ | PnL: -29.77610785 💵 | Сделок: 186 | WinRate: 5.91%
🔄 Новый цикл бота. Баланс: 7.61708961033436$ | PnL: -29.77610785 💵 | Сделок: 186 | WinRate: 5.91%
🔄 Новый цикл бота. Баланс: 7.61708961033436$ | PnL: -29.77610785 💵 | Сделок: 186 | WinRate: 5.91%
🔄 Новый цикл бота. Баланс: 7.3523276693735$ | PnL: -30.0318687 💵 | Сделок: 187 | WinRate: 5.88%
🔄 Новый цикл бота. Баланс: 7.0044914728665$ | PnL: -30.3707013 💵 | Сделок: 188 | WinRate: 5.85%
🔄 Новый цикл бота. Баланс: 7.4526506823265$ | PnL: -29.9042314 💵 | Сделок: 190 | WinRate: 6.84%
🔄 Новый цикл бота. Баланс: 7.4526506823265$ | PnL: -29.9042314 💵 | Сделок: 190 | WinRate: 6.84%
🔄 Новый цикл бота. Баланс: 7.4526506823265$ | PnL: -29.9042314 💵 | Сделок: 190 | WinRate: 6.84%
🔄 Новый цикл бота. Баланс: 7.0338796434425$ | PnL: -30.31400922 💵 | Сделок: 191 | WinRate: 6.81%
🔄 Новый цикл бота. Баланс: 7.2409398935645$ | PnL: -30.07936051 💵 | Сделок: 194 | WinRate: 7.73%
🔄 Новый цикл бота. Баланс: 7.2409398935645$ | PnL: -30.07936051 💵 | Сделок: 194 | WinRate: 7.73%
🔄 Новый цикл бота. Баланс: 7.4187805880605$ | PnL: -29.89252001 💵 | Сделок: 195 | WinRate: 8.21%
🔄 Новый цикл бота. Баланс: 7.1741982825605$ | PnL: -30.12758668 💵 | Сделок: 196 | WinRate: 8.16%
🔄 Новый цикл бота. Баланс: 7.1741982825605$ | PnL: -30.12758668 💵 | Сделок: 196 | WinRate: 8.16%
🔄 Новый цикл бота. Баланс: 6.9406459942405$ | PnL: -30.35007775 💵 | Сделок: 198 | WinRate: 8.59%
🔄 Новый цикл бота. Баланс: 6.9406459942405$ | PnL: -30.35007775 💵 | Сделок: 198 | WinRate: 8.59%
🔄 Новый цикл бота. Баланс: 6.9406459942405$ | PnL: -30.35007775 💵 | Сделок: 198 | WinRate: 8.59%
🔄 Новый цикл бота. Баланс: 6.9406459942405$ | PnL: -30.35007775 💵 | Сделок: 198 | WinRate: 8.59%
🔄 Новый цикл бота. Баланс: 6.9406459942405$ | PnL: -30.35007775 💵 | Сделок: 198 | WinRate: 8.59%
🔄 Новый цикл бота. Баланс: 7.4928734342514$ | PnL: -29.78885741 💵 | Сделок: 199 | WinRate: 9.05%
🔄 Новый цикл бота. Баланс: 7.6571691261234$ | PnL: -29.61554964 💵 | Сделок: 200 | WinRate: 9.5%
🔄 Новый цикл бота. Баланс: 7.8666290788694$ | PnL: -29.39707458 💵 | Сделок: 201 | WinRate: 9.95%
🔄 Новый цикл бота. Баланс: 8.36456898225186$ | PnL: -28.88115221 💵 | Сделок: 203 | WinRate: 10.84%
🔄 Новый цикл бота. Баланс: 8.36456898225186$ | PnL: -28.88115221 💵 | Сделок: 203 | WinRate: 10.84%
🔄 Новый цикл бота. Баланс: 8.36456898225186$ | PnL: -28.88115221 💵 | Сделок: 203 | WinRate: 10.84%
🔄 Новый цикл бота. Баланс: 8.36456898225186$ | PnL: -28.88115221 💵 | Сделок: 203 | WinRate: 10.84%
🔄 Новый цикл бота. Баланс: 8.36456898225186$ | PnL: -28.88115221 💵 | Сделок: 203 | WinRate: 10.84%
🔄 Новый цикл бота. Баланс: 8.36456898225186$ | PnL: -28.88115221 💵 | Сделок: 203 | WinRate: 10.84%
🔄 Новый цикл бота. Баланс: 8.36456898225186$ | PnL: -28.88115221 💵 | Сделок: 203 | WinRate: 10.84%
🔄 Новый цикл бота. Баланс: 8.36456898225186$ | PnL: -28.88115221 💵 | Сделок: 203 | WinRate: 10.84%
🔄 Новый цикл бота. Баланс: 8.36456898225186$ | PnL: -28.88115221 💵 | Сделок: 203 | WinRate: 10.84%
🔄 Новый цикл бота. Баланс: 8.36456898225186$ | PnL: -28.88115221 💵 | Сделок: 203 | WinRate: 10.84%
🔄 Новый цикл бота. Баланс: 8.36456898225186$ | PnL: -28.88115221 💵 | Сделок: 203 | WinRate: 10.84%
🔄 Новый цикл бота. Баланс: 8.36456898225186$ | PnL: -28.88115221 💵 | Сделок: 203 | WinRate: 10.84%
🔄 Новый цикл бота. Баланс: 8.36456898225186$ | PnL: -28.88115221 💵 | Сделок: 203 | WinRate: 10.84%
🔄 Новый цикл бота. Баланс: 8.36456898225186$ | PnL: -28.88115221 💵 | Сделок: 203 | WinRate: 10.84%
🔄 Новый цикл бота. Баланс: 8.36456898225186$ | PnL: -28.88115221 💵 | Сделок: 203 | WinRate: 10.84%
🔄 Новый цикл бота. Баланс: 7.90939327161185$ | PnL: -29.32700807 💵 | Сделок: 204 | WinRate: 10.78%
🔄 Новый цикл бота. Баланс: 7.90939327161185$ | PnL: -29.32700807 💵 | Сделок: 204 | WinRate: 10.78%
🔄 Новый цикл бота. Баланс: 7.90939327161185$ | PnL: -29.32700807 💵 | Сделок: 204 | WinRate: 10.78%
🔄 Новый цикл бота. Баланс: 7.90939327161185$ | PnL: -29.32700807 💵 | Сделок: 204 | WinRate: 10.78%
🔄 Новый цикл бота. Баланс: 8.22850760352274$ | PnL: -28.98990068 💵 | Сделок: 206 | WinRate: 11.65%
🔄 Новый цикл бота. Баланс: 18.4511053735227$ | PnL: -28.76730522 💵 | Сделок: 207 | WinRate: 12.08%
🔄 Новый цикл бота. Баланс: 8.02596765476274$ | PnL: -29.17453758 💵 | Сделок: 208 | WinRate: 12.02%
🔄 Новый цикл бота. Баланс: 7.95085369982575$ | PnL: -29.19944069 💵 | Сделок: 212 | WinRate: 13.21%
🔄 Новый цикл бота. Баланс: 7.95085369982575$ | PnL: -29.19944069 💵 | Сделок: 212 | WinRate: 13.21%
🔄 Новый цикл бота. Баланс: 7.95085369982575$ | PnL: -29.19944069 💵 | Сделок: 212 | WinRate: 13.21%
🔄 Новый цикл бота. Баланс: 7.95085369982575$ | PnL: -29.19944069 💵 | Сделок: 212 | WinRate: 13.21%
🔄 Новый цикл бота. Баланс: 8.45273324822775$ | PnL: -28.67053168 💵 | Сделок: 215 | WinRate: 14.42%
🔄 Новый цикл бота. Баланс: 8.71441074042475$ | PnL: -28.39934551 💵 | Сделок: 216 | WinRate: 14.81%
🔄 Новый цикл бота. Баланс: 19.4173334830386$ | PnL: -27.66930981 💵 | Сделок: 220 | WinRate: 16.36%
🔄 Новый цикл бота. Баланс: 9.92697083371595$ | PnL: -27.12366731 💵 | Сделок: 223 | WinRate: 17.49%
🔄 Новый цикл бота. Баланс: 9.92697083371595$ | PnL: -27.12366731 💵 | Сделок: 223 | WinRate: 17.49%
🔄 Новый цикл бота. Баланс: 9.92697083371595$ | PnL: -27.12366731 💵 | Сделок: 223 | WinRate: 17.49%
🔄 Новый цикл бота. Баланс: 9.92697083371595$ | PnL: -27.12366731 💵 | Сделок: 223 | WinRate: 17.49%
🔄 Новый цикл бота. Баланс: 9.92697083371595$ | PnL: -27.12366731 💵 | Сделок: 223 | WinRate: 17.49%
🔄 Новый цикл бота. Баланс: 9.92697083371595$ | PnL: -27.12366731 💵 | Сделок: 223 | WinRate: 17.49%
🔄 Новый цикл бота. Баланс: 9.92697083371595$ | PnL: -27.12366731 💵 | Сделок: 223 | WinRate: 17.49%
🔄 Новый цикл бота. Баланс: 9.92697083371595$ | PnL: -27.12366731 💵 | Сделок: 223 | WinRate: 17.49%
🔄 Новый цикл бота. Баланс: 0.214044102933952$ | PnL: -26.81860715 💵 | Сделок: 224 | WinRate: 17.86%
🔄 Новый цикл бота. Баланс: 0.214044102933952$ | PnL: -26.81860715 💵 | Сделок: 224 | WinRate: 17.86%
🔄 Новый цикл бота. Баланс: 0.709171090182656$ | PnL: -26.29602143 💵 | Сделок: 227 | WinRate: 18.94%
🔄 Новый цикл бота. Баланс: 1.78092912356186$ | PnL: -25.16105894 💵 | Сделок: 234 | WinRate: 21.37%
🔄 Новый цикл бота. Баланс: 1.94237754271396$ | PnL: -24.99061057 💵 | Сделок: 235 | WinRate: 21.7%
🔄 Новый цикл бота. Баланс: 1.94237754271396$ | PnL: -24.99061057 💵 | Сделок: 235 | WinRate: 21.7%
🔄 Новый цикл бота. Баланс: 1.94237754271396$ | PnL: -24.99061057 💵 | Сделок: 235 | WinRate: 21.7%
🔄 Новый цикл бота. Баланс: 12.2436358952888$ | PnL: -24.68034611 💵 | Сделок: 237 | WinRate: 22.36%
🔄 Новый цикл бота. Баланс: 2.23463587927436$ | PnL: -24.68034611 💵 | Сделок: 237 | WinRate: 22.36%
🔄 Новый цикл бота. Баланс: 2.23463587927436$ | PnL: -24.68034611 💵 | Сделок: 237 | WinRate: 22.36%
🔄 Новый цикл бота. Баланс: 2.00287918679366$ | PnL: -24.90316258 💵 | Сделок: 238 | WinRate: 22.27%
🔄 Новый цикл бота. Баланс: 2.24052863786366$ | PnL: -24.65661553 💵 | Сделок: 239 | WinRate: 22.59%
🔄 Новый цикл бота. Баланс: 2.24052863786366$ | PnL: -24.65661553 💵 | Сделок: 239 | WinRate: 22.59%
🔄 Новый цикл бота. Баланс: 2.24052863786366$ | PnL: -24.65661553 💵 | Сделок: 239 | WinRate: 22.59%
🔄 Новый цикл бота. Баланс: 12.0478241080832$ | PnL: -24.84033012 💵 | Сделок: 241 | WinRate: 22.82%
🔄 Новый цикл бота. Баланс: 2.03882268180067$ | PnL: -24.84033012 💵 | Сделок: 241 | WinRate: 22.82%
🔄 Новый цикл бота. Баланс: 2.03882268180067$ | PnL: -24.84033012 💵 | Сделок: 241 | WinRate: 22.82%
🔄 Новый цикл бота. Баланс: 2.28472572734066$ | PnL: -24.58543707 💵 | Сделок: 242 | WinRate: 23.14%
🔄 Новый цикл бота. Баланс: 2.28472572734066$ | PnL: -24.58543707 💵 | Сделок: 242 | WinRate: 23.14%
🔄 Новый цикл бота. Баланс: 2.28472572734066$ | PnL: -24.58543707 💵 | Сделок: 242 | WinRate: 23.14%
🔄 Новый цикл бота. Баланс: 2.96840042293637$ | PnL: -23.77330839 💵 | Сделок: 246 | WinRate: 24.39%
🔄 Новый цикл бота. Баланс: 5.79046375759068$ | PnL: -20.87022854 💵 | Сделок: 255 | WinRate: 27.06%
🔄 Новый цикл бота. Баланс: 7.235321093943$ | PnL: -19.36318614 💵 | Сделок: 262 | WinRate: 29.01%
🔄 Новый цикл бота. Баланс: 7.235321093943$ | PnL: -19.36318614 💵 | Сделок: 262 | WinRate: 29.01%
🔄 Новый цикл бота. Баланс: 7.235321093943$ | PnL: -19.36318614 💵 | Сделок: 262 | WinRate: 29.01%
🔄 Новый цикл бота. Баланс: 7.235321093943$ | PnL: -19.36318614 💵 | Сделок: 262 | WinRate: 29.01%
🔄 Новый цикл бота. Баланс: 7.416247350549$ | PnL: -19.17305323 💵 | Сделок: 263 | WinRate: 29.28%
🔄 Новый цикл бота. Баланс: 7.8769711559407$ | PnL: -18.68585614 💵 | Сделок: 266 | WinRate: 30.08%
🔄 Новый цикл бота. Баланс: 7.8769711559407$ | PnL: -18.68585614 💵 | Сделок: 266 | WinRate: 30.08%
🔄 Новый цикл бота. Баланс: 7.8769711559407$ | PnL: -18.68585614 💵 | Сделок: 266 | WinRate: 30.08%
🔄 Новый цикл бота. Баланс: 7.8769711559407$ | PnL: -18.68585614 💵 | Сделок: 266 | WinRate: 30.08%
🔄 Новый цикл бота. Баланс: 7.8769711559407$ | PnL: -18.68585614 💵 | Сделок: 266 | WinRate: 30.08%
🔄 Новый цикл бота. Баланс: 7.8769711559407$ | PnL: -18.68585614 💵 | Сделок: 266 | WinRate: 30.08%
🔄 Новый цикл бота. Баланс: 7.8769711559407$ | PnL: -18.68585614 💵 | Сделок: 266 | WinRate: 30.08%
🔄 Новый цикл бота. Баланс: 7.8769711559407$ | PnL: -18.68585614 💵 | Сделок: 266 | WinRate: 30.08%
🔄 Новый цикл бота. Баланс: 8.0104168753614$ | PnL: -18.54338724 💵 | Сделок: 267 | WinRate: 30.34%
🔄 Новый цикл бота. Баланс: 8.5879668489509$ | PnL: -17.93891844 💵 | Сделок: 270 | WinRate: 31.11%
🔄 Новый цикл бота. Баланс: 8.3743206982709$ | PnL: -18.04711461 💵 | Сделок: 272 | WinRate: 31.25%
🔄 Новый цикл бота. Баланс: 8.3743206982709$ | PnL: -18.04711461 💵 | Сделок: 272 | WinRate: 31.25%
🔄 Новый цикл бота. Баланс: 8.3743206982709$ | PnL: -18.04711461 💵 | Сделок: 272 | WinRate: 31.25%
🔄 Новый цикл бота. Баланс: 8.3743206982709$ | PnL: -18.04711461 💵 | Сделок: 272 | WinRate: 31.25%
🔄 Новый цикл бота. Баланс: 8.5087406290089$ | PnL: -17.9036999 💵 | Сделок: 273 | WinRate: 31.5%
🔄 Новый цикл бота. Баланс: 8.8867235342062$ | PnL: -17.50768357 💵 | Сделок: 275 | WinRate: 32%
🔄 Новый цикл бота. Баланс: 8.8867235342062$ | PnL: -17.50768357 💵 | Сделок: 275 | WinRate: 32%
🔄 Новый цикл бота. Баланс: 9.00868704091321$ | PnL: -17.37670698 💵 | Сделок: 276 | WinRate: 32.25%
🔄 Новый цикл бота. Баланс: 9.00868704091321$ | PnL: -17.37670698 💵 | Сделок: 276 | WinRate: 32.25%
🔄 Новый цикл бота. Баланс: 9.00868704091321$ | PnL: -17.37670698 💵 | Сделок: 276 | WinRate: 32.25%
🔄 Новый цикл бота. Баланс: 9.00868704091321$ | PnL: -17.37670698 💵 | Сделок: 276 | WinRate: 32.25%
🔄 Новый цикл бота. Баланс: 9.00868704091321$ | PnL: -17.37670698 💵 | Сделок: 276 | WinRate: 32.25%
🔄 Новый цикл бота. Баланс: 9.00868704091321$ | PnL: -17.37670698 💵 | Сделок: 276 | WinRate: 32.25%
🔄 Новый цикл бота. Баланс: 9.00868704091321$ | PnL: -17.37670698 💵 | Сделок: 276 | WinRate: 32.25%
🔄 Новый цикл бота. Баланс: 9.2124003673582$ | PnL: -17.16401282 💵 | Сделок: 277 | WinRate: 32.49%
🔄 Новый цикл бота. Баланс: 0.202273902516209$ | PnL: -16.11189294 💵 | Сделок: 283 | WinRate: 33.92%
🔄 Новый цикл бота. Баланс: 0.820703914058212$ | PnL: -15.41845396 💵 | Сделок: 287 | WinRate: 34.84%
🔄 Новый цикл бота. Баланс: 0.820703914058212$ | PnL: -15.41845396 💵 | Сделок: 287 | WinRate: 34.84%
🔄 Новый цикл бота. Баланс: 1.10938444589631$ | PnL: -15.12076523 💵 | Сделок: 288 | WinRate: 35.07%
🔄 Новый цикл бота. Баланс: 1.10938444589631$ | PnL: -15.12076523 💵 | Сделок: 288 | WinRate: 35.07%
🔄 Новый цикл бота. Баланс: 3.31849879399608$ | PnL: -12.78612083 💵 | Сделок: 302 | WinRate: 37.75%
🔄 Новый цикл бота. Баланс: 3.88478196670408$ | PnL: -12.19280384 💵 | Сделок: 305 | WinRate: 38.36%
🔄 Новый цикл бота. Баланс: 4.02084027140208$ | PnL: -12.04763846 💵 | Сделок: 306 | WinRate: 38.56%
🔄 Новый цикл бота. Баланс: 4.37717479533708$ | PnL: -11.67320002 💵 | Сделок: 308 | WinRate: 38.96%
🔄 Новый цикл бота. Баланс: 4.58619832351788$ | PnL: -11.45517645 💵 | Сделок: 309 | WinRate: 39.16%
🔄 Новый цикл бота. Баланс: 4.58619832351788$ | PnL: -11.45517645 💵 | Сделок: 309 | WinRate: 39.16%
🔄 Новый цикл бота. Баланс: 4.58619832351788$ | PnL: -11.45517645 💵 | Сделок: 309 | WinRate: 39.16%
🔄 Новый цикл бота. Баланс: 4.58619832351788$ | PnL: -11.45517645 💵 | Сделок: 309 | WinRate: 39.16%
🔄 Новый цикл бота. Баланс: 4.58619832351788$ | PnL: -11.45517645 💵 | Сделок: 309 | WinRate: 39.16%
🔄 Новый цикл бота. Баланс: 4.58619832351788$ | PnL: -11.45517645 💵 | Сделок: 309 | WinRate: 39.16%
🔄 Новый цикл бота. Баланс: 4.58619832351788$ | PnL: -11.45517645 💵 | Сделок: 309 | WinRate: 39.16%
🔄 Новый цикл бота. Баланс: 4.75314675910988$ | PnL: -11.27921297 💵 | Сделок: 310 | WinRate: 39.35%
🔄 Новый цикл бота. Баланс: 4.75314675910988$ | PnL: -11.27921297 💵 | Сделок: 310 | WinRate: 39.35%
🔄 Новый цикл бота. Баланс: 4.75314675910988$ | PnL: -11.27921297 💵 | Сделок: 310 | WinRate: 39.35%
🔄 Новый цикл бота. Баланс: 5.07256776334748$ | PnL: -10.9418176 💵 | Сделок: 312 | WinRate: 39.74%
🔄 Новый цикл бота. Баланс: 5.22156355861108$ | PnL: -10.78381141 💵 | Сделок: 313 | WinRate: 39.94%
🔄 Новый цикл бота. Баланс: 4.94726550654908$ | PnL: -11.04872329 💵 | Сделок: 314 | WinRate: 39.81%
🔄 Новый цикл бота. Баланс: 4.94726550654908$ | PnL: -11.04872329 💵 | Сделок: 314 | WinRate: 39.81%
🔄 Новый цикл бота. Баланс: 4.59042338054908$ | PnL: -11.38172438 💵 | Сделок: 315 | WinRate: 39.68%
🔄 Новый цикл бота. Баланс: 4.59042338054908$ | PnL: -11.38172438 💵 | Сделок: 315 | WinRate: 39.68%
🔄 Новый цикл бота. Баланс: 4.59042338054908$ | PnL: -11.38172438 💵 | Сделок: 315 | WinRate: 39.68%
🔄 Новый цикл бота. Баланс: 4.59042338054908$ | PnL: -11.38172438 💵 | Сделок: 315 | WinRate: 39.68%
🔄 Новый цикл бота. Баланс: 4.59042338054908$ | PnL: -11.38172438 💵 | Сделок: 315 | WinRate: 39.68%
🔄 Новый цикл бота. Баланс: 4.59042338054908$ | PnL: -11.38172438 💵 | Сделок: 315 | WinRate: 39.68%
🔄 Новый цикл бота. Баланс: 4.59042338054908$ | PnL: -11.38172438 💵 | Сделок: 315 | WinRate: 39.68%
🔄 Новый цикл бота. Баланс: 4.59042338054908$ | PnL: -11.38172438 💵 | Сделок: 315 | WinRate: 39.68%
🔄 Новый цикл бота. Баланс: 14.7862525405491$ | PnL: -11.27824922 💵 | Сделок: 316 | WinRate: 39.87%
🔄 Новый цикл бота. Баланс: 5.15308127336908$ | PnL: -11.0079133 💵 | Сделок: 318 | WinRate: 40.25%
🔄 Новый цикл бота. Баланс: 5.19572004214891$ | PnL: -10.95625791 💵 | Сделок: 319 | WinRate: 40.44%
🔄 Новый цикл бота. Баланс: 5.19572004214891$ | PnL: -10.95625791 💵 | Сделок: 319 | WinRate: 40.44%
🔄 Новый цикл бота. Баланс: 5.19572004214891$ | PnL: -10.95625791 💵 | Сделок: 319 | WinRate: 40.44%
🔄 Новый цикл бота. Баланс: 5.19572004214891$ | PnL: -10.95625791 💵 | Сделок: 319 | WinRate: 40.44%
🔄 Новый цикл бота. Баланс: 5.19572004214891$ | PnL: -10.95625791 💵 | Сделок: 319 | WinRate: 40.44%
🔄 Новый цикл бота. Баланс: 5.66252536444891$ | PnL: -10.55049706 💵 | Сделок: 321 | WinRate: 40.81%
🔄 Новый цикл бота. Баланс: 5.98617867765691$ | PnL: -10.20960567 💵 | Сделок: 323 | WinRate: 41.18%
🔄 Новый цикл бота. Баланс: 6.29840522321661$ | PnL: -9.88006836999999 💵 | Сделок: 325 | WinRate: 41.54%
🔄 Новый цикл бота. Баланс: 6.9043919190138$ | PnL: -9.24736477999999 💵 | Сделок: 328 | WinRate: 42.07%
🔄 Новый цикл бота. Баланс: 7.09968374339966$ | PnL: -9.04307282999999 💵 | Сделок: 329 | WinRate: 42.25%
🔄 Новый цикл бота. Баланс: 7.09968374339966$ | PnL: -9.04307282999999 💵 | Сделок: 329 | WinRate: 42.25%
🔄 Новый цикл бота. Баланс: 7.09968374339966$ | PnL: -9.04307282999999 💵 | Сделок: 329 | WinRate: 42.25%
🔄 Новый цикл бота. Баланс: 7.09968374339966$ | PnL: -9.04307282999999 💵 | Сделок: 329 | WinRate: 42.25%
🔄 Новый цикл бота. Баланс: 7.09968374339966$ | PnL: -9.04307282999999 💵 | Сделок: 329 | WinRate: 42.25%
🔄 Новый цикл бота. Баланс: 7.09968374339966$ | PnL: -9.04307282999999 💵 | Сделок: 329 | WinRate: 42.25%
🔄 Новый цикл бота. Баланс: 7.36622070866366$ | PnL: -8.77277701999999 💵 | Сделок: 331 | WinRate: 42.6%
🔄 Новый цикл бота. Баланс: 7.36622070866366$ | PnL: -8.77277701999999 💵 | Сделок: 331 | WinRate: 42.6%
🔄 Новый цикл бота. Баланс: 7.36622070866366$ | PnL: -8.77277701999999 💵 | Сделок: 331 | WinRate: 42.6%
🔄 Новый цикл бота. Баланс: 7.36622070866366$ | PnL: -8.77277701999999 💵 | Сделок: 331 | WinRate: 42.6%
🔄 Новый цикл бота. Баланс: 7.36622070866366$ | PnL: -8.77277701999999 💵 | Сделок: 331 | WinRate: 42.6%
🔄 Новый цикл бота. Баланс: 7.36622070866366$ | PnL: -8.77277701999999 💵 | Сделок: 331 | WinRate: 42.6%
🔄 Новый цикл бота. Баланс: 7.36622070866366$ | PnL: -8.77277701999999 💵 | Сделок: 331 | WinRate: 42.6%
🔄 Новый цикл бота. Баланс: 7.36622070866366$ | PnL: -8.77277701999999 💵 | Сделок: 331 | WinRate: 42.6%
🔄 Новый цикл бота. Баланс: 7.25564447403146$ | PnL: -8.87426029999999 💵 | Сделок: 332 | WinRate: 42.47%
🔄 Новый цикл бота. Баланс: 7.25564447403146$ | PnL: -8.87426029999999 💵 | Сделок: 332 | WinRate: 42.47%
🔄 Новый цикл бота. Баланс: 7.25564447403146$ | PnL: -8.87426029999999 💵 | Сделок: 332 | WinRate: 42.47%
🔄 Новый цикл бота. Баланс: 7.25564447403146$ | PnL: -8.87426029999999 💵 | Сделок: 332 | WinRate: 42.47%
🔄 Новый цикл бота. Баланс: 7.25564447403146$ | PnL: -8.87426029999999 💵 | Сделок: 332 | WinRate: 42.47%
🔄 Новый цикл бота. Баланс: 7.02453933933146$ | PnL: -9.09637052999999 💵 | Сделок: 333 | WinRate: 42.34%
🔄 Новый цикл бота. Баланс: 7.02453933933146$ | PnL: -9.09637052999999 💵 | Сделок: 333 | WinRate: 42.34%
🔄 Новый цикл бота. Баланс: 7.02453933933146$ | PnL: -9.09637052999999 💵 | Сделок: 333 | WinRate: 42.34%
🔄 Новый цикл бота. Баланс: 7.02453933933146$ | PnL: -9.09637052999999 💵 | Сделок: 333 | WinRate: 42.34%
🔄 Новый цикл бота. Баланс: 7.02453933933146$ | PnL: -9.09637052999999 💵 | Сделок: 333 | WinRate: 42.34%
🔄 Новый цикл бота. Баланс: 7.02453933933146$ | PnL: -9.09637052999999 💵 | Сделок: 333 | WinRate: 42.34%
🔄 Новый цикл бота. Баланс: 7.02453933933146$ | PnL: -9.09637052999999 💵 | Сделок: 333 | WinRate: 42.34%
🔄 Новый цикл бота. Баланс: 7.02453933933146$ | PnL: -9.09637052999999 💵 | Сделок: 333 | WinRate: 42.34%
🔄 Новый цикл бота. Баланс: 7.02453933933146$ | PnL: -9.09637052999999 💵 | Сделок: 333 | WinRate: 42.34%
🔄 Новый цикл бота. Баланс: 7.02453933933146$ | PnL: -9.09637052999999 💵 | Сделок: 333 | WinRate: 42.34%
🔄 Новый цикл бота. Баланс: 7.02453933933146$ | PnL: -9.09637052999999 💵 | Сделок: 333 | WinRate: 42.34%
🔄 Новый цикл бота. Баланс: 7.02453933933146$ | PnL: -9.09637052999999 💵 | Сделок: 333 | WinRate: 42.34%
🔄 Новый цикл бота. Баланс: 7.02453933933146$ | PnL: -9.09637052999999 💵 | Сделок: 333 | WinRate: 42.34%
🔄 Новый цикл бота. Баланс: 7.02453933933146$ | PnL: -9.09637052999999 💵 | Сделок: 333 | WinRate: 42.34%
🔄 Новый цикл бота. Баланс: 7.02453933933146$ | PnL: -9.09637052999999 💵 | Сделок: 333 | WinRate: 42.34%
🔄 Новый цикл бота. Баланс: 7.02453933933146$ | PnL: -9.09637052999999 💵 | Сделок: 333 | WinRate: 42.34%
🔄 Новый цикл бота. Баланс: 7.02453933933146$ | PnL: -9.09637052999999 💵 | Сделок: 333 | WinRate: 42.34%
🔄 Новый цикл бота. Баланс: 7.02453933933146$ | PnL: -9.09637052999999 💵 | Сделок: 333 | WinRate: 42.34%
🔄 Новый цикл бота. Баланс: 7.02453933933146$ | PnL: -9.09637052999999 💵 | Сделок: 333 | WinRate: 42.34%
🔄 Новый цикл бота. Баланс: 7.02453933933146$ | PnL: -9.09637052999999 💵 | Сделок: 333 | WinRate: 42.34%
🔄 Новый цикл бота. Баланс: 7.02453933933146$ | PnL: -9.09637052999999 💵 | Сделок: 333 | WinRate: 42.34%
🔄 Новый цикл бота. Баланс: 6.86081105251152$ | PnL: -9.25109021999999 💵 | Сделок: 334 | WinRate: 42.22%
🔄 Новый цикл бота. Баланс: 6.86081105251152$ | PnL: -9.25109021999999 💵 | Сделок: 334 | WinRate: 42.22%
🔄 Новый цикл бота. Баланс: 6.86081105251152$ | PnL: -9.25109021999999 💵 | Сделок: 334 | WinRate: 42.22%
🔄 Новый цикл бота. Баланс: 6.86081105251152$ | PnL: -9.25109021999999 💵 | Сделок: 334 | WinRate: 42.22%
🔄 Новый цикл бота. Баланс: 6.86081105251152$ | PnL: -9.25109021999999 💵 | Сделок: 334 | WinRate: 42.22%
🔄 Новый цикл бота. Баланс: 6.86081105251152$ | PnL: -9.25109021999999 💵 | Сделок: 334 | WinRate: 42.22%
🔄 Новый цикл бота. Баланс: 6.86081105251152$ | PnL: -9.25109021999999 💵 | Сделок: 334 | WinRate: 42.22%
🔄 Новый цикл бота. Баланс: 6.86081105251152$ | PnL: -9.25109021999999 💵 | Сделок: 334 | WinRate: 42.22%
🔄 Новый цикл бота. Баланс: 7.09330929299151$ | PnL: -9.00966729999999 💵 | Сделок: 335 | WinRate: 42.39%
🔄 Новый цикл бота. Баланс: 7.09330929299151$ | PnL: -9.00966729999999 💵 | Сделок: 335 | WinRate: 42.39%
🔄 Новый цикл бота. Баланс: 7.09330929299151$ | PnL: -9.00966729999999 💵 | Сделок: 335 | WinRate: 42.39%
🔄 Новый цикл бота. Баланс: 7.09330929299151$ | PnL: -9.00966729999999 💵 | Сделок: 335 | WinRate: 42.39%
🔄 Новый цикл бота. Баланс: 7.09330929299151$ | PnL: -9.00966729999999 💵 | Сделок: 335 | WinRate: 42.39%
🔄 Новый цикл бота. Баланс: 7.09330929299151$ | PnL: -9.00966729999999 💵 | Сделок: 335 | WinRate: 42.39%
🔄 Новый цикл бота. Баланс: 7.09330929299151$ | PnL: -9.00966729999999 💵 | Сделок: 335 | WinRate: 42.39%
🔄 Новый цикл бота. Баланс: 7.09330929299151$ | PnL: -9.00966729999999 💵 | Сделок: 335 | WinRate: 42.39%
🔄 Новый цикл бота. Баланс: 7.09330929299151$ | PnL: -9.00966729999999 💵 | Сделок: 335 | WinRate: 42.39%
🔄 Новый цикл бота. Баланс: 7.09330929299151$ | PnL: -9.00966729999999 💵 | Сделок: 335 | WinRate: 42.39%
🔄 Новый цикл бота. Баланс: 7.09330929299151$ | PnL: -9.00966729999999 💵 | Сделок: 335 | WinRate: 42.39%
🔄 Новый цикл бота. Баланс: 7.09330929299151$ | PnL: -9.00966729999999 💵 | Сделок: 335 | WinRate: 42.39%
🔄 Новый цикл бота. Баланс: 7.09330929299151$ | PnL: -9.00966729999999 💵 | Сделок: 335 | WinRate: 42.39%
🔄 Новый цикл бота. Баланс: 7.09330929299151$ | PnL: -9.00966729999999 💵 | Сделок: 335 | WinRate: 42.39%
🔄 Новый цикл бота. Баланс: 7.09330929299151$ | PnL: -9.00966729999999 💵 | Сделок: 335 | WinRate: 42.39%
🔄 Новый цикл бота. Баланс: 7.09330929299151$ | PnL: -9.00966729999999 💵 | Сделок: 335 | WinRate: 42.39%
🔄 Новый цикл бота. Баланс: 7.09330929299151$ | PnL: -9.00966729999999 💵 | Сделок: 335 | WinRate: 42.39%
🔄 Новый цикл бота. Баланс: 7.09330929299151$ | PnL: -9.00966729999999 💵 | Сделок: 335 | WinRate: 42.39%
🔄 Новый цикл бота. Баланс: 7.09330929299151$ | PnL: -9.00966729999999 💵 | Сделок: 335 | WinRate: 42.39%
🔄 Новый цикл бота. Баланс: 7.09330929299151$ | PnL: -9.00966729999999 💵 | Сделок: 335 | WinRate: 42.39%
🔄 Новый цикл бота. Баланс: 7.09330929299151$ | PnL: -9.00966729999999 💵 | Сделок: 335 | WinRate: 42.39%
🔄 Новый цикл бота. Баланс: 7.25237600319151$ | PnL: -8.84176285999999 💵 | Сделок: 336 | WinRate: 42.56%
🔄 Новый цикл бота. Баланс: 7.25237600319151$ | PnL: -8.84176285999999 💵 | Сделок: 336 | WinRate: 42.56%
🔄 Новый цикл бота. Баланс: 7.25237600319151$ | PnL: -8.84176285999999 💵 | Сделок: 336 | WinRate: 42.56%
🔄 Новый цикл бота. Баланс: 7.25237600319151$ | PnL: -8.84176285999999 💵 | Сделок: 336 | WinRate: 42.56%
🔄 Новый цикл бота. Баланс: 7.25237600319151$ | PnL: -8.84176285999999 💵 | Сделок: 336 | WinRate: 42.56%
🔄 Новый цикл бота. Баланс: 7.25237600319151$ | PnL: -8.84176285999999 💵 | Сделок: 336 | WinRate: 42.56%
🔄 Новый цикл бота. Баланс: 7.25237600319151$ | PnL: -8.84176285999999 💵 | Сделок: 336 | WinRate: 42.56%
🔄 Новый цикл бота. Баланс: 7.25237600319151$ | PnL: -8.84176285999999 💵 | Сделок: 336 | WinRate: 42.56%
🔄 Новый цикл бота. Баланс: 8.63172282949252$ | PnL: -7.35384102999999 💵 | Сделок: 348 | WinRate: 44.25%
🔄 Новый цикл бота. Баланс: 0.630785178926146$ | PnL: -5.22859122999999 💵 | Сделок: 361 | WinRate: 46.26%
🔄 Новый цикл бота. Баланс: 3.64428215426867$ | PnL: -1.80711705999999 💵 | Сделок: 380 | WinRate: 48.95%
🔄 Новый цикл бота. Баланс: 1.28883715922577$ | PnL: 6.15769011000001 💵 | Сделок: 429 | WinRate: 54.78%
🔄 Новый цикл бота. Баланс: 1.43279399811477$ | PnL: 6.31065651000001 💵 | Сделок: 430 | WinRate: 54.88%
🔄 Новый цикл бота. Баланс: 1.43279399811477$ | PnL: 6.31065651000001 💵 | Сделок: 430 | WinRate: 54.88%
🔄 Новый цикл бота. Баланс: 1.43279399811477$ | PnL: 6.31065651000001 💵 | Сделок: 430 | WinRate: 54.88%
🔄 Новый цикл бота. Баланс: 1.43279399811477$ | PnL: 6.31065651000001 💵 | Сделок: 430 | WinRate: 54.88%
🔄 Новый цикл бота. Баланс: 1.43279399811477$ | PnL: 6.31065651000001 💵 | Сделок: 430 | WinRate: 54.88%
🔄 Новый цикл бота. Баланс: 1.43279399811477$ | PnL: 6.31065651000001 💵 | Сделок: 430 | WinRate: 54.88%
🔄 Новый цикл бота. Баланс: 11.4763692381148$ | PnL: 6.43357275000001 💵 | Сделок: 431 | WinRate: 54.99%
🔄 Новый цикл бота. Баланс: 1.83665260638677$ | PnL: 6.60387508000001 💵 | Сделок: 432 | WinRate: 55.09%
🔄 Новый цикл бота. Баланс: 1.83665260638677$ | PnL: 6.60387508000001 💵 | Сделок: 432 | WinRate: 55.09%
🔄 Новый цикл бота. Баланс: 1.83665260638677$ | PnL: 6.60387508000001 💵 | Сделок: 432 | WinRate: 55.09%
🔄 Новый цикл бота. Баланс: 1.83665260638677$ | PnL: 6.60387508000001 💵 | Сделок: 432 | WinRate: 55.09%
🔄 Новый цикл бота. Баланс: 1.83665260638677$ | PnL: 6.60387508000001 💵 | Сделок: 432 | WinRate: 55.09%
🔄 Новый цикл бота. Баланс: 1.83665260638677$ | PnL: 6.60387508000001 💵 | Сделок: 432 | WinRate: 55.09%
🔄 Новый цикл бота. Баланс: 1.83665260638677$ | PnL: 6.60387508000001 💵 | Сделок: 432 | WinRate: 55.09%
🔄 Новый цикл бота. Баланс: 2.18386525685793$ | PnL: 6.96862399000001 💵 | Сделок: 434 | WinRate: 55.3%
🔄 Новый цикл бота. Баланс: 2.18386525685793$ | PnL: 6.96862399000001 💵 | Сделок: 434 | WinRate: 55.3%
🔄 Новый цикл бота. Баланс: 2.28562586258433$ | PnL: 7.07939230000001 💵 | Сделок: 435 | WinRate: 55.4%
🔄 Новый цикл бота. Баланс: 2.38373107217279$ | PnL: 7.18651038000001 💵 | Сделок: 436 | WinRate: 55.5%
🔄 Новый цикл бота. Баланс: 3.09649001130143$ | PnL: 7.94467205000001 💵 | Сделок: 441 | WinRate: 56.01%
🔄 Новый цикл бота. Баланс: 3.40596024314143$ | PnL: 8.27205537000001 💵 | Сделок: 443 | WinRate: 56.21%
🔄 Новый цикл бота. Баланс: 3.40596024314143$ | PnL: 8.27205537000001 💵 | Сделок: 443 | WinRate: 56.21%
🔄 Новый цикл бота. Баланс: 3.40596024314143$ | PnL: 8.27205537000001 💵 | Сделок: 443 | WinRate: 56.21%
🔄 Новый цикл бота. Баланс: 6.28384132245355$ | PnL: 11.30115682 💵 | Сделок: 460 | WinRate: 57.83%
🔄 Новый цикл бота. Баланс: 6.42436748583755$ | PnL: 11.45068922 💵 | Сделок: 461 | WinRate: 57.92%
🔄 Новый цикл бота. Баланс: 6.42436748583755$ | PnL: 11.45068922 💵 | Сделок: 461 | WinRate: 57.92%
🔄 Новый цикл бота. Баланс: 6.42436748583755$ | PnL: 11.45068922 💵 | Сделок: 461 | WinRate: 57.92%
🔄 Новый цикл бота. Баланс: 6.42436748583755$ | PnL: 11.45068922 💵 | Сделок: 461 | WinRate: 57.92%
🔄 Новый цикл бота. Баланс: 6.42436748583755$ | PnL: 11.45068922 💵 | Сделок: 461 | WinRate: 57.92%
🔄 Новый цикл бота. Баланс: 6.46946290021355$ | PnL: 11.50478913 💵 | Сделок: 462 | WinRate: 58.01%
🔄 Новый цикл бота. Баланс: 6.46946290021355$ | PnL: 11.50478913 💵 | Сделок: 462 | WinRate: 58.01%
🔄 Новый цикл бота. Баланс: 6.28910648814495$ | PnL: 11.33343132 💵 | Сделок: 463 | WinRate: 57.88%
🔄 Новый цикл бота. Баланс: 6.38077156854495$ | PnL: 11.43443985 💵 | Сделок: 464 | WinRate: 57.97%
🔄 Новый цикл бота. Баланс: 6.38077156854495$ | PnL: 11.43443985 💵 | Сделок: 464 | WinRate: 57.97%
🔄 Новый цикл бота. Баланс: 6.38077156854495$ | PnL: 11.43443985 💵 | Сделок: 464 | WinRate: 57.97%
🔄 Новый цикл бота. Баланс: 6.38077156854495$ | PnL: 11.43443985 💵 | Сделок: 464 | WinRate: 57.97%
🔄 Новый цикл бота. Баланс: 6.60071396912095$ | PnL: 11.66276351 💵 | Сделок: 465 | WinRate: 58.06%
🔄 Новый цикл бота. Баланс: 6.60071396912095$ | PnL: 11.66276351 💵 | Сделок: 465 | WinRate: 58.06%
🔄 Новый цикл бота. Баланс: 6.60071396912095$ | PnL: 11.66276351 💵 | Сделок: 465 | WinRate: 58.06%
🔄 Новый цикл бота. Баланс: 6.60071396912095$ | PnL: 11.66276351 💵 | Сделок: 465 | WinRate: 58.06%
🔄 Новый цикл бота. Баланс: 6.60071396912095$ | PnL: 11.66276351 💵 | Сделок: 465 | WinRate: 58.06%
🔄 Новый цикл бота. Баланс: 6.60071396912095$ | PnL: 11.66276351 💵 | Сделок: 465 | WinRate: 58.06%
🔄 Новый цикл бота. Баланс: 6.80758342382095$ | PnL: 11.87885227 💵 | Сделок: 466 | WinRate: 58.15%
🔄 Новый цикл бота. Баланс: 6.80758342382095$ | PnL: 11.87885227 💵 | Сделок: 466 | WinRate: 58.15%
🔄 Новый цикл бота. Баланс: 7.00517475241595$ | PnL: 12.08544698 💵 | Сделок: 467 | WinRate: 58.24%
🔄 Новый цикл бота. Баланс: 7.00517475241595$ | PnL: 12.08544698 💵 | Сделок: 467 | WinRate: 58.24%
🔄 Новый цикл бота. Баланс: 7.00517475241595$ | PnL: 12.08544698 💵 | Сделок: 467 | WinRate: 58.24%
🔄 Новый цикл бота. Баланс: 7.00517475241595$ | PnL: 12.08544698 💵 | Сделок: 467 | WinRate: 58.24%
🔄 Новый цикл бота. Баланс: 7.00517475241595$ | PnL: 12.08544698 💵 | Сделок: 467 | WinRate: 58.24%
🔄 Новый цикл бота. Баланс: 7.16011033054015$ | PnL: 12.2493832 💵 | Сделок: 468 | WinRate: 58.33%
🔄 Новый цикл бота. Баланс: 7.16011033054015$ | PnL: 12.2493832 💵 | Сделок: 468 | WinRate: 58.33%
🔄 Новый цикл бота. Баланс: 7.16011033054015$ | PnL: 12.2493832 💵 | Сделок: 468 | WinRate: 58.33%
🔄 Новый цикл бота. Баланс: 7.16011033054015$ | PnL: 12.2493832 💵 | Сделок: 468 | WinRate: 58.33%
🔄 Новый цикл бота. Баланс: 7.16011033054015$ | PnL: 12.2493832 💵 | Сделок: 468 | WinRate: 58.33%
🔄 Новый цикл бота. Баланс: 7.16011033054015$ | PnL: 12.2493832 💵 | Сделок: 468 | WinRate: 58.33%
🔄 Новый цикл бота. Баланс: 6.86700122972915$ | PnL: 11.96530083 💵 | Сделок: 469 | WinRate: 58.21%
🔄 Новый цикл бота. Баланс: 6.86700122972915$ | PnL: 11.96530083 💵 | Сделок: 469 | WinRate: 58.21%
🔄 Новый цикл бота. Баланс: 6.65524566616815$ | PnL: 11.76266718 💵 | Сделок: 470 | WinRate: 58.09%
🔄 Новый цикл бота. Баланс: 6.47136904996815$ | PnL: 11.58780307 💵 | Сделок: 471 | WinRate: 57.96%
🔄 Новый цикл бота. Баланс: 6.20851699468275$ | PnL: 11.33395833 💵 | Сделок: 472 | WinRate: 57.84%
🔄 Новый цикл бота. Баланс: 6.20851699468275$ | PnL: 11.33395833 💵 | Сделок: 472 | WinRate: 57.84%
🔄 Новый цикл бота. Баланс: 6.20851699468275$ | PnL: 11.33395833 💵 | Сделок: 472 | WinRate: 57.84%
🔄 Новый цикл бота. Баланс: 6.20851699468275$ | PnL: 11.33395833 💵 | Сделок: 472 | WinRate: 57.84%
🔄 Новый цикл бота. Баланс: 6.20851699468275$ | PnL: 11.33395833 💵 | Сделок: 472 | WinRate: 57.84%
🔄 Новый цикл бота. Баланс: 6.20851699468275$ | PnL: 11.33395833 💵 | Сделок: 472 | WinRate: 57.84%
🔄 Новый цикл бота. Баланс: 6.20851699468275$ | PnL: 11.33395833 💵 | Сделок: 472 | WinRate: 57.84%
🔄 Новый цикл бота. Баланс: 6.20851699468275$ | PnL: 11.33395833 💵 | Сделок: 472 | WinRate: 57.84%
🔄 Новый цикл бота. Баланс: 6.20851699468275$ | PnL: 11.33395833 💵 | Сделок: 472 | WinRate: 57.84%
🔄 Новый цикл бота. Баланс: 6.20851699468275$ | PnL: 11.33395833 💵 | Сделок: 472 | WinRate: 57.84%
🔄 Новый цикл бота. Баланс: 5.83847876902925$ | PnL: 10.98192926 💵 | Сделок: 474 | WinRate: 57.59%
🔄 Новый цикл бота. Баланс: 5.83847876902925$ | PnL: 10.98192926 💵 | Сделок: 474 | WinRate: 57.59%
🔄 Новый цикл бота. Баланс: 5.83847876902925$ | PnL: 10.98192926 💵 | Сделок: 474 | WinRate: 57.59%
🔄 Новый цикл бота. Баланс: 5.83847876902925$ | PnL: 10.98192926 💵 | Сделок: 474 | WinRate: 57.59%
🔄 Новый цикл бота. Баланс: 5.83847876902925$ | PnL: 10.98192926 💵 | Сделок: 474 | WinRate: 57.59%
🔄 Новый цикл бота. Баланс: 5.42116444348088$ | PnL: 10.57361545 💵 | Сделок: 475 | WinRate: 57.47%
🔄 Новый цикл бота. Баланс: 5.06427828909288$ | PnL: 10.24372454 💵 | Сделок: 478 | WinRate: 57.11%
🔄 Новый цикл бота. Баланс: 2.45924521377959$ | PnL: 8.41912687000001 💵 | Сделок: 489 | WinRate: 56.03%
🔄 Новый цикл бота. Баланс: 2.26531188695859$ | PnL: 8.23625625000001 💵 | Сделок: 490 | WinRate: 55.92%
🔄 Новый цикл бота. Баланс: 2.00446506489858$ | PnL: 7.98481142000001 💵 | Сделок: 491 | WinRate: 55.8%
🔄 Новый цикл бота. Баланс: 2.00446506489858$ | PnL: 7.98481142000001 💵 | Сделок: 491 | WinRate: 55.8%
🔄 Новый цикл бота. Баланс: 2.00446506489858$ | PnL: 7.98481142000001 💵 | Сделок: 491 | WinRate: 55.8%
🔄 Новый цикл бота. Баланс: 1.74930950327658$ | PnL: 7.73861273000001 💵 | Сделок: 492 | WinRate: 55.69%
🔄 Новый цикл бота. Баланс: 1.54574335076766$ | PnL: 7.54404441000001 💵 | Сделок: 493 | WinRate: 55.58%
🔄 Новый цикл бота. Баланс: 1.33360964969146$ | PnL: 7.34102613000001 💵 | Сделок: 494 | WinRate: 55.47%
🔄 Новый цикл бота. Баланс: 1.33360964969146$ | PnL: 7.34102613000001 💵 | Сделок: 494 | WinRate: 55.47%
🔄 Новый цикл бота. Баланс: 1.33360964969146$ | PnL: 7.34102613000001 💵 | Сделок: 494 | WinRate: 55.47%
🔄 Новый цикл бота. Баланс: 1.33360964969146$ | PnL: 7.34102613000001 💵 | Сделок: 494 | WinRate: 55.47%
🔄 Новый цикл бота. Баланс: 1.33360964969146$ | PnL: 7.34102613000001 💵 | Сделок: 494 | WinRate: 55.47%
🔄 Новый цикл бота. Баланс: 1.33360964969146$ | PnL: 7.34102613000001 💵 | Сделок: 494 | WinRate: 55.47%
🔄 Новый цикл бота. Баланс: 1.33360964969146$ | PnL: 7.34102613000001 💵 | Сделок: 494 | WinRate: 55.47%
🔄 Новый цикл бота. Баланс: 0.446102139504861$ | PnL: 6.48916707000001 💵 | Сделок: 498 | WinRate: 55.02%
🔄 Новый цикл бота. Баланс: 0.246713466124161$ | PnL: 6.29864153000001 💵 | Сделок: 499 | WinRate: 54.91%
🔄 Новый цикл бота. Баланс: 0.136292766501159$ | PnL: 6.20628459000001 💵 | Сделок: 501 | WinRate: 54.89%
🔄 Новый цикл бота. Баланс: 9.91924697150116$ | PnL: 5.98923762000001 💵 | Сделок: 502 | WinRate: 54.78%
🔄 Новый цикл бота. Баланс: 9.70866197499316$ | PnL: 5.78759274000001 💵 | Сделок: 503 | WinRate: 54.67%
🔄 Новый цикл бота. Баланс: 9.53505109720296$ | PnL: 5.62298282000001 💵 | Сделок: 504 | WinRate: 54.56%
🔄 Новый цикл бота. Баланс: 9.53505109720296$ | PnL: 5.62298282000001 💵 | Сделок: 504 | WinRate: 54.56%
🔄 Новый цикл бота. Баланс: 9.69921320089676$ | PnL: 5.79612504000001 💵 | Сделок: 505 | WinRate: 54.65%
🔄 Новый цикл бота. Баланс: 9.69921320089676$ | PnL: 5.79612504000001 💵 | Сделок: 505 | WinRate: 54.65%
🔄 Новый цикл бота. Баланс: 9.54265031592676$ | PnL: 5.64852814000001 💵 | Сделок: 506 | WinRate: 54.55%
🔄 Новый цикл бота. Баланс: 9.54265031592676$ | PnL: 5.64852814000001 💵 | Сделок: 506 | WinRate: 54.55%
🔄 Новый цикл бота. Баланс: 9.54265031592676$ | PnL: 5.64852814000001 💵 | Сделок: 506 | WinRate: 54.55%
🔄 Новый цикл бота. Баланс: 9.54265031592676$ | PnL: 5.64852814000001 💵 | Сделок: 506 | WinRate: 54.55%
🔄 Новый цикл бота. Баланс: 9.24760919309876$ | PnL: 5.36248912000001 💵 | Сделок: 507 | WinRate: 54.44%
🔄 Новый цикл бота. Баланс: 9.24760919309876$ | PnL: 5.36248912000001 💵 | Сделок: 507 | WinRate: 54.44%
🔄 Новый цикл бота. Баланс: 9.24760919309876$ | PnL: 5.36248912000001 💵 | Сделок: 507 | WinRate: 54.44%
🔄 Новый цикл бота. Баланс: 9.24760919309876$ | PnL: 5.36248912000001 💵 | Сделок: 507 | WinRate: 54.44%
🔄 Новый цикл бота. Баланс: 9.24760919309876$ | PnL: 5.36248912000001 💵 | Сделок: 507 | WinRate: 54.44%
🔄 Новый цикл бота. Баланс: 9.24760919309876$ | PnL: 5.36248912000001 💵 | Сделок: 507 | WinRate: 54.44%
🔄 Новый цикл бота. Баланс: 9.24760919309876$ | PnL: 5.36248912000001 💵 | Сделок: 507 | WinRate: 54.44%
🔄 Новый цикл бота. Баланс: 8.99780088249016$ | PnL: 5.12168003000001 💵 | Сделок: 508 | WinRate: 54.33%
🔄 Новый цикл бота. Баланс: 8.99780088249016$ | PnL: 5.12168003000001 💵 | Сделок: 508 | WinRate: 54.33%
🔄 Новый цикл бота. Баланс: 8.99780088249016$ | PnL: 5.12168003000001 💵 | Сделок: 508 | WinRate: 54.33%
🔄 Новый цикл бота. Баланс: 9.12650483963716$ | PnL: 5.16071716000001 💵 | Сделок: 509 | WinRate: 54.42%
🔄 Новый цикл бота. Баланс: 9.12650483963716$ | PnL: 5.16071716000001 💵 | Сделок: 509 | WinRate: 54.42%
🔄 Новый цикл бота. Баланс: 9.12650483963716$ | PnL: 5.16071716000001 💵 | Сделок: 509 | WinRate: 54.42%
🔄 Новый цикл бота. Баланс: 9.12650483963716$ | PnL: 5.16071716000001 💵 | Сделок: 509 | WinRate: 54.42%
🔄 Новый цикл бота. Баланс: 8.35066699070816$ | PnL: 4.40265376000001 💵 | Сделок: 511 | WinRate: 54.21%
🔄 Новый цикл бота. Баланс: 8.07050623155416$ | PnL: 4.13149036000001 💵 | Сделок: 512 | WinRate: 54.1%
🔄 Новый цикл бота. Баланс: 8.07050623155416$ | PnL: 4.13149036000001 💵 | Сделок: 512 | WinRate: 54.1%
🔄 Новый цикл бота. Баланс: 8.07050623155416$ | PnL: 4.13149036000001 💵 | Сделок: 512 | WinRate: 54.1%
🔄 Новый цикл бота. Баланс: 7.64641674666415$ | PnL: 3.73520622000001 💵 | Сделок: 514 | WinRate: 53.89%
🔄 Новый цикл бота. Баланс: 7.64641674666415$ | PnL: 3.73520622000001 💵 | Сделок: 514 | WinRate: 53.89%
🔄 Новый цикл бота. Баланс: 7.64641674666415$ | PnL: 3.73520622000001 💵 | Сделок: 514 | WinRate: 53.89%
🔄 Новый цикл бота. Баланс: 7.64641674666415$ | PnL: 3.73520622000001 💵 | Сделок: 514 | WinRate: 53.89%
🔄 Новый цикл бота. Баланс: 7.64641674666415$ | PnL: 3.73520622000001 💵 | Сделок: 514 | WinRate: 53.89%
🔄 Новый цикл бота. Баланс: 26.6329769320907$ | PnL: 2.55776129000001 💵 | Сделок: 520 | WinRate: 53.27%
🔄 Новый цикл бота. Баланс: 109.564363539286$ | PnL: -2.29588217999999 💵 | Сделок: 543 | WinRate: 51.01%
🔄 Новый цикл бота. Баланс: 245.711591025105$ | PnL: -5.95307486999999 💵 | Сделок: 559 | WinRate: 49.55%
🔄 Новый цикл бота. Баланс: 245.832031777307$ | PnL: -5.82931411999999 💵 | Сделок: 560 | WinRate: 49.64%
🔄 Новый цикл бота. Баланс: 185.952745251544$ | PnL: -5.64480754 💵 | Сделок: 561 | WinRate: 49.73%
🔄 Новый цикл бота. Баланс: 175.943744976296$ | PnL: -5.64480754 💵 | Сделок: 561 | WinRate: 49.73%
🔄 Новый цикл бота. Баланс: 155.925746229423$ | PnL: -5.64480754 💵 | Сделок: 561 | WinRate: 49.73%
🔄 Новый цикл бота. Баланс: 135.907724752111$ | PnL: -5.64480754 💵 | Сделок: 561 | WinRate: 49.73%
🔄 Новый цикл бота. Баланс: 125.898595235651$ | PnL: -5.64480754 💵 | Сделок: 561 | WinRate: 49.73%
🔄 Новый цикл бота. Баланс: 145.401906325651$ | PnL: -6.14152731 💵 | Сделок: 563 | WinRate: 49.56%
🔄 Новый цикл бота. Баланс: 174.703809320651$ | PnL: -6.83955759 💵 | Сделок: 566 | WinRate: 49.29%
🔄 Новый цикл бота. Баланс: 184.827108460651$ | PnL: -6.66663845 💵 | Сделок: 567 | WinRate: 49.38%
🔄 Новый цикл бота. Баланс: 194.426805542651$ | PnL: -6.99843129 💵 | Сделок: 569 | WinRate: 49.21%
🔄 Новый цикл бота. Баланс: 194.426805542651$ | PnL: -6.99843129 💵 | Сделок: 569 | WinRate: 49.21%
🔄 Новый цикл бота. Баланс: 194.069166541135$ | PnL: -7.34563988 💵 | Сделок: 572 | WinRate: 49.13%
🔄 Новый цикл бота. Баланс: 203.647465431429$ | PnL: -7.72694102 💵 | Сделок: 575 | WinRate: 49.04%
🔄 Новый цикл бота. Баланс: 341.039101341779$ | PnL: -11.20367877 💵 | Сделок: 592 | WinRate: 47.8%
🔄 Новый цикл бота. Баланс: 350.704965855779$ | PnL: -11.43008006 💵 | Сделок: 594 | WinRate: 47.81%
🔄 Новый цикл бота. Баланс: 408.128108417933$ | PnL: -13.88307741 💵 | Сделок: 604 | WinRate: 47.19%
🔄 Новый цикл бота. Баланс: 436.013929370739$ | PnL: -14.94544561 💵 | Сделок: 609 | WinRate: 46.8%
🔄 Новый цикл бота. Баланс: 425.479495506768$ | PnL: -15.45294648 💵 | Сделок: 611 | WinRate: 46.64%
🔄 Новый цикл бота. Баланс: 435.738432336768$ | PnL: -15.26342965 💵 | Сделок: 612 | WinRate: 46.73%
🔄 Новый цикл бота. Баланс: 365.682821600855$ | PnL: -15.26342965 💵 | Сделок: 612 | WinRate: 46.73%
🔄 Новый цикл бота. Баланс: 335.651485814155$ | PnL: -15.26342965 💵 | Сделок: 612 | WinRate: 46.73%
🔄 Новый цикл бота. Баланс: 305.624180809898$ | PnL: -15.26342965 💵 | Сделок: 612 | WinRate: 46.73%
🔄 Новый цикл бота. Баланс: 295.732052887398$ | PnL: -15.10179264 💵 | Сделок: 613 | WinRate: 46.82%
🔄 Новый цикл бота. Баланс: 275.714018698656$ | PnL: -15.10179264 💵 | Сделок: 613 | WinRate: 46.82%
🔄 Новый цикл бота. Баланс: 265.476085201116$ | PnL: -15.32121782 💵 | Сделок: 614 | WinRate: 46.74%
🔄 Новый цикл бота. Баланс: 255.493462504395$ | PnL: -15.27683968 💵 | Сделок: 616 | WinRate: 46.75%
🔄 Новый цикл бота. Баланс: 245.657681154629$ | PnL: -15.09462805 💵 | Сделок: 617 | WinRate: 46.84%
🔄 Новый цикл бота. Баланс: 215.631464384902$ | PnL: -15.09462805 💵 | Сделок: 617 | WinRate: 46.84%
🔄 Новый цикл бота. Баланс: 205.797715488786$ | PnL: -14.9102279 💵 | Сделок: 618 | WinRate: 46.93%
🔄 Новый цикл бота. Баланс: 185.771983436196$ | PnL: -14.9102279 💵 | Сделок: 618 | WinRate: 46.93%
🔄 Новый цикл бота. Баланс: 105.091234982299$ | PnL: -15.51693523 💵 | Сделок: 620 | WinRate: 46.77%
🔄 Новый цикл бота. Баланс: 115.247101332299$ | PnL: -15.36108317 💵 | Сделок: 621 | WinRate: 46.86%
🔄 Новый цикл бота. Баланс: 95.2285583640673$ | PnL: -15.36108317 💵 | Сделок: 621 | WinRate: 46.86%
🔄 Новый цикл бота. Баланс: 95.2285583640673$ | PnL: -15.36108317 💵 | Сделок: 621 | WinRate: 46.86%
🔄 Новый цикл бота. Баланс: 125.163867329886$ | PnL: -15.41676952 💵 | Сделок: 625 | WinRate: 46.88%
🔄 Новый цикл бота. Баланс: 104.69455670061$ | PnL: -15.85922014 💵 | Сделок: 626 | WinRate: 46.81%
🔄 Новый цикл бота. Баланс: 104.69455670061$ | PnL: -15.85922014 💵 | Сделок: 626 | WinRate: 46.81%
🔄 Новый цикл бота. Баланс: 104.69455670061$ | PnL: -15.85922014 💵 | Сделок: 626 | WinRate: 46.81%
🔄 Новый цикл бота. Баланс: 114.40069409461$ | PnL: -16.15308156 💵 | Сделок: 627 | WinRate: 46.73%
🔄 Новый цикл бота. Баланс: 114.40069409461$ | PnL: -16.15308156 💵 | Сделок: 627 | WinRate: 46.73%
🔄 Новый цикл бота. Баланс: 114.40069409461$ | PnL: -16.15308156 💵 | Сделок: 627 | WinRate: 46.73%
🔄 Новый цикл бота. Баланс: 134.38258646461$ | PnL: -16.17119491 💵 | Сделок: 629 | WinRate: 46.74%
🔄 Новый цикл бота. Баланс: 124.37359647361$ | PnL: -16.17119491 💵 | Сделок: 629 | WinRate: 46.74%
🔄 Новый цикл бота. Баланс: 124.37359647361$ | PnL: -16.17119491 💵 | Сделок: 629 | WinRate: 46.74%
🔄 Новый цикл бота. Баланс: 124.165775687058$ | PnL: -16.37001561 💵 | Сделок: 630 | WinRate: 46.67%
🔄 Новый цикл бота. Баланс: 114.156745499914$ | PnL: -16.37001561 💵 | Сделок: 630 | WinRate: 46.67%
🔄 Новый цикл бота. Баланс: 134.079795790914$ | PnL: -16.4469729 💵 | Сделок: 632 | WinRate: 46.68%
🔄 Новый цикл бота. Баланс: 124.070802196674$ | PnL: -16.4469729 💵 | Сделок: 632 | WinRate: 46.68%
🔄 Новый цикл бота. Баланс: 124.360500381713$ | PnL: -16.14828648 💵 | Сделок: 633 | WinRate: 46.76%
🔄 Новый цикл бота. Баланс: 114.351503747739$ | PnL: -16.14828648 💵 | Сделок: 633 | WinRate: 46.76%
🔄 Новый цикл бота. Баланс: 114.351503747739$ | PnL: -16.14828648 💵 | Сделок: 633 | WinRate: 46.76%
🔄 Новый цикл бота. Баланс: 114.139984899707$ | PnL: -16.19974079 💵 | Сделок: 634 | WinRate: 46.69%
🔄 Новый цикл бота. Баланс: 114.139984899707$ | PnL: -16.19974079 💵 | Сделок: 634 | WinRate: 46.69%
🔄 Новый цикл бота. Баланс: 104.763022877662$ | PnL: -15.55866694 💵 | Сделок: 635 | WinRate: 46.77%
🔄 Новый цикл бота. Баланс: 84.7450219027855$ | PnL: -15.55866694 💵 | Сделок: 635 | WinRate: 46.77%
🔄 Новый цикл бота. Баланс: 84.7450219027855$ | PnL: -15.55866694 💵 | Сделок: 635 | WinRate: 46.77%
🔄 Новый цикл бота. Баланс: 94.8738891527855$ | PnL: -15.43243569 💵 | Сделок: 636 | WinRate: 46.86%
🔄 Новый цикл бота. Баланс: 105.100175849586$ | PnL: -15.20614908 💵 | Сделок: 637 | WinRate: 46.94%
🔄 Новый цикл бота. Баланс: 95.7065611462834$ | PnL: -14.57286239 💵 | Сделок: 639 | WinRate: 47.1%
🔄 Новый цикл бота. Баланс: 85.4494189637606$ | PnL: -14.81200167 💵 | Сделок: 640 | WinRate: 47.03%
