  "tp_ATR": 2,
  "sl_ATR": 2,
  "min_RSI": 48,
  "max_RSI": 52,
  "max_balance": 5000,
  "candle_limit": 120,
  "position_size_usd": 10,
  "rerun_interval_s": 1,
  "candle_period": "1m",
  "evaluate_candle_period": "1m",
  "higher_tf": "5m",
  "trend_candles": 48,
  "atrPeriod": 48,
  "trendsize": 2,
  "candleRiskLookback": 2,
  "candleRiskMultiplier": 3,
  "hedge_multiplier": 3

🔄 2025-09-04 20:08:34 Баланс: 5000$ | PnL: 0 💵 | Сделок: 0 | WinRate: 0%
🔄 2025-09-04 20:15:33 Баланс: 4339.46017469165$ | PnL: 0 💵 | Сделок: 0 | WinRate: 0%
🔄 2025-09-04 20:23:20 Баланс: 4029.68030673245$ | PnL: 0.48913301 💵 | Сделок: 10 | WinRate: 100%
🔄 2025-09-04 20:31:17 Баланс: 3379.1909620335$ | PnL: 1.06861609 💵 | Сделок: 41 | WinRate: 95.12%
🔄 2025-09-04 20:42:15 Баланс: 2776.87209881995$ | PnL: 0.64274017 💵 | Сделок: 106 | WinRate: 90.57%
🔄 2025-09-04 20:52:12 Баланс: 2963.82189372812$ | PnL: -0.4783082 💵 | Сделок: 156 | WinRate: 80.13%
🔄 2025-09-04 21:02:18 Баланс: 3052.56590294006$ | PnL: -1.52820944 💵 | Сделок: 198 | WinRate: 70.71%
🔄 2025-09-04 21:12:39 Баланс: 2628.45529565188$ | PnL: -4.9136887 💵 | Сделок: 271 | WinRate: 59.04%
🔄 2025-09-04 21:23:20 Баланс: 2386.5169542077$ | PnL: -5.96732235 💵 | Сделок: 341 | WinRate: 60.7%
🔄 2025-09-04 21:34:21 Баланс: 2264.37010248074$ | PnL: -6.98415968 💵 | Сделок: 433 | WinRate: 64.67%
🔄 2025-09-04 21:45:11 Баланс: 2294.02330304893$ | PnL: -7.86831723 💵 | Сделок: 483 | WinRate: 64.8%
🔄 2025-09-04 21:56:18 Баланс: 2150.69110226899$ | PnL: -10.5559032 💵 | Сделок: 540 | WinRate: 61.85%
🔄 2025-09-04 22:07:13 Баланс: 2038.87326170426$ | PnL: -10.99035079 💵 | Сделок: 565 | WinRate: 62.48%
🔄 2025-09-04 22:18:36 Баланс: 2038.35271217888$ | PnL: -11.19320181 💵 | Сделок: 594 | WinRate: 63.3%
🔄 2025-09-04 22:29:31 Баланс: 1775.08685953835$ | PnL: -13.30307037 💵 | Сделок: 676 | WinRate: 62.57%
🔄 2025-09-04 22:40:21 Баланс: 2538.06083868317$ | PnL: -18.81547099 💵 | Сделок: 922 | WinRate: 62.47%
🔄 2025-09-04 22:49:59 Баланс: 2276.96393758006$ | PnL: -19.19340977 💵 | Сделок: 945 | WinRate: 62.75%
🔄 2025-09-04 23:00:45 Баланс: 2156.77622236021$ | PnL: -19.22843239 💵 | Сделок: 971 | WinRate: 63.54%
🔄 2025-09-04 23:10:40 Баланс: 2295.59387453032$ | PnL: -20.45616312 💵 | Сделок: 1013 | WinRate: 64.46%
🔄 2025-09-04 23:20:43 Баланс: 1974.33893425618$ | PnL: -21.29996594 💵 | Сделок: 1033 | WinRate: 64.09%
🔄 2025-09-04 23:31:49 Баланс: 1964.29217238903$ | PnL: -21.1469116 💵 | Сделок: 1054 | WinRate: 64.42%
🔄 2025-09-04 23:42:46 Баланс: 1893.0942432704$ | PnL: -20.76005998 💵 | Сделок: 1100 | WinRate: 65.45%
🔄 2025-09-04 23:53:28 Баланс: 1942.51352956887$ | PnL: -20.41297196 💵 | Сделок: 1169 | WinRate: 66.98%
🔄 2025-09-05 00:04:00 Баланс: 2110.85419269667$ | PnL: -19.91982932 💵 | Сделок: 1209 | WinRate: 67.91%
🔄 2025-09-05 00:13:47 Баланс: 1639.10778767474$ | PnL: -22.0570085 💵 | Сделок: 1264 | WinRate: 66.77%
🔄 2025-09-05 00:24:21 Баланс: 1558.25167226101$ | PnL: -24.57405413 💵 | Сделок: 1313 | WinRate: 65.58%
🔄 2025-09-05 00:35:36 Баланс: 1323.93074295116$ | PnL: -27.53030221 💵 | Сделок: 1427 | WinRate: 65.59%
🔄 2025-09-05 00:46:45 Баланс: 1851.91748577626$ | PnL: -28.87606978 💵 | Сделок: 1545 | WinRate: 66.34%
🔄 2025-09-05 00:57:33 Баланс: 1721.5553695999$ | PnL: -28.93245852 💵 | Сделок: 1565 | WinRate: 66.65%
🔄 2025-09-05 01:08:30 Баланс: 1391.00933767952$ | PnL: -28.87274718 💵 | Сделок: 1598 | WinRate: 67.15%
🔄 2025-09-05 01:18:55 Баланс: 1390.44182061185$ | PnL: -28.8809221100001 💵 | Сделок: 1654 | WinRate: 67.71%
🔄 2025-09-05 01:29:44 Баланс: 1380.06874362577$ | PnL: -28.8921411500001 💵 | Сделок: 1691 | WinRate: 68.24%
🔄 2025-09-05 01:40:10 Баланс: 1279.80448144899$ | PnL: -28.5473576300001 💵 | Сделок: 1746 | WinRate: 68.96%
🔄 2025-09-05 01:50:21 Баланс: 1328.46779572974$ | PnL: -28.8900891600001 💵 | Сделок: 1857 | WinRate: 70.11%
🔄 2025-09-05 02:01:19 Баланс: 1437.53769093331$ | PnL: -28.8832689600001 💵 | Сделок: 1966 | WinRate: 71.21%
🔄 2025-09-05 02:10:39 Баланс: 1406.37802417249$ | PnL: -28.7395414700002 💵 | Сделок: 2110 | WinRate: 72.65%
🔄 2025-09-05 02:20:19 Баланс: 1496.62460759521$ | PnL: -28.0973640800002 💵 | Сделок: 2163 | WinRate: 73.32%
🔄 2025-09-05 02:29:30 Баланс: 1456.12206373735$ | PnL: -28.2226447400002 💵 | Сделок: 2199 | WinRate: 73.49%
🔄 2025-09-05 02:38:46 Баланс: 1504.64298212485$ | PnL: -28.5175252300002 💵 | Сделок: 2306 | WinRate: 74.46%
🔄 2025-09-05 02:48:09 Баланс: 1675.46882888845$ | PnL: -28.4695201500002 💵 | Сделок: 2356 | WinRate: 74.79%
🔄 2025-09-05 02:57:17 Баланс: 1475.08156620117$ | PnL: -28.6376211800002 💵 | Сделок: 2371 | WinRate: 74.78%
🔄 2025-09-05 03:06:31 Баланс: 1280.52711351002$ | PnL: -29.8825316400002 💵 | Сделок: 2572 | WinRate: 75.39%
🔄 2025-09-05 03:15:52 Баланс: 1320.56039776053$ | PnL: -29.3580958300002 💵 | Сделок: 2621 | WinRate: 75.77%
🔄 2025-09-05 03:25:10 Баланс: 1289.65782698211$ | PnL: -30.1219870700002 💵 | Сделок: 2636 | WinRate: 75.57%
🔄 2025-09-05 03:34:31 Баланс: 1239.12027886603$ | PnL: -30.5887195200002 💵 | Сделок: 2659 | WinRate: 75.33%
🔄 2025-09-05 03:43:51 Баланс: 1122.26381270907$ | PnL: -35.5371596800002 💵 | Сделок: 2731 | WinRate: 73.78%
🔄 2025-09-05 03:53:20 Баланс: 634.62950524534$ | PnL: -39.7846301200002 💵 | Сделок: 2836 | WinRate: 72.85%
🔄 2025-09-05 04:03:38 Баланс: 1039.04592017952$ | PnL: -44.1715774400002 💵 | Сделок: 3011 | WinRate: 72.47%
🔄 2025-09-05 04:13:04 Баланс: 1328.68139754802$ | PnL: -45.0373753200002 💵 | Сделок: 3095 | WinRate: 72.76%
🔄 2025-09-05 04:21:59 Баланс: 1104.20096058769$ | PnL: -49.8863112700002 💵 | Сделок: 3179 | WinRate: 71.72%
🔄 2025-09-05 04:31:03 Баланс: 763.166607888065$ | PnL: -50.3554106300002 💵 | Сделок: 3213 | WinRate: 71.71%
🔄 2025-09-05 04:40:32 Баланс: 501.669102058608$ | PnL: -50.3504409600002 💵 | Сделок: 3240 | WinRate: 71.76%
🔄 2025-09-05 04:50:18 Баланс: 460.13657062649$ | PnL: -50.5990154500002 💵 | Сделок: 3268 | WinRate: 71.82%
🔄 2025-09-05 04:59:45 Баланс: 419.540934050761$ | PnL: -50.6568800200002 💵 | Сделок: 3309 | WinRate: 71.89%
🔄 2025-09-05 05:09:13 Баланс: 100.121398757446$ | PnL: -50.5949370200002 💵 | Сделок: 3346 | WinRate: 72.06%
🔄 2025-09-05 05:19:10 Баланс: 20.1008887917318$ | PnL: -50.5022039800002 💵 | Сделок: 3370 | WinRate: 72.17%
🔄 2025-09-05 05:29:07 Баланс: 49.140180319189$ | PnL: -51.3060356900002 💵 | Сделок: 3402 | WinRate: 72.02%
🔄 2025-09-05 05:38:56 Баланс: 15.8082397642379$ | PnL: -52.8612288700002 💵 | Сделок: 3451 | WinRate: 71.66%
🔄 2025-09-05 05:50:04 Баланс: 62.4697003290645$ | PnL: -56.2498186200002 💵 | Сделок: 3570 | WinRate: 71.18%
🔄 2025-09-05 05:59:38 Баланс: 21.0095687496003$ | PnL: -56.9769595000002 💵 | Сделок: 3651 | WinRate: 71.32%
🔄 2025-09-05 06:09:13 Баланс: 9.65655921903521$ | PnL: -57.4880766700002 💵 | Сделок: 3735 | WinRate: 71.65%
🔄 2025-09-05 06:18:55 Баланс: 228.047167318394$ | PnL: -58.2214193500002 💵 | Сделок: 3851 | WinRate: 72.06%
🔄 2025-09-05 06:27:55 Баланс: 196.365472819836$ | PnL: -59.5069334700002 💵 | Сделок: 3900 | WinRate: 71.79%
🔄 2025-09-05 06:36:42 Баланс: 35.5815970096648$ | PnL: -59.9160838900002 💵 | Сделок: 3928 | WinRate: 71.77%
🔄 2025-09-05 06:45:50 Баланс: 174.776076395766$ | PnL: -60.3156009500002 💵 | Сделок: 3987 | WinRate: 71.76%
🔄 2025-09-05 06:54:42 Баланс: 94.6508145446543$ | PnL: -60.1170273300002 💵 | Сделок: 4012 | WinRate: 71.83%
🔄 2025-09-05 07:03:37 Баланс: 34.1999213727545$ | PnL: -60.0063726100002 💵 | Сделок: 4067 | WinRate: 72.04%
🔄 2025-09-05 07:12:31 Баланс: 13.759060353922$ | PnL: -60.0733797700002 💵 | Сделок: 4108 | WinRate: 72.2%
🔄 2025-09-05 07:21:30 Баланс: 2.62019425316601$ | PnL: -60.8425504900002 💵 | Сделок: 4137 | WinRate: 72.11%
🔄 2025-09-05 07:30:14 Баланс: 1.55558213511694$ | PnL: -61.5392888500002 💵 | Сделок: 4178 | WinRate: 71.95%
🔄 2025-09-05 07:38:51 Баланс: 0.727457611996705$ | PnL: -62.1320309400002 💵 | Сделок: 4201 | WinRate: 71.86%
🔄 2025-09-05 07:47:46 Баланс: 10.6657826412431$ | PnL: -62.0271678800003 💵 | Сделок: 4222 | WinRate: 71.91%
🔄 2025-09-05 07:56:32 Баланс: 9.3796705922242$ | PnL: -63.0231434200003 💵 | Сделок: 4277 | WinRate: 71.85%
🔄 2025-09-05 08:04:53 Баланс: 8.05611797805738$ | PnL: -64.0206838300003 💵 | Сделок: 4321 | WinRate: 71.84%
🔄 2025-09-05 08:13:25 Баланс: 7.99142180007237$ | PnL: -63.9066212400003 💵 | Сделок: 4341 | WinRate: 71.92%
🔄 2025-09-05 08:21:48 Баланс: 7.62342795094332$ | PnL: -64.1842839800003 💵 | Сделок: 4351 | WinRate: 71.87%
🔄 2025-09-05 08:30:09 Баланс: 17.3951416494228$ | PnL: -64.2169911500003 💵 | Сделок: 4365 | WinRate: 71.94%
🔄 2025-09-05 08:38:34 Баланс: 7.60998747133651$ | PnL: -63.9836160200002 💵 | Сделок: 4373 | WinRate: 71.99%
🔄 2025-09-05 08:47:06 Баланс: 26.6217591344493$ | PnL: -64.6833162200003 💵 | Сделок: 4407 | WinRate: 72.02%
🔄 2025-09-05 08:55:25 Баланс: 5.89180874258705$ | PnL: -65.1362399400003 💵 | Сделок: 4436 | WinRate: 71.98%
🔄 2025-09-05 09:03:51 Баланс: 15.2405417122195$ | PnL: -65.2591213200003 💵 | Сделок: 4492 | WinRate: 72.02%
🔄 2025-09-05 09:12:10 Баланс: 4.47800725216138$ | PnL: -65.6827233600003 💵 | Сделок: 4531 | WinRate: 72.08%
🔄 2025-09-05 09:20:29 Баланс: 43.0726469080517$ | PnL: -66.3932798400003 💵 | Сделок: 4595 | WinRate: 72.27%
🔄 2025-09-05 09:28:49 Баланс: 81.872026812349$ | PnL: -66.9285014700003 💵 | Сделок: 4654 | WinRate: 72.43%
🔄 2025-09-05 09:37:09 Баланс: 1.63672510819501$ | PnL: -66.8558178500003 💵 | Сделок: 4686 | WinRate: 72.56%
🔄 2025-09-05 09:45:29 Баланс: 0.848513778687805$ | PnL: -67.2876598200004 💵 | Сделок: 4718 | WinRate: 72.68%
🔄 2025-09-05 09:53:45 Баланс: 20.4164236259851$ | PnL: -67.3749417100003 💵 | Сделок: 4754 | WinRate: 72.8%
🔄 2025-09-05 10:02:00 Баланс: 0.229632074208606$ | PnL: -67.1861366200004 💵 | Сделок: 4797 | WinRate: 72.96%
🔄 2025-09-05 10:10:23 Баланс: 10.0662037386149$ | PnL: -66.9609574900003 💵 | Сделок: 4847 | WinRate: 73.16%
🔄 2025-09-05 10:18:34 Баланс: 9.52380860551597$ | PnL: -67.2878502800003 💵 | Сделок: 4869 | WinRate: 73.05%
🔄 2025-09-05 10:26:49 Баланс: 17.4482650156825$ | PnL: -68.9084981600003 💵 | Сделок: 4925 | WinRate: 72.69%
🔄 2025-09-05 10:35:01 Баланс: 6.37944273317436$ | PnL: -69.7040648500003 💵 | Сделок: 4967 | WinRate: 72.44%
🔄 2025-09-05 10:43:05 Баланс: 6.2415779587476$ | PnL: -69.7342327500003 💵 | Сделок: 4979 | WinRate: 72.46%
🔄 2025-09-05 10:51:21 Баланс: 15.5683375445494$ | PnL: -70.1253607900003 💵 | Сделок: 5010 | WinRate: 72.36%
