  "tp_ATR": 2,
  "sl_ATR": 2,
  "min_RSI": 48,
  "max_RSI": 52,
  "max_balance": 5000,
  "candle_limit": 120,
  "position_size_usd": 10,
  "rerun_interval_s": 1,
  "candle_period": "5m",
  "evaluate_candle_period": "1m",
  "higher_tf": "1H",
  "trend_candles": 48,
  "atrPeriod": 48,
  "trendsize": 2,
  "candleRiskLookback": 2,
  "candleRiskMultiplier": 3,
  "hedge_multiplier": 3

🔄 2025-09-04 20:10:11 Баланс: 5000$ | PnL: 0 💵 | Сделок: 0 | WinRate: 0%
🔄 2025-09-04 20:16:46 Баланс: 2835.79580223377$ | PnL: 0 💵 | Сделок: 0 | WinRate: 0%
🔄 2025-09-04 20:27:20 Баланс: 2705.81584500552$ | PnL: 0.17458784 💵 | Сделок: 4 | WinRate: 100%
🔄 2025-09-04 20:40:08 Баланс: 2636.09146731211$ | PnL: 1.12772954 💵 | Сделок: 26 | WinRate: 100%
🔄 2025-09-04 20:51:27 Баланс: 2636.89128313903$ | PnL: 2.07667164 💵 | Сделок: 49 | WinRate: 97.96%
🔄 2025-09-04 21:02:36 Баланс: 2556.8808746991$ | PnL: 2.17635937 💵 | Сделок: 50 | WinRate: 98%
🔄 2025-09-04 21:13:58 Баланс: 2547.01914692617$ | PnL: 2.35177607 💵 | Сделок: 53 | WinRate: 98.11%
🔄 2025-09-04 21:24:46 Баланс: 2556.4143633663$ | PnL: 1.76442032 💵 | Сделок: 56 | WinRate: 94.64%
🔄 2025-09-04 21:35:08 Баланс: 2546.42220058104$ | PnL: 1.79129922 💵 | Сделок: 57 | WinRate: 94.74%
🔄 2025-09-04 21:45:28 Баланс: 2526.24385459696$ | PnL: 1.67594856 💵 | Сделок: 62 | WinRate: 93.55%
🔄 2025-09-04 21:56:11 Баланс: 2526.47725512633$ | PnL: 2.0270781 💵 | Сделок: 75 | WinRate: 93.33%
🔄 2025-09-04 22:07:34 Баланс: 2496.55756271817$ | PnL: 2.07267644 💵 | Сделок: 76 | WinRate: 93.42%
🔄 2025-09-04 22:18:02 Баланс: 2496.15399209485$ | PnL: 1.69624449 💵 | Сделок: 79 | WinRate: 91.14%
🔄 2025-09-04 22:28:27 Баланс: 2466.8573355191$ | PnL: 2.560771 💵 | Сделок: 99 | WinRate: 92.93%
🔄 2025-09-04 22:38:56 Баланс: 2462.33556462793$ | PnL: 9.36807186 💵 | Сделок: 247 | WinRate: 96.76%
🔄 2025-09-04 22:49:23 Баланс: 2483.12547179221$ | PnL: 10.31090921 💵 | Сделок: 271 | WinRate: 97.05%
🔄 2025-09-04 23:00:05 Баланс: 2473.25964992495$ | PnL: 10.47198586 💵 | Сделок: 273 | WinRate: 97.07%
🔄 2025-09-04 23:10:07 Баланс: 2453.26779677661$ | PnL: 10.50709103 💵 | Сделок: 274 | WinRate: 97.08%
🔄 2025-09-04 23:20:39 Баланс: 2443.07180847327$ | PnL: 10.34711442 💵 | Сделок: 277 | WinRate: 96.39%
🔄 2025-09-04 23:30:55 Баланс: 2443.11753271927$ | PnL: 10.40164929 💵 | Сделок: 278 | WinRate: 96.4%
🔄 2025-09-04 23:41:45 Баланс: 2443.38983191763$ | PnL: 10.7211764 💵 | Сделок: 285 | WinRate: 96.49%
🔄 2025-09-04 23:52:33 Баланс: 2434.17424563709$ | PnL: 11.76546204 💵 | Сделок: 309 | WinRate: 96.76%
🔄 2025-09-05 00:03:18 Баланс: 2444.4032575691$ | PnL: 12.06671446 💵 | Сделок: 318 | WinRate: 96.54%
🔄 2025-09-05 00:13:47 Баланс: 2444.22837668795$ | PnL: 11.97027944 💵 | Сделок: 323 | WinRate: 95.98%
🔄 2025-09-05 00:24:05 Баланс: 2413.3057603739$ | PnL: 12.11458977 💵 | Сделок: 324 | WinRate: 95.99%
🔄 2025-09-05 00:34:31 Баланс: 2321.04246030534$ | PnL: 12.02960259 💵 | Сделок: 328 | WinRate: 95.43%
🔄 2025-09-05 00:45:47 Баланс: 2330.55336917992$ | PnL: 11.61700776 💵 | Сделок: 338 | WinRate: 93.49%
🔄 2025-09-05 00:56:18 Баланс: 2320.36600553333$ | PnL: 11.46910301 💵 | Сделок: 341 | WinRate: 92.96%
🔄 2025-09-05 01:06:47 Баланс: 2310.40694347618$ | PnL: 11.54643009 💵 | Сделок: 344 | WinRate: 92.73%
🔄 2025-09-05 01:17:37 Баланс: 2329.16829274175$ | PnL: 10.36150747 💵 | Сделок: 352 | WinRate: 90.91%
🔄 2025-09-05 01:28:16 Баланс: 2279.03305699543$ | PnL: 10.27507128 💵 | Сделок: 354 | WinRate: 90.68%
🔄 2025-09-05 01:38:35 Баланс: 2228.33278938661$ | PnL: 9.67292389 💵 | Сделок: 360 | WinRate: 89.44%
🔄 2025-09-05 01:48:55 Баланс: 2136.53829076547$ | PnL: 8.22008471999999 💵 | Сделок: 371 | WinRate: 87.33%
🔄 2025-09-05 01:59:23 Баланс: 1975.60281986489$ | PnL: 7.26281968999999 💵 | Сделок: 381 | WinRate: 85.83%
🔄 2025-09-05 02:09:45 Баланс: 1923.27233719336$ | PnL: 5.19463807 💵 | Сделок: 405 | WinRate: 82.22%
🔄 2025-09-05 02:19:56 Баланс: 1922.11194212104$ | PnL: 4.13924096 💵 | Сделок: 416 | WinRate: 80.77%
🔄 2025-09-05 02:30:00 Баланс: 1880.95248080947$ | PnL: 3.08791177 💵 | Сделок: 424 | WinRate: 79.72%
🔄 2025-09-05 02:40:09 Баланс: 1588.83534452417$ | PnL: 1.35663781 💵 | Сделок: 438 | WinRate: 78.08%
🔄 2025-09-05 02:51:26 Баланс: 1629.06536976552$ | PnL: 0.766141069999997 💵 | Сделок: 446 | WinRate: 77.58%
🔄 2025-09-05 03:02:17 Баланс: 1696.3602491346$ | PnL: -2.25181487 💵 | Сделок: 503 | WinRate: 74.35%
🔄 2025-09-05 03:12:42 Баланс: 1841.81592014874$ | PnL: -7.03146155 💵 | Сделок: 588 | WinRate: 71.43%
🔄 2025-09-05 03:22:43 Баланс: 1771.8435355462$ | PnL: -7.05999857 💵 | Сделок: 592 | WinRate: 71.28%
🔄 2025-09-05 03:32:43 Баланс: 1721.56902373098$ | PnL: -7.2809227 💵 | Сделок: 593 | WinRate: 71.16%
🔄 2025-09-05 03:42:37 Баланс: 1701.20657557157$ | PnL: -7.59600485 💵 | Сделок: 595 | WinRate: 70.92%
🔄 2025-09-05 03:52:28 Баланс: 1681.18857247879$ | PnL: -7.59600485 💵 | Сделок: 595 | WinRate: 70.92%
🔄 2025-09-05 04:02:16 Баланс: 1671.06686529025$ | PnL: -7.66970714 💵 | Сделок: 597 | WinRate: 70.85%
🔄 2025-09-05 04:12:06 Баланс: 1640.33400308619$ | PnL: -8.32082579 💵 | Сделок: 603 | WinRate: 70.48%
🔄 2025-09-05 04:21:53 Баланс: 1570.59675148438$ | PnL: -8.1138798 💵 | Сделок: 618 | WinRate: 70.71%
🔄 2025-09-05 04:31:45 Баланс: 1440.69965726287$ | PnL: -8.04313913 💵 | Сделок: 625 | WinRate: 70.88%
🔄 2025-09-05 04:41:37 Баланс: 1390.33151640725$ | PnL: -8.51880995 💵 | Сделок: 628 | WinRate: 70.7%
🔄 2025-09-05 04:51:30 Баланс: 1380.83772711751$ | PnL: -8.11152033 💵 | Сделок: 632 | WinRate: 70.89%
🔄 2025-09-05 05:01:12 Баланс: 1280.40773767293$ | PnL: -8.47707951 💵 | Сделок: 641 | WinRate: 70.67%
🔄 2025-09-05 05:10:51 Баланс: 1170.57644354261$ | PnL: -8.21899681 💵 | Сделок: 648 | WinRate: 70.83%
🔄 2025-09-05 05:20:36 Баланс: 1100.40451714885$ | PnL: -8.4499723 💵 | Сделок: 652 | WinRate: 70.86%
🔄 2025-09-05 05:30:21 Баланс: 970.598547659161$ | PnL: -8.26310773 💵 | Сделок: 654 | WinRate: 70.95%
🔄 2025-09-05 05:39:30 Баланс: 880.621441311364$ | PnL: -8.12314583 💵 | Сделок: 658 | WinRate: 70.97%
🔄 2025-09-05 05:39:36 Баланс: 880.621441311364$ | PnL: -8.12314583 💵 | Сделок: 658 | WinRate: 70.97%
🔄 2025-09-05 05:39:42 Баланс: 880.621441311364$ | PnL: -8.12314583 💵 | Сделок: 658 | WinRate: 70.97%
🔄 2025-09-05 05:39:48 Баланс: 880.621441311364$ | PnL: -8.12314583 💵 | Сделок: 658 | WinRate: 70.97%
🔄 2025-09-05 05:39:54 Баланс: 880.621441311364$ | PnL: -8.12314583 💵 | Сделок: 658 | WinRate: 70.97%
🔄 2025-09-05 05:40:00 Баланс: 880.621441311364$ | PnL: -8.12314583 💵 | Сделок: 658 | WinRate: 70.97%
🔄 2025-09-05 05:40:06 Баланс: 880.621441311364$ | PnL: -8.12314583 💵 | Сделок: 658 | WinRate: 70.97%
🔄 2025-09-05 05:40:13 Баланс: 880.621441311364$ | PnL: -8.12314583 💵 | Сделок: 658 | WinRate: 70.97%
🔄 2025-09-05 05:40:19 Баланс: 880.621441311364$ | PnL: -8.12314583 💵 | Сделок: 658 | WinRate: 70.97%
🔄 2025-09-05 05:43:01 Баланс: 840.532818709208$ | PnL: -8.32440374 💵 | Сделок: 662 | WinRate: 70.85%
🔄 2025-09-05 05:52:59 Баланс: 769.939777240098$ | PnL: -8.91211973 💵 | Сделок: 680 | WinRate: 70.74%
🔄 2025-09-05 06:02:51 Баланс: 700.020688552027$ | PnL: -8.79852981 💵 | Сделок: 691 | WinRate: 70.91%
🔄 2025-09-05 06:12:55 Баланс: 621.305594730336$ | PnL: -7.59868648 💵 | Сделок: 712 | WinRate: 71.49%
🔄 2025-09-05 06:23:11 Баланс: 621.124712184568$ | PnL: -7.61817261 💵 | Сделок: 730 | WinRate: 71.51%
🔄 2025-09-05 06:33:02 Баланс: 551.500920567896$ | PnL: -7.12589649 💵 | Сделок: 736 | WinRate: 71.74%
🔄 2025-09-05 06:42:57 Баланс: 481.86778467126$ | PnL: -6.61395471 💵 | Сделок: 745 | WinRate: 72.08%
🔄 2025-09-05 06:53:01 Баланс: 442.295358240841$ | PnL: -6.11412979 💵 | Сделок: 749 | WinRate: 72.23%
🔄 2025-09-05 07:02:59 Баланс: 412.404417878118$ | PnL: -5.85207463 💵 | Сделок: 763 | WinRate: 72.48%
🔄 2025-09-05 07:13:06 Баланс: 392.50849050009$ | PnL: -5.53212106 💵 | Сделок: 785 | WinRate: 72.87%
🔄 2025-09-05 07:23:01 Баланс: 332.78713985046$ | PnL: -5.16281181 💵 | Сделок: 789 | WinRate: 73%
🔄 2025-09-05 07:32:51 Баланс: 302.033300155248$ | PnL: -5.83324713 💵 | Сделок: 794 | WinRate: 72.67%
🔄 2025-09-05 07:42:54 Баланс: 281.984219124908$ | PnL: -5.79243668 💵 | Сделок: 797 | WinRate: 72.65%
🔄 2025-09-05 07:52:54 Баланс: 242.340706406548$ | PnL: -5.3278705 💵 | Сделок: 810 | WinRate: 72.96%
🔄 2025-09-05 08:02:45 Баланс: 162.890103424548$ | PnL: -4.70407859 💵 | Сделок: 826 | WinRate: 73.24%
🔄 2025-09-05 08:12:34 Баланс: 62.9171368825866$ | PnL: -4.5393054 💵 | Сделок: 835 | WinRate: 73.41%
🔄 2025-09-05 08:22:20 Баланс: 2.98930596069034$ | PnL: -4.46625493 💵 | Сделок: 839 | WinRate: 73.42%
🔄 2025-09-05 08:32:08 Баланс: 3.32337505535653$ | PnL: -4.09576021 💵 | Сделок: 843 | WinRate: 73.55%
🔄 2025-09-05 08:41:59 Баланс: 3.58343300941785$ | PnL: -3.80002342 💵 | Сделок: 847 | WinRate: 73.67%
🔄 2025-09-05 08:51:44 Баланс: 3.65117507181291$ | PnL: -3.66182964 💵 | Сделок: 855 | WinRate: 73.8%
🔄 2025-09-05 09:01:33 Баланс: 3.77548094212104$ | PnL: -3.35769225 💵 | Сделок: 875 | WinRate: 74.06%
🔄 2025-09-05 09:11:19 Баланс: 3.46087247340827$ | PnL: -3.57351764 💵 | Сделок: 886 | WinRate: 74.15%
🔄 2025-09-05 09:21:02 Баланс: 3.5101868140582$ | PnL: -3.14832902 💵 | Сделок: 918 | WinRate: 74.51%
🔄 2025-09-05 09:30:52 Баланс: 32.7082670410258$ | PnL: -3.73427861 💵 | Сделок: 940 | WinRate: 74.26%
🔄 2025-09-05 09:40:36 Баланс: 3.16304180487106$ | PnL: -3.1769988 💵 | Сделок: 953 | WinRate: 74.61%
🔄 2025-09-05 09:50:21 Баланс: 2.93822628950498$ | PnL: -3.25328977 💵 | Сделок: 967 | WinRate: 74.66%
🔄 2025-09-05 09:59:58 Баланс: 3.42155769559331$ | PnL: -2.62168561 💵 | Сделок: 983 | WinRate: 75.08%
🔄 2025-09-05 10:09:45 Баланс: 4.0396365141552$ | PnL: -1.76916582 💵 | Сделок: 1009 | WinRate: 75.62%
🔄 2025-09-05 10:19:24 Баланс: 4.12745734341081$ | PnL: -1.6271818 💵 | Сделок: 1015 | WinRate: 75.76%
🔄 2025-09-05 10:29:06 Баланс: 2.280712777152$ | PnL: -3.42897087 💵 | Сделок: 1020 | WinRate: 75.49%
🔄 2025-09-05 10:38:48 Баланс: 2.75001300397901$ | PnL: -2.93278128 💵 | Сделок: 1023 | WinRate: 75.46%
🔄 2025-09-05 10:48:33 Баланс: 2.82281537468964$ | PnL: -2.81470806 💵 | Сделок: 1028 | WinRate: 75.49%
