  "tp_ATR": 2,
  "sl_ATR": 2,
  "min_RSI": 48,
  "max_RSI": 52,
  "max_balance": 5000,
  "candle_limit": 120,
  "position_size_usd": 10,
  "rerun_interval_s": 1,
  "candle_period": "15m",
  "evaluate_candle_period": "1m",
  "higher_tf": "1H",
  "trend_candles": 16,
  "atrPeriod": 48,
  "trendsize": 2,
  "candleRiskLookback": 2,
  "candleRiskMultiplier": 3,
  "hedge_multiplier": 3

🔄 2025-09-04 20:11:00 Баланс: 5000$ | PnL: 0 💵 | Сделок: 0 | WinRate: 0%
🔄 2025-09-04 20:17:46 Баланс: 2765.27456623981$ | PnL: 0 💵 | Сделок: 0 | WinRate: 0%
🔄 2025-09-04 20:28:07 Баланс: 2735.24756939065$ | PnL: 0 💵 | Сделок: 0 | WinRate: 0%
🔄 2025-09-04 20:40:57 Баланс: 2665.23169756827$ | PnL: 0.10417622 💵 | Сделок: 1 | WinRate: 100%
🔄 2025-09-04 20:52:10 Баланс: 2665.32298691259$ | PnL: 0.22320102 💵 | Сделок: 4 | WinRate: 50%
🔄 2025-09-04 21:03:36 Баланс: 2675.19528806259$ | PnL: 0.09543817 💵 | Сделок: 5 | WinRate: 40%
🔄 2025-09-04 21:14:28 Баланс: 2674.90958244672$ | PnL: -0.18125962 💵 | Сделок: 6 | WinRate: 33.33%
🔄 2025-09-04 21:24:38 Баланс: 2634.87310586919$ | PnL: -0.18125962 💵 | Сделок: 6 | WinRate: 33.33%
🔄 2025-09-04 21:34:27 Баланс: 2654.54123024719$ | PnL: -0.51313696 💵 | Сделок: 8 | WinRate: 25%
🔄 2025-09-04 21:44:58 Баланс: 2644.53223661291$ | PnL: -0.51313696 💵 | Сделок: 8 | WinRate: 25%
🔄 2025-09-04 21:54:46 Баланс: 2624.58384050109$ | PnL: -0.43452867 💵 | Сделок: 9 | WinRate: 33.33%
🔄 2025-09-04 22:05:18 Баланс: 2644.29943005445$ | PnL: -0.66885709 💵 | Сделок: 12 | WinRate: 33.33%
🔄 2025-09-04 22:16:31 Баланс: 2664.04812103445$ | PnL: -0.92017059 💵 | Сделок: 14 | WinRate: 28.57%
🔄 2025-09-04 22:26:59 Баланс: 2654.15058158393$ | PnL: -0.79966251 💵 | Сделок: 15 | WinRate: 33.33%
🔄 2025-09-04 22:36:46 Баланс: 2648.20119855322$ | PnL: 3.70049948 💵 | Сделок: 64 | WinRate: 84.38%
🔄 2025-09-04 22:46:26 Баланс: 2660.15794719197$ | PnL: 5.94888813 💵 | Сделок: 89 | WinRate: 88.76%
🔄 2025-09-04 22:56:26 Баланс: 2650.14894549044$ | PnL: 5.94888813 💵 | Сделок: 89 | WinRate: 88.76%
🔄 2025-09-04 23:07:30 Баланс: 2640.13994450055$ | PnL: 5.94888813 💵 | Сделок: 89 | WinRate: 88.76%
🔄 2025-09-04 23:18:11 Баланс: 2659.78657068455$ | PnL: 5.59551577 💵 | Сделок: 91 | WinRate: 86.81%
🔄 2025-09-04 23:28:05 Баланс: 2659.78657068455$ | PnL: 5.59551577 💵 | Сделок: 91 | WinRate: 86.81%
🔄 2025-09-04 23:38:08 Баланс: 2659.88301179312$ | PnL: 5.70025276 💵 | Сделок: 92 | WinRate: 86.96%
🔄 2025-09-04 23:48:30 Баланс: 2640.96958095081$ | PnL: 6.91435442 💵 | Сделок: 104 | WinRate: 88.46%
🔄 2025-09-04 23:58:09 Баланс: 2640.90751503574$ | PnL: 6.91535013 💵 | Сделок: 111 | WinRate: 88.29%
🔄 2025-09-05 00:07:49 Баланс: 2641.28316959049$ | PnL: 7.34096226 💵 | Сделок: 116 | WinRate: 88.79%
🔄 2025-09-05 00:17:28 Баланс: 2651.25179976485$ | PnL: 7.31857991 💵 | Сделок: 118 | WinRate: 88.14%
🔄 2025-09-05 00:27:43 Баланс: 2641.2427987159$ | PnL: 7.31857991 💵 | Сделок: 118 | WinRate: 88.14%
🔄 2025-09-05 00:38:49 Баланс: 2680.62296963273$ | PnL: 6.67217431 💵 | Сделок: 123 | WinRate: 84.55%
🔄 2025-09-05 00:49:02 Баланс: 2690.77705902855$ | PnL: 6.77868744 💵 | Сделок: 127 | WinRate: 83.46%
🔄 2025-09-05 00:59:55 Баланс: 2680.87468975598$ | PnL: 6.89439266 💵 | Сделок: 128 | WinRate: 83.59%
🔄 2025-09-05 01:09:45 Баланс: 2681.00304993794$ | PnL: 7.05078174 💵 | Сделок: 131 | WinRate: 82.44%
🔄 2025-09-05 01:21:00 Баланс: 2680.81124804644$ | PnL: 6.86785063 💵 | Сделок: 132 | WinRate: 81.82%
🔄 2025-09-05 01:30:54 Баланс: 2720.69974378891$ | PnL: 6.77377362 💵 | Сделок: 138 | WinRate: 79.71%
🔄 2025-09-05 01:40:50 Баланс: 2739.7889637568$ | PnL: 5.90745699 💵 | Сделок: 143 | WinRate: 76.92%
🔄 2025-09-05 01:49:41 Баланс: 2799.11417055657$ | PnL: 5.24014174 💵 | Сделок: 150 | WinRate: 74%
🔄 2025-09-05 01:59:07 Баланс: 2838.69644256657$ | PnL: 4.77438129 💵 | Сделок: 154 | WinRate: 72.08%
🔄 2025-09-05 02:07:45 Баланс: 2976.39774557221$ | PnL: 2.49295646 💵 | Сделок: 170 | WinRate: 65.29%
🔄 2025-09-05 02:16:31 Баланс: 3015.57239952101$ | PnL: 1.66757152 💵 | Сделок: 174 | WinRate: 63.79%
🔄 2025-09-05 02:24:52 Баланс: 3015.07805630511$ | PnL: 1.18221494 💵 | Сделок: 175 | WinRate: 63.43%
🔄 2025-09-05 02:33:14 Баланс: 3062.7164436798$ | PnL: -0.0652443400000023 💵 | Сделок: 183 | WinRate: 60.66%
🔄 2025-09-05 02:41:32 Баланс: 3121.38838815145$ | PnL: -1.23513283 💵 | Сделок: 192 | WinRate: 57.81%
🔄 2025-09-05 02:50:13 Баланс: 3121.28159166655$ | PnL: -1.32873198 💵 | Сделок: 194 | WinRate: 57.73%
🔄 2025-09-05 02:58:34 Баланс: 3161.75317551555$ | PnL: -1.80310294 💵 | Сделок: 199 | WinRate: 56.78%
🔄 2025-09-05 03:06:48 Баланс: 3583.16394750053$ | PnL: -10.07204662 💵 | Сделок: 249 | WinRate: 45.78%
🔄 2025-09-05 03:14:10 Баланс: 3593.15204083341$ | PnL: -10.06609663 💵 | Сделок: 252 | WinRate: 45.63%
🔄 2025-09-05 03:21:29 Баланс: 3593.47906007875$ | PnL: -9.73008464 💵 | Сделок: 253 | WinRate: 45.85%
🔄 2025-09-05 03:28:48 Баланс: 3593.15123878212$ | PnL: -10.0488696 💵 | Сделок: 254 | WinRate: 45.67%
🔄 2025-09-05 03:36:11 Баланс: 3593.45479167423$ | PnL: -9.7363013 💵 | Сделок: 255 | WinRate: 45.88%
🔄 2025-09-05 03:43:32 Баланс: 3593.34365530399$ | PnL: -9.8449274 💵 | Сделок: 256 | WinRate: 45.7%
🔄 2025-09-05 03:50:55 Баланс: 3583.33465795638$ | PnL: -9.8449274 💵 | Сделок: 256 | WinRate: 45.7%
🔄 2025-09-05 03:58:15 Баланс: 3563.10495400938$ | PnL: -10.00514087 💵 | Сделок: 257 | WinRate: 45.53%
🔄 2025-09-05 04:05:33 Баланс: 3482.91608303284$ | PnL: -10.0395767 💵 | Сделок: 258 | WinRate: 45.35%
🔄 2025-09-05 04:12:58 Баланс: 3462.66050468398$ | PnL: -10.27805509 💵 | Сделок: 260 | WinRate: 45.38%
🔄 2025-09-05 04:20:22 Баланс: 3471.71441221263$ | PnL: -11.19714269 💵 | Сделок: 264 | WinRate: 44.7%
🔄 2025-09-05 04:27:47 Баланс: 3490.91484292818$ | PnL: -11.94567942 💵 | Сделок: 269 | WinRate: 44.24%
🔄 2025-09-05 04:35:08 Баланс: 3500.543460711$ | PnL: -12.29441516 💵 | Сделок: 274 | WinRate: 44.53%
🔄 2025-09-05 04:42:30 Баланс: 3500.22364845081$ | PnL: -12.57743482 💵 | Сделок: 276 | WinRate: 44.57%
🔄 2025-09-05 04:49:52 Баланс: 3460.17901914141$ | PnL: -12.57743482 💵 | Сделок: 276 | WinRate: 44.57%
🔄 2025-09-05 04:57:06 Баланс: 3420.21905312235$ | PnL: -12.49768899 💵 | Сделок: 277 | WinRate: 44.77%
🔄 2025-09-05 05:04:25 Баланс: 3410.33442574454$ | PnL: -12.35799331 💵 | Сделок: 279 | WinRate: 44.8%
🔄 2025-09-05 05:11:45 Баланс: 3400.52880976538$ | PnL: -12.13657605 💵 | Сделок: 281 | WinRate: 45.2%
🔄 2025-09-05 05:19:03 Баланс: 3409.60121070277$ | PnL: -13.04617244 💵 | Сделок: 284 | WinRate: 44.72%
🔄 2025-09-05 05:26:19 Баланс: 3389.19554054576$ | PnL: -13.42486552 💵 | Сделок: 285 | WinRate: 44.56%
🔄 2025-09-05 05:33:39 Баланс: 3388.8051713325$ | PnL: -13.83765905 💵 | Сделок: 287 | WinRate: 44.25%
🔄 2025-09-05 05:39:30 Баланс: 3388.8051713325$ | PnL: -13.83765905 💵 | Сделок: 287 | WinRate: 44.25%
🔄 2025-09-05 05:39:35 Баланс: 3388.8051713325$ | PnL: -13.83765905 💵 | Сделок: 287 | WinRate: 44.25%
🔄 2025-09-05 05:39:39 Баланс: 3388.8051713325$ | PnL: -13.83765905 💵 | Сделок: 287 | WinRate: 44.25%
🔄 2025-09-05 05:39:44 Баланс: 3388.8051713325$ | PnL: -13.83765905 💵 | Сделок: 287 | WinRate: 44.25%
🔄 2025-09-05 05:39:49 Баланс: 3388.8051713325$ | PnL: -13.83765905 💵 | Сделок: 287 | WinRate: 44.25%
🔄 2025-09-05 05:39:53 Баланс: 3388.8051713325$ | PnL: -13.83765905 💵 | Сделок: 287 | WinRate: 44.25%
🔄 2025-09-05 05:39:57 Баланс: 3388.8051713325$ | PnL: -13.83765905 💵 | Сделок: 287 | WinRate: 44.25%
🔄 2025-09-05 05:40:02 Баланс: 3388.8051713325$ | PnL: -13.83765905 💵 | Сделок: 287 | WinRate: 44.25%
🔄 2025-09-05 05:40:08 Баланс: 3388.8051713325$ | PnL: -13.83765905 💵 | Сделок: 287 | WinRate: 44.25%
🔄 2025-09-05 05:40:13 Баланс: 3388.8051713325$ | PnL: -13.83765905 💵 | Сделок: 287 | WinRate: 44.25%
🔄 2025-09-05 05:40:17 Баланс: 3388.8051713325$ | PnL: -13.83765905 💵 | Сделок: 287 | WinRate: 44.25%
🔄 2025-09-05 05:40:22 Баланс: 3388.8051713325$ | PnL: -13.83765905 💵 | Сделок: 287 | WinRate: 44.25%
🔄 2025-09-05 05:46:02 Баланс: 3368.95679121506$ | PnL: -13.65650821 💵 | Сделок: 289 | WinRate: 44.64%
🔄 2025-09-05 05:53:27 Баланс: 3398.87431191236$ | PnL: -13.73175625 💵 | Сделок: 293 | WinRate: 44.71%
🔄 2025-09-05 06:00:45 Баланс: 3378.85630922395$ | PnL: -13.73175625 💵 | Сделок: 293 | WinRate: 44.71%
🔄 2025-09-05 06:08:35 Баланс: 3388.31517837968$ | PnL: -14.48398394 💵 | Сделок: 299 | WinRate: 44.15%
🔄 2025-09-05 06:16:10 Баланс: 3388.22162193284$ | PnL: -14.51447374 💵 | Сделок: 306 | WinRate: 44.44%
🔄 2025-09-05 06:23:39 Баланс: 3387.92759526085$ | PnL: -14.78276172 💵 | Сделок: 309 | WinRate: 44.34%
🔄 2025-09-05 06:31:01 Баланс: 3387.48321049982$ | PnL: -15.19055561 💵 | Сделок: 313 | WinRate: 44.41%
🔄 2025-09-05 06:38:23 Баланс: 3437.08147020968$ | PnL: -15.57503428 💵 | Сделок: 320 | WinRate: 44.38%
🔄 2025-09-05 06:45:43 Баланс: 3457.02567855276$ | PnL: -15.61283741 💵 | Сделок: 324 | WinRate: 44.44%
🔄 2025-09-05 06:53:04 Баланс: 3437.14972908995$ | PnL: -15.46179227 💵 | Сделок: 325 | WinRate: 44.62%
🔄 2025-09-05 07:00:23 Баланс: 3456.09195562705$ | PnL: -16.482258 💵 | Сделок: 331 | WinRate: 43.81%
🔄 2025-09-05 07:07:38 Баланс: 3474.71381102111$ | PnL: -17.82440832 💵 | Сделок: 337 | WinRate: 43.32%
🔄 2025-09-05 07:14:57 Баланс: 3434.67787261229$ | PnL: -17.82440832 💵 | Сделок: 337 | WinRate: 43.32%
🔄 2025-09-05 07:22:18 Баланс: 3434.63042993148$ | PnL: -17.84488223 💵 | Сделок: 340 | WinRate: 43.53%
🔄 2025-09-05 07:29:31 Баланс: 3464.01530122679$ | PnL: -18.4388555 💵 | Сделок: 345 | WinRate: 43.19%
🔄 2025-09-05 07:36:41 Баланс: 3454.05701614649$ | PnL: -18.37916606 💵 | Сделок: 346 | WinRate: 43.35%
🔄 2025-09-05 07:44:04 Баланс: 3453.92825535745$ | PnL: -18.48994729 💵 | Сделок: 348 | WinRate: 43.39%
🔄 2025-09-05 07:51:26 Баланс: 3404.12254496329$ | PnL: -18.24172197 💵 | Сделок: 349 | WinRate: 43.55%
🔄 2025-09-05 07:58:58 Баланс: 3403.94535751408$ | PnL: -18.41332133 💵 | Сделок: 350 | WinRate: 43.43%
🔄 2025-09-05 08:06:09 Баланс: 3383.7960799352$ | PnL: -18.50828099 💵 | Сделок: 353 | WinRate: 43.63%
🔄 2025-09-05 08:13:26 Баланс: 3363.77807341234$ | PnL: -18.50828099 💵 | Сделок: 353 | WinRate: 43.63%
🔄 2025-09-05 08:20:43 Баланс: 3373.93216845722$ | PnL: -18.36578725 💵 | Сделок: 355 | WinRate: 43.66%
🔄 2025-09-05 08:27:55 Баланс: 3353.99723479498$ | PnL: -18.27826741 💵 | Сделок: 356 | WinRate: 43.82%
🔄 2025-09-05 08:35:30 Баланс: 3363.91141354798$ | PnL: -18.36409216 💵 | Сделок: 357 | WinRate: 43.7%
🔄 2025-09-05 08:42:51 Баланс: 3354.3424317797$ | PnL: -17.90664626 💵 | Сделок: 359 | WinRate: 44.01%
🔄 2025-09-05 08:50:07 Баланс: 3354.3424317797$ | PnL: -17.90664626 💵 | Сделок: 359 | WinRate: 44.01%
🔄 2025-09-05 08:57:25 Баланс: 3324.72394898804$ | PnL: -17.46209631 💵 | Сделок: 363 | WinRate: 44.35%
🔄 2025-09-05 09:04:49 Баланс: 3323.25712437187$ | PnL: -18.84265919 💵 | Сделок: 372 | WinRate: 43.55%
🔄 2025-09-05 09:12:11 Баланс: 3302.76632731354$ | PnL: -19.29707757 💵 | Сделок: 374 | WinRate: 43.32%
🔄 2025-09-05 09:19:29 Баланс: 3282.20153355824$ | PnL: -19.77181096 💵 | Сделок: 382 | WinRate: 43.19%
🔄 2025-09-05 09:26:49 Баланс: 3291.43634246877$ | PnL: -20.50107914 💵 | Сделок: 387 | WinRate: 42.89%
🔄 2025-09-05 09:34:23 Баланс: 3261.37820581007$ | PnL: -20.50680813 💵 | Сделок: 390 | WinRate: 43.08%
🔄 2025-09-05 09:41:53 Баланс: 3241.21585970652$ | PnL: -20.63310059 💵 | Сделок: 392 | WinRate: 43.11%
🔄 2025-09-05 09:49:25 Баланс: 3240.95048872552$ | PnL: -20.88989818 💵 | Сделок: 393 | WinRate: 43%
🔄 2025-09-05 09:56:56 Баланс: 3201.21432352893$ | PnL: -20.56268215 💵 | Сделок: 396 | WinRate: 43.43%
🔄 2025-09-05 10:04:29 Баланс: 3171.01131236451$ | PnL: -20.69380751 💵 | Сделок: 401 | WinRate: 43.89%
🔄 2025-09-05 10:12:14 Баланс: 3161.21414721753$ | PnL: -20.42795968 💵 | Сделок: 407 | WinRate: 44.47%
🔄 2025-09-05 10:19:53 Баланс: 3170.31456568537$ | PnL: -21.30953543 💵 | Сделок: 410 | WinRate: 44.63%
🔄 2025-09-05 10:27:33 Баланс: 3130.27830751923$ | PnL: -21.30953543 💵 | Сделок: 410 | WinRate: 44.63%
🔄 2025-09-05 10:35:16 Баланс: 3109.82284198442$ | PnL: -21.72921856 💵 | Сделок: 412 | WinRate: 44.42%
🔄 2025-09-05 10:43:02 Баланс: 3100.05913337106$ | PnL: -21.47492713 💵 | Сделок: 413 | WinRate: 44.55%
🔄 2025-09-05 10:50:57 Баланс: 3070.07259182415$ | PnL: -21.40740191 💵 | Сделок: 416 | WinRate: 44.71%
