  "tp_ATR": 2,
  "sl_ATR": 2,
  "min_RSI": 48,
  "max_RSI": 52,
  "max_balance": 5000,
  "candle_limit": 120,
  "position_size_usd": 10,
  "rerun_interval_s": 1,
  "candle_period": "30m",
  "evaluate_candle_period": "5m",
  "higher_tf": "1H",
  "trend_candles": 12,
  "atrPeriod": 48,
  "trendsize": 1,
  "candleRiskLookback": 2,
  "candleRiskMultiplier": 3,
  "hedge_multiplier": 3

🔄 2025-09-04 20:09:53 Баланс: 5000$ | PnL: 0 💵 | Сделок: 0 | WinRate: 0%
🔄 2025-09-04 20:16:26 Баланс: 2835.78654268034$ | PnL: 0 💵 | Сделок: 0 | WinRate: 0%
🔄 2025-09-04 20:26:56 Баланс: 2795.75007282885$ | PnL: 0 💵 | Сделок: 0 | WinRate: 0%
🔄 2025-09-04 20:39:59 Баланс: 2725.68661711207$ | PnL: 0 💵 | Сделок: 0 | WinRate: 0%
🔄 2025-09-04 20:50:03 Баланс: 2735.6986291951$ | PnL: 0.02101121 💵 | Сделок: 2 | WinRate: 50%
🔄 2025-09-04 21:01:01 Баланс: 2725.55951482702$ | PnL: -0.10007876 💵 | Сделок: 3 | WinRate: 33.33%
🔄 2025-09-04 21:12:03 Баланс: 2725.55951482702$ | PnL: -0.10007876 💵 | Сделок: 3 | WinRate: 33.33%
🔄 2025-09-04 21:23:11 Баланс: 2725.55951482702$ | PnL: -0.10007876 💵 | Сделок: 3 | WinRate: 33.33%
🔄 2025-09-04 21:33:14 Баланс: 2715.55052670971$ | PnL: -0.10007876 💵 | Сделок: 3 | WinRate: 33.33%
🔄 2025-09-04 21:42:54 Баланс: 2715.14763325966$ | PnL: -0.49399193 💵 | Сделок: 4 | WinRate: 25%
🔄 2025-09-04 21:52:34 Баланс: 2704.89146004043$ | PnL: -0.72224602 💵 | Сделок: 6 | WinRate: 33.33%
🔄 2025-09-04 22:02:56 Баланс: 2694.88246509497$ | PnL: -0.72224602 💵 | Сделок: 6 | WinRate: 33.33%
🔄 2025-09-04 22:13:02 Баланс: 2704.43193405091$ | PnL: -1.163784 💵 | Сделок: 8 | WinRate: 25%
🔄 2025-09-04 22:23:02 Баланс: 2694.42292712468$ | PnL: -1.163784 💵 | Сделок: 8 | WinRate: 25%
🔄 2025-09-04 22:34:08 Баланс: 2664.64889292106$ | PnL: -0.89283566 💵 | Сделок: 10 | WinRate: 40%
🔄 2025-09-04 22:43:50 Баланс: 2645.49615112194$ | PnL: 0.0356347300000002 💵 | Сделок: 17 | WinRate: 64.71%
🔄 2025-09-04 22:54:12 Баланс: 2645.49615112194$ | PnL: 0.0356347300000002 💵 | Сделок: 17 | WinRate: 64.71%
🔄 2025-09-04 23:04:17 Баланс: 2645.61566515652$ | PnL: 0.16416332 💵 | Сделок: 18 | WinRate: 66.67%
🔄 2025-09-04 23:14:14 Баланс: 2645.61566515652$ | PnL: 0.16416332 💵 | Сделок: 18 | WinRate: 66.67%
🔄 2025-09-04 23:24:56 Баланс: 2656.37996625303$ | PnL: 0.93745648 💵 | Сделок: 20 | WinRate: 70%
🔄 2025-09-04 23:36:02 Баланс: 2646.37096014754$ | PnL: 0.93745648 💵 | Сделок: 20 | WinRate: 70%
🔄 2025-09-04 23:46:05 Баланс: 2636.84693316171$ | PnL: 1.45748559 💵 | Сделок: 24 | WinRate: 75%
🔄 2025-09-04 23:56:07 Баланс: 2637.15581340599$ | PnL: 1.7932917 💵 | Сделок: 27 | WinRate: 77.78%
🔄 2025-09-05 00:06:10 Баланс: 2636.98531437681$ | PnL: 1.63179297 💵 | Сделок: 28 | WinRate: 75%
🔄 2025-09-05 00:15:51 Баланс: 2637.07779440582$ | PnL: 1.73328078 💵 | Сделок: 29 | WinRate: 75.86%
🔄 2025-09-05 00:25:49 Баланс: 2637.07779440582$ | PnL: 1.73328078 💵 | Сделок: 29 | WinRate: 75.86%
🔄 2025-09-05 00:36:12 Баланс: 2646.75311966782$ | PnL: 1.40860517 💵 | Сделок: 30 | WinRate: 73.33%
🔄 2025-09-05 00:46:10 Баланс: 2626.90957911561$ | PnL: 1.61017846 💵 | Сделок: 31 | WinRate: 74.19%
🔄 2025-09-05 00:55:49 Баланс: 2626.90957911561$ | PnL: 1.61017846 💵 | Сделок: 31 | WinRate: 74.19%
🔄 2025-09-05 01:06:04 Баланс: 2617.04896940756$ | PnL: 1.77887883 💵 | Сделок: 32 | WinRate: 75%
🔄 2025-09-05 01:16:01 Баланс: 2616.91933708212$ | PnL: 1.65824501 💵 | Сделок: 33 | WinRate: 72.73%
🔄 2025-09-05 01:25:57 Баланс: 2617.14751384642$ | PnL: 1.89542211 💵 | Сделок: 34 | WinRate: 73.53%
🔄 2025-09-05 01:36:04 Баланс: 2617.07771155318$ | PnL: 1.85207878 💵 | Сделок: 37 | WinRate: 70.27%
🔄 2025-09-05 01:45:50 Баланс: 2626.66912132318$ | PnL: 1.44341935 💵 | Сделок: 38 | WinRate: 68.42%
🔄 2025-09-05 01:54:52 Баланс: 2626.66912132318$ | PnL: 1.44341935 💵 | Сделок: 38 | WinRate: 68.42%
🔄 2025-09-05 02:05:00 Баланс: 2636.44388634318$ | PnL: 1.21818566 💵 | Сделок: 39 | WinRate: 66.67%
🔄 2025-09-05 02:14:00 Баланс: 2656.23243434318$ | PnL: 1.0487993 💵 | Сделок: 41 | WinRate: 63.41%
🔄 2025-09-05 02:22:58 Баланс: 2655.95365275364$ | PnL: 0.77907282 💵 | Сделок: 42 | WinRate: 61.9%
🔄 2025-09-05 02:32:00 Баланс: 2665.35440617559$ | PnL: 0.19266252 💵 | Сделок: 44 | WinRate: 59.09%
🔄 2025-09-05 02:40:58 Баланс: 2684.79401143559$ | PnL: -0.23245925 💵 | Сделок: 47 | WinRate: 55.32%
🔄 2025-09-05 02:50:30 Баланс: 2675.29458384617$ | PnL: 0.28601513 💵 | Сделок: 50 | WinRate: 58%
🔄 2025-09-05 02:59:39 Баланс: 2704.66682218021$ | PnL: -0.135926 💵 | Сделок: 55 | WinRate: 54.55%
🔄 2025-09-05 03:08:37 Баланс: 2880.14739420951$ | PnL: -4.31685646 💵 | Сделок: 80 | WinRate: 38.75%
🔄 2025-09-05 03:17:12 Баланс: 2889.7855586185$ | PnL: -4.66976797 💵 | Сделок: 82 | WinRate: 37.8%
🔄 2025-09-05 03:25:51 Баланс: 2880.13210055754$ | PnL: -4.30522643 💵 | Сделок: 83 | WinRate: 38.55%
🔄 2025-09-05 03:34:28 Баланс: 2860.11400406277$ | PnL: -4.30522643 💵 | Сделок: 83 | WinRate: 38.55%
🔄 2025-09-05 03:43:03 Баланс: 2860.11400406277$ | PnL: -4.30522643 💵 | Сделок: 83 | WinRate: 38.55%
🔄 2025-09-05 03:51:42 Баланс: 2860.11400406277$ | PnL: -4.30522643 💵 | Сделок: 83 | WinRate: 38.55%
🔄 2025-09-05 04:00:15 Баланс: 2850.15665050277$ | PnL: -4.30522643 💵 | Сделок: 83 | WinRate: 38.55%
🔄 2025-09-05 04:08:46 Баланс: 2859.7821423336$ | PnL: -4.67072365 💵 | Сделок: 85 | WinRate: 37.65%
🔄 2025-09-05 04:17:17 Баланс: 2839.33325669985$ | PnL: -5.07592676 💵 | Сделок: 88 | WinRate: 37.5%
🔄 2025-09-05 04:25:50 Баланс: 2858.20884321115$ | PnL: -6.18220489 💵 | Сделок: 92 | WinRate: 35.87%
🔄 2025-09-05 04:34:23 Баланс: 2848.17527454176$ | PnL: -6.18874325 💵 | Сделок: 94 | WinRate: 36.17%
🔄 2025-09-05 04:42:59 Баланс: 2867.59868973936$ | PnL: -6.75627651 💵 | Сделок: 97 | WinRate: 36.08%
🔄 2025-09-05 04:51:26 Баланс: 2847.58072897464$ | PnL: -6.75627651 💵 | Сделок: 97 | WinRate: 36.08%
🔄 2025-09-05 04:59:52 Баланс: 2837.66889548442$ | PnL: -6.65032388 💵 | Сделок: 98 | WinRate: 36.73%
🔄 2025-09-05 05:08:16 Баланс: 2867.51668081171$ | PnL: -6.79941166 💵 | Сделок: 103 | WinRate: 37.86%
🔄 2025-09-05 05:16:36 Баланс: 2877.20723377671$ | PnL: -7.10885838 💵 | Сделок: 104 | WinRate: 37.5%
🔄 2025-09-05 05:24:56 Баланс: 2896.56805730271$ | PnL: -7.74802327 💵 | Сделок: 106 | WinRate: 36.79%
🔄 2025-09-05 05:33:15 Баланс: 2906.4703120404$ | PnL: -7.83676966 💵 | Сделок: 108 | WinRate: 37.04%
🔄 2025-09-05 05:39:30 Баланс: 2906.4703120404$ | PnL: -7.83676966 💵 | Сделок: 108 | WinRate: 37.04%
🔄 2025-09-05 05:39:33 Баланс: 2906.4703120404$ | PnL: -7.83676966 💵 | Сделок: 108 | WinRate: 37.04%
🔄 2025-09-05 05:39:38 Баланс: 2906.4703120404$ | PnL: -7.83676966 💵 | Сделок: 108 | WinRate: 37.04%
🔄 2025-09-05 05:39:43 Баланс: 2906.4703120404$ | PnL: -7.83676966 💵 | Сделок: 108 | WinRate: 37.04%
🔄 2025-09-05 05:39:49 Баланс: 2906.4703120404$ | PnL: -7.83676966 💵 | Сделок: 108 | WinRate: 37.04%
🔄 2025-09-05 05:39:54 Баланс: 2906.4703120404$ | PnL: -7.83676966 💵 | Сделок: 108 | WinRate: 37.04%
🔄 2025-09-05 05:39:59 Баланс: 2906.4703120404$ | PnL: -7.83676966 💵 | Сделок: 108 | WinRate: 37.04%
🔄 2025-09-05 05:40:04 Баланс: 2906.4703120404$ | PnL: -7.83676966 💵 | Сделок: 108 | WinRate: 37.04%
🔄 2025-09-05 05:40:11 Баланс: 2906.4703120404$ | PnL: -7.83676966 💵 | Сделок: 108 | WinRate: 37.04%
🔄 2025-09-05 05:40:16 Баланс: 2906.4703120404$ | PnL: -7.83676966 💵 | Сделок: 108 | WinRate: 37.04%
🔄 2025-09-05 05:40:21 Баланс: 2906.4703120404$ | PnL: -7.83676966 💵 | Сделок: 108 | WinRate: 37.04%
🔄 2025-09-05 05:45:30 Баланс: 2906.4703120404$ | PnL: -7.83676966 💵 | Сделок: 108 | WinRate: 37.04%
🔄 2025-09-05 05:53:51 Баланс: 2906.43141556091$ | PnL: -7.85767657 💵 | Сделок: 111 | WinRate: 37.84%
🔄 2025-09-05 06:02:03 Баланс: 2906.51588128868$ | PnL: -7.76420889 💵 | Сделок: 112 | WinRate: 38.39%
🔄 2025-09-05 06:10:53 Баланс: 2934.65868768848$ | PnL: -9.3361681 💵 | Сделок: 119 | WinRate: 36.13%
🔄 2025-09-05 06:19:29 Баланс: 2983.68513047162$ | PnL: -10.29175435 💵 | Сделок: 126 | WinRate: 34.92%
🔄 2025-09-05 06:27:42 Баланс: 2983.65102923946$ | PnL: -10.29017661 💵 | Сделок: 130 | WinRate: 35.38%
🔄 2025-09-05 06:35:50 Баланс: 2953.4658254066$ | PnL: -10.43057442 💵 | Сделок: 132 | WinRate: 35.61%
🔄 2025-09-05 06:44:07 Баланс: 2982.36913269695$ | PnL: -11.48199464 💵 | Сделок: 140 | WinRate: 34.29%
🔄 2025-09-05 06:52:24 Баланс: 2972.36013249918$ | PnL: -11.48199464 💵 | Сделок: 140 | WinRate: 34.29%
🔄 2025-09-05 07:00:38 Баланс: 2971.72598236978$ | PnL: -12.09212304 💵 | Сделок: 142 | WinRate: 33.8%
🔄 2025-09-05 07:09:00 Баланс: 2909.33475912997$ | PnL: -14.3581133 💵 | Сделок: 150 | WinRate: 32%
🔄 2025-09-05 07:17:31 Баланс: 2909.39872759665$ | PnL: -14.27647461 💵 | Сделок: 152 | WinRate: 32.24%
🔄 2025-09-05 07:25:50 Баланс: 2878.86361198562$ | PnL: -14.79681838 💵 | Сделок: 154 | WinRate: 31.82%
🔄 2025-09-05 07:34:10 Баланс: 2898.46715429562$ | PnL: -15.19333011 💵 | Сделок: 156 | WinRate: 31.41%
🔄 2025-09-05 07:42:37 Баланс: 2898.46715429562$ | PnL: -15.19333011 💵 | Сделок: 156 | WinRate: 31.41%
🔄 2025-09-05 07:51:01 Баланс: 2917.21090321607$ | PnL: -16.42233922 💵 | Сделок: 161 | WinRate: 30.43%
🔄 2025-09-05 07:59:21 Баланс: 2906.78037763635$ | PnL: -16.82590772 💵 | Сделок: 163 | WinRate: 30.06%
🔄 2025-09-05 08:07:38 Баланс: 2936.54500409192$ | PnL: -17.00504098 💵 | Сделок: 170 | WinRate: 31.18%
🔄 2025-09-05 08:15:53 Баланс: 2936.33734338277$ | PnL: -17.20369948 💵 | Сделок: 171 | WinRate: 30.99%
🔄 2025-09-05 08:24:04 Баланс: 2936.33734338277$ | PnL: -17.20369948 💵 | Сделок: 171 | WinRate: 30.99%
🔄 2025-09-05 08:32:17 Баланс: 2946.25610868577$ | PnL: -17.28493768 💵 | Сделок: 172 | WinRate: 30.81%
🔄 2025-09-05 08:40:30 Баланс: 2936.36473410412$ | PnL: -17.15835284 💵 | Сделок: 173 | WinRate: 31.21%
🔄 2025-09-05 08:48:39 Баланс: 2926.35571680857$ | PnL: -17.15835284 💵 | Сделок: 173 | WinRate: 31.21%
🔄 2025-09-05 08:56:46 Баланс: 2927.04591986246$ | PnL: -16.4591516 💵 | Сделок: 174 | WinRate: 31.61%
🔄 2025-09-05 09:04:59 Баланс: 2955.34412217866$ | PnL: -18.11961048 💵 | Сделок: 181 | WinRate: 30.39%
🔄 2025-09-05 09:13:04 Баланс: 2944.73917051944$ | PnL: -18.68799878 💵 | Сделок: 184 | WinRate: 29.89%
🔄 2025-09-05 09:21:09 Баланс: 2954.48127258132$ | PnL: -18.91005378 💵 | Сделок: 189 | WinRate: 30.16%
🔄 2025-09-05 09:29:19 Баланс: 2993.4601560395$ | PnL: -19.90234849 💵 | Сделок: 196 | WinRate: 29.59%
🔄 2025-09-05 09:37:32 Баланс: 2913.38833185699$ | PnL: -19.90234849 💵 | Сделок: 196 | WinRate: 29.59%
🔄 2025-09-05 09:45:48 Баланс: 2913.25207555464$ | PnL: -20.02056889 💵 | Сделок: 198 | WinRate: 29.8%
🔄 2025-09-05 09:54:02 Баланс: 2873.11698425824$ | PnL: -20.10074533 💵 | Сделок: 200 | WinRate: 30%
🔄 2025-09-05 10:02:20 Баланс: 2852.83370790099$ | PnL: -20.32085775 💵 | Сделок: 205 | WinRate: 30.73%
🔄 2025-09-05 10:10:50 Баланс: 2872.3682897296$ | PnL: -20.74115763 💵 | Сделок: 212 | WinRate: 31.6%
🔄 2025-09-05 10:19:07 Баланс: 2862.44306028601$ | PnL: -20.6483497 💵 | Сделок: 213 | WinRate: 31.92%
🔄 2025-09-05 10:27:29 Баланс: 2861.44640857125$ | PnL: -21.61826581 💵 | Сделок: 216 | WinRate: 32.41%
🔄 2025-09-05 10:35:46 Баланс: 2851.20729377705$ | PnL: -21.83914963 💵 | Сделок: 217 | WinRate: 32.26%
🔄 2025-09-05 10:44:10 Баланс: 2801.63357925659$ | PnL: -21.35886532 💵 | Сделок: 218 | WinRate: 32.57%
🔄 2025-09-05 10:52:53 Баланс: 2771.6065778197$ | PnL: -21.35886532 💵 | Сделок: 218 | WinRate: 32.57%
