  "tp_ATR": 2,
  "sl_ATR": 2,
  "min_RSI": 48,
  "max_RSI": 52,
  "max_balance": 5000,
  "candle_limit": 120,
  "position_size_usd": 10,
  "rerun_interval_s": 1,
  "candle_period": "1H",
  "evaluate_candle_period": "15m",
  "higher_tf": "4H",
  "trend_candles": 8,
  "atrPeriod": 48,
  "trendsize": 1,
  "candleRiskLookback": 2,
  "candleRiskMultiplier": 3,
  "hedge_multiplier": 3

🔄 2025-09-04 20:06:13 Баланс: 5000$ | PnL: 0 💵 | Сделок: 0 | WinRate: 0%
🔄 2025-09-04 20:14:09 Баланс: 3075.97772456154$ | PnL: 0 💵 | Сделок: 0 | WinRate: 0%
🔄 2025-09-04 20:24:07 Баланс: 3025.93292870911$ | PnL: 0 💵 | Сделок: 0 | WinRate: 0%
🔄 2025-09-04 20:34:36 Баланс: 2935.66661979274$ | PnL: -0.17611871 💵 | Сделок: 1 | WinRate: 0%
🔄 2025-09-04 20:45:39 Баланс: 2915.64868451093$ | PnL: -0.17611871 💵 | Сделок: 1 | WinRate: 0%
🔄 2025-09-04 20:55:23 Баланс: 2915.64868451093$ | PnL: -0.17611871 💵 | Сделок: 1 | WinRate: 0%
🔄 2025-09-04 21:06:22 Баланс: 2905.63957429183$ | PnL: -0.17611871 💵 | Сделок: 1 | WinRate: 0%
🔄 2025-09-04 21:16:17 Баланс: 2895.63058430083$ | PnL: -0.17611871 💵 | Сделок: 1 | WinRate: 0%
🔄 2025-09-04 21:26:23 Баланс: 2905.25315277083$ | PnL: -0.55354808 💵 | Сделок: 2 | WinRate: 0%
🔄 2025-09-04 21:37:05 Баланс: 2905.25315277083$ | PnL: -0.55354808 💵 | Сделок: 2 | WinRate: 0%
🔄 2025-09-04 21:46:23 Баланс: 2895.24418279783$ | PnL: -0.55354808 💵 | Сделок: 2 | WinRate: 0%
🔄 2025-09-04 21:56:25 Баланс: 2885.04267508442$ | PnL: -0.73695445 💵 | Сделок: 3 | WinRate: 0%
🔄 2025-09-04 22:06:28 Баланс: 2884.77316069974$ | PnL: -0.99757772 💵 | Сделок: 4 | WinRate: 0%
🔄 2025-09-04 22:16:32 Баланс: 2874.5887501244$ | PnL: -1.16399995 💵 | Сделок: 5 | WinRate: 0%
🔄 2025-09-04 22:26:57 Баланс: 2874.5887501244$ | PnL: -1.16399995 💵 | Сделок: 5 | WinRate: 0%
🔄 2025-09-04 22:36:39 Баланс: 2794.39833668961$ | PnL: -1.26538233 💵 | Сделок: 7 | WinRate: 14.29%
🔄 2025-09-04 22:46:03 Баланс: 2794.49978535341$ | PnL: -1.15491505 💵 | Сделок: 8 | WinRate: 25%
🔄 2025-09-04 22:55:46 Баланс: 2794.49978535341$ | PnL: -1.15491505 💵 | Сделок: 8 | WinRate: 25%
🔄 2025-09-04 23:05:51 Баланс: 2774.48188178012$ | PnL: -1.15491505 💵 | Сделок: 8 | WinRate: 25%
🔄 2025-09-04 23:16:37 Баланс: 2764.47288199551$ | PnL: -1.15491505 💵 | Сделок: 8 | WinRate: 25%
🔄 2025-09-04 23:26:20 Баланс: 2764.47288199551$ | PnL: -1.15491505 💵 | Сделок: 8 | WinRate: 25%
🔄 2025-09-04 23:35:54 Баланс: 2764.47288199551$ | PnL: -1.15491505 💵 | Сделок: 8 | WinRate: 25%
🔄 2025-09-04 23:45:44 Баланс: 2764.47288199551$ | PnL: -1.15491505 💵 | Сделок: 8 | WinRate: 25%
🔄 2025-09-04 23:55:08 Баланс: 2754.46505394932$ | PnL: -1.15491505 💵 | Сделок: 8 | WinRate: 25%
🔄 2025-09-05 00:04:56 Баланс: 2773.72078496932$ | PnL: -1.89918791 💵 | Сделок: 10 | WinRate: 20%
🔄 2025-09-05 00:14:40 Баланс: 2773.72078496932$ | PnL: -1.89918791 💵 | Сделок: 10 | WinRate: 20%
🔄 2025-09-05 00:24:28 Баланс: 2773.72078496932$ | PnL: -1.89918791 💵 | Сделок: 10 | WinRate: 20%
🔄 2025-09-05 00:35:01 Баланс: 2783.41176599532$ | PnL: -2.20821058 💵 | Сделок: 11 | WinRate: 18.18%
🔄 2025-09-05 00:45:44 Баланс: 2783.41176599532$ | PnL: -2.20821058 💵 | Сделок: 11 | WinRate: 18.18%
🔄 2025-09-05 00:55:03 Баланс: 2783.65279783141$ | PnL: -1.95817845 💵 | Сделок: 12 | WinRate: 25%
🔄 2025-09-05 01:05:46 Баланс: 2793.27763756341$ | PnL: -2.33334083 💵 | Сделок: 13 | WinRate: 23.08%
🔄 2025-09-05 01:16:05 Баланс: 2783.26863629227$ | PnL: -2.33334083 💵 | Сделок: 13 | WinRate: 23.08%
🔄 2025-09-05 01:27:01 Баланс: 2783.26863629227$ | PnL: -2.33334083 💵 | Сделок: 13 | WinRate: 23.08%
🔄 2025-09-05 01:36:30 Баланс: 2793.3936700307$ | PnL: -2.19965435 💵 | Сделок: 15 | WinRate: 26.67%
🔄 2025-09-05 01:46:37 Баланс: 2803.0238353607$ | PnL: -2.56938542 💵 | Сделок: 16 | WinRate: 25%
🔄 2025-09-05 01:55:21 Баланс: 2803.0238353607$ | PnL: -2.56938542 💵 | Сделок: 16 | WinRate: 25%
🔄 2025-09-05 02:05:27 Баланс: 2812.7817629767$ | PnL: -2.81145824 💵 | Сделок: 17 | WinRate: 23.53%
🔄 2025-09-05 02:14:31 Баланс: 2822.5229000767$ | PnL: -3.07032112 💵 | Сделок: 18 | WinRate: 22.22%
🔄 2025-09-05 02:23:15 Баланс: 2832.4318539867$ | PnL: -3.11648721 💵 | Сделок: 19 | WinRate: 21.05%
🔄 2025-09-05 02:31:56 Баланс: 2841.83677131592$ | PnL: -3.70513223 💵 | Сделок: 21 | WinRate: 19.05%
🔄 2025-09-05 02:40:34 Баланс: 2850.19562256592$ | PnL: -4.11160348 💵 | Сделок: 24 | WinRate: 16.67%
🔄 2025-09-05 02:49:31 Баланс: 2839.97051470192$ | PnL: -4.3023399 💵 | Сделок: 25 | WinRate: 16%
🔄 2025-09-05 02:58:34 Баланс: 2849.50907754882$ | PnL: -4.54935525 💵 | Сделок: 29 | WinRate: 17.24%
🔄 2025-09-05 03:07:22 Баланс: 3085.49681308144$ | PnL: -9.45074437 💵 | Сделок: 56 | WinRate: 8.93%
🔄 2025-09-05 03:15:38 Баланс: 3095.9564449975$ | PnL: -8.98218335 💵 | Сделок: 58 | WinRate: 10.34%
🔄 2025-09-05 03:23:55 Баланс: 3105.8095085575$ | PnL: -9.12917819 💵 | Сделок: 59 | WinRate: 10.17%
🔄 2025-09-05 03:32:07 Баланс: 3105.8095085575$ | PnL: -9.12917819 💵 | Сделок: 59 | WinRate: 10.17%
🔄 2025-09-05 03:40:21 Баланс: 3115.7006185375$ | PnL: -9.24962821 💵 | Сделок: 60 | WinRate: 10%
🔄 2025-09-05 03:48:32 Баланс: 3115.7006185375$ | PnL: -9.24962821 💵 | Сделок: 60 | WinRate: 10%
🔄 2025-09-05 03:56:41 Баланс: 3095.68264654769$ | PnL: -9.24962821 💵 | Сделок: 60 | WinRate: 10%
🔄 2025-09-05 04:04:50 Баланс: 3065.69943732595$ | PnL: -9.24962821 💵 | Сделок: 60 | WinRate: 10%
🔄 2025-09-05 04:13:03 Баланс: 3075.51068409595$ | PnL: -9.43837804 💵 | Сделок: 61 | WinRate: 9.84%
🔄 2025-09-05 04:21:10 Баланс: 3114.43580616195$ | PnL: -10.51326201 💵 | Сделок: 65 | WinRate: 9.23%
🔄 2025-09-05 04:29:13 Баланс: 3143.59809685155$ | PnL: -11.35095969 💵 | Сделок: 68 | WinRate: 8.82%
🔄 2025-09-05 04:37:12 Баланс: 3143.41406331299$ | PnL: -11.5260142 💵 | Сделок: 69 | WinRate: 8.7%
🔄 2025-09-05 04:45:19 Баланс: 3162.77637828799$ | PnL: -12.16369699 💵 | Сделок: 71 | WinRate: 8.45%
🔄 2025-09-05 04:53:15 Баланс: 3172.66073435799$ | PnL: -12.28414092 💵 | Сделок: 72 | WinRate: 8.33%
🔄 2025-09-05 05:01:03 Баланс: 3172.66073435799$ | PnL: -12.28414092 💵 | Сделок: 72 | WinRate: 8.33%
🔄 2025-09-05 05:08:52 Баланс: 3122.02959680467$ | PnL: -12.85227921 💵 | Сделок: 74 | WinRate: 8.11%
🔄 2025-09-05 05:16:46 Баланс: 3122.02959680467$ | PnL: -12.85227921 💵 | Сделок: 74 | WinRate: 8.11%
🔄 2025-09-05 05:24:39 Баланс: 3131.77685604467$ | PnL: -13.10501321 💵 | Сделок: 75 | WinRate: 8%
🔄 2025-09-05 05:32:33 Баланс: 3131.77685604467$ | PnL: -13.10501321 💵 | Сделок: 75 | WinRate: 8%
🔄 2025-09-05 05:42:58 Баланс: 3141.49843932267$ | PnL: -13.38343011 💵 | Сделок: 76 | WinRate: 7.89%
🔄 2025-09-05 05:50:52 Баланс: 3141.06289857467$ | PnL: -13.79554842 💵 | Сделок: 78 | WinRate: 7.69%
🔄 2025-09-05 05:58:45 Баланс: 3141.06289857467$ | PnL: -13.79554842 💵 | Сделок: 78 | WinRate: 7.69%
🔄 2025-09-05 06:06:38 Баланс: 3160.69013629467$ | PnL: -14.16829835 💵 | Сделок: 80 | WinRate: 7.5%
🔄 2025-09-05 06:14:39 Баланс: 3268.45554921702$ | PnL: -16.15417876 💵 | Сделок: 92 | WinRate: 7.61%
🔄 2025-09-05 06:22:35 Баланс: 3297.5234870091$ | PnL: -17.07698531 💵 | Сделок: 96 | WinRate: 7.29%
🔄 2025-09-05 06:30:12 Баланс: 3297.5234870091$ | PnL: -17.07698531 💵 | Сделок: 96 | WinRate: 7.29%
🔄 2025-09-05 06:37:49 Баланс: 3287.3225047359$ | PnL: -17.2599896 💵 | Сделок: 97 | WinRate: 7.22%
🔄 2025-09-05 06:45:33 Баланс: 3336.3766948927$ | PnL: -18.20588192 💵 | Сделок: 102 | WinRate: 6.86%
🔄 2025-09-05 06:53:18 Баланс: 3326.3679651357$ | PnL: -18.20588192 💵 | Сделок: 102 | WinRate: 6.86%
🔄 2025-09-05 07:00:55 Баланс: 3355.96647973556$ | PnL: -18.59976577 💵 | Сделок: 106 | WinRate: 7.55%
🔄 2025-09-05 07:08:35 Баланс: 3394.88403874635$ | PnL: -19.67321233 💵 | Сделок: 111 | WinRate: 8.11%
🔄 2025-09-05 07:16:14 Баланс: 3385.18668886928$ | PnL: -19.35257343 💵 | Сделок: 112 | WinRate: 8.93%
🔄 2025-09-05 07:23:47 Баланс: 3404.59337844528$ | PnL: -19.94589255 💵 | Сделок: 114 | WinRate: 8.77%
🔄 2025-09-05 07:31:12 Баланс: 3414.39568989528$ | PnL: -20.14358342 💵 | Сделок: 115 | WinRate: 8.7%
🔄 2025-09-05 07:38:34 Баланс: 3414.55585954913$ | PnL: -19.97441607 💵 | Сделок: 116 | WinRate: 9.48%
🔄 2025-09-05 07:46:16 Баланс: 3394.53778533239$ | PnL: -19.97441607 💵 | Сделок: 116 | WinRate: 9.48%
🔄 2025-09-05 07:53:56 Баланс: 3394.1231975025$ | PnL: -20.37099136 💵 | Сделок: 118 | WinRate: 9.32%
🔄 2025-09-05 08:01:16 Баланс: 3413.5696398625$ | PnL: -20.92454636 💵 | Сделок: 120 | WinRate: 9.17%
🔄 2025-09-05 08:08:44 Баланс: 3423.3685921025$ | PnL: -21.1255926 💵 | Сделок: 121 | WinRate: 9.09%
🔄 2025-09-05 08:16:09 Баланс: 3423.3685921025$ | PnL: -21.1255926 💵 | Сделок: 121 | WinRate: 9.09%
🔄 2025-09-05 08:23:32 Баланс: 3403.3104903834$ | PnL: -21.1255926 💵 | Сделок: 121 | WinRate: 9.09%
🔄 2025-09-05 08:30:51 Баланс: 3403.3104903834$ | PnL: -21.1255926 💵 | Сделок: 121 | WinRate: 9.09%
🔄 2025-09-05 08:38:15 Баланс: 3413.0740446875$ | PnL: -21.36203835 💵 | Сделок: 122 | WinRate: 9.02%
🔄 2025-09-05 08:45:41 Баланс: 3403.06518921746$ | PnL: -21.36203835 💵 | Сделок: 122 | WinRate: 9.02%
🔄 2025-09-05 08:53:03 Баланс: 3393.77100082983$ | PnL: -20.63810249 💵 | Сделок: 123 | WinRate: 9.76%
🔄 2025-09-05 09:00:30 Баланс: 3412.54693997336$ | PnL: -21.83510713 💵 | Сделок: 128 | WinRate: 9.38%
🔄 2025-09-05 09:07:48 Баланс: 3412.54693997336$ | PnL: -21.83510713 💵 | Сделок: 128 | WinRate: 9.38%
🔄 2025-09-05 09:15:09 Баланс: 3451.75926614636$ | PnL: -22.62331607 💵 | Сделок: 132 | WinRate: 9.09%
🔄 2025-09-05 09:22:25 Баланс: 3500.93036187486$ | PnL: -23.45172334 💵 | Сделок: 137 | WinRate: 8.76%
🔄 2025-09-05 09:29:41 Баланс: 3510.69747639286$ | PnL: -23.68460887 💵 | Сделок: 138 | WinRate: 8.7%
🔄 2025-09-05 09:36:54 Баланс: 3510.69747639286$ | PnL: -23.68460887 💵 | Сделок: 138 | WinRate: 8.7%
🔄 2025-09-05 09:44:08 Баланс: 3510.95879259527$ | PnL: -23.41401372 💵 | Сделок: 139 | WinRate: 9.35%
🔄 2025-09-05 09:51:20 Баланс: 3510.82228983513$ | PnL: -23.54151733 💵 | Сделок: 140 | WinRate: 9.29%
🔄 2025-09-05 09:58:34 Баланс: 3530.39607920513$ | PnL: -23.96771256 💵 | Сделок: 142 | WinRate: 9.15%
🔄 2025-09-05 10:05:46 Баланс: 3519.99795897663$ | PnL: -24.35902737 💵 | Сделок: 145 | WinRate: 9.66%
🔄 2025-09-05 10:12:57 Баланс: 3529.52469351277$ | PnL: -24.82334413 💵 | Сделок: 147 | WinRate: 9.52%
🔄 2025-09-05 10:20:13 Баланс: 3529.52469351277$ | PnL: -24.82334413 💵 | Сделок: 147 | WinRate: 9.52%
🔄 2025-09-05 10:27:28 Баланс: 3547.88350132877$ | PnL: -26.46479749 💵 | Сделок: 149 | WinRate: 9.4%
🔄 2025-09-05 10:34:39 Баланс: 3547.88350132877$ | PnL: -26.46479749 💵 | Сделок: 149 | WinRate: 9.4%
🔄 2025-09-05 10:41:46 Баланс: 3547.88350132877$ | PnL: -26.46479749 💵 | Сделок: 149 | WinRate: 9.4%
🔄 2025-09-05 10:49:02 Баланс: 3547.88350132877$ | PnL: -26.46479749 💵 | Сделок: 149 | WinRate: 9.4%
