🔄 2025-09-16 22:59:05 Баланс: 100$ | PnL: 0 💵 | Сделок: 0 | WinRate: 0%
🔄 2025-09-16 23:02:03 Баланс: 36.8598738921328$ | PnL: 0 💵 | Сделок: 0 | WinRate: 0%
🔄 2025-09-16 23:05:35 Баланс: 36.8598738921328$ | PnL: 0 💵 | Сделок: 0 | WinRate: 0%
🔄 2025-09-16 23:09:10 Баланс: 35.8589413829008$ | PnL: 0 💵 | Сделок: 0 | WinRate: 0%
🔄 2025-09-16 23:12:49 Баланс: 35.8589413829008$ | PnL: 0 💵 | Сделок: 0 | WinRate: 0%
🔄 2025-09-16 23:16:26 Баланс: 27.8516964188996$ | PnL: 0 💵 | Сделок: 0 | WinRate: 0%
🔄 2025-09-16 23:20:07 Баланс: 26.8507954260068$ | PnL: 0 💵 | Сделок: 0 | WinRate: 0%
🔄 2025-09-16 23:23:51 Баланс: 3.74125393163777$ | PnL: 0 💵 | Сделок: 0 | WinRate: 0%
🔄 2025-09-16 23:27:47 Баланс: 0.738593086845766$ | PnL: 0 💵 | Сделок: 0 | WinRate: 0%
🔄 2025-09-16 23:31:42 Баланс: 0.773990479724165$ | PnL: 0.03629717 💵 | Сделок: 1 | WinRate: 100%
🔄 2025-09-16 23:35:39 Баланс: 0.773990479724165$ | PnL: 0.03629717 💵 | Сделок: 1 | WinRate: 100%
🔄 2025-09-16 23:39:41 Баланс: 0.773990479724165$ | PnL: 0.03629717 💵 | Сделок: 1 | WinRate: 100%
🔄 2025-09-16 23:43:41 Баланс: 0.773990479724165$ | PnL: 0.03629717 💵 | Сделок: 1 | WinRate: 100%
🔄 2025-09-16 23:47:38 Баланс: 0.773990479724165$ | PnL: 0.03629717 💵 | Сделок: 1 | WinRate: 100%
🔄 2025-09-16 23:51:36 Баланс: 0.773990479724165$ | PnL: 0.03629717 💵 | Сделок: 1 | WinRate: 100%
🔄 2025-09-16 23:55:29 Баланс: 0.773990479724165$ | PnL: 0.03629717 💵 | Сделок: 1 | WinRate: 100%
🔄 2025-09-16 23:59:23 Баланс: 0.773990479724165$ | PnL: 0.03629717 💵 | Сделок: 1 | WinRate: 100%
🔄 2025-09-17 00:03:16 Баланс: 0.773990479724165$ | PnL: 0.03629717 💵 | Сделок: 1 | WinRate: 100%
🔄 2025-09-17 00:07:13 Баланс: 0.773990479724165$ | PnL: 0.03629717 💵 | Сделок: 1 | WinRate: 100%
🔄 2025-09-17 00:11:05 Баланс: 0.773990479724165$ | PnL: 0.03629717 💵 | Сделок: 1 | WinRate: 100%
🔄 2025-09-17 00:15:01 Баланс: 0.773990479724165$ | PnL: 0.03629717 💵 | Сделок: 1 | WinRate: 100%
🔄 2025-09-17 00:18:55 Баланс: 0.799844702004165$ | PnL: 0.06303582 💵 | Сделок: 2 | WinRate: 100%
🔄 2025-09-17 00:22:50 Баланс: 0.827432027564166$ | PnL: 0.09168721 💵 | Сделок: 3 | WinRate: 100%
🔄 2025-09-17 00:26:43 Баланс: 0.827432027564166$ | PnL: 0.09168721 💵 | Сделок: 3 | WinRate: 100%
🔄 2025-09-17 00:31:17 Баланс: 0.827432027564166$ | PnL: 0.09168721 💵 | Сделок: 3 | WinRate: 100%
🔄 2025-09-17 00:35:11 Баланс: 0.827432027564166$ | PnL: 0.09168721 💵 | Сделок: 3 | WinRate: 100%
🔄 2025-09-17 00:39:48 Баланс: 0.882759836758766$ | PnL: 0.147918 💵 | Сделок: 4 | WinRate: 100%
🔄 2025-09-17 00:43:41 Баланс: 0.882759836758766$ | PnL: 0.147918 💵 | Сделок: 4 | WinRate: 100%
🔄 2025-09-17 00:47:35 Баланс: 0.882759836758766$ | PnL: 0.147918 💵 | Сделок: 4 | WinRate: 100%
🔄 2025-09-17 00:51:33 Баланс: 0.882759836758766$ | PnL: 0.147918 💵 | Сделок: 4 | WinRate: 100%
🔄 2025-09-17 00:55:34 Баланс: 0.882759836758766$ | PnL: 0.147918 💵 | Сделок: 4 | WinRate: 100%
🔄 2025-09-17 00:59:33 Баланс: 0.882759836758766$ | PnL: 0.147918 💵 | Сделок: 4 | WinRate: 100%
🔄 2025-09-17 01:03:34 Баланс: 0.902235956480766$ | PnL: 0.16829275 💵 | Сделок: 5 | WinRate: 100%
🔄 2025-09-17 01:07:31 Баланс: 0.902235956480766$ | PnL: 0.16829275 💵 | Сделок: 5 | WinRate: 100%
🔄 2025-09-17 01:11:31 Баланс: 0.902235956480766$ | PnL: 0.16829275 💵 | Сделок: 5 | WinRate: 100%
🔄 2025-09-17 01:15:26 Баланс: 0.902235956480766$ | PnL: 0.16829275 💵 | Сделок: 5 | WinRate: 100%
🔄 2025-09-17 01:19:25 Баланс: 0.902235956480766$ | PnL: 0.16829275 💵 | Сделок: 5 | WinRate: 100%
🔄 2025-09-17 01:23:17 Баланс: 0.902235956480766$ | PnL: 0.16829275 💵 | Сделок: 5 | WinRate: 100%
🔄 2025-09-17 01:27:17 Баланс: 0.902235956480766$ | PnL: 0.16829275 💵 | Сделок: 5 | WinRate: 100%
🔄 2025-09-17 01:31:12 Баланс: 0.902235956480766$ | PnL: 0.16829275 💵 | Сделок: 5 | WinRate: 100%
🔄 2025-09-17 01:35:32 Баланс: 0.902235956480766$ | PnL: 0.16829275 💵 | Сделок: 5 | WinRate: 100%
🔄 2025-09-17 01:39:27 Баланс: 0.902235956480766$ | PnL: 0.16829275 💵 | Сделок: 5 | WinRate: 100%
🔄 2025-09-17 01:43:22 Баланс: 0.902235956480766$ | PnL: 0.16829275 💵 | Сделок: 5 | WinRate: 100%
🔄 2025-09-17 01:47:58 Баланс: 0.902235956480766$ | PnL: 0.16829275 💵 | Сделок: 5 | WinRate: 100%
🔄 2025-09-17 01:51:56 Баланс: 0.902235956480766$ | PnL: 0.16829275 💵 | Сделок: 5 | WinRate: 100%
🔄 2025-09-17 01:55:50 Баланс: 0.902235956480766$ | PnL: 0.16829275 💵 | Сделок: 5 | WinRate: 100%
🔄 2025-09-17 01:59:42 Баланс: 0.902235956480766$ | PnL: 0.16829275 💵 | Сделок: 5 | WinRate: 100%
🔄 2025-09-17 02:03:39 Баланс: 0.922233500288766$ | PnL: 0.18918918 💵 | Сделок: 6 | WinRate: 100%
🔄 2025-09-17 02:07:33 Баланс: 0.922233500288766$ | PnL: 0.18918918 💵 | Сделок: 6 | WinRate: 100%
🔄 2025-09-17 02:12:16 Баланс: 0.936467380749566$ | PnL: 0.204322 💵 | Сделок: 7 | WinRate: 100%
🔄 2025-09-17 02:16:07 Баланс: 0.936467380749566$ | PnL: 0.204322 💵 | Сделок: 7 | WinRate: 100%
🔄 2025-09-17 02:20:01 Баланс: 0.958655712325566$ | PnL: 0.2274135 💵 | Сделок: 8 | WinRate: 100%
🔄 2025-09-17 02:23:57 Баланс: 0.958655712325566$ | PnL: 0.2274135 💵 | Сделок: 8 | WinRate: 100%
🔄 2025-09-17 02:27:49 Баланс: 0.985203250923566$ | PnL: 0.25490664 💵 | Сделок: 9 | WinRate: 100%
🔄 2025-09-17 02:31:43 Баланс: 0.985203250923566$ | PnL: 0.25490664 💵 | Сделок: 9 | WinRate: 100%
🔄 2025-09-17 02:35:37 Баланс: 0.985203250923566$ | PnL: 0.25490664 💵 | Сделок: 9 | WinRate: 100%
🔄 2025-09-17 02:39:32 Баланс: 0.985203250923566$ | PnL: 0.25490664 💵 | Сделок: 9 | WinRate: 100%
🔄 2025-09-17 02:43:25 Баланс: 0.985203250923566$ | PnL: 0.25490664 💵 | Сделок: 9 | WinRate: 100%
🔄 2025-09-17 02:47:18 Баланс: 0.985203250923566$ | PnL: 0.25490664 💵 | Сделок: 9 | WinRate: 100%
🔄 2025-09-17 02:51:12 Баланс: 0.985203250923566$ | PnL: 0.25490664 💵 | Сделок: 9 | WinRate: 100%
🔄 2025-09-17 02:55:02 Баланс: 0.985203250923566$ | PnL: 0.25490664 💵 | Сделок: 9 | WinRate: 100%
🔄 2025-09-17 02:58:58 Баланс: 0.985203250923566$ | PnL: 0.25490664 💵 | Сделок: 9 | WinRate: 100%
🔄 2025-09-17 03:03:02 Баланс: 0.985203250923566$ | PnL: 0.25490664 💵 | Сделок: 9 | WinRate: 100%
🔄 2025-09-17 03:06:56 Баланс: 0.985203250923566$ | PnL: 0.25490664 💵 | Сделок: 9 | WinRate: 100%
🔄 2025-09-17 03:10:46 Баланс: 0.985203250923566$ | PnL: 0.25490664 💵 | Сделок: 9 | WinRate: 100%
🔄 2025-09-17 03:14:41 Баланс: 0.985203250923566$ | PnL: 0.25490664 💵 | Сделок: 9 | WinRate: 100%
🔄 2025-09-17 03:19:18 Баланс: 0.985203250923566$ | PnL: 0.25490664 💵 | Сделок: 9 | WinRate: 100%
🔄 2025-09-17 03:23:12 Баланс: 0.985203250923566$ | PnL: 0.25490664 💵 | Сделок: 9 | WinRate: 100%
🔄 2025-09-17 03:27:05 Баланс: 0.985203250923566$ | PnL: 0.25490664 💵 | Сделок: 9 | WinRate: 100%
🔄 2025-09-17 03:31:00 Баланс: 0.985203250923566$ | PnL: 0.25490664 💵 | Сделок: 9 | WinRate: 100%
🔄 2025-09-17 03:35:41 Баланс: 0.985203250923566$ | PnL: 0.25490664 💵 | Сделок: 9 | WinRate: 100%
🔄 2025-09-17 03:39:33 Баланс: 0.985203250923566$ | PnL: 0.25490664 💵 | Сделок: 9 | WinRate: 100%
🔄 2025-09-17 03:43:24 Баланс: 0.985203250923566$ | PnL: 0.25490664 💵 | Сделок: 9 | WinRate: 100%
🔄 2025-09-17 03:47:15 Баланс: 0.985203250923566$ | PnL: 0.25490664 💵 | Сделок: 9 | WinRate: 100%
🔄 2025-09-17 03:51:11 Баланс: 0.985203250923566$ | PnL: 0.25490664 💵 | Сделок: 9 | WinRate: 100%
🔄 2025-09-17 03:55:07 Баланс: 0.985203250923566$ | PnL: 0.25490664 💵 | Сделок: 9 | WinRate: 100%
🔄 2025-09-17 03:58:57 Баланс: 0.985203250923566$ | PnL: 0.25490664 💵 | Сделок: 9 | WinRate: 100%
🔄 2025-09-17 04:03:33 Баланс: 0.985203250923566$ | PnL: 0.25490664 💵 | Сделок: 9 | WinRate: 100%
🔄 2025-09-17 04:07:25 Баланс: 0.985203250923566$ | PnL: 0.25490664 💵 | Сделок: 9 | WinRate: 100%
🔄 2025-09-17 04:11:23 Баланс: 0.985203250923566$ | PnL: 0.25490664 💵 | Сделок: 9 | WinRate: 100%
🔄 2025-09-17 04:15:23 Баланс: 0.985203250923566$ | PnL: 0.25490664 💵 | Сделок: 9 | WinRate: 100%
🔄 2025-09-17 04:19:17 Баланс: 0.985203250923566$ | PnL: 0.25490664 💵 | Сделок: 9 | WinRate: 100%
🔄 2025-09-17 04:23:09 Баланс: 0.985203250923566$ | PnL: 0.25490664 💵 | Сделок: 9 | WinRate: 100%
🔄 2025-09-17 04:27:00 Баланс: 0.985203250923566$ | PnL: 0.25490664 💵 | Сделок: 9 | WinRate: 100%
🔄 2025-09-17 04:30:52 Баланс: 0.00616554320486595$ | PnL: 0.2776687 💵 | Сделок: 10 | WinRate: 100%
🔄 2025-09-17 04:34:46 Баланс: 0.00616554320486595$ | PnL: 0.2776687 💵 | Сделок: 10 | WinRate: 100%
🔄 2025-09-17 04:39:23 Баланс: 0.00616554320486595$ | PnL: 0.2776687 💵 | Сделок: 10 | WinRate: 100%
🔄 2025-09-17 04:43:18 Баланс: 0.00616554320486595$ | PnL: 0.2776687 💵 | Сделок: 10 | WinRate: 100%
🔄 2025-09-17 04:47:14 Баланс: 0.00616554320486595$ | PnL: 0.2776687 💵 | Сделок: 10 | WinRate: 100%
🔄 2025-09-17 04:51:11 Баланс: 0.00616554320486595$ | PnL: 0.2776687 💵 | Сделок: 10 | WinRate: 100%
🔄 2025-09-17 04:55:12 Баланс: 0.00616554320486595$ | PnL: 0.2776687 💵 | Сделок: 10 | WinRate: 100%
🔄 2025-09-17 04:59:10 Баланс: 0.00616554320486595$ | PnL: 0.2776687 💵 | Сделок: 10 | WinRate: 100%
🔄 2025-09-17 05:03:01 Баланс: 0.00616554320486595$ | PnL: 0.2776687 💵 | Сделок: 10 | WinRate: 100%
🔄 2025-09-17 05:06:55 Баланс: 0.00616554320486595$ | PnL: 0.2776687 💵 | Сделок: 10 | WinRate: 100%
🔄 2025-09-17 05:10:58 Баланс: 0.00616554320486595$ | PnL: 0.2776687 💵 | Сделок: 10 | WinRate: 100%
🔄 2025-09-17 05:14:55 Баланс: 0.00616554320486595$ | PnL: 0.2776687 💵 | Сделок: 10 | WinRate: 100%
🔄 2025-09-17 05:18:48 Баланс: 0.00616554320486595$ | PnL: 0.2776687 💵 | Сделок: 10 | WinRate: 100%
🔄 2025-09-17 05:22:42 Баланс: 0.00616554320486595$ | PnL: 0.2776687 💵 | Сделок: 10 | WinRate: 100%
🔄 2025-09-17 05:26:36 Баланс: 0.00616554320486595$ | PnL: 0.2776687 💵 | Сделок: 10 | WinRate: 100%
🔄 2025-09-17 05:30:36 Баланс: 0.00616554320486595$ | PnL: 0.2776687 💵 | Сделок: 10 | WinRate: 100%
🔄 2025-09-17 05:35:13 Баланс: 0.00616554320486595$ | PnL: 0.2776687 💵 | Сделок: 10 | WinRate: 100%
🔄 2025-09-17 05:39:05 Баланс: 0.00616554320486595$ | PnL: 0.2776687 💵 | Сделок: 10 | WinRate: 100%
🔄 2025-09-17 05:42:58 Баланс: 0.00616554320486595$ | PnL: 0.2776687 💵 | Сделок: 10 | WinRate: 100%
🔄 2025-09-17 05:46:51 Баланс: 0.00616554320486595$ | PnL: 0.2776687 💵 | Сделок: 10 | WinRate: 100%
🔄 2025-09-17 05:50:44 Баланс: 0.00616554320486595$ | PnL: 0.2776687 💵 | Сделок: 10 | WinRate: 100%
🔄 2025-09-17 05:54:35 Баланс: 0.00616554320486595$ | PnL: 0.2776687 💵 | Сделок: 10 | WinRate: 100%
🔄 2025-09-17 05:58:26 Баланс: 0.00616554320486595$ | PnL: 0.2776687 💵 | Сделок: 10 | WinRate: 100%
🔄 2025-09-17 06:02:25 Баланс: 0.00616554320486595$ | PnL: 0.2776687 💵 | Сделок: 10 | WinRate: 100%
🔄 2025-09-17 06:06:29 Баланс: 0.00616554320486595$ | PnL: 0.2776687 💵 | Сделок: 10 | WinRate: 100%
🔄 2025-09-17 06:10:25 Баланс: 0.00616554320486595$ | PnL: 0.2776687 💵 | Сделок: 10 | WinRate: 100%
🔄 2025-09-17 06:14:23 Баланс: 0.00616554320486595$ | PnL: 0.2776687 💵 | Сделок: 10 | WinRate: 100%
🔄 2025-09-17 06:18:22 Баланс: 0.00616554320486595$ | PnL: 0.2776687 💵 | Сделок: 10 | WinRate: 100%
🔄 2025-09-17 06:22:15 Баланс: 0.108146693985966$ | PnL: 0.38054803 💵 | Сделок: 11 | WinRate: 100%
🔄 2025-09-17 06:26:12 Баланс: 0.108146693985966$ | PnL: 0.38054803 💵 | Сделок: 11 | WinRate: 100%
🔄 2025-09-17 06:30:13 Баланс: 0.108146693985966$ | PnL: 0.38054803 💵 | Сделок: 11 | WinRate: 100%
🔄 2025-09-17 06:34:53 Баланс: 0.132393136549566$ | PnL: 0.40569857 💵 | Сделок: 12 | WinRate: 100%
🔄 2025-09-17 06:38:51 Баланс: 0.151120577728566$ | PnL: 0.42532454 💵 | Сделок: 13 | WinRate: 100%
🔄 2025-09-17 06:42:45 Баланс: 0.196588855010267$ | PnL: 0.47169348 💵 | Сделок: 14 | WinRate: 100%
🔄 2025-09-17 06:46:41 Баланс: 0.196588855010267$ | PnL: 0.47169348 💵 | Сделок: 14 | WinRate: 100%
🔄 2025-09-17 06:50:35 Баланс: 0.224314893138267$ | PnL: 0.50032841 💵 | Сделок: 15 | WinRate: 100%
🔄 2025-09-17 06:54:34 Баланс: 0.271795832887067$ | PnL: 0.54870883 💵 | Сделок: 16 | WinRate: 100%
🔄 2025-09-17 06:58:31 Баланс: 0.271795832887067$ | PnL: 0.54870883 💵 | Сделок: 16 | WinRate: 100%
🔄 2025-09-17 07:02:27 Баланс: 0.405115565395067$ | PnL: 0.68387305 💵 | Сделок: 18 | WinRate: 100%
🔄 2025-09-17 07:06:23 Баланс: 0.405115565395067$ | PnL: 0.68387305 💵 | Сделок: 18 | WinRate: 100%
🔄 2025-09-17 07:10:16 Баланс: 0.405115565395067$ | PnL: 0.68387305 💵 | Сделок: 18 | WinRate: 100%
🔄 2025-09-17 07:14:13 Баланс: 0.430139709617067$ | PnL: 0.70980462 💵 | Сделок: 19 | WinRate: 100%
🔄 2025-09-17 07:18:14 Баланс: 0.430139709617067$ | PnL: 0.70980462 💵 | Сделок: 19 | WinRate: 100%
🔄 2025-09-17 07:22:08 Баланс: 0.430139709617067$ | PnL: 0.70980462 💵 | Сделок: 19 | WinRate: 100%
🔄 2025-09-17 07:26:02 Баланс: 0.430139709617067$ | PnL: 0.70980462 💵 | Сделок: 19 | WinRate: 100%
🔄 2025-09-17 07:29:56 Баланс: 0.430139709617067$ | PnL: 0.70980462 💵 | Сделок: 19 | WinRate: 100%
🔄 2025-09-17 07:33:49 Баланс: 0.430139709617067$ | PnL: 0.70980462 💵 | Сделок: 19 | WinRate: 100%
🔄 2025-09-17 07:37:47 Баланс: 0.430139709617067$ | PnL: 0.70980462 💵 | Сделок: 19 | WinRate: 100%
🔄 2025-09-17 07:42:25 Баланс: 0.430139709617067$ | PnL: 0.70980462 💵 | Сделок: 19 | WinRate: 100%
🔄 2025-09-17 07:46:21 Баланс: 0.430139709617067$ | PnL: 0.70980462 💵 | Сделок: 19 | WinRate: 100%
🔄 2025-09-17 07:50:12 Баланс: 0.430139709617067$ | PnL: 0.70980462 💵 | Сделок: 19 | WinRate: 100%
🔄 2025-09-17 07:54:03 Баланс: 0.430139709617067$ | PnL: 0.70980462 💵 | Сделок: 19 | WinRate: 100%
🔄 2025-09-17 07:57:54 Баланс: 0.430139709617067$ | PnL: 0.70980462 💵 | Сделок: 19 | WinRate: 100%
🔄 2025-09-17 08:01:53 Баланс: 0.430139709617067$ | PnL: 0.70980462 💵 | Сделок: 19 | WinRate: 100%
🔄 2025-09-17 08:05:53 Баланс: 0.430139709617067$ | PnL: 0.70980462 💵 | Сделок: 19 | WinRate: 100%
🔄 2025-09-17 08:10:30 Баланс: 0.430139709617067$ | PnL: 0.70980462 💵 | Сделок: 19 | WinRate: 100%
🔄 2025-09-17 08:14:26 Баланс: 0.430139709617067$ | PnL: 0.70980462 💵 | Сделок: 19 | WinRate: 100%
🔄 2025-09-17 08:18:23 Баланс: 0.430139709617067$ | PnL: 0.70980462 💵 | Сделок: 19 | WinRate: 100%
🔄 2025-09-17 08:22:18 Баланс: 0.430139709617067$ | PnL: 0.70980462 💵 | Сделок: 19 | WinRate: 100%
🔄 2025-09-17 08:26:11 Баланс: 0.430139709617067$ | PnL: 0.70980462 💵 | Сделок: 19 | WinRate: 100%
🔄 2025-09-17 08:30:01 Баланс: 0.430139709617067$ | PnL: 0.70980462 💵 | Сделок: 19 | WinRate: 100%
🔄 2025-09-17 08:33:59 Баланс: 0.430139709617067$ | PnL: 0.70980462 💵 | Сделок: 19 | WinRate: 100%
🔄 2025-09-17 08:37:55 Баланс: 0.430139709617067$ | PnL: 0.70980462 💵 | Сделок: 19 | WinRate: 100%
🔄 2025-09-17 08:41:53 Баланс: 0.430139709617067$ | PnL: 0.70980462 💵 | Сделок: 19 | WinRate: 100%
🔄 2025-09-17 08:45:48 Баланс: 0.430139709617067$ | PnL: 0.70980462 💵 | Сделок: 19 | WinRate: 100%
🔄 2025-09-17 08:49:46 Баланс: 0.430139709617067$ | PnL: 0.70980462 💵 | Сделок: 19 | WinRate: 100%
🔄 2025-09-17 08:53:40 Баланс: 0.430139709617067$ | PnL: 0.70980462 💵 | Сделок: 19 | WinRate: 100%
🔄 2025-09-17 08:58:19 Баланс: 0.430139709617067$ | PnL: 0.70980462 💵 | Сделок: 19 | WinRate: 100%
🔄 2025-09-17 09:02:15 Баланс: 0.430139709617067$ | PnL: 0.70980462 💵 | Сделок: 19 | WinRate: 100%
🔄 2025-09-17 09:06:15 Баланс: 0.430139709617067$ | PnL: 0.70980462 💵 | Сделок: 19 | WinRate: 100%
🔄 2025-09-17 09:10:12 Баланс: 0.430139709617067$ | PnL: 0.70980462 💵 | Сделок: 19 | WinRate: 100%
🔄 2025-09-17 09:14:07 Баланс: 0.430139709617067$ | PnL: 0.70980462 💵 | Сделок: 19 | WinRate: 100%
🔄 2025-09-17 09:18:05 Баланс: 0.430139709617067$ | PnL: 0.70980462 💵 | Сделок: 19 | WinRate: 100%
🔄 2025-09-17 09:22:04 Баланс: 0.430139709617067$ | PnL: 0.70980462 💵 | Сделок: 19 | WinRate: 100%
🔄 2025-09-17 09:26:01 Баланс: 0.430139709617067$ | PnL: 0.70980462 💵 | Сделок: 19 | WinRate: 100%
🔄 2025-09-17 09:30:06 Баланс: 0.430139709617067$ | PnL: 0.70980462 💵 | Сделок: 19 | WinRate: 100%
🔄 2025-09-17 09:34:09 Баланс: 0.430139709617067$ | PnL: 0.70980462 💵 | Сделок: 19 | WinRate: 100%
🔄 2025-09-17 09:39:05 Баланс: 0.430139709617067$ | PnL: 0.70980462 💵 | Сделок: 19 | WinRate: 100%
🔄 2025-09-17 09:43:13 Баланс: 0.430139709617067$ | PnL: 0.70980462 💵 | Сделок: 19 | WinRate: 100%
🔄 2025-09-17 09:47:18 Баланс: 0.430139709617067$ | PnL: 0.70980462 💵 | Сделок: 19 | WinRate: 100%
🔄 2025-09-17 09:51:24 Баланс: 0.430139709617067$ | PnL: 0.70980462 💵 | Сделок: 19 | WinRate: 100%
🔄 2025-09-17 09:55:26 Баланс: 0.430139709617067$ | PnL: 0.70980462 💵 | Сделок: 19 | WinRate: 100%
🔄 2025-09-17 09:59:27 Баланс: 0.430139709617067$ | PnL: 0.70980462 💵 | Сделок: 19 | WinRate: 100%
🔄 2025-09-17 10:03:27 Баланс: 0.430139709617067$ | PnL: 0.70980462 💵 | Сделок: 19 | WinRate: 100%
🔄 2025-09-17 10:08:08 Баланс: 0.462836543132067$ | PnL: 0.743407 💵 | Сделок: 20 | WinRate: 100%
🔄 2025-09-17 10:12:44 Баланс: 0.462836543132067$ | PnL: 0.743407 💵 | Сделок: 20 | WinRate: 100%
🔄 2025-09-17 10:19:47 Баланс: 0.462836543132067$ | PnL: 0.743407 💵 | Сделок: 20 | WinRate: 100%
🔄 2025-09-17 10:26:48 Баланс: 0.462836543132067$ | PnL: 0.743407 💵 | Сделок: 20 | WinRate: 100%
🔄 2025-09-17 10:31:50 Баланс: 0.462836543132067$ | PnL: 0.743407 💵 | Сделок: 20 | WinRate: 100%
🔄 2025-09-17 10:36:24 Баланс: 0.462836543132067$ | PnL: 0.743407 💵 | Сделок: 20 | WinRate: 100%
🔄 2025-09-17 10:41:08 Баланс: 0.462836543132067$ | PnL: 0.743407 💵 | Сделок: 20 | WinRate: 100%
🔄 2025-09-17 10:45:53 Баланс: 0.462836543132067$ | PnL: 0.743407 💵 | Сделок: 20 | WinRate: 100%
🔄 2025-09-17 10:50:34 Баланс: 0.462836543132067$ | PnL: 0.743407 💵 | Сделок: 20 | WinRate: 100%
🔄 2025-09-17 10:55:12 Баланс: 0.462836543132067$ | PnL: 0.743407 💵 | Сделок: 20 | WinRate: 100%
🔄 2025-09-17 11:02:45 Баланс: 0.462836543132067$ | PnL: 0.743407 💵 | Сделок: 20 | WinRate: 100%
🔄 2025-09-17 11:10:11 Баланс: 0.462836543132067$ | PnL: 0.743407 💵 | Сделок: 20 | WinRate: 100%
🔄 2025-09-17 11:16:55 Баланс: 0.462836543132067$ | PnL: 0.743407 💵 | Сделок: 20 | WinRate: 100%
🔄 2025-09-17 11:22:41 Баланс: 0.462836543132067$ | PnL: 0.743407 💵 | Сделок: 20 | WinRate: 100%
🔄 2025-09-17 11:28:25 Баланс: 0.462836543132067$ | PnL: 0.743407 💵 | Сделок: 20 | WinRate: 100%
🔄 2025-09-17 11:34:38 Баланс: 0.462836543132067$ | PnL: 0.743407 💵 | Сделок: 20 | WinRate: 100%
🔄 2025-09-17 11:40:19 Баланс: 0.462836543132067$ | PnL: 0.743407 💵 | Сделок: 20 | WinRate: 100%
🔄 2025-09-17 11:45:19 Баланс: 0.462836543132067$ | PnL: 0.743407 💵 | Сделок: 20 | WinRate: 100%
🔄 2025-09-17 11:50:01 Баланс: 0.475320272052067$ | PnL: 0.75672993 💵 | Сделок: 21 | WinRate: 100%
🔄 2025-09-17 11:54:46 Баланс: 0.475320272052067$ | PnL: 0.75672993 💵 | Сделок: 21 | WinRate: 100%
🔄 2025-09-17 11:59:24 Баланс: 0.475320272052067$ | PnL: 0.75672993 💵 | Сделок: 21 | WinRate: 100%
🔄 2025-09-17 12:04:04 Баланс: 0.496436371253597$ | PnL: 0.77874588 💵 | Сделок: 22 | WinRate: 100%
🔄 2025-09-17 12:08:49 Баланс: 0.496436371253597$ | PnL: 0.77874588 💵 | Сделок: 22 | WinRate: 100%
🔄 2025-09-17 12:13:36 Баланс: 0.496436371253597$ | PnL: 0.77874588 💵 | Сделок: 22 | WinRate: 100%
🔄 2025-09-17 12:19:01 Баланс: 0.496436371253597$ | PnL: 0.77874588 💵 | Сделок: 22 | WinRate: 100%
🔄 2025-09-17 12:24:17 Баланс: 0.496436371253597$ | PnL: 0.77874588 💵 | Сделок: 22 | WinRate: 100%
🔄 2025-09-17 12:28:51 Баланс: 0.496436371253597$ | PnL: 0.77874588 💵 | Сделок: 22 | WinRate: 100%
🔄 2025-09-17 12:33:24 Баланс: 0.496436371253597$ | PnL: 0.77874588 💵 | Сделок: 22 | WinRate: 100%
🔄 2025-09-17 12:38:04 Баланс: 0.496436371253597$ | PnL: 0.77874588 💵 | Сделок: 22 | WinRate: 100%
🔄 2025-09-17 12:42:43 Баланс: 0.496436371253597$ | PnL: 0.77874588 💵 | Сделок: 22 | WinRate: 100%
🔄 2025-09-17 12:47:22 Баланс: 0.496436371253597$ | PnL: 0.77874588 💵 | Сделок: 22 | WinRate: 100%
🔄 2025-09-17 12:51:52 Баланс: 0.496436371253597$ | PnL: 0.77874588 💵 | Сделок: 22 | WinRate: 100%
🔄 2025-09-17 12:56:37 Баланс: 0.496436371253597$ | PnL: 0.77874588 💵 | Сделок: 22 | WinRate: 100%
🔄 2025-09-17 13:01:57 Баланс: 0.511395354523597$ | PnL: 0.7944717 💵 | Сделок: 23 | WinRate: 100%
🔄 2025-09-17 13:06:37 Баланс: 0.511395354523597$ | PnL: 0.7944717 💵 | Сделок: 23 | WinRate: 100%
🔄 2025-09-17 13:11:12 Баланс: 0.511395354523597$ | PnL: 0.7944717 💵 | Сделок: 23 | WinRate: 100%
🔄 2025-09-17 13:15:46 Баланс: 0.511395354523597$ | PnL: 0.7944717 💵 | Сделок: 23 | WinRate: 100%
🔄 2025-09-17 13:20:24 Баланс: 0.511395354523597$ | PnL: 0.7944717 💵 | Сделок: 23 | WinRate: 100%
🔄 2025-09-17 13:25:05 Баланс: 0.511395354523597$ | PnL: 0.7944717 💵 | Сделок: 23 | WinRate: 100%
🔄 2025-09-17 13:30:28 Баланс: 0.511395354523597$ | PnL: 0.7944717 💵 | Сделок: 23 | WinRate: 100%
🔄 2025-09-17 13:35:31 Баланс: 0.511395354523597$ | PnL: 0.7944717 💵 | Сделок: 23 | WinRate: 100%
🔄 2025-09-17 13:40:12 Баланс: 0.511395354523597$ | PnL: 0.7944717 💵 | Сделок: 23 | WinRate: 100%
🔄 2025-09-17 13:45:01 Баланс: 0.511395354523597$ | PnL: 0.7944717 💵 | Сделок: 23 | WinRate: 100%
🔄 2025-09-17 13:50:22 Баланс: 0.511395354523597$ | PnL: 0.7944717 💵 | Сделок: 23 | WinRate: 100%
🔄 2025-09-17 13:55:28 Баланс: 0.511395354523597$ | PnL: 0.7944717 💵 | Сделок: 23 | WinRate: 100%
🔄 2025-09-17 14:00:10 Баланс: 1.4830124645236$ | PnL: 0.7660766 💵 | Сделок: 24 | WinRate: 95.83%
🔄 2025-09-17 14:04:49 Баланс: 1.4575233071554$ | PnL: 0.74149029 💵 | Сделок: 25 | WinRate: 92%
🔄 2025-09-17 14:09:24 Баланс: 0.457612796895397$ | PnL: 0.74149029 💵 | Сделок: 25 | WinRate: 92%
🔄 2025-09-17 14:14:14 Баланс: 0.457612796895397$ | PnL: 0.74149029 💵 | Сделок: 25 | WinRate: 92%
🔄 2025-09-17 14:19:07 Баланс: 0.457612796895397$ | PnL: 0.74149029 💵 | Сделок: 25 | WinRate: 92%
🔄 2025-09-17 14:23:47 Баланс: 1.4347043768954$ | PnL: 0.71858521 💵 | Сделок: 26 | WinRate: 88.46%
🔄 2025-09-17 14:28:31 Баланс: 2.4148528768954$ | PnL: 0.69873416 💵 | Сделок: 27 | WinRate: 85.19%
🔄 2025-09-17 14:33:13 Баланс: 2.4148528768954$ | PnL: 0.69873416 💵 | Сделок: 27 | WinRate: 85.19%
🔄 2025-09-17 14:37:51 Баланс: 3.3950904965787$ | PnL: 0.67897178 💵 | Сделок: 28 | WinRate: 82.14%
🔄 2025-09-17 14:42:28 Баланс: 3.3950904965787$ | PnL: 0.67897178 💵 | Сделок: 28 | WinRate: 82.14%
🔄 2025-09-17 14:47:08 Баланс: 3.3950904965787$ | PnL: 0.67897178 💵 | Сделок: 28 | WinRate: 82.14%
🔄 2025-09-17 14:51:41 Баланс: 3.3950904965787$ | PnL: 0.67897178 💵 | Сделок: 28 | WinRate: 82.14%
🔄 2025-09-17 14:58:06 Баланс: 3.3950904965787$ | PnL: 0.67897178 💵 | Сделок: 28 | WinRate: 82.14%
🔄 2025-09-17 15:04:58 Баланс: 2.3941922571618$ | PnL: 0.67897178 💵 | Сделок: 28 | WinRate: 82.14%
🔄 2025-09-17 15:10:32 Баланс: 2.3941922571618$ | PnL: 0.67897178 💵 | Сделок: 28 | WinRate: 82.14%
🔄 2025-09-17 15:15:26 Баланс: 1.3932957633145$ | PnL: 0.67897178 💵 | Сделок: 28 | WinRate: 82.14%
🔄 2025-09-17 15:20:30 Баланс: 1.3932957633145$ | PnL: 0.67897178 💵 | Сделок: 28 | WinRate: 82.14%
🔄 2025-09-17 15:25:18 Баланс: 1.3932957633145$ | PnL: 0.67897178 💵 | Сделок: 28 | WinRate: 82.14%
🔄 2025-09-17 15:30:05 Баланс: 1.3932957633145$ | PnL: 0.67897178 💵 | Сделок: 28 | WinRate: 82.14%
🔄 2025-09-17 15:34:49 Баланс: 1.3932957633145$ | PnL: 0.67897178 💵 | Сделок: 28 | WinRate: 82.14%
🔄 2025-09-17 15:39:44 Баланс: 1.3932957633145$ | PnL: 0.67897178 💵 | Сделок: 28 | WinRate: 82.14%
🔄 2025-09-17 15:44:25 Баланс: 1.3932957633145$ | PnL: 0.67897178 💵 | Сделок: 28 | WinRate: 82.14%
🔄 2025-09-17 22:20:26 Баланс: 17.0939408509929$ | PnL: 0.29376948 💵 | Сделок: 49 | WinRate: 53.06%
🔄 2025-09-17 22:24:21 Баланс: 15.9270503296228$ | PnL: 0.11636246 💵 | Сделок: 59 | WinRate: 45.76%
🔄 2025-09-17 22:28:14 Баланс: 8.92071622916001$ | PnL: 0.11636246 💵 | Сделок: 59 | WinRate: 45.76%
🔄 2025-09-17 22:32:14 Баланс: 3.91604847431641$ | PnL: 0.11636246 💵 | Сделок: 59 | WinRate: 45.76%
🔄 2025-09-17 22:36:11 Баланс: 3.91604847431641$ | PnL: 0.11636246 💵 | Сделок: 59 | WinRate: 45.76%
🔄 2025-09-17 22:40:16 Баланс: 3.91604847431641$ | PnL: 0.11636246 💵 | Сделок: 59 | WinRate: 45.76%
🔄 2025-09-17 22:44:11 Баланс: 3.91604847431641$ | PnL: 0.11636246 💵 | Сделок: 59 | WinRate: 45.76%
🔄 2025-09-17 22:48:07 Баланс: 3.91604847431641$ | PnL: 0.11636246 💵 | Сделок: 59 | WinRate: 45.76%
🔄 2025-09-17 22:52:03 Баланс: 3.91604847431641$ | PnL: 0.11636246 💵 | Сделок: 59 | WinRate: 45.76%
🔄 2025-09-17 22:56:02 Баланс: 3.91604847431641$ | PnL: 0.11636246 💵 | Сделок: 59 | WinRate: 45.76%
🔄 2025-09-17 23:00:01 Баланс: 3.91604847431641$ | PnL: 0.11636246 💵 | Сделок: 59 | WinRate: 45.76%
🔄 2025-09-17 23:04:10 Баланс: 3.91604847431641$ | PnL: 0.11636246 💵 | Сделок: 59 | WinRate: 45.76%
🔄 2025-09-17 23:08:12 Баланс: 2.91515451975241$ | PnL: 0.11636246 💵 | Сделок: 59 | WinRate: 45.76%
🔄 2025-09-17 23:12:13 Баланс: 2.93924985336521$ | PnL: 0.14135531 💵 | Сделок: 60 | WinRate: 46.67%
🔄 2025-09-17 23:16:18 Баланс: 2.93924985336521$ | PnL: 0.14135531 💵 | Сделок: 60 | WinRate: 46.67%
🔄 2025-09-17 23:20:20 Баланс: 1.93834931928497$ | PnL: 0.14135531 💵 | Сделок: 60 | WinRate: 46.67%
🔄 2025-09-17 23:24:21 Баланс: 2.01592838269817$ | PnL: 0.22073689 💵 | Сделок: 62 | WinRate: 48.39%
🔄 2025-09-17 23:28:28 Баланс: 0.0141371906181682$ | PnL: 0.22073689 💵 | Сделок: 62 | WinRate: 48.39%
🔄 2025-09-17 23:32:33 Баланс: 0.0141371906181682$ | PnL: 0.22073689 💵 | Сделок: 62 | WinRate: 48.39%
🔄 2025-09-17 23:36:34 Баланс: 0.034526804686168$ | PnL: 0.24204403 💵 | Сделок: 63 | WinRate: 49.21%
🔄 2025-09-17 23:40:38 Баланс: 0.088311226250168$ | PnL: 0.29669951 💵 | Сделок: 64 | WinRate: 50%
🔄 2025-09-17 23:44:44 Баланс: 0.163494288759629$ | PnL: 0.37519525 💵 | Сделок: 67 | WinRate: 52.24%
🔄 2025-09-17 23:49:01 Баланс: 0.210775316545861$ | PnL: 0.42432047 💵 | Сделок: 69 | WinRate: 53.62%
🔄 2025-09-17 23:53:04 Баланс: 0.210775316545861$ | PnL: 0.42432047 💵 | Сделок: 69 | WinRate: 53.62%
🔄 2025-09-17 23:57:10 Баланс: 0.234414164600861$ | PnL: 0.4488708 💵 | Сделок: 70 | WinRate: 54.29%
🔄 2025-09-18 00:01:56 Баланс: 0.289435818598861$ | PnL: 0.50574093 💵 | Сделок: 72 | WinRate: 55.56%
🔄 2025-09-18 00:06:02 Баланс: 0.504965407246018$ | PnL: 0.72758069 💵 | Сделок: 79 | WinRate: 59.49%
🔄 2025-09-18 00:10:04 Баланс: 0.541947855786217$ | PnL: 0.76636771 💵 | Сделок: 81 | WinRate: 60.49%
🔄 2025-09-18 00:14:10 Баланс: 0.667675061316137$ | PnL: 0.89477543 💵 | Сделок: 84 | WinRate: 61.9%
🔄 2025-09-18 00:18:12 Баланс: 0.768636406467337$ | PnL: 0.99983742 💵 | Сделок: 89 | WinRate: 64.04%
🔄 2025-09-18 00:22:25 Баланс: 0.927066834062737$ | PnL: 1.16393554 💵 | Сделок: 94 | WinRate: 65.96%
🔄 2025-09-18 00:26:29 Баланс: 0.0101769322478373$ | PnL: 1.24973629 💵 | Сделок: 96 | WinRate: 66.67%
🔄 2025-09-18 00:30:34 Баланс: 0.0101769322478373$ | PnL: 1.24973629 💵 | Сделок: 96 | WinRate: 66.67%
🔄 2025-09-18 00:35:19 Баланс: 0.0101769322478373$ | PnL: 1.24973629 💵 | Сделок: 96 | WinRate: 66.67%
🔄 2025-09-18 00:39:24 Баланс: 0.0101769322478373$ | PnL: 1.24973629 💵 | Сделок: 96 | WinRate: 66.67%
🔄 2025-09-18 00:43:23 Баланс: 0.0101769322478373$ | PnL: 1.24973629 💵 | Сделок: 96 | WinRate: 66.67%
🔄 2025-09-18 00:47:21 Баланс: 0.0101769322478373$ | PnL: 1.24973629 💵 | Сделок: 96 | WinRate: 66.67%
🔄 2025-09-18 00:51:22 Баланс: 0.0101769322478373$ | PnL: 1.24973629 💵 | Сделок: 96 | WinRate: 66.67%
🔄 2025-09-18 00:55:24 Баланс: 0.0101769322478373$ | PnL: 1.24973629 💵 | Сделок: 96 | WinRate: 66.67%
🔄 2025-09-18 00:59:24 Баланс: 0.0101769322478373$ | PnL: 1.24973629 💵 | Сделок: 96 | WinRate: 66.67%
🔄 2025-09-18 01:03:24 Баланс: 0.0101769322478373$ | PnL: 1.24973629 💵 | Сделок: 96 | WinRate: 66.67%
🔄 2025-09-18 01:07:25 Баланс: 0.0101769322478373$ | PnL: 1.24973629 💵 | Сделок: 96 | WinRate: 66.67%
🔄 2025-09-18 01:11:27 Баланс: 0.0101769322478373$ | PnL: 1.24973629 💵 | Сделок: 96 | WinRate: 66.67%
🔄 2025-09-18 01:15:30 Баланс: 0.0101769322478373$ | PnL: 1.24973629 💵 | Сделок: 96 | WinRate: 66.67%
🔄 2025-09-18 01:19:34 Баланс: 0.0465732430938373$ | PnL: 1.28703304 💵 | Сделок: 97 | WinRate: 67.01%
🔄 2025-09-18 01:23:41 Баланс: 0.0465732430938373$ | PnL: 1.28703304 💵 | Сделок: 97 | WinRate: 67.01%
🔄 2025-09-18 01:27:42 Баланс: 0.0465732430938373$ | PnL: 1.28703304 💵 | Сделок: 97 | WinRate: 67.01%
🔄 2025-09-18 01:31:44 Баланс: 0.0465732430938373$ | PnL: 1.28703304 💵 | Сделок: 97 | WinRate: 67.01%
🔄 2025-09-18 01:35:49 Баланс: 0.121934479669838$ | PnL: 1.36337765 💵 | Сделок: 98 | WinRate: 67.35%
🔄 2025-09-18 01:39:55 Баланс: 0.121934479669838$ | PnL: 1.36337765 💵 | Сделок: 98 | WinRate: 67.35%
🔄 2025-09-18 01:43:58 Баланс: 0.177750363263038$ | PnL: 1.42009339 💵 | Сделок: 99 | WinRate: 67.68%
🔄 2025-09-18 01:48:00 Баланс: 0.177750363263038$ | PnL: 1.42009339 💵 | Сделок: 99 | WinRate: 67.68%
🔄 2025-09-18 01:52:05 Баланс: 0.212705424935338$ | PnL: 1.45594612 💵 | Сделок: 100 | WinRate: 68%
🔄 2025-09-18 01:56:10 Баланс: 0.210551882935338$ | PnL: 1.46559884 💵 | Сделок: 101 | WinRate: 68.32%
🔄 2025-09-18 02:00:14 Баланс: 0.210551882935338$ | PnL: 1.46559884 💵 | Сделок: 101 | WinRate: 68.32%
🔄 2025-09-18 02:04:18 Баланс: 0.222286674323638$ | PnL: 1.47823702 💵 | Сделок: 102 | WinRate: 68.63%
🔄 2025-09-18 02:08:22 Баланс: 0.30909058572691$ | PnL: 1.56774453 💵 | Сделок: 105 | WinRate: 69.52%
🔄 2025-09-18 02:12:25 Баланс: 0.36462642380091$ | PnL: 1.62472386 💵 | Сделок: 107 | WinRate: 70.09%
🔄 2025-09-18 02:16:32 Баланс: 0.40340107710691$ | PnL: 1.66445584 💵 | Сделок: 108 | WinRate: 70.37%
🔄 2025-09-18 02:20:40 Баланс: 0.558532671516909$ | PnL: 1.74430563 💵 | Сделок: 112 | WinRate: 71.43%
🔄 2025-09-18 02:24:43 Баланс: 0.630032978219009$ | PnL: 1.81760006 💵 | Сделок: 114 | WinRate: 71.93%
🔄 2025-09-18 02:28:44 Баланс: 0.666799071775543$ | PnL: 1.85629431 💵 | Сделок: 116 | WinRate: 72.41%
🔄 2025-09-18 02:32:47 Баланс: 0.666799071775543$ | PnL: 1.85629431 💵 | Сделок: 116 | WinRate: 72.41%
🔄 2025-09-18 02:36:56 Баланс: 0.694484207535543$ | PnL: 1.88487096 💵 | Сделок: 117 | WinRate: 72.65%
🔄 2025-09-18 02:40:58 Баланс: 0.750534863535543$ | PnL: 1.9023924 💵 | Сделок: 118 | WinRate: 72.88%
🔄 2025-09-18 02:45:00 Баланс: 0.811311068655542$ | PnL: 1.96494868 💵 | Сделок: 120 | WinRate: 73.33%
🔄 2025-09-18 02:49:02 Баланс: 0.867722036114543$ | PnL: 2.03977332 💵 | Сделок: 122 | WinRate: 73.77%
🔄 2025-09-18 02:53:02 Баланс: 0.917643829218042$ | PnL: 2.09059585 💵 | Сделок: 123 | WinRate: 73.98%
🔄 2025-09-18 02:57:10 Баланс: 0.0190594882180426$ | PnL: 2.11257878 💵 | Сделок: 124 | WinRate: 74.19%
🔄 2025-09-18 03:01:15 Баланс: 0.155058158488242$ | PnL: 2.25308714 💵 | Сделок: 129 | WinRate: 75.19%
🔄 2025-09-18 03:05:22 Баланс: 0.211567768394243$ | PnL: 2.31210307 💵 | Сделок: 131 | WinRate: 75.57%
🔄 2025-09-18 03:09:27 Баланс: 0.255513420578243$ | PnL: 2.3569548 💵 | Сделок: 132 | WinRate: 75.76%
🔄 2025-09-18 03:13:33 Баланс: 0.255513420578243$ | PnL: 2.3569548 💵 | Сделок: 132 | WinRate: 75.76%
🔄 2025-09-18 03:17:37 Баланс: 0.316648351991843$ | PnL: 2.41898489 💵 | Сделок: 133 | WinRate: 75.94%
🔄 2025-09-18 03:21:40 Баланс: 0.316648351991843$ | PnL: 2.41898489 💵 | Сделок: 133 | WinRate: 75.94%
🔄 2025-09-18 03:25:47 Баланс: 0.316648351991843$ | PnL: 2.41898489 💵 | Сделок: 133 | WinRate: 75.94%
🔄 2025-09-18 03:29:50 Баланс: 0.316648351991843$ | PnL: 2.41898489 💵 | Сделок: 133 | WinRate: 75.94%
🔄 2025-09-18 03:33:55 Баланс: 0.316648351991843$ | PnL: 2.41898489 💵 | Сделок: 133 | WinRate: 75.94%
🔄 2025-09-18 03:38:01 Баланс: 0.316648351991843$ | PnL: 2.41898489 💵 | Сделок: 133 | WinRate: 75.94%
🔄 2025-09-18 03:42:06 Баланс: 0.316648351991843$ | PnL: 2.41898489 💵 | Сделок: 133 | WinRate: 75.94%
🔄 2025-09-18 03:46:19 Баланс: 0.316648351991843$ | PnL: 2.41898489 💵 | Сделок: 133 | WinRate: 75.94%
🔄 2025-09-18 03:51:36 Баланс: 0.316648351991843$ | PnL: 2.41898489 💵 | Сделок: 133 | WinRate: 75.94%
🔄 2025-09-18 03:55:59 Баланс: 0.316648351991843$ | PnL: 2.41898489 💵 | Сделок: 133 | WinRate: 75.94%
🔄 2025-09-18 04:00:27 Баланс: 0.316648351991843$ | PnL: 2.41898489 💵 | Сделок: 133 | WinRate: 75.94%
🔄 2025-09-18 04:05:36 Баланс: 0.316648351991843$ | PnL: 2.41898489 💵 | Сделок: 133 | WinRate: 75.94%
🔄 2025-09-18 04:09:38 Баланс: 0.316648351991843$ | PnL: 2.41898489 💵 | Сделок: 133 | WinRate: 75.94%
🔄 2025-09-18 04:14:27 Баланс: 0.316648351991843$ | PnL: 2.41898489 💵 | Сделок: 133 | WinRate: 75.94%
🔄 2025-09-18 04:18:36 Баланс: 0.316648351991843$ | PnL: 2.41898489 💵 | Сделок: 133 | WinRate: 75.94%
🔄 2025-09-18 04:22:41 Баланс: 0.373205817484343$ | PnL: 2.47844863 💵 | Сделок: 135 | WinRate: 76.3%
🔄 2025-09-18 04:26:44 Баланс: 0.373205817484343$ | PnL: 2.47844863 💵 | Сделок: 135 | WinRate: 76.3%
🔄 2025-09-18 04:30:55 Баланс: 0.373205817484343$ | PnL: 2.47844863 💵 | Сделок: 135 | WinRate: 76.3%
🔄 2025-09-18 04:34:59 Баланс: 0.373205817484343$ | PnL: 2.47844863 💵 | Сделок: 135 | WinRate: 76.3%
🔄 2025-09-18 04:40:10 Баланс: 0.373205817484343$ | PnL: 2.47844863 💵 | Сделок: 135 | WinRate: 76.3%
🔄 2025-09-18 04:44:13 Баланс: 0.413420260608343$ | PnL: 2.51957967 💵 | Сделок: 136 | WinRate: 76.47%
🔄 2025-09-18 04:48:18 Баланс: 0.413420260608343$ | PnL: 2.51957967 💵 | Сделок: 136 | WinRate: 76.47%
🔄 2025-09-18 04:52:20 Баланс: 0.413420260608343$ | PnL: 2.51957967 💵 | Сделок: 136 | WinRate: 76.47%
🔄 2025-09-18 04:56:27 Баланс: 0.413420260608343$ | PnL: 2.51957967 💵 | Сделок: 136 | WinRate: 76.47%
🔄 2025-09-18 05:00:29 Баланс: 0.413420260608343$ | PnL: 2.51957967 💵 | Сделок: 136 | WinRate: 76.47%
🔄 2025-09-18 05:04:37 Баланс: 0.413420260608343$ | PnL: 2.51957967 💵 | Сделок: 136 | WinRate: 76.47%
🔄 2025-09-18 05:08:41 Баланс: 0.413420260608343$ | PnL: 2.51957967 💵 | Сделок: 136 | WinRate: 76.47%
🔄 2025-09-18 05:12:44 Баланс: 0.413420260608343$ | PnL: 2.51957967 💵 | Сделок: 136 | WinRate: 76.47%
🔄 2025-09-18 05:17:31 Баланс: 0.413420260608343$ | PnL: 2.51957967 💵 | Сделок: 136 | WinRate: 76.47%
🔄 2025-09-18 05:21:36 Баланс: 0.413420260608343$ | PnL: 2.51957967 💵 | Сделок: 136 | WinRate: 76.47%
🔄 2025-09-18 05:25:40 Баланс: 0.413420260608343$ | PnL: 2.51957967 💵 | Сделок: 136 | WinRate: 76.47%
🔄 2025-09-18 05:29:42 Баланс: 0.413420260608343$ | PnL: 2.51957967 💵 | Сделок: 136 | WinRate: 76.47%
🔄 2025-09-18 05:33:54 Баланс: 0.413420260608343$ | PnL: 2.51957967 💵 | Сделок: 136 | WinRate: 76.47%
🔄 2025-09-18 05:37:59 Баланс: 0.413420260608343$ | PnL: 2.51957967 💵 | Сделок: 136 | WinRate: 76.47%
🔄 2025-09-18 05:41:57 Баланс: 0.413420260608343$ | PnL: 2.51957967 💵 | Сделок: 136 | WinRate: 76.47%
🔄 2025-09-18 05:46:33 Баланс: 0.413420260608343$ | PnL: 2.51957967 💵 | Сделок: 136 | WinRate: 76.47%
🔄 2025-09-18 05:50:31 Баланс: 0.413420260608343$ | PnL: 2.51957967 💵 | Сделок: 136 | WinRate: 76.47%
🔄 2025-09-18 05:54:30 Баланс: 0.413420260608343$ | PnL: 2.51957967 💵 | Сделок: 136 | WinRate: 76.47%
🔄 2025-09-18 05:58:28 Баланс: 0.442865114608343$ | PnL: 2.55092384 💵 | Сделок: 137 | WinRate: 76.64%
🔄 2025-09-18 06:02:27 Баланс: 0.442865114608343$ | PnL: 2.55092384 💵 | Сделок: 137 | WinRate: 76.64%
🔄 2025-09-18 06:06:23 Баланс: 0.486297718448193$ | PnL: 2.59525563 💵 | Сделок: 138 | WinRate: 76.81%
🔄 2025-09-18 06:10:18 Баланс: 0.486297718448193$ | PnL: 2.59525563 💵 | Сделок: 138 | WinRate: 76.81%
🔄 2025-09-18 06:14:20 Баланс: 0.486297718448193$ | PnL: 2.59525563 💵 | Сделок: 138 | WinRate: 76.81%
🔄 2025-09-18 06:18:59 Баланс: 0.486297718448193$ | PnL: 2.59525563 💵 | Сделок: 138 | WinRate: 76.81%
🔄 2025-09-18 06:22:57 Баланс: 0.486297718448193$ | PnL: 2.59525563 💵 | Сделок: 138 | WinRate: 76.81%
🔄 2025-09-18 06:27:30 Баланс: 0.486297718448193$ | PnL: 2.59525563 💵 | Сделок: 138 | WinRate: 76.81%
🔄 2025-09-18 06:31:24 Баланс: 0.486297718448193$ | PnL: 2.59525563 💵 | Сделок: 138 | WinRate: 76.81%
🔄 2025-09-18 06:35:19 Баланс: 0.486297718448193$ | PnL: 2.59525563 💵 | Сделок: 138 | WinRate: 76.81%
🔄 2025-09-18 06:39:19 Баланс: 0.486297718448193$ | PnL: 2.59525563 💵 | Сделок: 138 | WinRate: 76.81%
🔄 2025-09-18 06:43:12 Баланс: 0.486297718448193$ | PnL: 2.59525563 💵 | Сделок: 138 | WinRate: 76.81%
🔄 2025-09-18 06:47:07 Баланс: 0.486297718448193$ | PnL: 2.59525563 💵 | Сделок: 138 | WinRate: 76.81%
🔄 2025-09-18 06:51:03 Баланс: 0.486297718448193$ | PnL: 2.59525563 💵 | Сделок: 138 | WinRate: 76.81%
🔄 2025-09-18 06:54:57 Баланс: 0.486297718448193$ | PnL: 2.59525563 💵 | Сделок: 138 | WinRate: 76.81%
🔄 2025-09-18 06:58:51 Баланс: 0.486297718448193$ | PnL: 2.59525563 💵 | Сделок: 138 | WinRate: 76.81%
🔄 2025-09-18 07:02:46 Баланс: 0.561196222575193$ | PnL: 2.67193287 💵 | Сделок: 140 | WinRate: 77.14%
🔄 2025-09-18 07:06:53 Баланс: 0.561196222575193$ | PnL: 2.67193287 💵 | Сделок: 140 | WinRate: 77.14%
🔄 2025-09-18 07:10:48 Баланс: 0.561196222575193$ | PnL: 2.67193287 💵 | Сделок: 140 | WinRate: 77.14%
🔄 2025-09-18 07:14:45 Баланс: 0.593133057768193$ | PnL: 2.70476565 💵 | Сделок: 141 | WinRate: 77.3%
🔄 2025-09-18 07:18:42 Баланс: 0.593133057768193$ | PnL: 2.70476565 💵 | Сделок: 141 | WinRate: 77.3%
🔄 2025-09-18 07:22:40 Баланс: 0.611331366968892$ | PnL: 2.72386214 💵 | Сделок: 142 | WinRate: 77.46%
🔄 2025-09-18 07:26:40 Баланс: 0.611331366968892$ | PnL: 2.72386214 💵 | Сделок: 142 | WinRate: 77.46%
🔄 2025-09-18 07:30:36 Баланс: 0.638931773216892$ | PnL: 2.75236424 💵 | Сделок: 143 | WinRate: 77.62%
🔄 2025-09-18 07:34:34 Баланс: 0.631015975216892$ | PnL: 2.77352457 💵 | Сделок: 144 | WinRate: 77.78%
🔄 2025-09-18 07:38:34 Баланс: 0.631015975216892$ | PnL: 2.77352457 💵 | Сделок: 144 | WinRate: 77.78%
🔄 2025-09-18 07:42:33 Баланс: 0.655327575416892$ | PnL: 2.79822192 💵 | Сделок: 145 | WinRate: 77.93%
🔄 2025-09-18 07:46:33 Баланс: 0.655327575416892$ | PnL: 2.79822192 💵 | Сделок: 145 | WinRate: 77.93%
🔄 2025-09-18 07:51:17 Баланс: 0.655327575416892$ | PnL: 2.79822192 💵 | Сделок: 145 | WinRate: 77.93%
🔄 2025-09-18 07:55:14 Баланс: 0.655327575416892$ | PnL: 2.79822192 💵 | Сделок: 145 | WinRate: 77.93%
🔄 2025-09-18 07:59:17 Баланс: 0.655327575416892$ | PnL: 2.79822192 💵 | Сделок: 145 | WinRate: 77.93%
🔄 2025-09-18 08:03:16 Баланс: 0.669969121636892$ | PnL: 2.81377791 💵 | Сделок: 146 | WinRate: 78.08%
🔄 2025-09-18 08:07:19 Баланс: 0.702310606740892$ | PnL: 2.84717355 💵 | Сделок: 147 | WinRate: 78.23%
🔄 2025-09-18 08:11:17 Баланс: 0.702310606740892$ | PnL: 2.84717355 💵 | Сделок: 147 | WinRate: 78.23%
🔄 2025-09-18 08:15:12 Баланс: 0.756767384082892$ | PnL: 2.9024639 💵 | Сделок: 148 | WinRate: 78.38%
🔄 2025-09-18 08:19:12 Баланс: 0.756767384082892$ | PnL: 2.9024639 💵 | Сделок: 148 | WinRate: 78.38%
🔄 2025-09-18 08:23:13 Баланс: 0.756767384082892$ | PnL: 2.9024639 💵 | Сделок: 148 | WinRate: 78.38%
🔄 2025-09-18 08:27:12 Баланс: 0.756767384082892$ | PnL: 2.9024639 💵 | Сделок: 148 | WinRate: 78.38%
🔄 2025-09-18 08:31:10 Баланс: 0.756767384082892$ | PnL: 2.9024639 💵 | Сделок: 148 | WinRate: 78.38%
🔄 2025-09-18 08:35:12 Баланс: 0.756767384082892$ | PnL: 2.9024639 💵 | Сделок: 148 | WinRate: 78.38%
🔄 2025-09-18 08:39:11 Баланс: 0.777179486075692$ | PnL: 2.92377729 💵 | Сделок: 149 | WinRate: 78.52%
🔄 2025-09-18 08:43:30 Баланс: 0.777179486075692$ | PnL: 2.92377729 💵 | Сделок: 149 | WinRate: 78.52%
🔄 2025-09-18 08:47:55 Баланс: 0.893253477153692$ | PnL: 3.04104576 💵 | Сделок: 151 | WinRate: 78.81%
🔄 2025-09-18 08:52:41 Баланс: 0.893253477153692$ | PnL: 3.04104576 💵 | Сделок: 151 | WinRate: 78.81%
🔄 2025-09-18 08:56:45 Баланс: 0.893253477153692$ | PnL: 3.04104576 💵 | Сделок: 151 | WinRate: 78.81%
🔄 2025-09-18 09:00:55 Баланс: 0.893253477153692$ | PnL: 3.04104576 💵 | Сделок: 151 | WinRate: 78.81%
🔄 2025-09-18 09:05:32 Баланс: 0.893253477153692$ | PnL: 3.04104576 💵 | Сделок: 151 | WinRate: 78.81%
🔄 2025-09-18 09:09:35 Баланс: 0.893253477153692$ | PnL: 3.04104576 💵 | Сделок: 151 | WinRate: 78.81%
🔄 2025-09-18 09:13:51 Баланс: 0.893253477153692$ | PnL: 3.04104576 💵 | Сделок: 151 | WinRate: 78.81%
🔄 2025-09-18 09:17:53 Баланс: 0.893253477153692$ | PnL: 3.04104576 💵 | Сделок: 151 | WinRate: 78.81%
🔄 2025-09-18 09:22:19 Баланс: 0.893253477153692$ | PnL: 3.04104576 💵 | Сделок: 151 | WinRate: 78.81%
🔄 2025-09-18 09:26:22 Баланс: 0.893253477153692$ | PnL: 3.04104576 💵 | Сделок: 151 | WinRate: 78.81%
🔄 2025-09-18 09:30:23 Баланс: 0.893253477153692$ | PnL: 3.04104576 💵 | Сделок: 151 | WinRate: 78.81%
🔄 2025-09-18 09:34:26 Баланс: 0.893253477153692$ | PnL: 3.04104576 💵 | Сделок: 151 | WinRate: 78.81%
🔄 2025-09-18 09:38:45 Баланс: 0.893253477153692$ | PnL: 3.04104576 💵 | Сделок: 151 | WinRate: 78.81%
🔄 2025-09-18 09:42:58 Баланс: 0.893253477153692$ | PnL: 3.04104576 💵 | Сделок: 151 | WinRate: 78.81%
🔄 2025-09-18 09:46:59 Баланс: 0.893253477153692$ | PnL: 3.04104576 💵 | Сделок: 151 | WinRate: 78.81%
🔄 2025-09-18 09:51:35 Баланс: 0.893253477153692$ | PnL: 3.04104576 💵 | Сделок: 151 | WinRate: 78.81%
🔄 2025-09-18 09:56:46 Баланс: 0.893253477153692$ | PnL: 3.04104576 💵 | Сделок: 151 | WinRate: 78.81%
🔄 2025-09-18 10:01:03 Баланс: 0.893253477153692$ | PnL: 3.04104576 💵 | Сделок: 151 | WinRate: 78.81%
🔄 2025-09-18 10:05:05 Баланс: 0.893253477153692$ | PnL: 3.04104576 💵 | Сделок: 151 | WinRate: 78.81%
🔄 2025-09-18 10:09:09 Баланс: 0.893253477153692$ | PnL: 3.04104576 💵 | Сделок: 151 | WinRate: 78.81%
🔄 2025-09-18 10:13:42 Баланс: 0.979833362023392$ | PnL: 3.12852986 💵 | Сделок: 152 | WinRate: 78.95%
🔄 2025-09-18 10:18:19 Баланс: 0.979833362023392$ | PnL: 3.12852986 💵 | Сделок: 152 | WinRate: 78.95%
🔄 2025-09-18 10:22:22 Баланс: 0.979833362023392$ | PnL: 3.12852986 💵 | Сделок: 152 | WinRate: 78.95%
🔄 2025-09-18 10:26:24 Баланс: 0.979833362023392$ | PnL: 3.12852986 💵 | Сделок: 152 | WinRate: 78.95%
🔄 2025-09-18 10:30:19 Баланс: 0.979833362023392$ | PnL: 3.12852986 💵 | Сделок: 152 | WinRate: 78.95%
🔄 2025-09-18 10:34:58 Баланс: 0.979833362023392$ | PnL: 3.12852986 💵 | Сделок: 152 | WinRate: 78.95%
🔄 2025-09-18 10:38:54 Баланс: 0.979833362023392$ | PnL: 3.12852986 💵 | Сделок: 152 | WinRate: 78.95%
🔄 2025-09-18 10:42:52 Баланс: 2.01237058202339$ | PnL: 3.16106714 💵 | Сделок: 153 | WinRate: 79.08%
🔄 2025-09-18 10:46:49 Баланс: 2.01237058202339$ | PnL: 3.16106714 💵 | Сделок: 153 | WinRate: 79.08%
🔄 2025-09-18 10:50:46 Баланс: 0.0105836517755926$ | PnL: 3.16106714 💵 | Сделок: 153 | WinRate: 79.08%
🔄 2025-09-18 10:54:42 Баланс: 0.0105836517755926$ | PnL: 3.16106714 💵 | Сделок: 153 | WinRate: 79.08%
🔄 2025-09-18 10:58:37 Баланс: 0.0105836517755926$ | PnL: 3.16106714 💵 | Сделок: 153 | WinRate: 79.08%
🔄 2025-09-18 11:02:31 Баланс: 0.0105836517755926$ | PnL: 3.16106714 💵 | Сделок: 153 | WinRate: 79.08%
🔄 2025-09-18 11:06:28 Баланс: 0.0105836517755926$ | PnL: 3.16106714 💵 | Сделок: 153 | WinRate: 79.08%
🔄 2025-09-18 11:10:24 Баланс: 0.0105836517755926$ | PnL: 3.16106714 💵 | Сделок: 153 | WinRate: 79.08%
🔄 2025-09-18 11:14:19 Баланс: 0.0498747984575925$ | PnL: 3.20131934 💵 | Сделок: 154 | WinRate: 79.22%
🔄 2025-09-18 11:18:16 Баланс: 0.0498747984575925$ | PnL: 3.20131934 💵 | Сделок: 154 | WinRate: 79.22%
🔄 2025-09-18 11:22:11 Баланс: 0.0498747984575925$ | PnL: 3.20131934 💵 | Сделок: 154 | WinRate: 79.22%
🔄 2025-09-18 11:26:09 Баланс: 0.0498747984575925$ | PnL: 3.20131934 💵 | Сделок: 154 | WinRate: 79.22%
🔄 2025-09-18 11:30:05 Баланс: 0.0498747984575925$ | PnL: 3.20131934 💵 | Сделок: 154 | WinRate: 79.22%
🔄 2025-09-18 11:34:45 Баланс: 0.0498747984575925$ | PnL: 3.20131934 💵 | Сделок: 154 | WinRate: 79.22%
🔄 2025-09-18 11:38:48 Баланс: 0.0498747984575925$ | PnL: 3.20131934 💵 | Сделок: 154 | WinRate: 79.22%
🔄 2025-09-18 11:42:47 Баланс: 0.0498747984575925$ | PnL: 3.20131934 💵 | Сделок: 154 | WinRate: 79.22%
🔄 2025-09-18 11:46:43 Баланс: 0.0876844129655923$ | PnL: 3.24000466 💵 | Сделок: 155 | WinRate: 79.35%
🔄 2025-09-18 11:50:40 Баланс: 0.0876844129655923$ | PnL: 3.24000466 💵 | Сделок: 155 | WinRate: 79.35%
🔄 2025-09-18 11:54:37 Баланс: 0.0876844129655923$ | PnL: 3.24000466 💵 | Сделок: 155 | WinRate: 79.35%
🔄 2025-09-18 11:58:34 Баланс: 0.120585571217592$ | PnL: 3.27380733 💵 | Сделок: 156 | WinRate: 79.49%
🔄 2025-09-18 12:02:32 Баланс: 0.120585571217592$ | PnL: 3.27380733 💵 | Сделок: 156 | WinRate: 79.49%
🔄 2025-09-18 12:06:34 Баланс: 0.120585571217592$ | PnL: 3.27380733 💵 | Сделок: 156 | WinRate: 79.49%
🔄 2025-09-18 12:10:35 Баланс: 0.120585571217592$ | PnL: 3.27380733 💵 | Сделок: 156 | WinRate: 79.49%
🔄 2025-09-18 12:14:33 Баланс: 0.120585571217592$ | PnL: 3.27380733 💵 | Сделок: 156 | WinRate: 79.49%
🔄 2025-09-18 12:18:33 Баланс: 0.140909996167592$ | PnL: 3.29504585 💵 | Сделок: 157 | WinRate: 79.62%
🔄 2025-09-18 12:22:38 Баланс: 0.163459738687592$ | PnL: 3.31848637 💵 | Сделок: 158 | WinRate: 79.75%
🔄 2025-09-18 12:26:37 Баланс: 0.163459738687592$ | PnL: 3.31848637 💵 | Сделок: 158 | WinRate: 79.75%
🔄 2025-09-18 12:30:48 Баланс: 0.163459738687592$ | PnL: 3.31848637 💵 | Сделок: 158 | WinRate: 79.75%
🔄 2025-09-18 12:34:48 Баланс: 0.163459738687592$ | PnL: 3.31848637 💵 | Сделок: 158 | WinRate: 79.75%
🔄 2025-09-18 12:38:44 Баланс: 0.163459738687592$ | PnL: 3.31848637 💵 | Сделок: 158 | WinRate: 79.75%
🔄 2025-09-18 12:42:46 Баланс: 0.232084564767592$ | PnL: 3.38866057 💵 | Сделок: 160 | WinRate: 80%
🔄 2025-09-18 12:46:42 Баланс: 0.232084564767592$ | PnL: 3.38866057 💵 | Сделок: 160 | WinRate: 80%
🔄 2025-09-18 12:50:39 Баланс: 0.232084564767592$ | PnL: 3.38866057 💵 | Сделок: 160 | WinRate: 80%
🔄 2025-09-18 12:54:34 Баланс: 0.264007030203012$ | PnL: 3.42148206 💵 | Сделок: 161 | WinRate: 80.12%
🔄 2025-09-18 12:58:42 Баланс: 0.264007030203012$ | PnL: 3.42148206 💵 | Сделок: 161 | WinRate: 80.12%
🔄 2025-09-18 13:03:16 Баланс: 0.264007030203012$ | PnL: 3.42148206 💵 | Сделок: 161 | WinRate: 80.12%
🔄 2025-09-18 13:07:49 Баланс: 0.320308036934811$ | PnL: 3.47868348 💵 | Сделок: 162 | WinRate: 80.25%
🔄 2025-09-18 13:12:27 Баланс: 0.320308036934811$ | PnL: 3.47868348 💵 | Сделок: 162 | WinRate: 80.25%
🔄 2025-09-18 13:17:06 Баланс: 0.331456882118812$ | PnL: 3.49072236 💵 | Сделок: 163 | WinRate: 80.37%
🔄 2025-09-18 13:21:35 Баланс: 0.331456882118812$ | PnL: 3.49072236 💵 | Сделок: 163 | WinRate: 80.37%
🔄 2025-09-18 13:26:46 Баланс: 0.331456882118812$ | PnL: 3.49072236 💵 | Сделок: 163 | WinRate: 80.37%
🔄 2025-09-18 13:31:26 Баланс: 0.331456882118812$ | PnL: 3.49072236 💵 | Сделок: 163 | WinRate: 80.37%
🔄 2025-09-18 13:36:12 Баланс: 0.331456882118812$ | PnL: 3.49072236 💵 | Сделок: 163 | WinRate: 80.37%
🔄 2025-09-18 13:41:35 Баланс: 0.331456882118812$ | PnL: 3.49072236 💵 | Сделок: 163 | WinRate: 80.37%
🔄 2025-09-18 13:46:30 Баланс: 0.331456882118812$ | PnL: 3.49072236 💵 | Сделок: 163 | WinRate: 80.37%
🔄 2025-09-18 13:50:57 Баланс: 0.331456882118812$ | PnL: 3.49072236 💵 | Сделок: 163 | WinRate: 80.37%
🔄 2025-09-18 13:55:17 Баланс: 0.331456882118812$ | PnL: 3.49072236 💵 | Сделок: 163 | WinRate: 80.37%
🔄 2025-09-18 13:59:33 Баланс: 0.356972083028812$ | PnL: 3.51715659 💵 | Сделок: 164 | WinRate: 80.49%
🔄 2025-09-18 14:03:49 Баланс: 0.356972083028812$ | PnL: 3.51715659 💵 | Сделок: 164 | WinRate: 80.49%
🔄 2025-09-18 14:08:03 Баланс: 0.382994520678812$ | PnL: 3.54408664 💵 | Сделок: 165 | WinRate: 80.61%
🔄 2025-09-18 14:13:20 Баланс: 0.382994520678812$ | PnL: 3.54408664 💵 | Сделок: 165 | WinRate: 80.61%
🔄 2025-09-18 14:17:43 Баланс: 0.382994520678812$ | PnL: 3.54408664 💵 | Сделок: 165 | WinRate: 80.61%
🔄 2025-09-18 14:22:01 Баланс: 0.382994520678812$ | PnL: 3.54408664 💵 | Сделок: 165 | WinRate: 80.61%
🔄 2025-09-18 14:26:23 Баланс: 0.382994520678812$ | PnL: 3.54408664 💵 | Сделок: 165 | WinRate: 80.61%
🔄 2025-09-18 14:30:49 Баланс: 0.382994520678812$ | PnL: 3.54408664 💵 | Сделок: 165 | WinRate: 80.61%
🔄 2025-09-18 14:35:09 Баланс: 0.382994520678812$ | PnL: 3.54408664 💵 | Сделок: 165 | WinRate: 80.61%
🔄 2025-09-18 14:40:10 Баланс: 0.382994520678812$ | PnL: 3.54408664 💵 | Сделок: 165 | WinRate: 80.61%
🔄 2025-09-18 14:44:50 Баланс: 0.408046854298412$ | PnL: 3.57002701 💵 | Сделок: 166 | WinRate: 80.72%
🔄 2025-09-18 14:49:13 Баланс: 0.408046854298412$ | PnL: 3.57002701 💵 | Сделок: 166 | WinRate: 80.72%
🔄 2025-09-18 14:53:27 Баланс: 0.489092200003312$ | PnL: 3.65197179 💵 | Сделок: 167 | WinRate: 80.84%
🔄 2025-09-18 14:57:36 Баланс: 0.504466387240312$ | PnL: 3.66825383 💵 | Сделок: 168 | WinRate: 80.95%
🔄 2025-09-18 15:01:44 Баланс: 0.504466387240312$ | PnL: 3.66825383 💵 | Сделок: 168 | WinRate: 80.95%
🔄 2025-09-18 15:05:51 Баланс: 0.504466387240312$ | PnL: 3.66825383 💵 | Сделок: 168 | WinRate: 80.95%
🔄 2025-09-18 15:10:06 Баланс: 0.504466387240312$ | PnL: 3.66825383 💵 | Сделок: 168 | WinRate: 80.95%
🔄 2025-09-18 15:14:19 Баланс: 0.504466387240312$ | PnL: 3.66825383 💵 | Сделок: 168 | WinRate: 80.95%
🔄 2025-09-18 15:18:31 Баланс: 0.504466387240312$ | PnL: 3.66825383 💵 | Сделок: 168 | WinRate: 80.95%
🔄 2025-09-18 15:22:48 Баланс: 0.504466387240312$ | PnL: 3.66825383 💵 | Сделок: 168 | WinRate: 80.95%
🔄 2025-09-18 15:27:03 Баланс: 0.504466387240312$ | PnL: 3.66825383 💵 | Сделок: 168 | WinRate: 80.95%
🔄 2025-09-18 15:31:19 Баланс: 0.504466387240312$ | PnL: 3.66825383 💵 | Сделок: 168 | WinRate: 80.95%
🔄 2025-09-18 15:35:38 Баланс: 0.504466387240312$ | PnL: 3.66825383 💵 | Сделок: 168 | WinRate: 80.95%
🔄 2025-09-18 15:39:55 Баланс: 0.504466387240312$ | PnL: 3.66825383 💵 | Сделок: 168 | WinRate: 80.95%
🔄 2025-09-18 15:44:20 Баланс: 0.504466387240312$ | PnL: 3.66825383 💵 | Сделок: 168 | WinRate: 80.95%
🔄 2025-09-18 15:48:24 Баланс: 0.504466387240312$ | PnL: 3.66825383 💵 | Сделок: 168 | WinRate: 80.95%
🔄 2025-09-18 15:52:28 Баланс: 0.519354848198812$ | PnL: 3.68403746 💵 | Сделок: 169 | WinRate: 81.07%
🔄 2025-09-18 15:56:27 Баланс: 0.519354848198812$ | PnL: 3.68403746 💵 | Сделок: 169 | WinRate: 81.07%
🔄 2025-09-18 16:00:27 Баланс: 0.561595164048812$ | PnL: 3.72717703 💵 | Сделок: 170 | WinRate: 81.18%
🔄 2025-09-18 16:04:26 Баланс: 0.561595164048812$ | PnL: 3.72717703 💵 | Сделок: 170 | WinRate: 81.18%
🔄 2025-09-18 16:08:49 Баланс: 0.561595164048812$ | PnL: 3.72717703 💵 | Сделок: 170 | WinRate: 81.18%
🔄 2025-09-18 16:13:09 Баланс: 0.561595164048812$ | PnL: 3.72717703 💵 | Сделок: 170 | WinRate: 81.18%
🔄 2025-09-18 16:17:42 Баланс: 0.588748381448812$ | PnL: 3.75546453 💵 | Сделок: 171 | WinRate: 81.29%
🔄 2025-09-18 16:22:05 Баланс: 0.588748381448812$ | PnL: 3.75546453 💵 | Сделок: 171 | WinRate: 81.29%
🔄 2025-09-18 16:26:08 Баланс: 0.588748381448812$ | PnL: 3.75546453 💵 | Сделок: 171 | WinRate: 81.29%
🔄 2025-09-18 16:30:16 Баланс: 0.588748381448812$ | PnL: 3.75546453 💵 | Сделок: 171 | WinRate: 81.29%
🔄 2025-09-18 16:34:16 Баланс: 0.644936385637612$ | PnL: 3.81344355 💵 | Сделок: 173 | WinRate: 81.5%
🔄 2025-09-18 16:38:15 Баланс: 0.644936385637612$ | PnL: 3.81344355 💵 | Сделок: 173 | WinRate: 81.5%
🔄 2025-09-18 16:42:19 Баланс: 0.663804086250212$ | PnL: 3.83320322 💵 | Сделок: 174 | WinRate: 81.61%
🔄 2025-09-18 16:46:21 Баланс: 0.752256027070012$ | PnL: 3.92255077 💵 | Сделок: 175 | WinRate: 81.71%
🔄 2025-09-18 16:50:39 Баланс: 0.752256027070012$ | PnL: 3.92255077 💵 | Сделок: 175 | WinRate: 81.71%
🔄 2025-09-18 16:54:50 Баланс: 0.752256027070012$ | PnL: 3.92255077 💵 | Сделок: 175 | WinRate: 81.71%
🔄 2025-09-18 16:58:50 Баланс: 0.752256027070012$ | PnL: 3.92255077 💵 | Сделок: 175 | WinRate: 81.71%
🔄 2025-09-18 17:04:08 Баланс: 0.752256027070012$ | PnL: 3.92255077 💵 | Сделок: 175 | WinRate: 81.71%
🔄 2025-09-18 17:08:04 Баланс: 0.752256027070012$ | PnL: 3.92255077 💵 | Сделок: 175 | WinRate: 81.71%
🔄 2025-09-18 17:11:58 Баланс: 0.752256027070012$ | PnL: 3.92255077 💵 | Сделок: 175 | WinRate: 81.71%
🔄 2025-09-18 17:15:52 Баланс: 0.752256027070012$ | PnL: 3.92255077 💵 | Сделок: 175 | WinRate: 81.71%
🔄 2025-09-18 17:20:10 Баланс: 0.770194681242712$ | PnL: 3.94138943 💵 | Сделок: 176 | WinRate: 81.82%
🔄 2025-09-18 17:25:02 Баланс: 0.770194681242712$ | PnL: 3.94138943 💵 | Сделок: 176 | WinRate: 81.82%
🔄 2025-09-18 17:29:24 Баланс: 0.793666937364712$ | PnL: 3.96576282 💵 | Сделок: 177 | WinRate: 81.92%
🔄 2025-09-18 17:35:31 Баланс: 0.793666937364712$ | PnL: 3.96576282 💵 | Сделок: 177 | WinRate: 81.92%
🔄 2025-09-18 17:40:26 Баланс: 0.819624013524712$ | PnL: 3.99272722 💵 | Сделок: 178 | WinRate: 82.02%
🔄 2025-09-18 17:45:28 Баланс: 0.845804528867512$ | PnL: 4.01980742 💵 | Сделок: 179 | WinRate: 82.12%
🔄 2025-09-18 17:51:09 Баланс: 0.845804528867512$ | PnL: 4.01980742 💵 | Сделок: 179 | WinRate: 82.12%
🔄 2025-09-18 17:59:48 Баланс: 0.890591429474712$ | PnL: 4.06549458 💵 | Сделок: 180 | WinRate: 82.22%
🔄 2025-09-18 18:06:11 Баланс: 0.890591429474712$ | PnL: 4.06549458 💵 | Сделок: 180 | WinRate: 82.22%
🔄 2025-09-18 18:12:25 Баланс: 0.890591429474712$ | PnL: 4.06549458 💵 | Сделок: 180 | WinRate: 82.22%
🔄 2025-09-18 18:19:37 Баланс: 0.827420849474712$ | PnL: 4.12073606 💵 | Сделок: 181 | WinRate: 82.32%
🔄 2025-09-18 18:26:11 Баланс: 0.887753204785712$ | PnL: 4.18163164 💵 | Сделок: 183 | WinRate: 82.51%
🔄 2025-09-18 18:32:17 Баланс: 0.920430736825712$ | PnL: 4.21525083 💵 | Сделок: 184 | WinRate: 82.61%
🔄 2025-09-18 18:38:59 Баланс: 0.964865449109712$ | PnL: 4.26059114 💵 | Сделок: 185 | WinRate: 82.7%
🔄 2025-09-18 18:44:22 Баланс: 0.964865449109712$ | PnL: 4.26059114 💵 | Сделок: 185 | WinRate: 82.7%
🔄 2025-09-18 18:50:36 Баланс: 0.964865449109712$ | PnL: 4.26059114 💵 | Сделок: 185 | WinRate: 82.7%
🔄 2025-09-18 18:58:23 Баланс: 0.0803971526670122$ | PnL: 4.37792415 💵 | Сделок: 186 | WinRate: 82.8%
🔄 2025-09-18 19:04:20 Баланс: 0.0803971526670122$ | PnL: 4.37792415 💵 | Сделок: 186 | WinRate: 82.8%
🔄 2025-09-18 19:10:24 Баланс: 0.0803971526670122$ | PnL: 4.37792415 💵 | Сделок: 186 | WinRate: 82.8%
🔄 2025-09-18 19:15:54 Баланс: 0.0803971526670122$ | PnL: 4.37792415 💵 | Сделок: 186 | WinRate: 82.8%
🔄 2025-09-18 19:21:56 Баланс: 0.0803971526670122$ | PnL: 4.37792415 💵 | Сделок: 186 | WinRate: 82.8%
🔄 2025-09-18 19:27:56 Баланс: 0.0803971526670122$ | PnL: 4.37792415 💵 | Сделок: 186 | WinRate: 82.8%
🔄 2025-09-18 19:33:56 Баланс: 0.0803971526670122$ | PnL: 4.37792415 💵 | Сделок: 186 | WinRate: 82.8%
🔄 2025-09-18 19:39:52 Баланс: 0.0803971526670122$ | PnL: 4.37792415 💵 | Сделок: 186 | WinRate: 82.8%
🔄 2025-09-18 19:45:54 Баланс: 0.157115822153012$ | PnL: 4.45645983 💵 | Сделок: 188 | WinRate: 82.98%
🔄 2025-09-18 19:51:14 Баланс: 0.200472092029532$ | PnL: 4.50071603 💵 | Сделок: 189 | WinRate: 83.07%
🔄 2025-09-18 19:56:42 Баланс: 0.200472092029532$ | PnL: 4.50071603 💵 | Сделок: 189 | WinRate: 83.07%
🔄 2025-09-18 20:01:47 Баланс: 0.234351924474232$ | PnL: 4.53541878 💵 | Сделок: 190 | WinRate: 83.16%
🔄 2025-09-18 20:06:11 Баланс: 0.335882020006632$ | PnL: 4.63968049 💵 | Сделок: 193 | WinRate: 83.42%
🔄 2025-09-18 20:10:37 Баланс: 0.412847948599132$ | PnL: 4.71844147 💵 | Сделок: 195 | WinRate: 83.59%
🔄 2025-09-18 20:15:02 Баланс: 0.412847948599132$ | PnL: 4.71844147 💵 | Сделок: 195 | WinRate: 83.59%
🔄 2025-09-18 20:20:49 Баланс: 0.505539475623632$ | PnL: 4.81203839 💵 | Сделок: 196 | WinRate: 83.67%
🔄 2025-09-18 20:25:13 Баланс: 0.629226729670242$ | PnL: 4.93662559 💵 | Сделок: 197 | WinRate: 83.76%
🔄 2025-09-18 20:30:27 Баланс: 0.685592901875042$ | PnL: 4.99390039 💵 | Сделок: 198 | WinRate: 83.84%
🔄 2025-09-18 20:34:55 Баланс: 0.706830614234041$ | PnL: 5.0160386 💵 | Сделок: 199 | WinRate: 83.92%
🔄 2025-09-18 20:39:16 Баланс: 0.706830614234041$ | PnL: 5.0160386 💵 | Сделок: 199 | WinRate: 83.92%
🔄 2025-09-18 20:43:43 Баланс: 0.754853613783941$ | PnL: 5.06496278 💵 | Сделок: 200 | WinRate: 84%
🔄 2025-09-18 20:48:10 Баланс: 0.834728487337771$ | PnL: 5.1466376 💵 | Сделок: 202 | WinRate: 84.16%
🔄 2025-09-18 20:52:39 Баланс: 0.848141785167771$ | PnL: 5.16092677 💵 | Сделок: 203 | WinRate: 84.24%
🔄 2025-09-18 20:57:07 Баланс: 0.893372224206771$ | PnL: 5.2070435 💵 | Сделок: 204 | WinRate: 84.31%
🔄 2025-09-18 21:01:25 Баланс: 0.893372224206771$ | PnL: 5.2070435 💵 | Сделок: 204 | WinRate: 84.31%
🔄 2025-09-18 21:05:40 Баланс: 0.924730179706771$ | PnL: 5.240417 💵 | Сделок: 205 | WinRate: 84.39%
🔄 2025-09-18 21:09:55 Баланс: 0.962441251026771$ | PnL: 5.27887644 💵 | Сделок: 206 | WinRate: 84.47%
🔄 2025-09-18 21:14:12 Баланс: 0.984819155126771$ | PnL: 5.3019677 💵 | Сделок: 207 | WinRate: 84.54%
🔄 2025-09-18 21:18:23 Баланс: 0.0658493643970715$ | PnL: 5.38479875 💵 | Сделок: 208 | WinRate: 84.62%
🔄 2025-09-18 21:22:43 Баланс: 0.0658493643970715$ | PnL: 5.38479875 💵 | Сделок: 208 | WinRate: 84.62%
🔄 2025-09-18 21:26:53 Баланс: 0.141199223328272$ | PnL: 5.46217262 💵 | Сделок: 210 | WinRate: 84.76%
🔄 2025-09-18 21:31:03 Баланс: 0.141199223328272$ | PnL: 5.46217262 💵 | Сделок: 210 | WinRate: 84.76%
🔄 2025-09-18 21:36:02 Баланс: 0.141199223328272$ | PnL: 5.46217262 💵 | Сделок: 210 | WinRate: 84.76%
🔄 2025-09-18 21:40:15 Баланс: 0.141199223328272$ | PnL: 5.46217262 💵 | Сделок: 210 | WinRate: 84.76%
🔄 2025-09-18 21:44:34 Баланс: 0.141199223328272$ | PnL: 5.46217262 💵 | Сделок: 210 | WinRate: 84.76%
🔄 2025-09-18 21:48:49 Баланс: 0.289662660680271$ | PnL: 5.61153594 💵 | Сделок: 211 | WinRate: 84.83%
🔄 2025-09-18 21:53:03 Баланс: 0.316611193470272$ | PnL: 5.63953046 💵 | Сделок: 212 | WinRate: 84.91%
🔄 2025-09-18 21:57:34 Баланс: 0.316611193470272$ | PnL: 5.63953046 💵 | Сделок: 212 | WinRate: 84.91%
🔄 2025-09-18 22:02:30 Баланс: 0.316611193470272$ | PnL: 5.63953046 💵 | Сделок: 212 | WinRate: 84.91%
🔄 2025-09-18 22:07:23 Баланс: 0.316611193470272$ | PnL: 5.63953046 💵 | Сделок: 212 | WinRate: 84.91%
🔄 2025-09-18 22:12:15 Баланс: 0.316611193470272$ | PnL: 5.63953046 💵 | Сделок: 212 | WinRate: 84.91%
🔄 2025-09-18 22:17:10 Баланс: 0.316611193470272$ | PnL: 5.63953046 💵 | Сделок: 212 | WinRate: 84.91%
🔄 2025-09-18 22:21:38 Баланс: 0.316611193470272$ | PnL: 5.63953046 💵 | Сделок: 212 | WinRate: 84.91%
🔄 2025-09-18 22:26:07 Баланс: 0.316611193470272$ | PnL: 5.63953046 💵 | Сделок: 212 | WinRate: 84.91%
🔄 2025-09-18 22:33:00 Баланс: 0.316611193470272$ | PnL: 5.63953046 💵 | Сделок: 212 | WinRate: 84.91%
🔄 2025-09-18 22:37:33 Баланс: 0.316611193470272$ | PnL: 5.63953046 💵 | Сделок: 212 | WinRate: 84.91%
🔄 2025-09-18 22:41:58 Баланс: 0.316611193470272$ | PnL: 5.63953046 💵 | Сделок: 212 | WinRate: 84.91%
🔄 2025-09-18 22:47:04 Баланс: 0.316611193470272$ | PnL: 5.63953046 💵 | Сделок: 212 | WinRate: 84.91%
🔄 2025-09-18 22:51:22 Баланс: 0.316611193470272$ | PnL: 5.63953046 💵 | Сделок: 212 | WinRate: 84.91%
🔄 2025-09-18 22:55:54 Баланс: 0.377311006929772$ | PnL: 5.70203522 💵 | Сделок: 214 | WinRate: 85.05%
🔄 2025-09-18 23:00:33 Баланс: 0.396226182409772$ | PnL: 5.72186887 💵 | Сделок: 215 | WinRate: 85.12%
🔄 2025-09-18 23:05:18 Баланс: 0.275124080979772$ | PnL: 5.60130093 💵 | Сделок: 216 | WinRate: 84.72%
🔄 2025-09-18 23:09:48 Баланс: 0.309040287415772$ | PnL: 5.63611768 💵 | Сделок: 217 | WinRate: 84.79%
🔄 2025-09-18 23:14:29 Баланс: 0.309040287415772$ | PnL: 5.63611768 💵 | Сделок: 217 | WinRate: 84.79%
🔄 2025-09-18 23:19:15 Баланс: 0.345083336855772$ | PnL: 5.67312471 💵 | Сделок: 218 | WinRate: 84.86%
🔄 2025-09-18 23:24:10 Баланс: 0.345083336855772$ | PnL: 5.67312471 💵 | Сделок: 218 | WinRate: 84.86%
🔄 2025-09-18 23:29:05 Баланс: 0.381411017885772$ | PnL: 5.71039892 💵 | Сделок: 219 | WinRate: 84.93%
🔄 2025-09-18 23:34:00 Баланс: 0.381411017885772$ | PnL: 5.71039892 💵 | Сделок: 219 | WinRate: 84.93%
🔄 2025-09-18 23:38:35 Баланс: 0.381411017885772$ | PnL: 5.71039892 💵 | Сделок: 219 | WinRate: 84.93%
🔄 2025-09-18 23:45:24 Баланс: 0.381411017885772$ | PnL: 5.71039892 💵 | Сделок: 219 | WinRate: 84.93%
🔄 2025-09-18 23:50:09 Баланс: 0.381411017885772$ | PnL: 5.71039892 💵 | Сделок: 219 | WinRate: 84.93%
🔄 2025-09-18 23:54:43 Баланс: 0.381411017885772$ | PnL: 5.71039892 💵 | Сделок: 219 | WinRate: 84.93%
🔄 2025-09-18 23:59:37 Баланс: 0.381411017885772$ | PnL: 5.71039892 💵 | Сделок: 219 | WinRate: 84.93%
🔄 2025-09-19 00:04:11 Баланс: 0.381411017885772$ | PnL: 5.71039892 💵 | Сделок: 219 | WinRate: 84.93%
🔄 2025-09-19 00:08:39 Баланс: 0.381411017885772$ | PnL: 5.71039892 💵 | Сделок: 219 | WinRate: 84.93%
🔄 2025-09-19 00:13:09 Баланс: 0.381411017885772$ | PnL: 5.71039892 💵 | Сделок: 219 | WinRate: 84.93%
🔄 2025-09-19 00:18:24 Баланс: 0.381411017885772$ | PnL: 5.71039892 💵 | Сделок: 219 | WinRate: 84.93%
🔄 2025-09-19 00:23:47 Баланс: 0.381411017885772$ | PnL: 5.71039892 💵 | Сделок: 219 | WinRate: 84.93%
🔄 2025-09-19 00:28:17 Баланс: 0.381411017885772$ | PnL: 5.71039892 💵 | Сделок: 219 | WinRate: 84.93%
🔄 2025-09-19 00:32:38 Баланс: 0.381411017885772$ | PnL: 5.71039892 💵 | Сделок: 219 | WinRate: 84.93%
🔄 2025-09-19 00:38:43 Баланс: 0.381411017885772$ | PnL: 5.71039892 💵 | Сделок: 219 | WinRate: 84.93%
🔄 2025-09-19 00:43:11 Баланс: 0.381411017885772$ | PnL: 5.71039892 💵 | Сделок: 219 | WinRate: 84.93%
🔄 2025-09-19 00:47:37 Баланс: 0.381411017885772$ | PnL: 5.71039892 💵 | Сделок: 219 | WinRate: 84.93%
🔄 2025-09-19 00:52:29 Баланс: 0.381411017885772$ | PnL: 5.71039892 💵 | Сделок: 219 | WinRate: 84.93%
🔄 2025-09-19 00:57:21 Баланс: 0.381411017885772$ | PnL: 5.71039892 💵 | Сделок: 219 | WinRate: 84.93%
