🔄 2025-09-10 21:11:43 Баланс: 5000$ | PnL: 0 💵 | Сделок: 0 | WinRate: 0%
🔄 2025-09-10 21:14:46 Баланс: 4659.69561634984$ | PnL: 0 💵 | Сделок: 0 | WinRate: 0%
🔄 2025-09-10 21:18:11 Баланс: 4605.44921994226$ | PnL: 0.00890134 💵 | Сделок: 1 | WinRate: 100%
🔄 2025-09-10 21:21:36 Баланс: 4545.39491153094$ | PnL: 0.00890134 💵 | Сделок: 1 | WinRate: 100%
🔄 2025-09-10 21:25:09 Баланс: 4535.38590397414$ | PnL: 0.00890134 💵 | Сделок: 1 | WinRate: 100%
🔄 2025-09-10 21:28:39 Баланс: 4536.72420285213$ | PnL: -0.04670043 💵 | Сделок: 2 | WinRate: 50%
🔄 2025-09-10 21:32:10 Баланс: 4569.33062394213$ | PnL: -0.23480592 💵 | Сделок: 5 | WinRate: 20%
🔄 2025-09-10 21:35:34 Баланс: 4589.18181814213$ | PnL: -0.38352366 💵 | Сделок: 7 | WinRate: 14.29%
🔄 2025-09-10 21:38:58 Баланс: 4589.18181814213$ | PnL: -0.38352366 💵 | Сделок: 7 | WinRate: 14.29%
🔄 2025-09-10 21:42:22 Баланс: 4589.18181814213$ | PnL: -0.38352366 💵 | Сделок: 7 | WinRate: 14.29%
🔄 2025-09-10 21:45:47 Баланс: 4579.17281687699$ | PnL: -0.38352366 💵 | Сделок: 7 | WinRate: 14.29%
🔄 2025-09-10 21:49:35 Баланс: 4579.17281687699$ | PnL: -0.38352366 💵 | Сделок: 7 | WinRate: 14.29%
🔄 2025-09-10 21:52:58 Баланс: 4579.17281687699$ | PnL: -0.38352366 💵 | Сделок: 7 | WinRate: 14.29%
🔄 2025-09-10 21:56:25 Баланс: 4579.17281687699$ | PnL: -0.38352366 💵 | Сделок: 7 | WinRate: 14.29%
🔄 2025-09-10 21:59:49 Баланс: 4569.16381768171$ | PnL: -0.38352366 💵 | Сделок: 7 | WinRate: 14.29%
🔄 2025-09-10 22:03:16 Баланс: 4569.23868488906$ | PnL: -0.29965556 💵 | Сделок: 8 | WinRate: 25%
🔄 2025-09-10 22:06:43 Баланс: 4569.23868488906$ | PnL: -0.29965556 💵 | Сделок: 8 | WinRate: 25%
🔄 2025-09-10 22:10:15 Баланс: 4549.30365218387$ | PnL: -0.20769655 💵 | Сделок: 9 | WinRate: 33.33%
🔄 2025-09-10 22:13:43 Баланс: 4549.30365218387$ | PnL: -0.20769655 💵 | Сделок: 9 | WinRate: 33.33%
🔄 2025-09-10 22:17:09 Баланс: 4549.30365218387$ | PnL: -0.20769655 💵 | Сделок: 9 | WinRate: 33.33%
🔄 2025-09-10 22:20:35 Баланс: 4569.07921961067$ | PnL: -0.43213272 💵 | Сделок: 11 | WinRate: 27.27%
🔄 2025-09-10 22:24:01 Баланс: 4578.98660189067$ | PnL: -0.66635339 💵 | Сделок: 13 | WinRate: 23.08%
🔄 2025-09-10 22:27:30 Баланс: 4598.74929586067$ | PnL: -0.90367742 💵 | Сделок: 15 | WinRate: 20%
🔄 2025-09-10 22:30:55 Баланс: 4638.23863982247$ | PnL: -1.41430596 💵 | Сделок: 19 | WinRate: 15.79%
🔄 2025-09-10 22:34:15 Баланс: 4638.23863982247$ | PnL: -1.41430596 💵 | Сделок: 19 | WinRate: 15.79%
🔄 2025-09-10 22:37:41 Баланс: 4638.23863982247$ | PnL: -1.41430596 💵 | Сделок: 19 | WinRate: 15.79%
🔄 2025-09-10 22:41:06 Баланс: 4628.34157563384$ | PnL: -1.29333813 💵 | Сделок: 20 | WinRate: 20%
🔄 2025-09-10 22:44:31 Баланс: 4618.33257578258$ | PnL: -1.29333813 💵 | Сделок: 20 | WinRate: 20%
🔄 2025-09-10 22:47:55 Баланс: 4608.32357476366$ | PnL: -1.29333813 💵 | Сделок: 20 | WinRate: 20%
🔄 2025-09-10 22:51:19 Баланс: 4608.43129958094$ | PnL: -1.17661393 💵 | Сделок: 21 | WinRate: 23.81%
🔄 2025-09-10 22:54:44 Баланс: 4598.46871860031$ | PnL: -1.1212019 💵 | Сделок: 22 | WinRate: 27.27%
🔄 2025-09-10 22:58:09 Баланс: 4588.69498607111$ | PnL: -0.86839157 💵 | Сделок: 24 | WinRate: 33.33%
🔄 2025-09-10 23:01:34 Баланс: 4568.7225696481$ | PnL: -0.81381105 💵 | Сделок: 25 | WinRate: 36%
🔄 2025-09-10 23:05:06 Баланс: 4548.70457364169$ | PnL: -0.81381105 💵 | Сделок: 25 | WinRate: 36%
🔄 2025-09-10 23:08:52 Баланс: 4558.58599435169$ | PnL: -0.93198074 💵 | Сделок: 26 | WinRate: 34.62%
🔄 2025-09-10 23:12:24 Баланс: 4577.85751625498$ | PnL: -1.63309221 💵 | Сделок: 31 | WinRate: 35.48%
🔄 2025-09-10 23:15:51 Баланс: 4617.21246032642$ | PnL: -2.26777135 💵 | Сделок: 36 | WinRate: 30.56%
🔄 2025-09-10 23:19:12 Баланс: 4666.11518022318$ | PnL: -3.20552277 💵 | Сделок: 42 | WinRate: 26.19%
🔄 2025-09-10 23:23:12 Баланс: 4725.21956202863$ | PnL: -4.09260714 💵 | Сделок: 49 | WinRate: 24.49%
🔄 2025-09-10 23:26:30 Баланс: 4764.41937276146$ | PnL: -4.88335062 💵 | Сделок: 54 | WinRate: 24.07%
🔄 2025-09-10 23:29:41 Баланс: 4823.61565173146$ | PnL: -5.68755963 💵 | Сделок: 60 | WinRate: 21.67%
🔄 2025-09-10 23:32:49 Баланс: 4833.21940319546$ | PnL: -6.08380767 💵 | Сделок: 61 | WinRate: 21.31%
🔄 2025-09-10 23:35:59 Баланс: 4823.4372207883$ | PnL: -5.84798795 💵 | Сделок: 62 | WinRate: 22.58%
🔄 2025-09-10 23:39:09 Баланс: 4853.0247111153$ | PnL: -6.26051464 💵 | Сделок: 65 | WinRate: 21.54%
🔄 2025-09-10 23:42:31 Баланс: 4892.1926422587$ | PnL: -7.09274226 💵 | Сделок: 69 | WinRate: 20.29%
🔄 2025-09-10 23:45:38 Баланс: 4892.1926422587$ | PnL: -7.09274226 💵 | Сделок: 69 | WinRate: 20.29%
🔄 2025-09-10 23:48:45 Баланс: 4892.1926422587$ | PnL: -7.09274226 💵 | Сделок: 69 | WinRate: 20.29%
🔄 2025-09-10 23:51:55 Баланс: 4882.18365327661$ | PnL: -7.09274226 💵 | Сделок: 69 | WinRate: 20.29%
🔄 2025-09-10 23:55:03 Баланс: 4882.18365327661$ | PnL: -7.09274226 💵 | Сделок: 69 | WinRate: 20.29%
🔄 2025-09-10 23:58:13 Баланс: 4862.16556510132$ | PnL: -7.09274226 💵 | Сделок: 69 | WinRate: 20.29%
🔄 2025-09-11 00:01:22 Баланс: 4862.47883392431$ | PnL: -6.77047322 💵 | Сделок: 70 | WinRate: 21.43%
🔄 2025-09-11 00:04:33 Баланс: 4862.69158026825$ | PnL: -6.53071938 💵 | Сделок: 73 | WinRate: 24.66%
🔄 2025-09-11 00:07:43 Баланс: 4842.80318499065$ | PnL: -6.39209678 💵 | Сделок: 74 | WinRate: 25.68%
🔄 2025-09-11 00:11:02 Баланс: 4832.79418545406$ | PnL: -6.39209678 💵 | Сделок: 74 | WinRate: 25.68%
🔄 2025-09-11 00:14:13 Баланс: 4832.79418545406$ | PnL: -6.39209678 💵 | Сделок: 74 | WinRate: 25.68%
🔄 2025-09-11 00:17:26 Баланс: 4812.90977092414$ | PnL: -6.25978795 💵 | Сделок: 75 | WinRate: 26.67%
🔄 2025-09-11 00:20:36 Баланс: 4812.93752333213$ | PnL: -6.22303625 💵 | Сделок: 76 | WinRate: 27.63%
🔄 2025-09-11 00:23:45 Баланс: 4802.928525414$ | PnL: -6.22303625 💵 | Сделок: 76 | WinRate: 27.63%
🔄 2025-09-11 00:27:04 Баланс: 4781.58913210039$ | PnL: -6.16379066 💵 | Сделок: 77 | WinRate: 28.57%
🔄 2025-09-11 00:30:17 Баланс: 4761.62507394949$ | PnL: -6.0956069 💵 | Сделок: 78 | WinRate: 29.49%
🔄 2025-09-11 00:33:30 Баланс: 4771.87939412573$ | PnL: -5.83228714 💵 | Сделок: 80 | WinRate: 31.25%
🔄 2025-09-11 00:36:44 Баланс: 4751.86139204386$ | PnL: -5.83228714 💵 | Сделок: 80 | WinRate: 31.25%
🔄 2025-09-11 00:41:10 Баланс: 4751.92367504407$ | PnL: -5.76102734 💵 | Сделок: 81 | WinRate: 32.1%
🔄 2025-09-11 00:44:28 Баланс: 4751.92367504407$ | PnL: -5.76102734 💵 | Сделок: 81 | WinRate: 32.1%
🔄 2025-09-11 00:47:59 Баланс: 4752.04223262991$ | PnL: -5.62446479 💵 | Сделок: 83 | WinRate: 33.73%
🔄 2025-09-11 00:52:17 Баланс: 4742.06633512977$ | PnL: -5.58253408 💵 | Сделок: 84 | WinRate: 34.52%
🔄 2025-09-11 00:55:53 Баланс: 4742.09933536406$ | PnL: -5.54052223 💵 | Сделок: 85 | WinRate: 35.29%
🔄 2025-09-11 00:59:22 Баланс: 4742.1557886901$ | PnL: -5.47506438 💵 | Сделок: 86 | WinRate: 36.05%
🔄 2025-09-11 01:02:53 Баланс: 4732.18394943915$ | PnL: -5.42775722 💵 | Сделок: 87 | WinRate: 36.78%
🔄 2025-09-11 01:06:24 Баланс: 4562.04861305071$ | PnL: -5.42775722 💵 | Сделок: 87 | WinRate: 36.78%
🔄 2025-09-11 01:10:07 Баланс: 4072.76852578499$ | PnL: -4.26189356 💵 | Сделок: 89 | WinRate: 38.2%
🔄 2025-09-11 01:14:18 Баланс: 3812.53660510617$ | PnL: -4.25110893 💵 | Сделок: 90 | WinRate: 38.89%
🔄 2025-09-11 01:18:53 Баланс: 3592.5521358484$ | PnL: -3.99962308 💵 | Сделок: 95 | WinRate: 42.11%
🔄 2025-09-11 01:23:35 Баланс: 3502.96962396438$ | PnL: -3.45788016 💵 | Сделок: 101 | WinRate: 45.54%
🔄 2025-09-11 01:29:08 Баланс: 3483.28602222378$ | PnL: -3.06946217 💵 | Сделок: 107 | WinRate: 48.6%
🔄 2025-09-11 01:33:57 Баланс: 3413.63473823391$ | PnL: -2.84062855 💵 | Сделок: 112 | WinRate: 50.89%
🔄 2025-09-11 01:38:53 Баланс: 3283.97275683085$ | PnL: -2.25064256 💵 | Сделок: 127 | WinRate: 56.69%
🔄 2025-09-11 01:43:58 Баланс: 3264.20994973012$ | PnL: -1.89936265 💵 | Сделок: 138 | WinRate: 60.14%
🔄 2025-09-11 01:49:05 Баланс: 3253.21598327606$ | PnL: -1.46137847 💵 | Сделок: 143 | WinRate: 61.54%
🔄 2025-09-11 01:54:11 Баланс: 3223.49372371463$ | PnL: -1.10151462 💵 | Сделок: 147 | WinRate: 62.59%
🔄 2025-09-11 01:59:56 Баланс: 3233.90583865349$ | PnL: -0.653357460000002 💵 | Сделок: 152 | WinRate: 63.82%
🔄 2025-09-11 02:05:04 Баланс: 3132.57192541651$ | PnL: -0.273575730000002 💵 | Сделок: 171 | WinRate: 67.25%
🔄 2025-09-11 02:10:29 Баланс: 3082.09593561281$ | PnL: -0.581347700000001 💵 | Сделок: 185 | WinRate: 69.19%
🔄 2025-09-11 02:15:44 Баланс: 3042.36099013599$ | PnL: -0.166232800000001 💵 | Сделок: 197 | WinRate: 71.07%
🔄 2025-09-11 02:21:00 Баланс: 2963.15290937246$ | PnL: 0.895634039999999 💵 | Сделок: 219 | WinRate: 73.97%
🔄 2025-09-11 02:26:26 Баланс: 2973.22503945912$ | PnL: 1.00415815 💵 | Сделок: 224 | WinRate: 74.55%
🔄 2025-09-11 02:31:37 Баланс: 2973.34491694166$ | PnL: 1.15104868 💵 | Сделок: 227 | WinRate: 74.89%
🔄 2025-09-11 02:36:40 Баланс: 2993.46495027466$ | PnL: 1.27098295 💵 | Сделок: 229 | WinRate: 75.11%
🔄 2025-09-11 02:41:34 Баланс: 2983.45596280593$ | PnL: 1.27098295 💵 | Сделок: 229 | WinRate: 75.11%
🔄 2025-09-11 02:46:32 Баланс: 2983.69044903419$ | PnL: 1.53248264 💵 | Сделок: 232 | WinRate: 75.43%
🔄 2025-09-11 02:51:30 Баланс: 2953.98610740978$ | PnL: 1.9778631 💵 | Сделок: 243 | WinRate: 76.54%
🔄 2025-09-11 02:56:29 Баланс: 2934.11405863613$ | PnL: 2.22124828 💵 | Сделок: 252 | WinRate: 77.38%
🔄 2025-09-11 03:01:33 Баланс: 2924.56443900089$ | PnL: 2.77349436 💵 | Сделок: 263 | WinRate: 78.33%
🔄 2025-09-11 03:07:27 Баланс: 2925.05397270669$ | PnL: 3.43765832 💵 | Сделок: 282 | WinRate: 79.79%
🔄 2025-09-11 03:12:30 Баланс: 2875.79862942458$ | PnL: 4.42776681 💵 | Сделок: 302 | WinRate: 81.13%
🔄 2025-09-11 03:17:33 Баланс: 2926.08295354299$ | PnL: 4.73018302 💵 | Сделок: 309 | WinRate: 81.55%
🔄 2025-09-11 03:22:35 Баланс: 2926.59636982223$ | PnL: 5.14766409 💵 | Сделок: 318 | WinRate: 82.08%
🔄 2025-09-11 03:27:39 Баланс: 2936.86047741078$ | PnL: 5.4925534 💵 | Сделок: 328 | WinRate: 82.62%
🔄 2025-09-11 03:32:40 Баланс: 2956.70004146973$ | PnL: 5.34125845 💵 | Сделок: 331 | WinRate: 82.18%
🔄 2025-09-11 03:37:42 Баланс: 2956.79493051591$ | PnL: 5.44739131 💵 | Сделок: 333 | WinRate: 82.28%
🔄 2025-09-11 03:42:41 Баланс: 2987.03383595757$ | PnL: 5.75177401 💵 | Сделок: 344 | WinRate: 82.85%
🔄 2025-09-11 03:47:40 Баланс: 3007.49046023508$ | PnL: 6.27157786 💵 | Сделок: 353 | WinRate: 83.29%
🔄 2025-09-11 03:52:35 Баланс: 3017.58941980106$ | PnL: 6.40655095 💵 | Сделок: 358 | WinRate: 83.52%
🔄 2025-09-11 03:57:27 Баланс: 2997.69440015834$ | PnL: 6.57175455 💵 | Сделок: 363 | WinRate: 83.75%
🔄 2025-09-11 04:02:21 Баланс: 2947.75769948361$ | PnL: 6.73200853 💵 | Сделок: 368 | WinRate: 83.97%
🔄 2025-09-11 04:07:27 Баланс: 2998.50013069571$ | PnL: 7.58412552999999 💵 | Сделок: 385 | WinRate: 84.68%
🔄 2025-09-11 04:12:23 Баланс: 3018.68869906913$ | PnL: 7.88019591 💵 | Сделок: 399 | WinRate: 84.71%
🔄 2025-09-11 04:17:18 Баланс: 2988.87280982751$ | PnL: 8.18118172 💵 | Сделок: 405 | WinRate: 84.94%
🔄 2025-09-11 04:22:16 Баланс: 2978.97150462707$ | PnL: 8.350074 💵 | Сделок: 412 | WinRate: 84.95%
🔄 2025-09-11 04:27:15 Баланс: 2969.73708251918$ | PnL: 9.28398461 💵 | Сделок: 427 | WinRate: 85.48%
🔄 2025-09-11 04:32:11 Баланс: 2949.88478283493$ | PnL: 9.55365552 💵 | Сделок: 438 | WinRate: 85.84%
🔄 2025-09-11 04:37:06 Баланс: 3010.23699189657$ | PnL: 9.97806553 💵 | Сделок: 452 | WinRate: 86.06%
🔄 2025-09-11 04:41:59 Баланс: 3039.81154563095$ | PnL: 9.70419149 💵 | Сделок: 457 | WinRate: 85.34%
🔄 2025-09-11 04:46:51 Баланс: 3080.95579016003$ | PnL: 9.46728362 💵 | Сделок: 463 | WinRate: 84.88%
🔄 2025-09-11 04:51:45 Баланс: 3080.83950126984$ | PnL: 9.47508527 💵 | Сделок: 475 | WinRate: 84.84%
🔄 2025-09-11 04:56:38 Баланс: 2990.11897692528$ | PnL: 8.94896014 💵 | Сделок: 486 | WinRate: 84.77%
🔄 2025-09-11 05:01:38 Баланс: 3010.24956487249$ | PnL: 9.12649396999999 💵 | Сделок: 493 | WinRate: 84.79%
🔄 2025-09-11 05:06:33 Баланс: 3020.08031124828$ | PnL: 9.01025869 💵 | Сделок: 500 | WinRate: 84.8%
🔄 2025-09-11 05:11:33 Баланс: 2980.05714772005$ | PnL: 9.11596224999999 💵 | Сделок: 516 | WinRate: 84.5%
🔄 2025-09-11 05:16:33 Баланс: 2950.69023276797$ | PnL: 10.23846343 💵 | Сделок: 556 | WinRate: 85.43%
🔄 2025-09-11 05:21:40 Баланс: 3049.33517879801$ | PnL: 10.396763 💵 | Сделок: 575 | WinRate: 85.74%
🔄 2025-09-11 05:27:28 Баланс: 3069.12821445327$ | PnL: 10.23500784 💵 | Сделок: 582 | WinRate: 85.4%
🔄 2025-09-11 05:32:22 Баланс: 3059.52853552245$ | PnL: 10.68033014 💵 | Сделок: 586 | WinRate: 85.49%
🔄 2025-09-11 05:37:56 Баланс: 3059.93624585429$ | PnL: 11.18724651 💵 | Сделок: 597 | WinRate: 85.76%
🔄 2025-09-11 05:42:52 Баланс: 3140.16559703541$ | PnL: 11.46973314 💵 | Сделок: 611 | WinRate: 85.76%
🔄 2025-09-11 05:47:40 Баланс: 3120.21408306937$ | PnL: 11.56323688 💵 | Сделок: 614 | WinRate: 85.83%
🔄 2025-09-11 05:52:30 Баланс: 3160.14033953836$ | PnL: 11.49852235 💵 | Сделок: 619 | WinRate: 85.78%
🔄 2025-09-11 05:57:24 Баланс: 3180.57057880057$ | PnL: 11.98271144 💵 | Сделок: 627 | WinRate: 85.96%
🔄 2025-09-11 06:02:07 Баланс: 3090.80390689012$ | PnL: 12.32377934 💵 | Сделок: 630 | WinRate: 86.03%
🔄 2025-09-11 06:06:57 Баланс: 3120.79742011785$ | PnL: 12.32629128 💵 | Сделок: 634 | WinRate: 85.96%
🔄 2025-09-11 06:11:48 Баланс: 3100.77942786482$ | PnL: 12.32629128 💵 | Сделок: 634 | WinRate: 85.96%
🔄 2025-09-11 06:16:38 Баланс: 3091.13893923678$ | PnL: 12.76689522 💵 | Сделок: 642 | WinRate: 86.14%
🔄 2025-09-11 06:21:30 Баланс: 3161.27749192631$ | PnL: 12.97317597 💵 | Сделок: 656 | WinRate: 85.98%
🔄 2025-09-11 06:26:19 Баланс: 3191.112392792$ | PnL: 12.87132784 💵 | Сделок: 666 | WinRate: 85.59%
🔄 2025-09-11 06:31:11 Баланс: 3210.65509886515$ | PnL: 12.63924476 💵 | Сделок: 676 | WinRate: 85.36%
🔄 2025-09-11 06:35:54 Баланс: 3240.74014073927$ | PnL: 12.76190592 💵 | Сделок: 684 | WinRate: 85.23%
🔄 2025-09-11 06:41:02 Баланс: 3240.89367528192$ | PnL: 12.94965912 💵 | Сделок: 689 | WinRate: 85.2%
🔄 2025-09-11 06:45:45 Баланс: 3251.22734683951$ | PnL: 13.3293536 💵 | Сделок: 695 | WinRate: 85.18%
🔄 2025-09-11 06:50:25 Баланс: 3261.54735486432$ | PnL: 13.75171251 💵 | Сделок: 704 | WinRate: 85.37%
🔄 2025-09-11 06:56:01 Баланс: 3291.3953295139$ | PnL: 13.61783927 💵 | Сделок: 709 | WinRate: 85.19%
🔄 2025-09-11 07:00:40 Баланс: 3311.35017263137$ | PnL: 13.59032277 💵 | Сделок: 713 | WinRate: 85.13%
🔄 2025-09-11 07:05:28 Баланс: 3330.86927362028$ | PnL: 13.14542892 💵 | Сделок: 719 | WinRate: 84.84%
🔄 2025-09-11 07:10:08 Баланс: 3371.03683223197$ | PnL: 13.3305572 💵 | Сделок: 725 | WinRate: 84.69%
🔄 2025-09-11 07:14:45 Баланс: 3361.12624522756$ | PnL: 13.45505571 💵 | Сделок: 728 | WinRate: 84.75%
🔄 2025-09-11 07:19:23 Баланс: 3351.19155600272$ | PnL: 13.55630167 💵 | Сделок: 731 | WinRate: 84.82%
🔄 2025-09-11 07:23:57 Баланс: 3291.47003696354$ | PnL: 13.92481924 💵 | Сделок: 735 | WinRate: 84.9%
🔄 2025-09-11 07:28:40 Баланс: 3292.5209235595$ | PnL: 15.40484997 💵 | Сделок: 774 | WinRate: 85.66%
🔄 2025-09-11 07:33:16 Баланс: 3212.56758057206$ | PnL: 15.57981356 💵 | Сделок: 780 | WinRate: 85.77%
🔄 2025-09-11 07:38:01 Баланс: 3182.66227377741$ | PnL: 15.76034653 💵 | Сделок: 785 | WinRate: 85.86%
🔄 2025-09-11 07:42:43 Баланс: 3172.64526449894$ | PnL: 15.78826385 💵 | Сделок: 789 | WinRate: 85.8%
🔄 2025-09-11 07:47:26 Баланс: 3153.18434922283$ | PnL: 16.45731363 💵 | Сделок: 800 | WinRate: 86%
🔄 2025-09-11 07:52:14 Баланс: 3033.62414153142$ | PnL: 17.24366925 💵 | Сделок: 820 | WinRate: 86.34%
🔄 2025-09-11 07:57:10 Баланс: 3024.33086621672$ | PnL: 18.18576812 💵 | Сделок: 844 | WinRate: 86.73%
🔄 2025-09-11 08:02:08 Баланс: 2974.44169621947$ | PnL: 18.51727241 💵 | Сделок: 856 | WinRate: 86.92%
🔄 2025-09-11 08:07:09 Баланс: 3004.46479951867$ | PnL: 18.64625029 💵 | Сделок: 867 | WinRate: 86.97%
🔄 2025-09-11 08:12:08 Баланс: 2984.57504441692$ | PnL: 18.876353 💵 | Сделок: 878 | WinRate: 87.02%
🔄 2025-09-11 08:17:46 Баланс: 3013.34667017032$ | PnL: 17.76098237 💵 | Сделок: 886 | WinRate: 86.79%
🔄 2025-09-11 08:22:43 Баланс: 3053.18442405898$ | PnL: 17.60809798 💵 | Сделок: 891 | WinRate: 86.64%
🔄 2025-09-11 08:27:35 Баланс: 3073.50952416093$ | PnL: 17.99669947 💵 | Сделок: 897 | WinRate: 86.62%
🔄 2025-09-11 08:32:24 Баланс: 3083.71530612692$ | PnL: 18.29979153 💵 | Сделок: 903 | WinRate: 86.6%
🔄 2025-09-11 08:37:22 Баланс: 3123.74061059419$ | PnL: 18.29039363 💵 | Сделок: 909 | WinRate: 86.47%
🔄 2025-09-11 08:42:10 Баланс: 3114.03162388102$ | PnL: 18.68358138 💵 | Сделок: 916 | WinRate: 86.46%
🔄 2025-09-11 08:47:02 Баланс: 3114.30052982742$ | PnL: 19.01595222 💵 | Сделок: 923 | WinRate: 86.57%
🔄 2025-09-11 08:51:58 Баланс: 3124.90100060711$ | PnL: 19.65127855 💵 | Сделок: 928 | WinRate: 86.64%
🔄 2025-09-11 08:56:48 Баланс: 3134.89651270751$ | PnL: 19.67363852 💵 | Сделок: 932 | WinRate: 86.59%
🔄 2025-09-11 09:01:36 Баланс: 3134.89416278116$ | PnL: 19.68877686 💵 | Сделок: 935 | WinRate: 86.52%
🔄 2025-09-11 09:06:31 Баланс: 3253.92976650383$ | PnL: 18.73403183 💵 | Сделок: 948 | WinRate: 85.44%
🔄 2025-09-11 09:11:28 Баланс: 3263.83925674383$ | PnL: 18.64353143 💵 | Сделок: 949 | WinRate: 85.35%
🔄 2025-09-11 09:16:13 Баланс: 3431.88673575391$ | PnL: 16.69999035 💵 | Сделок: 967 | WinRate: 83.87%
🔄 2025-09-11 09:20:47 Баланс: 3570.62539813416$ | PnL: 15.43846371 💵 | Сделок: 981 | WinRate: 82.67%
🔄 2025-09-11 09:25:16 Баланс: 3679.1268908223$ | PnL: 14.02251423 💵 | Сделок: 992 | WinRate: 81.75%
🔄 2025-09-11 09:29:38 Баланс: 3748.3215330835$ | PnL: 13.22473981 💵 | Сделок: 1000 | WinRate: 81.2%
🔄 2025-09-11 09:34:02 Баланс: 3778.03979429098$ | PnL: 12.9430042 💵 | Сделок: 1003 | WinRate: 80.96%
🔄 2025-09-11 09:38:22 Баланс: 3887.37830152918$ | PnL: 12.29041462 💵 | Сделок: 1015 | WinRate: 80.39%
🔄 2025-09-11 09:43:11 Баланс: 3936.82359515318$ | PnL: 11.7357267 💵 | Сделок: 1020 | WinRate: 80%
🔄 2025-09-11 09:47:15 Баланс: 3907.03590486948$ | PnL: 12.04015113 💵 | Сделок: 1024 | WinRate: 80.08%
🔄 2025-09-11 09:51:47 Баланс: 3897.10633255246$ | PnL: 12.12834498 💵 | Сделок: 1025 | WinRate: 80.1%
🔄 2025-09-11 09:56:49 Баланс: 3906.91127288241$ | PnL: 11.9590177 💵 | Сделок: 1029 | WinRate: 80.08%
🔄 2025-09-11 10:01:35 Баланс: 3906.631941249$ | PnL: 11.69681878 💵 | Сделок: 1031 | WinRate: 80.02%
🔄 2025-09-11 10:06:57 Баланс: 3926.622017444$ | PnL: 11.68691347 💵 | Сделок: 1033 | WinRate: 79.96%
🔄 2025-09-11 10:11:28 Баланс: 3936.90937133502$ | PnL: 11.98326431 💵 | Сделок: 1035 | WinRate: 80%
🔄 2025-09-11 10:15:58 Баланс: 3886.85961222167$ | PnL: 11.98326431 💵 | Сделок: 1035 | WinRate: 80%
🔄 2025-09-11 10:20:51 Баланс: 3906.37607323367$ | PnL: 11.49972639 💵 | Сделок: 1037 | WinRate: 79.85%
🔄 2025-09-11 10:25:28 Баланс: 3886.35807528652$ | PnL: 11.49972639 💵 | Сделок: 1037 | WinRate: 79.85%
🔄 2025-09-11 10:30:01 Баланс: 3846.57341471131$ | PnL: 11.66718215 💵 | Сделок: 1042 | WinRate: 79.94%
🔄 2025-09-11 10:34:37 Баланс: 3796.4478950259$ | PnL: 11.80138018 💵 | Сделок: 1045 | WinRate: 80%
🔄 2025-09-11 10:39:19 Баланс: 3796.5672742564$ | PnL: 11.94699983 💵 | Сделок: 1047 | WinRate: 80.04%
🔄 2025-09-11 10:45:19 Баланс: 3676.70475006592$ | PnL: 12.04009215 💵 | Сделок: 1050 | WinRate: 80.1%
🔄 2025-09-11 10:50:11 Баланс: 3596.82131234811$ | PnL: 12.41424626 💵 | Сделок: 1058 | WinRate: 80.25%
🔄 2025-09-11 10:55:06 Баланс: 3596.86011424211$ | PnL: 12.48603725 💵 | Сделок: 1060 | WinRate: 80.28%
🔄 2025-09-11 11:00:06 Баланс: 3407.00316787374$ | PnL: 12.87918764 💵 | Сделок: 1066 | WinRate: 80.39%
🔄 2025-09-11 11:06:04 Баланс: 3208.61494997325$ | PnL: 13.4301738 💵 | Сделок: 1088 | WinRate: 80.61%
🔄 2025-09-11 11:12:42 Баланс: 3181.57095524093$ | PnL: 13.70821657 💵 | Сделок: 1107 | WinRate: 80.58%
🔄 2025-09-11 11:17:52 Баланс: 3141.71049561808$ | PnL: 13.93591151 💵 | Сделок: 1113 | WinRate: 80.68%
🔄 2025-09-11 11:22:59 Баланс: 3072.8396762972$ | PnL: 15.46027138 💵 | Сделок: 1130 | WinRate: 80.88%
🔄 2025-09-11 11:28:10 Баланс: 3033.41569473741$ | PnL: 16.22302908 💵 | Сделок: 1147 | WinRate: 81.17%
🔄 2025-09-11 11:33:25 Баланс: 3004.01463713614$ | PnL: 17.0376742 💵 | Сделок: 1168 | WinRate: 81.42%
🔄 2025-09-11 11:38:39 Баланс: 3034.30592237444$ | PnL: 17.34695629 💵 | Сделок: 1173 | WinRate: 81.5%
🔄 2025-09-11 11:43:48 Баланс: 3034.41963784295$ | PnL: 17.47519779 💵 | Сделок: 1177 | WinRate: 81.56%
🔄 2025-09-11 11:48:51 Баланс: 3044.75025341367$ | PnL: 17.84429894 💵 | Сделок: 1183 | WinRate: 81.66%
🔄 2025-09-11 11:54:03 Баланс: 3064.63547085367$ | PnL: 17.72955399 💵 | Сделок: 1185 | WinRate: 81.6%
🔄 2025-09-11 11:59:12 Баланс: 3064.68661363219$ | PnL: 17.79869598 💵 | Сделок: 1187 | WinRate: 81.63%
🔄 2025-09-11 12:04:31 Баланс: 3054.68450497336$ | PnL: 17.82353237 💵 | Сделок: 1189 | WinRate: 81.58%
🔄 2025-09-11 12:09:37 Баланс: 3044.70185458859$ | PnL: 17.85885296 💵 | Сделок: 1190 | WinRate: 81.6%
🔄 2025-09-11 12:14:43 Баланс: 3034.57559450452$ | PnL: 17.75056317 💵 | Сделок: 1191 | WinRate: 81.53%
🔄 2025-09-11 12:19:48 Баланс: 3044.52275038031$ | PnL: 17.7157098 💵 | Сделок: 1194 | WinRate: 81.49%
🔄 2025-09-11 12:24:51 Баланс: 3034.53496566593$ | PnL: 17.7458874 💵 | Сделок: 1195 | WinRate: 81.51%
🔄 2025-09-11 12:30:00 Баланс: 3034.55704156618$ | PnL: 17.77696406 💵 | Сделок: 1196 | WinRate: 81.52%
🔄 2025-09-11 12:35:30 Баланс: 3044.88720733821$ | PnL: 18.13488737 💵 | Сделок: 1200 | WinRate: 81.58%
🔄 2025-09-11 12:40:39 Баланс: 3054.92089781821$ | PnL: 18.16857619 💵 | Сделок: 1201 | WinRate: 81.6%
🔄 2025-09-11 12:45:42 Баланс: 3014.90524147667$ | PnL: 18.19793893 💵 | Сделок: 1202 | WinRate: 81.61%
🔄 2025-09-11 12:50:48 Баланс: 3034.93320281717$ | PnL: 18.2349259 💵 | Сделок: 1205 | WinRate: 81.66%
🔄 2025-09-11 12:56:08 Баланс: 3064.93803056717$ | PnL: 18.23973535 💵 | Сделок: 1208 | WinRate: 81.62%
🔄 2025-09-11 13:03:41 Баланс: 3075.11473339188$ | PnL: 18.45246006 💵 | Сделок: 1213 | WinRate: 81.53%
🔄 2025-09-11 13:09:38 Баланс: 3114.39443694339$ | PnL: 17.77035248 💵 | Сделок: 1220 | WinRate: 81.23%
🔄 2025-09-11 13:15:41 Баланс: 3164.01427432413$ | PnL: 17.41439438 💵 | Сделок: 1229 | WinRate: 81.04%
🔄 2025-09-11 13:21:47 Баланс: 3183.84646052413$ | PnL: 17.24659136 💵 | Сделок: 1231 | WinRate: 80.91%
🔄 2025-09-11 13:28:52 Баланс: 3223.27424368363$ | PnL: 16.72022 💵 | Сделок: 1240 | WinRate: 80.48%
🔄 2025-09-11 13:34:39 Баланс: 3242.9404411163$ | PnL: 16.42227349 💵 | Сделок: 1246 | WinRate: 80.34%
🔄 2025-09-11 13:40:55 Баланс: 3222.78129475595$ | PnL: 16.3230196 💵 | Сделок: 1250 | WinRate: 80.24%
🔄 2025-09-11 13:48:03 Баланс: 3213.03461377176$ | PnL: 16.60281855 💵 | Сделок: 1252 | WinRate: 80.27%
🔄 2025-09-11 13:54:24 Баланс: 3222.43246795757$ | PnL: 16.00973848 💵 | Сделок: 1254 | WinRate: 80.14%
🔄 2025-09-11 14:01:27 Баланс: 3232.70314253194$ | PnL: 16.23927232 💵 | Сделок: 1258 | WinRate: 80.21%
🔄 2025-09-11 14:06:55 Баланс: 3232.59535054671$ | PnL: 16.16604686 💵 | Сделок: 1262 | WinRate: 80.11%
🔄 2025-09-11 14:12:15 Баланс: 3242.49302494023$ | PnL: 16.15990722 💵 | Сделок: 1269 | WinRate: 80.14%
🔄 2025-09-11 14:17:37 Баланс: 3252.74472570701$ | PnL: 16.44755042 💵 | Сделок: 1274 | WinRate: 80.14%
🔄 2025-09-11 14:23:08 Баланс: 3272.12131408524$ | PnL: 15.83312942 💵 | Сделок: 1277 | WinRate: 80.03%
🔄 2025-09-11 14:28:22 Баланс: 3331.62365723009$ | PnL: 15.34445199 💵 | Сделок: 1284 | WinRate: 79.75%
🔄 2025-09-11 14:33:29 Баланс: 3381.18529987029$ | PnL: 14.90610483 💵 | Сделок: 1289 | WinRate: 79.44%
🔄 2025-09-11 14:38:35 Баланс: 3400.95157632042$ | PnL: 14.67239091 💵 | Сделок: 1291 | WinRate: 79.32%
🔄 2025-09-11 14:43:43 Баланс: 3390.99850825154$ | PnL: 14.74630699 💵 | Сделок: 1293 | WinRate: 79.35%
🔄 2025-09-11 14:48:53 Баланс: 3390.87265343054$ | PnL: 14.62940176 💵 | Сделок: 1294 | WinRate: 79.29%
🔄 2025-09-11 14:54:02 Баланс: 3400.80424061591$ | PnL: 14.57899206 💵 | Сделок: 1297 | WinRate: 79.18%
🔄 2025-09-11 14:59:21 Баланс: 3401.19721503595$ | PnL: 15.02596365 💵 | Сделок: 1303 | WinRate: 79.2%
🔄 2025-09-11 15:04:41 Баланс: 3381.35840674241$ | PnL: 15.24110632 💵 | Сделок: 1307 | WinRate: 79.27%
🔄 2025-09-11 15:10:07 Баланс: 3390.86004782551$ | PnL: 14.76072561 💵 | Сделок: 1310 | WinRate: 79.24%
🔄 2025-09-11 15:15:33 Баланс: 3350.93661496206$ | PnL: 14.91788001 💵 | Сделок: 1315 | WinRate: 79.32%
🔄 2025-09-11 15:20:45 Баланс: 3330.94385399609$ | PnL: 14.96109335 💵 | Сделок: 1317 | WinRate: 79.35%
🔄 2025-09-11 15:26:16 Баланс: 3331.1595569923$ | PnL: 15.19478303 💵 | Сделок: 1319 | WinRate: 79.38%
🔄 2025-09-11 15:31:28 Баланс: 3350.10345416519$ | PnL: 14.14768218 💵 | Сделок: 1322 | WinRate: 79.2%
🔄 2025-09-11 15:36:49 Баланс: 3566.93371900069$ | PnL: 10.97843793 💵 | Сделок: 1344 | WinRate: 77.9%
🔄 2025-09-11 15:42:18 Баланс: 3606.70082215284$ | PnL: 10.75488823 💵 | Сделок: 1349 | WinRate: 77.69%
🔄 2025-09-11 15:48:05 Баланс: 3656.01203540284$ | PnL: 10.06610628 💵 | Сделок: 1354 | WinRate: 77.4%
🔄 2025-09-11 15:53:16 Баланс: 3881.79663527601$ | PnL: 5.85904310999998 💵 | Сделок: 1378 | WinRate: 76.05%
🔄 2025-09-11 15:57:52 Баланс: 4009.15944892997$ | PnL: 3.22211233999998 💵 | Сделок: 1391 | WinRate: 75.34%
🔄 2025-09-11 16:02:20 Баланс: 4146.35859302528$ | PnL: 0.421136949999977 💵 | Сделок: 1405 | WinRate: 74.59%
🔄 2025-09-11 16:06:51 Баланс: 4243.08942657438$ | PnL: -1.40975484000002 💵 | Сделок: 1417 | WinRate: 74.03%
🔄 2025-09-11 16:11:38 Баланс: 4269.25943498478$ | PnL: -2.38253913000002 💵 | Сделок: 1423 | WinRate: 73.86%
🔄 2025-09-11 16:16:24 Баланс: 4251.05154866018$ | PnL: -2.11310212000002 💵 | Сделок: 1432 | WinRate: 74.02%
🔄 2025-09-11 16:20:38 Баланс: 4222.96624944234$ | PnL: -1.94608730000002 💵 | Сделок: 1438 | WinRate: 74.13%
🔄 2025-09-11 16:24:50 Баланс: 4183.15069938763$ | PnL: -1.91418126000002 💵 | Сделок: 1439 | WinRate: 74.15%
🔄 2025-09-11 16:28:53 Баланс: 4121.92788502195$ | PnL: -1.84157419000002 💵 | Сделок: 1440 | WinRate: 74.17%
🔄 2025-09-11 16:32:59 Баланс: 4396.53200556505$ | PnL: -6.90332918000002 💵 | Сделок: 1484 | WinRate: 73.18%
🔄 2025-09-11 16:36:54 Баланс: 4823.6273104614$ | PnL: -12.25603432 💵 | Сделок: 1527 | WinRate: 71.91%
🔄 2025-09-11 16:40:17 Баланс: 4803.60947117992$ | PnL: -12.25603432 💵 | Сделок: 1527 | WinRate: 71.91%
🔄 2025-09-11 16:44:08 Баланс: 4783.5914703811$ | PnL: -12.25603432 💵 | Сделок: 1527 | WinRate: 71.91%
🔄 2025-09-11 16:47:42 Баланс: 4783.5914703811$ | PnL: -12.25603432 💵 | Сделок: 1527 | WinRate: 71.91%
🔄 2025-09-11 16:51:25 Баланс: 4773.41736195605$ | PnL: -12.4122578 💵 | Сделок: 1528 | WinRate: 71.86%
🔄 2025-09-11 16:54:54 Баланс: 4773.49143149473$ | PnL: -12.32919011 💵 | Сделок: 1529 | WinRate: 71.88%
🔄 2025-09-11 16:58:43 Баланс: 4763.48243161484$ | PnL: -12.32919011 💵 | Сделок: 1529 | WinRate: 71.88%
🔄 2025-09-11 17:02:20 Баланс: 4773.30638863484$ | PnL: -12.50523149 💵 | Сделок: 1530 | WinRate: 71.83%
🔄 2025-09-11 17:06:43 Баланс: 4773.30638863484$ | PnL: -12.50523149 💵 | Сделок: 1530 | WinRate: 71.83%
🔄 2025-09-11 17:10:22 Баланс: 4773.47314815094$ | PnL: -12.32947129 💵 | Сделок: 1531 | WinRate: 71.85%
🔄 2025-09-11 17:14:03 Баланс: 4783.39141982283$ | PnL: -12.41120098 💵 | Сделок: 1532 | WinRate: 71.8%
🔄 2025-09-11 17:17:29 Баланс: 4783.39141982283$ | PnL: -12.41120098 💵 | Сделок: 1532 | WinRate: 71.8%
🔄 2025-09-11 17:21:32 Баланс: 4783.39141982283$ | PnL: -12.41120098 💵 | Сделок: 1532 | WinRate: 71.8%
🔄 2025-09-11 17:25:13 Баланс: 4783.39141982283$ | PnL: -12.41120098 💵 | Сделок: 1532 | WinRate: 71.8%
🔄 2025-09-11 17:29:27 Баланс: 4783.39141982283$ | PnL: -12.41120098 💵 | Сделок: 1532 | WinRate: 71.8%
🔄 2025-09-11 17:33:07 Баланс: 4773.38241205585$ | PnL: -12.41120098 💵 | Сделок: 1532 | WinRate: 71.8%
🔄 2025-09-11 17:36:40 Баланс: 4773.38241205585$ | PnL: -12.41120098 💵 | Сделок: 1532 | WinRate: 71.8%
🔄 2025-09-11 17:40:07 Баланс: 4773.38241205585$ | PnL: -12.41120098 💵 | Сделок: 1532 | WinRate: 71.8%
🔄 2025-09-11 17:43:35 Баланс: 4753.35391261381$ | PnL: -12.41120098 💵 | Сделок: 1532 | WinRate: 71.8%
🔄 2025-09-11 17:47:29 Баланс: 4753.35391261381$ | PnL: -12.41120098 💵 | Сделок: 1532 | WinRate: 71.8%
🔄 2025-09-11 17:51:14 Баланс: 4753.35391261381$ | PnL: -12.41120098 💵 | Сделок: 1532 | WinRate: 71.8%
🔄 2025-09-11 17:57:42 Баланс: 4753.35391261381$ | PnL: -12.41120098 💵 | Сделок: 1532 | WinRate: 71.8%
🔄 2025-09-11 18:03:34 Баланс: 4710.43359254695$ | PnL: -12.41120098 💵 | Сделок: 1532 | WinRate: 71.8%
🔄 2025-09-11 18:07:32 Баланс: 4710.43359254695$ | PnL: -12.41120098 💵 | Сделок: 1532 | WinRate: 71.8%
🔄 2025-09-11 18:11:22 Баланс: 4729.49154220295$ | PnL: -13.35325633 💵 | Сделок: 1534 | WinRate: 71.71%
🔄 2025-09-11 18:15:30 Баланс: 4749.13142568795$ | PnL: -13.71336737 💵 | Сделок: 1536 | WinRate: 71.61%
🔄 2025-09-11 18:20:15 Баланс: 4768.35030358395$ | PnL: -14.49449778 💵 | Сделок: 1538 | WinRate: 71.52%
🔄 2025-09-11 18:24:33 Баланс: 4768.35030358395$ | PnL: -14.49449778 💵 | Сделок: 1538 | WinRate: 71.52%
🔄 2025-09-11 18:28:29 Баланс: 4768.35030358395$ | PnL: -14.49449778 💵 | Сделок: 1538 | WinRate: 71.52%
🔄 2025-09-11 18:32:30 Баланс: 4758.34130963539$ | PnL: -14.49449778 💵 | Сделок: 1538 | WinRate: 71.52%
🔄 2025-09-11 18:36:39 Баланс: 4758.34130963539$ | PnL: -14.49449778 💵 | Сделок: 1538 | WinRate: 71.52%
🔄 2025-09-11 18:41:10 Баланс: 4748.33231523943$ | PnL: -14.49449778 💵 | Сделок: 1538 | WinRate: 71.52%
🔄 2025-09-11 18:44:54 Баланс: 4736.95611360236$ | PnL: -14.39806058 💵 | Сделок: 1539 | WinRate: 71.54%
🔄 2025-09-11 18:48:25 Баланс: 4727.15122803352$ | PnL: -14.17592407 💵 | Сделок: 1541 | WinRate: 71.58%
🔄 2025-09-11 18:52:01 Баланс: 4717.14221984616$ | PnL: -14.17592407 💵 | Сделок: 1541 | WinRate: 71.58%
🔄 2025-09-11 18:55:30 Баланс: 4697.12422328295$ | PnL: -14.17592407 💵 | Сделок: 1541 | WinRate: 71.58%
🔄 2025-09-11 18:59:01 Баланс: 4667.09721045141$ | PnL: -14.17592407 💵 | Сделок: 1541 | WinRate: 71.58%
🔄 2025-09-11 19:02:43 Баланс: 4657.08820394556$ | PnL: -14.17592407 💵 | Сделок: 1541 | WinRate: 71.58%
🔄 2025-09-11 19:06:19 Баланс: 4657.08820394556$ | PnL: -14.17592407 💵 | Сделок: 1541 | WinRate: 71.58%
🔄 2025-09-11 19:10:06 Баланс: 4647.07920461616$ | PnL: -14.17592407 💵 | Сделок: 1541 | WinRate: 71.58%
🔄 2025-09-11 19:13:53 Баланс: 4647.07920461616$ | PnL: -14.17592407 💵 | Сделок: 1541 | WinRate: 71.58%
🔄 2025-09-11 19:17:48 Баланс: 4627.15202035349$ | PnL: -14.07614488 💵 | Сделок: 1542 | WinRate: 71.6%
🔄 2025-09-11 19:21:28 Баланс: 4587.11506467415$ | PnL: -14.07614488 💵 | Сделок: 1542 | WinRate: 71.6%
🔄 2025-09-11 19:25:08 Баланс: 4577.17446698188$ | PnL: -13.99874635 💵 | Сделок: 1543 | WinRate: 71.61%
🔄 2025-09-11 19:28:47 Баланс: 4577.17446698188$ | PnL: -13.99874635 💵 | Сделок: 1543 | WinRate: 71.61%
🔄 2025-09-11 19:32:31 Баланс: 4577.17446698188$ | PnL: -13.99874635 💵 | Сделок: 1543 | WinRate: 71.61%
🔄 2025-09-11 19:36:17 Баланс: 4567.16546771554$ | PnL: -13.99874635 💵 | Сделок: 1543 | WinRate: 71.61%
🔄 2025-09-11 19:39:56 Баланс: 4567.16546771554$ | PnL: -13.99874635 💵 | Сделок: 1543 | WinRate: 71.61%
🔄 2025-09-11 19:43:34 Баланс: 4557.40702437453$ | PnL: -13.73017863 💵 | Сделок: 1545 | WinRate: 71.65%
🔄 2025-09-11 19:47:16 Баланс: 4557.51380972047$ | PnL: -13.61439552 💵 | Сделок: 1546 | WinRate: 71.67%
🔄 2025-09-11 19:50:55 Баланс: 4557.51380972047$ | PnL: -13.61439552 💵 | Сделок: 1546 | WinRate: 71.67%
🔄 2025-09-11 19:54:37 Баланс: 4557.73648399197$ | PnL: -13.38272121 💵 | Сделок: 1547 | WinRate: 71.69%
🔄 2025-09-11 19:58:16 Баланс: 4567.93700236197$ | PnL: -13.18219923 💵 | Сделок: 1548 | WinRate: 71.71%
🔄 2025-09-11 20:02:02 Баланс: 4568.0763824939$ | PnL: -13.03381923 💵 | Сделок: 1549 | WinRate: 71.72%
🔄 2025-09-11 20:05:43 Баланс: 4568.38186907918$ | PnL: -12.7101813 💵 | Сделок: 1551 | WinRate: 71.76%
🔄 2025-09-11 20:09:22 Баланс: 4538.413413417$ | PnL: -12.64269467 💵 | Сделок: 1552 | WinRate: 71.78%
🔄 2025-09-11 20:13:04 Баланс: 4438.62580319187$ | PnL: -12.31309756 💵 | Сделок: 1555 | WinRate: 71.83%
🔄 2025-09-11 20:17:11 Баланс: 4348.81366985882$ | PnL: -12.03486261 💵 | Сделок: 1556 | WinRate: 71.85%
🔄 2025-09-11 20:22:09 Баланс: 4268.86477906067$ | PnL: -11.90284986 💵 | Сделок: 1557 | WinRate: 71.87%
🔄 2025-09-11 20:26:31 Баланс: 4268.86477906067$ | PnL: -11.90284986 💵 | Сделок: 1557 | WinRate: 71.87%
🔄 2025-09-11 20:30:50 Баланс: 4268.86477906067$ | PnL: -11.90284986 💵 | Сделок: 1557 | WinRate: 71.87%
🔄 2025-09-11 20:35:09 Баланс: 4258.85577832901$ | PnL: -11.90284986 💵 | Сделок: 1557 | WinRate: 71.87%
🔄 2025-09-11 20:39:33 Баланс: 4268.93769532001$ | PnL: -11.8209336 💵 | Сделок: 1558 | WinRate: 71.89%
🔄 2025-09-11 20:43:55 Баланс: 4249.04320005831$ | PnL: -11.67966439 💵 | Сделок: 1560 | WinRate: 71.92%
🔄 2025-09-11 20:48:17 Баланс: 4229.02524639998$ | PnL: -11.67966439 💵 | Сделок: 1560 | WinRate: 71.92%
🔄 2025-09-11 20:52:38 Баланс: 4229.02524639998$ | PnL: -11.67966439 💵 | Сделок: 1560 | WinRate: 71.92%
🔄 2025-09-11 20:56:46 Баланс: 4238.96320576282$ | PnL: -11.73306258 💵 | Сделок: 1562 | WinRate: 71.9%
🔄 2025-09-11 21:00:41 Баланс: 4218.99223470194$ | PnL: -11.67694484 💵 | Сделок: 1563 | WinRate: 71.91%
🔄 2025-09-11 21:04:43 Баланс: 4218.99223470194$ | PnL: -11.67694484 💵 | Сделок: 1563 | WinRate: 71.91%
🔄 2025-09-11 21:09:29 Баланс: 4198.97418725908$ | PnL: -11.67694484 💵 | Сделок: 1563 | WinRate: 71.91%
🔄 2025-09-11 21:13:29 Баланс: 4149.01712555802$ | PnL: -11.57186142 💵 | Сделок: 1565 | WinRate: 71.95%
🔄 2025-09-11 21:17:41 Баланс: 4068.84840901687$ | PnL: -11.46095692 💵 | Сделок: 1566 | WinRate: 71.97%
🔄 2025-09-11 21:21:48 Баланс: 4008.39595601963$ | PnL: -11.46095692 💵 | Сделок: 1566 | WinRate: 71.97%
🔄 2025-09-11 21:26:43 Баланс: 3968.54439261813$ | PnL: -11.26756427 💵 | Сделок: 1567 | WinRate: 71.98%
🔄 2025-09-11 21:30:56 Баланс: 3958.52258109813$ | PnL: -11.26756427 💵 | Сделок: 1567 | WinRate: 71.98%
🔄 2025-09-11 21:35:11 Баланс: 3928.77863910722$ | PnL: -10.97550692 💵 | Сделок: 1568 | WinRate: 72%
🔄 2025-09-11 21:39:29 Баланс: 3809.19504724983$ | PnL: -10.39434378 💵 | Сделок: 1574 | WinRate: 72.11%
🔄 2025-09-11 21:44:01 Баланс: 3709.36879699938$ | PnL: -10.09397645 💵 | Сделок: 1578 | WinRate: 72.18%
🔄 2025-09-11 21:49:17 Баланс: 3639.54561931467$ | PnL: -9.82893646000002 💵 | Сделок: 1581 | WinRate: 72.23%
🔄 2025-09-11 21:53:58 Баланс: 3649.88146277092$ | PnL: -9.47508775000002 💵 | Сделок: 1584 | WinRate: 72.22%
🔄 2025-09-11 21:59:17 Баланс: 3649.88146277092$ | PnL: -9.47508775000002 💵 | Сделок: 1584 | WinRate: 72.22%
🔄 2025-09-11 22:03:59 Баланс: 3650.16736139759$ | PnL: -9.15311789000002 💵 | Сделок: 1588 | WinRate: 72.29%
🔄 2025-09-11 22:08:40 Баланс: 3590.32870342989$ | PnL: -8.91095007000002 💵 | Сделок: 1591 | WinRate: 72.34%
🔄 2025-09-11 22:14:00 Баланс: 3520.54895549454$ | PnL: -8.58308982000002 💵 | Сделок: 1596 | WinRate: 72.43%
🔄 2025-09-11 22:18:50 Баланс: 3510.58494083887$ | PnL: -8.52012417000002 💵 | Сделок: 1598 | WinRate: 72.47%
🔄 2025-09-11 22:24:17 Баланс: 3530.38811115945$ | PnL: -8.70796791000002 💵 | Сделок: 1601 | WinRate: 72.39%
🔄 2025-09-11 22:29:39 Баланс: 3530.62452165727$ | PnL: -8.43555199000002 💵 | Сделок: 1605 | WinRate: 72.46%
🔄 2025-09-11 22:34:21 Баланс: 3530.7027027307$ | PnL: -8.33935778000002 💵 | Сделок: 1607 | WinRate: 72.5%
🔄 2025-09-11 22:39:07 Баланс: 3540.3419554107$ | PnL: -8.70009868000002 💵 | Сделок: 1608 | WinRate: 72.45%
🔄 2025-09-11 22:43:48 Баланс: 3530.33295616137$ | PnL: -8.70009868000002 💵 | Сделок: 1608 | WinRate: 72.45%
🔄 2025-09-11 22:48:35 Баланс: 3540.46161909392$ | PnL: -8.55283380000002 💵 | Сделок: 1611 | WinRate: 72.5%
🔄 2025-09-11 22:53:17 Баланс: 3550.61690334277$ | PnL: -8.37955216000002 💵 | Сделок: 1614 | WinRate: 72.55%
🔄 2025-09-11 22:58:01 Баланс: 3530.63199105076$ | PnL: -8.32823221000002 💵 | Сделок: 1616 | WinRate: 72.59%
🔄 2025-09-11 23:02:45 Баланс: 3530.63199105076$ | PnL: -8.32823221000002 💵 | Сделок: 1616 | WinRate: 72.59%
🔄 2025-09-11 23:07:31 Баланс: 3520.75701294808$ | PnL: -8.18519608000002 💵 | Сделок: 1617 | WinRate: 72.6%
🔄 2025-09-11 23:13:04 Баланс: 3510.82232127329$ | PnL: -8.07462563000002 💵 | Сделок: 1621 | WinRate: 72.67%
🔄 2025-09-11 23:17:48 Баланс: 3500.74953168289$ | PnL: -8.12912038000002 💵 | Сделок: 1622 | WinRate: 72.63%
🔄 2025-09-11 23:22:35 Баланс: 3450.79354753895$ | PnL: -8.03100322000002 💵 | Сделок: 1623 | WinRate: 72.64%
🔄 2025-09-11 23:27:29 Баланс: 3450.85154026872$ | PnL: -7.95776167000002 💵 | Сделок: 1625 | WinRate: 72.68%
🔄 2025-09-11 23:32:21 Баланс: 3271.01243991279$ | PnL: -7.53354436000002 💵 | Сделок: 1635 | WinRate: 72.84%
🔄 2025-09-11 23:37:19 Баланс: 3121.38236431988$ | PnL: -6.91984275000002 💵 | Сделок: 1647 | WinRate: 73.04%
🔄 2025-09-11 23:42:25 Баланс: 3031.53417396469$ | PnL: -6.62037174000002 💵 | Сделок: 1654 | WinRate: 73.16%
🔄 2025-09-11 23:47:46 Баланс: 2911.68407178781$ | PnL: -6.31317319000002 💵 | Сделок: 1660 | WinRate: 73.25%
🔄 2025-09-11 23:53:16 Баланс: 2832.13730925164$ | PnL: -5.64660396000003 💵 | Сделок: 1676 | WinRate: 73.51%
🔄 2025-09-11 23:58:46 Баланс: 2842.43740882234$ | PnL: -5.31037436000002 💵 | Сделок: 1681 | WinRate: 73.59%
🔄 2025-09-12 00:04:14 Баланс: 2842.6198784564$ | PnL: -5.06509595000002 💵 | Сделок: 1688 | WinRate: 73.64%
🔄 2025-09-12 00:09:47 Баланс: 2822.58987015509$ | PnL: -5.05924831000002 💵 | Сделок: 1690 | WinRate: 73.61%
🔄 2025-09-12 00:15:32 Баланс: 2832.81785351978$ | PnL: -4.81414960000003 💵 | Сделок: 1693 | WinRate: 73.66%
🔄 2025-09-12 00:21:33 Баланс: 2812.82221561604$ | PnL: -4.78382984000002 💵 | Сделок: 1694 | WinRate: 73.67%
🔄 2025-09-12 00:27:42 Баланс: 2833.67044522182$ | PnL: -3.73750478000003 💵 | Сделок: 1718 | WinRate: 74.04%
🔄 2025-09-12 00:33:41 Баланс: 2823.90439278668$ | PnL: -3.44580002000003 💵 | Сделок: 1726 | WinRate: 74.16%
🔄 2025-09-12 00:40:20 Баланс: 2844.2635639036$ | PnL: -3.05034646000003 💵 | Сделок: 1732 | WinRate: 74.25%
🔄 2025-09-12 00:46:25 Баланс: 2864.44504850316$ | PnL: -2.84059523000003 💵 | Сделок: 1737 | WinRate: 74.27%
🔄 2025-09-12 00:52:34 Баланс: 2824.43435509289$ | PnL: -2.83156110000003 💵 | Сделок: 1740 | WinRate: 74.25%
🔄 2025-09-12 00:58:34 Баланс: 2814.85358158594$ | PnL: -2.33824285000003 💵 | Сделок: 1747 | WinRate: 74.36%
🔄 2025-09-12 01:04:36 Баланс: 2804.67129723921$ | PnL: -2.48466232000003 💵 | Сделок: 1750 | WinRate: 74.29%
🔄 2025-09-12 01:10:48 Баланс: 2824.96117511043$ | PnL: -2.10542873000003 💵 | Сделок: 1762 | WinRate: 74.4%
🔄 2025-09-12 01:17:28 Баланс: 2865.3473061483$ | PnL: -1.56165499000003 💵 | Сделок: 1784 | WinRate: 74.66%
🔄 2025-09-12 01:23:22 Баланс: 2925.83308527412$ | PnL: -1.03111942000003 💵 | Сделок: 1795 | WinRate: 74.82%
🔄 2025-09-12 01:29:09 Баланс: 2925.91651885217$ | PnL: -0.920582480000028 💵 | Сделок: 1798 | WinRate: 74.86%
🔄 2025-09-12 01:35:02 Баланс: 2936.42612327487$ | PnL: -0.329877570000028 💵 | Сделок: 1808 | WinRate: 75%
🔄 2025-09-12 01:40:48 Баланс: 2836.81730307031$ | PnL: 0.303325369999972 💵 | Сделок: 1825 | WinRate: 75.23%
🔄 2025-09-12 01:46:45 Баланс: 2878.01104414843$ | PnL: 1.64063947999997 💵 | Сделок: 1845 | WinRate: 75.5%
🔄 2025-09-12 01:52:41 Баланс: 2858.15475834126$ | PnL: 1.87256628999997 💵 | Сделок: 1853 | WinRate: 75.61%
🔄 2025-09-12 01:58:34 Баланс: 2798.35185502094$ | PnL: 2.22156119999997 💵 | Сделок: 1864 | WinRate: 75.75%
🔄 2025-09-12 02:04:07 Баланс: 2768.67438333024$ | PnL: 2.72363885999997 💵 | Сделок: 1881 | WinRate: 75.92%
🔄 2025-09-12 02:09:50 Баланс: 2799.01127260155$ | PnL: 3.21381920999997 💵 | Сделок: 1901 | WinRate: 76.12%
🔄 2025-09-12 02:15:32 Баланс: 2779.73055578447$ | PnL: 4.25027264999997 💵 | Сделок: 1932 | WinRate: 76.5%
🔄 2025-09-12 02:21:06 Баланс: 2770.03356502721$ | PnL: 4.68611549999997 💵 | Сделок: 1947 | WinRate: 76.68%
🔄 2025-09-12 02:26:43 Баланс: 2593.29044120118$ | PnL: 7.25763783999997 💵 | Сделок: 2027 | WinRate: 77.6%
🔄 2025-09-12 02:32:32 Баланс: 2626.43862566508$ | PnL: 9.62925964999997 💵 | Сделок: 2090 | WinRate: 78.28%
🔄 2025-09-12 02:38:56 Баланс: 2613.97925280338$ | PnL: 10.3176109 💵 | Сделок: 2103 | WinRate: 78.41%
🔄 2025-09-12 02:44:39 Баланс: 2584.35282416227$ | PnL: 10.79099667 💵 | Сделок: 2111 | WinRate: 78.49%
🔄 2025-09-12 02:50:31 Баланс: 2575.5984448043$ | PnL: 11.3181901 💵 | Сделок: 2122 | WinRate: 78.61%
🔄 2025-09-12 02:56:17 Баланс: 2596.46221557204$ | PnL: 11.8925062 💵 | Сделок: 2137 | WinRate: 78.76%
🔄 2025-09-12 03:02:48 Баланс: 2596.73909272033$ | PnL: 12.31668921 💵 | Сделок: 2149 | WinRate: 78.83%
🔄 2025-09-12 03:08:31 Баланс: 2607.25325029842$ | PnL: 12.96516884 💵 | Сделок: 2165 | WinRate: 78.98%
🔄 2025-09-12 03:14:16 Баланс: 2557.82565720205$ | PnL: 13.83174745 💵 | Сделок: 2187 | WinRate: 79.2%
🔄 2025-09-12 03:20:08 Баланс: 2578.36450996716$ | PnL: 14.66239756 💵 | Сделок: 2213 | WinRate: 79.44%
🔄 2025-09-12 03:25:57 Баланс: 2589.30812066059$ | PnL: 15.90222487 💵 | Сделок: 2247 | WinRate: 79.75%
🔄 2025-09-12 03:31:46 Баланс: 2589.7726570687$ | PnL: 16.4930631 💵 | Сделок: 2261 | WinRate: 79.88%
🔄 2025-09-12 03:37:40 Баланс: 2619.92491389057$ | PnL: 16.67233747 💵 | Сделок: 2267 | WinRate: 79.93%
🔄 2025-09-12 03:43:21 Баланс: 2620.33350658156$ | PnL: 17.14403766 💵 | Сделок: 2274 | WinRate: 79.99%
🔄 2025-09-12 03:49:07 Баланс: 2660.72892520499$ | PnL: 17.58330169 💵 | Сделок: 2283 | WinRate: 80.07%
🔄 2025-09-12 03:54:46 Баланс: 2660.77159535487$ | PnL: 17.64498964 💵 | Сделок: 2285 | WinRate: 80.09%
🔄 2025-09-12 04:00:29 Баланс: 2650.95257169605$ | PnL: 17.89908253 💵 | Сделок: 2289 | WinRate: 80.12%
🔄 2025-09-12 04:06:11 Баланс: 2721.39832657729$ | PnL: 18.46053335 💵 | Сделок: 2306 | WinRate: 80.27%
🔄 2025-09-12 04:11:51 Баланс: 2711.72375658554$ | PnL: 18.93051076 💵 | Сделок: 2318 | WinRate: 80.37%
🔄 2025-09-12 04:18:04 Баланс: 2711.57844537539$ | PnL: 18.83020263 💵 | Сделок: 2323 | WinRate: 80.33%
🔄 2025-09-12 04:23:35 Баланс: 2681.57907992421$ | PnL: 18.89573562 💵 | Сделок: 2325 | WinRate: 80.34%
🔄 2025-09-12 04:29:10 Баланс: 2792.3454122348$ | PnL: 19.8405128 💵 | Сделок: 2352 | WinRate: 80.57%
🔄 2025-09-12 04:34:34 Баланс: 2742.57804767643$ | PnL: 20.2796956 💵 | Сделок: 2367 | WinRate: 80.69%
🔄 2025-09-12 04:40:04 Баланс: 2653.44149081132$ | PnL: 21.60170626 💵 | Сделок: 2400 | WinRate: 80.96%
🔄 2025-09-12 04:45:42 Баланс: 2684.49314607041$ | PnL: 23.27179965 💵 | Сделок: 2447 | WinRate: 81.32%
🔄 2025-09-12 04:51:17 Баланс: 2938.40776803674$ | PnL: 28.46445193 💵 | Сделок: 2591 | WinRate: 82.36%
🔄 2025-09-12 04:56:39 Баланс: 2648.66045566694$ | PnL: 29.24223191 💵 | Сделок: 2613 | WinRate: 82.47%
🔄 2025-09-12 05:02:16 Баланс: 2667.91313343212$ | PnL: 28.50385368 💵 | Сделок: 2616 | WinRate: 82.42%
🔄 2025-09-12 05:07:49 Баланс: 2697.95148115894$ | PnL: 28.5511816 💵 | Сделок: 2620 | WinRate: 82.4%
🔄 2025-09-12 05:14:05 Баланс: 2678.03668107319$ | PnL: 28.67241174 💵 | Сделок: 2622 | WinRate: 82.42%
🔄 2025-09-12 05:19:38 Баланс: 2698.24500220683$ | PnL: 28.92443961 💵 | Сделок: 2629 | WinRate: 82.39%
🔄 2025-09-12 05:25:14 Баланс: 2698.31024458342$ | PnL: 28.99868207 💵 | Сделок: 2630 | WinRate: 82.4%
🔄 2025-09-12 05:30:44 Баланс: 2688.71332838944$ | PnL: 29.49191955 💵 | Сделок: 2639 | WinRate: 82.42%
🔄 2025-09-12 05:36:23 Баланс: 2758.18576342938$ | PnL: 28.97304208 💵 | Сделок: 2647 | WinRate: 82.24%
🔄 2025-09-12 05:41:51 Баланс: 2837.63315053317$ | PnL: 28.43816786 💵 | Сделок: 2657 | WinRate: 82.01%
🔄 2025-09-12 05:47:12 Баланс: 2897.53128975417$ | PnL: 28.00713076 💵 | Сделок: 2664 | WinRate: 81.87%
🔄 2025-09-12 05:52:34 Баланс: 2927.44591764388$ | PnL: 27.94880991 💵 | Сделок: 2670 | WinRate: 81.8%
🔄 2025-09-12 05:57:54 Баланс: 2996.65444783661$ | PnL: 27.18966882 💵 | Сделок: 2679 | WinRate: 81.56%
🔄 2025-09-12 06:03:10 Баланс: 3045.74587644959$ | PnL: 26.30793896 💵 | Сделок: 2687 | WinRate: 81.39%
🔄 2025-09-12 06:08:21 Баланс: 3066.06646972297$ | PnL: 26.65553076 💵 | Сделок: 2692 | WinRate: 81.39%
🔄 2025-09-12 06:13:25 Баланс: 3065.92484342568$ | PnL: 26.52310612 💵 | Сделок: 2693 | WinRate: 81.36%
🔄 2025-09-12 06:19:10 Баланс: 3066.26573885273$ | PnL: 26.87299691 💵 | Сделок: 2694 | WinRate: 81.37%
🔄 2025-09-12 06:24:13 Баланс: 3066.23985120913$ | PnL: 26.8649454 💵 | Сделок: 2696 | WinRate: 81.34%
🔄 2025-09-12 06:29:17 Баланс: 3076.34850360913$ | PnL: 26.97359205 💵 | Сделок: 2697 | WinRate: 81.35%
🔄 2025-09-12 06:35:05 Баланс: 3096.37705694537$ | PnL: 27.01113198 💵 | Сделок: 2700 | WinRate: 81.33%
🔄 2025-09-12 06:40:12 Баланс: 3086.60365153503$ | PnL: 27.26471157 💵 | Сделок: 2702 | WinRate: 81.35%
🔄 2025-09-12 06:45:27 Баланс: 3096.82186095759$ | PnL: 27.50091617 💵 | Сделок: 2705 | WinRate: 81.37%
🔄 2025-09-12 06:50:31 Баланс: 3086.96157173839$ | PnL: 27.65862714 💵 | Сделок: 2706 | WinRate: 81.37%
🔄 2025-09-12 06:55:34 Баланс: 3116.75392075089$ | PnL: 27.45984578 💵 | Сделок: 2710 | WinRate: 81.29%
🔄 2025-09-12 07:00:37 Баланс: 3195.96413332589$ | PnL: 26.82780608 💵 | Сделок: 2718 | WinRate: 81.13%
🔄 2025-09-12 07:05:37 Баланс: 3215.7544625993$ | PnL: 26.62715527 💵 | Сделок: 2721 | WinRate: 81.07%
🔄 2025-09-12 07:10:33 Баланс: 3294.91886281261$ | PnL: 25.80066515 💵 | Сделок: 2730 | WinRate: 80.84%
🔄 2025-09-12 07:15:24 Баланс: 3353.89479070064$ | PnL: 24.78558672 💵 | Сделок: 2737 | WinRate: 80.64%
🔄 2025-09-12 07:20:56 Баланс: 3353.83408970907$ | PnL: 24.75169293 💵 | Сделок: 2740 | WinRate: 80.58%
🔄 2025-09-12 07:25:46 Баланс: 3363.74102087027$ | PnL: 24.53012921 💵 | Сделок: 2743 | WinRate: 80.53%
🔄 2025-09-12 07:30:34 Баланс: 3403.22963535527$ | PnL: 24.01838665 💵 | Сделок: 2747 | WinRate: 80.41%
🔄 2025-09-12 07:35:17 Баланс: 3432.95608139962$ | PnL: 23.75383239 💵 | Сделок: 2751 | WinRate: 80.33%
🔄 2025-09-12 07:40:01 Баланс: 3514.01520334962$ | PnL: 23.1883548 💵 | Сделок: 2759 | WinRate: 80.17%
🔄 2025-09-12 07:44:42 Баланс: 3625.46632900313$ | PnL: 21.40999358 💵 | Сделок: 2772 | WinRate: 79.8%
🔄 2025-09-12 07:49:19 Баланс: 3625.46632900313$ | PnL: 21.40999358 💵 | Сделок: 2772 | WinRate: 79.8%
🔄 2025-09-12 07:53:54 Баланс: 3625.56438056906$ | PnL: 21.51703284 💵 | Сделок: 2773 | WinRate: 79.81%
🔄 2025-09-12 07:58:25 Баланс: 3635.48113744906$ | PnL: 21.43378372 💵 | Сделок: 2774 | WinRate: 79.78%
🔄 2025-09-12 08:02:56 Баланс: 3625.2263781291$ | PnL: 21.21606321 💵 | Сделок: 2776 | WinRate: 79.76%
🔄 2025-09-12 08:07:33 Баланс: 3635.58763240595$ | PnL: 21.59527834 💵 | Сделок: 2779 | WinRate: 79.78%
🔄 2025-09-12 08:12:07 Баланс: 3694.88471205672$ | PnL: 20.90094919 💵 | Сделок: 2786 | WinRate: 79.65%
🔄 2025-09-12 08:17:19 Баланс: 3714.94246181825$ | PnL: 20.97671228 💵 | Сделок: 2790 | WinRate: 79.61%
🔄 2025-09-12 08:21:57 Баланс: 3704.96378015539$ | PnL: 21.02506008 💵 | Сделок: 2792 | WinRate: 79.58%
🔄 2025-09-12 08:26:27 Баланс: 3694.95478511986$ | PnL: 21.02506008 💵 | Сделок: 2792 | WinRate: 79.58%
🔄 2025-09-12 08:30:55 Баланс: 3694.79521927517$ | PnL: 20.89253602 💵 | Сделок: 2795 | WinRate: 79.57%
🔄 2025-09-12 08:35:32 Баланс: 3685.1645049377$ | PnL: 21.33876192 💵 | Сделок: 2800 | WinRate: 79.61%
🔄 2025-09-12 08:40:03 Баланс: 3684.988873838$ | PnL: 21.19541551 💵 | Сделок: 2803 | WinRate: 79.59%
🔄 2025-09-12 08:44:31 Баланс: 3644.95258162735$ | PnL: 21.19541551 💵 | Сделок: 2803 | WinRate: 79.59%
🔄 2025-09-12 08:49:07 Баланс: 3644.95258162735$ | PnL: 21.19541551 💵 | Сделок: 2803 | WinRate: 79.59%
🔄 2025-09-12 08:53:43 Баланс: 3625.06514566154$ | PnL: 21.34371349 💵 | Сделок: 2805 | WinRate: 79.61%
🔄 2025-09-12 08:58:21 Баланс: 3595.29237815579$ | PnL: 21.60743474 💵 | Сделок: 2806 | WinRate: 79.62%
🔄 2025-09-12 09:03:09 Баланс: 3585.49669996538$ | PnL: 21.86193233 💵 | Сделок: 2811 | WinRate: 79.65%
🔄 2025-09-12 09:08:26 Баланс: 3555.59946969644$ | PnL: 22.02783903 💵 | Сделок: 2815 | WinRate: 79.68%
🔄 2025-09-12 09:13:08 Баланс: 3495.58478435075$ | PnL: 22.07595091 💵 | Сделок: 2816 | WinRate: 79.69%
🔄 2025-09-12 09:17:54 Баланс: 3435.6513097269$ | PnL: 22.29292105 💵 | Сделок: 2820 | WinRate: 79.72%
🔄 2025-09-12 09:23:27 Баланс: 3172.70299385721$ | PnL: 22.7284594 💵 | Сделок: 2825 | WinRate: 79.75%
🔄 2025-09-12 09:28:31 Баланс: 3052.51153828593$ | PnL: 22.72650368 💵 | Сделок: 2834 | WinRate: 79.78%
🔄 2025-09-12 09:33:34 Баланс: 3062.69719514976$ | PnL: 22.98840775 💵 | Сделок: 2843 | WinRate: 79.81%
🔄 2025-09-12 09:38:32 Баланс: 2902.87211492573$ | PnL: 23.47028469 💵 | Сделок: 2861 | WinRate: 79.94%
🔄 2025-09-12 09:43:54 Баланс: 2822.86557292505$ | PnL: 23.65464711 💵 | Сделок: 2874 | WinRate: 79.99%
🔄 2025-09-12 09:49:17 Баланс: 2723.87594283228$ | PnL: 24.90901048 💵 | Сделок: 2891 | WinRate: 80.11%
🔄 2025-09-12 09:55:57 Баланс: 2695.4695776925$ | PnL: 26.87038882 💵 | Сделок: 2930 | WinRate: 80.38%
🔄 2025-09-12 10:01:51 Баланс: 2666.32567648002$ | PnL: 27.96024505 💵 | Сделок: 2953 | WinRate: 80.53%
🔄 2025-09-12 10:07:40 Баланс: 2737.20383499229$ | PnL: 28.99668055 💵 | Сделок: 2974 | WinRate: 80.67%
🔄 2025-09-12 10:13:21 Баланс: 2757.25486963289$ | PnL: 29.07495363 💵 | Сделок: 2979 | WinRate: 80.66%
🔄 2025-09-12 10:18:49 Баланс: 2767.44681734811$ | PnL: 29.26103367 💵 | Сделок: 2982 | WinRate: 80.68%
🔄 2025-09-12 10:24:18 Баланс: 2758.13771637096$ | PnL: 30.06004891 💵 | Сделок: 2993 | WinRate: 80.76%
🔄 2025-09-12 10:29:52 Баланс: 2777.99314247976$ | PnL: 29.9597154 💵 | Сделок: 3000 | WinRate: 80.77%
🔄 2025-09-12 10:35:28 Баланс: 2768.20243454393$ | PnL: 30.20496774 💵 | Сделок: 3003 | WinRate: 80.79%
🔄 2025-09-12 10:41:26 Баланс: 2788.43323242307$ | PnL: 30.44475524 💵 | Сделок: 3006 | WinRate: 80.77%
🔄 2025-09-12 10:47:13 Баланс: 2798.60360709534$ | PnL: 30.64264452 💵 | Сделок: 3010 | WinRate: 80.76%
🔄 2025-09-12 10:53:07 Баланс: 2818.6606541017$ | PnL: 30.71769121 💵 | Сделок: 3014 | WinRate: 80.76%
🔄 2025-09-12 10:59:09 Баланс: 2868.01139588475$ | PnL: 30.09097529 💵 | Сделок: 3021 | WinRate: 80.6%
🔄 2025-09-12 11:04:57 Баланс: 2888.55744496354$ | PnL: 30.69998582 💵 | Сделок: 3030 | WinRate: 80.63%
🔄 2025-09-12 12:27:59 Баланс: 2898.73789232593$ | PnL: 30.88943623 💵 | Сделок: 3032 | WinRate: 80.64%
🔄 2025-09-12 12:33:37 Баланс: 3762.93929829465$ | PnL: 22.11798671 💵 | Сделок: 3119 | WinRate: 79%
🔄 2025-09-12 12:38:04 Баланс: 3762.93929829465$ | PnL: 22.11798671 💵 | Сделок: 3119 | WinRate: 79%
🔄 2025-09-12 12:42:23 Баланс: 3772.78763161465$ | PnL: 21.96633383 💵 | Сделок: 3120 | WinRate: 78.97%
🔄 2025-09-12 12:46:45 Баланс: 3772.78763161465$ | PnL: 21.96633383 💵 | Сделок: 3120 | WinRate: 78.97%
🔄 2025-09-12 12:51:14 Баланс: 3772.78763161465$ | PnL: 21.96633383 💵 | Сделок: 3120 | WinRate: 78.97%
🔄 2025-09-12 12:55:33 Баланс: 3762.77863159764$ | PnL: 21.96633383 💵 | Сделок: 3120 | WinRate: 78.97%
🔄 2025-09-12 12:59:50 Баланс: 3752.76963227425$ | PnL: 21.96633383 💵 | Сделок: 3120 | WinRate: 78.97%
🔄 2025-09-12 13:04:16 Баланс: 3752.76963227425$ | PnL: 21.96633383 💵 | Сделок: 3120 | WinRate: 78.97%
🔄 2025-09-12 13:08:35 Баланс: 3772.3436267055$ | PnL: 21.54934684 💵 | Сделок: 3123 | WinRate: 78.9%
🔄 2025-09-12 13:13:07 Баланс: 3772.3436267055$ | PnL: 21.54934684 💵 | Сделок: 3123 | WinRate: 78.9%
🔄 2025-09-12 13:17:35 Баланс: 3772.3436267055$ | PnL: 21.54934684 💵 | Сделок: 3123 | WinRate: 78.9%
🔄 2025-09-12 13:21:54 Баланс: 3782.1098712175$ | PnL: 21.31559176 💵 | Сделок: 3124 | WinRate: 78.87%
🔄 2025-09-12 13:26:15 Баланс: 3821.29985380489$ | PnL: 20.51408684 💵 | Сделок: 3129 | WinRate: 78.75%
🔄 2025-09-12 13:30:31 Баланс: 3850.63831159662$ | PnL: 19.86159302 💵 | Сделок: 3133 | WinRate: 78.65%
🔄 2025-09-12 13:34:51 Баланс: 3870.12635111406$ | PnL: 19.3586229 💵 | Сделок: 3136 | WinRate: 78.57%
🔄 2025-09-12 13:39:48 Баланс: 3880.07213466446$ | PnL: 19.31349087 💵 | Сделок: 3138 | WinRate: 78.55%
🔄 2025-09-12 13:44:02 Баланс: 3967.53523748845$ | PnL: 16.78556345 💵 | Сделок: 3148 | WinRate: 78.34%
🔄 2025-09-12 13:48:13 Баланс: 4026.52717577185$ | PnL: 15.78769359 💵 | Сделок: 3155 | WinRate: 78.16%
🔄 2025-09-12 13:52:26 Баланс: 4036.39511927585$ | PnL: 15.65563849 💵 | Сделок: 3156 | WinRate: 78.14%
🔄 2025-09-12 13:56:34 Баланс: 4105.19721647785$ | PnL: 14.45754914 💵 | Сделок: 3163 | WinRate: 77.96%
🔄 2025-09-12 14:00:48 Баланс: 4114.77912205663$ | PnL: 14.04845834 💵 | Сделок: 3165 | WinRate: 77.91%
🔄 2025-09-12 14:04:59 Баланс: 4124.99172959028$ | PnL: 14.2700634 💵 | Сделок: 3167 | WinRate: 77.9%
🔄 2025-09-12 14:09:00 Баланс: 4300.71697104612$ | PnL: 9.99686532 💵 | Сделок: 3185 | WinRate: 77.46%
🔄 2025-09-12 14:12:52 Баланс: 4339.81269118273$ | PnL: 9.10091901 💵 | Сделок: 3190 | WinRate: 77.34%
🔄 2025-09-12 14:16:35 Баланс: 4349.61392100393$ | PnL: 8.90214881 💵 | Сделок: 3191 | WinRate: 77.31%
🔄 2025-09-12 14:21:02 Баланс: 4349.92804193831$ | PnL: 9.09854809 💵 | Сделок: 3194 | WinRate: 77.3%
🔄 2025-09-12 14:24:47 Баланс: 4349.92804193831$ | PnL: 9.09854809 💵 | Сделок: 3194 | WinRate: 77.3%
🔄 2025-09-12 14:28:28 Баланс: 4369.56156535831$ | PnL: 8.7319563 💵 | Сделок: 3196 | WinRate: 77.25%
🔄 2025-09-12 14:32:09 Баланс: 4369.56156535831$ | PnL: 8.7319563 💵 | Сделок: 3196 | WinRate: 77.25%
🔄 2025-09-12 14:35:52 Баланс: 4359.59602370403$ | PnL: 8.79191128 💵 | Сделок: 3197 | WinRate: 77.26%
🔄 2025-09-12 14:39:36 Баланс: 4349.58702356651$ | PnL: 8.79191128 💵 | Сделок: 3197 | WinRate: 77.26%
🔄 2025-09-12 14:43:25 Баланс: 4339.6473504812$ | PnL: 8.87023532 💵 | Сделок: 3198 | WinRate: 77.27%
🔄 2025-09-12 14:47:40 Баланс: 4339.8014074938$ | PnL: 9.0332922 💵 | Сделок: 3199 | WinRate: 77.27%
🔄 2025-09-12 14:52:22 Баланс: 4340.1392570985$ | PnL: 9.38913133 💵 | Сделок: 3201 | WinRate: 77.29%
🔄 2025-09-12 14:56:24 Баланс: 4340.1823622284$ | PnL: 9.42832459 💵 | Сделок: 3202 | WinRate: 77.3%
🔄 2025-09-12 15:00:18 Баланс: 4280.11926094962$ | PnL: 9.42832459 💵 | Сделок: 3202 | WinRate: 77.3%
🔄 2025-09-12 15:04:03 Баланс: 4280.26149631698$ | PnL: 9.58850575999999 💵 | Сделок: 3204 | WinRate: 77.31%
🔄 2025-09-12 15:07:53 Баланс: 4270.25248694855$ | PnL: 9.58850575999999 💵 | Сделок: 3204 | WinRate: 77.31%
🔄 2025-09-12 15:12:23 Баланс: 4230.41322093751$ | PnL: 9.79425514 💵 | Сделок: 3205 | WinRate: 77.32%
🔄 2025-09-12 15:16:10 Баланс: 4190.68365411298$ | PnL: 10.11098399 💵 | Сделок: 3207 | WinRate: 77.33%
🔄 2025-09-12 15:20:03 Баланс: 4160.76430397301$ | PnL: 10.22758889 💵 | Сделок: 3208 | WinRate: 77.34%
🔄 2025-09-12 15:23:53 Баланс: 4150.81691940098$ | PnL: 10.26509876 💵 | Сделок: 3209 | WinRate: 77.34%
🔄 2025-09-12 15:27:53 Баланс: 4099.25962337378$ | PnL: 10.29959964 💵 | Сделок: 3210 | WinRate: 77.35%
🔄 2025-09-12 15:34:14 Баланс: 4019.38491423417$ | PnL: 10.52370133 💵 | Сделок: 3213 | WinRate: 77.37%
🔄 2025-09-12 15:41:52 Баланс: 4029.49274447426$ | PnL: 10.65903245 💵 | Сделок: 3217 | WinRate: 77.37%
🔄 2025-09-12 15:49:54 Баланс: 4009.47474651809$ | PnL: 10.65903245 💵 | Сделок: 3217 | WinRate: 77.37%
🔄 2025-09-12 15:56:43 Баланс: 4108.15077118529$ | PnL: 9.33503284 💵 | Сделок: 3227 | WinRate: 77.13%
🔄 2025-09-12 16:05:02 Баланс: 4188.61856813275$ | PnL: 8.29628266 💵 | Сделок: 3236 | WinRate: 76.95%
🔄 2025-09-12 16:13:35 Баланс: 4414.70589088045$ | PnL: 4.41838111 💵 | Сделок: 3259 | WinRate: 76.4%
🔄 2025-09-12 16:21:09 Баланс: 4435.01897908602$ | PnL: 4.74810597 💵 | Сделок: 3263 | WinRate: 76.37%
🔄 2025-09-12 16:27:00 Баланс: 4435.02586847432$ | PnL: 4.76414406 💵 | Сделок: 3264 | WinRate: 76.38%
🔄 2025-09-12 16:31:59 Баланс: 4425.02543938138$ | PnL: 4.78303986 💵 | Сделок: 3265 | WinRate: 76.39%
🔄 2025-09-12 16:38:01 Баланс: 4424.83586145915$ | PnL: 4.74692442 💵 | Сделок: 3266 | WinRate: 76.36%
🔄 2025-09-12 16:43:19 Баланс: 4424.83586145915$ | PnL: 4.74692442 💵 | Сделок: 3266 | WinRate: 76.36%
🔄 2025-09-12 16:47:46 Баланс: 4414.82686144784$ | PnL: 4.74692442 💵 | Сделок: 3266 | WinRate: 76.36%
🔄 2025-09-12 16:52:21 Баланс: 4354.77280006514$ | PnL: 4.74692442 💵 | Сделок: 3266 | WinRate: 76.36%
🔄 2025-09-12 16:56:54 Баланс: 4234.79253849851$ | PnL: 4.88847198 💵 | Сделок: 3267 | WinRate: 76.37%
🔄 2025-09-12 17:01:40 Баланс: 4185.08329299914$ | PnL: 5.24223253 💵 | Сделок: 3269 | WinRate: 76.38%
🔄 2025-09-12 17:06:29 Баланс: 4184.77952707511$ | PnL: 4.94746751 💵 | Сделок: 3270 | WinRate: 76.36%
🔄 2025-09-12 17:11:24 Баланс: 4174.77019447604$ | PnL: 4.94746751 💵 | Сделок: 3270 | WinRate: 76.36%
🔄 2025-09-12 17:16:17 Баланс: 4174.77019447604$ | PnL: 4.94746751 💵 | Сделок: 3270 | WinRate: 76.36%
🔄 2025-09-12 17:21:21 Баланс: 4174.04847690644$ | PnL: 4.23481444 💵 | Сделок: 3271 | WinRate: 76.34%
🔄 2025-09-12 17:27:24 Баланс: 4154.03048318008$ | PnL: 4.23481444 💵 | Сделок: 3271 | WinRate: 76.34%
🔄 2025-09-12 17:32:47 Баланс: 4124.30845420101$ | PnL: 4.56509565 💵 | Сделок: 3273 | WinRate: 76.35%
🔄 2025-09-12 17:37:48 Баланс: 4024.21874427985$ | PnL: 4.56509565 💵 | Сделок: 3273 | WinRate: 76.35%
🔄 2025-09-12 17:42:56 Баланс: 4014.35217234985$ | PnL: 4.56509565 💵 | Сделок: 3273 | WinRate: 76.35%
🔄 2025-09-12 17:47:55 Баланс: 4014.24420464765$ | PnL: 4.46594622 💵 | Сделок: 3274 | WinRate: 76.33%
🔄 2025-09-12 17:53:00 Баланс: 3994.22621540732$ | PnL: 4.46594622 💵 | Сделок: 3274 | WinRate: 76.33%
🔄 2025-09-12 17:58:03 Баланс: 3884.29795580099$ | PnL: 4.66110082 💵 | Сделок: 3278 | WinRate: 76.36%
🔄 2025-09-12 18:03:17 Баланс: 3692.40880346694$ | PnL: 4.54196131 💵 | Сделок: 3285 | WinRate: 76.38%
🔄 2025-09-12 18:08:54 Баланс: 3189.18158474144$ | PnL: 4.99204531 💵 | Сделок: 3297 | WinRate: 76.46%
🔄 2025-09-12 18:15:15 Баланс: 3100.0032503019$ | PnL: 6.10807542 💵 | Сделок: 3319 | WinRate: 76.62%
🔄 2025-09-12 18:22:32 Баланс: 3120.7702914105$ | PnL: 6.96262688 💵 | Сделок: 3332 | WinRate: 76.71%
🔄 2025-09-12 18:30:13 Баланс: 3051.21910837492$ | PnL: 7.60341845 💵 | Сделок: 3347 | WinRate: 76.82%
🔄 2025-09-12 18:36:12 Баланс: 3041.48383286172$ | PnL: 7.99021837999999 💵 | Сделок: 3353 | WinRate: 76.86%
🔄 2025-09-12 18:41:49 Баланс: 3041.48383286172$ | PnL: 7.99021837999999 💵 | Сделок: 3353 | WinRate: 76.86%
🔄 2025-09-12 18:48:34 Баланс: 3071.21562625472$ | PnL: 7.72200661999999 💵 | Сделок: 3356 | WinRate: 76.82%
🔄 2025-09-12 18:54:52 Баланс: 3071.21562625472$ | PnL: 7.72200661999999 💵 | Сделок: 3356 | WinRate: 76.82%
🔄 2025-09-12 19:00:46 Баланс: 3080.98842925529$ | PnL: 7.51275678999999 💵 | Сделок: 3359 | WinRate: 76.78%
🔄 2025-09-12 19:06:47 Баланс: 3101.08847164529$ | PnL: 7.61431017999999 💵 | Сделок: 3361 | WinRate: 76.79%
🔄 2025-09-12 19:13:00 Баланс: 3100.37424465042$ | PnL: 6.91787249999999 💵 | Сделок: 3363 | WinRate: 76.75%
🔄 2025-09-12 19:21:43 Баланс: 3209.54540738645$ | PnL: 6.09484208999999 💵 | Сделок: 3375 | WinRate: 76.56%
🔄 2025-09-12 19:27:22 Баланс: 3258.97463690645$ | PnL: 5.52330809999999 💵 | Сделок: 3380 | WinRate: 76.45%
🔄 2025-09-12 19:32:53 Баланс: 3307.88856158645$ | PnL: 4.43733231999999 💵 | Сделок: 3385 | WinRate: 76.34%
🔄 2025-09-12 19:38:16 Баланс: 3376.71298782007$ | PnL: 3.27105974999999 💵 | Сделок: 3393 | WinRate: 76.16%
🔄 2025-09-12 19:45:05 Баланс: 3445.20155565455$ | PnL: 1.75955249999999 💵 | Сделок: 3400 | WinRate: 76%
🔄 2025-09-12 19:50:28 Баланс: 3445.12559791459$ | PnL: 1.70158767999999 💵 | Сделок: 3402 | WinRate: 75.98%
🔄 2025-09-12 19:56:12 Баланс: 3445.12559791459$ | PnL: 1.70158767999999 💵 | Сделок: 3402 | WinRate: 75.98%
🔄 2025-09-12 20:02:55 Баланс: 3455.62538478718$ | PnL: 2.23735855999999 💵 | Сделок: 3407 | WinRate: 76.02%
🔄 2025-09-12 20:09:47 Баланс: 3455.70846534688$ | PnL: 2.32944132999999 💵 | Сделок: 3408 | WinRate: 76.03%
🔄 2025-09-12 20:17:03 Баланс: 3455.43445456551$ | PnL: 2.23377326999999 💵 | Сделок: 3412 | WinRate: 76%
🔄 2025-09-12 20:22:29 Баланс: 3455.99656009219$ | PnL: 2.88576489999999 💵 | Сделок: 3422 | WinRate: 76.04%
🔄 2025-09-12 20:28:23 Баланс: 3386.70669572767$ | PnL: 3.86630094999999 💵 | Сделок: 3439 | WinRate: 76.16%
🔄 2025-09-12 20:33:58 Баланс: 2987.45557142231$ | PnL: 5.30102532999999 💵 | Сделок: 3464 | WinRate: 76.33%
🔄 2025-09-12 20:39:47 Баланс: 2848.57370009464$ | PnL: 6.75139756999999 💵 | Сделок: 3487 | WinRate: 76.48%
🔄 2025-09-12 20:45:54 Баланс: 2828.55569005561$ | PnL: 6.75139756999999 💵 | Сделок: 3487 | WinRate: 76.48%
🔄 2025-09-12 20:52:33 Баланс: 2828.55569005561$ | PnL: 6.75139756999999 💵 | Сделок: 3487 | WinRate: 76.48%
🔄 2025-09-12 20:58:23 Баланс: 2829.15910403415$ | PnL: 7.41531196999999 💵 | Сделок: 3494 | WinRate: 76.53%
🔄 2025-09-12 21:03:57 Баланс: 2840.17545149946$ | PnL: 8.44593140999999 💵 | Сделок: 3513 | WinRate: 76.66%
🔄 2025-09-12 21:09:31 Баланс: 2880.71525368804$ | PnL: 9.04857990999999 💵 | Сделок: 3524 | WinRate: 76.73%
🔄 2025-09-12 21:15:44 Баланс: 2821.72024196242$ | PnL: 10.29748642 💵 | Сделок: 3545 | WinRate: 76.87%
🔄 2025-09-12 21:21:28 Баланс: 2733.14787124692$ | PnL: 12.15385868 💵 | Сделок: 3580 | WinRate: 77.09%
🔄 2025-09-12 21:27:37 Баланс: 2724.87716502295$ | PnL: 14.37566871 💵 | Сделок: 3617 | WinRate: 77.33%
🔄 2025-09-12 21:33:34 Баланс: 2686.56707784422$ | PnL: 16.44517384 💵 | Сделок: 3649 | WinRate: 77.53%
🔄 2025-09-12 21:39:38 Баланс: 2698.78091150053$ | PnL: 19.075815 💵 | Сделок: 3685 | WinRate: 77.75%
🔄 2025-09-12 21:45:43 Баланс: 2622.33406798743$ | PnL: 23.25034872 💵 | Сделок: 3740 | WinRate: 78.07%
🔄 2025-09-12 21:51:57 Баланс: 2653.87633119242$ | PnL: 25.02025921 💵 | Сделок: 3770 | WinRate: 78.25%
🔄 2025-09-12 21:58:28 Баланс: 2634.20342779748$ | PnL: 25.41650629 💵 | Сделок: 3776 | WinRate: 78.28%
🔄 2025-09-12 22:04:40 Баланс: 2624.42081321569$ | PnL: 25.66088878 💵 | Сделок: 3778 | WinRate: 78.3%
🔄 2025-09-12 22:10:58 Баланс: 2624.64045782529$ | PnL: 25.92471809 💵 | Сделок: 3783 | WinRate: 78.32%
🔄 2025-09-12 22:17:12 Баланс: 2585.2925232802$ | PnL: 26.85214607 💵 | Сделок: 3801 | WinRate: 78.43%
🔄 2025-09-12 22:23:32 Баланс: 2546.5739664175$ | PnL: 28.52401879 💵 | Сделок: 3827 | WinRate: 78.57%
🔄 2025-09-12 22:29:53 Баланс: 2567.72846793326$ | PnL: 29.82253031 💵 | Сделок: 3845 | WinRate: 78.67%
🔄 2025-09-12 22:35:55 Баланс: 2569.05093061012$ | PnL: 31.37852124 💵 | Сделок: 3872 | WinRate: 78.82%
🔄 2025-09-12 22:41:41 Баланс: 2640.35881408387$ | PnL: 32.93172531 💵 | Сделок: 3900 | WinRate: 78.97%
🔄 2025-09-12 22:48:03 Баланс: 2640.9716281551$ | PnL: 33.63441537 💵 | Сделок: 3910 | WinRate: 79.03%
🔄 2025-09-12 22:53:48 Баланс: 2631.27732209961$ | PnL: 34.02158149 💵 | Сделок: 3918 | WinRate: 79.07%
🔄 2025-09-12 22:59:37 Баланс: 2621.86836603149$ | PnL: 34.70265557 💵 | Сделок: 3927 | WinRate: 79.12%
🔄 2025-09-12 23:05:59 Баланс: 2642.73092642458$ | PnL: 35.74735241 💵 | Сделок: 3944 | WinRate: 79.21%
🔄 2025-09-12 23:11:43 Баланс: 2663.34507553714$ | PnL: 36.37952461 💵 | Сделок: 3948 | WinRate: 79.23%
🔄 2025-09-12 23:17:28 Баланс: 2693.56028309755$ | PnL: 36.61471146 💵 | Сделок: 3953 | WinRate: 79.26%
🔄 2025-09-12 23:23:02 Баланс: 2704.12972807859$ | PnL: 37.22917657 💵 | Сделок: 3959 | WinRate: 79.29%
🔄 2025-09-12 23:29:19 Баланс: 2704.77807904006$ | PnL: 37.91077043 💵 | Сделок: 3963 | WinRate: 79.31%
🔄 2025-09-12 23:34:53 Баланс: 2715.05200784977$ | PnL: 38.10148364 💵 | Сделок: 3969 | WinRate: 79.34%
🔄 2025-09-12 23:40:27 Баланс: 2725.07911231266$ | PnL: 38.46578559 💵 | Сделок: 3978 | WinRate: 79.39%
🔄 2025-09-12 23:46:05 Баланс: 2695.53217410354$ | PnL: 39.11106556 💵 | Сделок: 3989 | WinRate: 79.44%
🔄 2025-09-12 23:52:23 Баланс: 2686.86124012256$ | PnL: 40.6381388 💵 | Сделок: 4010 | WinRate: 79.55%
🔄 2025-09-12 23:58:19 Баланс: 2659.47023067969$ | PnL: 41.45602254 💵 | Сделок: 4029 | WinRate: 79.65%
🔄 2025-09-13 00:04:03 Баланс: 2682.01410612901$ | PnL: 42.03621947 💵 | Сделок: 4042 | WinRate: 79.71%
🔄 2025-09-13 00:10:34 Баланс: 2712.40974441312$ | PnL: 42.44501751 💵 | Сделок: 4047 | WinRate: 79.74%
🔄 2025-09-13 00:16:19 Баланс: 2751.91186328926$ | PnL: 42.1256418300001 💵 | Сделок: 4054 | WinRate: 79.7%
🔄 2025-09-13 00:21:54 Баланс: 2821.51193792726$ | PnL: 41.7254520500001 💵 | Сделок: 4061 | WinRate: 79.59%
🔄 2025-09-13 00:27:29 Баланс: 2870.98386623277$ | PnL: 41.2091188900001 💵 | Сделок: 4067 | WinRate: 79.49%
🔄 2025-09-13 00:33:04 Баланс: 2890.83804342277$ | PnL: 41.0633178200001 💵 | Сделок: 4069 | WinRate: 79.45%
🔄 2025-09-13 00:39:24 Баланс: 2891.34169103087$ | PnL: 41.6028479900001 💵 | Сделок: 4073 | WinRate: 79.47%
🔄 2025-09-13 00:45:00 Баланс: 2901.38621478887$ | PnL: 41.6473704200001 💵 | Сделок: 4074 | WinRate: 79.48%
🔄 2025-09-13 00:51:14 Баланс: 2861.98940455576$ | PnL: 41.9776465200001 💵 | Сделок: 4081 | WinRate: 79.51%
🔄 2025-09-13 00:56:52 Баланс: 2862.30898958701$ | PnL: 42.4530639000001 💵 | Сделок: 4094 | WinRate: 79.58%
🔄 2025-09-13 01:02:28 Баланс: 2932.21458657201$ | PnL: 42.55036062 💵 | Сделок: 4101 | WinRate: 79.59%
🔄 2025-09-13 01:08:08 Баланс: 2942.64456417022$ | PnL: 42.99831376 💵 | Сделок: 4104 | WinRate: 79.61%
🔄 2025-09-13 01:13:41 Баланс: 2972.40617359562$ | PnL: 42.75992424 💵 | Сделок: 4107 | WinRate: 79.55%
🔄 2025-09-13 01:19:11 Баланс: 3001.61603670776$ | PnL: 41.9877735800001 💵 | Сделок: 4112 | WinRate: 79.5%
🔄 2025-09-13 01:24:39 Баланс: 3011.93837299276$ | PnL: 42.3101059900001 💵 | Сделок: 4113 | WinRate: 79.5%
🔄 2025-09-13 01:30:05 Баланс: 3012.06218488097$ | PnL: 42.4429178900001 💵 | Сделок: 4114 | WinRate: 79.51%
🔄 2025-09-13 01:35:40 Баланс: 3031.80642111097$ | PnL: 42.1859306600001 💵 | Сделок: 4116 | WinRate: 79.47%
🔄 2025-09-13 01:41:08 Баланс: 3051.59989933097$ | PnL: 41.9790272800001 💵 | Сделок: 4118 | WinRate: 79.43%
🔄 2025-09-13 01:46:37 Баланс: 3081.72676539593$ | PnL: 42.1148276900001 💵 | Сделок: 4122 | WinRate: 79.43%
🔄 2025-09-13 01:52:07 Баланс: 3091.5710607098$ | PnL: 41.9772071500001 💵 | Сделок: 4125 | WinRate: 79.39%
🔄 2025-09-13 01:57:33 Баланс: 3081.75116242611$ | PnL: 42.0142336900001 💵 | Сделок: 4126 | WinRate: 79.4%
🔄 2025-09-13 02:03:00 Баланс: 3071.74216215587$ | PnL: 42.0142336900001 💵 | Сделок: 4126 | WinRate: 79.4%
🔄 2025-09-13 02:08:25 Баланс: 3011.92186914496$ | PnL: 42.2748942700001 💵 | Сделок: 4129 | WinRate: 79.41%
🔄 2025-09-13 02:13:59 Баланс: 2972.06448719236$ | PnL: 42.5011156000001 💵 | Сделок: 4135 | WinRate: 79.42%
🔄 2025-09-13 02:20:13 Баланс: 2842.50541727844$ | PnL: 43.17728975 💵 | Сделок: 4148 | WinRate: 79.48%
🔄 2025-09-13 02:25:55 Баланс: 2744.41124738776$ | PnL: 46.0025106100001 💵 | Сделок: 4224 | WinRate: 79.85%
🔄 2025-09-13 02:31:37 Баланс: 2634.95798442631$ | PnL: 46.6867430200001 💵 | Сделок: 4234 | WinRate: 79.9%
🔄 2025-09-13 02:37:25 Баланс: 2645.53869809264$ | PnL: 47.3627314000001 💵 | Сделок: 4247 | WinRate: 79.96%
🔄 2025-09-13 02:43:58 Баланс: 2665.99712895203$ | PnL: 48.0358406000001 💵 | Сделок: 4256 | WinRate: 79.98%
🔄 2025-09-13 02:49:45 Баланс: 2686.07001532553$ | PnL: 48.1087279700001 💵 | Сделок: 4258 | WinRate: 79.99%
🔄 2025-09-13 02:55:28 Баланс: 2666.15890742268$ | PnL: 48.2246280900001 💵 | Сделок: 4259 | WinRate: 80%
🔄 2025-09-13 03:01:29 Баланс: 2666.57538398465$ | PnL: 48.7041696700001 💵 | Сделок: 4266 | WinRate: 80.03%
🔄 2025-09-13 03:08:11 Баланс: 2707.22510893316$ | PnL: 49.3628750700001 💵 | Сделок: 4271 | WinRate: 80.03%
🔄 2025-09-13 03:14:12 Баланс: 2716.33229341952$ | PnL: 48.4880322900001 💵 | Сделок: 4274 | WinRate: 80%
🔄 2025-09-13 03:20:07 Баланс: 2746.26008123917$ | PnL: 48.4081589500001 💵 | Сделок: 4279 | WinRate: 79.95%
🔄 2025-09-13 03:26:02 Баланс: 2746.26936237452$ | PnL: 48.4264402300001 💵 | Сделок: 4280 | WinRate: 79.95%
🔄 2025-09-13 03:32:00 Баланс: 2756.07587406536$ | PnL: 48.2710261300001 💵 | Сделок: 4285 | WinRate: 79.93%
