🔄 2025-09-16 23:06:22 Баланс: 100$ | PnL: 0 💵 | Сделок: 0 | WinRate: 0%
🔄 2025-09-16 23:09:17 Баланс: 83.9382319871549$ | PnL: 0 💵 | Сделок: 0 | WinRate: 0%
🔄 2025-09-16 23:12:24 Баланс: 83.9382319871549$ | PnL: 0 💵 | Сделок: 0 | WinRate: 0%
🔄 2025-09-16 23:15:32 Баланс: 80.9355005538903$ | PnL: 0 💵 | Сделок: 0 | WinRate: 0%
🔄 2025-09-16 23:18:39 Баланс: 76.9318485474266$ | PnL: 0 💵 | Сделок: 0 | WinRate: 0%
🔄 2025-09-16 23:21:50 Баланс: 71.9273783242016$ | PnL: 0 💵 | Сделок: 0 | WinRate: 0%
🔄 2025-09-16 23:25:04 Баланс: 48.9748152024665$ | PnL: 0.05578036 💵 | Сделок: 3 | WinRate: 100%
🔄 2025-09-16 23:28:31 Баланс: 48.9870235895865$ | PnL: 0.06880195 💵 | Сделок: 4 | WinRate: 100%
🔄 2025-09-16 23:31:58 Баланс: 47.0003817354183$ | PnL: 0.08485001 💵 | Сделок: 5 | WinRate: 100%
🔄 2025-09-16 23:35:27 Баланс: 44.9566740524183$ | PnL: 0.08485001 💵 | Сделок: 5 | WinRate: 100%
🔄 2025-09-16 23:38:54 Баланс: 43.9557765666791$ | PnL: 0.08485001 💵 | Сделок: 5 | WinRate: 100%
🔄 2025-09-16 23:42:32 Баланс: 42.9548913799991$ | PnL: 0.08485001 💵 | Сделок: 5 | WinRate: 100%
🔄 2025-09-16 23:46:02 Баланс: 41.9539908879567$ | PnL: 0.08485001 💵 | Сделок: 5 | WinRate: 100%
🔄 2025-09-16 23:49:34 Баланс: 36.8592179944078$ | PnL: 0.08485001 💵 | Сделок: 5 | WinRate: 100%
🔄 2025-09-16 23:53:07 Баланс: 33.8565160146276$ | PnL: 0.08485001 💵 | Сделок: 5 | WinRate: 100%
🔄 2025-09-16 23:56:40 Баланс: 30.855583710123$ | PnL: 0.08485001 💵 | Сделок: 5 | WinRate: 100%
🔄 2025-09-17 00:00:15 Баланс: 28.8537764305773$ | PnL: 0.08485001 💵 | Сделок: 5 | WinRate: 100%
🔄 2025-09-17 00:03:53 Баланс: 27.8527110818973$ | PnL: 0.08485001 💵 | Сделок: 5 | WinRate: 100%
🔄 2025-09-17 00:08:13 Баланс: 25.8590600234433$ | PnL: 0.09357275 💵 | Сделок: 6 | WinRate: 100%
🔄 2025-09-17 00:11:51 Баланс: 23.8573337297193$ | PnL: 0.09357275 💵 | Сделок: 6 | WinRate: 100%
🔄 2025-09-17 00:15:31 Баланс: 23.8573337297193$ | PnL: 0.09357275 💵 | Сделок: 6 | WinRate: 100%
🔄 2025-09-17 00:19:11 Баланс: 22.8564337318012$ | PnL: 0.09357275 💵 | Сделок: 6 | WinRate: 100%
🔄 2025-09-17 00:22:53 Баланс: 21.8938104533992$ | PnL: 0.13371089 💵 | Сделок: 9 | WinRate: 100%
🔄 2025-09-17 00:26:35 Баланс: 18.8909963307812$ | PnL: 0.13371089 💵 | Сделок: 9 | WinRate: 100%
🔄 2025-09-17 00:30:17 Баланс: 16.8892581463652$ | PnL: 0.13371089 💵 | Сделок: 9 | WinRate: 100%
🔄 2025-09-17 00:34:00 Баланс: 14.8960457530387$ | PnL: 0.14324554 💵 | Сделок: 10 | WinRate: 100%
🔄 2025-09-17 00:37:46 Баланс: 12.8943124229877$ | PnL: 0.14324554 💵 | Сделок: 10 | WinRate: 100%
🔄 2025-09-17 00:41:34 Баланс: 11.8934205252732$ | PnL: 0.14324554 💵 | Сделок: 10 | WinRate: 100%
🔄 2025-09-17 00:45:23 Баланс: 8.89065823426166$ | PnL: 0.14324554 💵 | Сделок: 10 | WinRate: 100%
🔄 2025-09-17 00:49:12 Баланс: 6.88852753690166$ | PnL: 0.14324554 💵 | Сделок: 10 | WinRate: 100%
🔄 2025-09-17 00:53:10 Баланс: 6.88852753690166$ | PnL: 0.14324554 💵 | Сделок: 10 | WinRate: 100%
🔄 2025-09-17 00:57:06 Баланс: 6.88852753690166$ | PnL: 0.14324554 💵 | Сделок: 10 | WinRate: 100%
🔄 2025-09-17 01:01:04 Баланс: 5.89538038944866$ | PnL: 0.151897 💵 | Сделок: 11 | WinRate: 100%
🔄 2025-09-17 01:04:57 Баланс: 0.899570982792763$ | PnL: 0.16195889 💵 | Сделок: 12 | WinRate: 100%
🔄 2025-09-17 01:08:52 Баланс: 0.0110928284007628$ | PnL: 0.17625044 💵 | Сделок: 13 | WinRate: 100%
🔄 2025-09-17 01:12:52 Баланс: 0.0110928284007628$ | PnL: 0.17625044 💵 | Сделок: 13 | WinRate: 100%
🔄 2025-09-17 01:16:45 Баланс: 0.00960887490076279$ | PnL: 0.18539709 💵 | Сделок: 14 | WinRate: 100%
🔄 2025-09-17 01:20:44 Баланс: 0.00960887490076279$ | PnL: 0.18539709 💵 | Сделок: 14 | WinRate: 100%
🔄 2025-09-17 01:24:37 Баланс: 0.00960887490076279$ | PnL: 0.18539709 💵 | Сделок: 14 | WinRate: 100%
🔄 2025-09-17 01:28:38 Баланс: 0.00960887490076279$ | PnL: 0.18539709 💵 | Сделок: 14 | WinRate: 100%
🔄 2025-09-17 01:32:35 Баланс: 0.0121866531277626$ | PnL: 0.18886845 💵 | Сделок: 15 | WinRate: 100%
🔄 2025-09-17 01:36:32 Баланс: 0.041377460964662$ | PnL: 0.22071393 💵 | Сделок: 18 | WinRate: 100%
🔄 2025-09-17 01:40:29 Баланс: 0.041377460964662$ | PnL: 0.22071393 💵 | Сделок: 18 | WinRate: 100%
🔄 2025-09-17 01:44:24 Баланс: 0.041377460964662$ | PnL: 0.22071393 💵 | Сделок: 18 | WinRate: 100%
🔄 2025-09-17 01:48:18 Баланс: 0.0433198191823421$ | PnL: 0.22355422 💵 | Сделок: 19 | WinRate: 100%
🔄 2025-09-17 01:52:18 Баланс: 0.054593546920042$ | PnL: 0.23572796 💵 | Сделок: 20 | WinRate: 100%
🔄 2025-09-17 01:56:11 Баланс: 0.054593546920042$ | PnL: 0.23572796 💵 | Сделок: 20 | WinRate: 100%
🔄 2025-09-17 02:00:04 Баланс: 0.0893784298900417$ | PnL: 0.2785345 💵 | Сделок: 22 | WinRate: 100%
🔄 2025-09-17 02:04:01 Баланс: 0.137213971822941$ | PnL: 0.33304634 💵 | Сделок: 28 | WinRate: 100%
🔄 2025-09-17 02:07:58 Баланс: 0.14976804353232$ | PnL: 0.3474086 💵 | Сделок: 30 | WinRate: 100%
🔄 2025-09-17 02:11:56 Баланс: 0.18074932547992$ | PnL: 0.38315059 💵 | Сделок: 35 | WinRate: 100%
🔄 2025-09-17 02:15:49 Баланс: 0.20538209749942$ | PnL: 0.4095823 💵 | Сделок: 38 | WinRate: 100%
🔄 2025-09-17 02:19:44 Баланс: 0.20538209749942$ | PnL: 0.4095823 💵 | Сделок: 38 | WinRate: 100%
🔄 2025-09-17 02:23:40 Баланс: 0.20538209749942$ | PnL: 0.4095823 💵 | Сделок: 38 | WinRate: 100%
🔄 2025-09-17 02:27:32 Баланс: 0.21965861637442$ | PnL: 0.42475043 💵 | Сделок: 39 | WinRate: 100%
🔄 2025-09-17 02:31:26 Баланс: 0.22433838237442$ | PnL: 0.43036534 💵 | Сделок: 40 | WinRate: 100%
🔄 2025-09-17 02:35:21 Баланс: 0.22433838237442$ | PnL: 0.43036534 💵 | Сделок: 40 | WinRate: 100%
🔄 2025-09-17 02:39:17 Баланс: 0.22433838237442$ | PnL: 0.43036534 💵 | Сделок: 40 | WinRate: 100%
🔄 2025-09-17 02:43:11 Баланс: 0.241536998433421$ | PnL: 0.44936683 💵 | Сделок: 42 | WinRate: 100%
🔄 2025-09-17 02:47:03 Баланс: 0.250955895829705$ | PnL: 0.45968573 💵 | Сделок: 43 | WinRate: 100%
🔄 2025-09-17 02:50:57 Баланс: 0.260956939153805$ | PnL: 0.47148814 💵 | Сделок: 45 | WinRate: 100%
🔄 2025-09-17 02:54:48 Баланс: 0.265700293725805$ | PnL: 0.47714613 💵 | Сделок: 46 | WinRate: 100%
🔄 2025-09-17 02:58:45 Баланс: 0.265700293725805$ | PnL: 0.47714613 💵 | Сделок: 46 | WinRate: 100%
🔄 2025-09-17 03:02:47 Баланс: 0.265700293725805$ | PnL: 0.47714613 💵 | Сделок: 46 | WinRate: 100%
🔄 2025-09-17 03:06:41 Баланс: 0.265700293725805$ | PnL: 0.47714613 💵 | Сделок: 46 | WinRate: 100%
🔄 2025-09-17 03:10:32 Баланс: 0.265700293725805$ | PnL: 0.47714613 💵 | Сделок: 46 | WinRate: 100%
🔄 2025-09-17 03:14:27 Баланс: 0.265700293725805$ | PnL: 0.47714613 💵 | Сделок: 46 | WinRate: 100%
🔄 2025-09-17 03:18:23 Баланс: 0.265700293725805$ | PnL: 0.47714613 💵 | Сделок: 46 | WinRate: 100%
🔄 2025-09-17 03:22:15 Баланс: 0.265700293725805$ | PnL: 0.47714613 💵 | Сделок: 46 | WinRate: 100%
🔄 2025-09-17 03:26:10 Баланс: 0.265700293725805$ | PnL: 0.47714613 💵 | Сделок: 46 | WinRate: 100%
🔄 2025-09-17 03:30:06 Баланс: 0.277316850711805$ | PnL: 0.48964072 💵 | Сделок: 47 | WinRate: 100%
🔄 2025-09-17 03:34:01 Баланс: 0.277316850711805$ | PnL: 0.48964072 💵 | Сделок: 47 | WinRate: 100%
🔄 2025-09-17 03:38:38 Баланс: 1.2643511657118$ | PnL: 0.47668313 💵 | Сделок: 48 | WinRate: 97.92%
🔄 2025-09-17 03:43:10 Баланс: 1.2809073527797$ | PnL: 0.4950656 💵 | Сделок: 50 | WinRate: 98%
🔄 2025-09-17 03:47:02 Баланс: 0.280008545852505$ | PnL: 0.4950656 💵 | Сделок: 50 | WinRate: 98%
🔄 2025-09-17 03:51:00 Баланс: 0.280008545852505$ | PnL: 0.4950656 💵 | Сделок: 50 | WinRate: 98%
🔄 2025-09-17 03:54:54 Баланс: 0.280008545852505$ | PnL: 0.4950656 💵 | Сделок: 50 | WinRate: 98%
🔄 2025-09-17 03:58:46 Баланс: 0.280008545852505$ | PnL: 0.4950656 💵 | Сделок: 50 | WinRate: 98%
🔄 2025-09-17 04:02:43 Баланс: 0.179409154852505$ | PnL: 0.50437516 💵 | Сделок: 51 | WinRate: 98.04%
🔄 2025-09-17 04:06:36 Баланс: 0.179409154852505$ | PnL: 0.50437516 💵 | Сделок: 51 | WinRate: 98.04%
🔄 2025-09-17 04:10:32 Баланс: 0.179409154852505$ | PnL: 0.50437516 💵 | Сделок: 51 | WinRate: 98.04%
🔄 2025-09-17 04:14:26 Баланс: 0.179409154852505$ | PnL: 0.50437516 💵 | Сделок: 51 | WinRate: 98.04%
🔄 2025-09-17 04:18:25 Баланс: 1.1709747128525$ | PnL: 0.49594047 💵 | Сделок: 52 | WinRate: 96.15%
🔄 2025-09-17 04:22:17 Баланс: 0.170074746883104$ | PnL: 0.49594047 💵 | Сделок: 52 | WinRate: 96.15%
🔄 2025-09-17 04:26:53 Баланс: 0.170074746883104$ | PnL: 0.49594047 💵 | Сделок: 52 | WinRate: 96.15%
🔄 2025-09-17 04:30:45 Баланс: 0.170074746883104$ | PnL: 0.49594047 💵 | Сделок: 52 | WinRate: 96.15%
🔄 2025-09-17 04:34:39 Баланс: 0.177314230825104$ | PnL: 0.50406883 💵 | Сделок: 53 | WinRate: 96.23%
🔄 2025-09-17 04:38:36 Баланс: 0.271448860825105$ | PnL: 0.51155728 💵 | Сделок: 54 | WinRate: 96.3%
🔄 2025-09-17 04:42:29 Баланс: 0.271448860825105$ | PnL: 0.51155728 💵 | Сделок: 54 | WinRate: 96.3%
🔄 2025-09-17 04:46:23 Баланс: 0.284080900041105$ | PnL: 0.52506955 💵 | Сделок: 55 | WinRate: 96.36%
🔄 2025-09-17 04:50:16 Баланс: 0.284080900041105$ | PnL: 0.52506955 💵 | Сделок: 55 | WinRate: 96.36%
🔄 2025-09-17 04:54:17 Баланс: 0.284080900041105$ | PnL: 0.52506955 💵 | Сделок: 55 | WinRate: 96.36%
🔄 2025-09-17 04:58:16 Баланс: 0.284080900041105$ | PnL: 0.52506955 💵 | Сделок: 55 | WinRate: 96.36%
🔄 2025-09-17 05:02:08 Баланс: 0.284080900041105$ | PnL: 0.52506955 💵 | Сделок: 55 | WinRate: 96.36%
🔄 2025-09-17 05:07:24 Баланс: 0.284080900041105$ | PnL: 0.52506955 💵 | Сделок: 55 | WinRate: 96.36%
🔄 2025-09-17 05:12:04 Баланс: 0.289614378188375$ | PnL: 0.53150282 💵 | Сделок: 56 | WinRate: 96.43%
🔄 2025-09-17 05:15:59 Баланс: 0.289614378188375$ | PnL: 0.53150282 💵 | Сделок: 56 | WinRate: 96.43%
🔄 2025-09-17 05:19:51 Баланс: 0.289614378188375$ | PnL: 0.53150282 💵 | Сделок: 56 | WinRate: 96.43%
🔄 2025-09-17 05:23:45 Баланс: 0.367365343256775$ | PnL: 0.61103798 💵 | Сделок: 58 | WinRate: 96.55%
🔄 2025-09-17 05:27:44 Баланс: 0.367365343256775$ | PnL: 0.61103798 💵 | Сделок: 58 | WinRate: 96.55%
🔄 2025-09-17 05:31:38 Баланс: 1.49618389293978$ | PnL: 0.63186495 💵 | Сделок: 60 | WinRate: 95%
🔄 2025-09-17 05:35:30 Баланс: 1.48414954786328$ | PnL: 0.62072619 💵 | Сделок: 61 | WinRate: 93.44%
🔄 2025-09-17 05:39:21 Баланс: 0.469725174003275$ | PnL: 0.6087158 💵 | Сделок: 62 | WinRate: 91.94%
🔄 2025-09-17 05:43:16 Баланс: 0.469725174003275$ | PnL: 0.6087158 💵 | Сделок: 62 | WinRate: 91.94%
🔄 2025-09-17 05:47:06 Баланс: 0.469725174003275$ | PnL: 0.6087158 💵 | Сделок: 62 | WinRate: 91.94%
🔄 2025-09-17 05:50:58 Баланс: 0.469725174003275$ | PnL: 0.6087158 💵 | Сделок: 62 | WinRate: 91.94%
🔄 2025-09-17 05:55:30 Баланс: 0.469725174003275$ | PnL: 0.6087158 💵 | Сделок: 62 | WinRate: 91.94%
🔄 2025-09-17 05:59:25 Баланс: 0.477993910845875$ | PnL: 0.61786345 💵 | Сделок: 63 | WinRate: 92.06%
🔄 2025-09-17 06:03:26 Баланс: 1.49174187684588$ | PnL: 0.63162013 💵 | Сделок: 64 | WinRate: 92.19%
🔄 2025-09-17 06:07:22 Баланс: 1.50379067179288$ | PnL: 0.64456915 💵 | Сделок: 65 | WinRate: 92.31%
🔄 2025-09-17 06:11:17 Баланс: 0.502772765772875$ | PnL: 0.64456915 💵 | Сделок: 65 | WinRate: 92.31%
🔄 2025-09-17 06:15:13 Баланс: 0.502772765772875$ | PnL: 0.64456915 💵 | Сделок: 65 | WinRate: 92.31%
🔄 2025-09-17 06:19:12 Баланс: 0.502772765772875$ | PnL: 0.64456915 💵 | Сделок: 65 | WinRate: 92.31%
🔄 2025-09-17 06:23:06 Баланс: 0.509144041044236$ | PnL: 0.65184048 💵 | Сделок: 66 | WinRate: 92.42%
🔄 2025-09-17 06:27:02 Баланс: 0.571325644826236$ | PnL: 0.71582269 💵 | Сделок: 68 | WinRate: 92.65%
🔄 2025-09-17 06:31:07 Баланс: 0.589744049180836$ | PnL: 0.73514257 💵 | Сделок: 69 | WinRate: 92.75%
🔄 2025-09-17 06:34:59 Баланс: 0.631423984764236$ | PnL: 0.78049879 💵 | Сделок: 73 | WinRate: 93.15%
🔄 2025-09-17 06:40:20 Баланс: 0.641840661323636$ | PnL: 0.80709258 💵 | Сделок: 77 | WinRate: 93.51%
🔄 2025-09-17 06:44:19 Баланс: 0.682358399065756$ | PnL: 0.8529305 💵 | Сделок: 83 | WinRate: 93.98%
🔄 2025-09-17 06:48:10 Баланс: 0.739284849159356$ | PnL: 0.91165707 💵 | Сделок: 85 | WinRate: 94.12%
🔄 2025-09-17 06:52:07 Баланс: 0.768316904091856$ | PnL: 0.94405514 💵 | Сделок: 89 | WinRate: 94.38%
🔄 2025-09-17 06:56:05 Баланс: 0.813209289734656$ | PnL: 0.9926234 💵 | Сделок: 93 | WinRate: 94.62%
🔄 2025-09-17 07:00:00 Баланс: 0.818559318484656$ | PnL: 0.99777874 💵 | Сделок: 94 | WinRate: 94.68%
🔄 2025-09-17 07:03:58 Баланс: 0.884620075051856$ | PnL: 1.06474096 💵 | Сделок: 95 | WinRate: 94.74%
🔄 2025-09-17 07:07:51 Баланс: 0.87534981171785$ | PnL: 1.05637319 💵 | Сделок: 96 | WinRate: 93.75%
🔄 2025-09-17 07:11:48 Баланс: 0.87534981171785$ | PnL: 1.05637319 💵 | Сделок: 96 | WinRate: 93.75%
🔄 2025-09-17 07:15:48 Баланс: 1.90449983191225$ | PnL: 1.08636467 💵 | Сделок: 98 | WinRate: 93.88%
🔄 2025-09-17 07:19:43 Баланс: 0.90815392691225$ | PnL: 1.08636467 💵 | Сделок: 98 | WinRate: 93.88%
🔄 2025-09-17 07:23:36 Баланс: 0.92071664505625$ | PnL: 1.09980803 💵 | Сделок: 99 | WinRate: 93.94%
🔄 2025-09-17 07:28:11 Баланс: 0.92071664505625$ | PnL: 1.09980803 💵 | Сделок: 99 | WinRate: 93.94%
🔄 2025-09-17 07:32:06 Баланс: 0.92071664505625$ | PnL: 1.09980803 💵 | Сделок: 99 | WinRate: 93.94%
🔄 2025-09-17 07:36:06 Баланс: 0.92071664505625$ | PnL: 1.09980803 💵 | Сделок: 99 | WinRate: 93.94%
🔄 2025-09-17 07:40:04 Баланс: 0.92071664505625$ | PnL: 1.09980803 💵 | Сделок: 99 | WinRate: 93.94%
🔄 2025-09-17 07:44:03 Баланс: 4.96541890505625$ | PnL: 1.0478819 💵 | Сделок: 103 | WinRate: 90.29%
🔄 2025-09-17 07:47:56 Баланс: 5.95344288505625$ | PnL: 1.04045588 💵 | Сделок: 104 | WinRate: 89.42%
🔄 2025-09-17 07:51:45 Баланс: 4.95253694971925$ | PnL: 1.04045588 💵 | Сделок: 104 | WinRate: 89.42%
🔄 2025-09-17 07:55:34 Баланс: 4.95253694971925$ | PnL: 1.04045588 💵 | Сделок: 104 | WinRate: 89.42%
🔄 2025-09-17 07:59:25 Баланс: 6.92414993971925$ | PnL: 1.01208067 💵 | Сделок: 106 | WinRate: 87.74%
🔄 2025-09-17 08:03:59 Баланс: 7.90455345107525$ | PnL: 0.99248418 💵 | Сделок: 107 | WinRate: 86.92%
🔄 2025-09-17 08:08:33 Баланс: 7.90455345107525$ | PnL: 0.99248418 💵 | Сделок: 107 | WinRate: 86.92%
🔄 2025-09-17 08:12:29 Баланс: 7.90455345107525$ | PnL: 0.99248418 💵 | Сделок: 107 | WinRate: 86.92%
🔄 2025-09-17 08:16:17 Баланс: 7.90455345107525$ | PnL: 0.99248418 💵 | Сделок: 107 | WinRate: 86.92%
🔄 2025-09-17 08:20:13 Баланс: 12.7085341050753$ | PnL: 0.88923306 💵 | Сделок: 112 | WinRate: 83.04%
🔄 2025-09-17 08:24:01 Баланс: 20.5658725687752$ | PnL: 0.746994279999999 💵 | Сделок: 120 | WinRate: 77.5%
🔄 2025-09-17 08:27:41 Баланс: 24.4822853247752$ | PnL: 0.66350101 💵 | Сделок: 124 | WinRate: 75%
🔄 2025-09-17 08:31:20 Баланс: 24.4822853247752$ | PnL: 0.66350101 💵 | Сделок: 124 | WinRate: 75%
🔄 2025-09-17 08:35:01 Баланс: 28.4165619181152$ | PnL: 0.593067849999999 💵 | Сделок: 128 | WinRate: 72.66%
🔄 2025-09-17 08:38:41 Баланс: 28.4022002842324$ | PnL: 0.579618309999999 💵 | Сделок: 129 | WinRate: 72.09%
🔄 2025-09-17 08:42:21 Баланс: 28.4483391442223$ | PnL: 0.627539159999999 💵 | Сделок: 131 | WinRate: 72.52%
🔄 2025-09-17 08:46:00 Баланс: 29.4170786142223$ | PnL: 0.596266129999999 💵 | Сделок: 132 | WinRate: 71.97%
🔄 2025-09-17 08:49:39 Баланс: 34.3129049232223$ | PnL: 0.492085849999999 💵 | Сделок: 137 | WinRate: 69.34%
🔄 2025-09-17 08:53:14 Баланс: 41.1248359732223$ | PnL: 0.34396015 💵 | Сделок: 144 | WinRate: 65.97%
🔄 2025-09-17 08:56:54 Баланс: 44.0597224132223$ | PnL: 0.27828082 💵 | Сделок: 147 | WinRate: 64.63%
🔄 2025-09-17 09:00:25 Баланс: 44.0597224132223$ | PnL: 0.27828082 💵 | Сделок: 147 | WinRate: 64.63%
🔄 2025-09-17 09:03:55 Баланс: 44.0597224132223$ | PnL: 0.27828082 💵 | Сделок: 147 | WinRate: 64.63%
🔄 2025-09-17 09:07:29 Баланс: 44.0762858408313$ | PnL: 0.29581115 💵 | Сделок: 148 | WinRate: 64.86%
🔄 2025-09-17 09:11:00 Баланс: 44.0762858408313$ | PnL: 0.29581115 💵 | Сделок: 148 | WinRate: 64.86%
🔄 2025-09-17 09:14:29 Баланс: 44.0762858408313$ | PnL: 0.29581115 💵 | Сделок: 148 | WinRate: 64.86%
🔄 2025-09-17 09:18:01 Баланс: 44.0762858408313$ | PnL: 0.29581115 💵 | Сделок: 148 | WinRate: 64.86%
🔄 2025-09-17 09:21:33 Баланс: 44.0762858408313$ | PnL: 0.29581115 💵 | Сделок: 148 | WinRate: 64.86%
🔄 2025-09-17 09:25:03 Баланс: 44.0762858408313$ | PnL: 0.29581115 💵 | Сделок: 148 | WinRate: 64.86%
🔄 2025-09-17 09:28:33 Баланс: 44.0762858408313$ | PnL: 0.29581115 💵 | Сделок: 148 | WinRate: 64.86%
🔄 2025-09-17 09:32:14 Баланс: 47.0189517608313$ | PnL: 0.23845241 💵 | Сделок: 151 | WinRate: 63.58%
🔄 2025-09-17 09:35:51 Баланс: 47.0189517608313$ | PnL: 0.23845241 💵 | Сделок: 151 | WinRate: 63.58%
🔄 2025-09-17 09:39:32 Баланс: 47.0189517608313$ | PnL: 0.23845241 💵 | Сделок: 151 | WinRate: 63.58%
🔄 2025-09-17 09:43:11 Баланс: 47.0189517608313$ | PnL: 0.23845241 💵 | Сделок: 151 | WinRate: 63.58%
🔄 2025-09-17 09:46:47 Баланс: 47.0189517608313$ | PnL: 0.23845241 💵 | Сделок: 151 | WinRate: 63.58%
🔄 2025-09-17 09:50:23 Баланс: 47.0189517608313$ | PnL: 0.23845241 💵 | Сделок: 151 | WinRate: 63.58%
🔄 2025-09-17 09:53:53 Баланс: 47.0189517608313$ | PnL: 0.23845241 💵 | Сделок: 151 | WinRate: 63.58%
🔄 2025-09-17 09:57:29 Баланс: 47.0189517608313$ | PnL: 0.23845241 💵 | Сделок: 152 | WinRate: 63.82%
🔄 2025-09-17 10:01:00 Баланс: 45.0171189913653$ | PnL: 0.23845241 💵 | Сделок: 153 | WinRate: 64.05%
🔄 2025-09-17 10:04:32 Баланс: 45.0171189913653$ | PnL: 0.23845241 💵 | Сделок: 153 | WinRate: 64.05%
🔄 2025-09-17 10:08:03 Баланс: 45.0171189913653$ | PnL: 0.23845241 💵 | Сделок: 153 | WinRate: 64.05%
🔄 2025-09-17 10:12:05 Баланс: 45.0331823248403$ | PnL: 0.25542175 💵 | Сделок: 154 | WinRate: 64.29%
🔄 2025-09-17 10:17:34 Баланс: 45.0331823248403$ | PnL: 0.25542175 💵 | Сделок: 154 | WinRate: 64.29%
🔄 2025-09-17 10:25:18 Баланс: 44.0322860682063$ | PnL: 0.25542175 💵 | Сделок: 154 | WinRate: 64.29%
🔄 2025-09-17 10:30:06 Баланс: 43.0325347010463$ | PnL: 0.25542175 💵 | Сделок: 154 | WinRate: 64.29%
🔄 2025-09-17 10:34:12 Баланс: 42.0316236711283$ | PnL: 0.25542175 💵 | Сделок: 154 | WinRate: 64.29%
🔄 2025-09-17 10:38:20 Баланс: 41.1253267373283$ | PnL: 0.25542175 💵 | Сделок: 154 | WinRate: 64.29%
🔄 2025-09-17 10:42:37 Баланс: 39.3255296751412$ | PnL: 0.27003917 💵 | Сделок: 155 | WinRate: 64.52%
🔄 2025-09-17 10:46:54 Баланс: 37.1518063159456$ | PnL: 0.0998118199999996 💵 | Сделок: 156 | WinRate: 64.1%
🔄 2025-09-17 10:51:10 Баланс: 37.1518063159456$ | PnL: 0.0998118199999996 💵 | Сделок: 156 | WinRate: 64.1%
🔄 2025-09-17 10:55:23 Баланс: 37.1640743170446$ | PnL: 0.1129787 💵 | Сделок: 157 | WinRate: 64.33%
🔄 2025-09-17 11:02:11 Баланс: 34.1614337124524$ | PnL: 0.1129787 💵 | Сделок: 157 | WinRate: 64.33%
🔄 2025-09-17 11:09:11 Баланс: 34.1704772887124$ | PnL: 0.12288272 💵 | Сделок: 158 | WinRate: 64.56%
🔄 2025-09-17 11:16:18 Баланс: 30.1616618310212$ | PnL: 0.12288272 💵 | Сделок: 158 | WinRate: 64.56%
🔄 2025-09-17 11:21:32 Баланс: 19.1522644611816$ | PnL: 0.12288272 💵 | Сделок: 158 | WinRate: 64.56%
🔄 2025-09-17 11:27:04 Баланс: 17.1541882597816$ | PnL: 0.12768569 💵 | Сделок: 159 | WinRate: 64.78%
🔄 2025-09-17 11:32:24 Баланс: 17.1541882597816$ | PnL: 0.12768569 💵 | Сделок: 159 | WinRate: 64.78%
🔄 2025-09-17 11:38:04 Баланс: 16.1739765061692$ | PnL: 0.14926885 💵 | Сделок: 160 | WinRate: 65%
🔄 2025-09-17 11:44:09 Баланс: 14.1721763626001$ | PnL: 0.14926885 💵 | Сделок: 160 | WinRate: 65%
🔄 2025-09-17 11:48:41 Баланс: 14.1721763626001$ | PnL: 0.14926885 💵 | Сделок: 160 | WinRate: 65%
🔄 2025-09-17 11:53:13 Баланс: 14.1721763626001$ | PnL: 0.14926885 💵 | Сделок: 160 | WinRate: 65%
🔄 2025-09-17 11:57:44 Баланс: 14.1721763626001$ | PnL: 0.14926885 💵 | Сделок: 160 | WinRate: 65%
🔄 2025-09-17 12:02:52 Баланс: 14.1721763626001$ | PnL: 0.14926885 💵 | Сделок: 160 | WinRate: 65%
🔄 2025-09-17 12:07:25 Баланс: 15.1811586226001$ | PnL: 0.15827071 💵 | Сделок: 161 | WinRate: 65.22%
🔄 2025-09-17 12:12:04 Баланс: 15.1631412629501$ | PnL: 0.14114558 💵 | Сделок: 162 | WinRate: 64.81%
🔄 2025-09-17 12:16:35 Баланс: 16.1166715029501$ | PnL: 0.0946613599999996 💵 | Сделок: 163 | WinRate: 64.42%
🔄 2025-09-17 12:21:01 Баланс: 16.1166715029501$ | PnL: 0.0946613599999996 💵 | Сделок: 163 | WinRate: 64.42%
🔄 2025-09-17 12:25:23 Баланс: 16.1166715029501$ | PnL: 0.0946613599999996 💵 | Сделок: 163 | WinRate: 64.42%
🔄 2025-09-17 12:29:47 Баланс: 17.0767671739501$ | PnL: 0.0592470699999996 💵 | Сделок: 165 | WinRate: 64.24%
🔄 2025-09-17 12:34:10 Баланс: 17.0767671739501$ | PnL: 0.0592470699999996 💵 | Сделок: 165 | WinRate: 64.24%
🔄 2025-09-17 12:38:36 Баланс: 18.0577008959501$ | PnL: 0.0401835699999996 💵 | Сделок: 166 | WinRate: 63.86%
🔄 2025-09-17 12:43:00 Баланс: 18.0577008959501$ | PnL: 0.0401835699999996 💵 | Сделок: 166 | WinRate: 63.86%
🔄 2025-09-17 12:47:23 Баланс: 19.0213413259501$ | PnL: 0.00381410999999956 💵 | Сделок: 167 | WinRate: 63.47%
🔄 2025-09-17 12:51:44 Баланс: 18.0204415968937$ | PnL: 0.00381410999999956 💵 | Сделок: 167 | WinRate: 63.47%
🔄 2025-09-17 12:56:50 Баланс: 18.0204415968937$ | PnL: 0.00381410999999956 💵 | Сделок: 167 | WinRate: 63.47%
🔄 2025-09-17 13:01:16 Баланс: 18.0204415968937$ | PnL: 0.00381410999999956 💵 | Сделок: 167 | WinRate: 63.47%
🔄 2025-09-17 13:05:44 Баланс: 18.0204415968937$ | PnL: 0.00381410999999956 💵 | Сделок: 167 | WinRate: 63.47%
🔄 2025-09-17 13:10:07 Баланс: 18.0204415968937$ | PnL: 0.00381410999999956 💵 | Сделок: 167 | WinRate: 63.47%
🔄 2025-09-17 13:14:33 Баланс: 18.0204415968937$ | PnL: 0.00381410999999956 💵 | Сделок: 167 | WinRate: 63.47%
🔄 2025-09-17 13:19:36 Баланс: 19.9904849838937$ | PnL: -0.0262031700000004 💵 | Сделок: 169 | WinRate: 62.72%
🔄 2025-09-17 13:24:03 Баланс: 21.9565459338937$ | PnL: -0.0595486200000004 💵 | Сделок: 171 | WinRate: 61.99%
🔄 2025-09-17 13:28:24 Баланс: 22.9371378038937$ | PnL: -0.0789503500000004 💵 | Сделок: 172 | WinRate: 61.63%
🔄 2025-09-17 13:33:04 Баланс: 22.9371378038937$ | PnL: -0.0789503500000004 💵 | Сделок: 172 | WinRate: 61.63%
🔄 2025-09-17 13:37:29 Баланс: 22.9472765401537$ | PnL: -0.0679131000000004 💵 | Сделок: 173 | WinRate: 61.85%
🔄 2025-09-17 13:41:55 Баланс: 22.9472765401537$ | PnL: -0.0679131000000004 💵 | Сделок: 173 | WinRate: 61.85%
🔄 2025-09-17 13:46:42 Баланс: 22.9472765401537$ | PnL: -0.0679131000000004 💵 | Сделок: 173 | WinRate: 61.85%
🔄 2025-09-17 13:51:42 Баланс: 23.9246462397327$ | PnL: -0.0905434000000004 💵 | Сделок: 174 | WinRate: 61.49%
🔄 2025-09-17 13:56:18 Баланс: 24.8994718097327$ | PnL: -0.11573851 💵 | Сделок: 175 | WinRate: 61.14%
🔄 2025-09-17 14:00:42 Баланс: 25.8763587197327$ | PnL: -0.1388528 💵 | Сделок: 176 | WinRate: 60.8%
🔄 2025-09-17 14:05:04 Баланс: 27.8505264321327$ | PnL: -0.16473093 💵 | Сделок: 178 | WinRate: 60.11%
🔄 2025-09-17 14:09:21 Баланс: 28.8253023421328$ | PnL: -0.18987902 💵 | Сделок: 179 | WinRate: 59.78%
🔄 2025-09-17 14:13:50 Баланс: 28.8253023421328$ | PnL: -0.18987902 💵 | Сделок: 179 | WinRate: 59.78%
🔄 2025-09-17 14:18:22 Баланс: 30.8167246918897$ | PnL: -0.19755554 💵 | Сделок: 182 | WinRate: 59.34%
🔄 2025-09-17 14:22:44 Баланс: 36.6817080278897$ | PnL: -0.332411230000001 💵 | Сделок: 188 | WinRate: 57.45%
🔄 2025-09-17 14:27:02 Баланс: 43.4805165092297$ | PnL: -0.533803190000001 💵 | Сделок: 195 | WinRate: 55.38%
🔄 2025-09-17 14:31:13 Баланс: 48.3821780552297$ | PnL: -0.632307310000001 💵 | Сделок: 200 | WinRate: 54%
🔄 2025-09-17 14:35:58 Баланс: 48.3821780552297$ | PnL: -0.632307310000001 💵 | Сделок: 200 | WinRate: 54%
🔄 2025-09-17 14:40:02 Баланс: 48.3821780552297$ | PnL: -0.632307310000001 💵 | Сделок: 200 | WinRate: 54%
🔄 2025-09-17 14:44:05 Баланс: 49.3648533252297$ | PnL: -0.649602160000001 💵 | Сделок: 201 | WinRate: 53.73%
🔄 2025-09-17 14:48:06 Баланс: 49.3648533252297$ | PnL: -0.649602160000001 💵 | Сделок: 201 | WinRate: 53.73%
🔄 2025-09-17 14:52:05 Баланс: 48.3639380915317$ | PnL: -0.649602160000001 💵 | Сделок: 201 | WinRate: 53.73%
🔄 2025-09-17 14:57:50 Баланс: 48.3639380915317$ | PnL: -0.649602160000001 💵 | Сделок: 201 | WinRate: 53.73%
🔄 2025-09-17 15:03:52 Баланс: 48.3639380915317$ | PnL: -0.649602160000001 💵 | Сделок: 201 | WinRate: 53.73%
🔄 2025-09-17 15:09:01 Баланс: 48.3639380915317$ | PnL: -0.649602160000001 💵 | Сделок: 201 | WinRate: 53.73%
🔄 2025-09-17 15:13:22 Баланс: 48.3639380915317$ | PnL: -0.649602160000001 💵 | Сделок: 201 | WinRate: 53.73%
🔄 2025-09-17 15:17:32 Баланс: 48.3639380915317$ | PnL: -0.649602160000001 💵 | Сделок: 201 | WinRate: 53.73%
🔄 2025-09-17 15:22:42 Баланс: 48.3639380915317$ | PnL: -0.649602160000001 💵 | Сделок: 201 | WinRate: 53.73%
🔄 2025-09-17 15:27:00 Баланс: 48.3639380915317$ | PnL: -0.649602160000001 💵 | Сделок: 202 | WinRate: 53.47%
🔄 2025-09-17 15:31:50 Баланс: 48.3639380915317$ | PnL: -0.649602160000001 💵 | Сделок: 202 | WinRate: 53.47%
🔄 2025-09-17 15:36:05 Баланс: 48.3639380915317$ | PnL: -0.649602160000001 💵 | Сделок: 202 | WinRate: 53.47%
🔄 2025-09-17 15:41:04 Баланс: 48.3639380915317$ | PnL: -0.649602160000001 💵 | Сделок: 202 | WinRate: 53.47%
🔄 2025-09-17 22:17:25 Баланс: 48.3639380915317$ | PnL: -0.649602160000001 💵 | Сделок: 202 | WinRate: 53.47%
🔄 2025-09-17 22:21:02 Баланс: 66.7280248934116$ | PnL: -1.10883518 💵 | Сделок: 233 | WinRate: 49.36%
🔄 2025-09-17 22:24:23 Баланс: 59.5822909215698$ | PnL: -1.17460342 💵 | Сделок: 237 | WinRate: 48.52%
🔄 2025-09-17 22:27:49 Баланс: 40.5651423301058$ | PnL: -1.17460342 💵 | Сделок: 237 | WinRate: 48.52%
🔄 2025-09-17 22:31:24 Баланс: 15.5981080646445$ | PnL: -1.16012725 💵 | Сделок: 238 | WinRate: 48.74%
🔄 2025-09-17 22:35:15 Баланс: 15.5981080646445$ | PnL: -1.16012725 💵 | Сделок: 238 | WinRate: 48.74%
🔄 2025-09-17 22:39:13 Баланс: 15.5981080646445$ | PnL: -1.16012725 💵 | Сделок: 238 | WinRate: 48.74%
🔄 2025-09-17 22:43:00 Баланс: 15.5981080646445$ | PnL: -1.16012725 💵 | Сделок: 238 | WinRate: 48.74%
🔄 2025-09-17 22:46:46 Баланс: 15.5981080646445$ | PnL: -1.16012725 💵 | Сделок: 238 | WinRate: 48.74%
🔄 2025-09-17 22:50:36 Баланс: 16.5362383846445$ | PnL: -1.22196893 💵 | Сделок: 239 | WinRate: 48.54%
🔄 2025-09-17 22:54:24 Баланс: 16.5362383846445$ | PnL: -1.22196893 💵 | Сделок: 239 | WinRate: 48.54%
🔄 2025-09-17 22:58:17 Баланс: 17.5177786496445$ | PnL: -1.24044009 💵 | Сделок: 240 | WinRate: 48.33%
🔄 2025-09-17 23:02:50 Баланс: 17.5177786496445$ | PnL: -1.24044009 💵 | Сделок: 240 | WinRate: 48.33%
🔄 2025-09-17 23:06:50 Баланс: 16.5168789509154$ | PnL: -1.24044009 💵 | Сделок: 240 | WinRate: 48.33%
🔄 2025-09-17 23:10:41 Баланс: 14.5522363245619$ | PnL: -1.20237336 💵 | Сделок: 241 | WinRate: 48.55%
🔄 2025-09-17 23:14:36 Баланс: 14.5522363245619$ | PnL: -1.20237336 💵 | Сделок: 241 | WinRate: 48.55%
🔄 2025-09-17 23:18:32 Баланс: 14.5522363245619$ | PnL: -1.20237336 💵 | Сделок: 241 | WinRate: 48.55%
🔄 2025-09-17 23:22:26 Баланс: 14.5691200606303$ | PnL: -1.18459005 💵 | Сделок: 242 | WinRate: 48.76%
🔄 2025-09-17 23:26:22 Баланс: 8.60230206505776$ | PnL: -1.14506816 💵 | Сделок: 243 | WinRate: 48.97%
🔄 2025-09-17 23:30:22 Баланс: 0.632303169735728$ | PnL: -1.10614283 💵 | Сделок: 245 | WinRate: 49.39%
🔄 2025-09-17 23:34:24 Баланс: 0.688383571899728$ | PnL: -1.04818751 💵 | Сделок: 247 | WinRate: 49.8%
🔄 2025-09-17 23:38:26 Баланс: 0.688383571899728$ | PnL: -1.04818751 💵 | Сделок: 247 | WinRate: 49.8%
🔄 2025-09-17 23:42:31 Баланс: 0.716423454859728$ | PnL: -1.018322 💵 | Сделок: 249 | WinRate: 50.2%
🔄 2025-09-17 23:47:24 Баланс: 0.762889609905828$ | PnL: -0.970954420000001 💵 | Сделок: 250 | WinRate: 50.4%
🔄 2025-09-17 23:51:28 Баланс: 0.796091738380128$ | PnL: -0.935951450000001 💵 | Сделок: 252 | WinRate: 50.79%
🔄 2025-09-17 23:56:14 Баланс: 0.811948729766128$ | PnL: -0.919204360000001 💵 | Сделок: 253 | WinRate: 50.99%
🔄 2025-09-18 00:00:13 Баланс: 0.849501361853128$ | PnL: -0.879895240000001 💵 | Сделок: 255 | WinRate: 51.37%
🔄 2025-09-18 00:04:19 Баланс: 0.972244136830629$ | PnL: -0.749395020000001 💵 | Сделок: 262 | WinRate: 52.67%
🔄 2025-09-18 00:08:17 Баланс: 0.155952818198619$ | PnL: -0.558001410000001 💵 | Сделок: 270 | WinRate: 54.07%
🔄 2025-09-18 00:12:21 Баланс: 0.239913278401019$ | PnL: -0.469461670000001 💵 | Сделок: 275 | WinRate: 54.91%
🔄 2025-09-18 00:16:23 Баланс: 0.465710897376127$ | PnL: -0.234784510000001 💵 | Сделок: 285 | WinRate: 56.49%
🔄 2025-09-18 00:20:22 Баланс: 0.594773388433127$ | PnL: -0.102197500000001 💵 | Сделок: 289 | WinRate: 57.09%
🔄 2025-09-18 00:24:34 Баланс: 0.739689272431126$ | PnL: 0.0491969299999987 💵 | Сделок: 296 | WinRate: 58.11%
🔄 2025-09-18 00:28:34 Баланс: 0.739689272431126$ | PnL: 0.0491969299999987 💵 | Сделок: 296 | WinRate: 58.11%
🔄 2025-09-18 00:32:40 Баланс: 0.739689272431126$ | PnL: 0.0491969299999987 💵 | Сделок: 296 | WinRate: 58.11%
🔄 2025-09-18 00:36:41 Баланс: 0.739689272431126$ | PnL: 0.0491969299999987 💵 | Сделок: 296 | WinRate: 58.11%
🔄 2025-09-18 00:40:45 Баланс: 0.739689272431126$ | PnL: 0.0491969299999987 💵 | Сделок: 296 | WinRate: 58.11%
🔄 2025-09-18 00:44:44 Баланс: 0.739689272431126$ | PnL: 0.0491969299999987 💵 | Сделок: 296 | WinRate: 58.11%
🔄 2025-09-18 00:48:44 Баланс: 0.739689272431126$ | PnL: 0.0491969299999987 💵 | Сделок: 296 | WinRate: 58.11%
🔄 2025-09-18 00:52:45 Баланс: 0.739689272431126$ | PnL: 0.0491969299999987 💵 | Сделок: 296 | WinRate: 58.11%
🔄 2025-09-18 00:56:44 Баланс: 0.705228662492126$ | PnL: 0.0581140099999987 💵 | Сделок: 297 | WinRate: 58.25%
🔄 2025-09-18 01:01:22 Баланс: 0.705228662492126$ | PnL: 0.0581140099999987 💵 | Сделок: 297 | WinRate: 58.25%
🔄 2025-09-18 01:05:22 Баланс: 0.705228662492126$ | PnL: 0.0581140099999987 💵 | Сделок: 297 | WinRate: 58.25%
🔄 2025-09-18 01:09:24 Баланс: 1.68247606249213$ | PnL: 0.0350395699999987 💵 | Сделок: 298 | WinRate: 58.05%
🔄 2025-09-18 01:13:26 Баланс: 1.68247606249213$ | PnL: 0.0350395699999987 💵 | Сделок: 298 | WinRate: 58.05%
🔄 2025-09-18 01:17:28 Баланс: 0.681562520315126$ | PnL: 0.0350395699999987 💵 | Сделок: 298 | WinRate: 58.05%
🔄 2025-09-18 01:21:31 Баланс: 0.681562520315126$ | PnL: 0.0350395699999987 💵 | Сделок: 298 | WinRate: 58.05%
🔄 2025-09-18 01:25:34 Баланс: 0.681562520315126$ | PnL: 0.0350395699999987 💵 | Сделок: 298 | WinRate: 58.05%
🔄 2025-09-18 01:30:17 Баланс: 0.746941238097127$ | PnL: 0.102241849999999 💵 | Сделок: 300 | WinRate: 58.33%
🔄 2025-09-18 01:34:21 Баланс: 0.784729646107527$ | PnL: 0.141831349999999 💵 | Сделок: 302 | WinRate: 58.61%
🔄 2025-09-18 01:38:22 Баланс: 0.784729646107527$ | PnL: 0.141831349999999 💵 | Сделок: 302 | WinRate: 58.61%
🔄 2025-09-18 01:42:26 Баланс: 0.784729646107527$ | PnL: 0.141831349999999 💵 | Сделок: 302 | WinRate: 58.61%
🔄 2025-09-18 01:46:27 Баланс: 0.818062734100527$ | PnL: 0.176966179999999 💵 | Сделок: 304 | WinRate: 58.88%
🔄 2025-09-18 01:50:30 Баланс: 0.851488801247327$ | PnL: 0.211291939999999 💵 | Сделок: 305 | WinRate: 59.02%
🔄 2025-09-18 01:54:35 Баланс: 0.924521323186227$ | PnL: 0.286126519999999 💵 | Сделок: 307 | WinRate: 59.28%
🔄 2025-09-18 01:58:34 Баланс: 0.968537177249427$ | PnL: 0.331946079999999 💵 | Сделок: 309 | WinRate: 59.55%
🔄 2025-09-18 02:02:39 Баланс: 0.0726667941461265$ | PnL: 0.442817599999999 💵 | Сделок: 314 | WinRate: 60.19%
🔄 2025-09-18 02:07:23 Баланс: 0.223685361443552$ | PnL: 0.600078519999999 💵 | Сделок: 321 | WinRate: 61.06%
🔄 2025-09-18 02:11:23 Баланс: 0.223685361443552$ | PnL: 0.600078519999999 💵 | Сделок: 321 | WinRate: 61.06%
🔄 2025-09-18 02:15:29 Баланс: 0.283013177172051$ | PnL: 0.662088889999999 💵 | Сделок: 324 | WinRate: 61.42%
🔄 2025-09-18 02:19:36 Баланс: 0.366743091715049$ | PnL: 0.749458029999999 💵 | Сделок: 328 | WinRate: 61.89%
🔄 2025-09-18 02:23:39 Баланс: 0.43041970356245$ | PnL: 0.815848519999999 💵 | Сделок: 331 | WinRate: 62.24%
🔄 2025-09-18 02:27:39 Баланс: 0.43041970356245$ | PnL: 0.815848519999999 💵 | Сделок: 331 | WinRate: 62.24%
🔄 2025-09-18 02:31:41 Баланс: 0.460920296237449$ | PnL: 0.848094239999999 💵 | Сделок: 333 | WinRate: 62.46%
🔄 2025-09-18 02:36:30 Баланс: 0.489075662698649$ | PnL: 0.877151229999999 💵 | Сделок: 334 | WinRate: 62.57%
🔄 2025-09-18 02:40:32 Баланс: 0.556925530523719$ | PnL: 0.948603499999999 💵 | Сделок: 338 | WinRate: 63.02%
🔄 2025-09-18 02:44:33 Баланс: 0.569458296543719$ | PnL: 0.961990169999999 💵 | Сделок: 339 | WinRate: 63.13%
🔄 2025-09-18 02:48:36 Баланс: 0.67406547701713$ | PnL: 1.07086638 💵 | Сделок: 344 | WinRate: 63.66%
🔄 2025-09-18 02:52:37 Баланс: 0.76238841696543$ | PnL: 1.16195602 💵 | Сделок: 347 | WinRate: 63.98%
🔄 2025-09-18 02:56:43 Баланс: 0.86428167055003$ | PnL: 1.26932578 💵 | Сделок: 353 | WinRate: 64.59%
🔄 2025-09-18 03:00:49 Баланс: 0.0119581126477297$ | PnL: 1.4254814 💵 | Сделок: 362 | WinRate: 65.47%
🔄 2025-09-18 03:04:58 Баланс: 0.14524113938013$ | PnL: 1.56596891 💵 | Сделок: 370 | WinRate: 66.22%
🔄 2025-09-18 03:09:01 Баланс: 0.26851573772173$ | PnL: 1.69557543 💵 | Сделок: 377 | WinRate: 66.84%
🔄 2025-09-18 03:13:06 Баланс: 0.26851573772173$ | PnL: 1.69557543 💵 | Сделок: 378 | WinRate: 66.93%
🔄 2025-09-18 03:17:12 Баланс: 0.32779350676033$ | PnL: 1.75672036 💵 | Сделок: 380 | WinRate: 67.11%
🔄 2025-09-18 03:21:15 Баланс: 0.35261452902183$ | PnL: 1.78243256 💵 | Сделок: 381 | WinRate: 67.19%
🔄 2025-09-18 03:25:20 Баланс: 0.35261452902183$ | PnL: 1.78243256 💵 | Сделок: 381 | WinRate: 67.19%
🔄 2025-09-18 03:29:27 Баланс: 0.35261452902183$ | PnL: 1.78243256 💵 | Сделок: 381 | WinRate: 67.19%
🔄 2025-09-18 03:33:31 Баланс: 0.35261452902183$ | PnL: 1.78243256 💵 | Сделок: 381 | WinRate: 67.19%
🔄 2025-09-18 03:38:19 Баланс: 0.402630454989729$ | PnL: 1.83426011 💵 | Сделок: 383 | WinRate: 67.36%
🔄 2025-09-18 03:42:26 Баланс: 0.402630454989729$ | PnL: 1.83426011 💵 | Сделок: 383 | WinRate: 67.36%
🔄 2025-09-18 03:46:36 Баланс: 0.402630454989729$ | PnL: 1.83426011 💵 | Сделок: 383 | WinRate: 67.36%
🔄 2025-09-18 03:50:55 Баланс: 0.461306198296729$ | PnL: 1.8947573 💵 | Сделок: 385 | WinRate: 67.53%
🔄 2025-09-18 03:55:15 Баланс: 0.461306198296729$ | PnL: 1.8947573 💵 | Сделок: 385 | WinRate: 67.53%
🔄 2025-09-18 04:00:28 Баланс: 0.461306198296729$ | PnL: 1.8947573 💵 | Сделок: 385 | WinRate: 67.53%
🔄 2025-09-18 04:05:14 Баланс: 0.470306875514729$ | PnL: 1.90463973 💵 | Сделок: 386 | WinRate: 67.62%
🔄 2025-09-18 04:09:17 Баланс: 0.470306875514729$ | PnL: 1.90463973 💵 | Сделок: 386 | WinRate: 67.62%
🔄 2025-09-18 04:14:00 Баланс: 0.50408106495813$ | PnL: 1.93931284 💵 | Сделок: 387 | WinRate: 67.7%
🔄 2025-09-18 04:18:09 Баланс: 0.51472698422013$ | PnL: 1.95085356 💵 | Сделок: 388 | WinRate: 67.78%
🔄 2025-09-18 04:22:19 Баланс: 0.550238241364129$ | PnL: 1.98726417 💵 | Сделок: 389 | WinRate: 67.87%
🔄 2025-09-18 04:26:23 Баланс: 0.550238241364129$ | PnL: 1.98726417 💵 | Сделок: 389 | WinRate: 67.87%
🔄 2025-09-18 04:30:30 Баланс: 0.550238241364129$ | PnL: 1.98726417 💵 | Сделок: 389 | WinRate: 67.87%
🔄 2025-09-18 04:34:36 Баланс: 0.550238241364129$ | PnL: 1.98726417 💵 | Сделок: 389 | WinRate: 67.87%
🔄 2025-09-18 04:39:20 Баланс: 0.550238241364129$ | PnL: 1.98726417 💵 | Сделок: 389 | WinRate: 67.87%
🔄 2025-09-18 04:43:23 Баланс: 0.550238241364129$ | PnL: 1.98726417 💵 | Сделок: 389 | WinRate: 67.87%
🔄 2025-09-18 04:48:09 Баланс: 0.58793680470973$ | PnL: 2.02586265 💵 | Сделок: 390 | WinRate: 67.95%
🔄 2025-09-18 04:52:12 Баланс: 0.58793680470973$ | PnL: 2.02586265 💵 | Сделок: 390 | WinRate: 67.95%
🔄 2025-09-18 04:56:18 Баланс: 0.58793680470973$ | PnL: 2.02586265 💵 | Сделок: 390 | WinRate: 67.95%
🔄 2025-09-18 05:00:22 Баланс: 0.58793680470973$ | PnL: 2.02586265 💵 | Сделок: 390 | WinRate: 67.95%
🔄 2025-09-18 05:04:30 Баланс: 0.58793680470973$ | PnL: 2.02586265 💵 | Сделок: 390 | WinRate: 67.95%
🔄 2025-09-18 05:08:34 Баланс: 0.58793680470973$ | PnL: 2.02586265 💵 | Сделок: 390 | WinRate: 67.95%
🔄 2025-09-18 05:12:38 Баланс: 0.58793680470973$ | PnL: 2.02586265 💵 | Сделок: 390 | WinRate: 67.95%
🔄 2025-09-18 05:16:45 Баланс: 0.58793680470973$ | PnL: 2.02586265 💵 | Сделок: 390 | WinRate: 67.95%
🔄 2025-09-18 05:20:48 Баланс: 0.58793680470973$ | PnL: 2.02586265 💵 | Сделок: 390 | WinRate: 67.95%
🔄 2025-09-18 05:24:54 Баланс: 0.58793680470973$ | PnL: 2.02586265 💵 | Сделок: 390 | WinRate: 67.95%
🔄 2025-09-18 05:28:57 Баланс: 0.59718219632453$ | PnL: 2.03600896 💵 | Сделок: 391 | WinRate: 68.03%
🔄 2025-09-18 05:33:09 Баланс: 0.59718219632453$ | PnL: 2.03600896 💵 | Сделок: 391 | WinRate: 68.03%
🔄 2025-09-18 05:37:13 Баланс: 0.59718219632453$ | PnL: 2.03600896 💵 | Сделок: 391 | WinRate: 68.03%
🔄 2025-09-18 05:41:10 Баланс: 0.59718219632453$ | PnL: 2.03600896 💵 | Сделок: 391 | WinRate: 68.03%
🔄 2025-09-18 05:45:07 Баланс: 0.59718219632453$ | PnL: 2.03600896 💵 | Сделок: 391 | WinRate: 68.03%
🔄 2025-09-18 05:49:47 Баланс: 0.65058747369198$ | PnL: 2.08923894 💵 | Сделок: 394 | WinRate: 68.27%
🔄 2025-09-18 05:53:46 Баланс: 0.65058747369198$ | PnL: 2.08923894 💵 | Сделок: 394 | WinRate: 68.27%
🔄 2025-09-18 05:57:43 Баланс: 0.65058747369198$ | PnL: 2.08923894 💵 | Сделок: 394 | WinRate: 68.27%
🔄 2025-09-18 06:01:42 Баланс: 0.66263190596558$ | PnL: 2.10218264 💵 | Сделок: 395 | WinRate: 68.35%
🔄 2025-09-18 06:05:37 Баланс: 0.66263190596558$ | PnL: 2.10218264 💵 | Сделок: 395 | WinRate: 68.35%
🔄 2025-09-18 06:09:34 Баланс: 0.66263190596558$ | PnL: 2.10218264 💵 | Сделок: 395 | WinRate: 68.35%
🔄 2025-09-18 06:13:28 Баланс: 0.66263190596558$ | PnL: 2.10218264 💵 | Сделок: 395 | WinRate: 68.35%
🔄 2025-09-18 06:17:28 Баланс: 0.67015192976558$ | PnL: 2.1100365 💵 | Сделок: 396 | WinRate: 68.43%
🔄 2025-09-18 06:21:24 Баланс: 0.68445470197116$ | PnL: 2.12523957 💵 | Сделок: 397 | WinRate: 68.51%
🔄 2025-09-18 06:25:20 Баланс: 0.68445470197116$ | PnL: 2.12523957 💵 | Сделок: 397 | WinRate: 68.51%
🔄 2025-09-18 06:29:13 Баланс: 0.70377629510526$ | PnL: 2.14546109 💵 | Сделок: 398 | WinRate: 68.59%
🔄 2025-09-18 06:33:06 Баланс: 0.70377629510526$ | PnL: 2.14546109 💵 | Сделок: 398 | WinRate: 68.59%
🔄 2025-09-18 06:37:03 Баланс: 0.70377629510526$ | PnL: 2.14546109 💵 | Сделок: 398 | WinRate: 68.59%
🔄 2025-09-18 06:41:02 Баланс: 0.722048297623179$ | PnL: 2.16463319 💵 | Сделок: 399 | WinRate: 68.67%
🔄 2025-09-18 06:44:57 Баланс: 0.722048297623179$ | PnL: 2.16463319 💵 | Сделок: 399 | WinRate: 68.67%
🔄 2025-09-18 06:48:52 Баланс: 0.722048297623179$ | PnL: 2.16463319 💵 | Сделок: 399 | WinRate: 68.67%
🔄 2025-09-18 06:52:47 Баланс: 0.722048297623179$ | PnL: 2.16463319 💵 | Сделок: 399 | WinRate: 68.67%
🔄 2025-09-18 06:56:43 Баланс: 0.722048297623179$ | PnL: 2.16463319 💵 | Сделок: 399 | WinRate: 68.67%
🔄 2025-09-18 07:00:37 Баланс: 0.722048297623179$ | PnL: 2.16463319 💵 | Сделок: 399 | WinRate: 68.67%
🔄 2025-09-18 07:04:34 Баланс: 0.722048297623179$ | PnL: 2.16463319 💵 | Сделок: 401 | WinRate: 68.83%
🔄 2025-09-18 07:08:37 Баланс: 0.730904570623179$ | PnL: 2.17557113 💵 | Сделок: 402 | WinRate: 68.91%
🔄 2025-09-18 07:12:31 Баланс: 0.744812042795979$ | PnL: 2.19038235 💵 | Сделок: 403 | WinRate: 68.98%
🔄 2025-09-18 07:16:28 Баланс: 0.83314685241758$ | PnL: 2.28503525 💵 | Сделок: 411 | WinRate: 69.59%
🔄 2025-09-18 07:21:05 Баланс: 0.84227288341758$ | PnL: 2.29505311 💵 | Сделок: 414 | WinRate: 69.81%
🔄 2025-09-18 07:25:02 Баланс: 0.84227288341758$ | PnL: 2.29505311 💵 | Сделок: 414 | WinRate: 69.81%
🔄 2025-09-18 07:28:58 Баланс: 0.860155750600579$ | PnL: 2.31384065 💵 | Сделок: 415 | WinRate: 69.88%
🔄 2025-09-18 07:32:53 Баланс: 0.860155750600579$ | PnL: 2.31384065 💵 | Сделок: 415 | WinRate: 69.88%
🔄 2025-09-18 07:36:55 Баланс: 0.860155750600579$ | PnL: 2.31384065 💵 | Сделок: 415 | WinRate: 69.88%
🔄 2025-09-18 07:40:53 Баланс: 0.860155750600579$ | PnL: 2.31384065 💵 | Сделок: 415 | WinRate: 69.88%
🔄 2025-09-18 07:44:50 Баланс: 0.860155750600579$ | PnL: 2.31384065 💵 | Сделок: 415 | WinRate: 69.88%
🔄 2025-09-18 07:49:38 Баланс: 0.90396196380258$ | PnL: 2.35849587 💵 | Сделок: 416 | WinRate: 69.95%
🔄 2025-09-18 07:53:33 Баланс: 0.93267459768978$ | PnL: 2.38900693 💵 | Сделок: 418 | WinRate: 70.1%
🔄 2025-09-18 07:57:31 Баланс: 0.93267459768978$ | PnL: 2.38900693 💵 | Сделок: 418 | WinRate: 70.1%
🔄 2025-09-18 08:01:29 Баланс: 0.94196110418978$ | PnL: 2.39929836 💵 | Сделок: 419 | WinRate: 70.17%
🔄 2025-09-18 08:05:30 Баланс: 0.97670126225633$ | PnL: 2.43583758 💵 | Сделок: 421 | WinRate: 70.31%
🔄 2025-09-18 08:09:31 Баланс: 0.99609220519833$ | PnL: 2.45615161 💵 | Сделок: 422 | WinRate: 70.38%
🔄 2025-09-18 08:13:27 Баланс: 0.0242754889283294$ | PnL: 2.4857008 💵 | Сделок: 423 | WinRate: 70.45%
🔄 2025-09-18 08:17:25 Баланс: 0.0373898282723295$ | PnL: 2.49972574 💵 | Сделок: 424 | WinRate: 70.52%
🔄 2025-09-18 08:22:04 Баланс: 0.0373898282723295$ | PnL: 2.49972574 💵 | Сделок: 424 | WinRate: 70.52%
🔄 2025-09-18 08:26:05 Баланс: 0.0373898282723295$ | PnL: 2.49972574 💵 | Сделок: 424 | WinRate: 70.52%
🔄 2025-09-18 08:30:01 Баланс: 0.0373898282723295$ | PnL: 2.49972574 💵 | Сделок: 424 | WinRate: 70.52%
🔄 2025-09-18 08:33:58 Баланс: 0.0373898282723295$ | PnL: 2.49972574 💵 | Сделок: 424 | WinRate: 70.52%
🔄 2025-09-18 08:38:02 Баланс: 0.0481860607723295$ | PnL: 2.51088141 💵 | Сделок: 425 | WinRate: 70.59%
🔄 2025-09-18 08:41:59 Баланс: 0.0481860607723295$ | PnL: 2.51088141 💵 | Сделок: 425 | WinRate: 70.59%
🔄 2025-09-18 08:46:32 Баланс: 0.0481860607723295$ | PnL: 2.51088141 💵 | Сделок: 425 | WinRate: 70.59%
🔄 2025-09-18 08:50:45 Баланс: 0.0481860607723295$ | PnL: 2.51088141 💵 | Сделок: 425 | WinRate: 70.59%
🔄 2025-09-18 08:54:47 Баланс: 0.0921453446263292$ | PnL: 2.55801006 💵 | Сделок: 427 | WinRate: 70.73%
🔄 2025-09-18 08:58:46 Баланс: 0.0921453446263292$ | PnL: 2.55801006 💵 | Сделок: 427 | WinRate: 70.73%
🔄 2025-09-18 09:03:27 Баланс: 0.104592287099329$ | PnL: 2.57137366 💵 | Сделок: 428 | WinRate: 70.79%
🔄 2025-09-18 09:07:36 Баланс: 0.104592287099329$ | PnL: 2.57137366 💵 | Сделок: 428 | WinRate: 70.79%
🔄 2025-09-18 09:12:00 Баланс: 0.104592287099329$ | PnL: 2.57137366 💵 | Сделок: 428 | WinRate: 70.79%
🔄 2025-09-18 09:16:09 Баланс: 0.104592287099329$ | PnL: 2.57137366 💵 | Сделок: 428 | WinRate: 70.79%
🔄 2025-09-18 09:20:33 Баланс: 0.104592287099329$ | PnL: 2.57137366 💵 | Сделок: 428 | WinRate: 70.79%
🔄 2025-09-18 09:24:38 Баланс: 0.104592287099329$ | PnL: 2.57137366 💵 | Сделок: 428 | WinRate: 70.79%
🔄 2025-09-18 09:28:43 Баланс: 0.104592287099329$ | PnL: 2.57137366 💵 | Сделок: 428 | WinRate: 70.79%
🔄 2025-09-18 09:32:48 Баланс: 0.104592287099329$ | PnL: 2.57137366 💵 | Сделок: 428 | WinRate: 70.79%
🔄 2025-09-18 09:36:58 Баланс: 0.104592287099329$ | PnL: 2.57137366 💵 | Сделок: 428 | WinRate: 70.79%
🔄 2025-09-18 09:41:22 Баланс: 0.104592287099329$ | PnL: 2.57137366 💵 | Сделок: 428 | WinRate: 70.79%
🔄 2025-09-18 09:45:24 Баланс: 0.142188886269329$ | PnL: 2.60986769 💵 | Сделок: 429 | WinRate: 70.86%
🔄 2025-09-18 09:49:29 Баланс: 0.142188886269329$ | PnL: 2.60986769 💵 | Сделок: 429 | WinRate: 70.86%
🔄 2025-09-18 09:54:28 Баланс: 0.142188886269329$ | PnL: 2.60986769 💵 | Сделок: 429 | WinRate: 70.86%
🔄 2025-09-18 09:58:55 Баланс: 0.142188886269329$ | PnL: 2.60986769 💵 | Сделок: 429 | WinRate: 70.86%
🔄 2025-09-18 10:02:56 Баланс: 0.142188886269329$ | PnL: 2.60986769 💵 | Сделок: 429 | WinRate: 70.86%
🔄 2025-09-18 10:07:02 Баланс: 0.142188886269329$ | PnL: 2.60986769 💵 | Сделок: 429 | WinRate: 70.86%
🔄 2025-09-18 10:11:01 Баланс: 0.160665319582329$ | PnL: 2.62924907 💵 | Сделок: 430 | WinRate: 70.93%
🔄 2025-09-18 10:15:57 Баланс: 0.160665319582329$ | PnL: 2.62924907 💵 | Сделок: 430 | WinRate: 70.93%
🔄 2025-09-18 10:20:08 Баланс: 1.14607651758233$ | PnL: 2.61466167 💵 | Сделок: 431 | WinRate: 70.77%
🔄 2025-09-18 10:24:09 Баланс: 0.145178084991729$ | PnL: 2.61466167 💵 | Сделок: 431 | WinRate: 70.77%
🔄 2025-09-18 10:28:05 Баланс: 1.13282344499173$ | PnL: 2.60229519 💵 | Сделок: 432 | WinRate: 70.6%
🔄 2025-09-18 10:32:03 Баланс: 1.13282344499173$ | PnL: 2.60229519 💵 | Сделок: 432 | WinRate: 70.6%
🔄 2025-09-18 10:36:40 Баланс: 1.13282344499173$ | PnL: 2.60229519 💵 | Сделок: 432 | WinRate: 70.6%
🔄 2025-09-18 10:40:35 Баланс: 1.13282344499173$ | PnL: 2.60229519 💵 | Сделок: 432 | WinRate: 70.6%
🔄 2025-09-18 10:44:33 Баланс: 1.13282344499173$ | PnL: 2.60229519 💵 | Сделок: 432 | WinRate: 70.6%
🔄 2025-09-18 10:48:29 Баланс: 1.15114934961573$ | PnL: 2.62228488 💵 | Сделок: 433 | WinRate: 70.67%
🔄 2025-09-18 10:52:26 Баланс: 1.15114934961573$ | PnL: 2.62228488 💵 | Сделок: 433 | WinRate: 70.67%
🔄 2025-09-18 10:56:19 Баланс: 1.15114934961573$ | PnL: 2.62228488 💵 | Сделок: 433 | WinRate: 70.67%
🔄 2025-09-18 11:00:10 Баланс: 1.15114934961573$ | PnL: 2.62228488 💵 | Сделок: 433 | WinRate: 70.67%
🔄 2025-09-18 11:04:04 Баланс: 0.150249574918319$ | PnL: 2.62228488 💵 | Сделок: 433 | WinRate: 70.67%
🔄 2025-09-18 11:07:59 Баланс: 0.233381280025319$ | PnL: 2.70631658 💵 | Сделок: 434 | WinRate: 70.74%
🔄 2025-09-18 11:11:55 Баланс: 0.251849621339519$ | PnL: 2.72568725 💵 | Сделок: 435 | WinRate: 70.8%
🔄 2025-09-18 11:15:51 Баланс: 0.251849621339519$ | PnL: 2.72568725 💵 | Сделок: 435 | WinRate: 70.8%
🔄 2025-09-18 11:19:49 Баланс: 0.251849621339519$ | PnL: 2.72568725 💵 | Сделок: 435 | WinRate: 70.8%
🔄 2025-09-18 11:24:32 Баланс: 0.251849621339519$ | PnL: 2.72568725 💵 | Сделок: 435 | WinRate: 70.8%
🔄 2025-09-18 11:28:26 Баланс: 1.23479977533952$ | PnL: 2.70863721 💵 | Сделок: 436 | WinRate: 70.64%
🔄 2025-09-18 11:32:24 Баланс: 0.237402925339519$ | PnL: 2.70863721 💵 | Сделок: 436 | WinRate: 70.64%
🔄 2025-09-18 11:36:21 Баланс: 0.237402925339519$ | PnL: 2.70863721 💵 | Сделок: 436 | WinRate: 70.64%
🔄 2025-09-18 11:40:21 Баланс: 0.237402925339519$ | PnL: 2.70863721 💵 | Сделок: 436 | WinRate: 70.64%
🔄 2025-09-18 11:44:17 Баланс: 1.27578592160402$ | PnL: 2.74791697 💵 | Сделок: 438 | WinRate: 70.78%
🔄 2025-09-18 11:48:13 Баланс: 1.22296605500402$ | PnL: 2.69684576 💵 | Сделок: 440 | WinRate: 70.68%
🔄 2025-09-18 11:52:11 Баланс: 0.221145227004019$ | PnL: 2.69684576 💵 | Сделок: 440 | WinRate: 70.68%
🔄 2025-09-18 11:56:05 Баланс: 0.233813163946419$ | PnL: 2.71041391 💵 | Сделок: 441 | WinRate: 70.75%
🔄 2025-09-18 12:00:02 Баланс: 0.233813163946419$ | PnL: 2.71041391 💵 | Сделок: 441 | WinRate: 70.75%
🔄 2025-09-18 12:04:38 Баланс: 0.254773833641418$ | PnL: 2.73230042 💵 | Сделок: 442 | WinRate: 70.81%
🔄 2025-09-18 12:08:43 Баланс: 0.254773833641418$ | PnL: 2.73230042 💵 | Сделок: 442 | WinRate: 70.81%
🔄 2025-09-18 12:12:41 Баланс: 0.254773833641418$ | PnL: 2.73230042 💵 | Сделок: 442 | WinRate: 70.81%
🔄 2025-09-18 12:16:37 Баланс: 0.253074643641418$ | PnL: 2.73810402 💵 | Сделок: 443 | WinRate: 70.88%
🔄 2025-09-18 12:20:32 Баланс: 0.253074643641418$ | PnL: 2.73810402 💵 | Сделок: 443 | WinRate: 70.88%
🔄 2025-09-18 12:24:34 Баланс: 0.297514867268519$ | PnL: 2.78433313 💵 | Сделок: 445 | WinRate: 71.01%
🔄 2025-09-18 12:28:32 Баланс: 0.304624620801219$ | PnL: 2.79231972 💵 | Сделок: 446 | WinRate: 71.08%
🔄 2025-09-18 12:32:41 Баланс: 0.304624620801219$ | PnL: 2.79231972 💵 | Сделок: 446 | WinRate: 71.08%
🔄 2025-09-18 12:36:37 Баланс: 0.304624620801219$ | PnL: 2.79231972 💵 | Сделок: 446 | WinRate: 71.08%
🔄 2025-09-18 12:41:13 Баланс: 0.304624620801219$ | PnL: 2.79231972 💵 | Сделок: 446 | WinRate: 71.08%
🔄 2025-09-18 12:45:09 Баланс: 0.304624620801219$ | PnL: 2.79231972 💵 | Сделок: 446 | WinRate: 71.08%
🔄 2025-09-18 12:49:04 Баланс: 0.304624620801219$ | PnL: 2.79231972 💵 | Сделок: 446 | WinRate: 71.08%
🔄 2025-09-18 12:52:57 Баланс: 0.304624620801219$ | PnL: 2.79231972 💵 | Сделок: 446 | WinRate: 71.08%
🔄 2025-09-18 12:56:52 Баланс: 0.313372884239619$ | PnL: 2.80199032 💵 | Сделок: 447 | WinRate: 71.14%
🔄 2025-09-18 13:01:17 Баланс: 0.326756741825619$ | PnL: 2.81638972 💵 | Сделок: 448 | WinRate: 71.21%
🔄 2025-09-18 13:05:50 Баланс: 0.336830760744619$ | PnL: 2.82733902 💵 | Сделок: 449 | WinRate: 71.27%
🔄 2025-09-18 13:10:23 Баланс: 0.336830760744619$ | PnL: 2.82733902 💵 | Сделок: 449 | WinRate: 71.27%
🔄 2025-09-18 13:15:02 Баланс: 0.336830760744619$ | PnL: 2.82733902 💵 | Сделок: 449 | WinRate: 71.27%
🔄 2025-09-18 13:19:34 Баланс: 0.336830760744619$ | PnL: 2.82733902 💵 | Сделок: 449 | WinRate: 71.27%
🔄 2025-09-18 13:23:58 Баланс: 0.355229984057619$ | PnL: 2.84664406 💵 | Сделок: 450 | WinRate: 71.33%
🔄 2025-09-18 13:28:23 Баланс: 0.37390039750462$ | PnL: 2.86708847 💵 | Сделок: 452 | WinRate: 71.46%
🔄 2025-09-18 13:33:06 Баланс: 0.460198775019919$ | PnL: 2.95617757 💵 | Сделок: 455 | WinRate: 71.65%
🔄 2025-09-18 13:37:51 Баланс: 0.460198775019919$ | PnL: 2.95617757 💵 | Сделок: 455 | WinRate: 71.65%
🔄 2025-09-18 13:43:04 Баланс: 0.436641878194529$ | PnL: 2.93352298 💵 | Сделок: 456 | WinRate: 71.49%
🔄 2025-09-18 13:48:02 Баланс: 0.444654288904529$ | PnL: 2.94263637 💵 | Сделок: 457 | WinRate: 71.55%
🔄 2025-09-18 13:52:22 Баланс: 0.45496580197453$ | PnL: 2.9536723 💵 | Сделок: 458 | WinRate: 71.62%
🔄 2025-09-18 13:56:40 Баланс: 0.46076458617453$ | PnL: 2.96053275 💵 | Сделок: 459 | WinRate: 71.68%
🔄 2025-09-18 14:00:55 Баланс: 0.46076458617453$ | PnL: 2.96053275 💵 | Сделок: 459 | WinRate: 71.68%
🔄 2025-09-18 14:05:49 Баланс: 0.47447300022133$ | PnL: 2.97514172 💵 | Сделок: 460 | WinRate: 71.74%
🔄 2025-09-18 14:10:00 Баланс: 0.47447300022133$ | PnL: 2.97514172 💵 | Сделок: 460 | WinRate: 71.74%
🔄 2025-09-18 14:14:33 Баланс: 0.47447300022133$ | PnL: 2.97514172 💵 | Сделок: 460 | WinRate: 71.74%
🔄 2025-09-18 14:18:54 Баланс: 0.47447300022133$ | PnL: 2.97514172 💵 | Сделок: 460 | WinRate: 71.74%
🔄 2025-09-18 14:23:10 Баланс: 0.47447300022133$ | PnL: 2.97514172 💵 | Сделок: 460 | WinRate: 71.74%
🔄 2025-09-18 14:27:37 Баланс: 0.423372802840329$ | PnL: 2.92466597 💵 | Сделок: 461 | WinRate: 71.58%
🔄 2025-09-18 14:31:52 Баланс: 0.423372802840329$ | PnL: 2.92466597 💵 | Сделок: 461 | WinRate: 71.58%
🔄 2025-09-18 14:36:23 Баланс: 0.423372802840329$ | PnL: 2.92466597 💵 | Сделок: 461 | WinRate: 71.58%
🔄 2025-09-18 14:41:15 Баланс: 0.423372802840329$ | PnL: 2.92466597 💵 | Сделок: 461 | WinRate: 71.58%
🔄 2025-09-18 14:45:42 Баланс: 0.438078573599329$ | PnL: 2.94025716 💵 | Сделок: 462 | WinRate: 71.65%
🔄 2025-09-18 14:50:40 Баланс: 0.438078573599329$ | PnL: 2.94025716 💵 | Сделок: 462 | WinRate: 71.65%
🔄 2025-09-18 14:54:47 Баланс: 0.449541977649329$ | PnL: 2.95262062 💵 | Сделок: 463 | WinRate: 71.71%
🔄 2025-09-18 14:58:54 Баланс: 0.491350664755329$ | PnL: 2.99623588 💵 | Сделок: 465 | WinRate: 71.83%
🔄 2025-09-18 15:03:01 Баланс: 0.491350664755329$ | PnL: 2.99623588 💵 | Сделок: 465 | WinRate: 71.83%
🔄 2025-09-18 15:07:06 Баланс: 0.462188679877929$ | PnL: 2.96797122 💵 | Сделок: 466 | WinRate: 71.67%
🔄 2025-09-18 15:11:18 Баланс: 0.462188679877929$ | PnL: 2.96797122 💵 | Сделок: 466 | WinRate: 71.67%
🔄 2025-09-18 15:15:30 Баланс: 0.462188679877929$ | PnL: 2.96797122 💵 | Сделок: 466 | WinRate: 71.67%
🔄 2025-09-18 15:19:42 Баланс: 0.462188679877929$ | PnL: 2.96797122 💵 | Сделок: 466 | WinRate: 71.67%
🔄 2025-09-18 15:23:54 Баланс: 0.482949705227929$ | PnL: 2.98957544 💵 | Сделок: 467 | WinRate: 71.73%
🔄 2025-09-18 15:28:09 Баланс: 0.482949705227929$ | PnL: 2.98957544 💵 | Сделок: 467 | WinRate: 71.73%
🔄 2025-09-18 15:32:22 Баланс: 0.494740225733729$ | PnL: 3.00226545 💵 | Сделок: 468 | WinRate: 71.79%
🔄 2025-09-18 15:37:21 Баланс: 0.494740225733729$ | PnL: 3.00226545 💵 | Сделок: 468 | WinRate: 71.79%
🔄 2025-09-18 15:41:37 Баланс: 0.494740225733729$ | PnL: 3.00226545 💵 | Сделок: 468 | WinRate: 71.79%
🔄 2025-09-18 15:45:50 Баланс: 0.494740225733729$ | PnL: 3.00226545 💵 | Сделок: 468 | WinRate: 71.79%
🔄 2025-09-18 15:49:49 Баланс: 0.494740225733729$ | PnL: 3.00226545 💵 | Сделок: 468 | WinRate: 71.79%
🔄 2025-09-18 15:53:48 Баланс: 0.494740225733729$ | PnL: 3.00226545 💵 | Сделок: 468 | WinRate: 71.79%
🔄 2025-09-18 15:57:44 Баланс: 0.502940230435529$ | PnL: 3.01136709 💵 | Сделок: 469 | WinRate: 71.86%
🔄 2025-09-18 16:01:44 Баланс: 0.502940230435529$ | PnL: 3.01136709 💵 | Сделок: 469 | WinRate: 71.86%
🔄 2025-09-18 16:05:40 Баланс: 0.502940230435529$ | PnL: 3.01136709 💵 | Сделок: 469 | WinRate: 71.86%
🔄 2025-09-18 16:10:01 Баланс: 0.502940230435529$ | PnL: 3.01136709 💵 | Сделок: 469 | WinRate: 71.86%
🔄 2025-09-18 16:14:27 Баланс: 0.502940230435529$ | PnL: 3.01136709 💵 | Сделок: 469 | WinRate: 71.86%
🔄 2025-09-18 16:18:59 Баланс: 0.502940230435529$ | PnL: 3.01136709 💵 | Сделок: 469 | WinRate: 71.86%
🔄 2025-09-18 16:23:50 Баланс: 0.502940230435529$ | PnL: 3.01136709 💵 | Сделок: 469 | WinRate: 71.86%
🔄 2025-09-18 16:27:56 Баланс: 0.516804033729929$ | PnL: 3.02613224 💵 | Сделок: 470 | WinRate: 71.91%
🔄 2025-09-18 16:31:58 Баланс: 0.516804033729929$ | PnL: 3.02613224 💵 | Сделок: 470 | WinRate: 71.91%
🔄 2025-09-18 16:35:54 Баланс: 0.516804033729929$ | PnL: 3.02613224 💵 | Сделок: 470 | WinRate: 71.91%
🔄 2025-09-18 16:39:53 Баланс: 0.516804033729929$ | PnL: 3.02613224 💵 | Сделок: 470 | WinRate: 71.91%
🔄 2025-09-18 16:43:50 Баланс: 0.539670935283929$ | PnL: 3.051085 💵 | Сделок: 472 | WinRate: 72.03%
🔄 2025-09-18 16:47:53 Баланс: 0.539670935283929$ | PnL: 3.051085 💵 | Сделок: 472 | WinRate: 72.03%
🔄 2025-09-18 16:52:18 Баланс: 0.539670935283929$ | PnL: 3.051085 💵 | Сделок: 472 | WinRate: 72.03%
🔄 2025-09-18 16:57:02 Баланс: 0.558228607308929$ | PnL: 3.07053299 💵 | Сделок: 473 | WinRate: 72.09%
🔄 2025-09-18 17:00:58 Баланс: 0.598811065758928$ | PnL: 3.11177839 💵 | Сделок: 475 | WinRate: 72.21%
🔄 2025-09-18 17:04:54 Баланс: 0.598811065758928$ | PnL: 3.11177839 💵 | Сделок: 475 | WinRate: 72.21%
🔄 2025-09-18 17:08:49 Баланс: 0.598811065758928$ | PnL: 3.11177839 💵 | Сделок: 475 | WinRate: 72.21%
🔄 2025-09-18 17:12:40 Баланс: 0.598811065758928$ | PnL: 3.11177839 💵 | Сделок: 475 | WinRate: 72.21%
🔄 2025-09-18 17:16:31 Баланс: 0.598811065758928$ | PnL: 3.11177839 💵 | Сделок: 475 | WinRate: 72.21%
🔄 2025-09-18 17:21:26 Баланс: 0.598811065758928$ | PnL: 3.11177839 💵 | Сделок: 475 | WinRate: 72.21%
🔄 2025-09-18 17:25:32 Баланс: 0.598811065758928$ | PnL: 3.11177839 💵 | Сделок: 475 | WinRate: 72.21%
🔄 2025-09-18 17:30:21 Баланс: 0.598811065758928$ | PnL: 3.11177839 💵 | Сделок: 475 | WinRate: 72.21%
🔄 2025-09-18 17:35:49 Баланс: 0.610018948075729$ | PnL: 3.12391248 💵 | Сделок: 476 | WinRate: 72.27%
🔄 2025-09-18 17:40:46 Баланс: 0.652463316397728$ | PnL: 3.16898846 💵 | Сделок: 479 | WinRate: 72.44%
🔄 2025-09-18 17:45:43 Баланс: 1.66648173639773$ | PnL: 3.18300979 💵 | Сделок: 480 | WinRate: 72.5%
🔄 2025-09-18 17:51:26 Баланс: 0.665581151872129$ | PnL: 3.18300979 💵 | Сделок: 480 | WinRate: 72.5%
🔄 2025-09-18 18:00:26 Баланс: 0.665581151872129$ | PnL: 3.18300979 💵 | Сделок: 480 | WinRate: 72.5%
🔄 2025-09-18 18:07:00 Баланс: 0.696056332435809$ | PnL: 3.2161916 💵 | Сделок: 483 | WinRate: 72.67%
🔄 2025-09-18 18:14:09 Баланс: 0.701649780815809$ | PnL: 3.22267909 💵 | Сделок: 484 | WinRate: 72.73%
🔄 2025-09-18 18:19:55 Баланс: 0.716118725719809$ | PnL: 3.23894939 💵 | Сделок: 486 | WinRate: 72.84%
🔄 2025-09-18 18:26:30 Баланс: 0.770003528779009$ | PnL: 3.29618697 💵 | Сделок: 490 | WinRate: 73.06%
🔄 2025-09-18 18:32:24 Баланс: 0.785338282221009$ | PnL: 3.31242176 💵 | Сделок: 491 | WinRate: 73.12%
🔄 2025-09-18 18:38:55 Баланс: 0.803206530317009$ | PnL: 3.33123886 💵 | Сделок: 492 | WinRate: 73.17%
🔄 2025-09-18 18:44:16 Баланс: 0.824182165702009$ | PnL: 3.35317241 💵 | Сделок: 493 | WinRate: 73.23%
🔄 2025-09-18 18:50:07 Баланс: 0.824182165702009$ | PnL: 3.35317241 💵 | Сделок: 493 | WinRate: 73.23%
🔄 2025-09-18 18:57:57 Баланс: 0.918728752409129$ | PnL: 3.44861933 💵 | Сделок: 494 | WinRate: 73.28%
🔄 2025-09-18 19:03:50 Баланс: 0.944309726613729$ | PnL: 3.47598828 💵 | Сделок: 496 | WinRate: 73.39%
🔄 2025-09-18 19:09:54 Баланс: 0.950972101249129$ | PnL: 3.4835503 💵 | Сделок: 497 | WinRate: 73.44%
🔄 2025-09-18 19:15:24 Баланс: 0.975226623800129$ | PnL: 3.50959024 💵 | Сделок: 499 | WinRate: 73.55%
🔄 2025-09-18 19:21:26 Баланс: 0.975226623800129$ | PnL: 3.50959024 💵 | Сделок: 499 | WinRate: 73.55%
🔄 2025-09-18 19:27:00 Баланс: 0.00452711609332868$ | PnL: 3.54068085 💵 | Сделок: 500 | WinRate: 73.6%
🔄 2025-09-18 19:31:54 Баланс: 0.00452711609332868$ | PnL: 3.54068085 💵 | Сделок: 500 | WinRate: 73.6%
🔄 2025-09-18 19:39:28 Баланс: 0.00452711609332868$ | PnL: 3.54068085 💵 | Сделок: 500 | WinRate: 73.6%
🔄 2025-09-18 19:44:43 Баланс: 0.0158233438133286$ | PnL: 3.55286614 💵 | Сделок: 501 | WinRate: 73.65%
🔄 2025-09-18 19:50:03 Баланс: 0.0158233438133286$ | PnL: 3.55286614 💵 | Сделок: 501 | WinRate: 73.65%
🔄 2025-09-18 19:56:13 Баланс: 0.0158233438133286$ | PnL: 3.55286614 💵 | Сделок: 501 | WinRate: 73.65%
🔄 2025-09-18 20:01:12 Баланс: 0.0158233438133286$ | PnL: 3.55286614 💵 | Сделок: 501 | WinRate: 73.65%
🔄 2025-09-18 20:05:37 Баланс: 0.0247253381499286$ | PnL: 3.56266816 💵 | Сделок: 502 | WinRate: 73.71%
🔄 2025-09-18 20:10:00 Баланс: 0.104917013780658$ | PnL: 3.64747946 💵 | Сделок: 507 | WinRate: 73.96%
🔄 2025-09-18 20:14:21 Баланс: 0.164390647416659$ | PnL: 3.70875579 💵 | Сделок: 509 | WinRate: 74.07%
🔄 2025-09-18 20:18:43 Баланс: 0.164390647416659$ | PnL: 3.70875579 💵 | Сделок: 509 | WinRate: 74.07%
🔄 2025-09-18 20:23:00 Баланс: 0.279103195743858$ | PnL: 3.82696692 💵 | Сделок: 513 | WinRate: 74.27%
🔄 2025-09-18 20:27:20 Баланс: 0.295148850282358$ | PnL: 3.84391312 💵 | Сделок: 514 | WinRate: 74.32%
🔄 2025-09-18 20:31:51 Баланс: 0.295148850282358$ | PnL: 3.84391312 💵 | Сделок: 514 | WinRate: 74.32%
🔄 2025-09-18 20:36:12 Баланс: 0.399196249391758$ | PnL: 3.95249811 💵 | Сделок: 519 | WinRate: 74.57%
🔄 2025-09-18 20:40:35 Баланс: 0.412425625755758$ | PnL: 3.96663296 💵 | Сделок: 520 | WinRate: 74.62%
🔄 2025-09-18 20:45:01 Баланс: 0.567368071664858$ | PnL: 4.05208392 💵 | Сделок: 525 | WinRate: 74.86%
🔄 2025-09-18 20:49:26 Баланс: 0.632875068333458$ | PnL: 4.12123007 💵 | Сделок: 529 | WinRate: 75.05%
🔄 2025-09-18 20:53:50 Баланс: 0.632875068333458$ | PnL: 4.12123007 💵 | Сделок: 529 | WinRate: 75.05%
🔄 2025-09-18 20:58:14 Баланс: 0.632875068333458$ | PnL: 4.12123007 💵 | Сделок: 529 | WinRate: 75.05%
🔄 2025-09-18 21:02:29 Баланс: 0.632875068333458$ | PnL: 4.12123007 💵 | Сделок: 529 | WinRate: 75.05%
🔄 2025-09-18 21:06:42 Баланс: 0.638430683517458$ | PnL: 4.12768296 💵 | Сделок: 530 | WinRate: 75.09%
🔄 2025-09-18 21:10:55 Баланс: 0.715387058167218$ | PnL: 4.20644082 💵 | Сделок: 532 | WinRate: 75.19%
🔄 2025-09-18 21:15:22 Баланс: 0.725796874067218$ | PnL: 4.21741914 💵 | Сделок: 533 | WinRate: 75.23%
🔄 2025-09-18 21:20:13 Баланс: 0.796169396526748$ | PnL: 4.29334534 💵 | Сделок: 539 | WinRate: 75.51%
🔄 2025-09-18 21:25:06 Баланс: 0.822806706362748$ | PnL: 4.32280912 💵 | Сделок: 542 | WinRate: 75.65%
🔄 2025-09-18 21:30:32 Баланс: 0.857932575654747$ | PnL: 4.35969522 💵 | Сделок: 544 | WinRate: 75.74%
🔄 2025-09-18 21:34:45 Баланс: 0.857932575654747$ | PnL: 4.35969522 💵 | Сделок: 544 | WinRate: 75.74%
🔄 2025-09-18 21:38:55 Баланс: 0.869000034857147$ | PnL: 4.37165893 💵 | Сделок: 545 | WinRate: 75.78%
🔄 2025-09-18 21:43:22 Баланс: 0.881612749017147$ | PnL: 4.38505667 💵 | Сделок: 546 | WinRate: 75.82%
🔄 2025-09-18 21:47:30 Баланс: 0.881612749017147$ | PnL: 4.38505667 💵 | Сделок: 546 | WinRate: 75.82%
🔄 2025-09-18 21:51:40 Баланс: 0.881612749017147$ | PnL: 4.38505667 💵 | Сделок: 546 | WinRate: 75.82%
🔄 2025-09-18 21:56:32 Баланс: 0.0151080625183075$ | PnL: 4.52407302 💵 | Сделок: 551 | WinRate: 76.04%
🔄 2025-09-18 22:00:47 Баланс: 0.0241926465983076$ | PnL: 4.53412461 💵 | Сделок: 552 | WinRate: 76.09%
🔄 2025-09-18 22:05:52 Баланс: 0.0332639736373077$ | PnL: 4.54409581 💵 | Сделок: 553 | WinRate: 76.13%
🔄 2025-09-18 22:11:01 Баланс: 0.0403468817169077$ | PnL: 4.55208259 💵 | Сделок: 554 | WinRate: 76.17%
🔄 2025-09-18 22:15:24 Баланс: 0.0403468817169077$ | PnL: 4.55208259 💵 | Сделок: 554 | WinRate: 76.17%
🔄 2025-09-18 22:20:25 Баланс: 1.06031816465291$ | PnL: 4.57301314 💵 | Сделок: 556 | WinRate: 76.26%
🔄 2025-09-18 22:25:14 Баланс: 0.0676025340630482$ | PnL: 4.58056129 💵 | Сделок: 557 | WinRate: 76.3%
🔄 2025-09-18 22:30:50 Баланс: 0.0866711731990479$ | PnL: 4.60053904 💵 | Сделок: 558 | WinRate: 76.34%
🔄 2025-09-18 22:35:29 Баланс: 0.109750841731948$ | PnL: 4.62557762 💵 | Сделок: 560 | WinRate: 76.43%
🔄 2025-09-18 22:39:55 Баланс: 0.109750841731948$ | PnL: 4.62557762 💵 | Сделок: 560 | WinRate: 76.43%
🔄 2025-09-18 22:44:17 Баланс: 0.118051294531948$ | PnL: 4.6346912 💵 | Сделок: 561 | WinRate: 76.47%
🔄 2025-09-18 22:48:37 Баланс: 0.142635418143448$ | PnL: 4.66113369 💵 | Сделок: 563 | WinRate: 76.55%
🔄 2025-09-18 22:53:40 Баланс: 0.177515788977348$ | PnL: 4.69965039 💵 | Сделок: 567 | WinRate: 76.72%
🔄 2025-09-18 22:58:14 Баланс: 0.193870056942348$ | PnL: 4.71789545 💵 | Сделок: 569 | WinRate: 76.8%
🔄 2025-09-18 23:02:49 Баланс: 0.0973483975143479$ | PnL: 4.62226423 💵 | Сделок: 570 | WinRate: 76.67%
🔄 2025-09-18 23:07:15 Баланс: 0.109072661789348$ | PnL: 4.63488045 💵 | Сделок: 571 | WinRate: 76.71%
🔄 2025-09-18 23:12:01 Баланс: 0.129757252949348$ | PnL: 4.65738443 💵 | Сделок: 573 | WinRate: 76.79%
🔄 2025-09-18 23:16:41 Баланс: 0.144933571392348$ | PnL: 4.67345844 💵 | Сделок: 574 | WinRate: 76.83%
🔄 2025-09-18 23:21:10 Баланс: 0.150796204012348$ | PnL: 4.68020017 💵 | Сделок: 575 | WinRate: 76.87%
🔄 2025-09-18 23:26:10 Баланс: 0.166315995562348$ | PnL: 4.69660017 💵 | Сделок: 576 | WinRate: 76.91%
🔄 2025-09-18 23:30:59 Баланс: 0.166315995562348$ | PnL: 4.69660017 💵 | Сделок: 576 | WinRate: 76.91%
🔄 2025-09-18 23:36:00 Баланс: 0.166315995562348$ | PnL: 4.69660017 💵 | Сделок: 576 | WinRate: 76.91%
🔄 2025-09-18 23:42:17 Баланс: 0.166315995562348$ | PnL: 4.69660017 💵 | Сделок: 576 | WinRate: 76.91%
🔄 2025-09-18 23:47:25 Баланс: 0.166315995562348$ | PnL: 4.69660017 💵 | Сделок: 576 | WinRate: 76.91%
🔄 2025-09-18 23:52:09 Баланс: 0.166315995562348$ | PnL: 4.69660017 💵 | Сделок: 576 | WinRate: 76.91%
🔄 2025-09-18 23:57:26 Баланс: 0.131257414662349$ | PnL: 4.66243274 💵 | Сделок: 577 | WinRate: 76.78%
🔄 2025-09-19 00:02:14 Баланс: 0.131257414662349$ | PnL: 4.66243274 💵 | Сделок: 577 | WinRate: 76.78%
🔄 2025-09-19 00:06:45 Баланс: 0.131257414662349$ | PnL: 4.66243274 💵 | Сделок: 577 | WinRate: 76.78%
🔄 2025-09-19 00:11:05 Баланс: 0.147115858806349$ | PnL: 4.67919236 💵 | Сделок: 578 | WinRate: 76.82%
🔄 2025-09-19 00:15:46 Баланс: 0.147115858806349$ | PnL: 4.67919236 💵 | Сделок: 578 | WinRate: 76.82%
🔄 2025-09-19 00:20:35 Баланс: 0.147115858806349$ | PnL: 4.67919236 💵 | Сделок: 578 | WinRate: 76.82%
🔄 2025-09-19 00:25:18 Баланс: 0.147115858806349$ | PnL: 4.67919236 💵 | Сделок: 578 | WinRate: 76.82%
🔄 2025-09-19 00:30:23 Баланс: 0.161354532286349$ | PnL: 4.69602788 💵 | Сделок: 579 | WinRate: 76.86%
🔄 2025-09-19 00:34:38 Баланс: 0.161354532286349$ | PnL: 4.69602788 💵 | Сделок: 579 | WinRate: 76.86%
🔄 2025-09-19 00:38:53 Баланс: 0.161354532286349$ | PnL: 4.69602788 💵 | Сделок: 579 | WinRate: 76.86%
🔄 2025-09-19 00:43:17 Баланс: 0.161354532286349$ | PnL: 4.69602788 💵 | Сделок: 579 | WinRate: 76.86%
🔄 2025-09-19 00:47:49 Баланс: 0.161354532286349$ | PnL: 4.69602788 💵 | Сделок: 579 | WinRate: 76.86%
🔄 2025-09-19 00:52:36 Баланс: 0.205467978750349$ | PnL: 4.74195638 💵 | Сделок: 581 | WinRate: 76.94%
🔄 2025-09-19 00:58:29 Баланс: 0.205467978750349$ | PnL: 4.74195638 💵 | Сделок: 581 | WinRate: 76.94%
