[2025-08-28 12:19:11][TRADE] Закрыта позиция NMR-USDT-SWAP LONG PnL: -0.05882164 Причина: SL Баланс: 829.777686025042 WinRate инструмента: 0%
🔄 Баланс: 829.777686025042$ | PnL: -0.05882164 💵 | Сделок: 1
[2025-08-28 12:24:29][TRADE] Закрыта позиция CATI-USDT-SWAP LONG PnL: -0.09453564 Причина: SL Баланс: 839.683151212042 WinRate инструмента: 0%
🔄 Баланс: 839.683151212042$ | PnL: -0.15335728 💵 | Сделок: 2
[2025-08-28 12:33:47][TRADE] Закрыта позиция NMR-USDT-SWAP LONG PnL: 0.138635 Причина: TP Баланс: 819.794772074125 WinRate инструмента: 50%
🔄 Баланс: 819.794772074125$ | PnL: -0.01472228 💵 | Сделок: 3
[2025-08-28 12:37:44][TRADE] Закрыта позиция CRO-USDT-SWAP LONG PnL: -0.07115319 Причина: SL Баланс: 819.714631270491 WinRate инструмента: 0%
🔄 Баланс: 819.714631270491$ | PnL: -0.08587547 💵 | Сделок: 4
[2025-08-28 12:45:13][TRADE] Закрыта позиция NMR-USDT-SWAP LONG PnL: -0.05415321 Причина: SL Баланс: 809.642468469876 WinRate инструмента: 33.33%
🔄 Баланс: 809.642468469876$ | PnL: -0.14002868 💵 | Сделок: 5
[2025-08-28 12:48:59][TRADE] Закрыта позиция CRO-USDT-SWAP LONG PnL: -0.07138693 Причина: SL Баланс: 809.562026131646 WinRate инструмента: 0%
🔄 Баланс: 809.562026131646$ | PnL: -0.21141561 💵 | Сделок: 6
[2025-08-28 12:50:15][TRADE] Закрыта позиция LAUNCHCOIN-USDT-SWAP LONG PnL: 0.63125277 Причина: TP Баланс: 820.193281705646 WinRate инструмента: 100%
🔄 Баланс: 820.193281705646$ | PnL: 0.41983716 💵 | Сделок: 7
[2025-08-28 12:55:14][TRADE] Закрыта позиция GMT-USDT-SWAP LONG PnL: -0.10806629 Причина: SL Баланс: 810.066968663741 WinRate инструмента: 0%
🔄 Баланс: 810.066968663741$ | PnL: 0.31177087 💵 | Сделок: 8
[2025-08-28 12:56:32][TRADE] Закрыта позиция NMR-USDT-SWAP LONG PnL: -0.05461069 Причина: SL Баланс: 810.003590691746 WinRate инструмента: 25%
🔄 Баланс: 810.003590691746$ | PnL: 0.25716018 💵 | Сделок: 9
[2025-08-28 13:06:19][TRADE] Закрыта позиция CRO-USDT-SWAP LONG PnL: -0.07107506 Причина: SL Баланс: 779.896751212124 WinRate инструмента: 0%
🔄 Баланс: 779.896751212124$ | PnL: 0.18608512 💵 | Сделок: 10
[2025-08-28 13:11:55][TRADE] Закрыта позиция COMP-USDT-SWAP LONG PnL: -0.11469183 Причина: SL Баланс: 779.774607380324 WinRate инструмента: 0%
🔄 Баланс: 779.774607380324$ | PnL: 0.07139329 💵 | Сделок: 11
[2025-08-28 13:13:53][TRADE] Закрыта позиция NMR-USDT-SWAP LONG PnL: -0.05626611 Причина: SL Баланс: 789.718049870324 WinRate инструмента: 20%
🔄 Баланс: 789.718049870324$ | PnL: 0.01512718 💵 | Сделок: 12
[2025-08-28 13:18:41][TRADE] Закрыта позиция INIT-USDT-SWAP LONG PnL: -0.14865587 Причина: SL Баланс: 799.569411650324 WinRate инструмента: 0%
🔄 Баланс: 799.569411650324$ | PnL: -0.13352869 💵 | Сделок: 13
[2025-08-28 13:18:44][TRADE] Закрыта позиция IOTA-USDT-SWAP LONG PnL: -0.12128601 Причина: SL Баланс: 809.448123140324 WinRate инструмента: 0%
🔄 Баланс: 809.448123140324$ | PnL: -0.2548147 💵 | Сделок: 14
[2025-08-28 13:18:52][TRADE] Закрыта позиция KAITO-USDT-SWAP LONG PnL: -0.13360335 Причина: SL Баланс: 819.314488310324 WinRate инструмента: 0%
🔄 Баланс: 819.314488310324$ | PnL: -0.38841805 💵 | Сделок: 15
[2025-08-28 13:23:56][TRADE] Закрыта позиция GMT-USDT-SWAP LONG PnL: -0.09964338 Причина: SL Баланс: 809.197430692681 WinRate инструмента: 0%
🔄 Баланс: 809.197430692681$ | PnL: -0.48806143 💵 | Сделок: 16
[2025-08-28 13:24:36][TRADE] Закрыта позиция LAUNCHCOIN-USDT-SWAP LONG PnL: 0.47069333 Причина: TP Баланс: 819.668122905681 WinRate инструмента: 100%
🔄 Баланс: 819.668122905681$ | PnL: -0.0173681000000001 💵 | Сделок: 17
[2025-08-28 13:24:49][TRADE] Закрыта позиция LUNC-USDT-SWAP LONG PnL: -0.09461833 Причина: SL Баланс: 829.573504576485 WinRate инструмента: 0%
🔄 Баланс: 829.573504576485$ | PnL: -0.11198643 💵 | Сделок: 18
[2025-08-28 13:25:18][TRADE] Закрыта позиция NMR-USDT-SWAP LONG PnL: 0.13359523 Причина: TP Баланс: 839.706527806485 WinRate инструмента: 33.33%
🔄 Баланс: 839.706527806485$ | PnL: 0.0216088 💵 | Сделок: 19
[2025-08-28 13:36:43][TRADE] Закрыта позиция GRIFFAIN-USDT-SWAP LONG PnL: -0.15881118 Причина: SL Баланс: 849.547717182485 WinRate инструмента: 0%
🔄 Баланс: 849.547717182485$ | PnL: -0.13720238 💵 | Сделок: 20
[2025-08-28 13:38:23][TRADE] Закрыта позиция POPCAT-USDT-SWAP LONG PnL: -0.1534718 Причина: SL Баланс: 859.394243302485 WinRate инструмента: 0%
🔄 Баланс: 859.394243302485$ | PnL: -0.29067418 💵 | Сделок: 21
[2025-08-28 13:42:00][TRADE] Закрыта позиция CRO-USDT-SWAP LONG PnL: 0.14871545 Причина: TP Баланс: 869.542945911485 WinRate инструмента: 25%
🔄 Баланс: 869.542945911485$ | PnL: -0.14195873 💵 | Сделок: 22
[2025-08-28 13:45:33][TRADE] Закрыта позиция W-USDT-SWAP LONG PnL: -0.11553114 Причина: SL Баланс: 869.417421662245 WinRate инструмента: 0%
🔄 Баланс: 869.417421662245$ | PnL: -0.25748987 💵 | Сделок: 23
[2025-08-28 13:47:14][TRADE] Закрыта позиция ARC-USDT-SWAP LONG PnL: -0.17335833 Причина: SL Баланс: 879.244064036245 WinRate инструмента: 0%
🔄 Баланс: 879.244064036245$ | PnL: -0.4308482 💵 | Сделок: 24
[2025-08-28 13:47:40][TRADE] Закрыта позиция BONK-USDT-SWAP LONG PnL: -0.13228867 Причина: SL Баланс: 889.111775366751 WinRate инструмента: 0%
🔄 Баланс: 889.111775366751$ | PnL: -0.56313687 💵 | Сделок: 25
[2025-08-28 13:49:51][TRADE] Закрыта позиция NMR-USDT-SWAP LONG PnL: 0.11976022 Причина: TP Баланс: 899.232529186751 WinRate инструмента: 42.86%
🔄 Баланс: 899.232529186751$ | PnL: -0.44337665 💵 | Сделок: 26
[2025-08-28 13:50:35][TRADE] Закрыта позиция SHELL-USDT-SWAP LONG PnL: -0.13180146 Причина: SL Баланс: 909.100729726751 WinRate инструмента: 0%
🔄 Баланс: 909.100729726751$ | PnL: -0.57517811 💵 | Сделок: 27
[2025-08-28 13:53:55][TRADE] Закрыта позиция DOOD-USDT-SWAP LONG PnL: -0.10447659 Причина: SL Баланс: 908.987256245068 WinRate инструмента: 0%
🔄 Баланс: 908.987256245068$ | PnL: -0.6796547 💵 | Сделок: 28
[2025-08-28 13:55:25][TRADE] Закрыта позиция KMNO-USDT-SWAP LONG PnL: -0.12351237 Причина: SL Баланс: 918.863744003068 WinRate инструмента: 0%
🔄 Баланс: 918.863744003068$ | PnL: -0.80316707 💵 | Сделок: 29
[2025-08-28 14:04:26][TRADE] Закрыта позиция JTO-USDT-SWAP LONG PnL: -0.08715555 Причина: SL Баланс: 908.757785408754 WinRate инструмента: 0%
🔄 Баланс: 908.757785408754$ | PnL: -0.89032262 💵 | Сделок: 30
[2025-08-28 14:05:24][TRADE] Закрыта позиция NMR-USDT-SWAP LONG PnL: -0.05115336 Причина: SL Баланс: 918.707490348754 WinRate инструмента: 37.5%
🔄 Баланс: 918.707490348754$ | PnL: -0.94147598 💵 | Сделок: 31
[2025-08-28 14:10:28][TRADE] Закрыта позиция CRO-USDT-SWAP LONG PnL: -0.06468806 Причина: SL Баланс: 928.642815448754 WinRate инструмента: 20%
🔄 Баланс: 928.642815448754$ | PnL: -1.00616404 💵 | Сделок: 32
[2025-08-28 14:24:07][TRADE] Закрыта позиция CRO-USDT-SWAP LONG PnL: -0.06485828 Причина: SL Баланс: 918.559950903048 WinRate инструмента: 16.67%
🔄 Баланс: 918.559950903048$ | PnL: -1.07102232 💵 | Сделок: 33
[2025-08-28 14:36:05][TRADE] Закрыта позиция CRO-USDT-SWAP LONG PnL: -0.06448936 Причина: SL Баланс: 908.477864599034 WinRate инструмента: 14.29%
🔄 Баланс: 908.477864599034$ | PnL: -1.13551168 💵 | Сделок: 34
[2025-08-28 14:38:24][TRADE] Закрыта позиция NMR-USDT-SWAP LONG PnL: -0.05138796 Причина: SL Баланс: 918.426073939034 WinRate инструмента: 33.33%
🔄 Баланс: 918.426073939034$ | PnL: -1.18689964 💵 | Сделок: 35
[2025-08-28 14:42:14][TRADE] Закрыта позиция BERA-USDT-SWAP LONG PnL: 0.47467829 Причина: TP Баланс: 928.900816929034 WinRate инструмента: 100%
🔄 Баланс: 928.900816929034$ | PnL: -0.71222135 💵 | Сделок: 36
[2025-08-28 15:08:21][TRADE] Закрыта позиция NMR-USDT-SWAP LONG PnL: 0.12721309 Причина: TP Баланс: 909.001129007725 WinRate инструмента: 40%
🔄 Баланс: 909.001129007725$ | PnL: -0.58500826 💵 | Сделок: 37
[2025-08-28 15:12:48][TRADE] Закрыта позиция CRO-USDT-SWAP LONG PnL: 0.16788795 Причина: TP Баланс: 919.169013656725 WinRate инструмента: 25%
🔄 Баланс: 919.169013656725$ | PnL: -0.41712031 💵 | Сделок: 38
[2025-08-28 15:21:35][TRADE] Закрыта позиция NMR-USDT-SWAP LONG PnL: 0.12715519 Причина: TP Баланс: 909.278168684972 WinRate инструмента: 45.45%
🔄 Баланс: 909.278168684972$ | PnL: -0.28996512 💵 | Сделок: 39
[2025-08-28 15:32:17][TRADE] Закрыта позиция CRO-USDT-SWAP LONG PnL: -0.0711836 Причина: SL Баланс: 909.197125146972 WinRate инструмента: 22.22%
🔄 Баланс: 909.197125146972$ | PnL: -0.36114872 💵 | Сделок: 40
[2025-08-28 15:34:18][TRADE] Закрыта позиция NMR-USDT-SWAP LONG PnL: -0.05414029 Причина: SL Баланс: 899.125888872751 WinRate инструмента: 41.67%
🔄 Баланс: 899.125888872751$ | PnL: -0.41528901 💵 | Сделок: 41
[2025-08-28 15:55:37][TRADE] Закрыта позиция CRO-USDT-SWAP LONG PnL: 0.18984712 Причина: TP Баланс: 889.297730798885 WinRate инструмента: 30%
🔄 Баланс: 889.297730798885$ | PnL: -0.22544189 💵 | Сделок: 42
[2025-08-28 16:07:54][TRADE] Закрыта позиция CRO-USDT-SWAP LONG PnL: 0.19060778 Причина: TP Баланс: 859.452338992376 WinRate инструмента: 36.36%
🔄 Баланс: 859.452338992376$ | PnL: -0.0348341100000001 💵 | Сделок: 43
[2025-08-28 16:19:13][TRADE] Закрыта позиция CRO-USDT-SWAP LONG PnL: -0.07468082 Причина: SL Баланс: 859.368658161418 WinRate инструмента: 33.33%
🔄 Баланс: 859.368658161418$ | PnL: -0.10951493 💵 | Сделок: 44
[2025-08-28 16:36:31][TRADE] Закрыта позиция CRO-USDT-SWAP LONG PnL: 0.19448722 Причина: TP Баланс: 849.545144834385 WinRate инструмента: 38.46%
🔄 Баланс: 849.545144834385$ | PnL: 0.0849722899999999 💵 | Сделок: 45
[2025-08-28 16:43:31][TRADE] Закрыта позиция NMR-USDT-SWAP LONG PnL: -0.05675383 Причина: SL Баланс: 839.470384394592 WinRate инструмента: 38.46%
🔄 Баланс: 839.470384394592$ | PnL: 0.0282184599999999 💵 | Сделок: 46
[2025-08-28 16:47:01][TRADE] Закрыта позиция CRO-USDT-SWAP LONG PnL: -0.07375106 Причина: SL Баланс: 849.396640659592 WinRate инструмента: 35.71%
🔄 Баланс: 849.396640659592$ | PnL: -0.0455326000000001 💵 | Сделок: 47
[2025-08-28 16:57:42][TRADE] Закрыта позиция CRO-USDT-SWAP LONG PnL: -0.0733754 Причина: SL Баланс: 849.314265250562 WinRate инструмента: 33.33%
🔄 Баланс: 849.314265250562$ | PnL: -0.118908 💵 | Сделок: 48
[2025-08-28 17:14:14][TRADE] Закрыта позиция BERA-USDT-SWAP LONG PnL: 0.48203604 Причина: TP Баланс: 849.787187558528 WinRate инструмента: 100%
🔄 Баланс: 849.787187558528$ | PnL: 0.36312804 💵 | Сделок: 49
[2025-08-28 17:32:25][TRADE] Закрыта позиция CRO-USDT-SWAP LONG PnL: -0.07197259 Причина: SL Баланс: 849.706161320267 WinRate инструмента: 31.25%
🔄 Баланс: 849.706161320267$ | PnL: 0.29115545 💵 | Сделок: 50
[2025-08-28 17:33:10][TRADE] Закрыта позиция GMT-USDT-SWAP LONG PnL: -0.10793137 Причина: SL Баланс: 859.598230510268 WinRate инструмента: 0%
🔄 Баланс: 859.598230510268$ | PnL: 0.18322408 💵 | Сделок: 51
[2025-08-28 17:57:36][TRADE] Закрыта позиция DOOD-USDT-SWAP LONG PnL: -0.09524277 Причина: SL Баланс: 859.493790516767 WinRate инструмента: 0%
🔄 Баланс: 859.493790516767$ | PnL: 0.08798131 💵 | Сделок: 52
[2025-08-28 17:59:20][TRADE] Закрыта позиция NMR-USDT-SWAP LONG PnL: -0.05657158 Причина: SL Баланс: 869.437415936767 WinRate инструмента: 35.71%
🔄 Баланс: 869.437415936767$ | PnL: 0.03140973 💵 | Сделок: 53
[2025-08-28 18:02:41][TRADE] Закрыта позиция BERA-USDT-SWAP LONG PnL: -0.21895696 Причина: SL Баланс: 879.218530376767 WinRate инструмента: 66.67%
🔄 Баланс: 879.218530376767$ | PnL: -0.18754723 💵 | Сделок: 54
[2025-08-28 18:10:13][TRADE] Закрыта позиция MEW-USDT-SWAP LONG PnL: 0.28017613 Причина: TP Баланс: 869.48111216762 WinRate инструмента: 100%
🔄 Баланс: 869.48111216762$ | PnL: 0.0926289 💵 | Сделок: 55
[2025-08-28 18:11:08][TRADE] Закрыта позиция SCR-USDT-SWAP LONG PnL: 0.27321038 Причина: TP Баланс: 879.75432880762 WinRate инструмента: 100%
🔄 Баланс: 879.75432880762$ | PnL: 0.36583928 💵 | Сделок: 56
[2025-08-28 18:20:08][TRADE] Закрыта позиция GRIFFAIN-USDT-SWAP LONG PnL: 0.33759075 Причина: TP Баланс: 870.073906381001 WinRate инструмента: 50%
🔄 Баланс: 870.073906381001$ | PnL: 0.70343003 💵 | Сделок: 57
[2025-08-28 18:21:54][TRADE] Закрыта позиция S-USDT-SWAP LONG PnL: 0.33557688 Причина: TP Баланс: 880.409473471001 WinRate инструмента: 100%
🔄 Баланс: 880.409473471001$ | PnL: 1.03900691 💵 | Сделок: 58
[2025-08-28 18:38:43][TRADE] Закрыта позиция TNSR-USDT-SWAP LONG PnL: 0.31120923 Причина: TP Баланс: 870.702681825538 WinRate инструмента: 100%
🔄 Баланс: 870.702681825538$ | PnL: 1.35021614 💵 | Сделок: 59
[2025-08-28 19:34:49][TRADE] Закрыта позиция ACT-USDT-SWAP LONG PnL: 0.33245522 Причина: TP Баланс: 840.999129881611 WinRate инструмента: 100%
🔄 Баланс: 840.999129881611$ | PnL: 1.68267136 💵 | Сделок: 60
[2025-08-28 19:51:48][TRADE] Закрыта позиция COOKIE-USDT-SWAP LONG PnL: -0.09993317 Причина: SL Баланс: 850.899200296611 WinRate инструмента: 0%
🔄 Баланс: 850.899200296611$ | PnL: 1.58273819 💵 | Сделок: 61
[2025-08-28 19:52:41][TRADE] Закрыта позиция ICX-USDT-SWAP LONG PnL: -0.07331296 Причина: SL Баланс: 860.825890656611 WinRate инструмента: 0%
🔄 Баланс: 860.825890656611$ | PnL: 1.50942523 💵 | Сделок: 62
[2025-08-28 19:52:51][TRADE] Закрыта позиция JOE-USDT-SWAP LONG PnL: -0.09230181 Причина: SL Баланс: 870.733593246611 WinRate инструмента: 0%
🔄 Баланс: 870.733593246611$ | PnL: 1.41712342 💵 | Сделок: 63
[2025-08-28 19:53:01][TRADE] Закрыта позиция LAUNCHCOIN-USDT-SWAP LONG PnL: -0.11211654 Причина: SL Баланс: 880.621478316611 WinRate инструмента: 66.67%
🔄 Баланс: 880.621478316611$ | PnL: 1.30500688 💵 | Сделок: 64
[2025-08-28 20:04:02][TRADE] Закрыта позиция LAUNCHCOIN-USDT-SWAP LONG PnL: 0.30292671 Причина: TP Баланс: 870.906407106375 WinRate инструмента: 75%
🔄 Баланс: 870.906407106375$ | PnL: 1.60793359 💵 | Сделок: 65
[2025-08-28 20:20:08][TRADE] Закрыта позиция LAUNCHCOIN-USDT-SWAP LONG PnL: 0.31938388 Причина: TP Баланс: 871.216790983898 WinRate инструмента: 80%
🔄 Баланс: 871.216790983898$ | PnL: 1.92731747 💵 | Сделок: 66
[2025-08-28 20:40:01][TRADE] Закрыта позиция CRO-USDT-SWAP LONG PnL: -0.11786531 Причина: SL Баланс: 861.080923080536 WinRate инструмента: 29.41%
🔄 Баланс: 861.080923080536$ | PnL: 1.80945216 💵 | Сделок: 67
[2025-08-28 20:51:44][TRADE] Закрыта позиция LAYER-USDT-SWAP LONG PnL: -0.08085914 Причина: SL Баланс: 871.000069780536 WinRate инструмента: 0%
🔄 Баланс: 871.000069780536$ | PnL: 1.72859302 💵 | Сделок: 68
[2025-08-28 20:55:17][TRADE] Закрыта позиция AUCTION-USDT-SWAP LONG PnL: -0.07960767 Причина: SL Баланс: 880.920057910536 WinRate инструмента: 0%
🔄 Баланс: 880.920057910536$ | PnL: 1.64898535 💵 | Сделок: 69
[2025-08-28 20:56:57][TRADE] Закрыта позиция KMNO-USDT-SWAP LONG PnL: -0.11649227 Причина: SL Баланс: 890.803565360536 WinRate инструмента: 0%
🔄 Баланс: 890.803565360536$ | PnL: 1.53249308 💵 | Сделок: 70
[2025-08-28 20:58:42][TRADE] Закрыта позиция TNSR-USDT-SWAP LONG PnL: -0.09557833 Причина: SL Баланс: 900.707983990536 WinRate инструмента: 50%
🔄 Баланс: 900.707983990536$ | PnL: 1.43691475 💵 | Сделок: 71
[2025-08-28 20:58:57][TRADE] Закрыта позиция VIRTUAL-USDT-SWAP LONG PnL: -0.17895727 Причина: SL Баланс: 910.528996140536 WinRate инструмента: 0%
🔄 Баланс: 910.528996140536$ | PnL: 1.25795748 💵 | Сделок: 72
[2025-08-28 21:00:42][TRADE] Закрыта позиция BIGTIME-USDT-SWAP LONG PnL: -0.07677707 Причина: SL Баланс: 920.452218100536 WinRate инструмента: 0%
🔄 Баланс: 920.452218100536$ | PnL: 1.18118041 💵 | Сделок: 73
[2025-08-28 21:01:08][TRADE] Закрыта позиция DOGS-USDT-SWAP LONG PnL: -0.16432227 Причина: SL Баланс: 920.278894885046 WinRate инструмента: 0%
🔄 Баланс: 920.278894885046$ | PnL: 1.01685814 💵 | Сделок: 74
[2025-08-28 21:01:41][TRADE] Закрыта позиция GRIFFAIN-USDT-SWAP LONG PnL: -0.12200737 Причина: SL Баланс: 930.156889185046 WinRate инструмента: 33.33%
🔄 Баланс: 930.156889185046$ | PnL: 0.894850770000001 💵 | Сделок: 75
[2025-08-28 21:02:05][TRADE] Закрыта позиция KAITO-USDT-SWAP LONG PnL: -0.10513992 Причина: SL Баланс: 940.051705335046 WinRate инструмента: 0%
🔄 Баланс: 940.051705335046$ | PnL: 0.789710850000001 💵 | Сделок: 76
[2025-08-28 21:02:10][TRADE] Закрыта позиция LAUNCHCOIN-USDT-SWAP LONG PnL: -0.11747751 Причина: SL Баланс: 949.934230425046 WinRate инструмента: 66.67%
🔄 Баланс: 949.934230425046$ | PnL: 0.672233340000001 💵 | Сделок: 77
[2025-08-28 21:02:19][TRADE] Закрыта позиция LUNA-USDT-SWAP LONG PnL: -0.08209878 Причина: SL Баланс: 959.852138715046 WinRate инструмента: 0%
🔄 Баланс: 959.852138715046$ | PnL: 0.590134560000001 💵 | Сделок: 78
[2025-08-28 21:03:03][TRADE] Закрыта позиция PNUT-USDT-SWAP LONG PnL: -0.16409964 Причина: SL Баланс: 969.688035675046 WinRate инструмента: 0%
🔄 Баланс: 969.688035675046$ | PnL: 0.426034920000001 💵 | Сделок: 79
[2025-08-28 21:09:37][TRADE] Закрыта позиция ZETA-USDT-SWAP LONG PnL: -0.14692455 Причина: SL Баланс: 969.532110280157 WinRate инструмента: 0%
🔄 Баланс: 969.532110280157$ | PnL: 0.279110370000001 💵 | Сделок: 80
[2025-08-28 21:12:37][TRADE] Закрыта позиция LAUNCHCOIN-USDT-SWAP LONG PnL: 0.33684833 Причина: TP Баланс: 979.868957376157 WinRate инструмента: 71.43%
🔄 Баланс: 979.868957376157$ | PnL: 0.615958700000001 💵 | Сделок: 81
[2025-08-28 21:21:46][TRADE] Закрыта позиция CATI-USDT-SWAP LONG PnL: 0.20949717 Причина: TP Баланс: 970.080372245118 WinRate инструмента: 50%
🔄 Баланс: 970.080372245118$ | PnL: 0.825455870000001 💵 | Сделок: 82
[2025-08-28 21:28:21][TRADE] Закрыта позиция LAUNCHCOIN-USDT-SWAP LONG PnL: 0.32372665 Причина: TP Баланс: 970.395098697903 WinRate инструмента: 75%
🔄 Баланс: 970.395098697903$ | PnL: 1.14918252 💵 | Сделок: 83
[2025-08-28 21:37:23][TRADE] Закрыта позиция CATI-USDT-SWAP LONG PnL: 0.20711721 Причина: TP Баланс: 970.593219808196 WinRate инструмента: 66.67%
🔄 Баланс: 970.593219808196$ | PnL: 1.35629973 💵 | Сделок: 84
[2025-08-28 21:38:41][TRADE] Закрыта позиция LAUNCHCOIN-USDT-SWAP LONG PnL: 0.33034358 Причина: TP Баланс: 980.923560840196 WinRate инструмента: 77.78%
🔄 Баланс: 980.923560840196$ | PnL: 1.68664331 💵 | Сделок: 85
[2025-08-28 21:45:17][TRADE] Закрыта позиция SOON-USDT-SWAP LONG PnL: 0.45016435 Причина: TP Баланс: 971.355718066605 WinRate инструмента: 100%
🔄 Баланс: 971.355718066605$ | PnL: 2.13680766 💵 | Сделок: 86
[2025-08-28 21:47:48][TRADE] Закрыта позиция CATI-USDT-SWAP LONG PnL: -0.08210927 Причина: SL Баланс: 981.273613196605 WinRate инструмента: 50%
🔄 Баланс: 981.273613196605$ | PnL: 2.05469839 💵 | Сделок: 87
[2025-08-28 21:49:09][TRADE] Закрыта позиция LAUNCHCOIN-USDT-SWAP LONG PnL: -0.11888049 Причина: SL Баланс: 991.154732296605 WinRate инструмента: 70%
🔄 Баланс: 991.154732296605$ | PnL: 1.9358179 💵 | Сделок: 88
[2025-08-28 22:04:49][TRADE] Закрыта позиция LAUNCHCOIN-USDT-SWAP LONG PnL: 0.32530614 Причина: TP Баланс: 981.462038083827 WinRate инструмента: 72.73%
🔄 Баланс: 981.462038083827$ | PnL: 2.26112404 💵 | Сделок: 89
[2025-08-28 22:30:51][TRADE] Закрыта позиция LAUNCHCOIN-USDT-SWAP LONG PnL: 0.33011153 Причина: TP Баланс: 981.783149610911 WinRate инструмента: 75%
🔄 Баланс: 981.783149610911$ | PnL: 2.59123557 💵 | Сделок: 90
[2025-08-28 22:46:33][TRADE] Закрыта позиция LAUNCHCOIN-USDT-SWAP LONG PnL: -0.12020805 Причина: SL Баланс: 941.617690391368 WinRate инструмента: 69.23%
🔄 Баланс: 941.617690391368$ | PnL: 2.47102752 💵 | Сделок: 91
[2025-08-28 22:50:28][TRADE] Закрыта позиция CATI-USDT-SWAP LONG PnL: -0.08218462 Причина: SL Баланс: 951.535506126368 WinRate инструмента: 40%
🔄 Баланс: 951.535506126368$ | PnL: 2.3888429 💵 | Сделок: 92
[2025-08-28 23:07:27][TRADE] Закрыта позиция LAUNCHCOIN-USDT-SWAP LONG PnL: -0.12178355 Причина: SL Баланс: 951.404722577906 WinRate инструмента: 64.29%
🔄 Баланс: 951.404722577906$ | PnL: 2.26705935 💵 | Сделок: 93
[2025-08-28 23:27:13][TRADE] Закрыта позиция CRO-USDT-SWAP LONG PnL: -0.18622771 Причина: SL Баланс: 961.218492364906 WinRate инструмента: 27.78%
🔄 Баланс: 961.218492364906$ | PnL: 2.08083164 💵 | Сделок: 94
[2025-08-28 23:42:21][TRADE] Закрыта позиция AUCTION-USDT-SWAP LONG PnL: -0.09091307 Причина: SL Баланс: 941.100777666863 WinRate инструмента: 0%
🔄 Баланс: 941.100777666863$ | PnL: 1.98991857 💵 | Сделок: 95
[2025-08-28 23:42:42][TRADE] Закрыта позиция CATI-USDT-SWAP LONG PnL: -0.08345944 Причина: SL Баланс: 951.017319206863 WinRate инструмента: 33.33%
🔄 Баланс: 951.017319206863$ | PnL: 1.90645913 💵 | Сделок: 96
[2025-08-28 23:44:30][TRADE] Закрыта позиция MUBARAK-USDT-SWAP LONG PnL: -0.11869215 Причина: SL Баланс: 960.898627681863 WinRate инструмента: 0%
🔄 Баланс: 960.898627681863$ | PnL: 1.78776698 💵 | Сделок: 97
[2025-08-28 23:48:02][TRADE] Закрыта позиция COOKIE-USDT-SWAP LONG PnL: -0.13556344 Причина: SL Баланс: 960.754065732283 WinRate инструмента: 0%
🔄 Баланс: 960.754065732283$ | PnL: 1.65220354 💵 | Сделок: 98
[2025-08-28 23:53:06][TRADE] Закрыта позиция CATI-USDT-SWAP LONG PnL: -0.08252386 Причина: SL Баланс: 970.671541406283 WinRate инструмента: 28.57%
🔄 Баланс: 970.671541406283$ | PnL: 1.56967968 💵 | Сделок: 99
[2025-08-29 00:00:10][TRADE] Закрыта позиция NMR-USDT-SWAP LONG PnL: -0.17523394 Причина: SL Баланс: 970.487406127597 WinRate инструмента: 33.33%
🔄 Баланс: 970.487406127597$ | PnL: 1.39444574 💵 | Сделок: 100
[2025-08-29 00:03:25][TRADE] Закрыта позиция CATI-USDT-SWAP LONG PnL: -0.08261769 Причина: SL Баланс: 980.404786977597 WinRate инструмента: 25%
🔄 Баланс: 980.404786977597$ | PnL: 1.31182805 💵 | Сделок: 101
[2025-08-29 00:09:58][TRADE] Закрыта позиция LPT-USDT-SWAP LONG PnL: -0.13483009 Причина: SL Баланс: 990.269912087597 WinRate инструмента: 0%
🔄 Баланс: 990.269912087597$ | PnL: 1.17699796 💵 | Сделок: 102
[2025-08-29 01:37:02][TRADE] Закрыта позиция OL-USDT-SWAP LONG PnL: 0.34160372 Причина: TP Баланс: 960.575723034428 WinRate инструмента: 100%
🔄 Баланс: 960.575723034428$ | PnL: 1.51860168 💵 | Сделок: 103
[2025-08-29 02:56:46][TRADE] Закрыта позиция OL-USDT-SWAP LONG PnL: -0.16071 Причина: SL Баланс: 780.234539603263 WinRate инструмента: 50%
🔄 Баланс: 780.234539603263$ | PnL: 1.35789168 💵 | Сделок: 104
[2025-08-29 03:04:59][TRADE] Закрыта позиция CRO-USDT-SWAP LONG PnL: 0.96310485 Причина: TP Баланс: 761.170643560122 WinRate инструмента: 31.58%
🔄 Баланс: 761.170643560122$ | PnL: 2.32099653 💵 | Сделок: 105
[2025-08-29 03:34:36][TRADE] Закрыта позиция CRO-USDT-SWAP LONG PnL: -0.4353868 Причина: SL Баланс: 750.714173981886 WinRate инструмента: 30%
🔄 Баланс: 750.714173981886$ | PnL: 1.88560973 💵 | Сделок: 106
[2025-08-29 04:15:39][TRADE] Закрыта позиция NMR-USDT-SWAP LONG PnL: -0.28232838 Причина: SL Баланс: 740.413839598124 WinRate инструмента: 31.25%
🔄 Баланс: 740.413839598124$ | PnL: 1.60328135 💵 | Сделок: 107
[2025-08-29 04:16:53][TRADE] Закрыта позиция VINE-USDT-SWAP LONG PnL: -0.1811607 Причина: SL Баланс: 750.232681533124 WinRate инструмента: 0%
🔄 Баланс: 750.232681533124$ | PnL: 1.42212065 💵 | Сделок: 108
[2025-08-29 04:24:54][TRADE] Закрыта позиция LAUNCHCOIN-USDT-SWAP LONG PnL: 0.55286536 Причина: TP Баланс: 760.785547773124 WinRate инструмента: 66.67%
🔄 Баланс: 760.785547773124$ | PnL: 1.97498601 💵 | Сделок: 109
[2025-08-29 04:59:12][TRADE] Закрыта позиция JTO-USDT-SWAP LONG PnL: -0.11457116 Причина: SL Баланс: 740.64397512936 WinRate инструмента: 0%
🔄 Баланс: 740.64397512936$ | PnL: 1.86041485 💵 | Сделок: 110
[2025-08-29 05:08:14][TRADE] Закрыта позиция COMP-USDT-SWAP LONG PnL: -0.12704736 Причина: SL Баланс: 750.51631976936 WinRate инструмента: 0%
🔄 Баланс: 750.51631976936$ | PnL: 1.73336749 💵 | Сделок: 111
[2025-08-29 05:09:58][TRADE] Закрыта позиция NEAR-USDT-SWAP LONG PnL: -0.13587879 Причина: SL Баланс: 760.38032177936 WinRate инструмента: 0%
🔄 Баланс: 760.38032177936$ | PnL: 1.5974887 💵 | Сделок: 112
[2025-08-29 05:14:41][TRADE] Закрыта позиция KMNO-USDT-SWAP LONG PnL: -0.15923595 Причина: SL Баланс: 770.22108380636 WinRate инструмента: 0%
🔄 Баланс: 770.22108380636$ | PnL: 1.43825275 💵 | Сделок: 113
[2025-08-29 05:14:44][TRADE] Закрыта позиция LAUNCHCOIN-USDT-SWAP LONG PnL: -0.19017866 Причина: SL Баланс: 780.03090625836 WinRate инструмента: 62.5%
🔄 Баланс: 780.03090625836$ | PnL: 1.24807409 💵 | Сделок: 114
[2025-08-29 05:16:44][TRADE] Закрыта позиция WLD-USDT-SWAP LONG PnL: -0.1551257 Причина: SL Баланс: 789.87573815836 WinRate инструмента: 0%
🔄 Баланс: 789.87573815836$ | PnL: 1.09294839 💵 | Сделок: 115
[2025-08-29 05:18:29][TRADE] Закрыта позиция BONK-USDT-SWAP LONG PnL: -0.14490053 Причина: SL Баланс: 799.730837627522 WinRate инструмента: 0%
🔄 Баланс: 799.730837627522$ | PnL: 0.94804786 💵 | Сделок: 116
[2025-08-29 05:20:17][TRADE] Закрыта позиция MUBARAK-USDT-SWAP LONG PnL: -0.1421426 Причина: SL Баланс: 809.588694657522 WinRate инструмента: 0%
🔄 Баланс: 809.588694657522$ | PnL: 0.80590526 💵 | Сделок: 117
[2025-08-29 05:22:21][TRADE] Закрыта позиция SOL-USD-SWAP LONG PnL: -0.12011816 Причина: SL Баланс: 819.479096497522 WinRate инструмента: 0%
🔄 Баланс: 819.479096497522$ | PnL: 0.6857871 💵 | Сделок: 118
[2025-08-29 05:22:40][TRADE] Закрыта позиция SOL-USDT-SWAP LONG PnL: -0.12601351 Причина: SL Баланс: 829.356162987522 WinRate инструмента: 0%
🔄 Баланс: 829.356162987522$ | PnL: 0.55977359 💵 | Сделок: 119
[2025-08-29 05:23:04][TRADE] Закрыта позиция ANIME-USDT-SWAP LONG PnL: -0.12129449 Причина: SL Баланс: 839.234868868522 WinRate инструмента: 0%
🔄 Баланс: 839.234868868522$ | PnL: 0.4384791 💵 | Сделок: 120
[2025-08-29 05:23:15][TRADE] Закрыта позиция AUCTION-USDT-SWAP LONG PnL: -0.12505321 Причина: SL Баланс: 849.109613558521 WinRate инструмента: 0%
🔄 Баланс: 849.109613558521$ | PnL: 0.31342589 💵 | Сделок: 121
[2025-08-29 05:23:21][TRADE] Закрыта позиция BAT-USDT-SWAP LONG PnL: -0.11280212 Причина: SL Баланс: 858.996810348521 WinRate инструмента: 0%
🔄 Баланс: 858.996810348521$ | PnL: 0.20062377 💵 | Сделок: 122
[2025-08-29 05:24:30][TRADE] Закрыта позиция HMSTR-USDT-SWAP LONG PnL: -0.13564456 Причина: SL Баланс: 868.861165820541 WinRate инструмента: 0%
🔄 Баланс: 868.861165820541$ | PnL: 0.0649792100000002 💵 | Сделок: 123
[2025-08-29 05:25:06][TRADE] Закрыта позиция MAJOR-USDT-SWAP LONG PnL: -0.1207839 Причина: SL Баланс: 868.731384741431 WinRate инструмента: 0%
🔄 Баланс: 868.731384741431$ | PnL: -0.0558046899999998 💵 | Сделок: 124
[2025-08-29 05:25:41][TRADE] Закрыта позиция PARTI-USDT-SWAP LONG PnL: -0.21588261 Причина: SL Баланс: 878.515500991431 WinRate инструмента: 0%
🔄 Баланс: 878.515500991431$ | PnL: -0.2716873 💵 | Сделок: 125
[2025-08-29 05:26:28][TRADE] Закрыта позиция T-USDT-SWAP LONG PnL: -0.10243245 Причина: SL Баланс: 888.413068421431 WinRate инструмента: 0%
🔄 Баланс: 888.413068421431$ | PnL: -0.37411975 💵 | Сделок: 126
[2025-08-29 05:26:53][TRADE] Закрыта позиция WIF-USDT-SWAP LONG PnL: -0.15269254 Причина: SL Баланс: 898.260363141431 WinRate инструмента: 0%
🔄 Баланс: 898.260363141431$ | PnL: -0.52681229 💵 | Сделок: 127
[2025-08-29 05:52:53][TRADE] Закрыта позиция OL-USDT-SWAP LONG PnL: -0.16904018 Причина: SL Баланс: 908.091321156431 WinRate инструмента: 33.33%
🔄 Баланс: 908.091321156431$ | PnL: -0.69585247 💵 | Сделок: 128
[2025-08-29 05:58:20][TRADE] Закрыта позиция POL-USDT-SWAP LONG PnL: 0.3178247 Причина: TP Баланс: 918.409150656431 WinRate инструмента: 100%
🔄 Баланс: 918.409150656431$ | PnL: -0.37802777 💵 | Сделок: 129
[2025-08-29 06:36:43][TRADE] Закрыта позиция AGLD-USDT-SWAP LONG PnL: 0.30035813 Причина: TP Баланс: 918.700411358501 WinRate инструмента: 100%
🔄 Баланс: 918.700411358501$ | PnL: -0.0776696399999998 💵 | Сделок: 130
[2025-08-29 06:54:01][TRADE] Закрыта позиция JTO-USDT-SWAP LONG PnL: -0.10596429 Причина: SL Баланс: 928.594544768501 WinRate инструмента: 0%
🔄 Баланс: 928.594544768501$ | PnL: -0.18363393 💵 | Сделок: 131
[2025-08-29 07:36:47][TRADE] Закрыта позиция SYRUP-USDT-SWAP LONG PnL: 0.26191691 Причина: TP Баланс: 868.781082213736 WinRate инструмента: 100%
🔄 Баланс: 868.781082213736$ | PnL: 0.0782829800000002 💵 | Сделок: 132
[2025-08-29 08:00:53][TRADE] Закрыта позиция LPT-USDT-SWAP LONG PnL: -0.2118416 Причина: SL Баланс: 868.559946795466 WinRate инструмента: 0%
🔄 Баланс: 868.559946795466$ | PnL: -0.13355862 💵 | Сделок: 133
[2025-08-29 08:02:59][TRADE] Закрыта позиция ZETA-USDT-SWAP LONG PnL: 0.35244065 Причина: TP Баланс: 878.912385365466 WinRate инструмента: 50%
🔄 Баланс: 878.912385365466$ | PnL: 0.21888203 💵 | Сделок: 134
[2025-08-29 08:31:29][TRADE] Закрыта позиция LAUNCHCOIN-USDT-SWAP LONG PnL: -0.19950246 Причина: SL Баланс: 878.703886492583 WinRate инструмента: 58.82%
🔄 Баланс: 878.703886492583$ | PnL: 0.0193795700000002 💵 | Сделок: 135
[2025-08-29 08:38:08][TRADE] Закрыта позиция SYRUP-USDT-SWAP LONG PnL: -0.10337061 Причина: SL Баланс: 888.600536182583 WinRate инструмента: 50%
🔄 Баланс: 888.600536182583$ | PnL: -0.0839910399999998 💵 | Сделок: 136
[2025-08-29 08:59:41][TRADE] Закрыта позиция DOGE-USD-SWAP LONG PnL: -0.097031 Причина: SL Баланс: 888.494525610367 WinRate инструмента: 0%
🔄 Баланс: 888.494525610367$ | PnL: -0.18102204 💵 | Сделок: 137
[2025-08-29 09:00:01][TRADE] Закрыта позиция DOGE-USDT-SWAP LONG PnL: -0.09772976 Причина: SL Баланс: 898.396792636367 WinRate инструмента: 0%
🔄 Баланс: 898.396792636367$ | PnL: -0.2787518 💵 | Сделок: 138
[2025-08-29 09:02:04][TRADE] Закрыта позиция JOE-USDT-SWAP LONG PnL: -0.09976606 Причина: SL Баланс: 908.297027466367 WinRate инструмента: 0%
🔄 Баланс: 908.297027466367$ | PnL: -0.37851786 💵 | Сделок: 139
[2025-08-29 09:21:18][TRADE] Закрыта позиция BIO-USDT-SWAP SHORT PnL: -0.28285002 Причина: SL Баланс: 918.014177315367 WinRate инструмента: 0%
🔄 Баланс: 918.014177315367$ | PnL: -0.66136788 💵 | Сделок: 140
[2025-08-29 09:30:11][TRADE] Закрыта позиция ZRX-USDT-SWAP LONG PnL: -0.11938526 Причина: SL Баланс: 917.885764427107 WinRate инструмента: 0%
🔄 Баланс: 917.885764427107$ | PnL: -0.78075314 💵 | Сделок: 141
[2025-08-29 10:16:44][TRADE] Закрыта позиция SOL-USD-SWAP LONG PnL: -0.10631763 Причина: SL Баланс: 927.785142797107 WinRate инструмента: 0%
🔄 Баланс: 927.785142797107$ | PnL: -0.88707077 💵 | Сделок: 142
[2025-08-29 10:17:03][TRADE] Закрыта позиция SOL-USDT-SWAP LONG PnL: -0.10723327 Причина: SL Баланс: 937.684533527108 WinRate инструмента: 0%
🔄 Баланс: 937.684533527108$ | PnL: -0.99430404 💵 | Сделок: 143
[2025-08-29 10:19:09][TRADE] Закрыта позиция JTO-USDT-SWAP LONG PnL: -0.11167149 Причина: SL Баланс: 947.572912037108 WinRate инструмента: 0%
🔄 Баланс: 947.572912037108$ | PnL: -1.10597553 💵 | Сделок: 144
[2025-08-29 10:41:50][TRADE] Закрыта позиция YGG-USDT-SWAP LONG PnL: -0.14043585 Причина: SL Баланс: 947.423485648314 WinRate инструмента: 0%
🔄 Баланс: 947.423485648314$ | PnL: -1.24641138 💵 | Сделок: 145
[2025-08-29 11:06:32][TRADE] Закрыта позиция SNX-USDT-SWAP LONG PnL: -0.20342222 Причина: SL Баланс: 937.20273838908 WinRate инструмента: 0%
🔄 Баланс: 937.20273838908$ | PnL: -1.4498336 💵 | Сделок: 146
[2025-08-29 11:15:38][TRADE] Закрыта позиция MKR-USDT-SWAP LONG PnL: -0.1049942 Причина: SL Баланс: 937.068832010128 WinRate инструмента: 0%
🔄 Баланс: 937.068832010128$ | PnL: -1.5548278 💵 | Сделок: 147
[2025-08-29 11:16:46][TRADE] Закрыта позиция SYRUP-USDT-SWAP LONG PnL: -0.11233358 Причина: SL Баланс: 946.956478670128 WinRate инструмента: 33.33%
🔄 Баланс: 946.956478670128$ | PnL: -1.66716138 💵 | Сделок: 148
[2025-08-29 11:25:47][TRADE] Закрыта позиция NMR-USDT-SWAP LONG PnL: -0.71813972 Причина: SL Баланс: 956.237652450128 WinRate инструмента: 29.41%
🔄 Баланс: 956.237652450128$ | PnL: -2.3853011 💵 | Сделок: 149
