[2025-08-27 15:18:09][TRADE] Закрыта позиция BCH-USD-SWAP LONG PnL: -0.03731768 Причина: SL Баланс: 959.910799964554 WinRate инструмента: 0%
🔄 Баланс: 959.910799964554$ | PnL: -0.03731768 💵 | Сделок: 1
[2025-08-27 15:34:30][TRADE] Закрыта позиция CRO-USDT-SWAP LONG PnL: 0.39656402 Причина: TP Баланс: 970.307364313554 WinRate инструмента: 100%
🔄 Баланс: 970.307364313554$ | PnL: 0.35924634 💵 | Сделок: 2
[2025-08-27 16:22:44][TRADE] Закрыта позиция NXPC-USDT-SWAP LONG PnL: -0.07221746 Причина: SL Баланс: 920.18188145554 WinRate инструмента: 0%
🔄 Баланс: 920.18188145554$ | PnL: 0.28702888 💵 | Сделок: 3
[2025-08-27 16:28:53][TRADE] Закрыта позиция TREE-USDT-SWAP LONG PnL: -0.10791883 Причина: SL Баланс: 930.07394974554 WinRate инструмента: 0%
🔄 Баланс: 930.07394974554$ | PnL: 0.17911005 💵 | Сделок: 4
[2025-08-27 16:44:47][TRADE] Закрыта позиция SOL-USD-SWAP LONG PnL: -0.0960016 Причина: SL Баланс: 939.98146014554 WinRate инструмента: 0%
🔄 Баланс: 939.98146014554$ | PnL: 0.08310845 💵 | Сделок: 5
[2025-08-27 17:09:21][TRADE] Закрыта позиция ZENT-USDT-SWAP LONG PnL: -0.09323784 Причина: SL Баланс: 929.870229862269 WinRate инструмента: 0%
🔄 Баланс: 929.870229862269$ | PnL: -0.01012939 💵 | Сделок: 6
[2025-08-27 17:32:22][TRADE] Закрыта позиция SOL-USDT-SWAP LONG PnL: -0.09954541 Причина: SL Баланс: 929.76700382222 WinRate инструмента: 0%
🔄 Баланс: 929.76700382222$ | PnL: -0.1096748 💵 | Сделок: 7
[2025-08-27 17:37:37][TRADE] Закрыта позиция VANA-USDT-SWAP LONG PnL: -0.09154929 Причина: SL Баланс: 939.67530853222 WinRate инструмента: 0%
🔄 Баланс: 939.67530853222$ | PnL: -0.20122409 💵 | Сделок: 8
[2025-08-27 17:43:54][TRADE] Закрыта позиция SYRUP-USDT-SWAP LONG PnL: 0.22291621 Причина: TP Баланс: 949.89824278222 WinRate инструмента: 100%
🔄 Баланс: 949.89824278222$ | PnL: 0.02169212 💵 | Сделок: 9
[2025-08-27 17:45:11][TRADE] Закрыта позиция AVAX-USD-SWAP LONG PnL: 0.10011619 Причина: TP Баланс: 959.99831657222 WinRate инструмента: 100%
🔄 Баланс: 959.99831657222$ | PnL: 0.12180831 💵 | Сделок: 10
[2025-08-27 17:46:12][TRADE] Закрыта позиция AVAX-USDT-SWAP LONG PnL: 0.1238589 Причина: TP Баланс: 970.12162477222 WinRate инструмента: 100%
🔄 Баланс: 970.12162477222$ | PnL: 0.24566721 💵 | Сделок: 11
[2025-08-27 17:47:23][TRADE] Закрыта позиция GAS-USDT-SWAP LONG PnL: 0.10649354 Причина: TP Баланс: 980.22826281222 WinRate инструмента: 100%
🔄 Баланс: 980.22826281222$ | PnL: 0.35216075 💵 | Сделок: 12
[2025-08-27 18:15:38][TRADE] Закрыта позиция CRO-USDT-SWAP LONG PnL: 0.50680407 Причина: TP Баланс: 930.681060110706 WinRate инструмента: 100%
🔄 Баланс: 930.681060110706$ | PnL: 0.85896482 💵 | Сделок: 13
[2025-08-27 18:25:58][TRADE] Закрыта позиция GRASS-USDT-SWAP SHORT PnL: -0.07945247 Причина: SL Баланс: 930.592634000573 WinRate инструмента: 0%
🔄 Баланс: 930.592634000573$ | PnL: 0.77951235 💵 | Сделок: 14
[2025-08-27 18:31:12][TRADE] Закрыта позиция SPK-USDT-SWAP SHORT PnL: -0.1344692 Причина: SL Баланс: 940.458166980573 WinRate инструмента: 0%
🔄 Баланс: 940.458166980573$ | PnL: 0.64504315 💵 | Сделок: 15
[2025-08-27 18:31:39][TRADE] Закрыта позиция APE-USDT-SWAP SHORT PnL: -0.07436424 Причина: SL Баланс: 950.383776540573 WinRate инструмента: 0%
🔄 Баланс: 950.383776540573$ | PnL: 0.57067891 💵 | Сделок: 16
[2025-08-27 18:32:32][TRADE] Закрыта позиция CFX-USDT-SWAP SHORT PnL: -0.12697773 Причина: SL Баланс: 960.256803597573 WinRate инструмента: 0%
🔄 Баланс: 960.256803597573$ | PnL: 0.44370118 💵 | Сделок: 17
[2025-08-27 18:34:01][TRADE] Закрыта позиция HOME-USDT-SWAP SHORT PnL: -0.08111806 Причина: SL Баланс: 970.175686796573 WinRate инструмента: 0%
🔄 Баланс: 970.175686796573$ | PnL: 0.36258312 💵 | Сделок: 18
[2025-08-27 18:34:04][TRADE] Закрыта позиция HYPE-USDT-SWAP LONG PnL: 0.16601871 Причина: TP Баланс: 980.339603006573 WinRate инструмента: 100%
🔄 Баланс: 980.339603006573$ | PnL: 0.52860183 💵 | Сделок: 19
[2025-08-27 18:34:44][TRADE] Закрыта позиция LAUNCHCOIN-USDT-SWAP SHORT PnL: -0.20119235 Причина: SL Баланс: 990.138409038573 WinRate инструмента: 0%
🔄 Баланс: 990.138409038573$ | PnL: 0.32740948 💵 | Сделок: 20
[2025-08-27 18:53:09][TRADE] Закрыта позиция 1INCH-USDT-SWAP SHORT PnL: -0.06423885 Причина: SL Баланс: 729.831290801476 WinRate инструмента: 0%
🔄 Баланс: 729.831290801476$ | PnL: 0.26317063 💵 | Сделок: 21
[2025-08-27 18:53:18][TRADE] Закрыта позиция ADA-USDT-SWAP SHORT PnL: -0.07147172 Причина: SL Баланс: 739.759780881476 WinRate инструмента: 0%
🔄 Баланс: 739.759780881476$ | PnL: 0.19169891 💵 | Сделок: 22
[2025-08-27 19:03:37][TRADE] Закрыта позиция LPT-USDT-SWAP LONG PnL: 0.21516422 Причина: TP Баланс: 609.87061733502 WinRate инструмента: 100%
🔄 Баланс: 609.87061733502$ | PnL: 0.40686313 💵 | Сделок: 23
[2025-08-27 19:12:14][TRADE] Закрыта позиция SPX-USDT-SWAP SHORT PnL: -0.11795638 Причина: SL Баланс: 529.670759926705 WinRate инструмента: 0%
🔄 Баланс: 529.670759926705$ | PnL: 0.28890675 💵 | Сделок: 24
[2025-08-27 19:13:38][TRADE] Закрыта позиция ADA-USD-SWAP SHORT PnL: -0.0690396 Причина: SL Баланс: 539.601758586705 WinRate инструмента: 0%
🔄 Баланс: 539.601758586705$ | PnL: 0.21986715 💵 | Сделок: 25
[2025-08-27 19:13:41][TRADE] Закрыта позиция BCH-USD-SWAP SHORT PnL: -0.03989622 Причина: SL Баланс: 549.544692366705 WinRate инструмента: 0%
🔄 Баланс: 549.544692366705$ | PnL: 0.17997093 💵 | Сделок: 26
[2025-08-27 19:15:23][TRADE] Закрыта позиция DEGEN-USDT-SWAP SHORT PnL: -0.08640794 Причина: SL Баланс: 559.458284330705 WinRate инструмента: 0%
🔄 Баланс: 559.458284330705$ | PnL: 0.09356299 💵 | Сделок: 27
[2025-08-27 19:15:39][TRADE] Закрыта позиция ETC-USDT-SWAP SHORT PnL: -0.06846616 Причина: SL Баланс: 569.389249170705 WinRate инструмента: 0%
🔄 Баланс: 569.389249170705$ | PnL: 0.02509683 💵 | Сделок: 28
[2025-08-27 19:16:03][TRADE] Закрыта позиция GRIFFAIN-USDT-SWAP SHORT PnL: -0.09054605 Причина: SL Баланс: 579.298703020705 WinRate инструмента: 0%
🔄 Баланс: 579.298703020705$ | PnL: -0.06544922 💵 | Сделок: 29
[2025-08-27 19:16:18][TRADE] Закрыта позиция INIT-USDT-SWAP SHORT PnL: -0.07912528 Причина: SL Баланс: 589.219587780705 WinRate инструмента: 0%
🔄 Баланс: 589.219587780705$ | PnL: -0.1445745 💵 | Сделок: 30
[2025-08-27 19:16:44][TRADE] Закрыта позиция LPT-USDT-SWAP LONG PnL: -0.20793551 Причина: SL Баланс: 599.012041870705 WinRate инструмента: 50%
🔄 Баланс: 599.012041870705$ | PnL: -0.35251001 💵 | Сделок: 31
[2025-08-27 19:16:46][TRADE] Закрыта позиция LRC-USDT-SWAP SHORT PnL: -0.07333235 Причина: SL Баланс: 608.938711784705 WinRate инструмента: 0%
🔄 Баланс: 608.938711784705$ | PnL: -0.42584236 💵 | Сделок: 32
[2025-08-27 19:17:31][TRADE] Закрыта позиция ORBS-USDT-SWAP SHORT PnL: -0.03823133 Причина: SL Баланс: 618.900480198705 WinRate инструмента: 0%
🔄 Баланс: 618.900480198705$ | PnL: -0.46407369 💵 | Сделок: 33
[2025-08-27 19:17:42][TRADE] Закрыта позиция PNUT-USDT-SWAP SHORT PnL: -0.10118761 Причина: SL Баланс: 628.799302468705 WinRate инструмента: 0%
🔄 Баланс: 628.799302468705$ | PnL: -0.5652613 💵 | Сделок: 34
[2025-08-27 19:18:53][TRADE] Закрыта позиция W-USDT-SWAP SHORT PnL: -0.0850591 Причина: SL Баланс: 638.714240802705 WinRate инструмента: 0%
🔄 Баланс: 638.714240802705$ | PnL: -0.6503204 💵 | Сделок: 35
[2025-08-27 19:18:54][TRADE] Закрыта позиция WAL-USDT-SWAP SHORT PnL: -0.06065688 Причина: SL Баланс: 648.653585622705 WinRate инструмента: 0%
🔄 Баланс: 648.653585622705$ | PnL: -0.71097728 💵 | Сделок: 36
[2025-08-27 19:18:54][TRADE] Закрыта позиция WAXP-USDT-SWAP SHORT PnL: -0.05385441 Причина: SL Баланс: 658.599730798705 WinRate инструмента: 0%
🔄 Баланс: 658.599730798705$ | PnL: -0.76483169 💵 | Сделок: 37
[2025-08-27 19:19:44][TRADE] Закрыта позиция FIL-USD-SWAP SHORT PnL: -0.05366892 Причина: SL Баланс: 668.545987078705 WinRate инструмента: 0%
🔄 Баланс: 668.545987078705$ | PnL: -0.81850061 💵 | Сделок: 38
[2025-08-27 19:20:15][TRADE] Закрыта позиция AEVO-USDT-SWAP SHORT PnL: -0.09207748 Причина: SL Баланс: 678.453906028705 WinRate инструмента: 0%
🔄 Баланс: 678.453906028705$ | PnL: -0.91057809 💵 | Сделок: 39
[2025-08-27 19:20:22][TRADE] Закрыта позиция ALGO-USDT-SWAP SHORT PnL: -0.07762895 Причина: SL Баланс: 688.376277358705 WinRate инструмента: 0%
🔄 Баланс: 688.376277358705$ | PnL: -0.98820704 💵 | Сделок: 40
[2025-08-27 19:20:53][TRADE] Закрыта позиция BLUR-USDT-SWAP SHORT PnL: -0.07037825 Причина: SL Баланс: 698.305895584705 WinRate инструмента: 0%
🔄 Баланс: 698.305895584705$ | PnL: -1.05858529 💵 | Сделок: 41
[2025-08-27 19:21:06][TRADE] Закрыта позиция CHZ-USDT-SWAP SHORT PnL: -0.05631872 Причина: SL Баланс: 708.249578680705 WinRate инструмента: 0%
🔄 Баланс: 708.249578680705$ | PnL: -1.11490401 💵 | Сделок: 42
[2025-08-27 19:21:30][TRADE] Закрыта позиция EGLD-USDT-SWAP SHORT PnL: -0.07074504 Причина: SL Баланс: 718.179333640705 WinRate инструмента: 0%
🔄 Баланс: 718.179333640705$ | PnL: -1.18564905 💵 | Сделок: 43
[2025-08-27 19:22:21][TRADE] Закрыта позиция JELLYJELLY-USDT-SWAP SHORT PnL: -0.06715012 Причина: SL Баланс: 728.112184240705 WinRate инструмента: 0%
🔄 Баланс: 728.112184240705$ | PnL: -1.25279917 💵 | Сделок: 44
[2025-08-27 19:27:41][TRADE] Закрыта позиция FIL-USDT-SWAP SHORT PnL: -0.0624259 Причина: SL Баланс: 738.049786840705 WinRate инструмента: 0%
🔄 Баланс: 738.049786840705$ | PnL: -1.31522507 💵 | Сделок: 45
[2025-08-27 19:50:11][TRADE] Закрыта позиция ALCH-USDT-SWAP SHORT PnL: -0.11627781 Причина: SL Баланс: 677.870492346643 WinRate инструмента: 0%
🔄 Баланс: 677.870492346643$ | PnL: -1.43150288 💵 | Сделок: 46
[2025-08-27 19:52:49][TRADE] Закрыта позиция MORPHO-USDT-SWAP SHORT PnL: -0.13102108 Причина: SL Баланс: 687.739514546643 WinRate инструмента: 0%
🔄 Баланс: 687.739514546643$ | PnL: -1.56252396 💵 | Сделок: 47
[2025-08-27 20:03:01][TRADE] Закрыта позиция DUCK-USDT-SWAP SHORT PnL: -0.0754633 Причина: SL Баланс: 687.655053522388 WinRate инструмента: 0%
🔄 Баланс: 687.655053522388$ | PnL: -1.63798726 💵 | Сделок: 48
[2025-08-27 20:05:29][TRADE] Закрыта позиция SAHARA-USDT-SWAP SHORT PnL: -0.0590901 Причина: SL Баланс: 697.595967408388 WinRate инструмента: 0%
🔄 Баланс: 697.595967408388$ | PnL: -1.69707736 💵 | Сделок: 49
[2025-08-27 20:07:36][TRADE] Закрыта позиция SPK-USDT-SWAP SHORT PnL: 0.13823172 Причина: TP Баланс: 707.734201318389 WinRate инструмента: 50%
🔄 Баланс: 707.734201318389$ | PnL: -1.55884564 💵 | Сделок: 50
[2025-08-27 20:11:33][TRADE] Закрыта позиция SCR-USDT-SWAP SHORT PnL: -0.06472556 Причина: SL Баланс: 717.669489518388 WinRate инструмента: 0%
🔄 Баланс: 717.669489518388$ | PnL: -1.6235712 💵 | Сделок: 51
[2025-08-27 20:13:35][TRADE] Закрыта позиция MAGIC-USDT-SWAP SHORT PnL: 0.0915383 Причина: TP Баланс: 717.752039877048 WinRate инструмента: 100%
🔄 Баланс: 717.752039877048$ | PnL: -1.5320329 💵 | Сделок: 52
[2025-08-27 20:22:47][TRADE] Закрыта позиция NOT-USDT-SWAP SHORT PnL: -0.0637144 Причина: SL Баланс: 717.679273522739 WinRate инструмента: 0%
🔄 Баланс: 717.679273522739$ | PnL: -1.5957473 💵 | Сделок: 53
[2025-08-27 20:26:32][TRADE] Закрыта позиция CETUS-USDT-SWAP SHORT PnL: -0.08253955 Причина: SL Баланс: 727.596734126739 WinRate инструмента: 0%
🔄 Баланс: 727.596734126739$ | PnL: -1.67828685 💵 | Сделок: 54
[2025-08-27 20:33:14][TRADE] Закрыта позиция GALA-USDT-SWAP SHORT PnL: 0.08579534 Причина: TP Баланс: 627.58426377349 WinRate инструмента: 100%
🔄 Баланс: 627.58426377349$ | PnL: -1.59249151 💵 | Сделок: 55
[2025-08-27 20:33:22][TRADE] Закрыта позиция GOAT-USDT-SWAP SHORT PnL: 0.10835112 Причина: TP Баланс: 637.69261471649 WinRate инструмента: 100%
🔄 Баланс: 637.69261471649$ | PnL: -1.48414039 💵 | Сделок: 56
[2025-08-27 20:36:32][TRADE] Закрыта позиция XLM-USDT-SWAP SHORT PnL: 0.08223876 Причина: TP Баланс: 627.756857467067 WinRate инструмента: 100%
🔄 Баланс: 627.756857467067$ | PnL: -1.40190163 💵 | Сделок: 57
[2025-08-27 20:49:23][TRADE] Закрыта позиция ACH-USDT-SWAP SHORT PnL: -0.06284254 Причина: SL Баланс: 607.667017054585 WinRate инструмента: 0%
🔄 Баланс: 607.667017054585$ | PnL: -1.46474417 💵 | Сделок: 58
[2025-08-27 20:50:58][TRADE] Закрыта позиция GALA-USDT-SWAP SHORT PnL: -0.07372326 Причина: SL Баланс: 617.593293765585 WinRate инструмента: 50%
🔄 Баланс: 617.593293765585$ | PnL: -1.53846743 💵 | Сделок: 59
[2025-08-27 20:51:04][TRADE] Закрыта позиция GOAT-USDT-SWAP SHORT PnL: -0.06948304 Причина: SL Баланс: 627.523807413585 WinRate инструмента: 50%
🔄 Баланс: 627.523807413585$ | PnL: -1.60795047 💵 | Сделок: 60
[2025-08-27 20:51:14][TRADE] Закрыта позиция HMSTR-USDT-SWAP SHORT PnL: -0.05846718 Причина: SL Баланс: 637.465340238725 WinRate инструмента: 0%
🔄 Баланс: 637.465340238725$ | PnL: -1.66641765 💵 | Сделок: 61
[2025-08-27 20:52:13][TRADE] Закрыта позиция MUBARAK-USDT-SWAP SHORT PnL: -0.07063008 Причина: SL Баланс: 647.394710602725 WinRate инструмента: 0%
🔄 Баланс: 647.394710602725$ | PnL: -1.73704773 💵 | Сделок: 62
[2025-08-27 20:52:46][TRADE] Закрыта позиция POPCAT-USDT-SWAP SHORT PnL: -0.07689456 Причина: SL Баланс: 657.317807242725 WinRate инструмента: 0%
🔄 Баланс: 657.317807242725$ | PnL: -1.81394229 💵 | Сделок: 63
[2025-08-27 20:53:03][TRADE] Закрыта позиция SCR-USDT-SWAP SHORT PnL: -0.08117589 Причина: SL Баланс: 667.236635752725 WinRate инструмента: 0%
🔄 Баланс: 667.236635752725$ | PnL: -1.89511818 💵 | Сделок: 64
[2025-08-27 20:53:40][TRADE] Закрыта позиция TURBO-USDT-SWAP SHORT PnL: -0.05482404 Причина: SL Баланс: 677.181811577125 WinRate инструмента: 0%
🔄 Баланс: 677.181811577125$ | PnL: -1.94994222 💵 | Сделок: 65
[2025-08-27 20:54:55][TRADE] Закрыта позиция TON-USDT-SWAP SHORT PnL: -0.05244528 Причина: SL Баланс: 687.129261097125 WinRate инструмента: 0%
🔄 Баланс: 687.129261097125$ | PnL: -2.0023875 💵 | Сделок: 66
[2025-08-27 20:55:13][TRADE] Закрыта позиция AEVO-USDT-SWAP SHORT PnL: -0.07657272 Причина: SL Баланс: 697.052687065125 WinRate инструмента: 0%
🔄 Баланс: 697.052687065125$ | PnL: -2.07896022 💵 | Сделок: 67
[2025-08-27 20:55:28][TRADE] Закрыта позиция ARB-USDT-SWAP SHORT PnL: -0.08689513 Причина: SL Баланс: 706.965797055125 WinRate инструмента: 0%
🔄 Баланс: 706.965797055125$ | PnL: -2.16585535 💵 | Сделок: 68
[2025-08-27 20:58:47][TRADE] Закрыта позиция RSR-USDT-SWAP SHORT PnL: 0.09277325 Причина: TP Баланс: 717.058569917525 WinRate инструмента: 100%
🔄 Баланс: 717.058569917525$ | PnL: -2.0730821 💵 | Сделок: 69
[2025-08-27 21:19:13][TRADE] Закрыта позиция UMA-USDT-SWAP SHORT PnL: -0.0645276 Причина: SL Баланс: 716.9850316646 WinRate инструмента: 0%
🔄 Баланс: 716.9850316646$ | PnL: -2.1376097 💵 | Сделок: 70
[2025-08-27 21:27:28][TRADE] Закрыта позиция BICO-USDT-SWAP LONG PnL: 0.08678449 Причина: TP Баланс: 707.053816569472 WinRate инструмента: 100%
🔄 Баланс: 707.053816569472$ | PnL: -2.05082521 💵 | Сделок: 71
[2025-08-27 21:28:07][TRADE] Закрыта позиция EGLD-USDT-SWAP SHORT PnL: -0.06597751 Причина: SL Баланс: 716.987223059472 WinRate инструмента: 0%
🔄 Баланс: 716.987223059472$ | PnL: -2.11680272 💵 | Сделок: 72
[2025-08-27 21:30:42][TRADE] Закрыта позиция SOLV-USDT-SWAP LONG PnL: 0.03889219 Причина: TP Баланс: 727.026114838772 WinRate инструмента: 100%
🔄 Баланс: 727.026114838772$ | PnL: -2.07791053 💵 | Сделок: 73
[2025-08-27 21:35:18][TRADE] Закрыта позиция LPT-USDT-SWAP LONG PnL: -0.57038834 Причина: SL Баланс: 706.428862051992 WinRate инструмента: 33.33%
🔄 Баланс: 706.428862051992$ | PnL: -2.64829887 💵 | Сделок: 74
[2025-08-27 21:36:33][TRADE] Закрыта позиция PRCL-USDT-SWAP SHORT PnL: -0.1209609 Причина: SL Баланс: 716.307898767992 WinRate инструмента: 0%
🔄 Баланс: 716.307898767992$ | PnL: -2.76925977 💵 | Сделок: 75
[2025-08-27 21:37:50][TRADE] Закрыта позиция W-USDT-SWAP SHORT PnL: -0.07128381 Причина: SL Баланс: 726.236611437992 WinRate инструмента: 0%
🔄 Баланс: 726.236611437992$ | PnL: -2.84054358 💵 | Сделок: 76
[2025-08-27 21:38:31][TRADE] Закрыта позиция DOGE-USD-SWAP SHORT PnL: -0.07972637 Причина: SL Баланс: 736.156881133992 WinRate инструмента: 0%
🔄 Баланс: 736.156881133992$ | PnL: -2.92026995 💵 | Сделок: 77
[2025-08-27 21:39:46][TRADE] Закрыта позиция BICO-USDT-SWAP LONG PnL: -0.07511787 Причина: SL Баланс: 746.081766965992 WinRate инструмента: 50%
🔄 Баланс: 746.081766965992$ | PnL: -2.99538782 💵 | Сделок: 78
[2025-08-27 21:42:52][TRADE] Закрыта позиция SCR-USDT-SWAP SHORT PnL: -0.08108504 Причина: SL Баланс: 756.000685175992 WinRate инструмента: 0%
🔄 Баланс: 756.000685175992$ | PnL: -3.07647286 💵 | Сделок: 79
[2025-08-27 21:45:44][TRADE] Закрыта позиция BOME-USDT-SWAP SHORT PnL: -0.15369696 Причина: SL Баланс: 745.828990151773 WinRate инструмента: 0%
🔄 Баланс: 745.828990151773$ | PnL: -3.23016982 💵 | Сделок: 80
[2025-08-27 21:45:49][TRADE] Закрыта позиция CELO-USDT-SWAP SHORT PnL: -0.08224055 Причина: SL Баланс: 755.746741901773 WinRate инструмента: 0%
🔄 Баланс: 755.746741901773$ | PnL: -3.31241037 💵 | Сделок: 81
[2025-08-27 21:46:02][TRADE] Закрыта позиция CVC-USDT-SWAP SHORT PnL: -0.0768478 Причина: SL Баланс: 765.669897627773 WinRate инструмента: 0%
🔄 Баланс: 765.669897627773$ | PnL: -3.38925817 💵 | Сделок: 82
[2025-08-27 21:47:26][TRADE] Закрыта позиция LUNA-USDT-SWAP SHORT PnL: -0.06587627 Причина: SL Баланс: 775.604025217773 WinRate инструмента: 0%
🔄 Баланс: 775.604025217773$ | PnL: -3.45513444 💵 | Сделок: 83
[2025-08-27 21:48:13][TRADE] Закрыта позиция PERP-USDT-SWAP SHORT PnL: -0.0889363 Причина: SL Баланс: 785.515082997773 WinRate инструмента: 0%
🔄 Баланс: 785.515082997773$ | PnL: -3.54407074 💵 | Сделок: 84
[2025-08-27 21:49:06][TRADE] Закрыта позиция TNSR-USDT-SWAP SHORT PnL: -0.09231866 Причина: SL Баланс: 795.422759557773 WinRate инструмента: 0%
🔄 Баланс: 795.422759557773$ | PnL: -3.6363894 💵 | Сделок: 85
[2025-08-27 21:49:31][TRADE] Закрыта позиция WLD-USDT-SWAP SHORT PnL: -0.07414314 Причина: SL Баланс: 805.348611457773 WinRate инструмента: 0%
🔄 Баланс: 805.348611457773$ | PnL: -3.71053254 💵 | Сделок: 86
[2025-08-27 21:49:41][TRADE] Закрыта позиция ZEREBRO-USDT-SWAP SHORT PnL: -0.07230257 Причина: SL Баланс: 815.276308004773 WinRate инструмента: 0%
🔄 Баланс: 815.276308004773$ | PnL: -3.78283511 💵 | Сделок: 87
[2025-08-27 21:51:10][TRADE] Закрыта позиция AXS-USDT-SWAP SHORT PnL: -0.07015226 Причина: SL Баланс: 825.206238144773 WinRate инструмента: 0%
🔄 Баланс: 825.206238144773$ | PnL: -3.85298737 💵 | Сделок: 88
[2025-08-27 21:51:18][TRADE] Закрыта позиция BICO-USDT-SWAP LONG PnL: 0.09284175 Причина: TP Баланс: 835.299076729773 WinRate инструмента: 66.67%
🔄 Баланс: 835.299076729773$ | PnL: -3.76014562 💵 | Сделок: 89
[2025-08-27 21:51:55][TRADE] Закрыта позиция DYDX-USDT-SWAP SHORT PnL: -0.07556801 Причина: SL Баланс: 845.223479279773 WinRate инструмента: 0%
🔄 Баланс: 845.223479279773$ | PnL: -3.83571363 💵 | Сделок: 90
[2025-08-27 22:04:05][TRADE] Закрыта позиция ENJ-USDT-SWAP SHORT PnL: -0.07088318 Причина: SL Баланс: 845.143590396346 WinRate инструмента: 0%
🔄 Баланс: 845.143590396346$ | PnL: -3.90659681 💵 | Сделок: 91
[2025-08-27 22:06:33][TRADE] Закрыта позиция SOLV-USDT-SWAP LONG PnL: 0.05219628 Причина: TP Баланс: 855.195787973346 WinRate инструмента: 100%
🔄 Баланс: 855.195787973346$ | PnL: -3.85440053 💵 | Сделок: 92
[2025-08-27 22:07:56][TRADE] Закрыта позиция XRP-USD-SWAP LONG PnL: 0.05370138 Причина: TP Баланс: 865.249503333346 WinRate инструмента: 100%
🔄 Баланс: 865.249503333346$ | PnL: -3.80069915 💵 | Сделок: 93
[2025-08-27 22:08:18][TRADE] Закрыта позиция XRP-USDT-SWAP LONG PnL: 0.05796319 Причина: TP Баланс: 875.307365263346 WinRate инструмента: 100%
🔄 Баланс: 875.307365263346$ | PnL: -3.74273596 💵 | Сделок: 94
[2025-08-27 22:09:08][TRADE] Закрыта позиция BICO-USDT-SWAP LONG PnL: -0.08345348 Причина: SL Баланс: 885.223917813346 WinRate инструмента: 50%
🔄 Баланс: 885.223917813346$ | PnL: -3.82618944 💵 | Сделок: 95
[2025-08-27 22:17:04][TRADE] Закрыта позиция FLOKI-USDT-SWAP SHORT PnL: -0.0854519 Причина: SL Баланс: 885.129462172818 WinRate инструмента: 0%
🔄 Баланс: 885.129462172818$ | PnL: -3.91164134 💵 | Сделок: 96
[2025-08-27 22:18:26][TRADE] Закрыта позиция NEIRO-USDT-SWAP SHORT PnL: -0.09535653 Причина: SL Баланс: 895.034105660038 WinRate инструмента: 0%
🔄 Баланс: 895.034105660038$ | PnL: -4.00699787 💵 | Сделок: 97
[2025-08-27 22:21:57][TRADE] Закрыта позиция BICO-USDT-SWAP LONG PnL: -0.09486421 Причина: SL Баланс: 904.939245183038 WinRate инструмента: 40%
🔄 Баланс: 904.939245183038$ | PnL: -4.10186208 💵 | Сделок: 98
[2025-08-27 22:27:23][TRADE] Закрыта позиция ACT-USDT-SWAP SHORT PnL: -0.07311663 Причина: SL Баланс: 914.866127928038 WinRate инструмента: 0%
🔄 Баланс: 914.866127928038$ | PnL: -4.17497871 💵 | Сделок: 99
[2025-08-27 22:28:15][TRADE] Закрыта позиция CFX-USDT-SWAP SHORT PnL: -0.08454136 Причина: SL Баланс: 924.781584374038 WinRate инструмента: 0%
🔄 Баланс: 924.781584374038$ | PnL: -4.25952007 💵 | Сделок: 100
[2025-08-27 23:10:22][TRADE] Закрыта позиция MERL-USDT-SWAP SHORT PnL: 0.16730356 Причина: TP Баланс: 924.939887875497 WinRate инструмента: 100%
🔄 Баланс: 924.939887875497$ | PnL: -4.09221651 💵 | Сделок: 101
[2025-08-27 23:11:28][TRADE] Закрыта позиция SIGN-USDT-SWAP LONG PnL: -0.06612493 Причина: SL Баланс: 914.855732359455 WinRate инструмента: 0%
🔄 Баланс: 914.855732359455$ | PnL: -4.15834144 💵 | Сделок: 102
[2025-08-27 23:13:43][TRADE] Закрыта позиция APE-USDT-SWAP SHORT PnL: 0.08627303 Причина: TP Баланс: 924.942017709455 WinRate инструмента: 50%
🔄 Баланс: 924.942017709455$ | PnL: -4.07206841 💵 | Сделок: 103
[2025-08-27 23:14:15][TRADE] Закрыта позиция BONK-USDT-SWAP SHORT PnL: 0.1408774 Причина: TP Баланс: 935.082895109526 WinRate инструмента: 100%
🔄 Баланс: 935.082895109526$ | PnL: -3.93119101 💵 | Сделок: 104
[2025-08-27 23:15:31][TRADE] Закрыта позиция IOST-USDT-SWAP SHORT PnL: 0.11321854 Причина: TP Баланс: 935.187179545726 WinRate инструмента: 100%
🔄 Баланс: 935.187179545726$ | PnL: -3.81797247 💵 | Сделок: 105
[2025-08-27 23:37:37][TRADE] Закрыта позиция CVX-USDT-SWAP SHORT PnL: -0.09151303 Причина: SL Баланс: 945.095600515726 WinRate инструмента: 0%
🔄 Баланс: 945.095600515726$ | PnL: -3.9094855 💵 | Сделок: 106
[2025-08-28 00:02:45][TRADE] Закрыта позиция PARTI-USDT-SWAP LONG PnL: -0.16686145 Причина: SL Баланс: 954.928731515726 WinRate инструмента: 0%
🔄 Баланс: 954.928731515726$ | PnL: -4.07634695 💵 | Сделок: 107
[2025-08-28 00:06:18][TRADE] Закрыта позиция CORE-USDT-SWAP SHORT PnL: 0.08380128 Причина: TP Баланс: 965.012513795726 WinRate инструмента: 100%
🔄 Баланс: 965.012513795726$ | PnL: -3.99254567 💵 | Сделок: 108
[2025-08-28 00:25:19][TRADE] Закрыта позиция MORPHO-USDT-SWAP SHORT PnL: -0.13725495 Причина: SL Баланс: 974.875294835726 WinRate инструмента: 0%
🔄 Баланс: 974.875294835726$ | PnL: -4.12980062 💵 | Сделок: 109
[2025-08-28 00:25:55][TRADE] Закрыта позиция PRCL-USDT-SWAP SHORT PnL: -0.09405761 Причина: SL Баланс: 984.781233504726 WinRate инструмента: 0%
🔄 Баланс: 984.781233504726$ | PnL: -4.22385823 💵 | Сделок: 110
[2025-08-28 01:23:50][TRADE] Закрыта позиция SIGN-USDT-SWAP LONG PnL: -0.04365977 Причина: SL Баланс: 974.71957370094 WinRate инструмента: 0%
🔄 Баланс: 974.71957370094$ | PnL: -4.267518 💵 | Сделок: 111
[2025-08-28 01:24:27][TRADE] Закрыта позиция USTC-USDT-SWAP LONG PnL: -0.04475843 Причина: SL Баланс: 984.67481530594 WinRate инструмента: 0%
🔄 Баланс: 984.67481530594$ | PnL: -4.31227643 💵 | Сделок: 112
[2025-08-28 02:12:42][TRADE] Закрыта позиция CRO-USDT-SWAP LONG PnL: -0.21654652 Причина: SL Баланс: 954.408998062944 WinRate инструмента: 66.67%
🔄 Баланс: 954.408998062944$ | PnL: -4.52882295 💵 | Сделок: 113
[2025-08-28 03:15:04][TRADE] Закрыта позиция AUCTION-USDT-SWAP SHORT PnL: -0.08280838 Причина: SL Баланс: 924.290619673235 WinRate инструмента: 0%
🔄 Баланс: 924.290619673235$ | PnL: -4.61163133 💵 | Сделок: 114
[2025-08-28 03:38:02][TRADE] Закрыта позиция CRO-USDT-SWAP LONG PnL: -0.25209226 Причина: SL Баланс: 934.038525389235 WinRate инструмента: 50%
🔄 Баланс: 934.038525389235$ | PnL: -4.86372359 💵 | Сделок: 115
[2025-08-28 03:40:42][TRADE] Закрыта позиция SOLV-USDT-SWAP LONG PnL: -0.05043508 Причина: SL Баланс: 943.988088342935 WinRate инструмента: 66.67%
🔄 Баланс: 943.988088342935$ | PnL: -4.91415867 💵 | Сделок: 116
[2025-08-28 03:47:45][TRADE] Закрыта позиция LTC-USD-SWAP SHORT PnL: 0.13791108 Причина: TP Баланс: 954.121919422935 WinRate инструмента: 100%
🔄 Баланс: 954.121919422935$ | PnL: -4.77624759 💵 | Сделок: 117
[2025-08-28 04:27:42][TRADE] Закрыта позиция DGB-USDT-SWAP LONG PnL: -0.10342621 Причина: SL Баланс: 944.000502560951 WinRate инструмента: 0%
🔄 Баланс: 944.000502560951$ | PnL: -4.8796738 💵 | Сделок: 118
[2025-08-28 04:40:17][TRADE] Закрыта позиция MORPHO-USDT-SWAP SHORT PnL: 0.17913161 Причина: TP Баланс: 914.143596278043 WinRate инструмента: 33.33%
🔄 Баланс: 914.143596278043$ | PnL: -4.70054219 💵 | Сделок: 119
[2025-08-28 05:00:42][TRADE] Закрыта позиция DGB-USDT-SWAP LONG PnL: -0.09984832 Причина: SL Баланс: 914.034747958038 WinRate инструмента: 0%
🔄 Баланс: 914.034747958038$ | PnL: -4.80039051 💵 | Сделок: 120
[2025-08-28 05:16:26][TRADE] Закрыта позиция ARB-USDT-SWAP SHORT PnL: -0.15261668 Причина: SL Баланс: 923.882121938038 WinRate инструмента: 0%
🔄 Баланс: 923.882121938038$ | PnL: -4.95300719 💵 | Сделок: 121
[2025-08-28 05:23:35][TRADE] Закрыта позиция IOST-USDT-SWAP SHORT PnL: -0.09591015 Причина: SL Баланс: 933.786211759138 WinRate инструмента: 50%
🔄 Баланс: 933.786211759138$ | PnL: -5.04891734 💵 | Сделок: 122
[2025-08-28 05:37:11][TRADE] Закрыта позиция ZENT-USDT-SWAP SHORT PnL: -0.14031988 Причина: SL Баланс: 943.645892121938 WinRate инструмента: 0%
🔄 Баланс: 943.645892121938$ | PnL: -5.18923722 💵 | Сделок: 123
[2025-08-28 05:38:08][TRADE] Закрыта позиция AAVE-USDT-SWAP SHORT PnL: -0.12772687 Причина: SL Баланс: 953.531035251938 WinRate инструмента: 0%
🔄 Баланс: 953.531035251938$ | PnL: -5.31696409 💵 | Сделок: 124
[2025-08-28 06:24:20][TRADE] Закрыта позиция A-USDT-SWAP LONG PnL: 0.13249701 Причина: TP Баланс: 953.65453488966 WinRate инструмента: 100%
🔄 Баланс: 953.65453488966$ | PnL: -5.18446708 💵 | Сделок: 125
[2025-08-28 06:27:06][TRADE] Закрыта позиция NEIROETH-USDT-SWAP SHORT PnL: -0.12687537 Причина: SL Баланс: 963.52766160966 WinRate инструмента: 0%
🔄 Баланс: 963.52766160966$ | PnL: -5.31134245 💵 | Сделок: 126
[2025-08-28 06:41:38][TRADE] Закрыта позиция CATI-USDT-SWAP LONG PnL: -0.18459323 Причина: SL Баланс: 943.316064690062 WinRate инструмента: 0%
🔄 Баланс: 943.316064690062$ | PnL: -5.49593568 💵 | Сделок: 127
[2025-08-28 07:23:13][TRADE] Закрыта позиция SYRUP-USDT-SWAP LONG PnL: -0.13518197 Причина: SL Баланс: 953.180890660062 WinRate инструмента: 50%
🔄 Баланс: 953.180890660062$ | PnL: -5.63111765 💵 | Сделок: 128
[2025-08-28 09:00:35][TRADE] Закрыта позиция JOE-USDT-SWAP LONG PnL: 0.16260329 Причина: TP Баланс: 953.334799220602 WinRate инструмента: 100%
🔄 Баланс: 953.334799220602$ | PnL: -5.46851436 💵 | Сделок: 129
[2025-08-28 09:22:36][TRADE] Закрыта позиция IP-USDT-SWAP SHORT PnL: -0.05398652 Причина: SL Баланс: 963.280512100602 WinRate инструмента: 0%
🔄 Баланс: 963.280512100602$ | PnL: -5.52250088 💵 | Сделок: 130
[2025-08-28 09:57:50][TRADE] Закрыта позиция TREE-USDT-SWAP LONG PnL: 0.16529023 Причина: TP Баланс: 963.436802323897 WinRate инструмента: 50%
🔄 Баланс: 963.436802323897$ | PnL: -5.35721065 💵 | Сделок: 131
