[2025-08-27 18:15:37][TRADE] Закрыта позиция CRO-USDT-SWAP LONG PnL: 0.41990775 Причина: TP Баланс: 970.38390244781 WinRate инструмента: 100%
🔄 Баланс: 970.38390244781$ | PnL: 0.41990775 💵 | Сделок: 1
[2025-08-27 18:33:26][TRADE] Закрыта позиция CATI-USDT-SWAP LONG PnL: 0.17960509 Причина: TP Баланс: 980.56350871181 WinRate инструмента: 100%
🔄 Баланс: 980.56350871181$ | PnL: 0.59951284 💵 | Сделок: 2
[2025-08-27 18:35:35][TRADE] Закрыта позиция LAUNCHCOIN-USDT-SWAP LONG PnL: 0.27493199 Причина: TP Баланс: 980.829447190751 WinRate инструмента: 100%
🔄 Баланс: 980.829447190751$ | PnL: 0.87444483 💵 | Сделок: 3
[2025-08-27 18:38:20][TRADE] Закрыта позиция VINE-USDT-SWAP LONG PnL: 0.20494232 Причина: TP Баланс: 991.034391522751 WinRate инструмента: 100%
🔄 Баланс: 991.034391522751$ | PnL: 1.07938715 💵 | Сделок: 4
[2025-08-27 18:48:51][TRADE] Закрыта позиция CRO-USDT-SWAP LONG PnL: 0.43909445 Причина: TP Баланс: 1001.47348159375 WinRate инструмента: 100%
🔄 Баланс: 1001.47348159375$ | PnL: 1.5184816 💵 | Сделок: 5
[2025-08-27 19:03:16][TRADE] Закрыта позиция CRO-USDT-SWAP LONG PnL: -0.29014174 Причина: SL Баланс: 1001.17433986524 WinRate инструмента: 66.67%
🔄 Баланс: 1001.17433986524$ | PnL: 1.22833986 💵 | Сделок: 6
[2025-08-27 19:28:33][TRADE] Закрыта позиция CRO-USDT-SWAP LONG PnL: -0.32193784 Причина: SL Баланс: 1000.84340201866 WinRate инструмента: 50%
🔄 Баланс: 1000.84340201866$ | PnL: 0.90640202 💵 | Сделок: 7
[2025-08-27 20:36:14][TRADE] Закрыта позиция NMR-USDT-SWAP LONG PnL: -0.15730805 Причина: SL Баланс: 1000.67709361559 WinRate инструмента: 0%
🔄 Баланс: 1000.67709361559$ | PnL: 0.74909397 💵 | Сделок: 8
[2025-08-27 20:48:00][TRADE] Закрыта позиция NMR-USDT-SWAP LONG PnL: -0.16155345 Причина: SL Баланс: 1000.50654044432 WinRate инструмента: 0%
🔄 Баланс: 1000.50654044432$ | PnL: 0.58754052 💵 | Сделок: 9
[2025-08-27 22:01:35][TRADE] Закрыта позиция NMR-USDT-SWAP LONG PnL: 0.42509302 Причина: TP Баланс: 990.886348653209 WinRate инструмента: 33.33%
🔄 Баланс: 990.886348653209$ | PnL: 1.01263354 💵 | Сделок: 10
[2025-08-27 22:20:11][TRADE] Закрыта позиция NMR-USDT-SWAP LONG PnL: -0.32868675 Причина: SL Баланс: 980.539660294169 WinRate инструмента: 25%
🔄 Баланс: 980.539660294169$ | PnL: 0.68394679 💵 | Сделок: 11
[2025-08-28 00:21:39][TRADE] Закрыта позиция NMR-USDT-SWAP LONG PnL: 0.51347114 Причина: TP Баланс: 971.03512944793 WinRate инструмента: 40%
🔄 Баланс: 971.03512944793$ | PnL: 1.19741793 💵 | Сделок: 12
[2025-08-28 00:30:23][TRADE] Закрыта позиция ALCH-USDT-SWAP SHORT PnL: -0.17631857 Причина: SL Баланс: 960.840097220417 WinRate инструмента: 0%
🔄 Баланс: 960.840097220417$ | PnL: 1.02109936 💵 | Сделок: 13
[2025-08-28 01:41:15][TRADE] Закрыта позиция JOE-USDT-SWAP LONG PnL: -0.14729323 Причина: SL Баланс: 940.665828111693 WinRate инструмента: 0%
🔄 Баланс: 940.665828111693$ | PnL: 0.87380613 💵 | Сделок: 14
[2025-08-28 01:52:43][TRADE] Закрыта позиция JTO-USDT-SWAP LONG PnL: -0.12845515 Причина: SL Баланс: 950.537350461693 WinRate инструмента: 0%
🔄 Баланс: 950.537350461693$ | PnL: 0.74535098 💵 | Сделок: 15
[2025-08-28 02:04:42][TRADE] Закрыта позиция MKR-USDT-SWAP LONG PnL: -0.22656503 Причина: SL Баланс: 960.338045431693 WinRate инструмента: 0%
🔄 Баланс: 960.338045431693$ | PnL: 0.51878595 💵 | Сделок: 16
[2025-08-28 02:06:32][TRADE] Закрыта позиция WLD-USDT-SWAP LONG PnL: -0.17506099 Причина: SL Баланс: 970.162982841693 WinRate инструмента: 0%
🔄 Баланс: 970.162982841693$ | PnL: 0.34372496 💵 | Сделок: 17
[2025-08-28 02:39:12][TRADE] Закрыта позиция NMR-USDT-SWAP LONG PnL: -0.80209936 Причина: SL Баланс: 979.361598281693 WinRate инструмента: 33.33%
🔄 Баланс: 979.361598281693$ | PnL: -0.4583744 💵 | Сделок: 18
[2025-08-28 04:15:34][TRADE] Закрыта позиция VINE-USDT-SWAP LONG PnL: -0.25207825 Причина: SL Баланс: 989.109520245693 WinRate инструмента: 50%
🔄 Баланс: 989.109520245693$ | PnL: -0.71045265 💵 | Сделок: 19
[2025-08-28 04:24:36][TRADE] Закрыта позиция LAUNCHCOIN-USDT-SWAP LONG PnL: -0.33645427 Причина: SL Баланс: 998.773067819693 WinRate инструмента: 50%
🔄 Баланс: 998.773067819693$ | PnL: -1.04690692 💵 | Сделок: 20
[2025-08-28 06:32:08][TRADE] Закрыта позиция KMNO-USDT-SWAP SHORT PnL: -0.16585493 Причина: SL Баланс: 978.581021390608 WinRate инструмента: 0%
🔄 Баланс: 978.581021390608$ | PnL: -1.21276185 💵 | Сделок: 21
[2025-08-28 07:22:32][TRADE] Закрыта позиция NMR-USDT-SWAP LONG PnL: -0.72342185 Причина: SL Баланс: 987.856797540608 WinRate инструмента: 28.57%
🔄 Баланс: 987.856797540608$ | PnL: -1.9361837 💵 | Сделок: 22
[2025-08-28 10:22:49][TRADE] Закрыта позиция BIO-USDT-SWAP SHORT PnL: -0.53225631 Причина: SL Баланс: 997.324535454608 WinRate инструмента: 0%
🔄 Баланс: 997.324535454608$ | PnL: -2.46844001 💵 | Сделок: 23
[2025-08-28 13:40:20][TRADE] Закрыта позиция CATI-USDT-SWAP LONG PnL: 0.18834453 Причина: TP Баланс: 987.494880154379 WinRate инструмента: 100%
🔄 Баланс: 987.494880154379$ | PnL: -2.28009548 💵 | Сделок: 24
[2025-08-28 15:27:57][TRADE] Закрыта позиция JELLYJELLY-USDT-SWAP SHORT PnL: -0.12487847 Причина: SL Баланс: 987.361001683891 WinRate инструмента: 0%
🔄 Баланс: 987.361001683891$ | PnL: -2.40497395 💵 | Сделок: 25
[2025-08-28 19:27:27][TRADE] Закрыта позиция JTO-USDT-SWAP LONG PnL: -0.19969452 Причина: SL Баланс: 967.134349948802 WinRate инструмента: 0%
🔄 Баланс: 967.134349948802$ | PnL: -2.60466847 💵 | Сделок: 26
[2025-08-28 19:58:38][TRADE] Закрыта позиция BAND-USDT-SWAP LONG PnL: -0.17646037 Причина: SL Баланс: 976.957850368802 WinRate инструмента: 0%
🔄 Баланс: 976.957850368802$ | PnL: -2.78112884 💵 | Сделок: 27
[2025-08-28 23:39:24][TRADE] Закрыта позиция BICO-USDT-SWAP LONG PnL: -0.31536811 Причина: SL Баланс: 966.728045778337 WinRate инструмента: 0%
🔄 Баланс: 966.728045778337$ | PnL: -3.09649695 💵 | Сделок: 28
[2025-08-29 02:07:42][TRADE] Закрыта позиция CRO-USDT-SWAP LONG PnL: 0.89459502 Причина: TP Баланс: 977.622626870337 WinRate инструмента: 60%
🔄 Баланс: 977.622626870337$ | PnL: -2.20190193 💵 | Сделок: 29
[2025-08-29 05:09:33][TRADE] Закрыта позиция XAUT-USDT-SWAP LONG PnL: -0.02596536 Причина: SL Баланс: 987.493201510337 WinRate инструмента: 0%
🔄 Баланс: 987.493201510337$ | PnL: -2.22786729 💵 | Сделок: 30
[2025-08-29 05:49:32][TRADE] Закрыта позиция TREE-USDT-SWAP LONG PnL: -0.24353745 Причина: SL Баланс: 987.240664070417 WinRate инструмента: 0%
🔄 Баланс: 987.240664070417$ | PnL: -2.47140474 💵 | Сделок: 31
[2025-08-29 08:08:38][TRADE] Закрыта позиция TREE-USDT-SWAP LONG PnL: -0.26117885 Причина: SL Баланс: 966.952497956166 WinRate инструмента: 0%
🔄 Баланс: 966.952497956166$ | PnL: -2.73258359 💵 | Сделок: 32
[2025-08-29 09:41:24][TRADE] Закрыта позиция ZENT-USDT-SWAP LONG PnL: -0.1686277 Причина: SL Баланс: 966.774885296846 WinRate инструмента: 0%
🔄 Баланс: 966.774885296846$ | PnL: -2.90121129 💵 | Сделок: 33
[2025-08-29 10:06:15][TRADE] Закрыта позиция PYTH-USDT-SWAP LONG PnL: -0.09577655 Причина: SL Баланс: 906.616051777091 WinRate инструмента: 0%
🔄 Баланс: 906.616051777091$ | PnL: -2.99698784 💵 | Сделок: 34
[2025-08-29 10:08:52][TRADE] Закрыта позиция BIGTIME-USDT-SWAP LONG PnL: -0.11843561 Причина: SL Баланс: 916.497618992091 WinRate инструмента: 0%
🔄 Баланс: 916.497618992091$ | PnL: -3.11542345 💵 | Сделок: 35
[2025-08-29 10:21:22][TRADE] Закрыта позиция PYTH-USDT-SWAP LONG PnL: -0.09659493 Причина: SL Баланс: 916.39202405233 WinRate инструмента: 0%
🔄 Баланс: 916.39202405233$ | PnL: -3.21201838 💵 | Сделок: 36
[2025-08-29 10:21:41][TRADE] Закрыта позиция SONIC-USDT-SWAP LONG PnL: -0.11866122 Причина: SL Баланс: 926.273356300331 WinRate инструмента: 0%
🔄 Баланс: 926.273356300331$ | PnL: -3.3306796 💵 | Сделок: 37
[2025-08-29 10:37:36][TRADE] Закрыта позиция W-USDT-SWAP LONG PnL: -0.13190516 Причина: SL Баланс: 936.14144855533 WinRate инструмента: 0%
🔄 Баланс: 936.14144855533$ | PnL: -3.46258476 💵 | Сделок: 38
[2025-08-29 10:42:42][TRADE] Закрыта позиция UXLINK-USDT-SWAP LONG PnL: -0.10894913 Причина: SL Баланс: 936.05838438033 WinRate инструмента: 0%
🔄 Баланс: 936.05838438033$ | PnL: -3.57153389 💵 | Сделок: 39
[2025-08-29 10:43:06][TRADE] Закрыта позиция ZRO-USDT-SWAP LONG PnL: 0.20661064 Причина: TP Баланс: 946.265054820331 WinRate инструмента: 100%
🔄 Баланс: 946.265054820331$ | PnL: -3.36492325 💵 | Сделок: 40
[2025-08-29 11:02:47][TRADE] Закрыта позиция SOPH-USDT-SWAP LONG PnL: 0.18223956 Причина: TP Баланс: 936.429294113056 WinRate инструмента: 100%
🔄 Баланс: 936.429294113056$ | PnL: -3.18268369 💵 | Сделок: 41
[2025-08-29 11:07:28][TRADE] Закрыта позиция PROMPT-USDT-SWAP SHORT PnL: 0.50698056 Причина: TP Баланс: 946.936269443056 WinRate инструмента: 100%
🔄 Баланс: 946.936269443056$ | PnL: -2.67570313 💵 | Сделок: 42
[2025-08-29 11:12:29][TRADE] Закрыта позиция PUMP-USDT-SWAP LONG PnL: -0.22378266 Причина: SL Баланс: 956.712486930256 WinRate инструмента: 0%
🔄 Баланс: 956.712486930256$ | PnL: -2.89948579 💵 | Сделок: 43
[2025-08-29 11:28:18][TRADE] Закрыта позиция VINE-USDT-SWAP LONG PnL: -0.20554271 Причина: SL Баланс: 966.506944156256 WinRate инструмента: 33.33%
🔄 Баланс: 966.506944156256$ | PnL: -3.1050285 💵 | Сделок: 44
