🔄 2025-09-02 12:22:52 Баланс: 1000$ | PnL: 0 💵 | Сделок: 0 | WinRate: 0%
🔄 2025-09-02 12:32:03 Баланс: 769.673111656513$ | PnL: 0 💵 | Сделок: 0 | WinRate: 0%
🔄 2025-09-02 12:41:05 Баланс: 749.655113338025$ | PnL: 0 💵 | Сделок: 0 | WinRate: 0%
🔄 2025-09-02 12:50:14 Баланс: 568.161223159997$ | PnL: -0.14450291 💵 | Сделок: 1 | WinRate: 0%
🔄 2025-09-02 12:59:03 Баланс: 435.688554364457$ | PnL: -0.14450291 💵 | Сделок: 1 | WinRate: 0%
🔄 2025-09-02 13:08:09 Баланс: 355.481821955324$ | PnL: -0.14450291 💵 | Сделок: 1 | WinRate: 0%
🔄 2025-09-02 13:17:09 Баланс: 225.363239765176$ | PnL: -0.14450291 💵 | Сделок: 1 | WinRate: 0%
🔄 2025-09-02 13:25:12 Баланс: 125.455069576128$ | PnL: 0.04656576 💵 | Сделок: 2 | WinRate: 50%
🔄 2025-09-02 13:33:40 Баланс: 115.446080145632$ | PnL: 0.04656576 💵 | Сделок: 2 | WinRate: 50%
🔄 2025-09-02 13:42:08 Баланс: 106.023879466504$ | PnL: 0.64236334 💵 | Сделок: 3 | WinRate: 66.67%
🔄 2025-09-02 13:50:52 Баланс: 96.3183766743122$ | PnL: 0.87604964 💵 | Сделок: 4 | WinRate: 75%
🔄 2025-09-02 13:59:11 Баланс: 96.58907427461$ | PnL: 1.18473363 💵 | Сделок: 6 | WinRate: 66.67%
🔄 2025-09-02 14:07:00 Баланс: 76.5190113270419$ | PnL: 1.13465909 💵 | Сделок: 7 | WinRate: 57.14%
🔄 2025-09-02 14:14:58 Баланс: 86.8125184013013$ | PnL: 1.43716131 💵 | Сделок: 9 | WinRate: 66.67%
🔄 2025-09-02 14:23:02 Баланс: 96.3433050161297$ | PnL: 0.98155537 💵 | Сделок: 12 | WinRate: 50%
🔄 2025-09-02 14:30:45 Баланс: 87.0639946572197$ | PnL: 1.7292337 💵 | Сделок: 14 | WinRate: 57.14%
🔄 2025-09-02 14:38:29 Баланс: 67.3692497094119$ | PnL: 2.04151409 💵 | Сделок: 15 | WinRate: 60%
🔄 2025-09-02 14:46:17 Баланс: 47.4904901602591$ | PnL: 2.12415563 💵 | Сделок: 17 | WinRate: 58.82%
🔄 2025-09-02 14:50:01 Баланс: 7.6118336064761$ | PnL: 2.29045262 💵 | Сделок: 18 | WinRate: 61.11%
🔄 2025-09-02 14:52:18 Баланс: 7.6118336064761$ | PnL: 2.29045262 💵 | Сделок: 18 | WinRate: 61.11%
🔄 2025-09-02 14:54:41 Баланс: 7.3920105109561$ | PnL: 2.07944622 💵 | Сделок: 19 | WinRate: 57.89%
🔄 2025-09-02 14:57:02 Баланс: 7.3920105109561$ | PnL: 2.07944622 💵 | Сделок: 19 | WinRate: 57.89%
🔄 2025-09-02 14:59:21 Баланс: 7.3920105109561$ | PnL: 2.07944622 💵 | Сделок: 19 | WinRate: 57.89%
🔄 2025-09-02 15:01:41 Баланс: 7.3920105109561$ | PnL: 2.07944622 💵 | Сделок: 19 | WinRate: 57.89%
🔄 2025-09-02 15:04:01 Баланс: 7.3920105109561$ | PnL: 2.07944622 💵 | Сделок: 19 | WinRate: 57.89%
🔄 2025-09-02 15:06:19 Баланс: 7.3920105109561$ | PnL: 2.07944622 💵 | Сделок: 19 | WinRate: 57.89%
🔄 2025-09-02 15:09:17 Баланс: 7.1180244345946$ | PnL: 1.81446003 💵 | Сделок: 20 | WinRate: 55%
🔄 2025-09-02 15:12:24 Баланс: 18.0439696623976$ | PnL: 1.69379618 💵 | Сделок: 22 | WinRate: 50%
🔄 2025-09-02 15:20:00 Баланс: 29.5205575893685$ | PnL: 1.11569477 💵 | Сделок: 29 | WinRate: 37.93%
🔄 2025-09-02 15:27:39 Баланс: 68.9393054965295$ | PnL: 0.54379111 💵 | Сделок: 34 | WinRate: 32.35%
🔄 2025-09-02 15:34:52 Баланс: 18.4874354150366$ | PnL: 0.0204170500000003 💵 | Сделок: 36 | WinRate: 30.56%
🔄 2025-09-02 15:40:18 Баланс: 18.2964163921876$ | PnL: -0.37985397 💵 | Сделок: 40 | WinRate: 27.5%
🔄 2025-09-02 15:43:30 Баланс: 8.31221133602262$ | PnL: -0.46950217 💵 | Сделок: 41 | WinRate: 26.83%
🔄 2025-09-02 15:45:48 Баланс: 8.31221133602262$ | PnL: -0.46950217 💵 | Сделок: 41 | WinRate: 26.83%
🔄 2025-09-02 15:48:14 Баланс: 8.17833213555982$ | PnL: -0.59440198 💵 | Сделок: 42 | WinRate: 26.19%
🔄 2025-09-02 15:52:00 Баланс: 8.03021881580982$ | PnL: -0.72450075 💵 | Сделок: 44 | WinRate: 25%
🔄 2025-09-02 15:59:01 Баланс: 117.42642360091$ | PnL: -1.32849493 💵 | Сделок: 55 | WinRate: 23.64%
🔄 2025-09-02 16:06:57 Баланс: 255.980825217382$ | PnL: -2.78341707 💵 | Сделок: 71 | WinRate: 18.31%
🔄 2025-09-02 16:15:32 Баланс: 671.681192998029$ | PnL: -7.0848875 💵 | Сделок: 113 | WinRate: 12.39%
🔄 2025-09-02 16:24:34 Баланс: 780.199092267119$ | PnL: -8.5580991 💵 | Сделок: 125 | WinRate: 11.2%
🔄 2025-09-02 16:34:11 Баланс: 760.181068866077$ | PnL: -8.5580991 💵 | Сделок: 125 | WinRate: 11.2%
🔄 2025-09-02 16:44:10 Баланс: 789.587444910041$ | PnL: -9.14273486 💵 | Сделок: 129 | WinRate: 10.85%
🔄 2025-09-02 16:53:39 Баланс: 917.884229312041$ | PnL: -10.84599189 💵 | Сделок: 142 | WinRate: 10.56%
🔄 2025-09-02 17:03:07 Баланс: 937.357107277041$ | PnL: -11.29852366 💵 | Сделок: 144 | WinRate: 10.42%
🔄 2025-09-02 17:12:52 Баланс: 927.348108029718$ | PnL: -11.29852366 💵 | Сделок: 144 | WinRate: 10.42%
🔄 2025-09-02 17:22:15 Баланс: 936.795461169718$ | PnL: -11.85116997 💵 | Сделок: 145 | WinRate: 10.34%
