🔄 2025-09-02 12:22:27 Баланс: 1000$ | PnL: 0 💵 | Сделок: 0 | WinRate: 0%
🔄 2025-09-02 12:31:44 Баланс: 909.806841565175$ | PnL: 0 💵 | Сделок: 0 | WinRate: 0%
🔄 2025-09-02 12:40:58 Баланс: 868.741916461262$ | PnL: 0 💵 | Сделок: 0 | WinRate: 0%
🔄 2025-09-02 12:50:27 Баланс: 826.583630325184$ | PnL: -0.02706836 💵 | Сделок: 2 | WinRate: 50%
🔄 2025-09-02 12:59:46 Баланс: 817.621271612706$ | PnL: 0.00084147 💵 | Сделок: 3 | WinRate: 66.67%
🔄 2025-09-02 13:09:40 Баланс: 826.879302342706$ | PnL: 0.23823218 💵 | Сделок: 5 | WinRate: 80%
🔄 2025-09-02 13:19:41 Баланс: 817.176852796053$ | PnL: 0.54129301 💵 | Сделок: 6 | WinRate: 83.33%
🔄 2025-09-02 13:28:43 Баланс: 817.031734437874$ | PnL: 0.41502056 💵 | Сделок: 8 | WinRate: 62.5%
🔄 2025-09-02 13:38:42 Баланс: 826.951474857874$ | PnL: 0.33420558 💵 | Сделок: 9 | WinRate: 55.56%
🔄 2025-09-02 13:48:51 Баланс: 847.144977863874$ | PnL: 0.54018103 💵 | Сделок: 11 | WinRate: 63.64%
🔄 2025-09-02 13:58:50 Баланс: 847.18451378207$ | PnL: 0.6243541 💵 | Сделок: 14 | WinRate: 64.29%
🔄 2025-09-02 14:08:06 Баланс: 837.209505723491$ | PnL: 0.66173334 💵 | Сделок: 15 | WinRate: 66.67%
🔄 2025-09-02 14:17:22 Баланс: 817.186750912008$ | PnL: 0.66173334 💵 | Сделок: 15 | WinRate: 66.67%
🔄 2025-09-02 14:26:44 Баланс: 837.589008594008$ | PnL: 1.06398134 💵 | Сделок: 17 | WinRate: 70.59%
🔄 2025-09-02 14:35:45 Баланс: 849.186002998944$ | PnL: 1.61076517 💵 | Сделок: 20 | WinRate: 70%
🔄 2025-09-02 14:44:56 Баланс: 829.343315671416$ | PnL: 1.72098474 💵 | Сделок: 21 | WinRate: 71.43%
🔄 2025-09-02 14:53:58 Баланс: 849.048706301514$ | PnL: 1.43036608 💵 | Сделок: 24 | WinRate: 62.5%
🔄 2025-09-02 15:03:10 Баланс: 860.051170401514$ | PnL: 1.38854018 💵 | Сделок: 25 | WinRate: 60%
🔄 2025-09-02 15:12:16 Баланс: 860.051170401514$ | PnL: 1.38854018 💵 | Сделок: 25 | WinRate: 60%
🔄 2025-09-02 15:21:19 Баланс: 859.957428687932$ | PnL: 1.28784162 💵 | Сделок: 27 | WinRate: 55.56%
🔄 2025-09-02 15:30:25 Баланс: 880.874360217932$ | PnL: 1.17396737 💵 | Сделок: 29 | WinRate: 51.72%
🔄 2025-09-02 15:39:34 Баланс: 880.572386919201$ | PnL: 0.88997693 💵 | Сделок: 31 | WinRate: 48.39%
🔄 2025-09-02 15:48:38 Баланс: 860.554427695867$ | PnL: 0.88997693 💵 | Сделок: 31 | WinRate: 48.39%
🔄 2025-09-02 15:58:07 Баланс: 860.454271790416$ | PnL: 0.84692686 💵 | Сделок: 34 | WinRate: 47.06%
🔄 2025-09-02 16:07:33 Баланс: 880.511330805121$ | PnL: 1.12041415 💵 | Сделок: 39 | WinRate: 48.72%
🔄 2025-09-02 16:17:29 Баланс: 920.565921506369$ | PnL: 1.21102432 💵 | Сделок: 47 | WinRate: 48.94%
🔄 2025-09-02 16:27:07 Баланс: 890.651053779867$ | PnL: 1.18591047 💵 | Сделок: 48 | WinRate: 47.92%
🔄 2025-09-02 16:37:09 Баланс: 900.320679421639$ | PnL: 0.8645296 💵 | Сделок: 50 | WinRate: 46%
🔄 2025-09-02 16:47:16 Баланс: 890.221123341338$ | PnL: 0.79201673 💵 | Сделок: 52 | WinRate: 46.15%
🔄 2025-09-02 16:56:48 Баланс: 969.932858731338$ | PnL: 0.50379227 💵 | Сделок: 60 | WinRate: 48.33%
🔄 2025-09-02 17:06:22 Баланс: 959.923846720538$ | PnL: 0.50379227 💵 | Сделок: 60 | WinRate: 48.33%
🔄 2025-09-02 17:16:06 Баланс: 959.923846720538$ | PnL: 0.50379227 💵 | Сделок: 60 | WinRate: 48.33%
🔄 2025-09-02 17:25:25 Баланс: 949.914841884189$ | PnL: 0.50379227 💵 | Сделок: 60 | WinRate: 48.33%
