🔄 2025-09-03 18:52:48 Баланс: 1000$ | PnL: 0 💵 | Сделок: 0 | WinRate: 0%
🔄 2025-09-03 18:58:25 Баланс: 7.03289109967171$ | PnL: 0 💵 | Сделок: 0 | WinRate: 0%
🔄 2025-09-03 19:00:45 Баланс: 7.19292568286811$ | PnL: 0.29681981 💵 | Сделок: 14 | WinRate: 100%
🔄 2025-09-03 19:03:17 Баланс: 7.26739841730913$ | PnL: 0.43358653 💵 | Сделок: 21 | WinRate: 100%
🔄 2025-09-03 19:05:25 Баланс: 7.38699328310351$ | PnL: 0.6077033 💵 | Сделок: 27 | WinRate: 100%
🔄 2025-09-03 19:08:01 Баланс: 7.54557184562982$ | PnL: 1.05425557 💵 | Сделок: 59 | WinRate: 100%
🔄 2025-09-03 19:09:58 Баланс: 8.77087206173482$ | PnL: 1.13547855 💵 | Сделок: 67 | WinRate: 100%
🔄 2025-09-03 19:11:54 Баланс: 7.57593388744183$ | PnL: 1.25227835 💵 | Сделок: 76 | WinRate: 100%
🔄 2025-09-03 19:13:46 Баланс: 7.58742564258663$ | PnL: 1.29076463 💵 | Сделок: 79 | WinRate: 100%
🔄 2025-09-03 19:15:27 Баланс: 7.58742564258663$ | PnL: 1.29076463 💵 | Сделок: 79 | WinRate: 100%
🔄 2025-09-03 19:17:12 Баланс: 7.63433246624303$ | PnL: 1.34667566 💵 | Сделок: 80 | WinRate: 100%
🔄 2025-09-03 19:19:21 Баланс: 7.64898823081903$ | PnL: 1.37032943 💵 | Сделок: 81 | WinRate: 100%
🔄 2025-09-03 19:21:11 Баланс: 7.64491068178303$ | PnL: 1.37531743 💵 | Сделок: 82 | WinRate: 100%
🔄 2025-09-03 19:22:58 Баланс: 7.65281946906303$ | PnL: 1.39211405 💵 | Сделок: 83 | WinRate: 100%
🔄 2025-09-03 19:25:27 Баланс: 7.45343163589503$ | PnL: 1.29326095 💵 | Сделок: 85 | WinRate: 98.82%
🔄 2025-09-03 19:27:08 Баланс: 7.45343163589503$ | PnL: 1.29326095 💵 | Сделок: 85 | WinRate: 98.82%
🔄 2025-09-03 19:29:16 Баланс: 7.42400810289503$ | PnL: 1.24426997 💵 | Сделок: 86 | WinRate: 97.67%
🔄 2025-09-03 19:31:31 Баланс: 7.32751761352303$ | PnL: 1.15677233 💵 | Сделок: 87 | WinRate: 96.55%
🔄 2025-09-03 19:34:06 Баланс: 7.44284737092583$ | PnL: 1.20737716 💵 | Сделок: 89 | WinRate: 96.63%
🔄 2025-09-03 19:36:34 Баланс: 7.48703552341983$ | PnL: 1.22083508 💵 | Сделок: 92 | WinRate: 96.74%
🔄 2025-09-03 19:38:40 Баланс: 7.43596575720784$ | PnL: 1.24524818 💵 | Сделок: 94 | WinRate: 96.81%
🔄 2025-09-03 19:40:29 Баланс: 7.43280295585404$ | PnL: 1.25108458 💵 | Сделок: 95 | WinRate: 96.84%
🔄 2025-09-03 19:42:16 Баланс: 7.43280295585404$ | PnL: 1.25108458 💵 | Сделок: 95 | WinRate: 96.84%
🔄 2025-09-03 19:44:52 Баланс: 7.59071286379263$ | PnL: 1.45542305 💵 | Сделок: 97 | WinRate: 95.88%
🔄 2025-09-03 19:46:46 Баланс: 7.58977857524353$ | PnL: 1.46333686 💵 | Сделок: 98 | WinRate: 95.92%
🔄 2025-09-03 19:49:55 Баланс: 7.58977857524353$ | PnL: 1.46333686 💵 | Сделок: 98 | WinRate: 95.92%
🔄 2025-09-03 19:53:08 Баланс: 6.88639342554713$ | PnL: 0.7962488 💵 | Сделок: 102 | WinRate: 92.16%
🔄 2025-09-03 19:55:27 Баланс: 6.89605900454713$ | PnL: 0.81390693 💵 | Сделок: 103 | WinRate: 92.23%
🔄 2025-09-03 19:57:25 Баланс: 6.91266172463713$ | PnL: 0.83948392 💵 | Сделок: 104 | WinRate: 92.31%
🔄 2025-09-03 20:00:12 Баланс: 6.57197459346913$ | PnL: 0.92398582 💵 | Сделок: 109 | WinRate: 92.66%
🔄 2025-09-03 20:02:23 Баланс: 6.32014054917403$ | PnL: 0.7546774 💵 | Сделок: 118 | WinRate: 92.37%
🔄 2025-09-03 20:04:31 Баланс: 6.41046035229242$ | PnL: 0.91579675 💵 | Сделок: 126 | WinRate: 92.86%
🔄 2025-09-03 20:06:32 Баланс: 6.46438260102883$ | PnL: 0.98770567 💵 | Сделок: 128 | WinRate: 92.97%
🔄 2025-09-03 20:08:13 Баланс: 6.47565619855283$ | PnL: 1.00798658 💵 | Сделок: 129 | WinRate: 93.02%
🔄 2025-09-03 20:09:51 Баланс: 6.47565619855283$ | PnL: 1.00798658 💵 | Сделок: 129 | WinRate: 93.02%
🔄 2025-09-03 20:11:37 Баланс: 6.49185537027282$ | PnL: 1.03655848 💵 | Сделок: 131 | WinRate: 93.13%
🔄 2025-09-03 20:13:30 Баланс: 6.48923803415283$ | PnL: 1.05248138 💵 | Сделок: 133 | WinRate: 92.48%
🔄 2025-09-03 20:15:23 Баланс: 6.53009321588283$ | PnL: 1.12822941 💵 | Сделок: 137 | WinRate: 92.7%
🔄 2025-09-03 20:17:17 Баланс: 6.57780729078582$ | PnL: 1.22057515 💵 | Сделок: 142 | WinRate: 92.96%
🔄 2025-09-03 20:18:57 Баланс: 6.57780729078582$ | PnL: 1.22057515 💵 | Сделок: 142 | WinRate: 92.96%
🔄 2025-09-03 20:20:54 Баланс: 6.47994774575991$ | PnL: 1.14046856 💵 | Сделок: 145 | WinRate: 92.41%
🔄 2025-09-03 20:22:46 Баланс: 3.85082951307083$ | PnL: -1.44381698 💵 | Сделок: 150 | WinRate: 91.33%
🔄 2025-09-03 20:24:27 Баланс: 3.85082951307083$ | PnL: -1.44381698 💵 | Сделок: 150 | WinRate: 91.33%
🔄 2025-09-03 20:26:12 Баланс: 3.80890033295083$ | PnL: -1.47649139 💵 | Сделок: 151 | WinRate: 90.73%
🔄 2025-09-03 20:28:02 Баланс: 3.68819068460873$ | PnL: -1.58781467 💵 | Сделок: 152 | WinRate: 90.13%
🔄 2025-09-03 20:29:42 Баланс: 3.68819068460873$ | PnL: -1.58781467 💵 | Сделок: 152 | WinRate: 90.13%
🔄 2025-09-03 20:31:28 Баланс: 3.68819068460873$ | PnL: -1.58781467 💵 | Сделок: 152 | WinRate: 90.13%
🔄 2025-09-03 20:33:32 Баланс: 3.49616816373973$ | PnL: -1.76161358 💵 | Сделок: 154 | WinRate: 88.96%
🔄 2025-09-03 20:35:48 Баланс: 3.34255964214273$ | PnL: -1.88825612 💵 | Сделок: 157 | WinRate: 87.9%
🔄 2025-09-03 20:39:43 Баланс: 13.1700442017156$ | PnL: -2.02474961 💵 | Сделок: 162 | WinRate: 87.04%
🔄 2025-09-03 20:44:42 Баланс: 171.189595991072$ | PnL: -3.94224185 💵 | Сделок: 185 | WinRate: 77.3%
🔄 2025-09-03 20:50:00 Баланс: 230.577363831663$ | PnL: -4.5228969 💵 | Сделок: 194 | WinRate: 75.26%
🔄 2025-09-03 20:55:18 Баланс: 300.301539290938$ | PnL: -4.76155589 💵 | Сделок: 205 | WinRate: 74.15%
🔄 2025-09-03 21:01:00 Баланс: 249.857126317288$ | PnL: -5.11510528 💵 | Сделок: 210 | WinRate: 73.33%
🔄 2025-09-03 21:06:35 Баланс: 300.00967888586$ | PnL: -4.94754893 💵 | Сделок: 217 | WinRate: 74.19%
🔄 2025-09-03 21:11:58 Баланс: 228.987259634877$ | PnL: -4.64225985 💵 | Сделок: 221 | WinRate: 74.66%
🔄 2025-09-03 21:15:33 Баланс: 10.3437934762189$ | PnL: -4.53034058 💵 | Сделок: 230 | WinRate: 75.65%
🔄 2025-09-03 21:18:37 Баланс: 1.88017734466295$ | PnL: -4.06593457 💵 | Сделок: 245 | WinRate: 77.14%
🔄 2025-09-03 21:20:36 Баланс: 1.84513357894676$ | PnL: -4.00238645 💵 | Сделок: 256 | WinRate: 78.12%
🔄 2025-09-03 21:22:38 Баланс: 1.79311791349732$ | PnL: -3.98191354 💵 | Сделок: 264 | WinRate: 78.79%
🔄 2025-09-03 21:24:27 Баланс: 1.77124482518907$ | PnL: -3.94041518 💵 | Сделок: 271 | WinRate: 79.34%
🔄 2025-09-03 21:26:15 Баланс: 3.18528842637927$ | PnL: -3.88368482 💵 | Сделок: 274 | WinRate: 79.56%
🔄 2025-09-03 21:28:03 Баланс: 3.18528842637927$ | PnL: -3.88368482 💵 | Сделок: 274 | WinRate: 79.56%
🔄 2025-09-03 21:29:47 Баланс: 3.21933283087097$ | PnL: -3.82267294 💵 | Сделок: 277 | WinRate: 79.78%
🔄 2025-09-03 21:31:44 Баланс: 3.20583957792958$ | PnL: -3.72244488 💵 | Сделок: 289 | WinRate: 80.62%
🔄 2025-09-03 21:33:41 Баланс: 3.04865254179798$ | PnL: -3.62029181 💵 | Сделок: 302 | WinRate: 81.46%
🔄 2025-09-03 21:35:32 Баланс: 2.90329330922102$ | PnL: -3.55482651 💵 | Сделок: 310 | WinRate: 81.94%
🔄 2025-09-03 21:37:19 Баланс: 2.71395069024305$ | PnL: -3.72616394 💵 | Сделок: 312 | WinRate: 81.73%
🔄 2025-09-03 21:39:19 Баланс: 2.98905403433005$ | PnL: -3.42404493 💵 | Сделок: 315 | WinRate: 81.9%
🔄 2025-09-03 21:44:12 Баланс: 2.97370450797668$ | PnL: -3.41227509 💵 | Сделок: 318 | WinRate: 82.08%
🔄 2025-09-03 21:46:04 Баланс: 3.06943504797667$ | PnL: -3.38671768 💵 | Сделок: 319 | WinRate: 82.13%
🔄 2025-09-03 21:48:02 Баланс: 2.99643837733767$ | PnL: -3.45061264 💵 | Сделок: 320 | WinRate: 81.88%
🔄 2025-09-03 21:49:57 Баланс: 2.97337909052887$ | PnL: -3.43768684 💵 | Сделок: 324 | WinRate: 82.1%
🔄 2025-09-03 21:51:42 Баланс: 2.96548267555843$ | PnL: -3.42751858 💵 | Сделок: 326 | WinRate: 82.21%
🔄 2025-09-03 21:53:34 Баланс: 3.19750288871542$ | PnL: -3.14821919 💵 | Сделок: 330 | WinRate: 82.42%
🔄 2025-09-03 21:55:13 Баланс: 3.19750288871542$ | PnL: -3.14821919 💵 | Сделок: 330 | WinRate: 82.42%
🔄 2025-09-03 21:57:22 Баланс: 3.19538868037192$ | PnL: -3.14133169 💵 | Сделок: 331 | WinRate: 82.48%
🔄 2025-09-03 21:59:04 Баланс: 3.19538868037192$ | PnL: -3.14133169 💵 | Сделок: 331 | WinRate: 82.48%
🔄 2025-09-03 22:00:42 Баланс: 3.18898447275692$ | PnL: -3.13870857 💵 | Сделок: 332 | WinRate: 82.53%
🔄 2025-09-03 22:02:25 Баланс: 3.20424701686693$ | PnL: -3.1054529 💵 | Сделок: 334 | WinRate: 82.63%
🔄 2025-09-03 22:04:16 Баланс: 3.17660538267761$ | PnL: -3.02699228 💵 | Сделок: 337 | WinRate: 82.49%
🔄 2025-09-03 22:06:13 Баланс: 3.20342012367331$ | PnL: -2.98217581 💵 | Сделок: 339 | WinRate: 82.6%
🔄 2025-09-03 22:07:56 Баланс: 3.23658176657851$ | PnL: -2.93102642 💵 | Сделок: 341 | WinRate: 82.7%
🔄 2025-09-03 22:09:53 Баланс: 3.14293439175576$ | PnL: -2.99763172 💵 | Сделок: 344 | WinRate: 82.56%
🔄 2025-09-03 22:11:31 Баланс: 3.14293439175576$ | PnL: -2.99763172 💵 | Сделок: 344 | WinRate: 82.56%
🔄 2025-09-03 22:13:24 Баланс: 3.15694404663956$ | PnL: -2.97462359 💵 | Сделок: 345 | WinRate: 82.61%
🔄 2025-09-03 22:15:06 Баланс: 3.15714168038624$ | PnL: -2.95642105 💵 | Сделок: 347 | WinRate: 82.71%
🔄 2025-09-03 22:16:56 Баланс: 3.22092898714284$ | PnL: -2.87461619 💵 | Сделок: 349 | WinRate: 82.81%
🔄 2025-09-03 22:18:56 Баланс: 3.20616726288084$ | PnL: -2.86237616 💵 | Сделок: 352 | WinRate: 82.67%
🔄 2025-09-03 22:21:31 Баланс: 2.96144637208025$ | PnL: -3.06278723 💵 | Сделок: 355 | WinRate: 81.97%
🔄 2025-09-03 22:24:34 Баланс: 2.77021035514861$ | PnL: -3.21825833 💵 | Сделок: 359 | WinRate: 81.34%
🔄 2025-09-03 22:27:15 Баланс: 2.56424043597615$ | PnL: -3.36225143 💵 | Сделок: 366 | WinRate: 80.87%
🔄 2025-09-03 22:29:02 Баланс: 2.62929697125619$ | PnL: -3.27918123 💵 | Сделок: 368 | WinRate: 80.98%
🔄 2025-09-03 22:30:49 Баланс: 2.62172878300609$ | PnL: -3.28610174 💵 | Сделок: 370 | WinRate: 80.81%
🔄 2025-09-03 22:32:59 Баланс: 12.9240681112511$ | PnL: -2.95706369 💵 | Сделок: 374 | WinRate: 81.02%
🔄 2025-09-03 22:35:39 Баланс: 2.74842656981349$ | PnL: -3.08133488 💵 | Сделок: 379 | WinRate: 80.74%
🔄 2025-09-03 22:37:52 Баланс: 2.76564775139862$ | PnL: -3.00996225 💵 | Сделок: 385 | WinRate: 81.04%
🔄 2025-09-03 22:39:50 Баланс: 2.11685626001832$ | PnL: -3.58206029999999 💵 | Сделок: 393 | WinRate: 79.9%
🔄 2025-09-03 22:41:56 Баланс: 0.728342389124329$ | PnL: -3.73099841999999 💵 | Сделок: 399 | WinRate: 79.7%
🔄 2025-09-03 22:43:48 Баланс: 0.722961276204328$ | PnL: -3.71881327999999 💵 | Сделок: 401 | WinRate: 79.8%
🔄 2025-09-03 22:45:32 Баланс: 0.716282162154329$ | PnL: -3.71647608999999 💵 | Сделок: 402 | WinRate: 79.85%
🔄 2025-09-03 22:47:16 Баланс: 0.716282162154329$ | PnL: -3.71647608999999 💵 | Сделок: 402 | WinRate: 79.85%
🔄 2025-09-03 22:49:24 Баланс: 0.683100151466729$ | PnL: -3.72308581999999 💵 | Сделок: 405 | WinRate: 79.75%
🔄 2025-09-03 22:51:28 Баланс: 0.441293359540623$ | PnL: -3.91975223999999 💵 | Сделок: 410 | WinRate: 79.27%
🔄 2025-09-03 22:53:24 Баланс: 0.288733362904621$ | PnL: -4.02748341999999 💵 | Сделок: 415 | WinRate: 79.04%
🔄 2025-09-03 22:55:13 Баланс: 0.113181033717026$ | PnL: -4.13734176999999 💵 | Сделок: 421 | WinRate: 78.86%
🔄 2025-09-03 22:56:55 Баланс: 0.113181033717026$ | PnL: -4.13734176999999 💵 | Сделок: 421 | WinRate: 78.86%
🔄 2025-09-03 22:58:36 Баланс: 0.212596245079826$ | PnL: -4.02892574999999 💵 | Сделок: 422 | WinRate: 78.91%
🔄 2025-09-03 23:00:36 Баланс: 0.214668144079825$ | PnL: -4.01773492999999 💵 | Сделок: 423 | WinRate: 78.96%
🔄 2025-09-03 23:02:21 Баланс: 0.220474526965823$ | PnL: -4.00296512999999 💵 | Сделок: 424 | WinRate: 79.01%
🔄 2025-09-03 23:04:05 Баланс: 0.204141329365823$ | PnL: -4.00448611999999 💵 | Сделок: 425 | WinRate: 79.06%
🔄 2025-09-03 23:05:43 Баланс: 0.204141329365823$ | PnL: -4.00448611999999 💵 | Сделок: 425 | WinRate: 79.06%
🔄 2025-09-03 23:07:24 Баланс: 0.204141329365823$ | PnL: -4.00448611999999 💵 | Сделок: 425 | WinRate: 79.06%
🔄 2025-09-03 23:09:03 Баланс: 0.204141329365823$ | PnL: -4.00448611999999 💵 | Сделок: 425 | WinRate: 79.06%
🔄 2025-09-03 23:10:52 Баланс: 0.0583510385891248$ | PnL: -4.13200374999999 💵 | Сделок: 427 | WinRate: 78.92%
🔄 2025-09-03 23:12:45 Баланс: 0.0366103857221258$ | PnL: -4.12543836999999 💵 | Сделок: 430 | WinRate: 79.07%
🔄 2025-09-03 23:14:40 Баланс: 0.00621189476662565$ | PnL: -4.13790527999999 💵 | Сделок: 432 | WinRate: 78.94%
🔄 2025-09-03 23:16:25 Баланс: 0.00138041058362504$ | PnL: -4.13373691999999 💵 | Сделок: 433 | WinRate: 78.98%
🔄 2025-09-03 23:19:01 Баланс: 19.64699528263$ | PnL: -4.40815149999999 💵 | Сделок: 444 | WinRate: 78.83%
🔄 2025-09-03 23:21:53 Баланс: 9.31068663111491$ | PnL: -4.64778529999999 💵 | Сделок: 454 | WinRate: 78.85%
🔄 2025-09-03 23:24:54 Баланс: 9.3011657717657$ | PnL: -4.63028827999999 💵 | Сделок: 457 | WinRate: 78.99%
🔄 2025-09-03 23:27:55 Баланс: 9.2134995216822$ | PnL: -4.67122871999999 💵 | Сделок: 462 | WinRate: 79%
🔄 2025-09-03 23:29:40 Баланс: 9.2078005964422$ | PnL: -4.66782852999999 💵 | Сделок: 463 | WinRate: 79.05%
🔄 2025-09-03 23:32:22 Баланс: 9.12248764529221$ | PnL: -4.72531367999999 💵 | Сделок: 466 | WinRate: 78.97%
🔄 2025-09-03 23:34:18 Баланс: 9.18317221335441$ | PnL: -4.64635845999999 💵 | Сделок: 468 | WinRate: 79.06%
🔄 2025-09-03 23:38:13 Баланс: 8.80911540495951$ | PnL: -4.85072240999999 💵 | Сделок: 481 | WinRate: 78.59%
🔄 2025-09-03 23:40:04 Баланс: 8.80168332126221$ | PnL: -4.84015569999999 💵 | Сделок: 483 | WinRate: 78.67%
🔄 2025-09-03 23:42:37 Баланс: 8.41986005242621$ | PnL: -5.19088998999999 💵 | Сделок: 485 | WinRate: 78.56%
🔄 2025-09-03 23:44:16 Баланс: 8.41986005242621$ | PnL: -5.19088998999999 💵 | Сделок: 485 | WinRate: 78.56%
🔄 2025-09-03 23:46:23 Баланс: 8.43256348580225$ | PnL: -5.15117757999999 💵 | Сделок: 488 | WinRate: 78.69%
🔄 2025-09-03 23:48:50 Баланс: 8.18929913646268$ | PnL: -5.31582923999999 💵 | Сделок: 495 | WinRate: 78.38%
🔄 2025-09-03 23:51:52 Баланс: 7.82738045846935$ | PnL: -5.61439047999999 💵 | Сделок: 502 | WinRate: 78.29%
🔄 2025-09-03 23:55:38 Баланс: 17.4911913371911$ | PnL: -5.78856875999999 💵 | Сделок: 521 | WinRate: 78.31%
🔄 2025-09-03 23:57:53 Баланс: 7.35709122245893$ | PnL: -5.88344060999999 💵 | Сделок: 525 | WinRate: 78.1%
🔄 2025-09-04 00:00:12 Баланс: 37.3501010494359$ | PnL: -5.88143199999999 💵 | Сделок: 529 | WinRate: 78.26%
🔄 2025-09-04 00:03:36 Баланс: 7.14075718065221$ | PnL: -5.92895590999999 💵 | Сделок: 544 | WinRate: 78.31%
🔄 2025-09-04 00:05:23 Баланс: 6.8441476925582$ | PnL: -6.20759165999999 💵 | Сделок: 546 | WinRate: 78.21%
🔄 2025-09-04 00:07:49 Баланс: 16.8878691110282$ | PnL: -6.15485421999999 💵 | Сделок: 548 | WinRate: 78.28%
🔄 2025-09-04 00:10:49 Баланс: 5.67617026236729$ | PnL: -7.28901277999999 💵 | Сделок: 555 | WinRate: 78.02%
🔄 2025-09-04 00:14:08 Баланс: 35.5119812717836$ | PnL: -7.37482848999999 💵 | Сделок: 565 | WinRate: 78.05%
🔄 2025-09-04 00:18:27 Баланс: 5.37443823615196$ | PnL: -7.39324533999999 💵 | Сделок: 575 | WinRate: 78.26%
🔄 2025-09-04 00:21:28 Баланс: 14.9584058651218$ | PnL: -7.72142888999999 💵 | Сделок: 586 | WinRate: 77.82%
🔄 2025-09-04 00:25:37 Баланс: 24.6782972096027$ | PnL: -7.95116443999999 💵 | Сделок: 595 | WinRate: 77.31%
🔄 2025-09-04 00:28:53 Баланс: 14.5723143552277$ | PnL: -7.99059085999999 💵 | Сделок: 599 | WinRate: 77.3%
🔄 2025-09-04 00:31:15 Баланс: 4.22382120868465$ | PnL: -8.28643205999999 💵 | Сделок: 604 | WinRate: 76.82%
🔄 2025-09-04 00:34:13 Баланс: 14.0727203589558$ | PnL: -8.40174781999999 💵 | Сделок: 609 | WinRate: 76.68%
🔄 2025-09-04 00:36:29 Баланс: 3.78230384303164$ | PnL: -8.65629655999999 💵 | Сделок: 612 | WinRate: 76.63%
🔄 2025-09-04 00:38:14 Баланс: 13.6286428689573$ | PnL: -8.78416059999999 💵 | Сделок: 618 | WinRate: 76.54%
🔄 2025-09-04 00:40:10 Баланс: 3.60225633444535$ | PnL: -8.80812431999999 💵 | Сделок: 623 | WinRate: 76.57%
🔄 2025-09-04 00:41:50 Баланс: 3.54460637731535$ | PnL: -8.87216858999999 💵 | Сделок: 624 | WinRate: 76.44%
🔄 2025-09-04 00:43:39 Баланс: 3.53911357024035$ | PnL: -8.86862656999999 💵 | Сделок: 625 | WinRate: 76.48%
🔄 2025-09-04 00:45:26 Баланс: 3.24645232896235$ | PnL: -9.13411064999999 💵 | Сделок: 628 | WinRate: 76.11%
🔄 2025-09-04 00:47:26 Баланс: 3.2345453865824$ | PnL: -9.11886562999999 💵 | Сделок: 631 | WinRate: 76.23%
🔄 2025-09-04 00:49:33 Баланс: 3.13538525727419$ | PnL: -9.18318171999999 💵 | Сделок: 635 | WinRate: 76.22%
🔄 2025-09-04 00:51:33 Баланс: 23.1694475479342$ | PnL: -9.13998551999999 💵 | Сделок: 638 | WinRate: 76.18%
🔄 2025-09-04 00:54:32 Баланс: 3.1799614232146$ | PnL: -9.09347100999999 💵 | Сделок: 640 | WinRate: 76.25%
🔄 2025-09-04 00:56:46 Баланс: 3.1353557735206$ | PnL: -9.12904623999999 💵 | Сделок: 641 | WinRate: 76.13%
🔄 2025-09-04 00:58:31 Баланс: 3.0403966804206$ | PnL: -9.21524649999999 💵 | Сделок: 642 | WinRate: 76.01%
🔄 2025-09-04 01:00:06 Баланс: 3.0403966804206$ | PnL: -9.21524649999999 💵 | Сделок: 642 | WinRate: 76.01%
🔄 2025-09-04 01:02:03 Баланс: 3.1269535364206$ | PnL: -9.15115269999999 💵 | Сделок: 643 | WinRate: 76.05%
🔄 2025-09-04 01:03:48 Баланс: 12.9410871337176$ | PnL: -9.30651163999999 💵 | Сделок: 646 | WinRate: 75.85%
🔄 2025-09-04 01:05:41 Баланс: 2.9044496371541$ | PnL: -9.30737581999999 💵 | Сделок: 649 | WinRate: 75.96%
🔄 2025-09-04 01:07:33 Баланс: 2.7852239901961$ | PnL: -9.40846474999999 💵 | Сделок: 651 | WinRate: 75.88%
🔄 2025-09-04 01:09:20 Баланс: 2.7874761980163$ | PnL: -9.38807734999999 💵 | Сделок: 653 | WinRate: 75.96%
🔄 2025-09-04 01:11:48 Баланс: 2.7697685725144$ | PnL: -9.35908572999998 💵 | Сделок: 656 | WinRate: 76.07%
🔄 2025-09-04 01:13:29 Баланс: 2.6926144461291$ | PnL: -9.42755813999998 💵 | Сделок: 657 | WinRate: 75.95%
🔄 2025-09-04 01:15:13 Баланс: 2.6865337737731$ | PnL: -9.41564522999998 💵 | Сделок: 659 | WinRate: 75.87%
🔄 2025-09-04 01:17:16 Баланс: 2.4187790151491$ | PnL: -9.62013181999998 💵 | Сделок: 664 | WinRate: 75.75%
