🔄 2025-09-03 17:26:04 Баланс: 1000$ | PnL: 0 💵 | Сделок: 0 | WinRate: 0%
🔄 2025-09-03 17:31:59 Баланс: 919.956637331623$ | PnL: 0 💵 | Сделок: 0 | WinRate: 0%
🔄 2025-09-03 17:37:49 Баланс: 909.947631666529$ | PnL: 0 💵 | Сделок: 0 | WinRate: 0%
🔄 2025-09-03 17:44:13 Баланс: 879.74667283436$ | PnL: 0 💵 | Сделок: 0 | WinRate: 0%
🔄 2025-09-03 17:49:50 Баланс: 628.587003609948$ | PnL: -0.60068858 💵 | Сделок: 1 | WinRate: 0%
🔄 2025-09-03 17:55:10 Баланс: 428.364495982104$ | PnL: -0.60068858 💵 | Сделок: 1 | WinRate: 0%
🔄 2025-09-03 18:00:15 Баланс: 419.071945396007$ | PnL: 0.12465494 💵 | Сделок: 2 | WinRate: 50%
🔄 2025-09-03 18:05:36 Баланс: 389.04498222232$ | PnL: 0.12465494 💵 | Сделок: 2 | WinRate: 50%
🔄 2025-09-03 18:11:23 Баланс: 329.229696751576$ | PnL: 0.48256884 💵 | Сделок: 3 | WinRate: 66.67%
🔄 2025-09-03 18:16:32 Баланс: 309.211733616725$ | PnL: 0.48256884 💵 | Сделок: 3 | WinRate: 66.67%
🔄 2025-09-03 18:21:38 Баланс: 309.211733616725$ | PnL: 0.48256884 💵 | Сделок: 3 | WinRate: 66.67%
🔄 2025-09-03 18:26:57 Баланс: 299.202767347055$ | PnL: 0.48256884 💵 | Сделок: 3 | WinRate: 66.67%
🔄 2025-09-03 18:32:04 Баланс: 259.167381279097$ | PnL: 0.48256884 💵 | Сделок: 3 | WinRate: 66.67%
🔄 2025-09-03 18:37:15 Баланс: 189.104030707746$ | PnL: 0.48256884 💵 | Сделок: 3 | WinRate: 66.67%
🔄 2025-09-03 18:43:39 Баланс: 9.28748489001822$ | PnL: 0.83752534 💵 | Сделок: 4 | WinRate: 75%
🔄 2025-09-03 18:46:32 Баланс: 0.548600603263221$ | PnL: 2.12549714 💵 | Сделок: 6 | WinRate: 83.33%
🔄 2025-09-03 18:48:29 Баланс: 0.683283122527222$ | PnL: 2.26920406 💵 | Сделок: 7 | WinRate: 85.71%
🔄 2025-09-03 18:50:19 Баланс: 0.683283122527222$ | PnL: 2.26920406 💵 | Сделок: 7 | WinRate: 85.71%
🔄 2025-09-03 18:52:01 Баланс: 0.683283122527222$ | PnL: 2.26920406 💵 | Сделок: 7 | WinRate: 85.71%
🔄 2025-09-03 18:53:40 Баланс: 0.683283122527222$ | PnL: 2.26920406 💵 | Сделок: 7 | WinRate: 85.71%
🔄 2025-09-03 18:55:39 Баланс: 0.683283122527222$ | PnL: 2.26920406 💵 | Сделок: 7 | WinRate: 85.71%
🔄 2025-09-03 18:58:04 Баланс: 0.683283122527222$ | PnL: 2.26920406 💵 | Сделок: 7 | WinRate: 85.71%
🔄 2025-09-03 19:00:03 Баланс: 0.683283122527222$ | PnL: 2.26920406 💵 | Сделок: 7 | WinRate: 85.71%
🔄 2025-09-03 19:01:55 Баланс: 10.9280131425272$ | PnL: 2.51392316 💵 | Сделок: 8 | WinRate: 87.5%
🔄 2025-09-03 19:03:44 Баланс: 1.04886538207022$ | PnL: 2.65277635 💵 | Сделок: 9 | WinRate: 88.89%
🔄 2025-09-03 19:05:27 Баланс: 1.04886538207022$ | PnL: 2.65277635 💵 | Сделок: 9 | WinRate: 88.89%
🔄 2025-09-03 19:07:08 Баланс: 1.04886538207022$ | PnL: 2.65277635 💵 | Сделок: 9 | WinRate: 88.89%
🔄 2025-09-03 19:08:55 Баланс: 1.04886538207022$ | PnL: 2.65277635 💵 | Сделок: 9 | WinRate: 88.89%
🔄 2025-09-03 19:10:40 Баланс: 1.29691540393702$ | PnL: 2.90986022 💵 | Сделок: 10 | WinRate: 90%
🔄 2025-09-03 19:12:24 Баланс: 1.29691540393702$ | PnL: 2.90986022 💵 | Сделок: 10 | WinRate: 90%
🔄 2025-09-03 19:14:05 Баланс: 1.29691540393702$ | PnL: 2.90986022 💵 | Сделок: 10 | WinRate: 90%
🔄 2025-09-03 19:15:47 Баланс: 1.29691540393702$ | PnL: 2.90986022 💵 | Сделок: 10 | WinRate: 90%
🔄 2025-09-03 19:17:36 Баланс: 1.29691540393702$ | PnL: 2.90986022 💵 | Сделок: 10 | WinRate: 90%
🔄 2025-09-03 19:19:32 Баланс: 1.29691540393702$ | PnL: 2.90986022 💵 | Сделок: 10 | WinRate: 90%
🔄 2025-09-03 19:21:18 Баланс: 1.29691540393702$ | PnL: 2.90986022 💵 | Сделок: 10 | WinRate: 90%
🔄 2025-09-03 19:23:05 Баланс: 1.29691540393702$ | PnL: 2.90986022 💵 | Сделок: 10 | WinRate: 90%
🔄 2025-09-03 19:24:58 Баланс: 1.01752930263892$ | PnL: 2.63947515 💵 | Сделок: 11 | WinRate: 81.82%
🔄 2025-09-03 19:27:27 Баланс: 1.01752930263892$ | PnL: 2.63947515 💵 | Сделок: 11 | WinRate: 81.82%
🔄 2025-09-03 19:29:11 Баланс: 1.01752930263892$ | PnL: 2.63947515 💵 | Сделок: 11 | WinRate: 81.82%
🔄 2025-09-03 19:30:56 Баланс: 1.01752930263892$ | PnL: 2.63947515 💵 | Сделок: 11 | WinRate: 81.82%
🔄 2025-09-03 19:32:40 Баланс: 1.01752930263892$ | PnL: 2.63947515 💵 | Сделок: 11 | WinRate: 81.82%
🔄 2025-09-03 19:34:22 Баланс: 1.01752930263892$ | PnL: 2.63947515 💵 | Сделок: 11 | WinRate: 81.82%
🔄 2025-09-03 19:36:07 Баланс: 1.01752930263892$ | PnL: 2.63947515 💵 | Сделок: 11 | WinRate: 81.82%
🔄 2025-09-03 19:37:53 Баланс: 1.01752930263892$ | PnL: 2.63947515 💵 | Сделок: 11 | WinRate: 81.82%
🔄 2025-09-03 19:39:37 Баланс: 1.01752930263892$ | PnL: 2.63947515 💵 | Сделок: 11 | WinRate: 81.82%
🔄 2025-09-03 19:41:22 Баланс: 1.01752930263892$ | PnL: 2.63947515 💵 | Сделок: 11 | WinRate: 81.82%
🔄 2025-09-03 19:43:06 Баланс: 1.01752930263892$ | PnL: 2.63947515 💵 | Сделок: 11 | WinRate: 81.82%
🔄 2025-09-03 19:44:59 Баланс: 1.01752930263892$ | PnL: 2.63947515 💵 | Сделок: 11 | WinRate: 81.82%
🔄 2025-09-03 19:46:42 Баланс: 1.01752930263892$ | PnL: 2.63947515 💵 | Сделок: 11 | WinRate: 81.82%
🔄 2025-09-03 19:50:09 Баланс: 1.16126467143492$ | PnL: 2.79223243 💵 | Сделок: 12 | WinRate: 83.33%
🔄 2025-09-03 19:52:03 Баланс: 1.16126467143492$ | PnL: 2.79223243 💵 | Сделок: 12 | WinRate: 83.33%
🔄 2025-09-03 19:53:46 Баланс: 1.16126467143492$ | PnL: 2.79223243 💵 | Сделок: 12 | WinRate: 83.33%
🔄 2025-09-03 19:55:27 Баланс: 1.16126467143492$ | PnL: 2.79223243 💵 | Сделок: 12 | WinRate: 83.33%
🔄 2025-09-03 19:57:07 Баланс: 1.16126467143492$ | PnL: 2.79223243 💵 | Сделок: 12 | WinRate: 83.33%
🔄 2025-09-03 19:58:47 Баланс: 1.16126467143492$ | PnL: 2.79223243 💵 | Сделок: 12 | WinRate: 83.33%
🔄 2025-09-03 20:00:35 Баланс: 1.16126467143492$ | PnL: 2.79223243 💵 | Сделок: 12 | WinRate: 83.33%
🔄 2025-09-03 20:02:22 Баланс: 1.29331727207232$ | PnL: 2.93328601 💵 | Сделок: 13 | WinRate: 84.62%
🔄 2025-09-03 20:04:12 Баланс: 2.22118646137812$ | PnL: 3.87015455 💵 | Сделок: 14 | WinRate: 85.71%
🔄 2025-09-03 20:05:59 Баланс: 2.22118646137812$ | PnL: 3.87015455 💵 | Сделок: 14 | WinRate: 85.71%
🔄 2025-09-03 20:07:43 Баланс: 2.22118646137812$ | PnL: 3.87015455 💵 | Сделок: 14 | WinRate: 85.71%
🔄 2025-09-03 20:09:21 Баланс: 2.22118646137812$ | PnL: 3.87015455 💵 | Сделок: 14 | WinRate: 85.71%
🔄 2025-09-03 20:11:01 Баланс: 2.22118646137812$ | PnL: 3.87015455 💵 | Сделок: 14 | WinRate: 85.71%
🔄 2025-09-03 20:12:42 Баланс: 2.22118646137812$ | PnL: 3.87015455 💵 | Сделок: 14 | WinRate: 85.71%
🔄 2025-09-03 20:14:28 Баланс: 2.22118646137812$ | PnL: 3.87015455 💵 | Сделок: 14 | WinRate: 85.71%
🔄 2025-09-03 20:16:14 Баланс: 2.22118646137812$ | PnL: 3.87015455 💵 | Сделок: 14 | WinRate: 85.71%
🔄 2025-09-03 20:17:54 Баланс: 2.22118646137812$ | PnL: 3.87015455 💵 | Сделок: 14 | WinRate: 85.71%
🔄 2025-09-03 20:19:36 Баланс: 2.22118646137812$ | PnL: 3.87015455 💵 | Сделок: 14 | WinRate: 85.71%
🔄 2025-09-03 20:21:20 Баланс: 2.22118646137812$ | PnL: 3.87015455 💵 | Сделок: 14 | WinRate: 85.71%
🔄 2025-09-03 20:23:03 Баланс: 2.22118646137812$ | PnL: 3.87015455 💵 | Сделок: 14 | WinRate: 85.71%
🔄 2025-09-03 20:24:45 Баланс: 2.22118646137812$ | PnL: 3.87015455 💵 | Сделок: 14 | WinRate: 85.71%
🔄 2025-09-03 20:26:28 Баланс: 2.22118646137812$ | PnL: 3.87015455 💵 | Сделок: 14 | WinRate: 85.71%
🔄 2025-09-03 20:28:16 Баланс: 2.22118646137812$ | PnL: 3.87015455 💵 | Сделок: 14 | WinRate: 85.71%
🔄 2025-09-03 20:29:57 Баланс: 2.22118646137812$ | PnL: 3.87015455 💵 | Сделок: 14 | WinRate: 85.71%
🔄 2025-09-03 20:31:46 Баланс: 2.22118646137812$ | PnL: 3.87015455 💵 | Сделок: 14 | WinRate: 85.71%
🔄 2025-09-03 20:33:27 Баланс: 2.22118646137812$ | PnL: 3.87015455 💵 | Сделок: 14 | WinRate: 85.71%
🔄 2025-09-03 20:35:10 Баланс: 2.61982792620072$ | PnL: 4.2778321 💵 | Сделок: 15 | WinRate: 86.67%
🔄 2025-09-03 20:38:14 Баланс: 2.61982792620072$ | PnL: 4.2778321 💵 | Сделок: 15 | WinRate: 86.67%
🔄 2025-09-03 20:40:24 Баланс: 2.40382809764072$ | PnL: 4.07079881 💵 | Сделок: 16 | WinRate: 81.25%
🔄 2025-09-03 20:42:10 Баланс: 2.40382809764072$ | PnL: 4.07079881 💵 | Сделок: 16 | WinRate: 81.25%
🔄 2025-09-03 20:43:53 Баланс: 2.40382809764072$ | PnL: 4.07079881 💵 | Сделок: 16 | WinRate: 81.25%
🔄 2025-09-03 20:45:40 Баланс: 2.40382809764072$ | PnL: 4.07079881 💵 | Сделок: 16 | WinRate: 81.25%
🔄 2025-09-03 20:47:22 Баланс: 2.40382809764072$ | PnL: 4.07079881 💵 | Сделок: 16 | WinRate: 81.25%
🔄 2025-09-03 20:49:05 Баланс: 2.40382809764072$ | PnL: 4.07079881 💵 | Сделок: 16 | WinRate: 81.25%
🔄 2025-09-03 20:50:51 Баланс: 2.40382809764072$ | PnL: 4.07079881 💵 | Сделок: 16 | WinRate: 81.25%
🔄 2025-09-03 20:52:36 Баланс: 2.40382809764072$ | PnL: 4.07079881 💵 | Сделок: 16 | WinRate: 81.25%
🔄 2025-09-03 20:54:24 Баланс: 2.40382809764072$ | PnL: 4.07079881 💵 | Сделок: 16 | WinRate: 81.25%
🔄 2025-09-03 20:56:05 Баланс: 2.23841288209447$ | PnL: 3.91438894 💵 | Сделок: 17 | WinRate: 76.47%
🔄 2025-09-03 20:57:59 Баланс: 2.23841288209447$ | PnL: 3.91438894 💵 | Сделок: 17 | WinRate: 76.47%
🔄 2025-09-03 20:59:46 Баланс: 2.23841288209447$ | PnL: 3.91438894 💵 | Сделок: 17 | WinRate: 76.47%
🔄 2025-09-03 21:01:34 Баланс: 2.23841288209447$ | PnL: 3.91438894 💵 | Сделок: 17 | WinRate: 76.47%
🔄 2025-09-03 21:03:49 Баланс: 2.65187602156867$ | PnL: 4.34583864 💵 | Сделок: 19 | WinRate: 78.95%
🔄 2025-09-03 21:05:41 Баланс: 2.65187602156867$ | PnL: 4.34583864 💵 | Сделок: 19 | WinRate: 78.95%
🔄 2025-09-03 21:07:23 Баланс: 2.65187602156867$ | PnL: 4.34583864 💵 | Сделок: 19 | WinRate: 78.95%
🔄 2025-09-03 21:09:06 Баланс: 2.65187602156867$ | PnL: 4.34583864 💵 | Сделок: 19 | WinRate: 78.95%
🔄 2025-09-03 21:10:50 Баланс: 2.65187602156867$ | PnL: 4.34583864 💵 | Сделок: 19 | WinRate: 78.95%
🔄 2025-09-03 21:12:32 Баланс: 2.65187602156867$ | PnL: 4.34583864 💵 | Сделок: 19 | WinRate: 78.95%
🔄 2025-09-03 21:14:17 Баланс: 2.65187602156867$ | PnL: 4.34583864 💵 | Сделок: 19 | WinRate: 78.95%
🔄 2025-09-03 21:16:01 Баланс: 2.65187602156867$ | PnL: 4.34583864 💵 | Сделок: 19 | WinRate: 78.95%
🔄 2025-09-03 21:17:55 Баланс: 2.90584262199167$ | PnL: 4.60880893 💵 | Сделок: 20 | WinRate: 80%
🔄 2025-09-03 21:20:06 Баланс: 3.19060732609167$ | PnL: 4.90249403 💵 | Сделок: 21 | WinRate: 80.95%
🔄 2025-09-03 21:21:49 Баланс: 3.33460555137167$ | PnL: 5.05547287 💵 | Сделок: 22 | WinRate: 81.82%
🔄 2025-09-03 21:23:29 Баланс: 3.33460555137167$ | PnL: 5.05547287 💵 | Сделок: 22 | WinRate: 81.82%
🔄 2025-09-03 21:25:12 Баланс: 3.33460555137167$ | PnL: 5.05547287 💵 | Сделок: 22 | WinRate: 81.82%
🔄 2025-09-03 21:26:59 Баланс: 3.33460555137167$ | PnL: 5.05547287 💵 | Сделок: 22 | WinRate: 81.82%
🔄 2025-09-03 21:28:56 Баланс: 3.65871943647167$ | PnL: 5.38854568 💵 | Сделок: 23 | WinRate: 82.61%
🔄 2025-09-03 21:30:35 Баланс: 3.65871943647167$ | PnL: 5.38854568 💵 | Сделок: 23 | WinRate: 82.61%
🔄 2025-09-03 21:32:20 Баланс: 3.87104673055067$ | PnL: 5.60988311 💵 | Сделок: 24 | WinRate: 83.33%
🔄 2025-09-03 21:34:02 Баланс: 3.87104673055067$ | PnL: 5.60988311 💵 | Сделок: 24 | WinRate: 83.33%
🔄 2025-09-03 21:35:51 Баланс: 4.05760484737317$ | PnL: 5.80543967 💵 | Сделок: 25 | WinRate: 84%
🔄 2025-09-03 21:37:35 Баланс: 4.05760484737317$ | PnL: 5.80543967 💵 | Сделок: 25 | WinRate: 84%
🔄 2025-09-03 21:39:16 Баланс: 4.05760484737317$ | PnL: 5.80543967 💵 | Сделок: 25 | WinRate: 84%
🔄 2025-09-03 21:43:21 Баланс: 4.05760484737317$ | PnL: 5.80543967 💵 | Сделок: 25 | WinRate: 84%
🔄 2025-09-03 21:45:10 Баланс: 4.05760484737317$ | PnL: 5.80543967 💵 | Сделок: 25 | WinRate: 84%
🔄 2025-09-03 21:46:52 Баланс: 4.05760484737317$ | PnL: 5.80543967 💵 | Сделок: 25 | WinRate: 84%
🔄 2025-09-03 21:48:41 Баланс: 4.05760484737317$ | PnL: 5.80543967 💵 | Сделок: 25 | WinRate: 84%
🔄 2025-09-03 21:50:27 Баланс: 4.06089419170513$ | PnL: 5.84552909 💵 | Сделок: 26 | WinRate: 84.62%
🔄 2025-09-03 21:52:09 Баланс: 4.06089419170513$ | PnL: 5.84552909 💵 | Сделок: 26 | WinRate: 84.62%
🔄 2025-09-03 21:53:49 Баланс: 4.06089419170513$ | PnL: 5.84552909 💵 | Сделок: 26 | WinRate: 84.62%
🔄 2025-09-03 21:55:28 Баланс: 4.06089419170513$ | PnL: 5.84552909 💵 | Сделок: 26 | WinRate: 84.62%
🔄 2025-09-03 21:57:34 Баланс: 4.33888947370513$ | PnL: 6.14505724 💵 | Сделок: 27 | WinRate: 85.19%
🔄 2025-09-03 21:59:15 Баланс: 4.33888947370513$ | PnL: 6.14505724 💵 | Сделок: 27 | WinRate: 85.19%
🔄 2025-09-03 22:00:55 Баланс: 4.33888947370513$ | PnL: 6.14505724 💵 | Сделок: 27 | WinRate: 85.19%
🔄 2025-09-03 22:02:36 Баланс: 4.33888947370513$ | PnL: 6.14505724 💵 | Сделок: 27 | WinRate: 85.19%
🔄 2025-09-03 22:04:15 Баланс: 4.33888947370513$ | PnL: 6.14505724 💵 | Сделок: 27 | WinRate: 85.19%
🔄 2025-09-03 22:05:55 Баланс: 4.33888947370513$ | PnL: 6.14505724 💵 | Сделок: 27 | WinRate: 85.19%
🔄 2025-09-03 22:07:35 Баланс: 4.33888947370513$ | PnL: 6.14505724 💵 | Сделок: 27 | WinRate: 85.19%
🔄 2025-09-03 22:09:17 Баланс: 4.33888947370513$ | PnL: 6.14505724 💵 | Сделок: 27 | WinRate: 85.19%
🔄 2025-09-03 22:10:56 Баланс: 4.33888947370513$ | PnL: 6.14505724 💵 | Сделок: 27 | WinRate: 85.19%
🔄 2025-09-03 22:12:37 Баланс: 4.33888947370513$ | PnL: 6.14505724 💵 | Сделок: 27 | WinRate: 85.19%
🔄 2025-09-03 22:14:18 Баланс: 4.33888947370513$ | PnL: 6.14505724 💵 | Сделок: 27 | WinRate: 85.19%
🔄 2025-09-03 22:15:58 Баланс: 4.33888947370513$ | PnL: 6.14505724 💵 | Сделок: 27 | WinRate: 85.19%
🔄 2025-09-03 22:17:41 Баланс: 4.33888947370513$ | PnL: 6.14505724 💵 | Сделок: 27 | WinRate: 85.19%
🔄 2025-09-03 22:19:19 Баланс: 4.33888947370513$ | PnL: 6.14505724 💵 | Сделок: 27 | WinRate: 85.19%
🔄 2025-09-03 22:21:02 Баланс: 4.33888947370513$ | PnL: 6.14505724 💵 | Сделок: 27 | WinRate: 85.19%
🔄 2025-09-03 22:23:00 Баланс: 4.20979913204313$ | PnL: 6.02496056 💵 | Сделок: 28 | WinRate: 82.14%
🔄 2025-09-03 22:24:42 Баланс: 4.20979913204313$ | PnL: 6.02496056 💵 | Сделок: 28 | WinRate: 82.14%
🔄 2025-09-03 22:27:01 Баланс: 4.20979913204313$ | PnL: 6.02496056 💵 | Сделок: 28 | WinRate: 82.14%
🔄 2025-09-03 22:28:43 Баланс: 4.20979913204313$ | PnL: 6.02496056 💵 | Сделок: 28 | WinRate: 82.14%
🔄 2025-09-03 22:30:22 Баланс: 4.20979913204313$ | PnL: 6.02496056 💵 | Сделок: 28 | WinRate: 82.14%
🔄 2025-09-03 22:32:00 Баланс: 4.20979913204313$ | PnL: 6.02496056 💵 | Сделок: 28 | WinRate: 82.14%
🔄 2025-09-03 22:33:41 Баланс: 4.20979913204313$ | PnL: 6.02496056 💵 | Сделок: 28 | WinRate: 82.14%
🔄 2025-09-03 22:35:24 Баланс: 4.20979913204313$ | PnL: 6.02496056 💵 | Сделок: 28 | WinRate: 82.14%
🔄 2025-09-03 22:37:17 Баланс: 4.20979913204313$ | PnL: 6.02496056 💵 | Сделок: 28 | WinRate: 82.14%
🔄 2025-09-03 22:38:57 Баланс: 4.20979913204313$ | PnL: 6.02496056 💵 | Сделок: 28 | WinRate: 82.14%
🔄 2025-09-03 22:40:41 Баланс: 4.20979913204313$ | PnL: 6.02496056 💵 | Сделок: 28 | WinRate: 82.14%
🔄 2025-09-03 22:42:30 Баланс: 4.20979913204313$ | PnL: 6.02496056 💵 | Сделок: 28 | WinRate: 82.14%
🔄 2025-09-03 22:44:09 Баланс: 4.20979913204313$ | PnL: 6.02496056 💵 | Сделок: 28 | WinRate: 82.14%
🔄 2025-09-03 22:46:28 Баланс: 3.79160044990313$ | PnL: 5.62476868 💵 | Сделок: 30 | WinRate: 80%
🔄 2025-09-03 22:49:55 Баланс: 3.39515495970049$ | PnL: 5.2449242 💵 | Сделок: 33 | WinRate: 72.73%
🔄 2025-09-03 22:54:43 Баланс: 2.96597239600859$ | PnL: 4.83867128 💵 | Сделок: 35 | WinRate: 68.57%
🔄 2025-09-03 22:56:26 Баланс: 2.96597239600859$ | PnL: 4.83867128 💵 | Сделок: 35 | WinRate: 68.57%
🔄 2025-09-03 22:58:07 Баланс: 2.96597239600859$ | PnL: 4.83867128 💵 | Сделок: 35 | WinRate: 68.57%
🔄 2025-09-03 22:59:50 Баланс: 2.96597239600859$ | PnL: 4.83867128 💵 | Сделок: 35 | WinRate: 68.57%
🔄 2025-09-03 23:01:30 Баланс: 2.96597239600859$ | PnL: 4.83867128 💵 | Сделок: 35 | WinRate: 68.57%
🔄 2025-09-03 23:03:12 Баланс: 2.96597239600859$ | PnL: 4.83867128 💵 | Сделок: 35 | WinRate: 68.57%
🔄 2025-09-03 23:04:51 Баланс: 2.96597239600859$ | PnL: 4.83867128 💵 | Сделок: 35 | WinRate: 68.57%
🔄 2025-09-03 23:06:33 Баланс: 2.96597239600859$ | PnL: 4.83867128 💵 | Сделок: 35 | WinRate: 68.57%
🔄 2025-09-03 23:08:16 Баланс: 2.96597239600859$ | PnL: 4.83867128 💵 | Сделок: 35 | WinRate: 68.57%
🔄 2025-09-03 23:09:58 Баланс: 2.96597239600859$ | PnL: 4.83867128 💵 | Сделок: 35 | WinRate: 68.57%
🔄 2025-09-03 23:11:41 Баланс: 2.96597239600859$ | PnL: 4.83867128 💵 | Сделок: 35 | WinRate: 68.57%
🔄 2025-09-03 23:13:22 Баланс: 2.96597239600859$ | PnL: 4.83867128 💵 | Сделок: 35 | WinRate: 68.57%
🔄 2025-09-03 23:15:01 Баланс: 2.96597239600859$ | PnL: 4.83867128 💵 | Сделок: 35 | WinRate: 68.57%
🔄 2025-09-03 23:16:40 Баланс: 2.96597239600859$ | PnL: 4.83867128 💵 | Сделок: 35 | WinRate: 68.57%
🔄 2025-09-03 23:18:23 Баланс: 2.96597239600859$ | PnL: 4.83867128 💵 | Сделок: 35 | WinRate: 68.57%
🔄 2025-09-03 23:20:04 Баланс: 2.96597239600859$ | PnL: 4.83867128 💵 | Сделок: 35 | WinRate: 68.57%
🔄 2025-09-03 23:21:44 Баланс: 2.96597239600859$ | PnL: 4.83867128 💵 | Сделок: 35 | WinRate: 68.57%
🔄 2025-09-03 23:23:28 Баланс: 2.96597239600859$ | PnL: 4.83867128 💵 | Сделок: 35 | WinRate: 68.57%
🔄 2025-09-03 23:25:09 Баланс: 2.96597239600859$ | PnL: 4.83867128 💵 | Сделок: 35 | WinRate: 68.57%
🔄 2025-09-03 23:26:49 Баланс: 2.96597239600859$ | PnL: 4.83867128 💵 | Сделок: 35 | WinRate: 68.57%
🔄 2025-09-03 23:28:29 Баланс: 2.96597239600859$ | PnL: 4.83867128 💵 | Сделок: 35 | WinRate: 68.57%
🔄 2025-09-03 23:30:11 Баланс: 2.96597239600859$ | PnL: 4.83867128 💵 | Сделок: 35 | WinRate: 68.57%
🔄 2025-09-03 23:31:51 Баланс: 2.96597239600859$ | PnL: 4.83867128 💵 | Сделок: 35 | WinRate: 68.57%
🔄 2025-09-03 23:33:33 Баланс: 2.96597239600859$ | PnL: 4.83867128 💵 | Сделок: 35 | WinRate: 68.57%
🔄 2025-09-03 23:35:12 Баланс: 2.96597239600859$ | PnL: 4.83867128 💵 | Сделок: 35 | WinRate: 68.57%
🔄 2025-09-03 23:36:52 Баланс: 2.96597239600859$ | PnL: 4.83867128 💵 | Сделок: 35 | WinRate: 68.57%
🔄 2025-09-03 23:38:32 Баланс: 2.96597239600859$ | PnL: 4.83867128 💵 | Сделок: 35 | WinRate: 68.57%
🔄 2025-09-03 23:40:26 Баланс: 12.4528204216086$ | PnL: 4.32551923 💵 | Сделок: 36 | WinRate: 66.67%
🔄 2025-09-03 23:43:08 Баланс: 2.44381473849839$ | PnL: 4.32551923 💵 | Сделок: 36 | WinRate: 66.67%
🔄 2025-09-03 23:44:48 Баланс: 2.44381473849839$ | PnL: 4.32551923 💵 | Сделок: 36 | WinRate: 66.67%
🔄 2025-09-03 23:46:31 Баланс: 2.44381473849839$ | PnL: 4.32551923 💵 | Сделок: 36 | WinRate: 66.67%
🔄 2025-09-03 23:48:11 Баланс: 2.44381473849839$ | PnL: 4.32551923 💵 | Сделок: 36 | WinRate: 66.67%
🔄 2025-09-03 23:49:50 Баланс: 2.44381473849839$ | PnL: 4.32551923 💵 | Сделок: 36 | WinRate: 66.67%
🔄 2025-09-03 23:51:29 Баланс: 2.44381473849839$ | PnL: 4.32551923 💵 | Сделок: 36 | WinRate: 66.67%
🔄 2025-09-03 23:53:11 Баланс: 2.63543943546639$ | PnL: 4.52615141 💵 | Сделок: 37 | WinRate: 67.57%
🔄 2025-09-03 23:54:53 Баланс: 2.63543943546639$ | PnL: 4.52615141 💵 | Сделок: 37 | WinRate: 67.57%
🔄 2025-09-03 23:56:33 Баланс: 2.63543943546639$ | PnL: 4.52615141 💵 | Сделок: 37 | WinRate: 67.57%
🔄 2025-09-03 23:58:13 Баланс: 2.63543943546639$ | PnL: 4.52615141 💵 | Сделок: 37 | WinRate: 67.57%
🔄 2025-09-03 23:59:58 Баланс: 2.85608768135639$ | PnL: 4.75576416 💵 | Сделок: 38 | WinRate: 68.42%
🔄 2025-09-04 00:01:37 Баланс: 2.85608768135639$ | PnL: 4.75576416 💵 | Сделок: 38 | WinRate: 68.42%
🔄 2025-09-04 00:03:28 Баланс: 3.15913737335639$ | PnL: 5.0408069 💵 | Сделок: 39 | WinRate: 69.23%
🔄 2025-09-04 00:05:12 Баланс: 3.15913737335639$ | PnL: 5.0408069 💵 | Сделок: 39 | WinRate: 69.23%
🔄 2025-09-04 00:07:05 Баланс: 3.15913737335639$ | PnL: 5.0408069 💵 | Сделок: 39 | WinRate: 69.23%
🔄 2025-09-04 00:08:56 Баланс: 3.31368454996479$ | PnL: 5.20434667 💵 | Сделок: 40 | WinRate: 70%
🔄 2025-09-04 00:10:37 Баланс: 3.31368454996479$ | PnL: 5.20434667 💵 | Сделок: 40 | WinRate: 70%
🔄 2025-09-04 00:12:17 Баланс: 3.31368454996479$ | PnL: 5.20434667 💵 | Сделок: 40 | WinRate: 70%
🔄 2025-09-04 00:14:00 Баланс: 3.31368454996479$ | PnL: 5.20434667 💵 | Сделок: 40 | WinRate: 70%
🔄 2025-09-04 00:15:41 Баланс: 3.31368454996479$ | PnL: 5.20434667 💵 | Сделок: 40 | WinRate: 70%
🔄 2025-09-04 00:17:22 Баланс: 3.31368454996479$ | PnL: 5.20434667 💵 | Сделок: 40 | WinRate: 70%
🔄 2025-09-04 00:19:44 Баланс: 3.31368454996479$ | PnL: 5.20434667 💵 | Сделок: 40 | WinRate: 70%
🔄 2025-09-04 00:22:49 Баланс: 12.9825097099648$ | PnL: 4.87317665 💵 | Сделок: 41 | WinRate: 68.29%
🔄 2025-09-04 00:24:36 Баланс: 2.97350139448759$ | PnL: 4.87317665 💵 | Сделок: 41 | WinRate: 68.29%
🔄 2025-09-04 00:29:01 Баланс: 12.5985672663276$ | PnL: 4.50687894 💵 | Сделок: 43 | WinRate: 65.12%
🔄 2025-09-04 00:33:23 Баланс: 2.58958157919759$ | PnL: 4.50687894 💵 | Сделок: 43 | WinRate: 65.12%
🔄 2025-09-04 00:35:05 Баланс: 2.58958157919759$ | PnL: 4.50687894 💵 | Сделок: 43 | WinRate: 65.12%
🔄 2025-09-04 00:36:42 Баланс: 2.58958157919759$ | PnL: 4.50687894 💵 | Сделок: 43 | WinRate: 65.12%
🔄 2025-09-04 00:38:22 Баланс: 2.58958157919759$ | PnL: 4.50687894 💵 | Сделок: 43 | WinRate: 65.12%
🔄 2025-09-04 00:40:01 Баланс: 2.58958157919759$ | PnL: 4.50687894 💵 | Сделок: 43 | WinRate: 65.12%
🔄 2025-09-04 00:41:37 Баланс: 2.58958157919759$ | PnL: 4.50687894 💵 | Сделок: 43 | WinRate: 65.12%
🔄 2025-09-04 00:43:14 Баланс: 2.58958157919759$ | PnL: 4.50687894 💵 | Сделок: 43 | WinRate: 65.12%
🔄 2025-09-04 00:44:49 Баланс: 2.58958157919759$ | PnL: 4.50687894 💵 | Сделок: 43 | WinRate: 65.12%
🔄 2025-09-04 00:46:24 Баланс: 2.58958157919759$ | PnL: 4.50687894 💵 | Сделок: 43 | WinRate: 65.12%
🔄 2025-09-04 00:48:00 Баланс: 2.58958157919759$ | PnL: 4.50687894 💵 | Сделок: 43 | WinRate: 65.12%
🔄 2025-09-04 00:49:37 Баланс: 2.58958157919759$ | PnL: 4.50687894 💵 | Сделок: 43 | WinRate: 65.12%
🔄 2025-09-04 00:51:15 Баланс: 2.58958157919759$ | PnL: 4.50687894 💵 | Сделок: 43 | WinRate: 65.12%
🔄 2025-09-04 00:52:52 Баланс: 2.58958157919759$ | PnL: 4.50687894 💵 | Сделок: 43 | WinRate: 65.12%
🔄 2025-09-04 00:54:31 Баланс: 2.58958157919759$ | PnL: 4.50687894 💵 | Сделок: 43 | WinRate: 65.12%
🔄 2025-09-04 00:56:09 Баланс: 2.58958157919759$ | PnL: 4.50687894 💵 | Сделок: 43 | WinRate: 65.12%
🔄 2025-09-04 00:57:58 Баланс: 12.5519673591976$ | PnL: 4.45674472 💵 | Сделок: 44 | WinRate: 63.64%
🔄 2025-09-04 01:00:51 Баланс: 2.54294854227759$ | PnL: 4.45674472 💵 | Сделок: 44 | WinRate: 63.64%
🔄 2025-09-04 01:02:30 Баланс: 2.54294854227759$ | PnL: 4.45674472 💵 | Сделок: 44 | WinRate: 63.64%
🔄 2025-09-04 01:04:07 Баланс: 2.54294854227759$ | PnL: 4.45674472 💵 | Сделок: 44 | WinRate: 63.64%
🔄 2025-09-04 01:05:43 Баланс: 2.54294854227759$ | PnL: 4.45674472 💵 | Сделок: 44 | WinRate: 63.64%
🔄 2025-09-04 01:07:18 Баланс: 2.54294854227759$ | PnL: 4.45674472 💵 | Сделок: 44 | WinRate: 63.64%
🔄 2025-09-04 01:08:54 Баланс: 2.54294854227759$ | PnL: 4.45674472 💵 | Сделок: 44 | WinRate: 63.64%
🔄 2025-09-04 01:11:05 Баланс: 2.75080256062489$ | PnL: 4.70087724 💵 | Сделок: 45 | WinRate: 64.44%
🔄 2025-09-04 01:12:44 Баланс: 2.75080256062489$ | PnL: 4.70087724 💵 | Сделок: 45 | WinRate: 64.44%
🔄 2025-09-04 01:14:19 Баланс: 2.75080256062489$ | PnL: 4.70087724 💵 | Сделок: 45 | WinRate: 64.44%
🔄 2025-09-04 01:16:36 Баланс: 2.88506889262489$ | PnL: 4.85241986 💵 | Сделок: 46 | WinRate: 65.22%
🔄 2025-09-04 01:18:11 Баланс: 2.88506889262489$ | PnL: 4.85241986 💵 | Сделок: 46 | WinRate: 65.22%
🔄 2025-09-04 01:19:46 Баланс: 2.88506889262489$ | PnL: 4.85241986 💵 | Сделок: 46 | WinRate: 65.22%
🔄 2025-09-04 01:21:22 Баланс: 2.88506889262489$ | PnL: 4.85241986 💵 | Сделок: 46 | WinRate: 65.22%
🔄 2025-09-04 01:23:00 Баланс: 2.88506889262489$ | PnL: 4.85241986 💵 | Сделок: 46 | WinRate: 65.22%
🔄 2025-09-04 01:24:35 Баланс: 2.88506889262489$ | PnL: 4.85241986 💵 | Сделок: 46 | WinRate: 65.22%
🔄 2025-09-04 01:26:39 Баланс: 13.3405853826249$ | PnL: 5.30795065 💵 | Сделок: 47 | WinRate: 65.96%
🔄 2025-09-04 01:30:52 Баланс: 3.33160229783489$ | PnL: 5.30795065 💵 | Сделок: 47 | WinRate: 65.96%
🔄 2025-09-04 01:32:30 Баланс: 3.33160229783489$ | PnL: 5.30795065 💵 | Сделок: 47 | WinRate: 65.96%
🔄 2025-09-04 01:35:20 Баланс: 13.2356648078349$ | PnL: 5.21200356 💵 | Сделок: 48 | WinRate: 64.58%
🔄 2025-09-04 01:40:01 Баланс: 13.2356648078349$ | PnL: 5.21200356 💵 | Сделок: 48 | WinRate: 64.58%
🔄 2025-09-04 01:44:37 Баланс: 13.2356648078349$ | PnL: 5.21200356 💵 | Сделок: 48 | WinRate: 64.58%
🔄 2025-09-04 01:49:17 Баланс: 13.2356648078349$ | PnL: 5.21200356 💵 | Сделок: 48 | WinRate: 64.58%
🔄 2025-09-04 01:52:42 Баланс: 3.22665970324489$ | PnL: 5.21200356 💵 | Сделок: 48 | WinRate: 64.58%
🔄 2025-09-04 01:54:19 Баланс: 3.22665970324489$ | PnL: 5.21200356 💵 | Сделок: 48 | WinRate: 64.58%
🔄 2025-09-04 01:55:57 Баланс: 3.22665970324489$ | PnL: 5.21200356 💵 | Сделок: 48 | WinRate: 64.58%
🔄 2025-09-04 01:57:33 Баланс: 3.22665970324489$ | PnL: 5.21200356 💵 | Сделок: 48 | WinRate: 64.58%
🔄 2025-09-04 01:59:08 Баланс: 3.22665970324489$ | PnL: 5.21200356 💵 | Сделок: 48 | WinRate: 64.58%
🔄 2025-09-04 02:01:43 Баланс: 13.4478551932449$ | PnL: 5.43292975 💵 | Сделок: 49 | WinRate: 65.31%
🔄 2025-09-04 02:03:25 Баланс: 3.4388567946849$ | PnL: 5.43292975 💵 | Сделок: 49 | WinRate: 65.31%
🔄 2025-09-04 02:05:01 Баланс: 3.4388567946849$ | PnL: 5.43292975 💵 | Сделок: 49 | WinRate: 65.31%
🔄 2025-09-04 02:06:37 Баланс: 3.4388567946849$ | PnL: 5.43292975 💵 | Сделок: 49 | WinRate: 65.31%
🔄 2025-09-04 02:08:13 Баланс: 3.4388567946849$ | PnL: 5.43292975 💵 | Сделок: 49 | WinRate: 65.31%
🔄 2025-09-04 02:11:16 Баланс: 3.4388567946849$ | PnL: 5.43292975 💵 | Сделок: 49 | WinRate: 65.31%
🔄 2025-09-04 02:12:57 Баланс: 3.4388567946849$ | PnL: 5.43292975 💵 | Сделок: 49 | WinRate: 65.31%
🔄 2025-09-04 02:14:34 Баланс: 3.4388567946849$ | PnL: 5.43292975 💵 | Сделок: 49 | WinRate: 65.31%
🔄 2025-09-04 02:17:57 Баланс: 13.6998845746849$ | PnL: 5.69393873 💵 | Сделок: 50 | WinRate: 66%
🔄 2025-09-04 02:21:26 Баланс: 3.6908861761249$ | PnL: 5.69393873 💵 | Сделок: 50 | WinRate: 66%
🔄 2025-09-04 02:23:03 Баланс: 3.6908861761249$ | PnL: 5.69393873 💵 | Сделок: 50 | WinRate: 66%
🔄 2025-09-04 02:24:39 Баланс: 3.6908861761249$ | PnL: 5.69393873 💵 | Сделок: 50 | WinRate: 66%
🔄 2025-09-04 02:26:15 Баланс: 3.6908861761249$ | PnL: 5.69393873 💵 | Сделок: 50 | WinRate: 66%
🔄 2025-09-04 02:27:53 Баланс: 3.6908861761249$ | PnL: 5.69393873 💵 | Сделок: 50 | WinRate: 66%
🔄 2025-09-04 02:29:29 Баланс: 3.6908861761249$ | PnL: 5.69393873 💵 | Сделок: 50 | WinRate: 66%
🔄 2025-09-04 02:31:05 Баланс: 3.6908861761249$ | PnL: 5.69393873 💵 | Сделок: 50 | WinRate: 66%
🔄 2025-09-04 02:32:43 Баланс: 3.6908861761249$ | PnL: 5.69393873 💵 | Сделок: 50 | WinRate: 66%
🔄 2025-09-04 02:34:19 Баланс: 3.6908861761249$ | PnL: 5.69393873 💵 | Сделок: 50 | WinRate: 66%
🔄 2025-09-04 02:35:54 Баланс: 3.6908861761249$ | PnL: 5.69393873 💵 | Сделок: 50 | WinRate: 66%
🔄 2025-09-04 02:37:30 Баланс: 3.6908861761249$ | PnL: 5.69393873 💵 | Сделок: 50 | WinRate: 66%
🔄 2025-09-04 02:39:07 Баланс: 3.6908861761249$ | PnL: 5.69393873 💵 | Сделок: 50 | WinRate: 66%
🔄 2025-09-04 02:40:43 Баланс: 3.6908861761249$ | PnL: 5.69393873 💵 | Сделок: 50 | WinRate: 66%
🔄 2025-09-04 02:42:19 Баланс: 3.6908861761249$ | PnL: 5.69393873 💵 | Сделок: 50 | WinRate: 66%
🔄 2025-09-04 02:44:02 Баланс: 3.6908861761249$ | PnL: 5.69393873 💵 | Сделок: 50 | WinRate: 66%
🔄 2025-09-04 02:46:21 Баланс: 3.6908861761249$ | PnL: 5.69393873 💵 | Сделок: 50 | WinRate: 66%
🔄 2025-09-04 02:47:58 Баланс: 3.6908861761249$ | PnL: 5.69393873 💵 | Сделок: 50 | WinRate: 66%
🔄 2025-09-04 02:49:35 Баланс: 3.6908861761249$ | PnL: 5.69393873 💵 | Сделок: 50 | WinRate: 66%
🔄 2025-09-04 02:51:13 Баланс: 3.6908861761249$ | PnL: 5.69393873 💵 | Сделок: 50 | WinRate: 66%
🔄 2025-09-04 02:52:49 Баланс: 3.6908861761249$ | PnL: 5.69393873 💵 | Сделок: 50 | WinRate: 66%
🔄 2025-09-04 02:54:26 Баланс: 3.6908861761249$ | PnL: 5.69393873 💵 | Сделок: 50 | WinRate: 66%
🔄 2025-09-04 02:56:48 Баланс: 3.2888094959449$ | PnL: 5.30099416 💵 | Сделок: 51 | WinRate: 64.71%
🔄 2025-09-04 02:58:23 Баланс: 3.2888094959449$ | PnL: 5.30099416 💵 | Сделок: 51 | WinRate: 64.71%
🔄 2025-09-04 03:00:00 Баланс: 3.2888094959449$ | PnL: 5.30099416 💵 | Сделок: 51 | WinRate: 64.71%
🔄 2025-09-04 03:01:37 Баланс: 3.2888094959449$ | PnL: 5.30099416 💵 | Сделок: 51 | WinRate: 64.71%
🔄 2025-09-04 03:03:15 Баланс: 3.2888094959449$ | PnL: 5.30099416 💵 | Сделок: 51 | WinRate: 64.71%
🔄 2025-09-04 03:04:54 Баланс: 3.2888094959449$ | PnL: 5.30099416 💵 | Сделок: 51 | WinRate: 64.71%
🔄 2025-09-04 03:06:31 Баланс: 3.2888094959449$ | PnL: 5.30099416 💵 | Сделок: 51 | WinRate: 64.71%
🔄 2025-09-04 03:08:09 Баланс: 3.2888094959449$ | PnL: 5.30099416 💵 | Сделок: 51 | WinRate: 64.71%
🔄 2025-09-04 03:09:46 Баланс: 3.2888094959449$ | PnL: 5.30099416 💵 | Сделок: 51 | WinRate: 64.71%
🔄 2025-09-04 03:11:21 Баланс: 3.2888094959449$ | PnL: 5.30099416 💵 | Сделок: 51 | WinRate: 64.71%
🔄 2025-09-04 03:12:58 Баланс: 3.2888094959449$ | PnL: 5.30099416 💵 | Сделок: 51 | WinRate: 64.71%
🔄 2025-09-04 03:14:35 Баланс: 3.2888094959449$ | PnL: 5.30099416 💵 | Сделок: 51 | WinRate: 64.71%
🔄 2025-09-04 03:16:54 Баланс: 3.2888094959449$ | PnL: 5.30099416 💵 | Сделок: 51 | WinRate: 64.71%
🔄 2025-09-04 03:18:29 Баланс: 3.2888094959449$ | PnL: 5.30099416 💵 | Сделок: 51 | WinRate: 64.71%
🔄 2025-09-04 03:20:05 Баланс: 3.2888094959449$ | PnL: 5.30099416 💵 | Сделок: 51 | WinRate: 64.71%
🔄 2025-09-04 03:22:13 Баланс: 13.8016052059449$ | PnL: 5.81380677 💵 | Сделок: 52 | WinRate: 65.38%
🔄 2025-09-04 03:26:57 Баланс: 13.8016052059449$ | PnL: 5.81380677 💵 | Сделок: 52 | WinRate: 65.38%
🔄 2025-09-04 03:31:38 Баланс: 13.8016052059449$ | PnL: 5.81380677 💵 | Сделок: 52 | WinRate: 65.38%
🔄 2025-09-04 03:36:15 Баланс: 23.6949025159449$ | PnL: 5.70710568 💵 | Сделок: 53 | WinRate: 64.15%
🔄 2025-09-04 03:40:56 Баланс: 33.5881998259449$ | PnL: 5.60040459 💵 | Сделок: 54 | WinRate: 62.96%
🔄 2025-09-04 03:45:33 Баланс: 43.4694539689449$ | PnL: 5.48166023 💵 | Сделок: 55 | WinRate: 61.82%
🔄 2025-09-04 03:50:59 Баланс: 53.2381253689449$ | PnL: 5.25031895 💵 | Сделок: 56 | WinRate: 60.71%
🔄 2025-09-04 03:56:29 Баланс: 53.2381253689449$ | PnL: 5.25031895 💵 | Сделок: 56 | WinRate: 60.71%
🔄 2025-09-04 04:01:11 Баланс: 53.2381253689449$ | PnL: 5.25031895 💵 | Сделок: 56 | WinRate: 60.71%
🔄 2025-09-04 04:05:53 Баланс: 63.4630200289449$ | PnL: 5.47526261 💵 | Сделок: 57 | WinRate: 61.4%
🔄 2025-09-04 04:11:15 Баланс: 73.6889751789449$ | PnL: 5.70121259 💵 | Сделок: 58 | WinRate: 62.07%
🔄 2025-09-04 04:16:02 Баланс: 73.6889751789449$ | PnL: 5.70121259 💵 | Сделок: 58 | WinRate: 62.07%
🔄 2025-09-04 04:20:47 Баланс: 73.6889751789449$ | PnL: 5.70121259 💵 | Сделок: 58 | WinRate: 62.07%
🔄 2025-09-04 04:25:39 Баланс: 73.6889751789449$ | PnL: 5.70121259 💵 | Сделок: 58 | WinRate: 62.07%
🔄 2025-09-04 04:30:18 Баланс: 83.8685631189449$ | PnL: 5.88156053 💵 | Сделок: 59 | WinRate: 62.71%
🔄 2025-09-04 04:35:02 Баланс: 83.8685631189449$ | PnL: 5.88156053 💵 | Сделок: 59 | WinRate: 62.71%
🔄 2025-09-04 04:39:54 Баланс: 83.8685631189449$ | PnL: 5.88156053 💵 | Сделок: 59 | WinRate: 62.71%
🔄 2025-09-04 04:45:23 Баланс: 83.8685631189449$ | PnL: 5.88156053 💵 | Сделок: 59 | WinRate: 62.71%
🔄 2025-09-04 04:50:09 Баланс: 83.8685631189449$ | PnL: 5.88156053 💵 | Сделок: 59 | WinRate: 62.71%
🔄 2025-09-04 04:55:36 Баланс: 83.8685631189449$ | PnL: 5.88156053 💵 | Сделок: 59 | WinRate: 62.71%
🔄 2025-09-04 05:00:26 Баланс: 83.8685631189449$ | PnL: 5.88156053 💵 | Сделок: 59 | WinRate: 62.71%
🔄 2025-09-04 05:05:15 Баланс: 83.8685631189449$ | PnL: 5.88156053 💵 | Сделок: 59 | WinRate: 62.71%
🔄 2025-09-04 05:09:57 Баланс: 103.492615553945$ | PnL: 5.50561328 💵 | Сделок: 61 | WinRate: 60.66%
🔄 2025-09-04 05:14:42 Баланс: 103.492615553945$ | PnL: 5.50561328 💵 | Сделок: 61 | WinRate: 60.66%
🔄 2025-09-04 05:20:20 Баланс: 152.829471023945$ | PnL: 4.84243049 💵 | Сделок: 66 | WinRate: 56.06%
🔄 2025-09-04 05:25:04 Баланс: 152.829471023945$ | PnL: 4.84243049 💵 | Сделок: 66 | WinRate: 56.06%
🔄 2025-09-04 05:30:33 Баланс: 152.829471023945$ | PnL: 4.84243049 💵 | Сделок: 66 | WinRate: 56.06%
🔄 2025-09-04 05:35:26 Баланс: 152.829471023945$ | PnL: 4.84243049 💵 | Сделок: 66 | WinRate: 56.06%
🔄 2025-09-04 05:41:39 Баланс: 152.829471023945$ | PnL: 4.84243049 💵 | Сделок: 66 | WinRate: 56.06%
🔄 2025-09-04 05:46:34 Баланс: 152.829471023945$ | PnL: 4.84243049 💵 | Сделок: 66 | WinRate: 56.06%
🔄 2025-09-04 05:51:18 Баланс: 152.829471023945$ | PnL: 4.84243049 💵 | Сделок: 66 | WinRate: 56.06%
🔄 2025-09-04 05:56:04 Баланс: 152.829471023945$ | PnL: 4.84243049 💵 | Сделок: 66 | WinRate: 56.06%
🔄 2025-09-04 06:00:54 Баланс: 152.829471023945$ | PnL: 4.84243049 💵 | Сделок: 66 | WinRate: 56.06%
🔄 2025-09-04 06:05:52 Баланс: 152.829471023945$ | PnL: 4.84243049 💵 | Сделок: 66 | WinRate: 56.06%
🔄 2025-09-04 06:10:45 Баланс: 162.654623333945$ | PnL: 4.66757714 💵 | Сделок: 67 | WinRate: 55.22%
🔄 2025-09-04 06:16:15 Баланс: 172.496773423945$ | PnL: 4.50973123 💵 | Сделок: 68 | WinRate: 54.41%
🔄 2025-09-04 06:21:10 Баланс: 182.377936363945$ | PnL: 4.39125817 💵 | Сделок: 69 | WinRate: 53.62%
🔄 2025-09-04 06:26:00 Баланс: 202.016285312945$ | PnL: 4.02960761 💵 | Сделок: 71 | WinRate: 52.11%
🔄 2025-09-04 06:30:54 Баланс: 241.480898630945$ | PnL: 3.49419062 💵 | Сделок: 75 | WinRate: 49.33%
🔄 2025-09-04 06:35:43 Баланс: 320.527911421945$ | PnL: 2.39975155 💵 | Сделок: 83 | WinRate: 44.58%
🔄 2025-09-04 06:40:48 Баланс: 330.415162481945$ | PnL: 2.28702101 💵 | Сделок: 84 | WinRate: 44.05%
🔄 2025-09-04 06:45:41 Баланс: 330.415162481945$ | PnL: 2.28702101 💵 | Сделок: 84 | WinRate: 44.05%
🔄 2025-09-04 06:50:47 Баланс: 330.415162481945$ | PnL: 2.28702101 💵 | Сделок: 84 | WinRate: 44.05%
🔄 2025-09-04 06:55:44 Баланс: 330.415162481945$ | PnL: 2.28702101 💵 | Сделок: 84 | WinRate: 44.05%
🔄 2025-09-04 07:00:43 Баланс: 330.415162481945$ | PnL: 2.28702101 💵 | Сделок: 84 | WinRate: 44.05%
🔄 2025-09-04 07:06:23 Баланс: 349.846324651945$ | PnL: 1.71821708 💵 | Сделок: 86 | WinRate: 43.02%
🔄 2025-09-04 07:11:28 Баланс: 379.455624250355$ | PnL: 1.32748714 💵 | Сделок: 89 | WinRate: 41.57%
🔄 2025-09-04 07:16:32 Баланс: 379.455624250355$ | PnL: 1.32748714 💵 | Сделок: 89 | WinRate: 41.57%
🔄 2025-09-04 07:21:36 Баланс: 389.300846670355$ | PnL: 1.17268652 💵 | Сделок: 90 | WinRate: 41.11%
🔄 2025-09-04 07:26:38 Баланс: 389.300846670355$ | PnL: 1.17268652 💵 | Сделок: 90 | WinRate: 41.11%
🔄 2025-09-04 07:31:44 Баланс: 399.036553850355$ | PnL: 0.908376010000002 💵 | Сделок: 91 | WinRate: 40.66%
🔄 2025-09-04 07:36:51 Баланс: 418.808481590355$ | PnL: 0.680332150000002 💵 | Сделок: 93 | WinRate: 39.78%
🔄 2025-09-04 07:41:50 Баланс: 507.246091967955$ | PnL: -0.882462529999998 💵 | Сделок: 102 | WinRate: 36.27%
🔄 2025-09-04 07:47:06 Баланс: 517.120555047955$ | PnL: -1.00787605 💵 | Сделок: 103 | WinRate: 35.92%
🔄 2025-09-04 07:52:25 Баланс: 536.825971729955$ | PnL: -1.30138356 💵 | Сделок: 105 | WinRate: 35.24%
🔄 2025-09-04 07:57:42 Баланс: 586.014009959455$ | PnL: -2.1136534 💵 | Сделок: 110 | WinRate: 33.64%
🔄 2025-09-04 08:02:53 Баланс: 175.25864736252$ | PnL: -2.52202238 💵 | Сделок: 113 | WinRate: 32.74%
🔄 2025-09-04 08:05:23 Баланс: 5.10547534984829$ | PnL: -2.52202238 💵 | Сделок: 113 | WinRate: 32.74%
🔄 2025-09-04 08:08:12 Баланс: 14.9332361798483$ | PnL: -2.69427423 💵 | Сделок: 114 | WinRate: 32.46%
🔄 2025-09-04 08:10:25 Баланс: 4.75806714220728$ | PnL: -2.85179477 💵 | Сделок: 115 | WinRate: 32.17%
🔄 2025-09-04 08:12:35 Баланс: 14.8902108347073$ | PnL: -2.71965224 💵 | Сделок: 116 | WinRate: 32.76%
🔄 2025-09-04 08:14:46 Баланс: 4.88120907312328$ | PnL: -2.71965224 💵 | Сделок: 116 | WinRate: 32.76%
🔄 2025-09-04 08:16:23 Баланс: 4.88120907312328$ | PnL: -2.71965224 💵 | Сделок: 116 | WinRate: 32.76%
🔄 2025-09-04 08:17:59 Баланс: 4.88120907312328$ | PnL: -2.71965224 💵 | Сделок: 116 | WinRate: 32.76%
🔄 2025-09-04 08:19:39 Баланс: 4.88120907312328$ | PnL: -2.71965224 💵 | Сделок: 116 | WinRate: 32.76%
🔄 2025-09-04 08:21:14 Баланс: 4.88120907312328$ | PnL: -2.71965224 💵 | Сделок: 116 | WinRate: 32.76%
🔄 2025-09-04 08:23:10 Баланс: 5.12437305712328$ | PnL: -2.45754119 💵 | Сделок: 117 | WinRate: 33.33%
🔄 2025-09-04 08:24:46 Баланс: 5.12437305712328$ | PnL: -2.45754119 💵 | Сделок: 117 | WinRate: 33.33%
🔄 2025-09-04 08:26:27 Баланс: 5.12437305712328$ | PnL: -2.45754119 💵 | Сделок: 117 | WinRate: 33.33%
🔄 2025-09-04 08:28:03 Баланс: 5.12437305712328$ | PnL: -2.45754119 💵 | Сделок: 117 | WinRate: 33.33%
🔄 2025-09-04 08:29:42 Баланс: 5.12437305712328$ | PnL: -2.45754119 💵 | Сделок: 117 | WinRate: 33.33%
🔄 2025-09-04 08:31:16 Баланс: 5.12437305712328$ | PnL: -2.45754119 💵 | Сделок: 117 | WinRate: 33.33%
🔄 2025-09-04 08:32:55 Баланс: 5.12437305712328$ | PnL: -2.45754119 💵 | Сделок: 117 | WinRate: 33.33%
🔄 2025-09-04 08:34:41 Баланс: 5.12437305712328$ | PnL: -2.45754119 💵 | Сделок: 117 | WinRate: 33.33%
🔄 2025-09-04 08:36:20 Баланс: 5.12437305712328$ | PnL: -2.45754119 💵 | Сделок: 117 | WinRate: 33.33%
🔄 2025-09-04 08:37:55 Баланс: 5.12437305712328$ | PnL: -2.45754119 💵 | Сделок: 117 | WinRate: 33.33%
🔄 2025-09-04 08:39:31 Баланс: 5.12437305712328$ | PnL: -2.45754119 💵 | Сделок: 117 | WinRate: 33.33%
🔄 2025-09-04 08:41:07 Баланс: 5.12437305712328$ | PnL: -2.45754119 💵 | Сделок: 117 | WinRate: 33.33%
🔄 2025-09-04 08:42:43 Баланс: 5.12437305712328$ | PnL: -2.45754119 💵 | Сделок: 117 | WinRate: 33.33%
🔄 2025-09-04 08:44:19 Баланс: 5.12437305712328$ | PnL: -2.45754119 💵 | Сделок: 117 | WinRate: 33.33%
🔄 2025-09-04 08:45:55 Баланс: 5.12437305712328$ | PnL: -2.45754119 💵 | Сделок: 117 | WinRate: 33.33%
🔄 2025-09-04 08:47:31 Баланс: 5.12437305712328$ | PnL: -2.45754119 💵 | Сделок: 117 | WinRate: 33.33%
🔄 2025-09-04 08:49:07 Баланс: 5.12437305712328$ | PnL: -2.45754119 💵 | Сделок: 117 | WinRate: 33.33%
🔄 2025-09-04 08:50:43 Баланс: 5.12437305712328$ | PnL: -2.45754119 💵 | Сделок: 117 | WinRate: 33.33%
🔄 2025-09-04 08:52:19 Баланс: 5.12437305712328$ | PnL: -2.45754119 💵 | Сделок: 117 | WinRate: 33.33%
🔄 2025-09-04 08:53:55 Баланс: 5.12437305712328$ | PnL: -2.45754119 💵 | Сделок: 117 | WinRate: 33.33%
🔄 2025-09-04 08:55:32 Баланс: 5.12437305712328$ | PnL: -2.45754119 💵 | Сделок: 117 | WinRate: 33.33%
🔄 2025-09-04 08:57:08 Баланс: 5.12437305712328$ | PnL: -2.45754119 💵 | Сделок: 117 | WinRate: 33.33%
🔄 2025-09-04 08:58:46 Баланс: 5.12437305712328$ | PnL: -2.45754119 💵 | Сделок: 117 | WinRate: 33.33%
🔄 2025-09-04 09:00:35 Баланс: 4.85355465150087$ | PnL: -2.71041754 💵 | Сделок: 119 | WinRate: 32.77%
🔄 2025-09-04 09:02:24 Баланс: 4.29815967167047$ | PnL: -3.23880052 💵 | Сделок: 122 | WinRate: 31.97%
🔄 2025-09-04 09:04:40 Баланс: 2.52444159664726$ | PnL: -4.94117124 💵 | Сделок: 130 | WinRate: 30%
🔄 2025-09-04 09:06:21 Баланс: 2.02050789275376$ | PnL: -5.41827435 💵 | Сделок: 133 | WinRate: 29.32%
🔄 2025-09-04 09:08:00 Баланс: 2.02050789275376$ | PnL: -5.41827435 💵 | Сделок: 133 | WinRate: 29.32%
🔄 2025-09-04 09:09:35 Баланс: 2.02050789275376$ | PnL: -5.41827435 💵 | Сделок: 133 | WinRate: 29.32%
🔄 2025-09-04 09:11:12 Баланс: 2.02050789275376$ | PnL: -5.41827435 💵 | Сделок: 133 | WinRate: 29.32%
🔄 2025-09-04 09:12:48 Баланс: 2.02050789275376$ | PnL: -5.41827435 💵 | Сделок: 133 | WinRate: 29.32%
🔄 2025-09-04 09:14:54 Баланс: 1.61182061689227$ | PnL: -5.79094766 💵 | Сделок: 137 | WinRate: 29.2%
🔄 2025-09-04 09:16:31 Баланс: 1.70115735027627$ | PnL: -5.69261219 💵 | Сделок: 138 | WinRate: 29.71%
🔄 2025-09-04 09:18:08 Баланс: 1.70115735027627$ | PnL: -5.69261219 💵 | Сделок: 138 | WinRate: 29.71%
🔄 2025-09-04 09:20:12 Баланс: 32.1412425846803$ | PnL: -5.17776428 💵 | Сделок: 144 | WinRate: 31.94%
🔄 2025-09-04 09:22:37 Баланс: 13.6914657373819$ | PnL: -3.48399926 💵 | Сделок: 158 | WinRate: 36.71%
🔄 2025-09-04 09:24:42 Баланс: 5.31982708381103$ | PnL: -1.7565514 💵 | Сделок: 168 | WinRate: 40.48%
🔄 2025-09-04 09:26:26 Баланс: 5.55443611438004$ | PnL: -1.50362249 💵 | Сделок: 170 | WinRate: 41.18%
🔄 2025-09-04 09:28:05 Баланс: 5.55443611438004$ | PnL: -1.50362249 💵 | Сделок: 170 | WinRate: 41.18%
🔄 2025-09-04 09:29:41 Баланс: 5.55443611438004$ | PnL: -1.50362249 💵 | Сделок: 170 | WinRate: 41.18%
🔄 2025-09-04 09:31:17 Баланс: 5.55443611438004$ | PnL: -1.50362249 💵 | Сделок: 170 | WinRate: 41.18%
🔄 2025-09-04 09:32:54 Баланс: 5.55443611438004$ | PnL: -1.50362249 💵 | Сделок: 170 | WinRate: 41.18%
🔄 2025-09-04 09:34:32 Баланс: 5.55443611438004$ | PnL: -1.50362249 💵 | Сделок: 170 | WinRate: 41.18%
🔄 2025-09-04 09:36:08 Баланс: 5.55443611438004$ | PnL: -1.50362249 💵 | Сделок: 170 | WinRate: 41.18%
🔄 2025-09-04 09:37:45 Баланс: 5.55443611438004$ | PnL: -1.50362249 💵 | Сделок: 170 | WinRate: 41.18%
🔄 2025-09-04 09:39:22 Баланс: 5.55443611438004$ | PnL: -1.50362249 💵 | Сделок: 170 | WinRate: 41.18%
🔄 2025-09-04 09:40:58 Баланс: 5.83964300438004$ | PnL: -1.37133211 💵 | Сделок: 171 | WinRate: 41.52%
🔄 2025-09-04 09:42:35 Баланс: 5.83964300438004$ | PnL: -1.37133211 💵 | Сделок: 171 | WinRate: 41.52%
🔄 2025-09-04 09:44:12 Баланс: 6.01344351930004$ | PnL: -1.1885076 💵 | Сделок: 172 | WinRate: 41.86%
🔄 2025-09-04 09:45:48 Баланс: 6.01344351930004$ | PnL: -1.1885076 💵 | Сделок: 172 | WinRate: 41.86%
🔄 2025-09-04 09:47:23 Баланс: 6.01344351930004$ | PnL: -1.1885076 💵 | Сделок: 172 | WinRate: 41.86%
🔄 2025-09-04 09:49:00 Баланс: 6.01344351930004$ | PnL: -1.1885076 💵 | Сделок: 172 | WinRate: 41.86%
🔄 2025-09-04 09:50:35 Баланс: 6.01344351930004$ | PnL: -1.1885076 💵 | Сделок: 172 | WinRate: 41.86%
🔄 2025-09-04 09:52:13 Баланс: 6.01344351930004$ | PnL: -1.1885076 💵 | Сделок: 172 | WinRate: 41.86%
🔄 2025-09-04 09:53:49 Баланс: 6.01344351930004$ | PnL: -1.1885076 💵 | Сделок: 172 | WinRate: 41.86%
🔄 2025-09-04 09:55:28 Баланс: 6.11388154153004$ | PnL: -1.0791116 💵 | Сделок: 173 | WinRate: 42.2%
🔄 2025-09-04 09:57:07 Баланс: 6.11388154153004$ | PnL: -1.0791116 💵 | Сделок: 173 | WinRate: 42.2%
🔄 2025-09-04 09:58:46 Баланс: 6.11388154153004$ | PnL: -1.0791116 💵 | Сделок: 173 | WinRate: 42.2%
🔄 2025-09-04 10:00:22 Баланс: 6.11388154153004$ | PnL: -1.0791116 💵 | Сделок: 173 | WinRate: 42.2%
🔄 2025-09-04 10:01:58 Баланс: 6.11388154153004$ | PnL: -1.0791116 💵 | Сделок: 173 | WinRate: 42.2%
🔄 2025-09-04 10:03:33 Баланс: 6.11388154153004$ | PnL: -1.0791116 💵 | Сделок: 173 | WinRate: 42.2%
🔄 2025-09-04 10:05:13 Баланс: 6.73679182168844$ | PnL: -0.429076009999995 💵 | Сделок: 176 | WinRate: 43.18%
🔄 2025-09-04 10:06:57 Баланс: 7.07569344162644$ | PnL: -0.0719781399999954 💵 | Сделок: 178 | WinRate: 43.82%
🔄 2025-09-04 10:08:38 Баланс: 6.43687309199544$ | PnL: -0.701793899999995 💵 | Сделок: 179 | WinRate: 43.58%
🔄 2025-09-04 10:10:15 Баланс: 6.43687309199544$ | PnL: -0.701793899999995 💵 | Сделок: 179 | WinRate: 43.58%
🔄 2025-09-04 10:11:52 Баланс: 6.59805220695544$ | PnL: -0.531580079999995 💵 | Сделок: 180 | WinRate: 43.89%
🔄 2025-09-04 10:13:29 Баланс: 6.75345522753007$ | PnL: -0.367173279999995 💵 | Сделок: 181 | WinRate: 44.2%
🔄 2025-09-04 10:15:05 Баланс: 6.75345522753007$ | PnL: -0.367173279999995 💵 | Сделок: 181 | WinRate: 44.2%
🔄 2025-09-04 10:16:40 Баланс: 6.75345522753007$ | PnL: -0.367173279999995 💵 | Сделок: 181 | WinRate: 44.2%
🔄 2025-09-04 10:18:17 Баланс: 6.75345522753007$ | PnL: -0.367173279999995 💵 | Сделок: 181 | WinRate: 44.2%
🔄 2025-09-04 10:19:54 Баланс: 6.92353736632407$ | PnL: -0.188165599999995 💵 | Сделок: 182 | WinRate: 44.51%
🔄 2025-09-04 10:21:29 Баланс: 6.92353736632407$ | PnL: -0.188165599999995 💵 | Сделок: 182 | WinRate: 44.51%
🔄 2025-09-04 10:23:05 Баланс: 6.92353736632407$ | PnL: -0.188165599999995 💵 | Сделок: 182 | WinRate: 44.51%
🔄 2025-09-04 10:24:54 Баланс: 17.3032539240041$ | PnL: 0.209207120000005 💵 | Сделок: 185 | WinRate: 45.41%
🔄 2025-09-04 10:26:42 Баланс: 7.61894799032769$ | PnL: 0.551054810000005 💵 | Сделок: 187 | WinRate: 45.99%
🔄 2025-09-04 10:28:17 Баланс: 7.61894799032769$ | PnL: 0.551054810000005 💵 | Сделок: 187 | WinRate: 45.99%
🔄 2025-09-04 10:29:52 Баланс: 7.61894799032769$ | PnL: 0.551054810000005 💵 | Сделок: 187 | WinRate: 45.99%
🔄 2025-09-04 10:31:28 Баланс: 7.77951882320819$ | PnL: 0.720653120000005 💵 | Сделок: 188 | WinRate: 46.28%
🔄 2025-09-04 10:33:04 Баланс: 6.91372064754319$ | PnL: -0.136143089999995 💵 | Сделок: 189 | WinRate: 46.03%
🔄 2025-09-04 10:34:40 Баланс: 6.91372064754319$ | PnL: -0.136143089999995 💵 | Сделок: 189 | WinRate: 46.03%
🔄 2025-09-04 10:36:16 Баланс: 7.06313994028819$ | PnL: 0.0222864500000046 💵 | Сделок: 190 | WinRate: 46.32%
🔄 2025-09-04 10:37:52 Баланс: 7.06313994028819$ | PnL: 0.0222864500000046 💵 | Сделок: 190 | WinRate: 46.32%
🔄 2025-09-04 10:39:30 Баланс: 7.06313994028819$ | PnL: 0.0222864500000046 💵 | Сделок: 190 | WinRate: 46.32%
🔄 2025-09-04 10:41:06 Баланс: 7.06313994028819$ | PnL: 0.0222864500000046 💵 | Сделок: 190 | WinRate: 46.32%
🔄 2025-09-04 10:42:42 Баланс: 7.06313994028819$ | PnL: 0.0222864500000046 💵 | Сделок: 190 | WinRate: 46.32%
🔄 2025-09-04 10:44:18 Баланс: 7.06313994028819$ | PnL: 0.0222864500000046 💵 | Сделок: 190 | WinRate: 46.32%
🔄 2025-09-04 10:45:55 Баланс: 7.06313994028819$ | PnL: 0.0222864500000046 💵 | Сделок: 190 | WinRate: 46.32%
🔄 2025-09-04 10:47:32 Баланс: 7.06313994028819$ | PnL: 0.0222864500000046 💵 | Сделок: 190 | WinRate: 46.32%
🔄 2025-09-04 10:49:08 Баланс: 7.06313994028819$ | PnL: 0.0222864500000046 💵 | Сделок: 190 | WinRate: 46.32%
🔄 2025-09-04 10:50:43 Баланс: 7.06313994028819$ | PnL: 0.0222864500000046 💵 | Сделок: 190 | WinRate: 46.32%
🔄 2025-09-04 10:52:19 Баланс: 7.06313994028819$ | PnL: 0.0222864500000046 💵 | Сделок: 190 | WinRate: 46.32%
🔄 2025-09-04 10:53:54 Баланс: 7.06313994028819$ | PnL: 0.0222864500000046 💵 | Сделок: 190 | WinRate: 46.32%
🔄 2025-09-04 10:55:32 Баланс: 7.06313994028819$ | PnL: 0.0222864500000046 💵 | Сделок: 190 | WinRate: 46.32%
🔄 2025-09-04 10:57:08 Баланс: 7.06313994028819$ | PnL: 0.0222864500000046 💵 | Сделок: 190 | WinRate: 46.32%
🔄 2025-09-04 10:58:45 Баланс: 7.06313994028819$ | PnL: 0.0222864500000046 💵 | Сделок: 190 | WinRate: 46.32%
🔄 2025-09-04 11:00:20 Баланс: 7.06313994028819$ | PnL: 0.0222864500000046 💵 | Сделок: 190 | WinRate: 46.32%
🔄 2025-09-04 11:01:58 Баланс: 7.06313994028819$ | PnL: 0.0222864500000046 💵 | Сделок: 190 | WinRate: 46.32%
🔄 2025-09-04 11:03:40 Баланс: 7.52870227795819$ | PnL: 0.496832670000005 💵 | Сделок: 191 | WinRate: 46.6%
🔄 2025-09-04 11:05:20 Баланс: 7.52870227795819$ | PnL: 0.496832670000005 💵 | Сделок: 191 | WinRate: 46.6%
🔄 2025-09-04 11:07:00 Баланс: 7.52870227795819$ | PnL: 0.496832670000005 💵 | Сделок: 191 | WinRate: 46.6%
🔄 2025-09-04 11:08:38 Баланс: 7.52870227795819$ | PnL: 0.496832670000005 💵 | Сделок: 191 | WinRate: 46.6%
🔄 2025-09-04 11:10:16 Баланс: 7.52870227795819$ | PnL: 0.496832670000005 💵 | Сделок: 191 | WinRate: 46.6%
🔄 2025-09-04 11:11:53 Баланс: 7.52870227795819$ | PnL: 0.496832670000005 💵 | Сделок: 191 | WinRate: 46.6%
🔄 2025-09-04 11:13:31 Баланс: 7.52870227795819$ | PnL: 0.496832670000005 💵 | Сделок: 191 | WinRate: 46.6%
🔄 2025-09-04 11:15:11 Баланс: 7.52870227795819$ | PnL: 0.496832670000005 💵 | Сделок: 191 | WinRate: 46.6%
🔄 2025-09-04 11:16:50 Баланс: 7.52870227795819$ | PnL: 0.496832670000005 💵 | Сделок: 191 | WinRate: 46.6%
🔄 2025-09-04 11:18:27 Баланс: 7.52870227795819$ | PnL: 0.496832670000005 💵 | Сделок: 191 | WinRate: 46.6%
🔄 2025-09-04 11:19:56 Баланс: 7.52870227795819$ | PnL: 0.496832670000005 💵 | Сделок: 191 | WinRate: 46.6%
🔄 2025-09-04 11:21:34 Баланс: 7.52870227795819$ | PnL: 0.496832670000005 💵 | Сделок: 191 | WinRate: 46.6%
🔄 2025-09-04 11:23:13 Баланс: 7.52870227795819$ | PnL: 0.496832670000005 💵 | Сделок: 191 | WinRate: 46.6%
🔄 2025-09-04 11:24:51 Баланс: 7.52870227795819$ | PnL: 0.496832670000005 💵 | Сделок: 191 | WinRate: 46.6%
🔄 2025-09-04 11:26:30 Баланс: 7.52870227795819$ | PnL: 0.496832670000005 💵 | Сделок: 191 | WinRate: 46.6%
🔄 2025-09-04 11:28:08 Баланс: 7.52870227795819$ | PnL: 0.496832670000005 💵 | Сделок: 191 | WinRate: 46.6%
🔄 2025-09-04 11:29:46 Баланс: 7.52870227795819$ | PnL: 0.496832670000005 💵 | Сделок: 191 | WinRate: 46.6%
🔄 2025-09-04 11:31:25 Баланс: 7.52870227795819$ | PnL: 0.496832670000005 💵 | Сделок: 191 | WinRate: 46.6%
🔄 2025-09-04 11:33:04 Баланс: 7.52870227795819$ | PnL: 0.496832670000005 💵 | Сделок: 191 | WinRate: 46.6%
🔄 2025-09-04 11:34:44 Баланс: 7.52870227795819$ | PnL: 0.496832670000005 💵 | Сделок: 191 | WinRate: 46.6%
🔄 2025-09-04 11:36:22 Баланс: 7.52870227795819$ | PnL: 0.496832670000005 💵 | Сделок: 191 | WinRate: 46.6%
🔄 2025-09-04 11:37:59 Баланс: 7.52870227795819$ | PnL: 0.496832670000005 💵 | Сделок: 191 | WinRate: 46.6%
🔄 2025-09-04 11:39:38 Баланс: 7.52870227795819$ | PnL: 0.496832670000005 💵 | Сделок: 191 | WinRate: 46.6%
🔄 2025-09-04 11:41:16 Баланс: 7.52870227795819$ | PnL: 0.496832670000005 💵 | Сделок: 191 | WinRate: 46.6%
🔄 2025-09-04 11:42:54 Баланс: 7.52870227795819$ | PnL: 0.496832670000005 💵 | Сделок: 191 | WinRate: 46.6%
🔄 2025-09-04 11:44:31 Баланс: 7.52870227795819$ | PnL: 0.496832670000005 💵 | Сделок: 191 | WinRate: 46.6%
🔄 2025-09-04 11:46:11 Баланс: 7.52870227795819$ | PnL: 0.496832670000005 💵 | Сделок: 191 | WinRate: 46.6%
🔄 2025-09-04 11:47:48 Баланс: 7.52870227795819$ | PnL: 0.496832670000005 💵 | Сделок: 191 | WinRate: 46.6%
🔄 2025-09-04 11:49:27 Баланс: 7.52870227795819$ | PnL: 0.496832670000005 💵 | Сделок: 191 | WinRate: 46.6%
🔄 2025-09-04 11:51:07 Баланс: 7.52870227795819$ | PnL: 0.496832670000005 💵 | Сделок: 191 | WinRate: 46.6%
🔄 2025-09-04 11:52:45 Баланс: 7.52870227795819$ | PnL: 0.496832670000005 💵 | Сделок: 191 | WinRate: 46.6%
🔄 2025-09-04 11:54:24 Баланс: 7.52870227795819$ | PnL: 0.496832670000005 💵 | Сделок: 191 | WinRate: 46.6%
🔄 2025-09-04 11:56:02 Баланс: 7.52870227795819$ | PnL: 0.496832670000005 💵 | Сделок: 191 | WinRate: 46.6%
🔄 2025-09-04 11:57:52 Баланс: 7.52870227795819$ | PnL: 0.496832670000005 💵 | Сделок: 191 | WinRate: 46.6%
🔄 2025-09-04 11:59:30 Баланс: 7.52870227795819$ | PnL: 0.496832670000005 💵 | Сделок: 191 | WinRate: 46.6%
🔄 2025-09-04 12:01:08 Баланс: 7.52870227795819$ | PnL: 0.496832670000005 💵 | Сделок: 191 | WinRate: 46.6%
🔄 2025-09-04 12:03:10 Баланс: 7.30539576319419$ | PnL: 0.282516480000005 💵 | Сделок: 192 | WinRate: 46.35%
🔄 2025-09-04 12:04:47 Баланс: 7.30539576319419$ | PnL: 0.282516480000005 💵 | Сделок: 192 | WinRate: 46.35%
🔄 2025-09-04 12:06:24 Баланс: 7.30539576319419$ | PnL: 0.282516480000005 💵 | Сделок: 192 | WinRate: 46.35%
🔄 2025-09-04 12:08:44 Баланс: 16.9965637331942$ | PnL: -0.0263124999999954 💵 | Сделок: 193 | WinRate: 46.11%
🔄 2025-09-04 12:13:20 Баланс: 6.98756370456845$ | PnL: -0.0263124999999954 💵 | Сделок: 193 | WinRate: 46.11%
🔄 2025-09-04 12:15:05 Баланс: 6.98756370456845$ | PnL: -0.0263124999999954 💵 | Сделок: 193 | WinRate: 46.11%
🔄 2025-09-04 12:16:51 Баланс: 6.98756370456845$ | PnL: -0.0263124999999954 💵 | Сделок: 193 | WinRate: 46.11%
🔄 2025-09-04 12:18:40 Баланс: 6.98756370456845$ | PnL: -0.0263124999999954 💵 | Сделок: 193 | WinRate: 46.11%
🔄 2025-09-04 12:20:28 Баланс: 6.98756370456845$ | PnL: -0.0263124999999954 💵 | Сделок: 193 | WinRate: 46.11%
🔄 2025-09-04 12:22:21 Баланс: 6.98756370456845$ | PnL: -0.0263124999999954 💵 | Сделок: 193 | WinRate: 46.11%
🔄 2025-09-04 12:24:20 Баланс: 6.98756370456845$ | PnL: -0.0263124999999954 💵 | Сделок: 193 | WinRate: 46.11%
🔄 2025-09-04 12:26:17 Баланс: 6.98756370456845$ | PnL: -0.0263124999999954 💵 | Сделок: 193 | WinRate: 46.11%
🔄 2025-09-04 12:28:10 Баланс: 6.98756370456845$ | PnL: -0.0263124999999954 💵 | Сделок: 193 | WinRate: 46.11%
🔄 2025-09-04 12:29:59 Баланс: 6.98756370456845$ | PnL: -0.0263124999999954 💵 | Сделок: 193 | WinRate: 46.11%
🔄 2025-09-04 12:31:48 Баланс: 6.98756370456845$ | PnL: -0.0263124999999954 💵 | Сделок: 193 | WinRate: 46.11%
🔄 2025-09-04 12:33:35 Баланс: 6.98756370456845$ | PnL: -0.0263124999999954 💵 | Сделок: 193 | WinRate: 46.11%
🔄 2025-09-04 12:35:22 Баланс: 6.98756370456845$ | PnL: -0.0263124999999954 💵 | Сделок: 193 | WinRate: 46.11%
🔄 2025-09-04 12:37:03 Баланс: 6.98756370456845$ | PnL: -0.0263124999999954 💵 | Сделок: 193 | WinRate: 46.11%
🔄 2025-09-04 12:38:44 Баланс: 6.98756370456845$ | PnL: -0.0263124999999954 💵 | Сделок: 193 | WinRate: 46.11%
🔄 2025-09-04 12:40:24 Баланс: 6.98756370456845$ | PnL: -0.0263124999999954 💵 | Сделок: 193 | WinRate: 46.11%
🔄 2025-09-04 12:42:09 Баланс: 6.98756370456845$ | PnL: -0.0263124999999954 💵 | Сделок: 193 | WinRate: 46.11%
🔄 2025-09-04 12:43:52 Баланс: 6.98756370456845$ | PnL: -0.0263124999999954 💵 | Сделок: 193 | WinRate: 46.11%
🔄 2025-09-04 12:45:37 Баланс: 6.98756370456845$ | PnL: -0.0263124999999954 💵 | Сделок: 193 | WinRate: 46.11%
🔄 2025-09-04 12:47:20 Баланс: 6.98756370456845$ | PnL: -0.0263124999999954 💵 | Сделок: 193 | WinRate: 46.11%
🔄 2025-09-04 12:50:19 Баланс: 17.7079939485685$ | PnL: 0.694121010000005 💵 | Сделок: 194 | WinRate: 46.39%
🔄 2025-09-04 12:52:56 Баланс: 7.69905089977845$ | PnL: 0.694121010000005 💵 | Сделок: 194 | WinRate: 46.39%
🔄 2025-09-04 12:54:39 Баланс: 7.69905089977845$ | PnL: 0.694121010000005 💵 | Сделок: 194 | WinRate: 46.39%
🔄 2025-09-04 12:56:25 Баланс: 7.69905089977845$ | PnL: 0.694121010000005 💵 | Сделок: 194 | WinRate: 46.39%
🔄 2025-09-04 12:58:10 Баланс: 7.69905089977845$ | PnL: 0.694121010000005 💵 | Сделок: 194 | WinRate: 46.39%
🔄 2025-09-04 12:59:51 Баланс: 7.69905089977845$ | PnL: 0.694121010000005 💵 | Сделок: 194 | WinRate: 46.39%
🔄 2025-09-04 13:01:36 Баланс: 7.69905089977845$ | PnL: 0.694121010000005 💵 | Сделок: 194 | WinRate: 46.39%
🔄 2025-09-04 13:03:31 Баланс: 7.69905089977845$ | PnL: 0.694121010000005 💵 | Сделок: 194 | WinRate: 46.39%
🔄 2025-09-04 13:05:14 Баланс: 7.69905089977845$ | PnL: 0.694121010000005 💵 | Сделок: 194 | WinRate: 46.39%
🔄 2025-09-04 13:06:57 Баланс: 7.69905089977845$ | PnL: 0.694121010000005 💵 | Сделок: 194 | WinRate: 46.39%
🔄 2025-09-04 13:08:38 Баланс: 7.69905089977845$ | PnL: 0.694121010000005 💵 | Сделок: 194 | WinRate: 46.39%
🔄 2025-09-04 13:10:25 Баланс: 7.69905089977845$ | PnL: 0.694121010000005 💵 | Сделок: 194 | WinRate: 46.39%
🔄 2025-09-04 13:12:14 Баланс: 7.69905089977845$ | PnL: 0.694121010000005 💵 | Сделок: 194 | WinRate: 46.39%
🔄 2025-09-04 13:14:04 Баланс: 7.54600393210095$ | PnL: 0.550157220000005 💵 | Сделок: 195 | WinRate: 46.15%
🔄 2025-09-04 13:15:49 Баланс: 7.54600393210095$ | PnL: 0.550157220000005 💵 | Сделок: 195 | WinRate: 46.15%
🔄 2025-09-04 13:17:34 Баланс: 7.54600393210095$ | PnL: 0.550157220000005 💵 | Сделок: 195 | WinRate: 46.15%
🔄 2025-09-04 13:19:12 Баланс: 7.54600393210095$ | PnL: 0.550157220000005 💵 | Сделок: 195 | WinRate: 46.15%
🔄 2025-09-04 13:20:52 Баланс: 7.54600393210095$ | PnL: 0.550157220000005 💵 | Сделок: 195 | WinRate: 46.15%
🔄 2025-09-04 13:22:33 Баланс: 7.54600393210095$ | PnL: 0.550157220000005 💵 | Сделок: 195 | WinRate: 46.15%
🔄 2025-09-04 13:26:03 Баланс: 17.8831018551009$ | PnL: 0.887254190000005 💵 | Сделок: 196 | WinRate: 46.43%
🔄 2025-09-04 13:30:41 Баланс: 7.74030908916695$ | PnL: 0.762189890000005 💵 | Сделок: 197 | WinRate: 46.19%
🔄 2025-09-04 13:32:48 Баланс: 7.74030908916695$ | PnL: 0.762189890000005 💵 | Сделок: 197 | WinRate: 46.19%
🔄 2025-09-04 13:34:54 Баланс: 7.74030908916695$ | PnL: 0.762189890000005 💵 | Сделок: 197 | WinRate: 46.19%
🔄 2025-09-04 13:36:59 Баланс: 7.74030908916695$ | PnL: 0.762189890000005 💵 | Сделок: 197 | WinRate: 46.19%
🔄 2025-09-04 13:39:02 Баланс: 7.74030908916695$ | PnL: 0.762189890000005 💵 | Сделок: 197 | WinRate: 46.19%
🔄 2025-09-04 13:41:22 Баланс: 7.74030908916695$ | PnL: 0.762189890000005 💵 | Сделок: 197 | WinRate: 46.19%
🔄 2025-09-04 13:43:05 Баланс: 7.74030908916695$ | PnL: 0.762189890000005 💵 | Сделок: 197 | WinRate: 46.19%
🔄 2025-09-04 13:44:48 Баланс: 7.74030908916695$ | PnL: 0.762189890000005 💵 | Сделок: 197 | WinRate: 46.19%
🔄 2025-09-04 13:47:56 Баланс: 17.609246159167$ | PnL: 0.631169330000005 💵 | Сделок: 198 | WinRate: 45.96%
🔄 2025-09-04 13:53:18 Баланс: 17.609246159167$ | PnL: 0.631169330000005 💵 | Сделок: 198 | WinRate: 45.96%
🔄 2025-09-04 13:58:29 Баланс: 27.740679075167$ | PnL: 0.762603190000005 💵 | Сделок: 199 | WinRate: 46.23%
🔄 2025-09-04 14:04:01 Баланс: 38.461999290167$ | PnL: 1.48392043 💵 | Сделок: 200 | WinRate: 46.5%
🔄 2025-09-04 14:07:41 Баланс: 8.43501019797515$ | PnL: 1.48392043 💵 | Сделок: 200 | WinRate: 46.5%
🔄 2025-09-04 14:09:24 Баланс: 8.43501019797515$ | PnL: 1.48392043 💵 | Сделок: 200 | WinRate: 46.5%
🔄 2025-09-04 14:11:09 Баланс: 8.43501019797515$ | PnL: 1.48392043 💵 | Сделок: 200 | WinRate: 46.5%
🔄 2025-09-04 14:12:56 Баланс: 8.43501019797515$ | PnL: 1.48392043 💵 | Сделок: 200 | WinRate: 46.5%
🔄 2025-09-04 14:14:43 Баланс: 8.43501019797515$ | PnL: 1.48392043 💵 | Сделок: 200 | WinRate: 46.5%
🔄 2025-09-04 14:16:29 Баланс: 8.43501019797515$ | PnL: 1.48392043 💵 | Сделок: 200 | WinRate: 46.5%
🔄 2025-09-04 14:18:13 Баланс: 8.43501019797515$ | PnL: 1.48392043 💵 | Сделок: 200 | WinRate: 46.5%
🔄 2025-09-04 14:19:57 Баланс: 8.43501019797515$ | PnL: 1.48392043 💵 | Сделок: 200 | WinRate: 46.5%
🔄 2025-09-04 14:21:45 Баланс: 8.43501019797515$ | PnL: 1.48392043 💵 | Сделок: 200 | WinRate: 46.5%
🔄 2025-09-04 14:24:11 Баланс: 8.43501019797515$ | PnL: 1.48392043 💵 | Сделок: 200 | WinRate: 46.5%
🔄 2025-09-04 14:25:56 Баланс: 8.43501019797515$ | PnL: 1.48392043 💵 | Сделок: 200 | WinRate: 46.5%
🔄 2025-09-04 14:27:39 Баланс: 8.43501019797515$ | PnL: 1.48392043 💵 | Сделок: 200 | WinRate: 46.5%
🔄 2025-09-04 14:29:20 Баланс: 8.43501019797515$ | PnL: 1.48392043 💵 | Сделок: 200 | WinRate: 46.5%
🔄 2025-09-04 14:31:05 Баланс: 8.43501019797515$ | PnL: 1.48392043 💵 | Сделок: 200 | WinRate: 46.5%
🔄 2025-09-04 14:32:50 Баланс: 8.43501019797515$ | PnL: 1.48392043 💵 | Сделок: 200 | WinRate: 46.5%
🔄 2025-09-04 14:34:38 Баланс: 8.43501019797515$ | PnL: 1.48392043 💵 | Сделок: 200 | WinRate: 46.5%
🔄 2025-09-04 14:36:29 Баланс: 8.43501019797515$ | PnL: 1.48392043 💵 | Сделок: 200 | WinRate: 46.5%
🔄 2025-09-04 14:41:51 Баланс: 19.0709491108402$ | PnL: 2.1297079 💵 | Сделок: 202 | WinRate: 46.53%
🔄 2025-09-04 14:44:28 Баланс: 18.6423774845892$ | PnL: 1.71008202 💵 | Сделок: 203 | WinRate: 46.31%
🔄 2025-09-04 14:47:39 Баланс: 8.63334805812915$ | PnL: 1.71008202 💵 | Сделок: 203 | WinRate: 46.31%
🔄 2025-09-04 14:49:31 Баланс: 8.63334805812915$ | PnL: 1.71008202 💵 | Сделок: 203 | WinRate: 46.31%
🔄 2025-09-04 14:51:23 Баланс: 8.63334805812915$ | PnL: 1.71008202 💵 | Сделок: 203 | WinRate: 46.31%
🔄 2025-09-04 14:53:14 Баланс: 8.63334805812915$ | PnL: 1.71008202 💵 | Сделок: 203 | WinRate: 46.31%
🔄 2025-09-04 14:55:06 Баланс: 8.63334805812915$ | PnL: 1.71008202 💵 | Сделок: 203 | WinRate: 46.31%
🔄 2025-09-04 14:59:09 Баланс: 18.4437041781292$ | PnL: 1.52043446 💵 | Сделок: 204 | WinRate: 46.08%
🔄 2025-09-04 15:05:04 Баланс: 18.3199493128868$ | PnL: 1.40567579 💵 | Сделок: 205 | WinRate: 45.85%
🔄 2025-09-04 15:11:21 Баланс: 18.3199493128868$ | PnL: 1.40567579 💵 | Сделок: 205 | WinRate: 45.85%
🔄 2025-09-04 15:16:47 Баланс: 8.31094566961076$ | PnL: 1.40567579 💵 | Сделок: 205 | WinRate: 45.85%
🔄 2025-09-04 15:22:40 Баланс: 18.1492268596108$ | PnL: 1.2439563 💵 | Сделок: 206 | WinRate: 45.63%
🔄 2025-09-04 15:29:01 Баланс: 18.6731325214534$ | PnL: 1.78586283 💵 | Сделок: 208 | WinRate: 45.67%
🔄 2025-09-04 15:36:03 Баланс: 18.6731325214534$ | PnL: 1.78586283 💵 | Сделок: 208 | WinRate: 45.67%
🔄 2025-09-04 15:42:06 Баланс: 8.66352817803336$ | PnL: 1.78586283 💵 | Сделок: 208 | WinRate: 45.67%
🔄 2025-09-04 15:44:28 Баланс: 8.66352817803336$ | PnL: 1.78586283 💵 | Сделок: 208 | WinRate: 45.67%
🔄 2025-09-04 15:46:52 Баланс: 8.66352817803336$ | PnL: 1.78586283 💵 | Сделок: 208 | WinRate: 45.67%
🔄 2025-09-04 15:49:10 Баланс: 8.66352817803336$ | PnL: 1.78586283 💵 | Сделок: 208 | WinRate: 45.67%
🔄 2025-09-04 15:51:31 Баланс: 8.66352817803336$ | PnL: 1.78586283 💵 | Сделок: 208 | WinRate: 45.67%
🔄 2025-09-04 15:53:51 Баланс: 8.66352817803336$ | PnL: 1.78586283 💵 | Сделок: 208 | WinRate: 45.67%
🔄 2025-09-04 15:56:09 Баланс: 8.66352817803336$ | PnL: 1.78586283 💵 | Сделок: 208 | WinRate: 45.67%
🔄 2025-09-04 15:58:23 Баланс: 8.66352817803336$ | PnL: 1.78586283 💵 | Сделок: 208 | WinRate: 45.67%
🔄 2025-09-04 16:00:36 Баланс: 8.66352817803336$ | PnL: 1.78586283 💵 | Сделок: 208 | WinRate: 45.67%
🔄 2025-09-04 16:02:51 Баланс: 8.66352817803336$ | PnL: 1.78586283 💵 | Сделок: 208 | WinRate: 45.67%
🔄 2025-09-04 16:05:05 Баланс: 8.66352817803336$ | PnL: 1.78586283 💵 | Сделок: 208 | WinRate: 45.67%
🔄 2025-09-04 16:07:19 Баланс: 8.66352817803336$ | PnL: 1.78586283 💵 | Сделок: 208 | WinRate: 45.67%
🔄 2025-09-04 16:09:36 Баланс: 8.66352817803336$ | PnL: 1.78586283 💵 | Сделок: 208 | WinRate: 45.67%
🔄 2025-09-04 16:12:16 Баланс: 8.51980112824136$ | PnL: 1.65115589 💵 | Сделок: 209 | WinRate: 45.45%
🔄 2025-09-04 16:14:28 Баланс: 8.51980112824136$ | PnL: 1.65115589 💵 | Сделок: 209 | WinRate: 45.45%
🔄 2025-09-04 16:16:38 Баланс: 8.51980112824136$ | PnL: 1.65115589 💵 | Сделок: 209 | WinRate: 45.45%
🔄 2025-09-04 16:18:48 Баланс: 8.51980112824136$ | PnL: 1.65115589 💵 | Сделок: 209 | WinRate: 45.45%
🔄 2025-09-04 16:20:57 Баланс: 8.51980112824136$ | PnL: 1.65115589 💵 | Сделок: 209 | WinRate: 45.45%
🔄 2025-09-04 16:23:06 Баланс: 8.51980112824136$ | PnL: 1.65115589 💵 | Сделок: 209 | WinRate: 45.45%
🔄 2025-09-04 16:25:17 Баланс: 8.51980112824136$ | PnL: 1.65115589 💵 | Сделок: 209 | WinRate: 45.45%
🔄 2025-09-04 16:27:24 Баланс: 8.51980112824136$ | PnL: 1.65115589 💵 | Сделок: 209 | WinRate: 45.45%
🔄 2025-09-04 16:29:33 Баланс: 8.51980112824136$ | PnL: 1.65115589 💵 | Сделок: 209 | WinRate: 45.45%
🔄 2025-09-04 16:31:41 Баланс: 8.51980112824136$ | PnL: 1.65115589 💵 | Сделок: 209 | WinRate: 45.45%
🔄 2025-09-04 16:34:36 Баланс: 8.51980112824136$ | PnL: 1.65115589 💵 | Сделок: 209 | WinRate: 45.45%
🔄 2025-09-04 16:37:26 Баланс: 19.1607178089274$ | PnL: 2.31050236 💵 | Сделок: 212 | WinRate: 46.23%
🔄 2025-09-04 16:40:50 Баланс: 8.90545477627336$ | PnL: 2.07325381 💵 | Сделок: 213 | WinRate: 46.01%
🔄 2025-09-04 16:44:18 Баланс: 9.03411824611335$ | PnL: 2.2109236 💵 | Сделок: 214 | WinRate: 46.26%
🔄 2025-09-04 16:46:38 Баланс: 9.03411824611335$ | PnL: 2.2109236 💵 | Сделок: 214 | WinRate: 46.26%
🔄 2025-09-04 16:49:48 Баланс: 9.03411824611335$ | PnL: 2.2109236 💵 | Сделок: 214 | WinRate: 46.26%
🔄 2025-09-04 16:52:11 Баланс: 9.03411824611335$ | PnL: 2.2109236 💵 | Сделок: 214 | WinRate: 46.26%
🔄 2025-09-04 16:54:36 Баланс: 9.03411824611335$ | PnL: 2.2109236 💵 | Сделок: 214 | WinRate: 46.26%
🔄 2025-09-04 16:56:56 Баланс: 9.03411824611335$ | PnL: 2.2109236 💵 | Сделок: 214 | WinRate: 46.26%
🔄 2025-09-04 17:00:31 Баланс: 9.64758030686816$ | PnL: 2.83338546 💵 | Сделок: 215 | WinRate: 46.51%
🔄 2025-09-04 17:02:53 Баланс: 9.64758030686816$ | PnL: 2.83338546 💵 | Сделок: 215 | WinRate: 46.51%
🔄 2025-09-04 17:05:50 Баланс: 9.64758030686816$ | PnL: 2.83338546 💵 | Сделок: 215 | WinRate: 46.51%
🔄 2025-09-04 17:08:54 Баланс: 9.64758030686816$ | PnL: 2.83338546 💵 | Сделок: 215 | WinRate: 46.51%
🔄 2025-09-04 17:11:13 Баланс: 9.64758030686816$ | PnL: 2.83338546 💵 | Сделок: 215 | WinRate: 46.51%
🔄 2025-09-04 17:13:28 Баланс: 9.64758030686816$ | PnL: 2.83338546 💵 | Сделок: 215 | WinRate: 46.51%
🔄 2025-09-04 17:15:40 Баланс: 9.64758030686816$ | PnL: 2.83338546 💵 | Сделок: 215 | WinRate: 46.51%
🔄 2025-09-04 17:17:52 Баланс: 9.64758030686816$ | PnL: 2.83338546 💵 | Сделок: 215 | WinRate: 46.51%
🔄 2025-09-04 17:20:02 Баланс: 9.64758030686816$ | PnL: 2.83338546 💵 | Сделок: 215 | WinRate: 46.51%
🔄 2025-09-04 17:22:18 Баланс: 9.64758030686816$ | PnL: 2.83338546 💵 | Сделок: 215 | WinRate: 46.51%
🔄 2025-09-04 17:24:31 Баланс: 9.64758030686816$ | PnL: 2.83338546 💵 | Сделок: 215 | WinRate: 46.51%
🔄 2025-09-04 17:27:58 Баланс: 9.64758030686816$ | PnL: 2.83338546 💵 | Сделок: 215 | WinRate: 46.51%
🔄 2025-09-04 17:30:20 Баланс: 9.64758030686816$ | PnL: 2.83338546 💵 | Сделок: 215 | WinRate: 46.51%
🔄 2025-09-04 17:32:33 Баланс: 9.64758030686816$ | PnL: 2.83338546 💵 | Сделок: 215 | WinRate: 46.51%
🔄 2025-09-04 17:34:51 Баланс: 9.64758030686816$ | PnL: 2.83338546 💵 | Сделок: 215 | WinRate: 46.51%
🔄 2025-09-04 17:37:04 Баланс: 9.64758030686816$ | PnL: 2.83338546 💵 | Сделок: 215 | WinRate: 46.51%
🔄 2025-09-04 17:39:16 Баланс: 9.64758030686816$ | PnL: 2.83338546 💵 | Сделок: 215 | WinRate: 46.51%
🔄 2025-09-04 17:41:37 Баланс: 9.64758030686816$ | PnL: 2.83338546 💵 | Сделок: 215 | WinRate: 46.51%
🔄 2025-09-04 17:44:09 Баланс: 9.64758030686816$ | PnL: 2.83338546 💵 | Сделок: 215 | WinRate: 46.51%
🔄 2025-09-04 17:46:28 Баланс: 9.64758030686816$ | PnL: 2.83338546 💵 | Сделок: 215 | WinRate: 46.51%
🔄 2025-09-04 17:48:47 Баланс: 9.64758030686816$ | PnL: 2.83338546 💵 | Сделок: 215 | WinRate: 46.51%
🔄 2025-09-04 17:51:19 Баланс: 19.9970970611074$ | PnL: 3.19190266 💵 | Сделок: 217 | WinRate: 47%
🔄 2025-09-04 17:53:49 Баланс: 9.98726431230735$ | PnL: 3.19190266 💵 | Сделок: 217 | WinRate: 47%
🔄 2025-09-04 17:56:04 Баланс: 9.98726431230735$ | PnL: 3.19190266 💵 | Сделок: 217 | WinRate: 47%
🔄 2025-09-04 17:58:35 Баланс: 9.98726431230735$ | PnL: 3.19190266 💵 | Сделок: 217 | WinRate: 47%
🔄 2025-09-04 18:00:45 Баланс: 9.98726431230735$ | PnL: 3.19190266 💵 | Сделок: 217 | WinRate: 47%
🔄 2025-09-04 18:02:36 Баланс: 9.98726431230735$ | PnL: 3.19190266 💵 | Сделок: 217 | WinRate: 47%
🔄 2025-09-04 18:04:45 Баланс: 0.0570870595472552$ | PnL: 3.28741824 💵 | Сделок: 218 | WinRate: 47.25%
🔄 2025-09-04 18:07:44 Баланс: 11.7324293953004$ | PnL: 4.58682737000001 💵 | Сделок: 233 | WinRate: 49.36%
🔄 2025-09-04 18:10:41 Баланс: 1.78447053741798$ | PnL: 4.71259095 💵 | Сделок: 240 | WinRate: 50%
🔄 2025-09-04 18:12:43 Баланс: 1.78447053741798$ | PnL: 4.71259095 💵 | Сделок: 240 | WinRate: 50%
🔄 2025-09-04 18:14:50 Баланс: 1.78447053741798$ | PnL: 4.71259095 💵 | Сделок: 240 | WinRate: 50%
🔄 2025-09-04 18:17:01 Баланс: 1.85916885796798$ | PnL: 4.79616015 💵 | Сделок: 241 | WinRate: 50.21%
🔄 2025-09-04 18:19:04 Баланс: 1.85916885796798$ | PnL: 4.79616015 💵 | Сделок: 241 | WinRate: 50.21%
🔄 2025-09-04 18:21:08 Баланс: 1.85916885796798$ | PnL: 4.79616015 💵 | Сделок: 241 | WinRate: 50.21%
🔄 2025-09-04 18:23:07 Баланс: 1.85916885796798$ | PnL: 4.79616015 💵 | Сделок: 241 | WinRate: 50.21%
🔄 2025-09-04 18:25:04 Баланс: 1.85916885796798$ | PnL: 4.79616015 💵 | Сделок: 241 | WinRate: 50.21%
🔄 2025-09-04 18:27:03 Баланс: 1.85916885796798$ | PnL: 4.79616015 💵 | Сделок: 241 | WinRate: 50.21%
🔄 2025-09-04 18:29:01 Баланс: 1.85916885796798$ | PnL: 4.79616015 💵 | Сделок: 241 | WinRate: 50.21%
🔄 2025-09-04 18:30:58 Баланс: 1.85916885796798$ | PnL: 4.79616015 💵 | Сделок: 241 | WinRate: 50.21%
🔄 2025-09-04 18:33:04 Баланс: 1.85916885796798$ | PnL: 4.79616015 💵 | Сделок: 241 | WinRate: 50.21%
🔄 2025-09-04 18:35:37 Баланс: 1.85916885796798$ | PnL: 4.79616015 💵 | Сделок: 241 | WinRate: 50.21%
🔄 2025-09-04 18:37:34 Баланс: 1.85916885796798$ | PnL: 4.79616015 💵 | Сделок: 241 | WinRate: 50.21%
🔄 2025-09-04 18:39:24 Баланс: 1.85916885796798$ | PnL: 4.79616015 💵 | Сделок: 241 | WinRate: 50.21%
🔄 2025-09-04 18:41:16 Баланс: 2.27445493503678$ | PnL: 5.22043463000001 💵 | Сделок: 242 | WinRate: 50.41%
🔄 2025-09-04 18:43:01 Баланс: 2.27445493503678$ | PnL: 5.22043463000001 💵 | Сделок: 242 | WinRate: 50.41%
🔄 2025-09-04 18:44:45 Баланс: 2.27445493503678$ | PnL: 5.22043463000001 💵 | Сделок: 242 | WinRate: 50.41%
🔄 2025-09-04 18:47:28 Баланс: 2.27445493503678$ | PnL: 5.22043463000001 💵 | Сделок: 242 | WinRate: 50.41%
🔄 2025-09-04 18:49:35 Баланс: 2.27445493503678$ | PnL: 5.22043463000001 💵 | Сделок: 242 | WinRate: 50.41%
🔄 2025-09-04 18:51:28 Баланс: 2.27445493503678$ | PnL: 5.22043463000001 💵 | Сделок: 242 | WinRate: 50.41%
🔄 2025-09-04 18:53:21 Баланс: 2.27445493503678$ | PnL: 5.22043463000001 💵 | Сделок: 242 | WinRate: 50.41%
🔄 2025-09-04 18:55:56 Баланс: 2.27445493503678$ | PnL: 5.22043463000001 💵 | Сделок: 242 | WinRate: 50.41%
🔄 2025-09-04 18:57:51 Баланс: 2.27445493503678$ | PnL: 5.22043463000001 💵 | Сделок: 242 | WinRate: 50.41%
🔄 2025-09-04 18:59:41 Баланс: 2.27445493503678$ | PnL: 5.22043463000001 💵 | Сделок: 242 | WinRate: 50.41%
🔄 2025-09-04 19:01:25 Баланс: 2.27445493503678$ | PnL: 5.22043463000001 💵 | Сделок: 242 | WinRate: 50.41%
🔄 2025-09-04 19:03:12 Баланс: 2.27445493503678$ | PnL: 5.22043463000001 💵 | Сделок: 242 | WinRate: 50.41%
🔄 2025-09-04 19:05:02 Баланс: 2.67152447951357$ | PnL: 5.6264963 💵 | Сделок: 243 | WinRate: 50.62%
🔄 2025-09-04 19:06:55 Баланс: 2.67152447951357$ | PnL: 5.6264963 💵 | Сделок: 243 | WinRate: 50.62%
🔄 2025-09-04 19:08:53 Баланс: 2.88137943948137$ | PnL: 5.84534705 💵 | Сделок: 244 | WinRate: 50.82%
🔄 2025-09-04 19:10:51 Баланс: 2.88137943948137$ | PnL: 5.84534705 💵 | Сделок: 244 | WinRate: 50.82%
🔄 2025-09-04 19:12:51 Баланс: 3.49117154499517$ | PnL: 6.49125451 💵 | Сделок: 248 | WinRate: 51.61%
🔄 2025-09-04 19:14:54 Баланс: 4.15535163984984$ | PnL: 7.1911812 💵 | Сделок: 252 | WinRate: 52.38%
🔄 2025-09-04 19:16:52 Баланс: 4.52970466117134$ | PnL: 7.58410723 💵 | Сделок: 254 | WinRate: 52.76%
🔄 2025-09-04 19:18:46 Баланс: 4.52970466117134$ | PnL: 7.58410723 💵 | Сделок: 254 | WinRate: 52.76%
🔄 2025-09-04 19:20:34 Баланс: 4.52970466117134$ | PnL: 7.58410723 💵 | Сделок: 254 | WinRate: 52.76%
🔄 2025-09-04 19:22:29 Баланс: 5.15456029507334$ | PnL: 8.24422797 💵 | Сделок: 258 | WinRate: 53.49%
🔄 2025-09-04 19:24:26 Баланс: 5.29986842034134$ | PnL: 8.39854304 💵 | Сделок: 259 | WinRate: 53.67%
🔄 2025-09-04 19:26:21 Баланс: 5.29986842034134$ | PnL: 8.39854304 💵 | Сделок: 259 | WinRate: 53.67%
🔄 2025-09-04 19:28:15 Баланс: 5.29986842034134$ | PnL: 8.39854304 💵 | Сделок: 259 | WinRate: 53.67%
🔄 2025-09-04 19:30:10 Баланс: 5.53682578982934$ | PnL: 8.64449071 💵 | Сделок: 260 | WinRate: 53.85%
🔄 2025-09-04 19:31:57 Баланс: 5.53682578982934$ | PnL: 8.64449071 💵 | Сделок: 260 | WinRate: 53.85%
🔄 2025-09-04 19:33:46 Баланс: 5.63755640902934$ | PnL: 8.75402284 💵 | Сделок: 261 | WinRate: 54.02%
🔄 2025-09-04 19:35:39 Баланс: 5.79599087273434$ | PnL: 8.92146751 💵 | Сделок: 262 | WinRate: 54.2%
🔄 2025-09-04 19:37:34 Баланс: 5.84161360233434$ | PnL: 8.97614771 💵 | Сделок: 263 | WinRate: 54.37%
🔄 2025-09-04 19:39:27 Баланс: 5.84161360233434$ | PnL: 8.97614771 💵 | Сделок: 263 | WinRate: 54.37%
🔄 2025-09-04 19:41:23 Баланс: 5.84161360233434$ | PnL: 8.97614771 💵 | Сделок: 263 | WinRate: 54.37%
🔄 2025-09-04 19:43:17 Баланс: 5.84161360233434$ | PnL: 8.97614771 💵 | Сделок: 263 | WinRate: 54.37%
🔄 2025-09-04 19:45:21 Баланс: 5.84161360233434$ | PnL: 8.97614771 💵 | Сделок: 263 | WinRate: 54.37%
🔄 2025-09-04 19:47:30 Баланс: 5.84161360233434$ | PnL: 8.97614771 💵 | Сделок: 263 | WinRate: 54.37%
🔄 2025-09-04 19:49:39 Баланс: 6.04194877598634$ | PnL: 9.18546497 💵 | Сделок: 264 | WinRate: 54.55%
🔄 2025-09-04 19:51:36 Баланс: 6.04194877598634$ | PnL: 9.18546497 💵 | Сделок: 264 | WinRate: 54.55%
🔄 2025-09-04 19:53:32 Баланс: 6.04194877598634$ | PnL: 9.18546497 💵 | Сделок: 264 | WinRate: 54.55%
🔄 2025-09-04 19:55:26 Баланс: 6.04194877598634$ | PnL: 9.18546497 💵 | Сделок: 264 | WinRate: 54.55%
🔄 2025-09-04 19:58:03 Баланс: 6.04194877598634$ | PnL: 9.18546497 💵 | Сделок: 264 | WinRate: 54.55%
🔄 2025-09-04 20:00:01 Баланс: 6.04194877598634$ | PnL: 9.18546497 💵 | Сделок: 264 | WinRate: 54.55%
🔄 2025-09-04 20:01:58 Баланс: 6.04194877598634$ | PnL: 9.18546497 💵 | Сделок: 264 | WinRate: 54.55%
🔄 2025-09-04 20:03:55 Баланс: 6.14708343228634$ | PnL: 9.29846035 💵 | Сделок: 265 | WinRate: 54.72%
🔄 2025-09-04 20:07:03 Баланс: 6.14708343228634$ | PnL: 9.29846035 💵 | Сделок: 265 | WinRate: 54.72%
🔄 2025-09-04 20:09:59 Баланс: 6.44765294584234$ | PnL: 9.60806173 💵 | Сделок: 266 | WinRate: 54.89%
🔄 2025-09-04 20:13:55 Баланс: 6.59137655488948$ | PnL: 9.76078202 💵 | Сделок: 267 | WinRate: 55.06%
🔄 2025-09-04 20:15:49 Баланс: 6.59137655488948$ | PnL: 9.76078202 💵 | Сделок: 267 | WinRate: 55.06%
🔄 2025-09-04 20:17:51 Баланс: 6.59137655488948$ | PnL: 9.76078202 💵 | Сделок: 267 | WinRate: 55.06%
🔄 2025-09-04 20:19:48 Баланс: 6.59137655488948$ | PnL: 9.76078202 💵 | Сделок: 267 | WinRate: 55.06%
🔄 2025-09-04 20:21:45 Баланс: 6.59137655488948$ | PnL: 9.76078202 💵 | Сделок: 267 | WinRate: 55.06%
🔄 2025-09-04 20:23:46 Баланс: 6.59137655488948$ | PnL: 9.76078202 💵 | Сделок: 267 | WinRate: 55.06%
🔄 2025-09-04 20:25:54 Баланс: 6.59137655488948$ | PnL: 9.76078202 💵 | Сделок: 267 | WinRate: 55.06%
🔄 2025-09-04 20:28:11 Баланс: 6.59137655488948$ | PnL: 9.76078202 💵 | Сделок: 267 | WinRate: 55.06%
🔄 2025-09-04 20:30:31 Баланс: 6.67211216321548$ | PnL: 10.02133579 💵 | Сделок: 269 | WinRate: 55.39%
🔄 2025-09-04 20:32:54 Баланс: 6.96575661898648$ | PnL: 10.33296927 💵 | Сделок: 271 | WinRate: 55.72%
🔄 2025-09-04 20:35:07 Баланс: 6.96575661898648$ | PnL: 10.33296927 💵 | Сделок: 271 | WinRate: 55.72%
🔄 2025-09-04 20:39:23 Баланс: 6.96575661898648$ | PnL: 10.33296927 💵 | Сделок: 271 | WinRate: 55.72%
🔄 2025-09-04 20:41:26 Баланс: 6.96575661898648$ | PnL: 10.33296927 💵 | Сделок: 271 | WinRate: 55.72%
🔄 2025-09-04 20:43:21 Баланс: 6.96575661898648$ | PnL: 10.33296927 💵 | Сделок: 271 | WinRate: 55.72%
🔄 2025-09-04 20:45:15 Баланс: 6.96575661898648$ | PnL: 10.33296927 💵 | Сделок: 271 | WinRate: 55.72%
🔄 2025-09-04 20:47:06 Баланс: 6.96575661898648$ | PnL: 10.33296927 💵 | Сделок: 271 | WinRate: 55.72%
🔄 2025-09-04 20:48:59 Баланс: 6.96575661898648$ | PnL: 10.33296927 💵 | Сделок: 271 | WinRate: 55.72%
🔄 2025-09-04 20:51:01 Баланс: 6.96575661898648$ | PnL: 10.33296927 💵 | Сделок: 271 | WinRate: 55.72%
🔄 2025-09-04 20:53:05 Баланс: 6.96575661898648$ | PnL: 10.33296927 💵 | Сделок: 271 | WinRate: 55.72%
🔄 2025-09-04 20:54:58 Баланс: 6.96575661898648$ | PnL: 10.33296927 💵 | Сделок: 271 | WinRate: 55.72%
🔄 2025-09-04 20:56:53 Баланс: 6.96575661898648$ | PnL: 10.33296927 💵 | Сделок: 271 | WinRate: 55.72%
🔄 2025-09-04 20:58:47 Баланс: 6.96575661898648$ | PnL: 10.33296927 💵 | Сделок: 271 | WinRate: 55.72%
🔄 2025-09-04 21:00:40 Баланс: 6.96575661898648$ | PnL: 10.33296927 💵 | Сделок: 271 | WinRate: 55.72%
🔄 2025-09-04 21:02:33 Баланс: 6.96575661898648$ | PnL: 10.33296927 💵 | Сделок: 271 | WinRate: 55.72%
🔄 2025-09-04 21:04:55 Баланс: 6.96575661898648$ | PnL: 10.33296927 💵 | Сделок: 271 | WinRate: 55.72%
🔄 2025-09-04 21:07:52 Баланс: 6.67373568398648$ | PnL: 10.05152538 💵 | Сделок: 272 | WinRate: 55.51%
🔄 2025-09-04 21:09:38 Баланс: 6.67373568398648$ | PnL: 10.05152538 💵 | Сделок: 272 | WinRate: 55.51%
🔄 2025-09-04 21:11:22 Баланс: 6.67373568398648$ | PnL: 10.05152538 💵 | Сделок: 272 | WinRate: 55.51%
🔄 2025-09-04 21:13:45 Баланс: 6.67373568398648$ | PnL: 10.05152538 💵 | Сделок: 272 | WinRate: 55.51%
🔄 2025-09-04 21:15:25 Баланс: 6.67373568398648$ | PnL: 10.05152538 💵 | Сделок: 272 | WinRate: 55.51%
🔄 2025-09-04 21:17:06 Баланс: 6.67373568398648$ | PnL: 10.05152538 💵 | Сделок: 272 | WinRate: 55.51%
🔄 2025-09-04 21:18:47 Баланс: 6.67373568398648$ | PnL: 10.05152538 💵 | Сделок: 272 | WinRate: 55.51%
🔄 2025-09-04 21:20:29 Баланс: 6.67373568398648$ | PnL: 10.05152538 💵 | Сделок: 272 | WinRate: 55.51%
🔄 2025-09-04 21:22:57 Баланс: 16.5847054639865$ | PnL: 9.96249914 💵 | Сделок: 273 | WinRate: 55.31%
🔄 2025-09-04 21:24:46 Баланс: 6.57528308418648$ | PnL: 9.96249914 💵 | Сделок: 273 | WinRate: 55.31%
🔄 2025-09-04 21:26:26 Баланс: 6.57528308418648$ | PnL: 9.96249914 💵 | Сделок: 273 | WinRate: 55.31%
🔄 2025-09-04 21:28:05 Баланс: 6.57528308418648$ | PnL: 9.96249914 💵 | Сделок: 273 | WinRate: 55.31%
🔄 2025-09-04 21:29:44 Баланс: 6.57528308418648$ | PnL: 9.96249914 💵 | Сделок: 273 | WinRate: 55.31%
🔄 2025-09-04 21:31:23 Баланс: 6.57528308418648$ | PnL: 9.96249914 💵 | Сделок: 273 | WinRate: 55.31%
🔄 2025-09-04 21:33:01 Баланс: 6.57528308418648$ | PnL: 9.96249914 💵 | Сделок: 273 | WinRate: 55.31%
🔄 2025-09-04 21:34:40 Баланс: 6.57528308418648$ | PnL: 9.96249914 💵 | Сделок: 273 | WinRate: 55.31%
🔄 2025-09-04 21:36:18 Баланс: 6.57528308418648$ | PnL: 9.96249914 💵 | Сделок: 273 | WinRate: 55.31%
🔄 2025-09-04 21:37:55 Баланс: 6.57528308418648$ | PnL: 9.96249914 💵 | Сделок: 273 | WinRate: 55.31%
🔄 2025-09-04 21:39:35 Баланс: 6.57528308418648$ | PnL: 9.96249914 💵 | Сделок: 273 | WinRate: 55.31%
🔄 2025-09-04 21:41:14 Баланс: 6.57528308418648$ | PnL: 9.96249914 💵 | Сделок: 273 | WinRate: 55.31%
🔄 2025-09-04 21:42:56 Баланс: 6.57528308418648$ | PnL: 9.96249914 💵 | Сделок: 273 | WinRate: 55.31%
🔄 2025-09-04 21:44:42 Баланс: 16.7363454141865$ | PnL: 10.12356691 💵 | Сделок: 274 | WinRate: 55.47%
🔄 2025-09-04 21:46:31 Баланс: 6.83482005438648$ | PnL: 10.12356691 💵 | Сделок: 274 | WinRate: 55.47%
🔄 2025-09-04 21:48:10 Баланс: 6.83482005438648$ | PnL: 10.12356691 💵 | Сделок: 274 | WinRate: 55.47%
🔄 2025-09-04 21:49:49 Баланс: 6.83482005438648$ | PnL: 10.12356691 💵 | Сделок: 274 | WinRate: 55.47%
🔄 2025-09-04 21:51:31 Баланс: 6.51288987010008$ | PnL: 9.81063118 💵 | Сделок: 275 | WinRate: 55.27%
🔄 2025-09-04 21:53:10 Баланс: 6.51288987010008$ | PnL: 9.81063118 💵 | Сделок: 275 | WinRate: 55.27%
🔄 2025-09-04 21:54:51 Баланс: 6.51288987010008$ | PnL: 9.81063118 💵 | Сделок: 275 | WinRate: 55.27%
🔄 2025-09-04 21:56:29 Баланс: 6.51288987010008$ | PnL: 9.81063118 💵 | Сделок: 275 | WinRate: 55.27%
🔄 2025-09-04 21:58:08 Баланс: 6.51288987010008$ | PnL: 9.81063118 💵 | Сделок: 275 | WinRate: 55.27%
🔄 2025-09-04 21:59:45 Баланс: 6.51288987010008$ | PnL: 9.81063118 💵 | Сделок: 275 | WinRate: 55.27%
🔄 2025-09-04 22:01:23 Баланс: 6.51288987010008$ | PnL: 9.81063118 💵 | Сделок: 275 | WinRate: 55.27%
🔄 2025-09-04 22:04:23 Баланс: 6.36235501792728$ | PnL: 9.66908397 💵 | Сделок: 276 | WinRate: 55.07%
🔄 2025-09-04 22:06:01 Баланс: 6.36235501792728$ | PnL: 9.66908397 💵 | Сделок: 276 | WinRate: 55.07%
🔄 2025-09-04 22:08:45 Баланс: 16.2319077579273$ | PnL: 9.53864013 💵 | Сделок: 277 | WinRate: 54.87%
🔄 2025-09-04 22:11:20 Баланс: 6.22290773750891$ | PnL: 9.53864013 💵 | Сделок: 277 | WinRate: 54.87%
