🔄 Новый цикл бота. Баланс: 1000$ | PnL: 0 💵 | Сделок: 0 | WinRate: 0%
🔄 Новый цикл бота. Баланс: 577.788297810593$ | PnL: 0 💵 | Сделок: 0 | WinRate: 0%
🔄 Новый цикл бота. Баланс: 577.556917591299$ | PnL: -0.19504406 💵 | Сделок: 4 | WinRate: 0%
🔄 Новый цикл бота. Баланс: 477.492045037046$ | PnL: -0.11844575 💵 | Сделок: 5 | WinRate: 20%
🔄 Новый цикл бота. Баланс: 429.476231125413$ | PnL: 0.0423136199999999 💵 | Сделок: 9 | WinRate: 22.22%
🔄 Новый цикл бота. Баланс: 468.996759057345$ | PnL: -0.41923206 💵 | Сделок: 15 | WinRate: 13.33%
🔄 Новый цикл бота. Баланс: 568.516754317645$ | PnL: -0.9202278 💵 | Сделок: 25 | WinRate: 12%
🔄 Новый цикл бота. Баланс: 687.53910452935$ | PnL: -1.88901615 💵 | Сделок: 38 | WinRate: 7.89%
🔄 Новый цикл бота. Баланс: 906.05316515895$ | PnL: -3.39612502 💵 | Сделок: 60 | WinRate: 6.67%
🔄 Новый цикл бота. Баланс: 945.35114439709$ | PnL: -4.01716939 💵 | Сделок: 65 | WinRate: 6.15%
🔄 Новый цикл бота. Баланс: 945.35114439709$ | PnL: -4.01716939 💵 | Сделок: 65 | WinRate: 6.15%
🔄 Новый цикл бота. Баланс: 945.35114439709$ | PnL: -4.01716939 💵 | Сделок: 65 | WinRate: 6.15%
🔄 Новый цикл бота. Баланс: 945.35114439709$ | PnL: -4.01716939 💵 | Сделок: 65 | WinRate: 6.15%
🔄 Новый цикл бота. Баланс: 945.74445244209$ | PnL: -3.62123763 💵 | Сделок: 66 | WinRate: 7.58%
🔄 Новый цикл бота. Баланс: 905.308836793248$ | PnL: -3.98516765 💵 | Сделок: 67 | WinRate: 7.46%
🔄 Новый цикл бота. Баланс: 895.325591130868$ | PnL: -3.94408515 💵 | Сделок: 68 | WinRate: 8.82%
🔄 Новый цикл бота. Баланс: 845.311306599533$ | PnL: -3.94408515 💵 | Сделок: 68 | WinRate: 8.82%
🔄 Новый цикл бота. Баланс: 844.967377306933$ | PnL: -4.27896004 💵 | Сделок: 69 | WinRate: 8.7%
🔄 Новый цикл бота. Баланс: 754.524060105496$ | PnL: -4.63921284 💵 | Сделок: 70 | WinRate: 8.57%
🔄 Новый цикл бота. Баланс: 734.414078200318$ | PnL: -4.72222408 💵 | Сделок: 71 | WinRate: 8.45%
🔄 Новый цикл бота. Баланс: 673.993217027121$ | PnL: -4.97093108 💵 | Сделок: 74 | WinRate: 8.11%
🔄 Новый цикл бота. Баланс: 3.23872293944958$ | PnL: -4.88593149 💵 | Сделок: 78 | WinRate: 11.54%
🔄 Новый цикл бота. Баланс: 3.24173870127698$ | PnL: -4.82452635 💵 | Сделок: 82 | WinRate: 14.63%
🔄 Новый цикл бота. Баланс: 3.24173870127698$ | PnL: -4.82452635 💵 | Сделок: 82 | WinRate: 14.63%
🔄 Новый цикл бота. Баланс: 3.29352978158998$ | PnL: -4.76373869 💵 | Сделок: 83 | WinRate: 15.66%
🔄 Новый цикл бота. Баланс: 3.32873088302998$ | PnL: -4.7195404 💵 | Сделок: 84 | WinRate: 16.67%
🔄 Новый цикл бота. Баланс: 3.14152777106048$ | PnL: -4.87980355 💵 | Сделок: 87 | WinRate: 17.24%
🔄 Новый цикл бота. Баланс: 3.20489272139348$ | PnL: -4.8074359 💵 | Сделок: 88 | WinRate: 18.18%
🔄 Новый цикл бота. Баланс: 3.49980883531648$ | PnL: -4.48551372 💵 | Сделок: 91 | WinRate: 19.78%
🔄 Новый цикл бота. Баланс: 3.61597862734168$ | PnL: -4.36034184 💵 | Сделок: 92 | WinRate: 20.65%
🔄 Новый цикл бота. Баланс: 3.37368812695722$ | PnL: -4.5626557 💵 | Сделок: 97 | WinRate: 20.62%
🔄 Новый цикл бота. Баланс: 12.0828118552959$ | PnL: -5.7232649 💵 | Сделок: 118 | WinRate: 17.8%
🔄 Новый цикл бота. Баланс: 1.61882164037343$ | PnL: -6.12839159 💵 | Сделок: 124 | WinRate: 16.94%
🔄 Новый цикл бота. Баланс: 1.32713669221313$ | PnL: -6.39308453 💵 | Сделок: 127 | WinRate: 16.54%
🔄 Новый цикл бота. Баланс: 1.05841535801343$ | PnL: -6.63487155 💵 | Сделок: 130 | WinRate: 16.15%
🔄 Новый цикл бота. Баланс: 0.959473181504871$ | PnL: -6.72487954 💵 | Сделок: 131 | WinRate: 16.03%
🔄 Новый цикл бота. Баланс: 169.152742329672$ | PnL: -8.47747489 💵 | Сделок: 156 | WinRate: 14.1%
🔄 Новый цикл бота. Баланс: 168.460697667642$ | PnL: -9.24612613 💵 | Сделок: 168 | WinRate: 13.1%
🔄 Новый цикл бота. Баланс: 267.43957848045$ | PnL: -10.24862424 💵 | Сделок: 180 | WinRate: 12.22%
🔄 Новый цикл бота. Баланс: 97.1192075189504$ | PnL: -10.27538823 💵 | Сделок: 184 | WinRate: 13.04%
🔄 Новый цикл бота. Баланс: 7.07863041936494$ | PnL: -10.22589214 💵 | Сделок: 185 | WinRate: 13.51%
🔄 Новый цикл бота. Баланс: 7.40550811348104$ | PnL: -9.78145148000001 💵 | Сделок: 198 | WinRate: 18.69%
🔄 Новый цикл бота. Баланс: 7.40550811348104$ | PnL: -9.78145148000001 💵 | Сделок: 198 | WinRate: 18.69%
🔄 Новый цикл бота. Баланс: 7.29712302475304$ | PnL: -9.84493837000001 💵 | Сделок: 203 | WinRate: 20.2%
🔄 Новый цикл бота. Баланс: 8.10489517081347$ | PnL: -8.87650223000001 💵 | Сделок: 224 | WinRate: 26.79%
🔄 Новый цикл бота. Баланс: 8.14429903347247$ | PnL: -8.82809681000001 💵 | Сделок: 225 | WinRate: 27.11%
🔄 Новый цикл бота. Баланс: 8.55560011206139$ | PnL: -8.4443123 💵 | Сделок: 231 | WinRate: 28.57%
🔄 Новый цикл бота. Баланс: 8.64745888556099$ | PnL: -8.34382517 💵 | Сделок: 232 | WinRate: 28.88%
🔄 Новый цикл бота. Баланс: 9.63281770106205$ | PnL: -7.18623169 💵 | Сделок: 251 | WinRate: 34.26%
🔄 Новый цикл бота. Баланс: 9.80194473406164$ | PnL: -6.98114553 💵 | Сделок: 255 | WinRate: 35.29%
🔄 Новый цикл бота. Баланс: 10.5894489469376$ | PnL: -6.04105226 💵 | Сделок: 272 | WinRate: 39.34%
🔄 Новый цикл бота. Баланс: 0.0295163276749424$ | PnL: -6.51106757 💵 | Сделок: 281 | WinRate: 38.79%
🔄 Новый цикл бота. Баланс: 8.84160449324223$ | PnL: -7.66574834000001 💵 | Сделок: 297 | WinRate: 36.7%
🔄 Новый цикл бота. Баланс: 8.64813625562992$ | PnL: -7.84121293000001 💵 | Сделок: 299 | WinRate: 36.45%
🔄 Новый цикл бота. Баланс: 8.64813625562992$ | PnL: -7.84121293000001 💵 | Сделок: 299 | WinRate: 36.45%
🔄 Новый цикл бота. Баланс: 8.64813625562992$ | PnL: -7.84121293000001 💵 | Сделок: 299 | WinRate: 36.45%
🔄 Новый цикл бота. Баланс: 8.63177795827353$ | PnL: -7.83956909000001 💵 | Сделок: 301 | WinRate: 36.54%
🔄 Новый цикл бота. Баланс: 8.80120406365733$ | PnL: -7.65214487000001 💵 | Сделок: 303 | WinRate: 36.96%
🔄 Новый цикл бота. Баланс: 8.90566514681303$ | PnL: -7.52964830000001 💵 | Сделок: 305 | WinRate: 37.38%
🔄 Новый цикл бота. Баланс: 8.99811129906503$ | PnL: -7.41915944000001 💵 | Сделок: 307 | WinRate: 37.79%
🔄 Новый цикл бота. Баланс: 9.9633498530572$ | PnL: -6.15019054000001 💵 | Сделок: 327 | WinRate: 41.59%
🔄 Новый цикл бота. Баланс: 1.55771621374434$ | PnL: -4.28398224000001 💵 | Сделок: 356 | WinRate: 46.35%
🔄 Новый цикл бота. Баланс: 1.64079518828438$ | PnL: -4.19198011000001 💵 | Сделок: 357 | WinRate: 46.5%
🔄 Новый цикл бота. Баланс: 1.72604033769438$ | PnL: -4.09779678000001 💵 | Сделок: 358 | WinRate: 46.65%
🔄 Новый цикл бота. Баланс: 1.90903633475788$ | PnL: -3.88779470000001 💵 | Сделок: 361 | WinRate: 47.09%
🔄 Новый цикл бота. Баланс: 2.19382317437188$ | PnL: -3.59402633000001 💵 | Сделок: 362 | WinRate: 47.24%
🔄 Новый цикл бота. Баланс: 2.19382317437188$ | PnL: -3.59402633000001 💵 | Сделок: 362 | WinRate: 47.24%
🔄 Новый цикл бота. Баланс: 11.6362365745893$ | PnL: -4.10659820000001 💵 | Сделок: 368 | WinRate: 46.47%
🔄 Новый цикл бота. Баланс: 1.35418292495568$ | PnL: -4.25457011000001 💵 | Сделок: 370 | WinRate: 46.22%
🔄 Новый цикл бота. Баланс: 1.35418292495568$ | PnL: -4.25457011000001 💵 | Сделок: 370 | WinRate: 46.22%
🔄 Новый цикл бота. Баланс: 1.35418292495568$ | PnL: -4.25457011000001 💵 | Сделок: 370 | WinRate: 46.22%
🔄 Новый цикл бота. Баланс: 1.25938841923008$ | PnL: -4.34036426000001 💵 | Сделок: 371 | WinRate: 46.09%
🔄 Новый цикл бота. Баланс: 11.6245627394246$ | PnL: -3.95716720000001 💵 | Сделок: 374 | WinRate: 46.52%
🔄 Новый цикл бота. Баланс: 1.67092417332218$ | PnL: -3.89290181000001 💵 | Сделок: 375 | WinRate: 46.67%
🔄 Новый цикл бота. Баланс: 1.71607140683978$ | PnL: -3.83876450000001 💵 | Сделок: 376 | WinRate: 46.81%
🔄 Новый цикл бота. Баланс: 1.7848266250317$ | PnL: -3.75200473000001 💵 | Сделок: 378 | WinRate: 47.09%
🔄 Новый цикл бота. Баланс: 1.7848266250317$ | PnL: -3.75200473000001 💵 | Сделок: 378 | WinRate: 47.09%
🔄 Новый цикл бота. Баланс: 2.23705768778488$ | PnL: -3.21910816000001 💵 | Сделок: 387 | WinRate: 48.32%
🔄 Новый цикл бота. Баланс: 3.44263053553308$ | PnL: -1.85151470000001 💵 | Сделок: 405 | WinRate: 50.62%
🔄 Новый цикл бота. Баланс: 4.54199320981892$ | PnL: -0.555198920000006 💵 | Сделок: 425 | WinRate: 52.94%
🔄 Новый цикл бота. Баланс: 4.62487200717907$ | PnL: -0.463320060000006 💵 | Сделок: 426 | WinRate: 53.05%
🔄 Новый цикл бота. Баланс: 4.72332238556304$ | PnL: -0.346862820000006 💵 | Сделок: 428 | WinRate: 53.27%
🔄 Новый цикл бота. Баланс: 4.72332238556304$ | PnL: -0.346862820000006 💵 | Сделок: 428 | WinRate: 53.27%
🔄 Новый цикл бота. Баланс: 5.12959659968124$ | PnL: 0.131700719999994 💵 | Сделок: 436 | WinRate: 54.13%
🔄 Новый цикл бота. Баланс: 5.31812005288424$ | PnL: 0.347161319999994 💵 | Сделок: 439 | WinRate: 54.44%
🔄 Новый цикл бота. Баланс: 5.31812005288424$ | PnL: 0.347161319999994 💵 | Сделок: 439 | WinRate: 54.44%
🔄 Новый цикл бота. Баланс: 4.80189388264299$ | PnL: -0.115383350000006 💵 | Сделок: 445 | WinRate: 53.71%
🔄 Новый цикл бота. Баланс: 4.19034762844099$ | PnL: -0.664267660000006 💵 | Сделок: 452 | WinRate: 52.88%
🔄 Новый цикл бота. Баланс: 4.20836242987398$ | PnL: -0.619333340000006 💵 | Сделок: 455 | WinRate: 52.97%
🔄 Новый цикл бота. Баланс: 4.25073929092598$ | PnL: -0.567992700000006 💵 | Сделок: 456 | WinRate: 53.07%
🔄 Новый цикл бота. Баланс: 13.5823557337747$ | PnL: -1.24751416000001 💵 | Сделок: 464 | WinRate: 52.16%
🔄 Новый цикл бота. Баланс: 2.50332789701554$ | PnL: -1.37855926000001 💵 | Сделок: 466 | WinRate: 51.93%
🔄 Новый цикл бота. Баланс: 2.68852925551515$ | PnL: -1.16572830000001 💵 | Сделок: 469 | WinRate: 52.24%
🔄 Новый цикл бота. Баланс: 3.05120775946566$ | PnL: -0.741176920000006 💵 | Сделок: 476 | WinRate: 52.94%
🔄 Новый цикл бота. Баланс: 12.9933758603327$ | PnL: -0.790009150000006 💵 | Сделок: 478 | WinRate: 52.93%
🔄 Новый цикл бота. Баланс: 2.87352884018946$ | PnL: -0.891083210000006 💵 | Сделок: 479 | WinRate: 52.82%
🔄 Новый цикл бота. Баланс: 2.92228153236787$ | PnL: -0.833336580000006 💵 | Сделок: 480 | WinRate: 52.92%
🔄 Новый цикл бота. Баланс: 4.04726715085947$ | PnL: -0.583528540000006 💵 | Сделок: 485 | WinRate: 53.2%
🔄 Новый цикл бота. Баланс: 4.58721015453609$ | PnL: -0.0584582100000056 💵 | Сделок: 495 | WinRate: 54.14%
🔄 Новый цикл бота. Баланс: 4.54180881622034$ | PnL: -0.0859063500000056 💵 | Сделок: 497 | WinRate: 54.12%
🔄 Новый цикл бота. Баланс: 3.89759834791934$ | PnL: -0.712242450000006 💵 | Сделок: 499 | WinRate: 53.91%
🔄 Новый цикл бота. Баланс: 23.7301225279193$ | PnL: -0.879708520000006 💵 | Сделок: 501 | WinRate: 53.69%
🔄 Новый цикл бота. Баланс: 3.39441458821434$ | PnL: -1.17040086000001 💵 | Сделок: 504 | WinRate: 53.37%
🔄 Новый цикл бота. Баланс: 3.39441458821434$ | PnL: -1.17040086000001 💵 | Сделок: 504 | WinRate: 53.37%
🔄 Новый цикл бота. Баланс: 3.39441458821434$ | PnL: -1.17040086000001 💵 | Сделок: 504 | WinRate: 53.37%
🔄 Новый цикл бота. Баланс: 3.39441458821434$ | PnL: -1.17040086000001 💵 | Сделок: 504 | WinRate: 53.37%
🔄 Новый цикл бота. Баланс: 3.49856160200804$ | PnL: -1.02067505000001 💵 | Сделок: 509 | WinRate: 53.63%
🔄 Новый цикл бота. Баланс: 4.07199765419721$ | PnL: -0.340447820000006 💵 | Сделок: 525 | WinRate: 54.86%
🔄 Новый цикл бота. Баланс: 5.16318718909429$ | PnL: 0.945292369999994 💵 | Сделок: 544 | WinRate: 56.43%
🔄 Новый цикл бота. Баланс: 5.21088575087679$ | PnL: 1.00193050999999 💵 | Сделок: 545 | WinRate: 56.51%
🔄 Новый цикл бота. Баланс: 5.3154426800718$ | PnL: 1.12448623999999 💵 | Сделок: 547 | WinRate: 56.67%
🔄 Новый цикл бота. Баланс: 26.0688161065994$ | PnL: 1.97510659999999 💵 | Сделок: 560 | WinRate: 57.68%
🔄 Новый цикл бота. Баланс: 17.7415422614298$ | PnL: 3.72688697999999 💵 | Сделок: 586 | WinRate: 59.56%
🔄 Новый цикл бота. Баланс: 8.16761220627662$ | PnL: 4.18886774999999 💵 | Сделок: 589 | WinRate: 59.76%
🔄 Новый цикл бота. Баланс: 8.28595745783242$ | PnL: 4.33421492999999 💵 | Сделок: 592 | WinRate: 59.97%
🔄 Новый цикл бота. Баланс: 8.62596688810462$ | PnL: 4.72815756999999 💵 | Сделок: 598 | WinRate: 60.37%
🔄 Новый цикл бота. Баланс: 8.71179851447762$ | PnL: 4.83199426999999 💵 | Сделок: 600 | WinRate: 60.5%
🔄 Новый цикл бота. Баланс: 8.5397052606498$ | PnL: 4.71276605999999 💵 | Сделок: 602 | WinRate: 60.3%
🔄 Новый цикл бота. Баланс: 8.56177679491786$ | PnL: 4.75283894999999 💵 | Сделок: 604 | WinRate: 60.26%
🔄 Новый цикл бота. Баланс: 8.65805816431371$ | PnL: 4.86716006999999 💵 | Сделок: 606 | WinRate: 60.23%
🔄 Новый цикл бота. Баланс: 8.54371817121521$ | PnL: 4.78107895999999 💵 | Сделок: 609 | WinRate: 60.1%
🔄 Новый цикл бота. Баланс: 8.3489269922067$ | PnL: 4.62234229999999 💵 | Сделок: 613 | WinRate: 59.87%
🔄 Новый цикл бота. Баланс: 8.52512152746405$ | PnL: 4.82552431999999 💵 | Сделок: 616 | WinRate: 60.06%
🔄 Новый цикл бота. Баланс: 8.52512152746405$ | PnL: 4.82552431999999 💵 | Сделок: 616 | WinRate: 60.06%
🔄 Новый цикл бота. Баланс: 8.52512152746405$ | PnL: 4.82552431999999 💵 | Сделок: 616 | WinRate: 60.06%
🔄 Новый цикл бота. Баланс: 8.68399265419406$ | PnL: 5.01608872999999 💵 | Сделок: 619 | WinRate: 60.26%
🔄 Новый цикл бота. Баланс: 8.57809946825166$ | PnL: 4.91980447999999 💵 | Сделок: 620 | WinRate: 60.16%
🔄 Новый цикл бота. Баланс: 8.10119326359865$ | PnL: 4.65078944999999 💵 | Сделок: 625 | WinRate: 59.84%
🔄 Новый цикл бота. Баланс: 7.18598304880665$ | PnL: 3.82558464999999 💵 | Сделок: 635 | WinRate: 58.9%
🔄 Новый цикл бота. Баланс: 7.16228593471565$ | PnL: 3.81944466999999 💵 | Сделок: 637 | WinRate: 58.87%
🔄 Новый цикл бота. Баланс: 7.19326048585155$ | PnL: 3.85942213999999 💵 | Сделок: 638 | WinRate: 58.93%
🔄 Новый цикл бота. Баланс: 7.38943247848236$ | PnL: 4.06149417999999 💵 | Сделок: 641 | WinRate: 59.13%
🔄 Новый цикл бота. Баланс: 7.38943247848236$ | PnL: 4.06149417999999 💵 | Сделок: 641 | WinRate: 59.13%
🔄 Новый цикл бота. Баланс: 7.38260465655136$ | PnL: 4.09361524999999 💵 | Сделок: 643 | WinRate: 59.1%
🔄 Новый цикл бота. Баланс: 7.38260465655136$ | PnL: 4.09361524999999 💵 | Сделок: 643 | WinRate: 59.1%
🔄 Новый цикл бота. Баланс: 7.16886769245136$ | PnL: 3.88886977999999 💵 | Сделок: 644 | WinRate: 59.01%
🔄 Новый цикл бота. Баланс: 6.96133180232056$ | PnL: 3.69932395999999 💵 | Сделок: 646 | WinRate: 58.82%
🔄 Новый цикл бота. Баланс: 17.2746993157876$ | PnL: 3.85367376999999 💵 | Сделок: 649 | WinRate: 59.01%
🔄 Новый цикл бота. Баланс: 6.72777137226925$ | PnL: 5.21338860999999 💵 | Сделок: 674 | WinRate: 60.53%
🔄 Новый цикл бота. Баланс: 6.72777137226925$ | PnL: 5.21338860999999 💵 | Сделок: 674 | WinRate: 60.53%
🔄 Новый цикл бота. Баланс: 6.79479625697566$ | PnL: 5.28946860999999 💵 | Сделок: 675 | WinRate: 60.59%
🔄 Новый цикл бота. Баланс: 6.79479625697566$ | PnL: 5.28946860999999 💵 | Сделок: 675 | WinRate: 60.59%
🔄 Новый цикл бота. Баланс: 6.92111120141316$ | PnL: 5.43383829999999 💵 | Сделок: 677 | WinRate: 60.71%
🔄 Новый цикл бота. Баланс: 6.88620815657796$ | PnL: 5.59188234999999 💵 | Сделок: 680 | WinRate: 60.88%
🔄 Новый цикл бота. Баланс: 7.75319351960124$ | PnL: 6.64522523999999 💵 | Сделок: 699 | WinRate: 61.8%
🔄 Новый цикл бота. Баланс: 7.86926927131123$ | PnL: 6.77929304999999 💵 | Сделок: 701 | WinRate: 61.91%
🔄 Новый цикл бота. Баланс: 8.4708409981349$ | PnL: 7.46182028999999 💵 | Сделок: 710 | WinRate: 62.39%
🔄 Новый цикл бота. Баланс: 8.7264370082914$ | PnL: 7.76238485999999 💵 | Сделок: 715 | WinRate: 62.66%
🔄 Новый цикл бота. Баланс: 0.0299285463083976$ | PnL: 8.20026750999999 💵 | Сделок: 719 | WinRate: 62.73%
🔄 Новый цикл бота. Баланс: 0.616424272048095$ | PnL: 8.64846255999999 💵 | Сделок: 726 | WinRate: 63.09%
🔄 Новый цикл бота. Баланс: 0.765280821236296$ | PnL: 8.81532568999999 💵 | Сделок: 728 | WinRate: 63.19%
🔄 Новый цикл бота. Баланс: 1.6172748730363$ | PnL: 8.77180481999999 💵 | Сделок: 729 | WinRate: 63.1%
🔄 Новый цикл бота. Баланс: 1.6172748730363$ | PnL: 8.77180481999999 💵 | Сделок: 729 | WinRate: 63.1%
🔄 Новый цикл бота. Баланс: 1.5963922726203$ | PnL: 8.76897115999999 💵 | Сделок: 731 | WinRate: 63.06%
🔄 Новый цикл бота. Баланс: 1.5112940794523$ | PnL: 8.69227648999999 💵 | Сделок: 732 | WinRate: 62.98%
🔄 Новый цикл бота. Баланс: 1.5112940794523$ | PnL: 8.69227648999999 💵 | Сделок: 732 | WinRate: 62.98%
🔄 Новый цикл бота. Баланс: 1.4589787877991$ | PnL: 8.64891603999999 💵 | Сделок: 733 | WinRate: 62.89%
🔄 Новый цикл бота. Баланс: 1.4589787877991$ | PnL: 8.64891603999999 💵 | Сделок: 733 | WinRate: 62.89%
🔄 Новый цикл бота. Баланс: 1.4059759576421$ | PnL: 8.60527102999999 💵 | Сделок: 736 | WinRate: 62.77%
🔄 Новый цикл бота. Баланс: 1.4997471309221$ | PnL: 8.70808463999999 💵 | Сделок: 737 | WinRate: 62.82%
🔄 Новый цикл бота. Баланс: 0.828588820888864$ | PnL: 8.29292478999999 💵 | Сделок: 743 | WinRate: 62.31%
🔄 Новый цикл бота. Баланс: 0.498384043804867$ | PnL: 7.99819134999999 💵 | Сделок: 747 | WinRate: 61.98%
🔄 Новый цикл бота. Баланс: 0.24074936351497$ | PnL: 7.76758488999999 💵 | Сделок: 750 | WinRate: 61.73%
🔄 Новый цикл бота. Баланс: 9.15616627644618$ | PnL: 6.76438014999999 💵 | Сделок: 760 | WinRate: 60.92%
🔄 Новый цикл бота. Баланс: 58.6519902452392$ | PnL: 6.27815055 💵 | Сделок: 767 | WinRate: 60.37%
🔄 Новый цикл бота. Баланс: 48.4579318845299$ | PnL: 6.13901994 💵 | Сделок: 772 | WinRate: 60.1%
🔄 Новый цикл бота. Баланс: 117.3530462892$ | PnL: 5.05265872 💵 | Сделок: 784 | WinRate: 59.18%
🔄 Новый цикл бота. Баланс: 286.12708934945$ | PnL: 3.83492332 💵 | Сделок: 802 | WinRate: 57.98%
🔄 Новый цикл бота. Баланс: 235.789063544696$ | PnL: 3.63647368 💵 | Сделок: 805 | WinRate: 57.76%
🔄 Новый цикл бота. Баланс: 305.108393817747$ | PnL: 2.98622638 💵 | Сделок: 815 | WinRate: 57.18%
🔄 Новый цикл бота. Баланс: 314.945062889691$ | PnL: 2.89968363 💵 | Сделок: 818 | WinRate: 57.09%
🔄 Новый цикл бота. Баланс: 275.035788416128$ | PnL: 2.83702435 💵 | Сделок: 821 | WinRate: 57%
🔄 Новый цикл бота. Баланс: 235.058943748385$ | PnL: 2.91086488 💵 | Сделок: 823 | WinRate: 56.99%
🔄 Новый цикл бота. Баланс: 254.496390870365$ | PnL: 2.37555346 💵 | Сделок: 828 | WinRate: 56.64%
🔄 Новый цикл бота. Баланс: 314.088759268672$ | PnL: 1.97639394 💵 | Сделок: 835 | WinRate: 56.29%
🔄 Новый цикл бота. Баланс: 313.896158917656$ | PnL: 1.80528234 💵 | Сделок: 837 | WinRate: 56.15%
🔄 Новый цикл бота. Баланс: 343.841397786493$ | PnL: 1.76278494 💵 | Сделок: 841 | WinRate: 56%
🔄 Новый цикл бота. Баланс: 323.753074204649$ | PnL: 1.71045652 💵 | Сделок: 843 | WinRate: 55.99%
🔄 Новый цикл бота. Баланс: 213.76412594382$ | PnL: 1.87604337 💵 | Сделок: 848 | WinRate: 56.13%
🔄 Новый цикл бота. Баланс: 193.512718865862$ | PnL: 1.83476367 💵 | Сделок: 851 | WinRate: 56.05%
🔄 Новый цикл бота. Баланс: 193.274792999851$ | PnL: 1.64813419 💵 | Сделок: 854 | WinRate: 55.85%
🔄 Новый цикл бота. Баланс: 222.776994472605$ | PnL: 1.1834892 💵 | Сделок: 860 | WinRate: 55.47%
🔄 Новый цикл бота. Баланс: 232.636936609184$ | PnL: 1.07940602 💵 | Сделок: 865 | WinRate: 55.38%
🔄 Новый цикл бота. Баланс: 222.479233580538$ | PnL: 0.948313469999998 💵 | Сделок: 867 | WinRate: 55.25%
🔄 Новый цикл бота. Баланс: 371.223340492338$ | PnL: -0.297381690000002 💵 | Сделок: 883 | WinRate: 54.36%
🔄 Новый цикл бота. Баланс: 390.837390425304$ | PnL: -0.647277230000002 💵 | Сделок: 889 | WinRate: 54.11%
🔄 Новый цикл бота. Баланс: 370.8634230574$ | PnL: -0.595332240000002 💵 | Сделок: 891 | WinRate: 54.1%
🔄 Новый цикл бота. Баланс: 400.816904262898$ | PnL: -0.614837710000002 💵 | Сделок: 897 | WinRate: 54.07%
🔄 Новый цикл бота. Баланс: 471.059903791604$ | PnL: -0.362116080000002 💵 | Сделок: 906 | WinRate: 54.3%
🔄 Новый цикл бота. Баланс: 490.750911545265$ | PnL: -0.626107320000002 💵 | Сделок: 913 | WinRate: 54.33%
🔄 Новый цикл бота. Баланс: 500.682600106575$ | PnL: -0.662000110000002 💵 | Сделок: 918 | WinRate: 54.25%
🔄 Новый цикл бота. Баланс: 331.487155894955$ | PnL: 0.0571735199999978 💵 | Сделок: 931 | WinRate: 54.78%
🔄 Новый цикл бота. Баланс: 2.25958874765162$ | PnL: 1.16372055 💵 | Сделок: 966 | WinRate: 55.69%
🔄 Новый цикл бота. Баланс: 65.9738667582604$ | PnL: 5.99136865 💵 | Сделок: 1047 | WinRate: 58.83%
🔄 Новый цикл бота. Баланс: 6.72260661184569$ | PnL: 7.25743794 💵 | Сделок: 1071 | WinRate: 59.48%
🔄 Новый цикл бота. Баланс: 6.38521895003196$ | PnL: 6.93803758 💵 | Сделок: 1073 | WinRate: 59.37%
🔄 Новый цикл бота. Баланс: 6.20789034804996$ | PnL: 6.76970825 💵 | Сделок: 1074 | WinRate: 59.31%
🔄 Новый цикл бота. Баланс: 5.07294642822999$ | PnL: 5.71533303 💵 | Сделок: 1083 | WinRate: 58.82%
🔄 Новый цикл бота. Баланс: 4.73604672118586$ | PnL: 5.40536155 💵 | Сделок: 1086 | WinRate: 58.66%
🔄 Новый цикл бота. Баланс: 4.73604672118586$ | PnL: 5.40536155 💵 | Сделок: 1086 | WinRate: 58.66%
🔄 Новый цикл бота. Баланс: 4.73604672118586$ | PnL: 5.40536155 💵 | Сделок: 1086 | WinRate: 58.66%
🔄 Новый цикл бота. Баланс: 4.84122408374106$ | PnL: 5.52853475 💵 | Сделок: 1088 | WinRate: 58.73%
🔄 Новый цикл бота. Баланс: 4.84122408374106$ | PnL: 5.52853475 💵 | Сделок: 1088 | WinRate: 58.73%
🔄 Новый цикл бота. Баланс: 4.93257242965156$ | PnL: 5.62887963 💵 | Сделок: 1089 | WinRate: 58.77%
🔄 Новый цикл бота. Баланс: 4.93257242965156$ | PnL: 5.62887963 💵 | Сделок: 1089 | WinRate: 58.77%
🔄 Новый цикл бота. Баланс: 4.93257242965156$ | PnL: 5.62887963 💵 | Сделок: 1089 | WinRate: 58.77%
🔄 Новый цикл бота. Баланс: 4.93257242965156$ | PnL: 5.62887963 💵 | Сделок: 1089 | WinRate: 58.77%
🔄 Новый цикл бота. Баланс: 5.12726188796145$ | PnL: 5.84150285 💵 | Сделок: 1091 | WinRate: 58.85%
🔄 Новый цикл бота. Баланс: 5.27624015551731$ | PnL: 6.00847092 💵 | Сделок: 1093 | WinRate: 58.92%
🔄 Новый цикл бота. Баланс: 5.56473006745673$ | PnL: 6.31495877 💵 | Сделок: 1095 | WinRate: 59%
🔄 Новый цикл бота. Баланс: 5.70007240645222$ | PnL: 6.45930107 💵 | Сделок: 1096 | WinRate: 59.03%
🔄 Новый цикл бота. Баланс: 5.70007240645222$ | PnL: 6.45930107 💵 | Сделок: 1096 | WinRate: 59.03%
🔄 Новый цикл бота. Баланс: 5.42824080602572$ | PnL: 7.02430601 💵 | Сделок: 1102 | WinRate: 59.26%
🔄 Новый цикл бота. Баланс: 6.91370320383158$ | PnL: 8.42459536 💵 | Сделок: 1115 | WinRate: 59.73%
🔄 Новый цикл бота. Баланс: 7.23020230518427$ | PnL: 8.77712651999999 💵 | Сделок: 1119 | WinRate: 59.87%
🔄 Новый цикл бота. Баланс: 7.31453516428237$ | PnL: 8.87044182999999 💵 | Сделок: 1120 | WinRate: 59.91%
🔄 Новый цикл бота. Баланс: 12.5755395304879$ | PnL: 15.02856777 💵 | Сделок: 1177 | WinRate: 61.85%
🔄 Новый цикл бота. Баланс: 2.2014803158139$ | PnL: 15.46608405 💵 | Сделок: 1182 | WinRate: 62.01%
🔄 Новый цикл бота. Баланс: 2.1303158783739$ | PnL: 15.40375029 💵 | Сделок: 1183 | WinRate: 61.96%
🔄 Новый цикл бота. Баланс: 1.9498336421899$ | PnL: 15.24116622 💵 | Сделок: 1185 | WinRate: 61.86%
🔄 Новый цикл бота. Баланс: 1.9498336421899$ | PnL: 15.24116622 💵 | Сделок: 1185 | WinRate: 61.86%
🔄 Новый цикл бота. Баланс: 2.0215674159819$ | PnL: 15.32189561 💵 | Сделок: 1186 | WinRate: 61.89%
🔄 Новый цикл бота. Баланс: 2.0215674159819$ | PnL: 15.32189561 💵 | Сделок: 1186 | WinRate: 61.89%
🔄 Новый цикл бота. Баланс: 2.0215674159819$ | PnL: 15.32189561 💵 | Сделок: 1186 | WinRate: 61.89%
🔄 Новый цикл бота. Баланс: 2.22118667687148$ | PnL: 15.53948729 💵 | Сделок: 1188 | WinRate: 61.95%
🔄 Новый цикл бота. Баланс: 2.22118667687148$ | PnL: 15.53948729 💵 | Сделок: 1188 | WinRate: 61.95%
🔄 Новый цикл бота. Баланс: 2.22118667687148$ | PnL: 15.53948729 💵 | Сделок: 1188 | WinRate: 61.95%
🔄 Новый цикл бота. Баланс: 2.22118667687148$ | PnL: 15.53948729 💵 | Сделок: 1188 | WinRate: 61.95%
🔄 Новый цикл бота. Баланс: 1.73904942619257$ | PnL: 15.09336219 💵 | Сделок: 1192 | WinRate: 61.74%
🔄 Новый цикл бота. Баланс: 1.73904942619257$ | PnL: 15.09336219 💵 | Сделок: 1192 | WinRate: 61.74%
🔄 Новый цикл бота. Баланс: 1.33836310797197$ | PnL: 14.5394953 💵 | Сделок: 1197 | WinRate: 61.49%
🔄 Новый цикл бота. Баланс: 0.354297226525809$ | PnL: 13.62720756 💵 | Сделок: 1205 | WinRate: 61.08%
🔄 Новый цикл бота. Баланс: 9.38099354777596$ | PnL: 12.03958004 💵 | Сделок: 1220 | WinRate: 60.33%
🔄 Новый цикл бота. Баланс: 9.53771281577596$ | PnL: 12.20537918 💵 | Сделок: 1221 | WinRate: 60.36%
🔄 Новый цикл бота. Баланс: 9.61868644643996$ | PnL: 12.29512403 💵 | Сделок: 1222 | WinRate: 60.39%
🔄 Новый цикл бота. Баланс: 9.77733052005476$ | PnL: 12.46276841 💵 | Сделок: 1223 | WinRate: 60.43%
🔄 Новый цикл бота. Баланс: 9.92311638254276$ | PnL: 12.62521842 💵 | Сделок: 1226 | WinRate: 60.52%
🔄 Новый цикл бота. Баланс: 9.92311638254276$ | PnL: 12.62521842 💵 | Сделок: 1226 | WinRate: 60.52%
🔄 Новый цикл бота. Баланс: 9.92311638254276$ | PnL: 12.62521842 💵 | Сделок: 1226 | WinRate: 60.52%
🔄 Новый цикл бота. Баланс: 9.92311638254276$ | PnL: 12.62521842 💵 | Сделок: 1226 | WinRate: 60.52%
🔄 Новый цикл бота. Баланс: 0.263414400669255$ | PnL: 13.01957322 💵 | Сделок: 1231 | WinRate: 60.68%
🔄 Новый цикл бота. Баланс: 0.349449348935558$ | PnL: 13.11458196 💵 | Сделок: 1232 | WinRate: 60.71%
🔄 Новый цикл бота. Баланс: 0.420517963335557$ | PnL: 13.19477867 💵 | Сделок: 1233 | WinRate: 60.75%
🔄 Новый цикл бота. Баланс: 11.1504322733356$ | PnL: 13.14289298 💵 | Сделок: 1234 | WinRate: 60.7%
🔄 Новый цикл бота. Баланс: 1.14144222228156$ | PnL: 13.14289298 💵 | Сделок: 1234 | WinRate: 60.7%
🔄 Новый цикл бота. Баланс: 0.854292565918955$ | PnL: 12.87373157 💵 | Сделок: 1236 | WinRate: 60.6%
🔄 Новый цикл бота. Баланс: 0.854292565918955$ | PnL: 12.87373157 💵 | Сделок: 1236 | WinRate: 60.6%
🔄 Новый цикл бота. Баланс: 0.669855542855256$ | PnL: 12.70720424 💵 | Сделок: 1238 | WinRate: 60.5%
🔄 Новый цикл бота. Баланс: 0.493531589867592$ | PnL: 12.54888224 💵 | Сделок: 1240 | WinRate: 60.4%
🔄 Новый цикл бота. Баланс: 98.2617589840377$ | PnL: 10.37963143 💵 | Сделок: 1258 | WinRate: 59.54%
🔄 Новый цикл бота. Баланс: 87.3309903302286$ | PnL: 9.52089587 💵 | Сделок: 1265 | WinRate: 59.21%
🔄 Новый цикл бота. Баланс: 76.8330724712461$ | PnL: 9.06739574 💵 | Сделок: 1269 | WinRate: 59.02%
🔄 Новый цикл бота. Баланс: 125.950522688251$ | PnL: 8.32565518 💵 | Сделок: 1276 | WinRate: 58.7%
🔄 Новый цикл бота. Баланс: 116.004095179839$ | PnL: 8.30403298 💵 | Сделок: 1279 | WinRate: 58.72%
🔄 Новый цикл бота. Баланс: 95.8705009685956$ | PnL: 8.30403298 💵 | Сделок: 1279 | WinRate: 58.72%
🔄 Новый цикл бота. Баланс: 95.5067791991206$ | PnL: 7.97646699 💵 | Сделок: 1283 | WinRate: 58.61%
🔄 Новый цикл бота. Баланс: 105.240443355184$ | PnL: 7.72220622 💵 | Сделок: 1286 | WinRate: 58.48%
🔄 Новый цикл бота. Баланс: 263.789304912788$ | PnL: 6.28517799 💵 | Сделок: 1302 | WinRate: 57.91%
🔄 Новый цикл бота. Баланс: 748.765751321188$ | PnL: 1.27920016 💵 | Сделок: 1353 | WinRate: 56.02%
🔄 Новый цикл бота. Баланс: 787.603134933631$ | PnL: 0.16201889 💵 | Сделок: 1362 | WinRate: 55.65%
🔄 Новый цикл бота. Баланс: 787.757547077288$ | PnL: 0.33442304 💵 | Сделок: 1364 | WinRate: 55.72%
🔄 Новый цикл бота. Баланс: 797.791964455549$ | PnL: 0.38683073 💵 | Сделок: 1367 | WinRate: 55.74%
🔄 Новый цикл бота. Баланс: 747.746951395805$ | PnL: 0.38683073 💵 | Сделок: 1367 | WinRate: 55.74%
🔄 Новый цикл бота. Баланс: 757.697188988515$ | PnL: 0.42708114 💵 | Сделок: 1370 | WinRate: 55.77%
🔄 Новый цикл бота. Баланс: 747.742416699137$ | PnL: 0.49038682 💵 | Сделок: 1371 | WinRate: 55.8%
🔄 Новый цикл бота. Баланс: 707.70633698676$ | PnL: 0.49038682 💵 | Сделок: 1371 | WinRate: 55.8%
🔄 Новый цикл бота. Баланс: 737.72911376896$ | PnL: 0.51315924 💵 | Сделок: 1374 | WinRate: 55.82%
🔄 Новый цикл бота. Баланс: 627.692248112135$ | PnL: 0.43751213 💵 | Сделок: 1375 | WinRate: 55.78%
🔄 Новый цикл бота. Баланс: 427.278079269746$ | PnL: 0.2726257 💵 | Сделок: 1379 | WinRate: 55.77%
🔄 Новый цикл бота. Баланс: 407.262300545414$ | PnL: 0.19844053 💵 | Сделок: 1383 | WinRate: 55.75%
🔄 Новый цикл бота. Баланс: 357.217762187046$ | PnL: 0.27396919 💵 | Сделок: 1385 | WinRate: 55.74%
🔄 Новый цикл бота. Баланс: 397.131905721197$ | PnL: 0.19713045 💵 | Сделок: 1390 | WinRate: 55.68%
🔄 Новый цикл бота. Баланс: 377.020030052584$ | PnL: 0.11224478 💵 | Сделок: 1391 | WinRate: 55.64%
🔄 Новый цикл бота. Баланс: 405.812791165584$ | PnL: -0.12865151 💵 | Сделок: 1396 | WinRate: 55.59%
🔄 Новый цикл бота. Баланс: 163.991039641233$ | PnL: 0.12565632 💵 | Сделок: 1400 | WinRate: 55.71%
🔄 Новый цикл бота. Баланс: 113.873215011117$ | PnL: 0.0559341299999999 💵 | Сделок: 1402 | WinRate: 55.71%
🔄 Новый цикл бота. Баланс: 154.028422910471$ | PnL: 0.10700758 💵 | Сделок: 1410 | WinRate: 55.67%
🔄 Новый цикл бота. Баланс: 203.897655119014$ | PnL: -0.16030824 💵 | Сделок: 1419 | WinRate: 55.39%
🔄 Новый цикл бота. Баланс: 93.5504557613233$ | PnL: -0.35776752 💵 | Сделок: 1424 | WinRate: 55.34%
🔄 Новый цикл бота. Баланс: 53.7635865941578$ | PnL: -0.0816505300000002 💵 | Сделок: 1427 | WinRate: 55.43%
🔄 Новый цикл бота. Баланс: 33.7322500645469$ | PnL: -0.0556594400000002 💵 | Сделок: 1432 | WinRate: 55.52%
🔄 Новый цикл бота. Баланс: 3.61373198830982$ | PnL: -0.11669616 💵 | Сделок: 1437 | WinRate: 55.53%
🔄 Новый цикл бота. Баланс: 65.3554522015045$ | PnL: 1.08208421 💵 | Сделок: 1471 | WinRate: 56.36%
🔄 Новый цикл бота. Баланс: 8.4464349874298$ | PnL: 2.79689587 💵 | Сделок: 1506 | WinRate: 57.24%
🔄 Новый цикл бота. Баланс: 9.05270602530631$ | PnL: 3.51537168 💵 | Сделок: 1516 | WinRate: 57.52%
🔄 Новый цикл бота. Баланс: 9.80282224983281$ | PnL: 4.33640056 💵 | Сделок: 1529 | WinRate: 57.82%
🔄 Новый цикл бота. Баланс: 9.75390025453681$ | PnL: 4.30518419 💵 | Сделок: 1531 | WinRate: 57.81%
🔄 Новый цикл бота. Баланс: 9.60454523645761$ | PnL: 4.16483452 💵 | Сделок: 1532 | WinRate: 57.77%
🔄 Новый цикл бота. Баланс: 9.68467934930761$ | PnL: 4.25397383 💵 | Сделок: 1533 | WinRate: 57.8%
🔄 Новый цикл бота. Баланс: 9.45118759379561$ | PnL: 4.03854269 💵 | Сделок: 1535 | WinRate: 57.72%
🔄 Новый цикл бота. Баланс: 9.45118759379561$ | PnL: 4.03854269 💵 | Сделок: 1535 | WinRate: 57.72%
🔄 Новый цикл бота. Баланс: 9.52100517951311$ | PnL: 4.11736449 💵 | Сделок: 1536 | WinRate: 57.75%
🔄 Новый цикл бота. Баланс: 9.60991620304912$ | PnL: 4.22369327 💵 | Сделок: 1538 | WinRate: 57.8%
🔄 Новый цикл бота. Баланс: 9.19083650578911$ | PnL: 3.82212427 💵 | Сделок: 1540 | WinRate: 57.73%
🔄 Новый цикл бота. Баланс: 9.17597780661712$ | PnL: 3.82536171 💵 | Сделок: 1542 | WinRate: 57.72%
🔄 Новый цикл бота. Баланс: 9.17597780661712$ | PnL: 3.82536171 💵 | Сделок: 1542 | WinRate: 57.72%
🔄 Новый цикл бота. Баланс: 8.8237608950958$ | PnL: 3.41289326 💵 | Сделок: 1547 | WinRate: 57.53%
🔄 Новый цикл бота. Баланс: 8.4842484855222$ | PnL: 3.10925407 💵 | Сделок: 1551 | WinRate: 57.38%
🔄 Новый цикл бота. Баланс: 8.5355235932532$ | PnL: 3.16943608 💵 | Сделок: 1552 | WinRate: 57.41%
🔄 Новый цикл бота. Баланс: 8.6570756652793$ | PnL: 3.31775876 💵 | Сделок: 1555 | WinRate: 57.49%
🔄 Новый цикл бота. Баланс: 8.9243209890577$ | PnL: 3.64775508 💵 | Сделок: 1563 | WinRate: 57.65%
🔄 Новый цикл бота. Баланс: 8.75962844238951$ | PnL: 3.49206209 💵 | Сделок: 1564 | WinRate: 57.61%
🔄 Новый цикл бота. Баланс: 8.78910872608851$ | PnL: 3.53053858 💵 | Сделок: 1565 | WinRate: 57.64%
🔄 Новый цикл бота. Баланс: 8.85273115012056$ | PnL: 3.60316111 💵 | Сделок: 1566 | WinRate: 57.66%
🔄 Новый цикл бота. Баланс: 8.68240238585056$ | PnL: 3.44196087 💵 | Сделок: 1567 | WinRate: 57.63%
🔄 Новый цикл бота. Баланс: 8.96335247682632$ | PnL: 3.89844703 💵 | Сделок: 1575 | WinRate: 57.84%
🔄 Новый цикл бота. Баланс: 8.96335247682632$ | PnL: 3.89844703 💵 | Сделок: 1575 | WinRate: 57.84%
🔄 Новый цикл бота. Баланс: 8.85091825174632$ | PnL: 3.79490914 💵 | Сделок: 1576 | WinRate: 57.8%
🔄 Новый цикл бота. Баланс: 8.85091825174632$ | PnL: 3.79490914 💵 | Сделок: 1576 | WinRate: 57.8%
🔄 Новый цикл бота. Баланс: 8.87051736152632$ | PnL: 3.82362418 💵 | Сделок: 1577 | WinRate: 57.83%
🔄 Новый цикл бота. Баланс: 8.87051736152632$ | PnL: 3.82362418 💵 | Сделок: 1577 | WinRate: 57.83%
🔄 Новый цикл бота. Баланс: 0.632074638221338$ | PnL: 5.80011109 💵 | Сделок: 1609 | WinRate: 58.67%
🔄 Новый цикл бота. Баланс: 1.34999970651355$ | PnL: 6.620176 💵 | Сделок: 1623 | WinRate: 59.03%
🔄 Новый цикл бота. Баланс: 1.34999970651355$ | PnL: 6.620176 💵 | Сделок: 1623 | WinRate: 59.03%
🔄 Новый цикл бота. Баланс: 12.0912926428432$ | PnL: 7.53811121 💵 | Сделок: 1638 | WinRate: 59.4%
🔄 Новый цикл бота. Баланс: 1.47670868613762$ | PnL: 9.3149217 💵 | Сделок: 1666 | WinRate: 60.08%
🔄 Новый цикл бота. Баланс: 1.57983353516762$ | PnL: 9.42704967 💵 | Сделок: 1667 | WinRate: 60.11%
🔄 Новый цикл бота. Баланс: 1.65219861552554$ | PnL: 9.50841266 💵 | Сделок: 1668 | WinRate: 60.13%
🔄 Новый цикл бота. Баланс: 2.27418930329883$ | PnL: 10.29973793 💵 | Сделок: 1682 | WinRate: 60.46%
🔄 Новый цикл бота. Баланс: 2.92695026929822$ | PnL: 11.08661436 💵 | Сделок: 1696 | WinRate: 60.73%
🔄 Новый цикл бота. Баланс: 3.10974025764643$ | PnL: 11.30623114 💵 | Сделок: 1700 | WinRate: 60.82%
🔄 Новый цикл бота. Баланс: 3.44283691743782$ | PnL: 11.69322054 💵 | Сделок: 1706 | WinRate: 60.96%
🔄 Новый цикл бота. Баланс: 5.30084503691883$ | PnL: 12.79083171 💵 | Сделок: 1725 | WinRate: 61.39%
🔄 Новый цикл бота. Баланс: 5.34412338113883$ | PnL: 12.91178203 💵 | Сделок: 1727 | WinRate: 61.44%
🔄 Новый цикл бота. Баланс: 5.34412338113883$ | PnL: 12.91178203 💵 | Сделок: 1727 | WinRate: 61.44%
🔄 Новый цикл бота. Баланс: 5.22406436174043$ | PnL: 12.80075392 💵 | Сделок: 1728 | WinRate: 61.4%
🔄 Новый цикл бота. Баланс: 5.02395706364933$ | PnL: 12.61864246 💵 | Сделок: 1730 | WinRate: 61.33%
🔄 Новый цикл бота. Баланс: 5.02395706364933$ | PnL: 12.61864246 💵 | Сделок: 1730 | WinRate: 61.33%
🔄 Новый цикл бота. Баланс: 4.85824521721933$ | PnL: 12.47016585 💵 | Сделок: 1732 | WinRate: 61.26%
🔄 Новый цикл бота. Баланс: 4.90866115698933$ | PnL: 12.53117732 💵 | Сделок: 1733 | WinRate: 61.28%
🔄 Новый цикл бота. Баланс: 5.00793133800733$ | PnL: 12.63946021 💵 | Сделок: 1734 | WinRate: 61.3%
🔄 Новый цикл бота. Баланс: 5.00793133800733$ | PnL: 12.63946021 💵 | Сделок: 1734 | WinRate: 61.3%
🔄 Новый цикл бота. Баланс: 4.92471638463133$ | PnL: 12.58335014 💵 | Сделок: 1737 | WinRate: 61.26%
🔄 Новый цикл бота. Баланс: 4.96658800150033$ | PnL: 12.6342354 💵 | Сделок: 1738 | WinRate: 61.28%
🔄 Новый цикл бота. Баланс: 5.13122108852513$ | PnL: 12.81480152 💵 | Сделок: 1740 | WinRate: 61.32%
🔄 Новый цикл бота. Баланс: 5.46660060269117$ | PnL: 13.18620001 💵 | Сделок: 1744 | WinRate: 61.41%
🔄 Новый цикл бота. Баланс: 5.54533768950629$ | PnL: 13.2739343 💵 | Сделок: 1745 | WinRate: 61.43%
🔄 Новый цикл бота. Баланс: 5.54533768950629$ | PnL: 13.2739343 💵 | Сделок: 1745 | WinRate: 61.43%
🔄 Новый цикл бота. Баланс: 5.53626541255949$ | PnL: 13.30081637 💵 | Сделок: 1749 | WinRate: 61.46%
🔄 Новый цикл бота. Баланс: 5.53626541255949$ | PnL: 13.30081637 💵 | Сделок: 1749 | WinRate: 61.46%
🔄 Новый цикл бота. Баланс: 5.53626541255949$ | PnL: 13.30081637 💵 | Сделок: 1749 | WinRate: 61.46%
🔄 Новый цикл бота. Баланс: 5.61101671667449$ | PnL: 13.38456401 💵 | Сделок: 1750 | WinRate: 61.49%
🔄 Новый цикл бота. Баланс: 5.51324467658439$ | PnL: 13.30472019 💵 | Сделок: 1752 | WinRate: 61.47%
🔄 Новый цикл бота. Баланс: 5.55399752401039$ | PnL: 13.3544832 💵 | Сделок: 1753 | WinRate: 61.49%
🔄 Новый цикл бота. Баланс: 5.55399752401039$ | PnL: 13.3544832 💵 | Сделок: 1753 | WinRate: 61.49%
🔄 Новый цикл бота. Баланс: 5.61115615342586$ | PnL: 13.42064073 💵 | Сделок: 1754 | WinRate: 61.52%
🔄 Новый цикл бота. Баланс: 5.79769920927786$ | PnL: 13.63415368 💵 | Сделок: 1757 | WinRate: 61.58%
🔄 Новый цикл бота. Баланс: 5.86466850557546$ | PnL: 13.71908479 💵 | Сделок: 1759 | WinRate: 61.63%
🔄 Новый цикл бота. Баланс: 6.01521016226746$ | PnL: 13.89645271 💵 | Сделок: 1762 | WinRate: 61.69%
🔄 Новый цикл бота. Баланс: 6.04449125274176$ | PnL: 13.93473522 💵 | Сделок: 1763 | WinRate: 61.71%
🔄 Новый цикл бота. Баланс: 6.56811851307474$ | PnL: 14.55830025 💵 | Сделок: 1774 | WinRate: 61.95%
🔄 Новый цикл бота. Баланс: 6.78006328375044$ | PnL: 14.80083132 💵 | Сделок: 1778 | WinRate: 62.04%
🔄 Новый цикл бота. Баланс: 6.82495403041038$ | PnL: 14.85475332 💵 | Сделок: 1779 | WinRate: 62.06%
🔄 Новый цикл бота. Баланс: 6.87082773891038$ | PnL: 14.90713901 💵 | Сделок: 1780 | WinRate: 62.08%
🔄 Новый цикл бота. Баланс: 7.09632395554119$ | PnL: 15.19617093 💵 | Сделок: 1787 | WinRate: 62.17%
🔄 Новый цикл бота. Баланс: 7.1994892905536$ | PnL: 15.31734833 💵 | Сделок: 1789 | WinRate: 62.21%
🔄 Новый цикл бота. Баланс: 7.1994892905536$ | PnL: 15.31734833 💵 | Сделок: 1789 | WinRate: 62.21%
🔄 Новый цикл бота. Баланс: 7.25672511810209$ | PnL: 15.39259477 💵 | Сделок: 1791 | WinRate: 62.2%
🔄 Новый цикл бота. Баланс: 7.18025766279055$ | PnL: 15.33867065 💵 | Сделок: 1793 | WinRate: 62.19%
🔄 Новый цикл бота. Баланс: 6.98020791654056$ | PnL: 15.14762317 💵 | Сделок: 1794 | WinRate: 62.15%
🔄 Новый цикл бота. Баланс: 7.39624379615556$ | PnL: 15.42297995 💵 | Сделок: 1797 | WinRate: 62.21%
🔄 Новый цикл бота. Баланс: 7.44017179742646$ | PnL: 15.47593777 💵 | Сделок: 1798 | WinRate: 62.24%
🔄 Новый цикл бота. Баланс: 7.40887884164846$ | PnL: 15.47162059 💵 | Сделок: 1801 | WinRate: 62.19%
🔄 Новый цикл бота. Баланс: 7.27975948244446$ | PnL: 15.35998878 💵 | Сделок: 1803 | WinRate: 62.12%
🔄 Новый цикл бота. Баланс: 7.27975948244446$ | PnL: 15.35998878 💵 | Сделок: 1803 | WinRate: 62.12%
🔄 Новый цикл бота. Баланс: 7.27975948244446$ | PnL: 15.35998878 💵 | Сделок: 1803 | WinRate: 62.12%
🔄 Новый цикл бота. Баланс: 7.67888805000496$ | PnL: 15.8120986 💵 | Сделок: 1808 | WinRate: 62.22%
🔄 Новый цикл бота. Баланс: 7.69293794800137$ | PnL: 16.02713598 💵 | Сделок: 1812 | WinRate: 62.25%
🔄 Новый цикл бота. Баланс: 7.68538177275737$ | PnL: 16.03760158 💵 | Сделок: 1814 | WinRate: 62.24%
🔄 Новый цикл бота. Баланс: 7.24591045383516$ | PnL: 15.6613987 💵 | Сделок: 1821 | WinRate: 62%
🔄 Новый цикл бота. Баланс: 6.96935870028506$ | PnL: 15.41139666 💵 | Сделок: 1824 | WinRate: 61.9%
🔄 Новый цикл бота. Баланс: 6.90183903510106$ | PnL: 15.35399456 💵 | Сделок: 1825 | WinRate: 61.86%
🔄 Новый цикл бота. Баланс: 6.90183903510106$ | PnL: 15.35399456 💵 | Сделок: 1825 | WinRate: 61.86%
🔄 Новый цикл бота. Баланс: 6.95504487687436$ | PnL: 15.41619541 💵 | Сделок: 1826 | WinRate: 61.88%
🔄 Новый цикл бота. Баланс: 6.95504487687436$ | PnL: 15.41619541 💵 | Сделок: 1826 | WinRate: 61.88%
🔄 Новый цикл бота. Баланс: 6.95504487687436$ | PnL: 15.41619541 💵 | Сделок: 1826 | WinRate: 61.88%
🔄 Новый цикл бота. Баланс: 6.69280908406636$ | PnL: 15.19019537 💵 | Сделок: 1830 | WinRate: 61.75%
🔄 Новый цикл бота. Баланс: 6.64736332204454$ | PnL: 15.16274274 💵 | Сделок: 1832 | WinRate: 61.74%
🔄 Новый цикл бота. Баланс: 6.64736332204454$ | PnL: 15.16274274 💵 | Сделок: 1832 | WinRate: 61.74%
🔄 Новый цикл бота. Баланс: 6.55833932118955$ | PnL: 15.08271151 💵 | Сделок: 1833 | WinRate: 61.7%
🔄 Новый цикл бота. Баланс: 6.55833932118955$ | PnL: 15.08271151 💵 | Сделок: 1833 | WinRate: 61.7%
🔄 Новый цикл бота. Баланс: 6.66436549000895$ | PnL: 15.20681859 💵 | Сделок: 1835 | WinRate: 61.74%
🔄 Новый цикл бота. Баланс: 6.88653801870441$ | PnL: 15.46496679 💵 | Сделок: 1839 | WinRate: 61.83%
🔄 Новый цикл бота. Баланс: 6.88653801870441$ | PnL: 15.46496679 💵 | Сделок: 1839 | WinRate: 61.83%
🔄 Новый цикл бота. Баланс: 6.88653801870441$ | PnL: 15.46496679 💵 | Сделок: 1839 | WinRate: 61.83%
🔄 Новый цикл бота. Баланс: 6.88653801870441$ | PnL: 15.46496679 💵 | Сделок: 1839 | WinRate: 61.83%
🔄 Новый цикл бота. Баланс: 6.83478007133641$ | PnL: 15.42221901 💵 | Сделок: 1840 | WinRate: 61.79%
🔄 Новый цикл бота. Баланс: 6.91917850351041$ | PnL: 15.63159316 💵 | Сделок: 1845 | WinRate: 61.9%
🔄 Новый цикл бота. Баланс: 7.13878206422841$ | PnL: 15.86926461 💵 | Сделок: 1847 | WinRate: 61.94%
🔄 Новый цикл бота. Баланс: 7.13878206422841$ | PnL: 15.86926461 💵 | Сделок: 1847 | WinRate: 61.94%
🔄 Новый цикл бота. Баланс: 7.16954506818341$ | PnL: 15.9144597 💵 | Сделок: 1848 | WinRate: 61.96%
🔄 Новый цикл бота. Баланс: 7.16954506818341$ | PnL: 15.9144597 💵 | Сделок: 1848 | WinRate: 61.96%
🔄 Новый цикл бота. Баланс: 7.34448024703841$ | PnL: 16.09832188 💵 | Сделок: 1849 | WinRate: 61.98%
🔄 Новый цикл бота. Баланс: 7.52346991585508$ | PnL: 16.3133238 💵 | Сделок: 1853 | WinRate: 62.06%
🔄 Новый цикл бота. Баланс: 7.59408255813968$ | PnL: 16.39554715 💵 | Сделок: 1855 | WinRate: 62.1%
🔄 Новый цикл бота. Баланс: 6.76903391170957$ | PnL: 16.65877356 💵 | Сделок: 1861 | WinRate: 62.22%
🔄 Новый цикл бота. Баланс: 6.98604406715316$ | PnL: 16.94645352 💵 | Сделок: 1869 | WinRate: 62.39%
🔄 Новый цикл бота. Баланс: 7.28215119352296$ | PnL: 17.28427633 💵 | Сделок: 1873 | WinRate: 62.47%
🔄 Новый цикл бота. Баланс: 7.28215119352296$ | PnL: 17.28427633 💵 | Сделок: 1873 | WinRate: 62.47%
🔄 Новый цикл бота. Баланс: 7.49698308058296$ | PnL: 17.51418037 💵 | Сделок: 1875 | WinRate: 62.51%
🔄 Новый цикл бота. Баланс: 7.42145525372696$ | PnL: 17.49293964 💵 | Сделок: 1881 | WinRate: 62.47%
🔄 Новый цикл бота. Баланс: 7.51626574159016$ | PnL: 17.6027625 💵 | Сделок: 1883 | WinRate: 62.51%
🔄 Новый цикл бота. Баланс: 7.63588094915816$ | PnL: 17.74048131 💵 | Сделок: 1885 | WinRate: 62.55%
🔄 Новый цикл бота. Баланс: 7.63588094915816$ | PnL: 17.74048131 💵 | Сделок: 1885 | WinRate: 62.55%
🔄 Новый цикл бота. Баланс: 7.97411740989443$ | PnL: 18.09671658 💵 | Сделок: 1887 | WinRate: 62.59%
🔄 Новый цикл бота. Баланс: 8.03138158639443$ | PnL: 18.17438117 💵 | Сделок: 1889 | WinRate: 62.63%
🔄 Новый цикл бота. Баланс: 8.12558782534603$ | PnL: 18.24563083 💵 | Сделок: 1895 | WinRate: 62.69%
🔄 Новый цикл бота. Баланс: 8.20583951867106$ | PnL: 18.50343141 💵 | Сделок: 1900 | WinRate: 62.79%
🔄 Новый цикл бота. Баланс: 8.43423934158126$ | PnL: 18.73465194 💵 | Сделок: 1907 | WinRate: 62.87%
🔄 Новый цикл бота. Баланс: 8.43423934158126$ | PnL: 18.73465194 💵 | Сделок: 1907 | WinRate: 62.87%
🔄 Новый цикл бота. Баланс: 9.33946739627179$ | PnL: 19.02735801 💵 | Сделок: 1916 | WinRate: 63.05%
🔄 Новый цикл бота. Баланс: 9.78633437404347$ | PnL: 19.44933502 💵 | Сделок: 1924 | WinRate: 63.2%
🔄 Новый цикл бота. Баланс: 9.76690286006807$ | PnL: 19.44790312 💵 | Сделок: 1926 | WinRate: 63.19%
🔄 Новый цикл бота. Баланс: 9.66899905948454$ | PnL: 19.3590237 💵 | Сделок: 1927 | WinRate: 63.16%
🔄 Новый цикл бота. Баланс: 9.52910460646954$ | PnL: 19.22828864 💵 | Сделок: 1928 | WinRate: 63.12%
