🔄 2025-09-03 19:05:53 Баланс: 1000$ | PnL: 0 💵 | Сделок: 0 | WinRate: 0%
🔄 2025-09-03 19:19:28 Баланс: 6.84423716037266$ | PnL: 0 💵 | Сделок: 0 | WinRate: 0%
🔄 2025-09-03 19:28:31 Баланс: 6.72756916046287$ | PnL: 0.01037179 💵 | Сделок: 5 | WinRate: 80%
🔄 2025-09-03 19:31:24 Баланс: 6.72756916046287$ | PnL: 0.01037179 💵 | Сделок: 5 | WinRate: 80%
🔄 2025-09-03 19:38:00 Баланс: 16.6002936322885$ | PnL: -0.09894091 💵 | Сделок: 8 | WinRate: 75%
🔄 2025-09-03 19:45:40 Баланс: 6.65125610460282$ | PnL: -0.06767493 💵 | Сделок: 14 | WinRate: 78.57%
🔄 2025-09-03 19:56:12 Баланс: 6.93823996704692$ | PnL: 0.24170631 💵 | Сделок: 21 | WinRate: 76.19%
🔄 2025-09-03 20:00:49 Баланс: 7.08904889528631$ | PnL: 0.48868129 💵 | Сделок: 29 | WinRate: 79.31%
🔄 2025-09-03 20:05:50 Баланс: 7.15148676223553$ | PnL: 0.86644225 💵 | Сделок: 47 | WinRate: 87.23%
🔄 2025-09-03 20:08:45 Баланс: 7.20491614233453$ | PnL: 0.9378704 💵 | Сделок: 49 | WinRate: 87.76%
🔄 2025-09-03 20:11:31 Баланс: 7.03059786713453$ | PnL: 0.77259772 💵 | Сделок: 50 | WinRate: 86%
🔄 2025-09-03 20:14:25 Баланс: 6.94481974101733$ | PnL: 0.69582414 💵 | Сделок: 51 | WinRate: 84.31%
🔄 2025-09-03 20:18:05 Баланс: 6.28776872997334$ | PnL: 0.0754813100000001 💵 | Сделок: 55 | WinRate: 83.64%
🔄 2025-09-03 20:21:25 Баланс: 6.09238099809535$ | PnL: -0.10345706 💵 | Сделок: 57 | WinRate: 80.7%
🔄 2025-09-03 20:24:43 Баланс: 6.04936232759475$ | PnL: -0.0764854499999999 💵 | Сделок: 63 | WinRate: 80.95%
🔄 2025-09-03 20:27:28 Баланс: 6.04936232759475$ | PnL: -0.0764854499999999 💵 | Сделок: 63 | WinRate: 80.95%
🔄 2025-09-03 20:30:13 Баланс: 5.99456601799675$ | PnL: -0.12197115 💵 | Сделок: 64 | WinRate: 79.69%
🔄 2025-09-03 20:35:20 Баланс: 5.91660599974785$ | PnL: -0.17324269 💵 | Сделок: 67 | WinRate: 77.61%
🔄 2025-09-03 20:46:07 Баланс: 103.412595887024$ | PnL: -2.58020949 💵 | Сделок: 87 | WinRate: 63.22%
🔄 2025-09-03 20:56:52 Баланс: 252.292004978016$ | PnL: -3.68422425 💵 | Сделок: 104 | WinRate: 55.77%
🔄 2025-09-03 21:07:33 Баланс: 241.759246517915$ | PnL: -4.14862636 💵 | Сделок: 112 | WinRate: 55.36%
🔄 2025-09-03 21:17:17 Баланс: 1.89824314354748$ | PnL: -3.74019517 💵 | Сделок: 118 | WinRate: 57.63%
🔄 2025-09-03 21:20:09 Баланс: 2.42898891216848$ | PnL: -3.19147907 💵 | Сделок: 120 | WinRate: 58.33%
🔄 2025-09-03 21:25:29 Баланс: 4.02283639007852$ | PnL: -2.84908763 💵 | Сделок: 133 | WinRate: 62.41%
🔄 2025-09-03 21:29:24 Баланс: 4.15676451068462$ | PnL: -2.67529144 💵 | Сделок: 138 | WinRate: 63.77%
🔄 2025-09-03 21:32:57 Баланс: 4.2455108582373$ | PnL: -2.48731878 💵 | Сделок: 149 | WinRate: 66.44%
🔄 2025-09-03 21:36:53 Баланс: 4.1852739397359$ | PnL: -2.30232449 💵 | Сделок: 159 | WinRate: 68.55%
🔄 2025-09-03 21:39:58 Баланс: 4.1852739397359$ | PnL: -2.30232449 💵 | Сделок: 159 | WinRate: 68.55%
🔄 2025-09-03 21:43:51 Баланс: 4.20591176323386$ | PnL: -2.25468452 💵 | Сделок: 162 | WinRate: 69.14%
🔄 2025-09-03 21:48:07 Баланс: 4.24132016056307$ | PnL: -2.20127311 💵 | Сделок: 164 | WinRate: 69.51%
🔄 2025-09-03 21:52:40 Баланс: 4.24276840041427$ | PnL: -2.17290642 💵 | Сделок: 167 | WinRate: 70.06%
🔄 2025-09-03 21:59:20 Баланс: 5.87293313441797$ | PnL: -1.84698169 💵 | Сделок: 174 | WinRate: 71.26%
🔄 2025-09-03 22:02:52 Баланс: 5.86721183200597$ | PnL: -1.83474498 💵 | Сделок: 176 | WinRate: 71.59%
🔄 2025-09-03 22:06:37 Баланс: 5.87106102219807$ | PnL: -1.8049976 💵 | Сделок: 179 | WinRate: 72.07%
🔄 2025-09-03 22:10:49 Баланс: 5.87491817803887$ | PnL: -1.75905311 💵 | Сделок: 182 | WinRate: 71.98%
🔄 2025-09-03 22:14:56 Баланс: 5.87967334296047$ | PnL: -1.74530545 💵 | Сделок: 183 | WinRate: 72.13%
🔄 2025-09-03 22:19:31 Баланс: 15.9320836398769$ | PnL: -1.69893414 💵 | Сделок: 185 | WinRate: 72.43%
🔄 2025-09-03 22:28:39 Баланс: 5.69127311539258$ | PnL: -1.73051121 💵 | Сделок: 192 | WinRate: 71.35%
🔄 2025-09-03 22:34:57 Баланс: 5.78246887642748$ | PnL: -1.60343831 💵 | Сделок: 196 | WinRate: 70.92%
🔄 2025-09-03 22:40:59 Баланс: 5.61551472700899$ | PnL: -1.66131875 💵 | Сделок: 208 | WinRate: 69.71%
🔄 2025-09-03 22:46:47 Баланс: 5.0112005063697$ | PnL: -2.19312876 💵 | Сделок: 215 | WinRate: 67.91%
🔄 2025-09-03 22:51:41 Баланс: 3.53483174246459$ | PnL: -2.45925371 💵 | Сделок: 218 | WinRate: 66.97%
🔄 2025-09-03 22:57:21 Баланс: 2.95181142086019$ | PnL: -2.96367254 💵 | Сделок: 226 | WinRate: 65.49%
🔄 2025-09-03 23:02:57 Баланс: 3.13620667636659$ | PnL: -2.76119004 💵 | Сделок: 228 | WinRate: 65.79%
🔄 2025-09-03 23:06:06 Баланс: 3.14164267502559$ | PnL: -2.74672955 💵 | Сделок: 229 | WinRate: 65.94%
🔄 2025-09-03 23:09:40 Баланс: 3.14164267502559$ | PnL: -2.74672955 💵 | Сделок: 229 | WinRate: 65.94%
🔄 2025-09-03 23:13:35 Баланс: 13.0810253702416$ | PnL: -2.7893088 💵 | Сделок: 232 | WinRate: 65.95%
🔄 2025-09-03 23:19:01 Баланс: 11.920972133369$ | PnL: -2.72158633 💵 | Сделок: 237 | WinRate: 66.24%
🔄 2025-09-03 23:31:29 Баланс: 1.02694224776802$ | PnL: -3.44235607 💵 | Сделок: 254 | WinRate: 65.35%
🔄 2025-09-03 23:38:51 Баланс: 1.05111903987704$ | PnL: -3.35501985 💵 | Сделок: 261 | WinRate: 66.28%
🔄 2025-09-03 23:45:00 Баланс: 0.952381164178519$ | PnL: -3.41774277 💵 | Сделок: 265 | WinRate: 66.42%
🔄 2025-09-03 23:51:14 Баланс: 0.856668374789857$ | PnL: -3.43319724 💵 | Сделок: 273 | WinRate: 66.67%
🔄 2025-09-03 23:55:02 Баланс: 10.5672093204516$ | PnL: -3.53237665 💵 | Сделок: 291 | WinRate: 67.01%
🔄 2025-09-03 23:57:27 Баланс: 0.377223956071388$ | PnL: -3.68988396 💵 | Сделок: 297 | WinRate: 66.67%
🔄 2025-09-04 00:00:50 Баланс: 21.4854213278315$ | PnL: -3.73635199 💵 | Сделок: 302 | WinRate: 66.56%
🔄 2025-09-04 00:04:12 Баланс: 1.33481521948849$ | PnL: -3.76960196 💵 | Сделок: 313 | WinRate: 66.77%
🔄 2025-09-04 00:08:01 Баланс: 1.19096587667618$ | PnL: -3.83138854 💵 | Сделок: 319 | WinRate: 66.77%
🔄 2025-09-04 00:11:03 Баланс: 10.4427262008649$ | PnL: -4.53454912 💵 | Сделок: 325 | WinRate: 66.46%
🔄 2025-09-04 00:14:03 Баланс: 20.3632664329008$ | PnL: -4.57887663 💵 | Сделок: 333 | WinRate: 66.67%
🔄 2025-09-04 00:18:19 Баланс: 0.296168037894709$ | PnL: -4.56261897 💵 | Сделок: 340 | WinRate: 67.06%
🔄 2025-09-04 00:20:54 Баланс: 29.9188429054656$ | PnL: -4.88815818 💵 | Сделок: 349 | WinRate: 65.9%
🔄 2025-09-04 00:23:47 Баланс: 9.70222995922541$ | PnL: -5.06000054 💵 | Сделок: 352 | WinRate: 65.62%
🔄 2025-09-04 00:25:32 Баланс: 9.70222995922541$ | PnL: -5.06000054 💵 | Сделок: 352 | WinRate: 65.62%
🔄 2025-09-04 00:27:23 Баланс: 9.71996402198293$ | PnL: -5.0332677 💵 | Сделок: 353 | WinRate: 65.72%
🔄 2025-09-04 00:29:11 Баланс: 9.76007130178293$ | PnL: -5.00442432 💵 | Сделок: 355 | WinRate: 65.92%
🔄 2025-09-04 00:32:30 Баланс: 9.49479620293873$ | PnL: -5.21562622 💵 | Сделок: 361 | WinRate: 65.37%
🔄 2025-09-04 00:34:48 Баланс: 9.43892914995413$ | PnL: -5.25338793 💵 | Сделок: 363 | WinRate: 65.29%
🔄 2025-09-04 00:36:28 Баланс: 9.43892914995413$ | PnL: -5.25338793 💵 | Сделок: 363 | WinRate: 65.29%
🔄 2025-09-04 00:38:22 Баланс: 19.362186584339$ | PnL: -5.29740545 💵 | Сделок: 367 | WinRate: 65.4%
🔄 2025-09-04 00:40:36 Баланс: 9.36393610235615$ | PnL: -5.26839609 💵 | Сделок: 372 | WinRate: 65.32%
🔄 2025-09-04 00:42:15 Баланс: 9.36393610235615$ | PnL: -5.26839609 💵 | Сделок: 372 | WinRate: 65.32%
🔄 2025-09-04 00:43:53 Баланс: 9.36393610235615$ | PnL: -5.26839609 💵 | Сделок: 372 | WinRate: 65.32%
🔄 2025-09-04 00:45:31 Баланс: 9.36393610235615$ | PnL: -5.26839609 💵 | Сделок: 372 | WinRate: 65.32%
🔄 2025-09-04 00:47:24 Баланс: 9.26853750313535$ | PnL: -5.35479903 💵 | Сделок: 373 | WinRate: 65.15%
🔄 2025-09-04 00:49:14 Баланс: 9.20014786996935$ | PnL: -5.40538099 💵 | Сделок: 375 | WinRate: 65.07%
🔄 2025-09-04 00:50:56 Баланс: 9.35572858544375$ | PnL: -5.24080799 💵 | Сделок: 376 | WinRate: 65.16%
🔄 2025-09-04 00:52:33 Баланс: 9.35572858544375$ | PnL: -5.24080799 💵 | Сделок: 376 | WinRate: 65.16%
🔄 2025-09-04 00:54:45 Баланс: 9.34228191829383$ | PnL: -5.22708663 💵 | Сделок: 379 | WinRate: 65.17%
🔄 2025-09-04 00:56:26 Баланс: 9.34228191829383$ | PnL: -5.22708663 💵 | Сделок: 379 | WinRate: 65.17%
🔄 2025-09-04 01:00:03 Баланс: 9.23122504829383$ | PnL: -5.33875591 💵 | Сделок: 380 | WinRate: 65%
🔄 2025-09-04 01:02:23 Баланс: 9.26946518613284$ | PnL: -5.30464051 💵 | Сделок: 383 | WinRate: 65.27%
🔄 2025-09-04 01:04:23 Баланс: 9.07326756020384$ | PnL: -5.47432526 💵 | Сделок: 386 | WinRate: 65.03%
🔄 2025-09-04 01:06:06 Баланс: 8.97785802554087$ | PnL: -5.55166838 💵 | Сделок: 388 | WinRate: 64.95%
🔄 2025-09-04 01:07:58 Баланс: 9.03322239513287$ | PnL: -5.48730476 💵 | Сделок: 389 | WinRate: 65.04%
🔄 2025-09-04 01:09:39 Баланс: 9.07274293213287$ | PnL: -5.42921425 💵 | Сделок: 390 | WinRate: 65.13%
🔄 2025-09-04 01:11:24 Баланс: 9.02739850125647$ | PnL: -5.42539926 💵 | Сделок: 392 | WinRate: 65.31%
🔄 2025-09-04 01:13:11 Баланс: 8.95024273739876$ | PnL: -5.49387167 💵 | Сделок: 393 | WinRate: 65.14%
🔄 2025-09-04 01:14:54 Баланс: 8.94300019839677$ | PnL: -5.49212556 💵 | Сделок: 394 | WinRate: 65.23%
🔄 2025-09-04 01:16:36 Баланс: 8.94252497652676$ | PnL: -5.45827313 💵 | Сделок: 397 | WinRate: 65.24%
