🔄 2025-09-03 19:15:38 Баланс: 1000$ | PnL: 0 💵 | Сделок: 0 | WinRate: 0%
🔄 2025-09-03 19:25:43 Баланс: 7.08053559102464$ | PnL: 0 💵 | Сделок: 0 | WinRate: 0%
🔄 2025-09-03 19:28:27 Баланс: 7.08053559102464$ | PnL: 0 💵 | Сделок: 0 | WinRate: 0%
🔄 2025-09-03 19:31:19 Баланс: 7.08053559102464$ | PnL: 0 💵 | Сделок: 0 | WinRate: 0%
🔄 2025-09-03 19:34:06 Баланс: 7.08053559102464$ | PnL: 0 💵 | Сделок: 0 | WinRate: 0%
🔄 2025-09-03 19:36:57 Баланс: 7.08053559102464$ | PnL: 0 💵 | Сделок: 0 | WinRate: 0%
🔄 2025-09-03 19:39:46 Баланс: 7.08053559102464$ | PnL: 0 💵 | Сделок: 0 | WinRate: 0%
🔄 2025-09-03 19:42:35 Баланс: 7.08053559102464$ | PnL: 0 💵 | Сделок: 0 | WinRate: 0%
🔄 2025-09-03 19:45:36 Баланс: 7.08053559102464$ | PnL: 0 💵 | Сделок: 0 | WinRate: 0%
🔄 2025-09-03 19:50:57 Баланс: 7.08053559102464$ | PnL: 0 💵 | Сделок: 0 | WinRate: 0%
🔄 2025-09-03 19:53:42 Баланс: 7.08053559102464$ | PnL: 0 💵 | Сделок: 0 | WinRate: 0%
🔄 2025-09-03 19:56:26 Баланс: 7.08053559102464$ | PnL: 0 💵 | Сделок: 0 | WinRate: 0%
🔄 2025-09-03 19:59:09 Баланс: 7.08053559102464$ | PnL: 0 💵 | Сделок: 0 | WinRate: 0%
🔄 2025-09-03 20:02:04 Баланс: 7.08053559102464$ | PnL: 0 💵 | Сделок: 0 | WinRate: 0%
🔄 2025-09-03 20:05:30 Баланс: 7.28096707371764$ | PnL: 0.20944183 💵 | Сделок: 1 | WinRate: 100%
🔄 2025-09-03 20:08:17 Баланс: 7.28096707371764$ | PnL: 0.20944183 💵 | Сделок: 1 | WinRate: 100%
🔄 2025-09-03 20:11:03 Баланс: 7.28096707371764$ | PnL: 0.20944183 💵 | Сделок: 1 | WinRate: 100%
🔄 2025-09-03 20:13:45 Баланс: 7.28096707371764$ | PnL: 0.20944183 💵 | Сделок: 1 | WinRate: 100%
🔄 2025-09-03 20:16:38 Баланс: 7.28096707371764$ | PnL: 0.20944183 💵 | Сделок: 1 | WinRate: 100%
🔄 2025-09-03 20:19:35 Баланс: 7.28096707371764$ | PnL: 0.20944183 💵 | Сделок: 1 | WinRate: 100%
🔄 2025-09-03 20:22:20 Баланс: 7.28096707371764$ | PnL: 0.20944183 💵 | Сделок: 1 | WinRate: 100%
🔄 2025-09-03 20:25:09 Баланс: 7.28096707371764$ | PnL: 0.20944183 💵 | Сделок: 1 | WinRate: 100%
🔄 2025-09-03 20:27:55 Баланс: 7.28096707371764$ | PnL: 0.20944183 💵 | Сделок: 1 | WinRate: 100%
🔄 2025-09-03 20:30:39 Баланс: 7.28096707371764$ | PnL: 0.20944183 💵 | Сделок: 1 | WinRate: 100%
🔄 2025-09-03 20:33:32 Баланс: 7.28096707371764$ | PnL: 0.20944183 💵 | Сделок: 1 | WinRate: 100%
🔄 2025-09-03 20:36:52 Баланс: 7.28096707371764$ | PnL: 0.20944183 💵 | Сделок: 1 | WinRate: 100%
🔄 2025-09-03 20:40:17 Баланс: 7.28096707371764$ | PnL: 0.20944183 💵 | Сделок: 1 | WinRate: 100%
🔄 2025-09-03 20:44:07 Баланс: 7.14346252499184$ | PnL: 0.08092441 💵 | Сделок: 2 | WinRate: 50%
🔄 2025-09-03 20:47:28 Баланс: 7.14346252499184$ | PnL: 0.08092441 💵 | Сделок: 2 | WinRate: 50%
🔄 2025-09-03 20:50:21 Баланс: 7.14346252499184$ | PnL: 0.08092441 💵 | Сделок: 2 | WinRate: 50%
🔄 2025-09-03 20:53:10 Баланс: 7.14346252499184$ | PnL: 0.08092441 💵 | Сделок: 2 | WinRate: 50%
🔄 2025-09-03 20:56:09 Баланс: 7.14346252499184$ | PnL: 0.08092441 💵 | Сделок: 2 | WinRate: 50%
🔄 2025-09-03 20:59:08 Баланс: 7.14346252499184$ | PnL: 0.08092441 💵 | Сделок: 2 | WinRate: 50%
🔄 2025-09-03 21:01:58 Баланс: 7.14346252499184$ | PnL: 0.08092441 💵 | Сделок: 2 | WinRate: 50%
🔄 2025-09-03 21:05:01 Баланс: 7.14346252499184$ | PnL: 0.08092441 💵 | Сделок: 2 | WinRate: 50%
🔄 2025-09-03 21:07:56 Баланс: 7.14346252499184$ | PnL: 0.08092441 💵 | Сделок: 2 | WinRate: 50%
🔄 2025-09-03 21:11:01 Баланс: 7.14346252499184$ | PnL: 0.08092441 💵 | Сделок: 2 | WinRate: 50%
🔄 2025-09-03 21:14:06 Баланс: 7.14346252499184$ | PnL: 0.08092441 💵 | Сделок: 2 | WinRate: 50%
🔄 2025-09-03 21:17:01 Баланс: 7.14346252499184$ | PnL: 0.08092441 💵 | Сделок: 2 | WinRate: 50%
🔄 2025-09-03 21:19:53 Баланс: 7.14346252499184$ | PnL: 0.08092441 💵 | Сделок: 2 | WinRate: 50%
🔄 2025-09-03 21:24:32 Баланс: 7.14346252499184$ | PnL: 0.08092441 💵 | Сделок: 2 | WinRate: 50%
🔄 2025-09-03 21:28:21 Баланс: 7.14346252499184$ | PnL: 0.08092441 💵 | Сделок: 2 | WinRate: 50%
🔄 2025-09-03 21:31:11 Баланс: 7.14346252499184$ | PnL: 0.08092441 💵 | Сделок: 2 | WinRate: 50%
🔄 2025-09-03 21:34:07 Баланс: 7.14346252499184$ | PnL: 0.08092441 💵 | Сделок: 2 | WinRate: 50%
🔄 2025-09-03 21:37:12 Баланс: 7.14346252499184$ | PnL: 0.08092441 💵 | Сделок: 2 | WinRate: 50%
🔄 2025-09-03 21:40:12 Баланс: 7.14346252499184$ | PnL: 0.08092441 💵 | Сделок: 2 | WinRate: 50%
🔄 2025-09-03 21:43:38 Баланс: 7.14346252499184$ | PnL: 0.08092441 💵 | Сделок: 2 | WinRate: 50%
🔄 2025-09-03 21:46:54 Баланс: 7.14346252499184$ | PnL: 0.08092441 💵 | Сделок: 2 | WinRate: 50%
🔄 2025-09-03 21:50:21 Баланс: 7.14346252499184$ | PnL: 0.08092441 💵 | Сделок: 2 | WinRate: 50%
🔄 2025-09-03 21:54:36 Баланс: 7.14346252499184$ | PnL: 0.08092441 💵 | Сделок: 2 | WinRate: 50%
🔄 2025-09-03 21:58:22 Баланс: 7.14346252499184$ | PnL: 0.08092441 💵 | Сделок: 2 | WinRate: 50%
🔄 2025-09-03 22:01:39 Баланс: 7.14346252499184$ | PnL: 0.08092441 💵 | Сделок: 2 | WinRate: 50%
🔄 2025-09-03 22:04:46 Баланс: 7.14346252499184$ | PnL: 0.08092441 💵 | Сделок: 2 | WinRate: 50%
🔄 2025-09-03 22:07:52 Баланс: 7.14346252499184$ | PnL: 0.08092441 💵 | Сделок: 2 | WinRate: 50%
🔄 2025-09-03 22:11:36 Баланс: 7.14346252499184$ | PnL: 0.08092441 💵 | Сделок: 2 | WinRate: 50%
🔄 2025-09-03 22:15:03 Баланс: 7.14346252499184$ | PnL: 0.08092441 💵 | Сделок: 2 | WinRate: 50%
🔄 2025-09-03 22:19:43 Баланс: 7.46512709289374$ | PnL: 0.41158784 💵 | Сделок: 3 | WinRate: 66.67%
🔄 2025-09-03 22:24:24 Баланс: 7.46512709289374$ | PnL: 0.41158784 💵 | Сделок: 3 | WinRate: 66.67%
🔄 2025-09-03 22:28:24 Баланс: 7.46512709289374$ | PnL: 0.41158784 💵 | Сделок: 3 | WinRate: 66.67%
🔄 2025-09-03 22:33:04 Баланс: 7.46512709289374$ | PnL: 0.41158784 💵 | Сделок: 3 | WinRate: 66.67%
🔄 2025-09-03 22:37:17 Баланс: 7.46512709289374$ | PnL: 0.41158784 💵 | Сделок: 3 | WinRate: 66.67%
🔄 2025-09-03 22:41:21 Баланс: 7.46512709289374$ | PnL: 0.41158784 💵 | Сделок: 3 | WinRate: 66.67%
🔄 2025-09-03 22:46:49 Баланс: 6.88052435309374$ | PnL: -0.16390917 💵 | Сделок: 4 | WinRate: 50%
🔄 2025-09-03 22:53:45 Баланс: 6.27637392509724$ | PnL: -0.72776587 💵 | Сделок: 8 | WinRate: 25%
🔄 2025-09-03 22:57:12 Баланс: 6.27637392509724$ | PnL: -0.72776587 💵 | Сделок: 8 | WinRate: 25%
🔄 2025-09-03 23:01:05 Баланс: 6.27637392509724$ | PnL: -0.72776587 💵 | Сделок: 8 | WinRate: 25%
🔄 2025-09-03 23:04:48 Баланс: 6.27637392509724$ | PnL: -0.72776587 💵 | Сделок: 8 | WinRate: 25%
🔄 2025-09-03 23:08:26 Баланс: 6.27637392509724$ | PnL: -0.72776587 💵 | Сделок: 8 | WinRate: 25%
🔄 2025-09-03 23:11:11 Баланс: 6.27637392509724$ | PnL: -0.72776587 💵 | Сделок: 8 | WinRate: 25%
🔄 2025-09-03 23:15:54 Баланс: 6.27637392509724$ | PnL: -0.72776587 💵 | Сделок: 8 | WinRate: 25%
🔄 2025-09-03 23:19:25 Баланс: 6.27637392509724$ | PnL: -0.72776587 💵 | Сделок: 8 | WinRate: 25%
🔄 2025-09-03 23:24:34 Баланс: 6.27637392509724$ | PnL: -0.72776587 💵 | Сделок: 8 | WinRate: 25%
🔄 2025-09-03 23:28:48 Баланс: 6.27637392509724$ | PnL: -0.72776587 💵 | Сделок: 8 | WinRate: 25%
🔄 2025-09-03 23:32:42 Баланс: 6.27637392509724$ | PnL: -0.72776587 💵 | Сделок: 8 | WinRate: 25%
🔄 2025-09-03 23:36:18 Баланс: 6.27637392509724$ | PnL: -0.72776587 💵 | Сделок: 8 | WinRate: 25%
🔄 2025-09-03 23:40:30 Баланс: 6.27637392509724$ | PnL: -0.72776587 💵 | Сделок: 8 | WinRate: 25%
🔄 2025-09-03 23:44:14 Баланс: 6.27637392509724$ | PnL: -0.72776587 💵 | Сделок: 8 | WinRate: 25%
🔄 2025-09-03 23:48:23 Баланс: 6.27637392509724$ | PnL: -0.72776587 💵 | Сделок: 8 | WinRate: 25%
🔄 2025-09-03 23:50:40 Баланс: 6.27637392509724$ | PnL: -0.72776587 💵 | Сделок: 8 | WinRate: 25%
🔄 2025-09-03 23:52:22 Баланс: 6.27637392509724$ | PnL: -0.72776587 💵 | Сделок: 8 | WinRate: 25%
🔄 2025-09-03 23:54:04 Баланс: 6.27637392509724$ | PnL: -0.72776587 💵 | Сделок: 8 | WinRate: 25%
🔄 2025-09-03 23:55:49 Баланс: 6.27637392509724$ | PnL: -0.72776587 💵 | Сделок: 8 | WinRate: 25%
🔄 2025-09-03 23:57:31 Баланс: 6.27637392509724$ | PnL: -0.72776587 💵 | Сделок: 8 | WinRate: 25%
🔄 2025-09-03 23:59:14 Баланс: 6.27637392509724$ | PnL: -0.72776587 💵 | Сделок: 8 | WinRate: 25%
🔄 2025-09-04 00:00:56 Баланс: 6.27637392509724$ | PnL: -0.72776587 💵 | Сделок: 8 | WinRate: 25%
🔄 2025-09-04 00:02:39 Баланс: 6.27637392509724$ | PnL: -0.72776587 💵 | Сделок: 8 | WinRate: 25%
🔄 2025-09-04 00:04:25 Баланс: 6.27637392509724$ | PnL: -0.72776587 💵 | Сделок: 8 | WinRate: 25%
🔄 2025-09-04 00:06:22 Баланс: 6.27637392509724$ | PnL: -0.72776587 💵 | Сделок: 8 | WinRate: 25%
🔄 2025-09-04 00:08:10 Баланс: 6.27637392509724$ | PnL: -0.72776587 💵 | Сделок: 8 | WinRate: 25%
🔄 2025-09-04 00:09:55 Баланс: 6.27637392509724$ | PnL: -0.72776587 💵 | Сделок: 8 | WinRate: 25%
🔄 2025-09-04 00:11:40 Баланс: 6.27637392509724$ | PnL: -0.72776587 💵 | Сделок: 8 | WinRate: 25%
🔄 2025-09-04 00:13:24 Баланс: 6.27637392509724$ | PnL: -0.72776587 💵 | Сделок: 8 | WinRate: 25%
🔄 2025-09-04 00:15:08 Баланс: 6.27637392509724$ | PnL: -0.72776587 💵 | Сделок: 8 | WinRate: 25%
🔄 2025-09-04 00:16:52 Баланс: 6.27637392509724$ | PnL: -0.72776587 💵 | Сделок: 8 | WinRate: 25%
🔄 2025-09-04 00:18:36 Баланс: 6.27637392509724$ | PnL: -0.72776587 💵 | Сделок: 8 | WinRate: 25%
🔄 2025-09-04 00:20:19 Баланс: 6.27637392509724$ | PnL: -0.72776587 💵 | Сделок: 8 | WinRate: 25%
🔄 2025-09-04 00:22:06 Баланс: 6.27637392509724$ | PnL: -0.72776587 💵 | Сделок: 8 | WinRate: 25%
🔄 2025-09-04 00:23:51 Баланс: 6.27637392509724$ | PnL: -0.72776587 💵 | Сделок: 8 | WinRate: 25%
🔄 2025-09-04 00:25:35 Баланс: 6.27637392509724$ | PnL: -0.72776587 💵 | Сделок: 8 | WinRate: 25%
🔄 2025-09-04 00:29:25 Баланс: 16.0814882650972$ | PnL: -0.92261673 💵 | Сделок: 9 | WinRate: 22.22%
🔄 2025-09-04 00:32:31 Баланс: 6.07469024509724$ | PnL: -0.92261673 💵 | Сделок: 9 | WinRate: 22.22%
🔄 2025-09-04 00:34:14 Баланс: 6.07469024509724$ | PnL: -0.92261673 💵 | Сделок: 9 | WinRate: 22.22%
🔄 2025-09-04 00:36:00 Баланс: 6.07469024509724$ | PnL: -0.92261673 💵 | Сделок: 9 | WinRate: 22.22%
🔄 2025-09-04 00:39:31 Баланс: 6.34055213094724$ | PnL: -0.64781295 💵 | Сделок: 10 | WinRate: 30%
🔄 2025-09-04 00:41:09 Баланс: 6.34055213094724$ | PnL: -0.64781295 💵 | Сделок: 10 | WinRate: 30%
🔄 2025-09-04 00:42:50 Баланс: 6.34055213094724$ | PnL: -0.64781295 💵 | Сделок: 10 | WinRate: 30%
🔄 2025-09-04 00:44:30 Баланс: 6.34055213094724$ | PnL: -0.64781295 💵 | Сделок: 10 | WinRate: 30%
🔄 2025-09-04 00:46:09 Баланс: 6.34055213094724$ | PnL: -0.64781295 💵 | Сделок: 10 | WinRate: 30%
🔄 2025-09-04 00:47:48 Баланс: 6.34055213094724$ | PnL: -0.64781295 💵 | Сделок: 10 | WinRate: 30%
🔄 2025-09-04 00:49:26 Баланс: 6.34055213094724$ | PnL: -0.64781295 💵 | Сделок: 10 | WinRate: 30%
🔄 2025-09-04 00:51:04 Баланс: 6.34055213094724$ | PnL: -0.64781295 💵 | Сделок: 10 | WinRate: 30%
🔄 2025-09-04 00:52:42 Баланс: 6.34055213094724$ | PnL: -0.64781295 💵 | Сделок: 10 | WinRate: 30%
🔄 2025-09-04 00:54:20 Баланс: 6.34055213094724$ | PnL: -0.64781295 💵 | Сделок: 10 | WinRate: 30%
🔄 2025-09-04 00:56:01 Баланс: 6.34055213094724$ | PnL: -0.64781295 💵 | Сделок: 10 | WinRate: 30%
🔄 2025-09-04 00:57:06 Баланс: 6.34055213094724$ | PnL: -0.64781295 💵 | Сделок: 10 | WinRate: 30%
🔄 2025-09-04 00:57:44 Баланс: 6.34055213094724$ | PnL: -0.64781295 💵 | Сделок: 10 | WinRate: 30%
🔄 2025-09-04 00:59:22 Баланс: 6.34055213094724$ | PnL: -0.64781295 💵 | Сделок: 10 | WinRate: 30%
🔄 2025-09-04 01:01:01 Баланс: 6.34055213094724$ | PnL: -0.64781295 💵 | Сделок: 10 | WinRate: 30%
🔄 2025-09-04 01:02:42 Баланс: 6.34055213094724$ | PnL: -0.64781295 💵 | Сделок: 10 | WinRate: 30%
🔄 2025-09-04 01:04:21 Баланс: 6.34055213094724$ | PnL: -0.64781295 💵 | Сделок: 10 | WinRate: 30%
🔄 2025-09-04 01:06:00 Баланс: 6.34055213094724$ | PnL: -0.64781295 💵 | Сделок: 10 | WinRate: 30%
🔄 2025-09-04 01:07:38 Баланс: 6.34055213094724$ | PnL: -0.64781295 💵 | Сделок: 10 | WinRate: 30%
🔄 2025-09-04 01:09:16 Баланс: 6.34055213094724$ | PnL: -0.64781295 💵 | Сделок: 10 | WinRate: 30%
🔄 2025-09-04 01:10:53 Баланс: 6.34055213094724$ | PnL: -0.64781295 💵 | Сделок: 10 | WinRate: 30%
🔄 2025-09-04 01:12:31 Баланс: 6.34055213094724$ | PnL: -0.64781295 💵 | Сделок: 10 | WinRate: 30%
🔄 2025-09-04 01:14:10 Баланс: 6.34055213094724$ | PnL: -0.64781295 💵 | Сделок: 10 | WinRate: 30%
🔄 2025-09-04 01:15:46 Баланс: 6.34055213094724$ | PnL: -0.64781295 💵 | Сделок: 10 | WinRate: 30%
🔄 2025-09-04 01:19:25 Баланс: 16.2077716309472$ | PnL: -0.78031545 💵 | Сделок: 11 | WinRate: 27.27%
🔄 2025-09-04 01:22:34 Баланс: 6.19868255084724$ | PnL: -0.78031545 💵 | Сделок: 11 | WinRate: 27.27%
🔄 2025-09-04 01:24:11 Баланс: 6.19868255084724$ | PnL: -0.78031545 💵 | Сделок: 11 | WinRate: 27.27%
🔄 2025-09-04 01:25:49 Баланс: 6.19868255084724$ | PnL: -0.78031545 💵 | Сделок: 11 | WinRate: 27.27%
🔄 2025-09-04 01:27:29 Баланс: 6.19868255084724$ | PnL: -0.78031545 💵 | Сделок: 11 | WinRate: 27.27%
🔄 2025-09-04 01:29:08 Баланс: 6.19868255084724$ | PnL: -0.78031545 💵 | Сделок: 11 | WinRate: 27.27%
🔄 2025-09-04 01:30:45 Баланс: 6.19868255084724$ | PnL: -0.78031545 💵 | Сделок: 11 | WinRate: 27.27%
🔄 2025-09-04 01:32:24 Баланс: 6.19868255084724$ | PnL: -0.78031545 💵 | Сделок: 11 | WinRate: 27.27%
🔄 2025-09-04 01:34:01 Баланс: 6.19868255084724$ | PnL: -0.78031545 💵 | Сделок: 11 | WinRate: 27.27%
🔄 2025-09-04 01:35:39 Баланс: 6.19868255084724$ | PnL: -0.78031545 💵 | Сделок: 11 | WinRate: 27.27%
🔄 2025-09-04 01:37:19 Баланс: 6.19868255084724$ | PnL: -0.78031545 💵 | Сделок: 11 | WinRate: 27.27%
🔄 2025-09-04 01:38:56 Баланс: 6.19868255084724$ | PnL: -0.78031545 💵 | Сделок: 11 | WinRate: 27.27%
🔄 2025-09-04 01:40:33 Баланс: 6.19868255084724$ | PnL: -0.78031545 💵 | Сделок: 11 | WinRate: 27.27%
🔄 2025-09-04 01:42:09 Баланс: 6.19868255084724$ | PnL: -0.78031545 💵 | Сделок: 11 | WinRate: 27.27%
🔄 2025-09-04 01:43:46 Баланс: 6.19868255084724$ | PnL: -0.78031545 💵 | Сделок: 11 | WinRate: 27.27%
🔄 2025-09-04 01:45:23 Баланс: 6.19868255084724$ | PnL: -0.78031545 💵 | Сделок: 11 | WinRate: 27.27%
🔄 2025-09-04 01:47:03 Баланс: 6.19868255084724$ | PnL: -0.78031545 💵 | Сделок: 11 | WinRate: 27.27%
🔄 2025-09-04 01:48:43 Баланс: 6.19868255084724$ | PnL: -0.78031545 💵 | Сделок: 11 | WinRate: 27.27%
🔄 2025-09-04 01:50:26 Баланс: 6.19868255084724$ | PnL: -0.78031545 💵 | Сделок: 11 | WinRate: 27.27%
🔄 2025-09-04 01:52:05 Баланс: 6.19868255084724$ | PnL: -0.78031545 💵 | Сделок: 11 | WinRate: 27.27%
🔄 2025-09-04 01:53:41 Баланс: 6.19868255084724$ | PnL: -0.78031545 💵 | Сделок: 11 | WinRate: 27.27%
🔄 2025-09-04 01:55:20 Баланс: 6.19868255084724$ | PnL: -0.78031545 💵 | Сделок: 11 | WinRate: 27.27%
🔄 2025-09-04 01:56:56 Баланс: 6.19868255084724$ | PnL: -0.78031545 💵 | Сделок: 11 | WinRate: 27.27%
🔄 2025-09-04 01:58:32 Баланс: 6.19868255084724$ | PnL: -0.78031545 💵 | Сделок: 11 | WinRate: 27.27%
🔄 2025-09-04 02:00:09 Баланс: 6.19868255084724$ | PnL: -0.78031545 💵 | Сделок: 11 | WinRate: 27.27%
🔄 2025-09-04 02:01:46 Баланс: 6.19868255084724$ | PnL: -0.78031545 💵 | Сделок: 11 | WinRate: 27.27%
🔄 2025-09-04 02:03:22 Баланс: 6.19868255084724$ | PnL: -0.78031545 💵 | Сделок: 11 | WinRate: 27.27%
🔄 2025-09-04 02:04:59 Баланс: 6.19868255084724$ | PnL: -0.78031545 💵 | Сделок: 11 | WinRate: 27.27%
🔄 2025-09-04 02:06:35 Баланс: 6.19868255084724$ | PnL: -0.78031545 💵 | Сделок: 11 | WinRate: 27.27%
🔄 2025-09-04 02:08:12 Баланс: 6.19868255084724$ | PnL: -0.78031545 💵 | Сделок: 11 | WinRate: 27.27%
🔄 2025-09-04 02:09:48 Баланс: 6.19868255084724$ | PnL: -0.78031545 💵 | Сделок: 11 | WinRate: 27.27%
🔄 2025-09-04 02:11:31 Баланс: 6.19868255084724$ | PnL: -0.78031545 💵 | Сделок: 11 | WinRate: 27.27%
🔄 2025-09-04 02:13:12 Баланс: 6.19868255084724$ | PnL: -0.78031545 💵 | Сделок: 11 | WinRate: 27.27%
🔄 2025-09-04 02:14:50 Баланс: 6.19868255084724$ | PnL: -0.78031545 💵 | Сделок: 11 | WinRate: 27.27%
🔄 2025-09-04 02:16:27 Баланс: 6.19868255084724$ | PnL: -0.78031545 💵 | Сделок: 11 | WinRate: 27.27%
🔄 2025-09-04 02:18:03 Баланс: 6.19868255084724$ | PnL: -0.78031545 💵 | Сделок: 11 | WinRate: 27.27%
🔄 2025-09-04 02:19:40 Баланс: 6.19868255084724$ | PnL: -0.78031545 💵 | Сделок: 11 | WinRate: 27.27%
🔄 2025-09-04 02:21:17 Баланс: 6.19868255084724$ | PnL: -0.78031545 💵 | Сделок: 11 | WinRate: 27.27%
🔄 2025-09-04 02:22:55 Баланс: 6.19868255084724$ | PnL: -0.78031545 💵 | Сделок: 11 | WinRate: 27.27%
🔄 2025-09-04 02:24:31 Баланс: 6.19868255084724$ | PnL: -0.78031545 💵 | Сделок: 11 | WinRate: 27.27%
🔄 2025-09-04 02:26:08 Баланс: 6.19868255084724$ | PnL: -0.78031545 💵 | Сделок: 11 | WinRate: 27.27%
🔄 2025-09-04 02:27:48 Баланс: 6.19868255084724$ | PnL: -0.78031545 💵 | Сделок: 11 | WinRate: 27.27%
🔄 2025-09-04 02:29:26 Баланс: 6.19868255084724$ | PnL: -0.78031545 💵 | Сделок: 11 | WinRate: 27.27%
🔄 2025-09-04 02:31:03 Баланс: 6.19868255084724$ | PnL: -0.78031545 💵 | Сделок: 11 | WinRate: 27.27%
🔄 2025-09-04 02:32:43 Баланс: 6.19868255084724$ | PnL: -0.78031545 💵 | Сделок: 11 | WinRate: 27.27%
🔄 2025-09-04 02:34:58 Баланс: 16.9103846708472$ | PnL: -0.06860683 💵 | Сделок: 12 | WinRate: 33.33%
🔄 2025-09-04 02:36:42 Баланс: 6.90138619221524$ | PnL: -0.06860683 💵 | Сделок: 12 | WinRate: 33.33%
🔄 2025-09-04 02:38:17 Баланс: 6.90138619221524$ | PnL: -0.06860683 💵 | Сделок: 12 | WinRate: 33.33%
🔄 2025-09-04 02:39:54 Баланс: 6.90138619221524$ | PnL: -0.06860683 💵 | Сделок: 12 | WinRate: 33.33%
🔄 2025-09-04 02:41:32 Баланс: 6.90138619221524$ | PnL: -0.06860683 💵 | Сделок: 12 | WinRate: 33.33%
🔄 2025-09-04 02:43:07 Баланс: 6.90138619221524$ | PnL: -0.06860683 💵 | Сделок: 12 | WinRate: 33.33%
🔄 2025-09-04 02:44:52 Баланс: 6.90138619221524$ | PnL: -0.06860683 💵 | Сделок: 12 | WinRate: 33.33%
🔄 2025-09-04 02:46:27 Баланс: 6.90138619221524$ | PnL: -0.06860683 💵 | Сделок: 12 | WinRate: 33.33%
🔄 2025-09-04 02:48:03 Баланс: 6.90138619221524$ | PnL: -0.06860683 💵 | Сделок: 12 | WinRate: 33.33%
🔄 2025-09-04 02:49:41 Баланс: 6.90138619221524$ | PnL: -0.06860683 💵 | Сделок: 12 | WinRate: 33.33%
🔄 2025-09-04 02:51:21 Баланс: 6.90138619221524$ | PnL: -0.06860683 💵 | Сделок: 12 | WinRate: 33.33%
🔄 2025-09-04 02:52:57 Баланс: 6.90138619221524$ | PnL: -0.06860683 💵 | Сделок: 12 | WinRate: 33.33%
🔄 2025-09-04 02:54:33 Баланс: 6.90138619221524$ | PnL: -0.06860683 💵 | Сделок: 12 | WinRate: 33.33%
🔄 2025-09-04 02:57:59 Баланс: 6.50302431419003$ | PnL: -0.45797194 💵 | Сделок: 13 | WinRate: 30.77%
🔄 2025-09-04 02:59:38 Баланс: 6.50302431419003$ | PnL: -0.45797194 💵 | Сделок: 13 | WinRate: 30.77%
🔄 2025-09-04 03:01:16 Баланс: 6.50302431419003$ | PnL: -0.45797194 💵 | Сделок: 13 | WinRate: 30.77%
🔄 2025-09-04 03:02:54 Баланс: 6.50302431419003$ | PnL: -0.45797194 💵 | Сделок: 13 | WinRate: 30.77%
🔄 2025-09-04 03:04:33 Баланс: 6.50302431419003$ | PnL: -0.45797194 💵 | Сделок: 13 | WinRate: 30.77%
🔄 2025-09-04 03:07:31 Баланс: 16.27966141419$ | PnL: -0.68143684 💵 | Сделок: 14 | WinRate: 28.57%
🔄 2025-09-04 03:12:11 Баланс: 16.27966141419$ | PnL: -0.68143684 💵 | Сделок: 14 | WinRate: 28.57%
🔄 2025-09-04 03:16:57 Баланс: 16.27966141419$ | PnL: -0.68143684 💵 | Сделок: 14 | WinRate: 28.57%
🔄 2025-09-04 03:21:40 Баланс: 16.27966141419$ | PnL: -0.68143684 💵 | Сделок: 14 | WinRate: 28.57%
🔄 2025-09-04 03:26:24 Баланс: 16.27966141419$ | PnL: -0.68143684 💵 | Сделок: 14 | WinRate: 28.57%
🔄 2025-09-04 03:31:05 Баланс: 16.27966141419$ | PnL: -0.68143684 💵 | Сделок: 14 | WinRate: 28.57%
🔄 2025-09-04 03:35:49 Баланс: 16.27966141419$ | PnL: -0.68143684 💵 | Сделок: 14 | WinRate: 28.57%
🔄 2025-09-04 03:40:34 Баланс: 16.27966141419$ | PnL: -0.68143684 💵 | Сделок: 14 | WinRate: 28.57%
🔄 2025-09-04 03:45:16 Баланс: 16.27966141419$ | PnL: -0.68143684 💵 | Сделок: 14 | WinRate: 28.57%
🔄 2025-09-04 03:50:07 Баланс: 26.12659631419$ | PnL: -0.83449698 💵 | Сделок: 15 | WinRate: 26.67%
🔄 2025-09-04 03:54:56 Баланс: 26.12659631419$ | PnL: -0.83449698 💵 | Сделок: 15 | WinRate: 26.67%
🔄 2025-09-04 03:59:42 Баланс: 26.12659631419$ | PnL: -0.83449698 💵 | Сделок: 15 | WinRate: 26.67%
🔄 2025-09-04 04:04:30 Баланс: 26.12659631419$ | PnL: -0.83449698 💵 | Сделок: 15 | WinRate: 26.67%
🔄 2025-09-04 04:09:13 Баланс: 26.12659631419$ | PnL: -0.83449698 💵 | Сделок: 15 | WinRate: 26.67%
🔄 2025-09-04 04:13:56 Баланс: 26.12659631419$ | PnL: -0.83449698 💵 | Сделок: 15 | WinRate: 26.67%
🔄 2025-09-04 04:18:46 Баланс: 26.12659631419$ | PnL: -0.83449698 💵 | Сделок: 15 | WinRate: 26.67%
🔄 2025-09-04 04:23:37 Баланс: 26.12659631419$ | PnL: -0.83449698 💵 | Сделок: 15 | WinRate: 26.67%
🔄 2025-09-04 04:28:21 Баланс: 36.54579467419$ | PnL: -0.41538762 💵 | Сделок: 16 | WinRate: 31.25%
🔄 2025-09-04 04:33:04 Баланс: 36.54579467419$ | PnL: -0.41538762 💵 | Сделок: 16 | WinRate: 31.25%
🔄 2025-09-04 04:37:53 Баланс: 36.54579467419$ | PnL: -0.41538762 💵 | Сделок: 16 | WinRate: 31.25%
🔄 2025-09-04 04:42:38 Баланс: 36.54579467419$ | PnL: -0.41538762 💵 | Сделок: 16 | WinRate: 31.25%
🔄 2025-09-04 04:47:28 Баланс: 36.54579467419$ | PnL: -0.41538762 💵 | Сделок: 16 | WinRate: 31.25%
🔄 2025-09-04 04:52:19 Баланс: 36.54579467419$ | PnL: -0.41538762 💵 | Сделок: 16 | WinRate: 31.25%
🔄 2025-09-04 04:57:05 Баланс: 36.54579467419$ | PnL: -0.41538762 💵 | Сделок: 16 | WinRate: 31.25%
🔄 2025-09-04 05:01:52 Баланс: 36.54579467419$ | PnL: -0.41538762 💵 | Сделок: 16 | WinRate: 31.25%
🔄 2025-09-04 05:06:39 Баланс: 36.54579467419$ | PnL: -0.41538762 💵 | Сделок: 16 | WinRate: 31.25%
🔄 2025-09-04 05:11:21 Баланс: 36.54579467419$ | PnL: -0.41538762 💵 | Сделок: 16 | WinRate: 31.25%
🔄 2025-09-04 05:16:05 Баланс: 46.41719141419$ | PnL: -0.54320488 💵 | Сделок: 17 | WinRate: 29.41%
🔄 2025-09-04 05:20:59 Баланс: 46.41719141419$ | PnL: -0.54320488 💵 | Сделок: 17 | WinRate: 29.41%
🔄 2025-09-04 05:25:40 Баланс: 46.41719141419$ | PnL: -0.54320488 💵 | Сделок: 17 | WinRate: 29.41%
🔄 2025-09-04 05:30:27 Баланс: 46.41719141419$ | PnL: -0.54320488 💵 | Сделок: 17 | WinRate: 29.41%
🔄 2025-09-04 05:35:12 Баланс: 46.41719141419$ | PnL: -0.54320488 💵 | Сделок: 17 | WinRate: 29.41%
🔄 2025-09-04 05:39:57 Баланс: 46.41719141419$ | PnL: -0.54320488 💵 | Сделок: 17 | WinRate: 29.41%
🔄 2025-09-04 05:45:28 Баланс: 46.41719141419$ | PnL: -0.54320488 💵 | Сделок: 17 | WinRate: 29.41%
🔄 2025-09-04 05:50:11 Баланс: 46.41719141419$ | PnL: -0.54320488 💵 | Сделок: 17 | WinRate: 29.41%
🔄 2025-09-04 05:54:59 Баланс: 46.41719141419$ | PnL: -0.54320488 💵 | Сделок: 17 | WinRate: 29.41%
🔄 2025-09-04 05:59:42 Баланс: 56.25560989619$ | PnL: -0.70478778 💵 | Сделок: 18 | WinRate: 27.78%
🔄 2025-09-04 06:04:38 Баланс: 56.25560989619$ | PnL: -0.70478778 💵 | Сделок: 18 | WinRate: 27.78%
🔄 2025-09-04 06:09:32 Баланс: 56.25560989619$ | PnL: -0.70478778 💵 | Сделок: 18 | WinRate: 27.78%
🔄 2025-09-04 06:14:18 Баланс: 66.07592123619$ | PnL: -0.88449558 💵 | Сделок: 19 | WinRate: 26.32%
🔄 2025-09-04 06:19:13 Баланс: 75.93095371619$ | PnL: -1.0287781 💵 | Сделок: 20 | WinRate: 25%
🔄 2025-09-04 06:24:02 Баланс: 95.5346925991901$ | PnL: -1.42485836 💵 | Сделок: 22 | WinRate: 22.73%
🔄 2025-09-04 06:29:37 Баланс: 115.21220103659$ | PnL: -1.7473423 💵 | Сделок: 24 | WinRate: 20.83%
🔄 2025-09-04 06:34:27 Баланс: 174.34717767859$ | PnL: -2.57680123 💵 | Сделок: 30 | WinRate: 16.67%
🔄 2025-09-04 06:39:22 Баланс: 184.24044191859$ | PnL: -2.68342199 💵 | Сделок: 31 | WinRate: 16.13%
🔄 2025-09-04 06:44:56 Баланс: 184.24044191859$ | PnL: -2.68342199 💵 | Сделок: 31 | WinRate: 16.13%
🔄 2025-09-04 06:49:50 Баланс: 184.24044191859$ | PnL: -2.68342199 💵 | Сделок: 31 | WinRate: 16.13%
🔄 2025-09-04 06:54:47 Баланс: 194.10161073859$ | PnL: -2.82225964 💵 | Сделок: 32 | WinRate: 15.62%
🔄 2025-09-04 06:59:46 Баланс: 194.10161073859$ | PnL: -2.82225964 💵 | Сделок: 32 | WinRate: 15.62%
🔄 2025-09-04 07:04:40 Баланс: 194.10161073859$ | PnL: -2.82225964 💵 | Сделок: 32 | WinRate: 15.62%
🔄 2025-09-04 07:09:38 Баланс: 223.64026990859$ | PnL: -3.28357036 💵 | Сделок: 35 | WinRate: 14.29%
🔄 2025-09-04 07:14:32 Баланс: 282.62163842459$ | PnL: -4.30275513 💵 | Сделок: 41 | WinRate: 12.2%
🔄 2025-09-04 07:20:19 Баланс: 282.62163842459$ | PnL: -4.30275513 💵 | Сделок: 41 | WinRate: 12.2%
🔄 2025-09-04 07:25:18 Баланс: 282.62163842459$ | PnL: -4.30275513 💵 | Сделок: 41 | WinRate: 12.2%
🔄 2025-09-04 07:30:18 Баланс: 282.62163842459$ | PnL: -4.30275513 💵 | Сделок: 41 | WinRate: 12.2%
🔄 2025-09-04 07:35:17 Баланс: 302.19585407459$ | PnL: -4.72855153 💵 | Сделок: 43 | WinRate: 11.63%
🔄 2025-09-04 07:40:15 Баланс: 361.10524861253$ | PnL: -5.81921365 💵 | Сделок: 49 | WinRate: 10.2%
🔄 2025-09-04 07:45:25 Баланс: 409.91744579953$ | PnL: -7.00705399 💵 | Сделок: 54 | WinRate: 9.26%
🔄 2025-09-04 07:50:37 Баланс: 409.91744579953$ | PnL: -7.00705399 💵 | Сделок: 54 | WinRate: 9.26%
🔄 2025-09-04 07:55:52 Баланс: 439.48821074853$ | PnL: -7.44127239 💵 | Сделок: 57 | WinRate: 8.77%
🔄 2025-09-04 08:01:06 Баланс: 348.22602750006$ | PnL: -8.61286799 💵 | Сделок: 63 | WinRate: 7.94%
🔄 2025-09-04 08:03:43 Баланс: 7.61376706411972$ | PnL: -8.90592055 💵 | Сделок: 64 | WinRate: 7.81%
🔄 2025-09-04 08:05:26 Баланс: 7.36949932443972$ | PnL: -9.14122109 💵 | Сделок: 65 | WinRate: 7.69%
🔄 2025-09-04 08:07:06 Баланс: 7.00091436933351$ | PnL: -9.4918032 💵 | Сделок: 67 | WinRate: 7.46%
🔄 2025-09-04 08:09:28 Баланс: 6.00147801995286$ | PnL: -10.44540077 💵 | Сделок: 72 | WinRate: 6.94%
🔄 2025-09-04 08:11:05 Баланс: 6.00147801995286$ | PnL: -10.44540077 💵 | Сделок: 72 | WinRate: 6.94%
🔄 2025-09-04 08:12:41 Баланс: 6.00147801995286$ | PnL: -10.44540077 💵 | Сделок: 72 | WinRate: 6.94%
🔄 2025-09-04 08:14:58 Баланс: 6.00147801995286$ | PnL: -10.44540077 💵 | Сделок: 72 | WinRate: 6.94%
🔄 2025-09-04 08:16:35 Баланс: 6.00147801995286$ | PnL: -10.44540077 💵 | Сделок: 72 | WinRate: 6.94%
🔄 2025-09-04 08:18:11 Баланс: 6.00147801995286$ | PnL: -10.44540077 💵 | Сделок: 72 | WinRate: 6.94%
🔄 2025-09-04 08:19:47 Баланс: 6.00147801995286$ | PnL: -10.44540077 💵 | Сделок: 72 | WinRate: 6.94%
🔄 2025-09-04 08:21:23 Баланс: 6.00147801995286$ | PnL: -10.44540077 💵 | Сделок: 72 | WinRate: 6.94%
🔄 2025-09-04 08:22:58 Баланс: 6.00147801995286$ | PnL: -10.44540077 💵 | Сделок: 72 | WinRate: 6.94%
🔄 2025-09-04 08:24:34 Баланс: 6.00147801995286$ | PnL: -10.44540077 💵 | Сделок: 72 | WinRate: 6.94%
🔄 2025-09-04 08:26:16 Баланс: 6.00147801995286$ | PnL: -10.44540077 💵 | Сделок: 72 | WinRate: 6.94%
🔄 2025-09-04 08:27:52 Баланс: 6.00147801995286$ | PnL: -10.44540077 💵 | Сделок: 72 | WinRate: 6.94%
🔄 2025-09-04 08:29:27 Баланс: 6.00147801995286$ | PnL: -10.44540077 💵 | Сделок: 72 | WinRate: 6.94%
🔄 2025-09-04 08:31:02 Баланс: 6.00147801995286$ | PnL: -10.44540077 💵 | Сделок: 72 | WinRate: 6.94%
🔄 2025-09-04 08:32:42 Баланс: 7.08849205745606$ | PnL: -10.55738618 💵 | Сделок: 73 | WinRate: 6.85%
🔄 2025-09-04 08:34:37 Баланс: 7.08849205745606$ | PnL: -10.55738618 💵 | Сделок: 73 | WinRate: 6.85%
🔄 2025-09-04 08:36:17 Баланс: 7.08849205745606$ | PnL: -10.55738618 💵 | Сделок: 73 | WinRate: 6.85%
🔄 2025-09-04 08:37:54 Баланс: 7.08849205745606$ | PnL: -10.55738618 💵 | Сделок: 73 | WinRate: 6.85%
🔄 2025-09-04 08:39:30 Баланс: 7.08849205745606$ | PnL: -10.55738618 💵 | Сделок: 73 | WinRate: 6.85%
🔄 2025-09-04 08:41:05 Баланс: 7.08849205745606$ | PnL: -10.55738618 💵 | Сделок: 73 | WinRate: 6.85%
🔄 2025-09-04 08:42:41 Баланс: 7.08849205745606$ | PnL: -10.55738618 💵 | Сделок: 73 | WinRate: 6.85%
🔄 2025-09-04 08:44:17 Баланс: 7.08849205745606$ | PnL: -10.55738618 💵 | Сделок: 73 | WinRate: 6.85%
🔄 2025-09-04 08:45:54 Баланс: 7.08849205745606$ | PnL: -10.55738618 💵 | Сделок: 73 | WinRate: 6.85%
🔄 2025-09-04 08:47:29 Баланс: 7.08849205745606$ | PnL: -10.55738618 💵 | Сделок: 73 | WinRate: 6.85%
🔄 2025-09-04 08:49:05 Баланс: 7.08849205745606$ | PnL: -10.55738618 💵 | Сделок: 73 | WinRate: 6.85%
🔄 2025-09-04 08:50:41 Баланс: 7.08849205745606$ | PnL: -10.55738618 💵 | Сделок: 73 | WinRate: 6.85%
🔄 2025-09-04 08:52:16 Баланс: 7.08849205745606$ | PnL: -10.55738618 💵 | Сделок: 73 | WinRate: 6.85%
🔄 2025-09-04 08:53:53 Баланс: 7.08849205745606$ | PnL: -10.55738618 💵 | Сделок: 73 | WinRate: 6.85%
🔄 2025-09-04 08:55:29 Баланс: 7.08849205745606$ | PnL: -10.55738618 💵 | Сделок: 73 | WinRate: 6.85%
🔄 2025-09-04 08:57:05 Баланс: 7.08849205745606$ | PnL: -10.55738618 💵 | Сделок: 73 | WinRate: 6.85%
🔄 2025-09-04 08:59:07 Баланс: 8.17818277801606$ | PnL: -10.67237393 💵 | Сделок: 74 | WinRate: 6.76%
🔄 2025-09-04 09:00:56 Баланс: 7.69572937448926$ | PnL: -11.13691452 💵 | Сделок: 76 | WinRate: 6.58%
🔄 2025-09-04 09:03:05 Баланс: 6.85630962530966$ | PnL: -11.92880353 💵 | Сделок: 81 | WinRate: 6.17%
🔄 2025-09-04 09:05:49 Баланс: 5.01436313680266$ | PnL: -13.6982358 💵 | Сделок: 89 | WinRate: 5.62%
🔄 2025-09-04 09:07:44 Баланс: 3.94168587927876$ | PnL: -14.72591214 💵 | Сделок: 94 | WinRate: 5.32%
🔄 2025-09-04 09:09:19 Баланс: 3.94168587927876$ | PnL: -14.72591214 💵 | Сделок: 94 | WinRate: 5.32%
🔄 2025-09-04 09:10:55 Баланс: 3.94168587927876$ | PnL: -14.72591214 💵 | Сделок: 94 | WinRate: 5.32%
🔄 2025-09-04 09:12:37 Баланс: 4.50552206196276$ | PnL: -14.15307727 💵 | Сделок: 95 | WinRate: 6.32%
🔄 2025-09-04 09:14:18 Баланс: 4.32396689116276$ | PnL: -14.32562771 💵 | Сделок: 96 | WinRate: 6.25%
🔄 2025-09-04 09:16:00 Баланс: 4.12620893215796$ | PnL: -14.51436948 💵 | Сделок: 97 | WinRate: 6.19%
🔄 2025-09-04 09:17:50 Баланс: 3.89781608161416$ | PnL: -14.73357195 💵 | Сделок: 98 | WinRate: 6.12%
🔄 2025-09-04 09:19:38 Баланс: 3.67156884940318$ | PnL: -14.95081907 💵 | Сделок: 99 | WinRate: 6.06%
🔄 2025-09-04 09:21:19 Баланс: 3.52464018410818$ | PnL: -15.0887352 💵 | Сделок: 100 | WinRate: 6%
🔄 2025-09-04 09:22:57 Баланс: 3.27472608756278$ | PnL: -15.32965189 💵 | Сделок: 101 | WinRate: 5.94%
🔄 2025-09-04 09:24:37 Баланс: 3.27472608756278$ | PnL: -15.32965189 💵 | Сделок: 101 | WinRate: 5.94%
🔄 2025-09-04 09:26:21 Баланс: 3.89885557517928$ | PnL: -14.68750713 💵 | Сделок: 103 | WinRate: 7.77%
🔄 2025-09-04 09:27:58 Баланс: 3.89885557517928$ | PnL: -14.68750713 💵 | Сделок: 103 | WinRate: 7.77%
🔄 2025-09-04 09:29:38 Баланс: 3.89885557517928$ | PnL: -14.68750713 💵 | Сделок: 103 | WinRate: 7.77%
🔄 2025-09-04 09:31:14 Баланс: 3.89885557517928$ | PnL: -14.68750713 💵 | Сделок: 103 | WinRate: 7.77%
🔄 2025-09-04 09:32:51 Баланс: 3.89885557517928$ | PnL: -14.68750713 💵 | Сделок: 103 | WinRate: 7.77%
🔄 2025-09-04 09:34:34 Баланс: 3.37336073294327$ | PnL: -15.20412997 💵 | Сделок: 104 | WinRate: 7.69%
🔄 2025-09-04 09:36:12 Баланс: 3.37336073294327$ | PnL: -15.20412997 💵 | Сделок: 104 | WinRate: 7.69%
🔄 2025-09-04 09:37:49 Баланс: 3.37336073294327$ | PnL: -15.20412997 💵 | Сделок: 104 | WinRate: 7.69%
🔄 2025-09-04 09:39:29 Баланс: 3.37336073294327$ | PnL: -15.20412997 💵 | Сделок: 104 | WinRate: 7.69%
🔄 2025-09-04 09:41:07 Баланс: 3.37336073294327$ | PnL: -15.20412997 💵 | Сделок: 104 | WinRate: 7.69%
🔄 2025-09-04 09:42:44 Баланс: 3.37336073294327$ | PnL: -15.20412997 💵 | Сделок: 104 | WinRate: 7.69%
🔄 2025-09-04 09:44:21 Баланс: 3.37336073294327$ | PnL: -15.20412997 💵 | Сделок: 104 | WinRate: 7.69%
🔄 2025-09-04 09:46:42 Баланс: 3.48979892889927$ | PnL: -15.07872614 💵 | Сделок: 105 | WinRate: 8.57%
🔄 2025-09-04 09:48:19 Баланс: 3.48979892889927$ | PnL: -15.07872614 💵 | Сделок: 105 | WinRate: 8.57%
🔄 2025-09-04 09:49:58 Баланс: 3.48979892889927$ | PnL: -15.07872614 💵 | Сделок: 105 | WinRate: 8.57%
🔄 2025-09-04 09:51:34 Баланс: 3.48979892889927$ | PnL: -15.07872614 💵 | Сделок: 105 | WinRate: 8.57%
🔄 2025-09-04 09:53:11 Баланс: 3.48979892889927$ | PnL: -15.07872614 💵 | Сделок: 105 | WinRate: 8.57%
