[2025-08-28 04:00:24][TRADE] Закрыта позиция ATH-USDT-SWAP SHORT PnL: -0.08580723 Причина: SL Баланс: 19.2006965303814 WinRate инструмента: 0%
🔄 Баланс: 19.2006965303814$ | PnL: -0.08580723 💵 | Сделок: 1
[2025-08-28 04:05:44][TRADE] Закрыта позиция CVX-USDT-SWAP SHORT PnL: 0.32632612 Причина: TP Баланс: 19.5179466509611 WinRate инструмента: 100%
🔄 Баланс: 19.5179466509611$ | PnL: 0.24051889 💵 | Сделок: 2
[2025-08-28 04:08:16][TRADE] Закрыта позиция SHELL-USDT-SWAP SHORT PnL: -0.11661058 Причина: SL Баланс: 19.3923381863275 WinRate инструмента: 0%
🔄 Баланс: 19.3923381863275$ | PnL: 0.12390831 💵 | Сделок: 3
[2025-08-28 04:35:54][TRADE] Закрыта позиция UXLINK-USDT-SWAP SHORT PnL: 0.12243332 Причина: TP Баланс: 19.5057775587343 WinRate инструмента: 100%
🔄 Баланс: 19.5057775587343$ | PnL: 0.24634163 💵 | Сделок: 4
[2025-08-28 05:11:26][TRADE] Закрыта позиция RVN-USDT-SWAP SHORT PnL: -0.09256022 Причина: SL Баланс: 19.4042152163043 WinRate инструмента: 0%
🔄 Баланс: 19.4042152163043$ | PnL: 0.15378141 💵 | Сделок: 5
[2025-08-28 05:15:24][TRADE] Закрыта позиция AI16Z-USDT-SWAP SHORT PnL: -0.14390798 Причина: SL Баланс: 19.2512140520643 WinRate инструмента: 0%
🔄 Баланс: 19.2512140520643$ | PnL: 0.00987342999999999 💵 | Сделок: 6
[2025-08-28 05:21:03][TRADE] Закрыта позиция SUI-USDT-SWAP SHORT PnL: -0.11358341 Причина: SL Баланс: 29.1375121420643 WinRate инструмента: 0%
🔄 Баланс: 29.1375121420643$ | PnL: -0.10370998 💵 | Сделок: 7
[2025-08-28 05:21:09][TRADE] Закрыта позиция TNSR-USDT-SWAP SHORT PnL: -0.11085401 Причина: SL Баланс: 39.0266583320643 WinRate инструмента: 0%
🔄 Баланс: 39.0266583320643$ | PnL: -0.21456399 💵 | Сделок: 8
[2025-08-28 05:21:55][TRADE] Закрыта позиция SUI-USD-SWAP SHORT PnL: -0.11002396 Причина: SL Баланс: 48.9167526220643 WinRate инструмента: 0%
🔄 Баланс: 48.9167526220643$ | PnL: -0.32458795 💵 | Сделок: 9
[2025-08-28 05:22:54][TRADE] Закрыта позиция ENJ-USDT-SWAP SHORT PnL: -0.09553605 Причина: SL Баланс: 58.8212133060643 WinRate инструмента: 0%
🔄 Баланс: 58.8212133060643$ | PnL: -0.420124 💵 | Сделок: 10
[2025-08-28 05:23:58][TRADE] Закрыта позиция PEPE-USDT-SWAP SHORT PnL: -0.08875299 Причина: SL Баланс: 68.7324603165163 WinRate инструмента: 0%
🔄 Баланс: 68.7324603165163$ | PnL: -0.50887699 💵 | Сделок: 11
[2025-08-28 05:33:23][TRADE] Закрыта позиция HYPE-USDT-SWAP SHORT PnL: -0.17451753 Причина: SL Баланс: 38.5197009432017 WinRate инструмента: 0%
🔄 Баланс: 38.5197009432017$ | PnL: -0.68339452 💵 | Сделок: 12
[2025-08-28 05:34:37][TRADE] Закрыта позиция T-USDT-SWAP SHORT PnL: -0.09241452 Причина: SL Баланс: 28.4092868937744 WinRate инструмента: 0%
🔄 Баланс: 28.4092868937744$ | PnL: -0.77580904 💵 | Сделок: 13
[2025-08-28 05:34:56][TRADE] Закрыта позиция XTZ-USDT-SWAP SHORT PnL: -0.0901696 Причина: SL Баланс: 38.3191211837744 WinRate инструмента: 0%
🔄 Баланс: 38.3191211837744$ | PnL: -0.86597864 💵 | Сделок: 14
[2025-08-28 05:35:54][TRADE] Закрыта позиция BLUR-USDT-SWAP SHORT PnL: -0.10421888 Причина: SL Баланс: 18.1878976543494 WinRate инструмента: 0%
🔄 Баланс: 18.1878976543494$ | PnL: -0.97019752 💵 | Сделок: 15
[2025-08-28 05:36:31][TRADE] Закрыта позиция NXPC-USDT-SWAP SHORT PnL: -0.09000208 Причина: SL Баланс: 18.0888955844994 WinRate инструмента: 0%
🔄 Баланс: 18.0888955844994$ | PnL: -1.0601996 💵 | Сделок: 16
[2025-08-28 05:36:46][TRADE] Закрыта позиция PYTH-USDT-SWAP SHORT PnL: -0.107511 Причина: SL Баланс: 27.9813881744994 WinRate инструмента: 0%
🔄 Баланс: 27.9813881744994$ | PnL: -1.1677106 💵 | Сделок: 17
[2025-08-28 05:37:03][TRADE] Закрыта позиция STX-USDT-SWAP SHORT PnL: -0.0950825 Причина: SL Баланс: 37.8863324644994 WinRate инструмента: 0%
🔄 Баланс: 37.8863324644994$ | PnL: -1.2627931 💵 | Сделок: 18
[2025-08-28 05:39:12][TRADE] Закрыта позиция HOME-USDT-SWAP SHORT PnL: -0.1193487 Причина: SL Баланс: 27.7489828650576 WinRate инструмента: 0%
🔄 Баланс: 27.7489828650576$ | PnL: -1.3821418 💵 | Сделок: 19
[2025-08-28 05:44:54][TRADE] Закрыта позиция MAGIC-USDT-SWAP LONG PnL: -0.13222641 Причина: SL Баланс: 27.6077586320585 WinRate инструмента: 0%
🔄 Баланс: 27.6077586320585$ | PnL: -1.51436821 💵 | Сделок: 20
[2025-08-28 05:50:51][TRADE] Закрыта позиция USELESS-USDT-SWAP SHORT PnL: 0.57797811 Причина: TP Баланс: 28.176728918044 WinRate инструмента: 100%
🔄 Баланс: 28.176728918044$ | PnL: -0.9363901 💵 | Сделок: 21
[2025-08-28 05:52:13][TRADE] Закрыта позиция CHZ-USDT-SWAP SHORT PnL: -0.07824521 Причина: SL Баланс: 38.0984835150441 WinRate инструмента: 0%
🔄 Баланс: 38.0984835150441$ | PnL: -1.01463531 💵 | Сделок: 22
[2025-08-28 05:54:17][TRADE] Закрыта позиция WAL-USDT-SWAP SHORT PnL: -0.08860257 Причина: SL Баланс: 38.0007479276841 WinRate инструмента: 0%
🔄 Баланс: 38.0007479276841$ | PnL: -1.10323788 💵 | Сделок: 23
[2025-08-28 05:55:36][TRADE] Закрыта позиция COMP-USDT-SWAP SHORT PnL: -0.09582813 Причина: SL Баланс: 37.8973925876041 WinRate инструмента: 0%
🔄 Баланс: 37.8973925876041$ | PnL: -1.19906601 💵 | Сделок: 24
[2025-08-28 05:56:01][TRADE] Закрыта позиция GOAT-USDT-SWAP SHORT PnL: -0.11481454 Причина: SL Баланс: 47.7825821076041 WinRate инструмента: 0%
🔄 Баланс: 47.7825821076041$ | PnL: -1.31388055 💵 | Сделок: 25
[2025-08-28 06:04:26][TRADE] Закрыта позиция GMT-USDT-SWAP LONG PnL: 0.18860613 Причина: TP Баланс: 47.9621878592485 WinRate инструмента: 100%
🔄 Баланс: 47.9621878592485$ | PnL: -1.12527442 💵 | Сделок: 26
[2025-08-28 06:23:08][TRADE] Закрыта позиция AEVO-USDT-SWAP SHORT PnL: -0.10998964 Причина: SL Баланс: 17.8162085370123 WinRate инструмента: 0%
🔄 Баланс: 17.8162085370123$ | PnL: -1.23526406 💵 | Сделок: 27
[2025-08-28 06:24:03][TRADE] Закрыта позиция METIS-USDT-SWAP SHORT PnL: -0.10441069 Причина: SL Баланс: 17.7032131041427 WinRate инструмента: 0%
🔄 Баланс: 17.7032131041427$ | PnL: -1.33967475 💵 | Сделок: 28
[2025-08-28 06:24:12][TRADE] Закрыта позиция NOT-USDT-SWAP SHORT PnL: -0.09919706 Причина: SL Баланс: 27.6040161273427 WinRate инструмента: 0%
🔄 Баланс: 27.6040161273427$ | PnL: -1.43887181 💵 | Сделок: 29
[2025-08-28 06:25:03][TRADE] Закрыта позиция WAXP-USDT-SWAP SHORT PnL: -0.07498065 Причина: SL Баланс: 27.5200411218427 WinRate инструмента: 0%
🔄 Баланс: 27.5200411218427$ | PnL: -1.51385246 💵 | Сделок: 30
[2025-08-28 06:25:53][TRADE] Закрыта позиция ANIME-USDT-SWAP SHORT PnL: -0.09812362 Причина: SL Баланс: 37.4219173018427 WinRate инструмента: 0%
🔄 Баланс: 37.4219173018427$ | PnL: -1.61197608 💵 | Сделок: 31
[2025-08-28 06:25:59][TRADE] Закрыта позиция ATOM-USDT-SWAP SHORT PnL: -0.10397265 Причина: SL Баланс: 47.3181104518427 WinRate инструмента: 0%
🔄 Баланс: 47.3181104518427$ | PnL: -1.71594873 💵 | Сделок: 32
[2025-08-28 06:27:11][TRADE] Закрыта позиция MERL-USDT-SWAP SHORT PnL: -0.10932215 Причина: SL Баланс: 27.1817860304712 WinRate инструмента: 0%
🔄 Баланс: 27.1817860304712$ | PnL: -1.82527088 💵 | Сделок: 33
[2025-08-28 06:27:50][TRADE] Закрыта позиция SOPH-USDT-SWAP SHORT PnL: -0.10515353 Причина: SL Баланс: 27.0676237405567 WinRate инструмента: 0%
🔄 Баланс: 27.0676237405567$ | PnL: -1.93042441 💵 | Сделок: 34
[2025-08-28 06:28:10][TRADE] Закрыта позиция W-USDT-SWAP SHORT PnL: -0.119266 Причина: SL Баланс: 26.9395572796567 WinRate инструмента: 0%
🔄 Баланс: 26.9395572796567$ | PnL: -2.04969041 💵 | Сделок: 35
[2025-08-28 06:29:12][TRADE] Закрыта позиция AXS-USDT-SWAP SHORT PnL: -0.10623425 Причина: SL Баланс: 26.8242329576567 WinRate инструмента: 0%
🔄 Баланс: 26.8242329576567$ | PnL: -2.15592466 💵 | Сделок: 36
[2025-08-28 06:29:13][TRADE] Закрыта позиция BABY-USDT-SWAP SHORT PnL: -0.11591209 Причина: SL Баланс: 36.7083229356567 WinRate инструмента: 0%
🔄 Баланс: 36.7083229356567$ | PnL: -2.27183675 💵 | Сделок: 37
[2025-08-28 06:29:37][TRADE] Закрыта позиция DYDX-USDT-SWAP SHORT PnL: -0.1077901 Причина: SL Баланс: 36.5915016690327 WinRate инструмента: 0%
🔄 Баланс: 36.5915016690327$ | PnL: -2.37962685 💵 | Сделок: 38
[2025-08-28 06:30:26][TRADE] Закрыта позиция MOODENG-USDT-SWAP SHORT PnL: -0.1105973 Причина: SL Баланс: 36.4718579122127 WinRate инструмента: 0%
🔄 Баланс: 36.4718579122127$ | PnL: -2.49022415 💵 | Сделок: 39
[2025-08-28 06:31:17][TRADE] Закрыта позиция UNI-USDT-SWAP SHORT PnL: -0.116369 Причина: SL Баланс: 46.3555569122127 WinRate инструмента: 0%
🔄 Баланс: 46.3555569122127$ | PnL: -2.60659315 💵 | Сделок: 40
[2025-08-28 06:31:58][TRADE] Закрыта позиция UNI-USD-SWAP SHORT PnL: -0.11118599 Причина: SL Баланс: 56.2445754222127 WinRate инструмента: 0%
🔄 Баланс: 56.2445754222127$ | PnL: -2.71777914 💵 | Сделок: 41
[2025-08-28 06:32:07][TRADE] Закрыта позиция ACH-USDT-SWAP SHORT PnL: -0.09204726 Причина: SL Баланс: 66.1525288822127 WinRate инструмента: 0%
🔄 Баланс: 66.1525288822127$ | PnL: -2.8098264 💵 | Сделок: 42
[2025-08-28 06:32:15][TRADE] Закрыта позиция APE-USDT-SWAP SHORT PnL: -0.09486678 Причина: SL Баланс: 76.0576467022127 WinRate инструмента: 0%
🔄 Баланс: 76.0576467022127$ | PnL: -2.90469318 💵 | Сделок: 43
[2025-08-28 06:33:00][TRADE] Закрыта позиция GALA-USDT-SWAP SHORT PnL: -0.10893228 Причина: SL Баланс: 85.9487143222127 WinRate инструмента: 0%
🔄 Баланс: 85.9487143222127$ | PnL: -3.01362546 💵 | Сделок: 44
[2025-08-28 06:33:16][TRADE] Закрыта позиция INIT-USDT-SWAP SHORT PnL: -0.09869998 Причина: SL Баланс: 95.8500103622127 WinRate инструмента: 0%
🔄 Баланс: 95.8500103622127$ | PnL: -3.11232544 💵 | Сделок: 45
[2025-08-28 06:33:38][TRADE] Закрыта позиция MINA-USDT-SWAP SHORT PnL: -0.10714126 Причина: SL Баланс: 105.742860292213 WinRate инструмента: 0%
🔄 Баланс: 105.742860292213$ | PnL: -3.2194667 💵 | Сделок: 46
[2025-08-28 06:35:17][TRADE] Закрыта позиция PI-USDT-SWAP LONG PnL: 0.07710618 Причина: TP Баланс: 115.819953392213 WinRate инструмента: 100%
🔄 Баланс: 115.819953392213$ | PnL: -3.14236052 💵 | Сделок: 47
[2025-08-28 06:46:03][TRADE] Закрыта позиция FIL-USDT-SWAP LONG PnL: -0.08153902 Причина: SL Баланс: 105.720461994254 WinRate инструмента: 0%
🔄 Баланс: 105.720461994254$ | PnL: -3.22389954 💵 | Сделок: 48
[2025-08-28 06:49:31][TRADE] Закрыта позиция H-USDT-SWAP LONG PnL: -0.14590177 Причина: SL Баланс: 115.574561330254 WinRate инструмента: 0%
🔄 Баланс: 115.574561330254$ | PnL: -3.36980131 💵 | Сделок: 49
[2025-08-28 06:54:54][TRADE] Закрыта позиция PI-USDT-SWAP LONG PnL: -0.05171368 Причина: SL Баланс: 125.522846870254 WinRate инструмента: 50%
🔄 Баланс: 125.522846870254$ | PnL: -3.42151499 💵 | Сделок: 50
[2025-08-28 06:55:12][TRADE] Закрыта позиция ATH-USDT-SWAP LONG PnL: -0.10027618 Причина: SL Баланс: 135.422570152254 WinRate инструмента: 0%
🔄 Баланс: 135.422570152254$ | PnL: -3.52179117 💵 | Сделок: 51
[2025-08-28 06:58:31][TRADE] Закрыта позиция ATOM-USDT-SWAP LONG PnL: -0.07994763 Причина: SL Баланс: 135.333709488518 WinRate инструмента: 0%
🔄 Баланс: 135.333709488518$ | PnL: -3.6017388 💵 | Сделок: 52
[2025-08-28 07:06:40][TRADE] Закрыта позиция RVN-USDT-SWAP LONG PnL: 0.16314413 Причина: TP Баланс: 135.487851665466 WinRate инструмента: 50%
🔄 Баланс: 135.487851665466$ | PnL: -3.43859467 💵 | Сделок: 53
[2025-08-28 07:07:07][TRADE] Закрыта позиция VINE-USDT-SWAP SHORT PnL: -0.28227528 Причина: SL Баланс: 145.205579085466 WinRate инструмента: 0%
🔄 Баланс: 145.205579085466$ | PnL: -3.72086995 💵 | Сделок: 54
[2025-08-28 07:13:17][TRADE] Закрыта позиция SLP-USDT-SWAP SHORT PnL: -0.08985521 Причина: SL Баланс: 145.106732349334 WinRate инструмента: 0%
🔄 Баланс: 145.106732349334$ | PnL: -3.81072516 💵 | Сделок: 55
[2025-08-28 07:18:48][TRADE] Закрыта позиция IMX-USDT-SWAP SHORT PnL: -0.11033391 Причина: SL Баланс: 154.996388509334 WinRate инструмента: 0%
🔄 Баланс: 154.996388509334$ | PnL: -3.92105907 💵 | Сделок: 56
[2025-08-28 07:31:15][TRADE] Закрыта позиция AAVE-USDT-SWAP SHORT PnL: -0.10861711 Причина: SL Баланс: 104.83043855627 WinRate инструмента: 0%
🔄 Баланс: 104.83043855627$ | PnL: -4.02967618 💵 | Сделок: 57
[2025-08-28 07:36:45][TRADE] Закрыта позиция THETA-USDT-SWAP SHORT PnL: -0.10676885 Причина: SL Баланс: 14.6337100043289 WinRate инструмента: 0%
🔄 Баланс: 14.6337100043289$ | PnL: -4.13644503 💵 | Сделок: 58
[2025-08-28 07:37:02][TRADE] Закрыта позиция ZRO-USDT-SWAP SHORT PnL: -0.11351278 Причина: SL Баланс: 14.5112289100463 WinRate инструмента: 0%
🔄 Баланс: 14.5112289100463$ | PnL: -4.24995781 💵 | Сделок: 59
[2025-08-28 07:44:28][TRADE] Закрыта позиция BNB-USDT-SWAP SHORT PnL: -0.05989026 Причина: SL Баланс: 14.475089463778 WinRate инструмента: 0%
🔄 Баланс: 14.475089463778$ | PnL: -4.30984807 💵 | Сделок: 60
[2025-08-28 07:44:45][TRADE] Закрыта позиция DYDX-USDT-SWAP LONG PnL: -0.10100009 Причина: SL Баланс: 24.374083353778 WinRate инструмента: 0%
🔄 Баланс: 24.374083353778$ | PnL: -4.41084816 💵 | Сделок: 61
[2025-08-28 07:50:14][TRADE] Закрыта позиция ORBS-USDT-SWAP LONG PnL: 0.07144204 Причина: TP Баланс: 14.4275112226236 WinRate инструмента: 100%
🔄 Баланс: 14.4275112226236$ | PnL: -4.33940612 💵 | Сделок: 62
[2025-08-28 07:57:40][TRADE] Закрыта позиция ETC-USD-SWAP SHORT PnL: -0.08531906 Причина: SL Баланс: 14.3342051144876 WinRate инструмента: 0%
🔄 Баланс: 14.3342051144876$ | PnL: -4.42472518 💵 | Сделок: 63
[2025-08-28 07:58:26][TRADE] Закрыта позиция JST-USDT-SWAP LONG PnL: 0.29116911 Причина: TP Баланс: 13.4195981424876 WinRate инструмента: 100%
🔄 Баланс: 13.4195981424876$ | PnL: -4.13355607 💵 | Сделок: 64
[2025-08-28 08:08:07][TRADE] Закрыта позиция WLD-USDT-SWAP SHORT PnL: -0.12360034 Причина: SL Баланс: 13.2870187106066 WinRate инструмента: 0%
🔄 Баланс: 13.2870187106066$ | PnL: -4.25715641 💵 | Сделок: 65
[2025-08-28 08:08:54][TRADE] Закрыта позиция DOT-USDT-SWAP SHORT PnL: -0.0991132 Причина: SL Баланс: 13.1788213722426 WinRate инструмента: 0%
🔄 Баланс: 13.1788213722426$ | PnL: -4.35626961 💵 | Сделок: 66
[2025-08-28 08:10:17][TRADE] Закрыта позиция DOT-USD-SWAP SHORT PnL: -0.09731598 Причина: SL Баланс: 13.0726895578302 WinRate инструмента: 0%
🔄 Баланс: 13.0726895578302$ | PnL: -4.45358559 💵 | Сделок: 67
[2025-08-28 08:10:41][TRADE] Закрыта позиция APT-USDT-SWAP SHORT PnL: -0.08740649 Причина: SL Баланс: 22.9853890678302 WinRate инструмента: 0%
🔄 Баланс: 22.9853890678302$ | PnL: -4.54099208 💵 | Сделок: 68
[2025-08-28 08:17:04][TRADE] Закрыта позиция NEIRO-USDT-SWAP SHORT PnL: -0.11678059 Причина: SL Баланс: 12.8177389138997 WinRate инструмента: 0%
🔄 Баланс: 12.8177389138997$ | PnL: -4.65777267 💵 | Сделок: 69
[2025-08-28 08:17:29][TRADE] Закрыта позиция SAHARA-USDT-SWAP SHORT PnL: -0.09753903 Причина: SL Баланс: 22.7201986338997 WinRate инструмента: 0%
🔄 Баланс: 22.7201986338997$ | PnL: -4.7553117 💵 | Сделок: 70
[2025-08-28 08:29:47][TRADE] Закрыта позиция ADA-USD-SWAP SHORT PnL: -0.10115756 Причина: SL Баланс: 12.6759079028969 WinRate инструмента: 0%
🔄 Баланс: 12.6759079028969$ | PnL: -4.85646926 💵 | Сделок: 71
[2025-08-28 08:30:06][TRADE] Закрыта позиция ADA-USDT-SWAP SHORT PnL: -0.10396271 Причина: SL Баланс: 22.5719545528969 WinRate инструмента: 0%
🔄 Баланс: 22.5719545528969$ | PnL: -4.96043197 💵 | Сделок: 72
[2025-08-28 08:33:53][TRADE] Закрыта позиция ARC-USDT-SWAP SHORT PnL: -0.18806899 Причина: SL Баланс: 12.3658868624719 WinRate инструмента: 0%
🔄 Баланс: 12.3658868624719$ | PnL: -5.14850096 💵 | Сделок: 73
[2025-08-28 08:35:09][TRADE] Закрыта позиция ETHW-USDT-SWAP SHORT PnL: -0.10420094 Причина: SL Баланс: 22.2617364224719 WinRate инструмента: 0%
🔄 Баланс: 22.2617364224719$ | PnL: -5.2527019 💵 | Сделок: 74
[2025-08-28 08:37:32][TRADE] Закрыта позиция CVC-USDT-SWAP SHORT PnL: -0.08115022 Причина: SL Баланс: 12.1625645922489 WinRate инструмента: 0%
🔄 Баланс: 12.1625645922489$ | PnL: -5.33385212 💵 | Сделок: 75
[2025-08-28 08:37:34][TRADE] Закрыта позиция DEGEN-USDT-SWAP SHORT PnL: -0.12557679 Причина: SL Баланс: 22.0369876390489 WinRate инструмента: 0%
🔄 Баланс: 22.0369876390489$ | PnL: -5.45942891 💵 | Сделок: 76
[2025-08-28 08:38:29][TRADE] Закрыта позиция MUBARAK-USDT-SWAP SHORT PnL: -0.12302828 Причина: SL Баланс: 21.9048235347289 WinRate инструмента: 0%
🔄 Баланс: 21.9048235347289$ | PnL: -5.58245719 💵 | Сделок: 77
[2025-08-28 08:39:47][TRADE] Закрыта позиция ETH-USD-SWAP SHORT PnL: -0.10867005 Причина: SL Баланс: 11.5419041513789 WinRate инструмента: 0%
🔄 Баланс: 11.5419041513789$ | PnL: -5.69112724 💵 | Сделок: 78
[2025-08-28 08:40:18][TRADE] Закрыта позиция AR-USDT-SWAP SHORT PnL: -0.12024726 Причина: SL Баланс: 21.4213815913789 WinRate инструмента: 0%
🔄 Баланс: 21.4213815913789$ | PnL: -5.8113745 💵 | Сделок: 79
[2025-08-28 08:43:05][TRADE] Закрыта позиция ETH-USDT-SWAP SHORT PnL: -0.1052997 Причина: SL Баланс: 9.96810677034892 WinRate инструмента: 0%
🔄 Баланс: 9.96810677034892$ | PnL: -5.9166742 💵 | Сделок: 80
[2025-08-28 08:43:19][TRADE] Закрыта позиция BONK-USDT-SWAP SHORT PnL: -0.12690956 Причина: SL Баланс: 19.8411972097697 WinRate инструмента: 0%
🔄 Баланс: 19.8411972097697$ | PnL: -6.04358376 💵 | Сделок: 81
[2025-08-28 08:43:23][TRADE] Закрыта позиция CFX-USDT-SWAP SHORT PnL: -0.09500626 Причина: SL Баланс: 29.7461841137697 WinRate инструмента: 0%
🔄 Баланс: 29.7461841137697$ | PnL: -6.13859002 💵 | Сделок: 82
[2025-08-28 08:43:39][TRADE] Закрыта позиция ETC-USDT-SWAP SHORT PnL: -0.09326261 Причина: SL Баланс: 29.6431247026461 WinRate инструмента: 0%
🔄 Баланс: 29.6431247026461$ | PnL: -6.23185263 💵 | Сделок: 83
[2025-08-28 08:44:16][TRADE] Закрыта позиция LTC-USDT-SWAP SHORT PnL: -0.08897364 Причина: SL Баланс: 39.5503670626461 WinRate инструмента: 0%
🔄 Баланс: 39.5503670626461$ | PnL: -6.32082627 💵 | Сделок: 84
[2025-08-28 08:44:45][TRADE] Закрыта позиция POPCAT-USDT-SWAP SHORT PnL: -0.13639356 Причина: SL Баланс: 49.4139843426461 WinRate инструмента: 0%
🔄 Баланс: 49.4139843426461$ | PnL: -6.45721983 💵 | Сделок: 85
[2025-08-28 08:45:19][TRADE] Закрыта позиция VIRTUAL-USDT-SWAP SHORT PnL: -0.13250513 Причина: SL Баланс: 49.2725097902861 WinRate инструмента: 0%
🔄 Баланс: 49.2725097902861$ | PnL: -6.58972496 💵 | Сделок: 86
[2025-08-28 08:45:34][TRADE] Закрыта позиция ETH-USDC-SWAP SHORT PnL: -0.10315244 Причина: SL Баланс: 59.1148753502861 WinRate инструмента: 0%
🔄 Баланс: 59.1148753502861$ | PnL: -6.6928774 💵 | Сделок: 87
[2025-08-28 08:46:20][TRADE] Закрыта позиция COOKIE-USDT-SWAP SHORT PnL: -0.13950966 Причина: SL Баланс: 17.6508607758091 WinRate инструмента: 0%
🔄 Баланс: 17.6508607758091$ | PnL: -6.83238706 💵 | Сделок: 88
[2025-08-28 08:46:30][TRADE] Закрыта позиция EGLD-USDT-SWAP SHORT PnL: -0.09878899 Причина: SL Баланс: 27.5513657858091 WinRate инструмента: 0%
🔄 Баланс: 27.5513657858091$ | PnL: -6.93117605 💵 | Сделок: 89
[2025-08-28 08:46:51][TRADE] Закрыта позиция ICP-USDT-SWAP SHORT PnL: -0.08798465 Причина: SL Баланс: 37.4632047358091 WinRate инструмента: 0%
🔄 Баланс: 37.4632047358091$ | PnL: -7.0191607 💵 | Сделок: 90
[2025-08-28 08:48:10][TRADE] Закрыта позиция LINK-USD-SWAP SHORT PnL: -0.13945359 Причина: SL Баланс: 17.3010651724086 WinRate инструмента: 0%
🔄 Баланс: 17.3010651724086$ | PnL: -7.15861429 💵 | Сделок: 91
[2025-08-28 08:48:11][TRADE] Закрыта позиция LTC-USD-SWAP SHORT PnL: -0.09063055 Причина: SL Баланс: 27.2051506224086 WinRate инструмента: 0%
🔄 Баланс: 27.2051506224086$ | PnL: -7.24924484 💵 | Сделок: 92
[2025-08-28 08:48:29][TRADE] Закрыта позиция ALGO-USDT-SWAP SHORT PnL: -0.13396137 Причина: SL Баланс: 37.0711947724086 WinRate инструмента: 0%
🔄 Баланс: 37.0711947724086$ | PnL: -7.38320621 💵 | Сделок: 93
[2025-08-28 08:48:58][TRADE] Закрыта позиция EIGEN-USDT-SWAP SHORT PnL: -0.14128502 Причина: SL Баланс: 16.9029018923814 WinRate инструмента: 0%
🔄 Баланс: 16.9029018923814$ | PnL: -7.52449123 💵 | Сделок: 94
[2025-08-28 08:49:14][TRADE] Закрыта позиция LINK-USDT-SWAP SHORT PnL: -0.14273001 Причина: SL Баланс: 16.7509055883814 WinRate инструмента: 0%
🔄 Баланс: 16.7509055883814$ | PnL: -7.66722124 💵 | Сделок: 95
[2025-08-28 08:49:20][TRADE] Закрыта позиция MASK-USDT-SWAP LONG PnL: 0.1429085 Причина: TP Баланс: 26.8938733883814 WinRate инструмента: 100%
🔄 Баланс: 26.8938733883814$ | PnL: -7.52431274 💵 | Сделок: 96
[2025-08-28 08:49:38][TRADE] Закрыта позиция OP-USDT-SWAP SHORT PnL: -0.12768449 Причина: SL Баланс: 26.7572002894382 WinRate инструмента: 0%
🔄 Баланс: 26.7572002894382$ | PnL: -7.65199723 💵 | Сделок: 97
[2025-08-28 08:50:02][TRADE] Закрыта позиция TAO-USDT-SWAP SHORT PnL: -0.12499534 Причина: SL Баланс: 16.6013851275984 WinRate инструмента: 0%
🔄 Баланс: 16.6013851275984$ | PnL: -7.77699257 💵 | Сделок: 98
[2025-08-28 08:50:07][TRADE] Закрыта позиция TURBO-USDT-SWAP SHORT PnL: -0.13793244 Причина: SL Баланс: 26.4634526419984 WinRate инструмента: 0%
🔄 Баланс: 26.4634526419984$ | PnL: -7.91492501 💵 | Сделок: 99
[2025-08-28 08:50:24][TRADE] Закрыта позиция ZK-USDT-SWAP SHORT PnL: -0.12772504 Причина: SL Баланс: 26.3266667109974 WinRate инструмента: 0%
🔄 Баланс: 26.3266667109974$ | PnL: -8.04265005 💵 | Сделок: 100
[2025-08-28 08:50:49][TRADE] Закрыта позиция BTC-USDT-SWAP LONG PnL: 0.09637635 Причина: TP Баланс: 17.5984830287974 WinRate инструмента: 100%
🔄 Баланс: 17.5984830287974$ | PnL: -7.9462737 💵 | Сделок: 101
[2025-08-28 08:50:52][TRADE] Закрыта позиция XRP-USDT-SWAP SHORT PnL: -0.13270336 Причина: SL Баланс: 27.4657895487974 WinRate инструмента: 0%
🔄 Баланс: 27.4657895487974$ | PnL: -8.07897706 💵 | Сделок: 102
[2025-08-28 08:51:48][TRADE] Закрыта позиция GAS-USDT-SWAP SHORT PnL: -0.09410411 Причина: SL Баланс: 17.3541853696274 WinRate инструмента: 0%
🔄 Баланс: 17.3541853696274$ | PnL: -8.17308117 💵 | Сделок: 103
[2025-08-28 08:52:04][TRADE] Закрыта позиция IOTA-USDT-SWAP SHORT PnL: -0.09998924 Причина: SL Баланс: 27.2541970796274 WinRate инструмента: 0%
🔄 Баланс: 27.2541970796274$ | PnL: -8.27307041 💵 | Сделок: 104
[2025-08-28 08:52:33][TRADE] Закрыта позиция OM-USDT-SWAP SHORT PnL: -0.09528696 Причина: SL Баланс: 17.1409466872138 WinRate инструмента: 0%
🔄 Баланс: 17.1409466872138$ | PnL: -8.36835737 💵 | Сделок: 105
[2025-08-28 08:52:33][TRADE] Закрыта позиция ONDO-USDT-SWAP SHORT PnL: -0.12172819 Причина: SL Баланс: 27.0192552472138 WinRate инструмента: 0%
🔄 Баланс: 27.0192552472138$ | PnL: -8.49008556 💵 | Сделок: 106
[2025-08-28 08:52:44][TRADE] Закрыта позиция PRCL-USDT-SWAP SHORT PnL: -0.12211015 Причина: SL Баланс: 26.8881447581138 WinRate инструмента: 0%
🔄 Баланс: 26.8881447581138$ | PnL: -8.61219571 💵 | Сделок: 107
[2025-08-28 08:53:17][TRADE] Закрыта позиция ZETA-USDT-SWAP LONG PnL: 0.14838121 Причина: TP Баланс: 17.0183680697298 WinRate инструмента: 100%
🔄 Баланс: 17.0183680697298$ | PnL: -8.4638145 💵 | Сделок: 108
[2025-08-28 08:53:34][TRADE] Закрыта позиция XRP-USD-SWAP SHORT PnL: -0.13234342 Причина: SL Баланс: 26.8859130497298 WinRate инструмента: 0%
🔄 Баланс: 26.8859130497298$ | PnL: -8.59615792 💵 | Сделок: 109
[2025-08-28 08:53:45][TRADE] Закрыта позиция TON-USDT-SWAP SHORT PnL: -0.0761612 Причина: SL Баланс: 25.4977018577298 WinRate инструмента: 0%
🔄 Баланс: 25.4977018577298$ | PnL: -8.67231912 💵 | Сделок: 110
[2025-08-28 08:53:57][TRADE] Закрыта позиция AGLD-USDT-SWAP LONG PnL: 0.1284323 Причина: TP Баланс: 25.6172922798408 WinRate инструмента: 100%
🔄 Баланс: 25.6172922798408$ | PnL: -8.54388682 💵 | Сделок: 111
[2025-08-28 08:54:16][TRADE] Закрыта позиция CETUS-USDT-SWAP SHORT PnL: -0.13582204 Причина: SL Баланс: 15.4635074485988 WinRate инструмента: 0%
🔄 Баланс: 15.4635074485988$ | PnL: -8.67970886 💵 | Сделок: 112
[2025-08-28 08:54:27][TRADE] Закрыта позиция ENS-USDT-SWAP SHORT PnL: -0.10981626 Причина: SL Баланс: 15.3442526384638 WinRate инструмента: 0%
🔄 Баланс: 15.3442526384638$ | PnL: -8.78952512 💵 | Сделок: 113
[2025-08-28 08:54:47][TRADE] Закрыта позиция MINA-USDT-SWAP LONG PnL: 0.14345958 Причина: TP Баланс: 15.4787132273208 WinRate инструмента: 50%
🔄 Баланс: 15.4787132273208$ | PnL: -8.64606554 💵 | Сделок: 114
[2025-08-28 08:55:04][TRADE] Закрыта позиция PYTH-USDT-SWAP LONG PnL: 0.16847073 Причина: TP Баланс: 15.6381715542108 WinRate инструмента: 50%
🔄 Баланс: 15.6381715542108$ | PnL: -8.47759481 💵 | Сделок: 115
[2025-08-28 08:56:13][TRADE] Закрыта позиция CHZ-USDT-SWAP LONG PnL: 0.11064058 Причина: TP Баланс: 15.7338755412108 WinRate инструмента: 50%
🔄 Баланс: 15.7338755412108$ | PnL: -8.36695423 💵 | Сделок: 116
[2025-08-28 08:56:46][TRADE] Закрыта позиция MANA-USDT-SWAP LONG PnL: 0.14666179 Причина: TP Баланс: 15.87152403938 WinRate инструмента: 100%
🔄 Баланс: 15.87152403938$ | PnL: -8.22029244 💵 | Сделок: 117
[2025-08-28 08:59:05][TRADE] Закрыта позиция ZIL-USDT-SWAP LONG PnL: 0.12979951 Причина: TP Баланс: 15.992331347274 WinRate инструмента: 100%
🔄 Баланс: 15.992331347274$ | PnL: -8.09049293 💵 | Сделок: 118
[2025-08-28 09:01:40][TRADE] Закрыта позиция GOAT-USDT-SWAP LONG PnL: 0.16550073 Причина: TP Баланс: 16.148774779094 WinRate инструмента: 50%
🔄 Баланс: 16.148774779094$ | PnL: -7.9249922 💵 | Сделок: 119
[2025-08-28 09:04:26][TRADE] Закрыта позиция S-USDT-SWAP SHORT PnL: -0.12560073 Причина: SL Баланс: 16.01418211641 WinRate инструмента: 0%
🔄 Баланс: 16.01418211641$ | PnL: -8.05059293 💵 | Сделок: 120
[2025-08-28 09:06:12][TRADE] Закрыта позиция PLUME-USDT-SWAP SHORT PnL: -0.19321722 Причина: SL Баланс: 15.8119630493943 WinRate инструмента: 0%
🔄 Баланс: 15.8119630493943$ | PnL: -8.24381015 💵 | Сделок: 121
[2025-08-28 09:07:34][TRADE] Закрыта позиция HBAR-USDT-SWAP SHORT PnL: -0.11585206 Причина: SL Баланс: 15.6871018647863 WinRate инструмента: 0%
🔄 Баланс: 15.6871018647863$ | PnL: -8.35966221 💵 | Сделок: 122
[2025-08-28 09:11:08][TRADE] Закрыта позиция NEWT-USDT-SWAP LONG PnL: 0.17156622 Причина: TP Баланс: 15.8496603659663 WinRate инструмента: 100%
🔄 Баланс: 15.8496603659663$ | PnL: -8.18809599 💵 | Сделок: 123
[2025-08-28 09:16:40][TRADE] Закрыта позиция JST-USDT-SWAP LONG PnL: -0.13596143 Причина: SL Баланс: 15.7046869928133 WinRate инструмента: 50%
🔄 Баланс: 15.7046869928133$ | PnL: -8.32405742 💵 | Сделок: 124
[2025-08-28 09:18:07][TRADE] Закрыта позиция DOT-USDT-SWAP LONG PnL: 0.12933051 Причина: TP Баланс: 15.8261146681633 WinRate инструмента: 50%
🔄 Баланс: 15.8261146681633$ | PnL: -8.19472691 💵 | Сделок: 125
[2025-08-28 09:24:54][TRADE] Закрыта позиция GPS-USDT-SWAP LONG PnL: 0.24598421 Причина: TP Баланс: 16.0630989401903 WinRate инструмента: 100%
🔄 Баланс: 16.0630989401903$ | PnL: -7.9487427 💵 | Сделок: 126
[2025-08-28 09:26:18][TRADE] Закрыта позиция BAND-USDT-SWAP LONG PnL: -0.14257733 Причина: SL Баланс: 15.9111063413503 WinRate инструмента: 0%
🔄 Баланс: 15.9111063413503$ | PnL: -8.09132003 💵 | Сделок: 127
[2025-08-28 09:28:35][TRADE] Закрыта позиция H-USDT-SWAP LONG PnL: 0.2600063 Причина: TP Баланс: 16.1621129493107 WinRate инструмента: 50%
🔄 Баланс: 16.1621129493107$ | PnL: -7.83131373 💵 | Сделок: 128
[2025-08-28 09:32:38][TRADE] Закрыта позиция ORBS-USDT-SWAP LONG PnL: -0.06013009 Причина: SL Баланс: 16.0929788059987 WinRate инструмента: 50%
🔄 Баланс: 16.0929788059987$ | PnL: -7.89144382 💵 | Сделок: 129
[2025-08-28 09:43:07][TRADE] Закрыта позиция GRASS-USDT-SWAP LONG PnL: -0.10577743 Причина: SL Баланс: 15.9781416996387 WinRate инструмента: 0%
🔄 Баланс: 15.9781416996387$ | PnL: -7.99722125 💵 | Сделок: 130
[2025-08-28 09:45:17][TRADE] Закрыта позиция LTC-USD-SWAP LONG PnL: -0.06700513 Причина: SL Баланс: 25.9124445696387 WinRate инструмента: 0%
🔄 Баланс: 25.9124445696387$ | PnL: -8.06422638 💵 | Сделок: 131
[2025-08-28 09:47:10][TRADE] Закрыта позиция ONDO-USDT-SWAP LONG PnL: -0.08565376 Причина: SL Баланс: 25.8176838063187 WinRate инструмента: 0%
🔄 Баланс: 25.8176838063187$ | PnL: -8.14988014 💵 | Сделок: 132
[2025-08-28 09:47:31][TRADE] Закрыта позиция TAO-USDT-SWAP LONG PnL: -0.09442193 Причина: SL Баланс: 15.7111905871595 WinRate инструмента: 0%
🔄 Баланс: 15.7111905871595$ | PnL: -8.24430207 💵 | Сделок: 133
[2025-08-28 09:47:37][TRADE] Закрыта позиция TURBO-USDT-SWAP LONG PnL: -0.0888597 Причина: SL Баланс: 25.6223306823595 WinRate инструмента: 0%
🔄 Баланс: 25.6223306823595$ | PnL: -8.33316177 💵 | Сделок: 134
[2025-08-28 09:51:31][TRADE] Закрыта позиция ETC-USD-SWAP LONG PnL: -0.06699126 Причина: SL Баланс: 35.5562894223595 WinRate инструмента: 0%
🔄 Баланс: 35.5562894223595$ | PnL: -8.40015303 💵 | Сделок: 135
[2025-08-28 10:09:38][TRADE] Закрыта позиция IOTA-USDT-SWAP LONG PnL: -0.07772857 Причина: SL Баланс: 15.4515746919919 WinRate инструмента: 0%
🔄 Баланс: 15.4515746919919$ | PnL: -8.4778816 💵 | Сделок: 136
[2025-08-28 10:09:54][TRADE] Закрыта позиция MASK-USDT-SWAP LONG PnL: -0.0953503 Причина: SL Баланс: 25.3561861919919 WinRate инструмента: 50%
🔄 Баланс: 25.3561861919919$ | PnL: -8.5732319 💵 | Сделок: 137
