2025-09-01 14:45:00 🔄 Баланс: 1000$ | PnL: 0 💵 | Сделок: 0 | WinRate: 0%
2025-09-01 14:50:10 🔄 Баланс: 169.063771339855$ | PnL: 0 💵 | Сделок: 0 | WinRate: 0%
2025-09-01 14:55:09 🔄 Баланс: 159.054770014663$ | PnL: 0 💵 | Сделок: 0 | WinRate: 0%
2025-09-01 15:00:11 🔄 Баланс: 139.03649333988$ | PnL: 0 💵 | Сделок: 0 | WinRate: 0%
2025-09-01 15:06:02 🔄 Баланс: 139.03649333988$ | PnL: 0 💵 | Сделок: 0 | WinRate: 0%
2025-09-01 15:11:29 🔄 Баланс: 139.03649333988$ | PnL: 0 💵 | Сделок: 0 | WinRate: 0%
2025-09-01 15:16:27 🔄 Баланс: 129.027493329871$ | PnL: 0 💵 | Сделок: 0 | WinRate: 0%
2025-09-01 15:21:23 🔄 Баланс: 119.064434639871$ | PnL: 0 💵 | Сделок: 0 | WinRate: 0%
2025-09-01 15:26:37 🔄 Баланс: 119.064434639871$ | PnL: 0 💵 | Сделок: 0 | WinRate: 0%
2025-09-01 15:31:49 🔄 Баланс: 109.055434915118$ | PnL: 0 💵 | Сделок: 0 | WinRate: 0%
2025-09-01 15:36:56 🔄 Баланс: 38.775766270682$ | PnL: 0 💵 | Сделок: 0 | WinRate: 0%
2025-09-01 15:41:11 🔄 Баланс: 8.74890824234163$ | PnL: 0 💵 | Сделок: 0 | WinRate: 0%
2025-09-01 15:43:41 🔄 Баланс: 8.74890824234163$ | PnL: 0 💵 | Сделок: 0 | WinRate: 0%
2025-09-01 15:46:05 🔄 Баланс: 8.74890824234163$ | PnL: 0 💵 | Сделок: 0 | WinRate: 0%
2025-09-01 15:48:26 🔄 Баланс: 8.74890824234163$ | PnL: 0 💵 | Сделок: 0 | WinRate: 0%
2025-09-01 15:50:47 🔄 Баланс: 8.74890824234163$ | PnL: 0 💵 | Сделок: 0 | WinRate: 0%
2025-09-01 15:53:10 🔄 Баланс: 8.74890824234163$ | PnL: 0 💵 | Сделок: 0 | WinRate: 0%
2025-09-01 15:55:35 🔄 Баланс: 8.74890824234163$ | PnL: 0 💵 | Сделок: 0 | WinRate: 0%
2025-09-01 15:58:06 🔄 Баланс: 8.74890824234163$ | PnL: 0 💵 | Сделок: 0 | WinRate: 0%
2025-09-01 16:00:39 🔄 Баланс: 8.74890824234163$ | PnL: 0 💵 | Сделок: 0 | WinRate: 0%
2025-09-01 16:03:13 🔄 Баланс: 8.74890824234163$ | PnL: 0 💵 | Сделок: 0 | WinRate: 0%
2025-09-01 16:05:43 🔄 Баланс: 8.74890824234163$ | PnL: 0 💵 | Сделок: 0 | WinRate: 0%
2025-09-01 16:08:27 🔄 Баланс: 8.74890824234163$ | PnL: 0 💵 | Сделок: 0 | WinRate: 0%
2025-09-01 16:11:05 🔄 Баланс: 8.74890824234163$ | PnL: 0 💵 | Сделок: 0 | WinRate: 0%
2025-09-01 16:13:40 🔄 Баланс: 8.74890824234163$ | PnL: 0 💵 | Сделок: 0 | WinRate: 0%
2025-09-01 16:16:13 🔄 Баланс: 8.74890824234163$ | PnL: 0 💵 | Сделок: 0 | WinRate: 0%
2025-09-01 16:18:47 🔄 Баланс: 8.74890824234163$ | PnL: 0 💵 | Сделок: 0 | WinRate: 0%
2025-09-01 16:21:23 🔄 Баланс: 8.74890824234163$ | PnL: 0 💵 | Сделок: 0 | WinRate: 0%
2025-09-01 16:24:04 🔄 Баланс: 8.74890824234163$ | PnL: 0 💵 | Сделок: 0 | WinRate: 0%
2025-09-01 16:26:48 🔄 Баланс: 8.74890824234163$ | PnL: 0 💵 | Сделок: 0 | WinRate: 0%
2025-09-01 16:29:48 🔄 Баланс: 8.74890824234163$ | PnL: 0 💵 | Сделок: 0 | WinRate: 0%
2025-09-01 16:32:24 🔄 Баланс: 8.74890824234163$ | PnL: 0 💵 | Сделок: 0 | WinRate: 0%
2025-09-01 16:34:52 🔄 Баланс: 8.74890824234163$ | PnL: 0 💵 | Сделок: 0 | WinRate: 0%
2025-09-01 16:37:31 🔄 Баланс: 8.74890824234163$ | PnL: 0 💵 | Сделок: 0 | WinRate: 0%
2025-09-01 16:40:10 🔄 Баланс: 8.74890824234163$ | PnL: 0 💵 | Сделок: 0 | WinRate: 0%
2025-09-01 16:42:47 🔄 Баланс: 8.74890824234163$ | PnL: 0 💵 | Сделок: 0 | WinRate: 0%
2025-09-01 16:45:29 🔄 Баланс: 8.74890824234163$ | PnL: 0 💵 | Сделок: 0 | WinRate: 0%
2025-09-01 16:47:59 🔄 Баланс: 8.74890824234163$ | PnL: 0 💵 | Сделок: 0 | WinRate: 0%
2025-09-01 16:50:28 🔄 Баланс: 8.74890824234163$ | PnL: 0 💵 | Сделок: 0 | WinRate: 0%
2025-09-01 16:52:54 🔄 Баланс: 8.74890824234163$ | PnL: 0 💵 | Сделок: 0 | WinRate: 0%
2025-09-01 16:55:14 🔄 Баланс: 8.74890824234163$ | PnL: 0 💵 | Сделок: 0 | WinRate: 0%
2025-09-01 16:57:37 🔄 Баланс: 8.74890824234163$ | PnL: 0 💵 | Сделок: 0 | WinRate: 0%
2025-09-01 17:00:08 🔄 Баланс: 8.74890824234163$ | PnL: 0 💵 | Сделок: 0 | WinRate: 0%
2025-09-01 17:02:34 🔄 Баланс: 8.74890824234163$ | PnL: 0 💵 | Сделок: 0 | WinRate: 0%
2025-09-01 17:05:01 🔄 Баланс: 8.74890824234163$ | PnL: 0 💵 | Сделок: 0 | WinRate: 0%
2025-09-01 17:07:20 🔄 Баланс: 8.74890824234163$ | PnL: 0 💵 | Сделок: 0 | WinRate: 0%
2025-09-01 17:09:43 🔄 Баланс: 8.74890824234163$ | PnL: 0 💵 | Сделок: 0 | WinRate: 0%
2025-09-01 17:12:03 🔄 Баланс: 8.74890824234163$ | PnL: 0 💵 | Сделок: 0 | WinRate: 0%
2025-09-01 17:14:26 🔄 Баланс: 8.74890824234163$ | PnL: 0 💵 | Сделок: 0 | WinRate: 0%
2025-09-01 17:16:57 🔄 Баланс: 8.74890824234163$ | PnL: 0 💵 | Сделок: 0 | WinRate: 0%
2025-09-01 17:19:21 🔄 Баланс: 8.74890824234163$ | PnL: 0 💵 | Сделок: 0 | WinRate: 0%
2025-09-01 17:21:48 🔄 Баланс: 8.74890824234163$ | PnL: 0 💵 | Сделок: 0 | WinRate: 0%
2025-09-01 17:24:19 🔄 Баланс: 8.74890824234163$ | PnL: 0 💵 | Сделок: 0 | WinRate: 0%
2025-09-01 17:26:51 🔄 Баланс: 8.74890824234163$ | PnL: 0 💵 | Сделок: 0 | WinRate: 0%
2025-09-01 17:29:18 🔄 Баланс: 8.74890824234163$ | PnL: 0 💵 | Сделок: 0 | WinRate: 0%
2025-09-01 17:31:45 🔄 Баланс: 8.74890824234163$ | PnL: 0 💵 | Сделок: 0 | WinRate: 0%
2025-09-01 17:34:12 🔄 Баланс: 8.74890824234163$ | PnL: 0 💵 | Сделок: 0 | WinRate: 0%
2025-09-01 17:36:42 🔄 Баланс: 8.74890824234163$ | PnL: 0 💵 | Сделок: 0 | WinRate: 0%
2025-09-01 17:39:19 🔄 Баланс: 8.74890824234163$ | PnL: 0 💵 | Сделок: 0 | WinRate: 0%
2025-09-01 17:41:41 🔄 Баланс: 8.74890824234163$ | PnL: 0 💵 | Сделок: 0 | WinRate: 0%
2025-09-01 17:44:09 🔄 Баланс: 8.74890824234163$ | PnL: 0 💵 | Сделок: 0 | WinRate: 0%
2025-09-01 17:46:31 🔄 Баланс: 8.74890824234163$ | PnL: 0 💵 | Сделок: 0 | WinRate: 0%
2025-09-01 17:49:06 🔄 Баланс: 8.74890824234163$ | PnL: 0 💵 | Сделок: 0 | WinRate: 0%
2025-09-01 17:51:39 🔄 Баланс: 8.74890824234163$ | PnL: 0 💵 | Сделок: 0 | WinRate: 0%
2025-09-01 17:54:08 🔄 Баланс: 8.74890824234163$ | PnL: 0 💵 | Сделок: 0 | WinRate: 0%
2025-09-01 17:56:37 🔄 Баланс: 8.74890824234163$ | PnL: 0 💵 | Сделок: 0 | WinRate: 0%
2025-09-01 17:59:01 🔄 Баланс: 8.74890824234163$ | PnL: 0 💵 | Сделок: 0 | WinRate: 0%
2025-09-01 18:01:20 🔄 Баланс: 8.74890824234163$ | PnL: 0 💵 | Сделок: 0 | WinRate: 0%
2025-09-01 18:05:06 🔄 Баланс: 8.74890824234163$ | PnL: 0 💵 | Сделок: 0 | WinRate: 0%
2025-09-01 18:08:59 🔄 Баланс: 8.74890824234163$ | PnL: 0 💵 | Сделок: 0 | WinRate: 0%
2025-09-01 18:11:34 🔄 Баланс: 8.74890824234163$ | PnL: 0 💵 | Сделок: 0 | WinRate: 0%
2025-09-01 18:14:08 🔄 Баланс: 8.74890824234163$ | PnL: 0 💵 | Сделок: 0 | WinRate: 0%
2025-09-01 18:16:36 🔄 Баланс: 8.74890824234163$ | PnL: 0 💵 | Сделок: 0 | WinRate: 0%
2025-09-01 18:19:01 🔄 Баланс: 8.74890824234163$ | PnL: 0 💵 | Сделок: 0 | WinRate: 0%
2025-09-01 18:21:25 🔄 Баланс: 8.74890824234163$ | PnL: 0 💵 | Сделок: 0 | WinRate: 0%
2025-09-01 18:23:47 🔄 Баланс: 8.74890824234163$ | PnL: 0 💵 | Сделок: 0 | WinRate: 0%
2025-09-01 18:26:23 🔄 Баланс: 8.74890824234163$ | PnL: 0 💵 | Сделок: 0 | WinRate: 0%
2025-09-01 18:28:56 🔄 Баланс: 8.74890824234163$ | PnL: 0 💵 | Сделок: 0 | WinRate: 0%
2025-09-01 18:31:29 🔄 Баланс: 8.74890824234163$ | PnL: 0 💵 | Сделок: 0 | WinRate: 0%
2025-09-01 18:33:58 🔄 Баланс: 8.74890824234163$ | PnL: 0 💵 | Сделок: 0 | WinRate: 0%
2025-09-01 18:36:24 🔄 Баланс: 8.74890824234163$ | PnL: 0 💵 | Сделок: 0 | WinRate: 0%
2025-09-01 18:38:53 🔄 Баланс: 8.74890824234163$ | PnL: 0 💵 | Сделок: 0 | WinRate: 0%
2025-09-01 18:41:32 🔄 Баланс: 8.74890824234163$ | PnL: 0 💵 | Сделок: 0 | WinRate: 0%
2025-09-01 18:44:04 🔄 Баланс: 8.74890824234163$ | PnL: 0 💵 | Сделок: 0 | WinRate: 0%
2025-09-01 18:46:36 🔄 Баланс: 8.74890824234163$ | PnL: 0 💵 | Сделок: 0 | WinRate: 0%
2025-09-01 18:49:07 🔄 Баланс: 8.74890824234163$ | PnL: 0 💵 | Сделок: 0 | WinRate: 0%
2025-09-01 18:51:32 🔄 Баланс: 8.74890824234163$ | PnL: 0 💵 | Сделок: 0 | WinRate: 0%
2025-09-01 18:53:59 🔄 Баланс: 8.74890824234163$ | PnL: 0 💵 | Сделок: 0 | WinRate: 0%
2025-09-01 18:56:25 🔄 Баланс: 8.74890824234163$ | PnL: 0 💵 | Сделок: 0 | WinRate: 0%
2025-09-01 18:58:53 🔄 Баланс: 8.74890824234163$ | PnL: 0 💵 | Сделок: 0 | WinRate: 0%
2025-09-01 19:01:21 🔄 Баланс: 8.74890824234163$ | PnL: 0 💵 | Сделок: 0 | WinRate: 0%
2025-09-01 19:03:53 🔄 Баланс: 8.74890824234163$ | PnL: 0 💵 | Сделок: 0 | WinRate: 0%
2025-09-01 19:06:23 🔄 Баланс: 8.74890824234163$ | PnL: 0 💵 | Сделок: 0 | WinRate: 0%
2025-09-01 19:08:51 🔄 Баланс: 8.74890824234163$ | PnL: 0 💵 | Сделок: 0 | WinRate: 0%
2025-09-01 19:11:21 🔄 Баланс: 8.74890824234163$ | PnL: 0 💵 | Сделок: 0 | WinRate: 0%
2025-09-01 19:13:50 🔄 Баланс: 8.74890824234163$ | PnL: 0 💵 | Сделок: 0 | WinRate: 0%
2025-09-01 19:16:17 🔄 Баланс: 8.74890824234163$ | PnL: 0 💵 | Сделок: 0 | WinRate: 0%
2025-09-01 19:18:44 🔄 Баланс: 8.74890824234163$ | PnL: 0 💵 | Сделок: 0 | WinRate: 0%
2025-09-01 19:21:13 🔄 Баланс: 8.74890824234163$ | PnL: 0 💵 | Сделок: 0 | WinRate: 0%
2025-09-01 19:23:51 🔄 Баланс: 8.74890824234163$ | PnL: 0 💵 | Сделок: 0 | WinRate: 0%
2025-09-01 19:26:22 🔄 Баланс: 8.74890824234163$ | PnL: 0 💵 | Сделок: 0 | WinRate: 0%
2025-09-01 19:28:50 🔄 Баланс: 8.74890824234163$ | PnL: 0 💵 | Сделок: 0 | WinRate: 0%
2025-09-01 19:31:19 🔄 Баланс: 8.74890824234163$ | PnL: 0 💵 | Сделок: 0 | WinRate: 0%
2025-09-01 19:33:45 🔄 Баланс: 8.74890824234163$ | PnL: 0 💵 | Сделок: 0 | WinRate: 0%
2025-09-01 19:36:10 🔄 Баланс: 8.74890824234163$ | PnL: 0 💵 | Сделок: 0 | WinRate: 0%
2025-09-01 19:38:35 🔄 Баланс: 8.74890824234163$ | PnL: 0 💵 | Сделок: 0 | WinRate: 0%
2025-09-01 19:41:03 🔄 Баланс: 8.74890824234163$ | PnL: 0 💵 | Сделок: 0 | WinRate: 0%
2025-09-01 19:43:29 🔄 Баланс: 8.74890824234163$ | PnL: 0 💵 | Сделок: 0 | WinRate: 0%
2025-09-01 19:45:54 🔄 Баланс: 8.74890824234163$ | PnL: 0 💵 | Сделок: 0 | WinRate: 0%
2025-09-01 19:48:20 🔄 Баланс: 8.74890824234163$ | PnL: 0 💵 | Сделок: 0 | WinRate: 0%
2025-09-01 19:50:45 🔄 Баланс: 8.74890824234163$ | PnL: 0 💵 | Сделок: 0 | WinRate: 0%
2025-09-01 19:53:14 🔄 Баланс: 9.30199102016163$ | PnL: 0.56206295 💵 | Сделок: 1 | WinRate: 100%
2025-09-01 19:55:38 🔄 Баланс: 9.30199102016163$ | PnL: 0.56206295 💵 | Сделок: 1 | WinRate: 100%
2025-09-01 19:58:00 🔄 Баланс: 9.30199102016163$ | PnL: 0.56206295 💵 | Сделок: 1 | WinRate: 100%
2025-09-01 20:00:23 🔄 Баланс: 9.30199102016163$ | PnL: 0.56206295 💵 | Сделок: 1 | WinRate: 100%
2025-09-01 20:02:47 🔄 Баланс: 9.30199102016163$ | PnL: 0.56206295 💵 | Сделок: 1 | WinRate: 100%
2025-09-01 20:05:12 🔄 Баланс: 9.30199102016163$ | PnL: 0.56206295 💵 | Сделок: 1 | WinRate: 100%
2025-09-01 20:07:36 🔄 Баланс: 9.30199102016163$ | PnL: 0.56206295 💵 | Сделок: 1 | WinRate: 100%
2025-09-01 20:10:00 🔄 Баланс: 9.30199102016163$ | PnL: 0.56206295 💵 | Сделок: 1 | WinRate: 100%
2025-09-01 20:12:23 🔄 Баланс: 9.30199102016163$ | PnL: 0.56206295 💵 | Сделок: 1 | WinRate: 100%
2025-09-01 20:15:32 🔄 Баланс: 9.30199102016163$ | PnL: 0.56206295 💵 | Сделок: 1 | WinRate: 100%
2025-09-01 20:18:54 🔄 Баланс: 9.30199102016163$ | PnL: 0.56206295 💵 | Сделок: 1 | WinRate: 100%
2025-09-01 20:21:34 🔄 Баланс: 9.30199102016163$ | PnL: 0.56206295 💵 | Сделок: 1 | WinRate: 100%
2025-09-01 20:24:13 🔄 Баланс: 9.30199102016163$ | PnL: 0.56206295 💵 | Сделок: 1 | WinRate: 100%
2025-09-01 20:26:50 🔄 Баланс: 9.30199102016163$ | PnL: 0.56206295 💵 | Сделок: 1 | WinRate: 100%
2025-09-01 20:29:28 🔄 Баланс: 9.30199102016163$ | PnL: 0.56206295 💵 | Сделок: 1 | WinRate: 100%
2025-09-01 20:32:05 🔄 Баланс: 9.30199102016163$ | PnL: 0.56206295 💵 | Сделок: 1 | WinRate: 100%
2025-09-01 20:34:42 🔄 Баланс: 9.30199102016163$ | PnL: 0.56206295 💵 | Сделок: 1 | WinRate: 100%
2025-09-01 20:37:20 🔄 Баланс: 9.30199102016163$ | PnL: 0.56206295 💵 | Сделок: 1 | WinRate: 100%
2025-09-01 20:39:57 🔄 Баланс: 9.30199102016163$ | PnL: 0.56206295 💵 | Сделок: 1 | WinRate: 100%
2025-09-01 20:42:34 🔄 Баланс: 9.30199102016163$ | PnL: 0.56206295 💵 | Сделок: 1 | WinRate: 100%
2025-09-01 20:45:08 🔄 Баланс: 9.30199102016163$ | PnL: 0.56206295 💵 | Сделок: 1 | WinRate: 100%
2025-09-01 20:47:31 🔄 Баланс: 9.30199102016163$ | PnL: 0.56206295 💵 | Сделок: 1 | WinRate: 100%
2025-09-01 20:50:17 🔄 Баланс: 9.30199102016163$ | PnL: 0.56206295 💵 | Сделок: 1 | WinRate: 100%
2025-09-01 20:52:44 🔄 Баланс: 9.30199102016163$ | PnL: 0.56206295 💵 | Сделок: 1 | WinRate: 100%
2025-09-01 20:55:09 🔄 Баланс: 9.30199102016163$ | PnL: 0.56206295 💵 | Сделок: 1 | WinRate: 100%
2025-09-01 20:57:32 🔄 Баланс: 9.30199102016163$ | PnL: 0.56206295 💵 | Сделок: 1 | WinRate: 100%
2025-09-01 20:59:55 🔄 Баланс: 9.30199102016163$ | PnL: 0.56206295 💵 | Сделок: 1 | WinRate: 100%
2025-09-01 21:02:21 🔄 Баланс: 9.30199102016163$ | PnL: 0.56206295 💵 | Сделок: 1 | WinRate: 100%
2025-09-01 21:04:44 🔄 Баланс: 9.30199102016163$ | PnL: 0.56206295 💵 | Сделок: 1 | WinRate: 100%
2025-09-01 21:07:06 🔄 Баланс: 9.30199102016163$ | PnL: 0.56206295 💵 | Сделок: 1 | WinRate: 100%
2025-09-01 21:09:29 🔄 Баланс: 9.30199102016163$ | PnL: 0.56206295 💵 | Сделок: 1 | WinRate: 100%
2025-09-01 21:11:50 🔄 Баланс: 9.30199102016163$ | PnL: 0.56206295 💵 | Сделок: 1 | WinRate: 100%
2025-09-01 21:14:13 🔄 Баланс: 9.30199102016163$ | PnL: 0.56206295 💵 | Сделок: 1 | WinRate: 100%
2025-09-01 21:16:37 🔄 Баланс: 9.30199102016163$ | PnL: 0.56206295 💵 | Сделок: 1 | WinRate: 100%
2025-09-01 21:18:59 🔄 Баланс: 9.30199102016163$ | PnL: 0.56206295 💵 | Сделок: 1 | WinRate: 100%
2025-09-01 21:21:22 🔄 Баланс: 9.30199102016163$ | PnL: 0.56206295 💵 | Сделок: 1 | WinRate: 100%
2025-09-01 21:23:45 🔄 Баланс: 9.30199102016163$ | PnL: 0.56206295 💵 | Сделок: 1 | WinRate: 100%
2025-09-01 21:26:08 🔄 Баланс: 9.30199102016163$ | PnL: 0.56206295 💵 | Сделок: 1 | WinRate: 100%
2025-09-01 21:28:32 🔄 Баланс: 9.30199102016163$ | PnL: 0.56206295 💵 | Сделок: 1 | WinRate: 100%
2025-09-01 21:30:55 🔄 Баланс: 9.30199102016163$ | PnL: 0.56206295 💵 | Сделок: 1 | WinRate: 100%
2025-09-01 21:33:18 🔄 Баланс: 9.30199102016163$ | PnL: 0.56206295 💵 | Сделок: 1 | WinRate: 100%
2025-09-01 21:35:40 🔄 Баланс: 9.30199102016163$ | PnL: 0.56206295 💵 | Сделок: 1 | WinRate: 100%
2025-09-01 21:38:03 🔄 Баланс: 9.30199102016163$ | PnL: 0.56206295 💵 | Сделок: 1 | WinRate: 100%
2025-09-01 21:40:27 🔄 Баланс: 9.30199102016163$ | PnL: 0.56206295 💵 | Сделок: 1 | WinRate: 100%
2025-09-01 21:42:50 🔄 Баланс: 9.30199102016163$ | PnL: 0.56206295 💵 | Сделок: 1 | WinRate: 100%
2025-09-01 21:45:13 🔄 Баланс: 9.30199102016163$ | PnL: 0.56206295 💵 | Сделок: 1 | WinRate: 100%
2025-09-01 21:47:35 🔄 Баланс: 9.30199102016163$ | PnL: 0.56206295 💵 | Сделок: 1 | WinRate: 100%
2025-09-01 21:49:58 🔄 Баланс: 9.30199102016163$ | PnL: 0.56206295 💵 | Сделок: 1 | WinRate: 100%
2025-09-01 21:52:20 🔄 Баланс: 9.30199102016163$ | PnL: 0.56206295 💵 | Сделок: 1 | WinRate: 100%
2025-09-01 21:54:43 🔄 Баланс: 9.30199102016163$ | PnL: 0.56206295 💵 | Сделок: 1 | WinRate: 100%
2025-09-01 21:57:05 🔄 Баланс: 9.30199102016163$ | PnL: 0.56206295 💵 | Сделок: 1 | WinRate: 100%
2025-09-01 21:59:30 🔄 Баланс: 9.30199102016163$ | PnL: 0.56206295 💵 | Сделок: 1 | WinRate: 100%
2025-09-01 22:01:53 🔄 Баланс: 9.30199102016163$ | PnL: 0.56206295 💵 | Сделок: 1 | WinRate: 100%
2025-09-01 22:04:15 🔄 Баланс: 9.30199102016163$ | PnL: 0.56206295 💵 | Сделок: 1 | WinRate: 100%
2025-09-01 22:06:40 🔄 Баланс: 9.30199102016163$ | PnL: 0.56206295 💵 | Сделок: 1 | WinRate: 100%
2025-09-01 22:09:04 🔄 Баланс: 9.30199102016163$ | PnL: 0.56206295 💵 | Сделок: 1 | WinRate: 100%
2025-09-01 22:11:27 🔄 Баланс: 9.30199102016163$ | PnL: 0.56206295 💵 | Сделок: 1 | WinRate: 100%
2025-09-01 22:13:56 🔄 Баланс: 9.30199102016163$ | PnL: 0.56206295 💵 | Сделок: 1 | WinRate: 100%
2025-09-01 22:16:18 🔄 Баланс: 9.30199102016163$ | PnL: 0.56206295 💵 | Сделок: 1 | WinRate: 100%
2025-09-01 22:18:41 🔄 Баланс: 9.30199102016163$ | PnL: 0.56206295 💵 | Сделок: 1 | WinRate: 100%
2025-09-01 22:21:04 🔄 Баланс: 9.30199102016163$ | PnL: 0.56206295 💵 | Сделок: 1 | WinRate: 100%
2025-09-01 22:23:26 🔄 Баланс: 9.30199102016163$ | PnL: 0.56206295 💵 | Сделок: 1 | WinRate: 100%
2025-09-01 22:25:49 🔄 Баланс: 9.30199102016163$ | PnL: 0.56206295 💵 | Сделок: 1 | WinRate: 100%
2025-09-01 22:28:11 🔄 Баланс: 9.30199102016163$ | PnL: 0.56206295 💵 | Сделок: 1 | WinRate: 100%
2025-09-01 22:30:34 🔄 Баланс: 9.30199102016163$ | PnL: 0.56206295 💵 | Сделок: 1 | WinRate: 100%
2025-09-01 22:32:57 🔄 Баланс: 9.30199102016163$ | PnL: 0.56206295 💵 | Сделок: 1 | WinRate: 100%
2025-09-01 22:35:20 🔄 Баланс: 9.30199102016163$ | PnL: 0.56206295 💵 | Сделок: 1 | WinRate: 100%
2025-09-01 22:37:41 🔄 Баланс: 9.30199102016163$ | PnL: 0.56206295 💵 | Сделок: 1 | WinRate: 100%
2025-09-01 22:40:05 🔄 Баланс: 9.30199102016163$ | PnL: 0.56206295 💵 | Сделок: 1 | WinRate: 100%
2025-09-01 22:42:28 🔄 Баланс: 9.30199102016163$ | PnL: 0.56206295 💵 | Сделок: 1 | WinRate: 100%
2025-09-01 22:44:51 🔄 Баланс: 9.30199102016163$ | PnL: 0.56206295 💵 | Сделок: 1 | WinRate: 100%
2025-09-01 22:47:14 🔄 Баланс: 9.30199102016163$ | PnL: 0.56206295 💵 | Сделок: 1 | WinRate: 100%
2025-09-01 22:49:37 🔄 Баланс: 9.30199102016163$ | PnL: 0.56206295 💵 | Сделок: 1 | WinRate: 100%
2025-09-01 22:52:00 🔄 Баланс: 9.30199102016163$ | PnL: 0.56206295 💵 | Сделок: 1 | WinRate: 100%
2025-09-01 22:54:24 🔄 Баланс: 9.30199102016163$ | PnL: 0.56206295 💵 | Сделок: 1 | WinRate: 100%
2025-09-01 22:56:46 🔄 Баланс: 9.30199102016163$ | PnL: 0.56206295 💵 | Сделок: 1 | WinRate: 100%
2025-09-01 22:59:09 🔄 Баланс: 9.30199102016163$ | PnL: 0.56206295 💵 | Сделок: 1 | WinRate: 100%
2025-09-01 23:01:32 🔄 Баланс: 9.30199102016163$ | PnL: 0.56206295 💵 | Сделок: 1 | WinRate: 100%
2025-09-01 23:03:55 🔄 Баланс: 9.30199102016163$ | PnL: 0.56206295 💵 | Сделок: 1 | WinRate: 100%
2025-09-01 23:06:17 🔄 Баланс: 9.30199102016163$ | PnL: 0.56206295 💵 | Сделок: 1 | WinRate: 100%
2025-09-01 23:08:40 🔄 Баланс: 9.30199102016163$ | PnL: 0.56206295 💵 | Сделок: 1 | WinRate: 100%
2025-09-01 23:11:04 🔄 Баланс: 9.30199102016163$ | PnL: 0.56206295 💵 | Сделок: 1 | WinRate: 100%
2025-09-01 23:13:27 🔄 Баланс: 9.30199102016163$ | PnL: 0.56206295 💵 | Сделок: 1 | WinRate: 100%
2025-09-01 23:15:50 🔄 Баланс: 9.30199102016163$ | PnL: 0.56206295 💵 | Сделок: 1 | WinRate: 100%
2025-09-01 23:18:13 🔄 Баланс: 9.30199102016163$ | PnL: 0.56206295 💵 | Сделок: 1 | WinRate: 100%
2025-09-01 23:20:35 🔄 Баланс: 9.30199102016163$ | PnL: 0.56206295 💵 | Сделок: 1 | WinRate: 100%
2025-09-01 23:22:59 🔄 Баланс: 9.30199102016163$ | PnL: 0.56206295 💵 | Сделок: 1 | WinRate: 100%
2025-09-01 23:25:21 🔄 Баланс: 9.30199102016163$ | PnL: 0.56206295 💵 | Сделок: 1 | WinRate: 100%
2025-09-01 23:27:43 🔄 Баланс: 9.30199102016163$ | PnL: 0.56206295 💵 | Сделок: 1 | WinRate: 100%
2025-09-01 23:30:04 🔄 Баланс: 9.30199102016163$ | PnL: 0.56206295 💵 | Сделок: 1 | WinRate: 100%
2025-09-01 23:32:28 🔄 Баланс: 9.30199102016163$ | PnL: 0.56206295 💵 | Сделок: 1 | WinRate: 100%
2025-09-01 23:34:50 🔄 Баланс: 9.30199102016163$ | PnL: 0.56206295 💵 | Сделок: 1 | WinRate: 100%
2025-09-01 23:37:11 🔄 Баланс: 9.30199102016163$ | PnL: 0.56206295 💵 | Сделок: 1 | WinRate: 100%
2025-09-01 23:39:53 🔄 Баланс: 9.30199102016163$ | PnL: 0.56206295 💵 | Сделок: 1 | WinRate: 100%
2025-09-01 23:42:13 🔄 Баланс: 9.30199102016163$ | PnL: 0.56206295 💵 | Сделок: 1 | WinRate: 100%
2025-09-01 23:44:36 🔄 Баланс: 9.30199102016163$ | PnL: 0.56206295 💵 | Сделок: 1 | WinRate: 100%
2025-09-01 23:46:59 🔄 Баланс: 9.30199102016163$ | PnL: 0.56206295 💵 | Сделок: 1 | WinRate: 100%
2025-09-01 23:49:22 🔄 Баланс: 9.30199102016163$ | PnL: 0.56206295 💵 | Сделок: 1 | WinRate: 100%
2025-09-01 23:51:45 🔄 Баланс: 9.30199102016163$ | PnL: 0.56206295 💵 | Сделок: 1 | WinRate: 100%
2025-09-01 23:54:09 🔄 Баланс: 9.30199102016163$ | PnL: 0.56206295 💵 | Сделок: 1 | WinRate: 100%
2025-09-01 23:56:31 🔄 Баланс: 9.30199102016163$ | PnL: 0.56206295 💵 | Сделок: 1 | WinRate: 100%
2025-09-01 23:58:54 🔄 Баланс: 9.30199102016163$ | PnL: 0.56206295 💵 | Сделок: 1 | WinRate: 100%
2025-09-02 00:01:15 🔄 Баланс: 9.30199102016163$ | PnL: 0.56206295 💵 | Сделок: 1 | WinRate: 100%
2025-09-02 00:03:37 🔄 Баланс: 9.30199102016163$ | PnL: 0.56206295 💵 | Сделок: 1 | WinRate: 100%
2025-09-02 00:06:00 🔄 Баланс: 9.30199102016163$ | PnL: 0.56206295 💵 | Сделок: 1 | WinRate: 100%
2025-09-02 00:08:21 🔄 Баланс: 9.30199102016163$ | PnL: 0.56206295 💵 | Сделок: 1 | WinRate: 100%
2025-09-02 00:10:42 🔄 Баланс: 9.30199102016163$ | PnL: 0.56206295 💵 | Сделок: 1 | WinRate: 100%
2025-09-02 00:13:06 🔄 Баланс: 9.30199102016163$ | PnL: 0.56206295 💵 | Сделок: 1 | WinRate: 100%
2025-09-02 00:15:27 🔄 Баланс: 9.30199102016163$ | PnL: 0.56206295 💵 | Сделок: 1 | WinRate: 100%
2025-09-02 00:17:48 🔄 Баланс: 9.30199102016163$ | PnL: 0.56206295 💵 | Сделок: 1 | WinRate: 100%
2025-09-02 00:20:09 🔄 Баланс: 9.30199102016163$ | PnL: 0.56206295 💵 | Сделок: 1 | WinRate: 100%
2025-09-02 00:22:33 🔄 Баланс: 9.30199102016163$ | PnL: 0.56206295 💵 | Сделок: 1 | WinRate: 100%
2025-09-02 00:24:55 🔄 Баланс: 9.30199102016163$ | PnL: 0.56206295 💵 | Сделок: 1 | WinRate: 100%
2025-09-02 00:27:19 🔄 Баланс: 9.30199102016163$ | PnL: 0.56206295 💵 | Сделок: 1 | WinRate: 100%
2025-09-02 00:29:41 🔄 Баланс: 9.30199102016163$ | PnL: 0.56206295 💵 | Сделок: 1 | WinRate: 100%
2025-09-02 00:32:02 🔄 Баланс: 9.30199102016163$ | PnL: 0.56206295 💵 | Сделок: 1 | WinRate: 100%
2025-09-02 00:34:25 🔄 Баланс: 9.30199102016163$ | PnL: 0.56206295 💵 | Сделок: 1 | WinRate: 100%
2025-09-02 00:36:47 🔄 Баланс: 9.30199102016163$ | PnL: 0.56206295 💵 | Сделок: 1 | WinRate: 100%
2025-09-02 00:39:11 🔄 Баланс: 8.61758735535513$ | PnL: -0.11361853 💵 | Сделок: 2 | WinRate: 50%
2025-09-02 00:41:32 🔄 Баланс: 8.61758735535513$ | PnL: -0.11361853 💵 | Сделок: 2 | WinRate: 50%
2025-09-02 00:43:54 🔄 Баланс: 8.61758735535513$ | PnL: -0.11361853 💵 | Сделок: 2 | WinRate: 50%
2025-09-02 00:46:16 🔄 Баланс: 8.61758735535513$ | PnL: -0.11361853 💵 | Сделок: 2 | WinRate: 50%
2025-09-02 00:48:50 🔄 Баланс: 0.336052536455034$ | PnL: 1.6318463 💵 | Сделок: 4 | WinRate: 75%
2025-09-02 00:51:12 🔄 Баланс: 0.336052536455034$ | PnL: 1.6318463 💵 | Сделок: 4 | WinRate: 75%
2025-09-02 00:53:34 🔄 Баланс: 0.336052536455034$ | PnL: 1.6318463 💵 | Сделок: 4 | WinRate: 75%
2025-09-02 00:55:57 🔄 Баланс: 0.336052536455034$ | PnL: 1.6318463 💵 | Сделок: 4 | WinRate: 75%
2025-09-02 00:58:19 🔄 Баланс: 0.336052536455034$ | PnL: 1.6318463 💵 | Сделок: 4 | WinRate: 75%
2025-09-02 01:00:42 🔄 Баланс: 0.336052536455034$ | PnL: 1.6318463 💵 | Сделок: 4 | WinRate: 75%
2025-09-02 01:03:05 🔄 Баланс: 0.336052536455034$ | PnL: 1.6318463 💵 | Сделок: 4 | WinRate: 75%
2025-09-02 01:05:25 🔄 Баланс: 0.336052536455034$ | PnL: 1.6318463 💵 | Сделок: 4 | WinRate: 75%
2025-09-02 01:07:48 🔄 Баланс: 0.336052536455034$ | PnL: 1.6318463 💵 | Сделок: 4 | WinRate: 75%
2025-09-02 01:10:09 🔄 Баланс: 0.336052536455034$ | PnL: 1.6318463 💵 | Сделок: 4 | WinRate: 75%
2025-09-02 01:12:30 🔄 Баланс: 0.336052536455034$ | PnL: 1.6318463 💵 | Сделок: 4 | WinRate: 75%
2025-09-02 01:14:50 🔄 Баланс: 0.336052536455034$ | PnL: 1.6318463 💵 | Сделок: 4 | WinRate: 75%
2025-09-02 01:17:11 🔄 Баланс: 0.336052536455034$ | PnL: 1.6318463 💵 | Сделок: 4 | WinRate: 75%
2025-09-02 01:19:33 🔄 Баланс: 0.336052536455034$ | PnL: 1.6318463 💵 | Сделок: 4 | WinRate: 75%
2025-09-02 01:22:09 🔄 Баланс: 0.336052536455034$ | PnL: 1.6318463 💵 | Сделок: 4 | WinRate: 75%
2025-09-02 01:24:40 🔄 Баланс: 0.336052536455034$ | PnL: 1.6318463 💵 | Сделок: 4 | WinRate: 75%
2025-09-02 01:27:06 🔄 Баланс: 0.336052536455034$ | PnL: 1.6318463 💵 | Сделок: 4 | WinRate: 75%
2025-09-02 01:29:32 🔄 Баланс: 0.336052536455034$ | PnL: 1.6318463 💵 | Сделок: 4 | WinRate: 75%
2025-09-02 01:31:56 🔄 Баланс: 0.336052536455034$ | PnL: 1.6318463 💵 | Сделок: 4 | WinRate: 75%
2025-09-02 01:34:24 🔄 Баланс: 0.336052536455034$ | PnL: 1.6318463 💵 | Сделок: 4 | WinRate: 75%
2025-09-02 01:36:48 🔄 Баланс: 0.336052536455034$ | PnL: 1.6318463 💵 | Сделок: 4 | WinRate: 75%
2025-09-02 01:39:13 🔄 Баланс: 0.336052536455034$ | PnL: 1.6318463 💵 | Сделок: 4 | WinRate: 75%
2025-09-02 01:41:38 🔄 Баланс: 0.336052536455034$ | PnL: 1.6318463 💵 | Сделок: 4 | WinRate: 75%
2025-09-02 01:44:16 🔄 Баланс: 5.3862685671329$ | PnL: 6.73495775 💵 | Сделок: 10 | WinRate: 90%
2025-09-02 01:46:41 🔄 Баланс: 5.3862685671329$ | PnL: 6.73495775 💵 | Сделок: 10 | WinRate: 90%
2025-09-02 01:49:04 🔄 Баланс: 5.3862685671329$ | PnL: 6.73495775 💵 | Сделок: 10 | WinRate: 90%
2025-09-02 01:51:30 🔄 Баланс: 5.3862685671329$ | PnL: 6.73495775 💵 | Сделок: 10 | WinRate: 90%
2025-09-02 01:53:55 🔄 Баланс: 5.3862685671329$ | PnL: 6.73495775 💵 | Сделок: 10 | WinRate: 90%
2025-09-02 01:56:19 🔄 Баланс: 5.3862685671329$ | PnL: 6.73495775 💵 | Сделок: 10 | WinRate: 90%
2025-09-02 01:58:44 🔄 Баланс: 5.3862685671329$ | PnL: 6.73495775 💵 | Сделок: 10 | WinRate: 90%
2025-09-02 02:01:08 🔄 Баланс: 5.3862685671329$ | PnL: 6.73495775 💵 | Сделок: 10 | WinRate: 90%
2025-09-02 02:03:31 🔄 Баланс: 5.3862685671329$ | PnL: 6.73495775 💵 | Сделок: 10 | WinRate: 90%
2025-09-02 02:05:56 🔄 Баланс: 5.3862685671329$ | PnL: 6.73495775 💵 | Сделок: 10 | WinRate: 90%
2025-09-02 02:08:20 🔄 Баланс: 5.3862685671329$ | PnL: 6.73495775 💵 | Сделок: 10 | WinRate: 90%
2025-09-02 02:10:45 🔄 Баланс: 5.3862685671329$ | PnL: 6.73495775 💵 | Сделок: 10 | WinRate: 90%
2025-09-02 02:13:07 🔄 Баланс: 5.3862685671329$ | PnL: 6.73495775 💵 | Сделок: 10 | WinRate: 90%
2025-09-02 02:15:31 🔄 Баланс: 5.3862685671329$ | PnL: 6.73495775 💵 | Сделок: 10 | WinRate: 90%
2025-09-02 02:17:54 🔄 Баланс: 5.3862685671329$ | PnL: 6.73495775 💵 | Сделок: 10 | WinRate: 90%
2025-09-02 02:20:16 🔄 Баланс: 5.3862685671329$ | PnL: 6.73495775 💵 | Сделок: 10 | WinRate: 90%
2025-09-02 02:22:38 🔄 Баланс: 5.3862685671329$ | PnL: 6.73495775 💵 | Сделок: 10 | WinRate: 90%
2025-09-02 02:24:59 🔄 Баланс: 5.3862685671329$ | PnL: 6.73495775 💵 | Сделок: 10 | WinRate: 90%
2025-09-02 02:27:21 🔄 Баланс: 5.3862685671329$ | PnL: 6.73495775 💵 | Сделок: 10 | WinRate: 90%
2025-09-02 02:29:42 🔄 Баланс: 5.3862685671329$ | PnL: 6.73495775 💵 | Сделок: 10 | WinRate: 90%
2025-09-02 02:32:03 🔄 Баланс: 5.3862685671329$ | PnL: 6.73495775 💵 | Сделок: 10 | WinRate: 90%
2025-09-02 02:34:26 🔄 Баланс: 5.3862685671329$ | PnL: 6.73495775 💵 | Сделок: 10 | WinRate: 90%
2025-09-02 02:36:48 🔄 Баланс: 5.3862685671329$ | PnL: 6.73495775 💵 | Сделок: 10 | WinRate: 90%
2025-09-02 02:39:13 🔄 Баланс: 5.3862685671329$ | PnL: 6.73495775 💵 | Сделок: 10 | WinRate: 90%
2025-09-02 02:41:35 🔄 Баланс: 5.3862685671329$ | PnL: 6.73495775 💵 | Сделок: 10 | WinRate: 90%
2025-09-02 02:43:58 🔄 Баланс: 5.3862685671329$ | PnL: 6.73495775 💵 | Сделок: 10 | WinRate: 90%
2025-09-02 02:46:21 🔄 Баланс: 5.3862685671329$ | PnL: 6.73495775 💵 | Сделок: 10 | WinRate: 90%
2025-09-02 02:48:42 🔄 Баланс: 5.3862685671329$ | PnL: 6.73495775 💵 | Сделок: 10 | WinRate: 90%
2025-09-02 02:51:01 🔄 Баланс: 5.3862685671329$ | PnL: 6.73495775 💵 | Сделок: 10 | WinRate: 90%
2025-09-02 02:53:19 🔄 Баланс: 5.3862685671329$ | PnL: 6.73495775 💵 | Сделок: 10 | WinRate: 90%
2025-09-02 02:55:38 🔄 Баланс: 5.3862685671329$ | PnL: 6.73495775 💵 | Сделок: 10 | WinRate: 90%
2025-09-02 02:57:56 🔄 Баланс: 5.3862685671329$ | PnL: 6.73495775 💵 | Сделок: 10 | WinRate: 90%
2025-09-02 03:00:16 🔄 Баланс: 5.3862685671329$ | PnL: 6.73495775 💵 | Сделок: 10 | WinRate: 90%
2025-09-02 03:02:35 🔄 Баланс: 5.3862685671329$ | PnL: 6.73495775 💵 | Сделок: 10 | WinRate: 90%
2025-09-02 03:04:53 🔄 Баланс: 5.3862685671329$ | PnL: 6.73495775 💵 | Сделок: 10 | WinRate: 90%
2025-09-02 03:07:10 🔄 Баланс: 5.3862685671329$ | PnL: 6.73495775 💵 | Сделок: 10 | WinRate: 90%
2025-09-02 03:09:29 🔄 Баланс: 5.3862685671329$ | PnL: 6.73495775 💵 | Сделок: 10 | WinRate: 90%
2025-09-02 03:11:47 🔄 Баланс: 5.3862685671329$ | PnL: 6.73495775 💵 | Сделок: 10 | WinRate: 90%
2025-09-02 03:14:06 🔄 Баланс: 5.3862685671329$ | PnL: 6.73495775 💵 | Сделок: 10 | WinRate: 90%
2025-09-02 03:16:26 🔄 Баланс: 5.3862685671329$ | PnL: 6.73495775 💵 | Сделок: 10 | WinRate: 90%
2025-09-02 03:18:43 🔄 Баланс: 5.3862685671329$ | PnL: 6.73495775 💵 | Сделок: 10 | WinRate: 90%
2025-09-02 03:21:02 🔄 Баланс: 5.3862685671329$ | PnL: 6.73495775 💵 | Сделок: 10 | WinRate: 90%
2025-09-02 03:23:20 🔄 Баланс: 5.3862685671329$ | PnL: 6.73495775 💵 | Сделок: 10 | WinRate: 90%
2025-09-02 03:25:38 🔄 Баланс: 5.3862685671329$ | PnL: 6.73495775 💵 | Сделок: 10 | WinRate: 90%
2025-09-02 03:27:56 🔄 Баланс: 5.3862685671329$ | PnL: 6.73495775 💵 | Сделок: 10 | WinRate: 90%
2025-09-02 03:30:16 🔄 Баланс: 5.3862685671329$ | PnL: 6.73495775 💵 | Сделок: 10 | WinRate: 90%
2025-09-02 03:32:33 🔄 Баланс: 5.3862685671329$ | PnL: 6.73495775 💵 | Сделок: 10 | WinRate: 90%
2025-09-02 03:34:52 🔄 Баланс: 5.3862685671329$ | PnL: 6.73495775 💵 | Сделок: 10 | WinRate: 90%
2025-09-02 03:37:10 🔄 Баланс: 5.3862685671329$ | PnL: 6.73495775 💵 | Сделок: 10 | WinRate: 90%
2025-09-02 03:39:28 🔄 Баланс: 5.3862685671329$ | PnL: 6.73495775 💵 | Сделок: 10 | WinRate: 90%
2025-09-02 03:41:45 🔄 Баланс: 5.3862685671329$ | PnL: 6.73495775 💵 | Сделок: 10 | WinRate: 90%
2025-09-02 03:44:02 🔄 Баланс: 5.3862685671329$ | PnL: 6.73495775 💵 | Сделок: 10 | WinRate: 90%
2025-09-02 03:46:21 🔄 Баланс: 5.3862685671329$ | PnL: 6.73495775 💵 | Сделок: 10 | WinRate: 90%
2025-09-02 03:48:39 🔄 Баланс: 5.3862685671329$ | PnL: 6.73495775 💵 | Сделок: 10 | WinRate: 90%
2025-09-02 03:50:57 🔄 Баланс: 5.3862685671329$ | PnL: 6.73495775 💵 | Сделок: 10 | WinRate: 90%
2025-09-02 03:53:15 🔄 Баланс: 5.3862685671329$ | PnL: 6.73495775 💵 | Сделок: 10 | WinRate: 90%
2025-09-02 03:55:36 🔄 Баланс: 5.3862685671329$ | PnL: 6.73495775 💵 | Сделок: 10 | WinRate: 90%
2025-09-02 03:57:53 🔄 Баланс: 5.3862685671329$ | PnL: 6.73495775 💵 | Сделок: 10 | WinRate: 90%
2025-09-02 04:00:11 🔄 Баланс: 5.3862685671329$ | PnL: 6.73495775 💵 | Сделок: 10 | WinRate: 90%
2025-09-02 04:02:28 🔄 Баланс: 5.3862685671329$ | PnL: 6.73495775 💵 | Сделок: 10 | WinRate: 90%
2025-09-02 04:04:45 🔄 Баланс: 5.3862685671329$ | PnL: 6.73495775 💵 | Сделок: 10 | WinRate: 90%
2025-09-02 04:07:03 🔄 Баланс: 5.3862685671329$ | PnL: 6.73495775 💵 | Сделок: 10 | WinRate: 90%
2025-09-02 04:09:22 🔄 Баланс: 5.3862685671329$ | PnL: 6.73495775 💵 | Сделок: 10 | WinRate: 90%
2025-09-02 04:11:39 🔄 Баланс: 5.3862685671329$ | PnL: 6.73495775 💵 | Сделок: 10 | WinRate: 90%
2025-09-02 04:13:56 🔄 Баланс: 5.3862685671329$ | PnL: 6.73495775 💵 | Сделок: 10 | WinRate: 90%
2025-09-02 04:16:15 🔄 Баланс: 5.3862685671329$ | PnL: 6.73495775 💵 | Сделок: 10 | WinRate: 90%
2025-09-02 04:18:32 🔄 Баланс: 5.3862685671329$ | PnL: 6.73495775 💵 | Сделок: 10 | WinRate: 90%
2025-09-02 04:20:50 🔄 Баланс: 5.3862685671329$ | PnL: 6.73495775 💵 | Сделок: 10 | WinRate: 90%
2025-09-02 04:23:08 🔄 Баланс: 5.3862685671329$ | PnL: 6.73495775 💵 | Сделок: 10 | WinRate: 90%
2025-09-02 04:25:26 🔄 Баланс: 5.3862685671329$ | PnL: 6.73495775 💵 | Сделок: 10 | WinRate: 90%
2025-09-02 04:27:45 🔄 Баланс: 5.3862685671329$ | PnL: 6.73495775 💵 | Сделок: 10 | WinRate: 90%
2025-09-02 04:30:03 🔄 Баланс: 5.3862685671329$ | PnL: 6.73495775 💵 | Сделок: 10 | WinRate: 90%
2025-09-02 04:32:23 🔄 Баланс: 5.3862685671329$ | PnL: 6.73495775 💵 | Сделок: 10 | WinRate: 90%
2025-09-02 04:34:39 🔄 Баланс: 5.3862685671329$ | PnL: 6.73495775 💵 | Сделок: 10 | WinRate: 90%
2025-09-02 04:36:57 🔄 Баланс: 5.3862685671329$ | PnL: 6.73495775 💵 | Сделок: 10 | WinRate: 90%
2025-09-02 04:39:15 🔄 Баланс: 5.3862685671329$ | PnL: 6.73495775 💵 | Сделок: 10 | WinRate: 90%
2025-09-02 04:41:35 🔄 Баланс: 5.3862685671329$ | PnL: 6.73495775 💵 | Сделок: 10 | WinRate: 90%
2025-09-02 04:43:53 🔄 Баланс: 5.3862685671329$ | PnL: 6.73495775 💵 | Сделок: 10 | WinRate: 90%
2025-09-02 04:46:11 🔄 Баланс: 5.3862685671329$ | PnL: 6.73495775 💵 | Сделок: 10 | WinRate: 90%
2025-09-02 04:48:30 🔄 Баланс: 5.3862685671329$ | PnL: 6.73495775 💵 | Сделок: 10 | WinRate: 90%
2025-09-02 04:50:48 🔄 Баланс: 5.3862685671329$ | PnL: 6.73495775 💵 | Сделок: 10 | WinRate: 90%
2025-09-02 04:53:06 🔄 Баланс: 5.3862685671329$ | PnL: 6.73495775 💵 | Сделок: 10 | WinRate: 90%
2025-09-02 04:55:25 🔄 Баланс: 5.3862685671329$ | PnL: 6.73495775 💵 | Сделок: 10 | WinRate: 90%
2025-09-02 04:57:43 🔄 Баланс: 5.3862685671329$ | PnL: 6.73495775 💵 | Сделок: 10 | WinRate: 90%
2025-09-02 05:00:02 🔄 Баланс: 5.3862685671329$ | PnL: 6.73495775 💵 | Сделок: 10 | WinRate: 90%
2025-09-02 05:02:22 🔄 Баланс: 5.3862685671329$ | PnL: 6.73495775 💵 | Сделок: 10 | WinRate: 90%
2025-09-02 05:04:39 🔄 Баланс: 5.3862685671329$ | PnL: 6.73495775 💵 | Сделок: 10 | WinRate: 90%
2025-09-02 05:06:59 🔄 Баланс: 5.3862685671329$ | PnL: 6.73495775 💵 | Сделок: 10 | WinRate: 90%
2025-09-02 05:09:16 🔄 Баланс: 5.3862685671329$ | PnL: 6.73495775 💵 | Сделок: 10 | WinRate: 90%
2025-09-02 05:11:34 🔄 Баланс: 5.3862685671329$ | PnL: 6.73495775 💵 | Сделок: 10 | WinRate: 90%
2025-09-02 05:13:53 🔄 Баланс: 5.3862685671329$ | PnL: 6.73495775 💵 | Сделок: 10 | WinRate: 90%
2025-09-02 05:16:12 🔄 Баланс: 5.3862685671329$ | PnL: 6.73495775 💵 | Сделок: 10 | WinRate: 90%
2025-09-02 05:18:31 🔄 Баланс: 5.3862685671329$ | PnL: 6.73495775 💵 | Сделок: 10 | WinRate: 90%
2025-09-02 05:20:49 🔄 Баланс: 5.3862685671329$ | PnL: 6.73495775 💵 | Сделок: 10 | WinRate: 90%
2025-09-02 05:23:08 🔄 Баланс: 5.3862685671329$ | PnL: 6.73495775 💵 | Сделок: 10 | WinRate: 90%
2025-09-02 05:25:26 🔄 Баланс: 5.3862685671329$ | PnL: 6.73495775 💵 | Сделок: 10 | WinRate: 90%
2025-09-02 05:27:43 🔄 Баланс: 5.3862685671329$ | PnL: 6.73495775 💵 | Сделок: 10 | WinRate: 90%
2025-09-02 05:30:01 🔄 Баланс: 5.3862685671329$ | PnL: 6.73495775 💵 | Сделок: 10 | WinRate: 90%
2025-09-02 05:32:18 🔄 Баланс: 5.3862685671329$ | PnL: 6.73495775 💵 | Сделок: 10 | WinRate: 90%
2025-09-02 05:34:35 🔄 Баланс: 5.3862685671329$ | PnL: 6.73495775 💵 | Сделок: 10 | WinRate: 90%
2025-09-02 05:36:53 🔄 Баланс: 5.3862685671329$ | PnL: 6.73495775 💵 | Сделок: 10 | WinRate: 90%
2025-09-02 05:41:39 🔄 Баланс: 5.3862685671329$ | PnL: 6.73495775 💵 | Сделок: 10 | WinRate: 90%
2025-09-02 05:43:57 🔄 Баланс: 5.3862685671329$ | PnL: 6.73495775 💵 | Сделок: 10 | WinRate: 90%
2025-09-02 05:46:16 🔄 Баланс: 5.3862685671329$ | PnL: 6.73495775 💵 | Сделок: 10 | WinRate: 90%
2025-09-02 05:48:37 🔄 Баланс: 5.5868563926319$ | PnL: 6.85108946 💵 | Сделок: 11 | WinRate: 90.91%
2025-09-02 05:50:55 🔄 Баланс: 5.5868563926319$ | PnL: 6.85108946 💵 | Сделок: 11 | WinRate: 90.91%
2025-09-02 05:53:13 🔄 Баланс: 5.5868563926319$ | PnL: 6.85108946 💵 | Сделок: 11 | WinRate: 90.91%
2025-09-02 05:55:33 🔄 Баланс: 5.5868563926319$ | PnL: 6.85108946 💵 | Сделок: 11 | WinRate: 90.91%
2025-09-02 05:57:51 🔄 Баланс: 5.5868563926319$ | PnL: 6.85108946 💵 | Сделок: 11 | WinRate: 90.91%
2025-09-02 06:00:10 🔄 Баланс: 5.5868563926319$ | PnL: 6.85108946 💵 | Сделок: 11 | WinRate: 90.91%
2025-09-02 06:02:30 🔄 Баланс: 5.5868563926319$ | PnL: 6.85108946 💵 | Сделок: 11 | WinRate: 90.91%
2025-09-02 06:04:50 🔄 Баланс: 5.5868563926319$ | PnL: 6.85108946 💵 | Сделок: 11 | WinRate: 90.91%
2025-09-02 06:07:08 🔄 Баланс: 5.5868563926319$ | PnL: 6.85108946 💵 | Сделок: 11 | WinRate: 90.91%
2025-09-02 06:09:25 🔄 Баланс: 5.5868563926319$ | PnL: 6.85108946 💵 | Сделок: 11 | WinRate: 90.91%
2025-09-02 06:11:43 🔄 Баланс: 5.5868563926319$ | PnL: 6.85108946 💵 | Сделок: 11 | WinRate: 90.91%
2025-09-02 06:14:02 🔄 Баланс: 5.5868563926319$ | PnL: 6.85108946 💵 | Сделок: 11 | WinRate: 90.91%
2025-09-02 06:16:21 🔄 Баланс: 5.5868563926319$ | PnL: 6.85108946 💵 | Сделок: 11 | WinRate: 90.91%
2025-09-02 06:18:42 🔄 Баланс: 5.5868563926319$ | PnL: 6.85108946 💵 | Сделок: 11 | WinRate: 90.91%
2025-09-02 06:21:00 🔄 Баланс: 5.5868563926319$ | PnL: 6.85108946 💵 | Сделок: 11 | WinRate: 90.91%
2025-09-02 06:23:16 🔄 Баланс: 5.5868563926319$ | PnL: 6.85108946 💵 | Сделок: 11 | WinRate: 90.91%
2025-09-02 06:25:33 🔄 Баланс: 4.55437848768025$ | PnL: 5.82761032 💵 | Сделок: 12 | WinRate: 83.33%
2025-09-02 06:27:52 🔄 Баланс: 4.55437848768025$ | PnL: 5.82761032 💵 | Сделок: 12 | WinRate: 83.33%
2025-09-02 06:30:09 🔄 Баланс: 4.55437848768025$ | PnL: 5.82761032 💵 | Сделок: 12 | WinRate: 83.33%
2025-09-02 06:32:27 🔄 Баланс: 4.55437848768025$ | PnL: 5.82761032 💵 | Сделок: 12 | WinRate: 83.33%
2025-09-02 06:34:44 🔄 Баланс: 4.55437848768025$ | PnL: 5.82761032 💵 | Сделок: 12 | WinRate: 83.33%
2025-09-02 06:37:00 🔄 Баланс: 4.55437848768025$ | PnL: 5.82761032 💵 | Сделок: 12 | WinRate: 83.33%
2025-09-02 06:39:19 🔄 Баланс: 4.55437848768025$ | PnL: 5.82761032 💵 | Сделок: 12 | WinRate: 83.33%
2025-09-02 06:41:39 🔄 Баланс: 4.55437848768025$ | PnL: 5.82761032 💵 | Сделок: 12 | WinRate: 83.33%
2025-09-02 06:43:59 🔄 Баланс: 4.55437848768025$ | PnL: 5.82761032 💵 | Сделок: 12 | WinRate: 83.33%
2025-09-02 06:46:16 🔄 Баланс: 4.55437848768025$ | PnL: 5.82761032 💵 | Сделок: 12 | WinRate: 83.33%
2025-09-02 06:48:33 🔄 Баланс: 4.55437848768025$ | PnL: 5.82761032 💵 | Сделок: 12 | WinRate: 83.33%
2025-09-02 06:50:50 🔄 Баланс: 4.55437848768025$ | PnL: 5.82761032 💵 | Сделок: 12 | WinRate: 83.33%
2025-09-02 06:53:07 🔄 Баланс: 4.55437848768025$ | PnL: 5.82761032 💵 | Сделок: 12 | WinRate: 83.33%
2025-09-02 06:55:25 🔄 Баланс: 4.55437848768025$ | PnL: 5.82761032 💵 | Сделок: 12 | WinRate: 83.33%
2025-09-02 06:57:43 🔄 Баланс: 4.55437848768025$ | PnL: 5.82761032 💵 | Сделок: 12 | WinRate: 83.33%
2025-09-02 07:00:01 🔄 Баланс: 4.55437848768025$ | PnL: 5.82761032 💵 | Сделок: 12 | WinRate: 83.33%
2025-09-02 07:02:19 🔄 Баланс: 4.55437848768025$ | PnL: 5.82761032 💵 | Сделок: 12 | WinRate: 83.33%
2025-09-02 07:04:37 🔄 Баланс: 4.55437848768025$ | PnL: 5.82761032 💵 | Сделок: 12 | WinRate: 83.33%
2025-09-02 07:06:56 🔄 Баланс: 4.55437848768025$ | PnL: 5.82761032 💵 | Сделок: 12 | WinRate: 83.33%
2025-09-02 07:09:13 🔄 Баланс: 4.55437848768025$ | PnL: 5.82761032 💵 | Сделок: 12 | WinRate: 83.33%
2025-09-02 07:11:29 🔄 Баланс: 4.55437848768025$ | PnL: 5.82761032 💵 | Сделок: 12 | WinRate: 83.33%
2025-09-02 07:13:47 🔄 Баланс: 4.55437848768025$ | PnL: 5.82761032 💵 | Сделок: 12 | WinRate: 83.33%
2025-09-02 07:16:03 🔄 Баланс: 4.55437848768025$ | PnL: 5.82761032 💵 | Сделок: 12 | WinRate: 83.33%
2025-09-02 07:18:22 🔄 Баланс: 4.04832645988025$ | PnL: 5.3298387 💵 | Сделок: 13 | WinRate: 76.92%
2025-09-02 07:20:46 🔄 Баланс: 4.04832645988025$ | PnL: 5.3298387 💵 | Сделок: 13 | WinRate: 76.92%
2025-09-02 07:23:04 🔄 Баланс: 4.04832645988025$ | PnL: 5.3298387 💵 | Сделок: 13 | WinRate: 76.92%
2025-09-02 07:25:21 🔄 Баланс: 4.04832645988025$ | PnL: 5.3298387 💵 | Сделок: 13 | WinRate: 76.92%
2025-09-02 07:27:39 🔄 Баланс: 4.04832645988025$ | PnL: 5.3298387 💵 | Сделок: 13 | WinRate: 76.92%
2025-09-02 07:29:56 🔄 Баланс: 4.04832645988025$ | PnL: 5.3298387 💵 | Сделок: 13 | WinRate: 76.92%
2025-09-02 07:32:14 🔄 Баланс: 4.04832645988025$ | PnL: 5.3298387 💵 | Сделок: 13 | WinRate: 76.92%
2025-09-02 07:34:31 🔄 Баланс: 4.04832645988025$ | PnL: 5.3298387 💵 | Сделок: 13 | WinRate: 76.92%
2025-09-02 07:36:50 🔄 Баланс: 4.04832645988025$ | PnL: 5.3298387 💵 | Сделок: 13 | WinRate: 76.92%
2025-09-02 07:39:08 🔄 Баланс: 4.04832645988025$ | PnL: 5.3298387 💵 | Сделок: 13 | WinRate: 76.92%
2025-09-02 07:41:26 🔄 Баланс: 4.04832645988025$ | PnL: 5.3298387 💵 | Сделок: 13 | WinRate: 76.92%
2025-09-02 07:43:44 🔄 Баланс: 4.04832645988025$ | PnL: 5.3298387 💵 | Сделок: 13 | WinRate: 76.92%
2025-09-02 07:46:03 🔄 Баланс: 4.04832645988025$ | PnL: 5.3298387 💵 | Сделок: 13 | WinRate: 76.92%
2025-09-02 07:48:20 🔄 Баланс: 4.04832645988025$ | PnL: 5.3298387 💵 | Сделок: 13 | WinRate: 76.92%
2025-09-02 07:50:39 🔄 Баланс: 4.04832645988025$ | PnL: 5.3298387 💵 | Сделок: 13 | WinRate: 76.92%
2025-09-02 07:52:56 🔄 Баланс: 4.04832645988025$ | PnL: 5.3298387 💵 | Сделок: 13 | WinRate: 76.92%
2025-09-02 07:55:15 🔄 Баланс: 4.04832645988025$ | PnL: 5.3298387 💵 | Сделок: 13 | WinRate: 76.92%
2025-09-02 07:57:31 🔄 Баланс: 4.04832645988025$ | PnL: 5.3298387 💵 | Сделок: 13 | WinRate: 76.92%
2025-09-02 07:59:49 🔄 Баланс: 4.04832645988025$ | PnL: 5.3298387 💵 | Сделок: 13 | WinRate: 76.92%
2025-09-02 08:02:07 🔄 Баланс: 4.04832645988025$ | PnL: 5.3298387 💵 | Сделок: 13 | WinRate: 76.92%
2025-09-02 08:04:25 🔄 Баланс: 4.04832645988025$ | PnL: 5.3298387 💵 | Сделок: 13 | WinRate: 76.92%
2025-09-02 08:06:43 🔄 Баланс: 4.04832645988025$ | PnL: 5.3298387 💵 | Сделок: 13 | WinRate: 76.92%
2025-09-02 08:09:01 🔄 Баланс: 4.04832645988025$ | PnL: 5.3298387 💵 | Сделок: 13 | WinRate: 76.92%
2025-09-02 08:11:19 🔄 Баланс: 4.04832645988025$ | PnL: 5.3298387 💵 | Сделок: 13 | WinRate: 76.92%
2025-09-02 08:13:36 🔄 Баланс: 4.04832645988025$ | PnL: 5.3298387 💵 | Сделок: 13 | WinRate: 76.92%
2025-09-02 08:15:52 🔄 Баланс: 4.04832645988025$ | PnL: 5.3298387 💵 | Сделок: 13 | WinRate: 76.92%
2025-09-02 08:18:07 🔄 Баланс: 4.04832645988025$ | PnL: 5.3298387 💵 | Сделок: 13 | WinRate: 76.92%
2025-09-02 08:20:23 🔄 Баланс: 4.04832645988025$ | PnL: 5.3298387 💵 | Сделок: 13 | WinRate: 76.92%
2025-09-02 08:22:48 🔄 Баланс: 4.04832645988025$ | PnL: 5.3298387 💵 | Сделок: 13 | WinRate: 76.92%
2025-09-02 08:25:07 🔄 Баланс: 4.04832645988025$ | PnL: 5.3298387 💵 | Сделок: 13 | WinRate: 76.92%
2025-09-02 08:27:24 🔄 Баланс: 4.04832645988025$ | PnL: 5.3298387 💵 | Сделок: 13 | WinRate: 76.92%
2025-09-02 08:29:42 🔄 Баланс: 4.04832645988025$ | PnL: 5.3298387 💵 | Сделок: 13 | WinRate: 76.92%
2025-09-02 08:31:59 🔄 Баланс: 4.04832645988025$ | PnL: 5.3298387 💵 | Сделок: 13 | WinRate: 76.92%
2025-09-02 08:34:16 🔄 Баланс: 4.04832645988025$ | PnL: 5.3298387 💵 | Сделок: 13 | WinRate: 76.92%
2025-09-02 08:36:40 🔄 Баланс: 4.04832645988025$ | PnL: 5.3298387 💵 | Сделок: 13 | WinRate: 76.92%
2025-09-02 08:39:13 🔄 Баланс: 4.04832645988025$ | PnL: 5.3298387 💵 | Сделок: 13 | WinRate: 76.92%
2025-09-02 08:41:35 🔄 Баланс: 4.04832645988025$ | PnL: 5.3298387 💵 | Сделок: 13 | WinRate: 76.92%
2025-09-02 08:43:54 🔄 Баланс: 4.04832645988025$ | PnL: 5.3298387 💵 | Сделок: 13 | WinRate: 76.92%
2025-09-02 08:46:12 🔄 Баланс: 4.04832645988025$ | PnL: 5.3298387 💵 | Сделок: 13 | WinRate: 76.92%
2025-09-02 08:48:29 🔄 Баланс: 4.04832645988025$ | PnL: 5.3298387 💵 | Сделок: 13 | WinRate: 76.92%
2025-09-02 08:50:45 🔄 Баланс: 4.04832645988025$ | PnL: 5.3298387 💵 | Сделок: 13 | WinRate: 76.92%
2025-09-02 08:53:02 🔄 Баланс: 4.04832645988025$ | PnL: 5.3298387 💵 | Сделок: 13 | WinRate: 76.92%
2025-09-02 08:55:18 🔄 Баланс: 4.04832645988025$ | PnL: 5.3298387 💵 | Сделок: 13 | WinRate: 76.92%
2025-09-02 08:57:36 🔄 Баланс: 4.04832645988025$ | PnL: 5.3298387 💵 | Сделок: 13 | WinRate: 76.92%
2025-09-02 08:59:53 🔄 Баланс: 4.04832645988025$ | PnL: 5.3298387 💵 | Сделок: 13 | WinRate: 76.92%
2025-09-02 09:02:10 🔄 Баланс: 4.04832645988025$ | PnL: 5.3298387 💵 | Сделок: 13 | WinRate: 76.92%
2025-09-02 09:04:25 🔄 Баланс: 4.04832645988025$ | PnL: 5.3298387 💵 | Сделок: 13 | WinRate: 76.92%
2025-09-02 09:06:41 🔄 Баланс: 4.04832645988025$ | PnL: 5.3298387 💵 | Сделок: 13 | WinRate: 76.92%
2025-09-02 09:08:58 🔄 Баланс: 4.04832645988025$ | PnL: 5.3298387 💵 | Сделок: 13 | WinRate: 76.92%
2025-09-02 09:11:15 🔄 Баланс: 4.04832645988025$ | PnL: 5.3298387 💵 | Сделок: 13 | WinRate: 76.92%
2025-09-02 09:13:32 🔄 Баланс: 4.04832645988025$ | PnL: 5.3298387 💵 | Сделок: 13 | WinRate: 76.92%
2025-09-02 09:15:50 🔄 Баланс: 4.04832645988025$ | PnL: 5.3298387 💵 | Сделок: 13 | WinRate: 76.92%
2025-09-02 09:18:05 🔄 Баланс: 4.04832645988025$ | PnL: 5.3298387 💵 | Сделок: 13 | WinRate: 76.92%
2025-09-02 09:20:20 🔄 Баланс: 4.04832645988025$ | PnL: 5.3298387 💵 | Сделок: 13 | WinRate: 76.92%
2025-09-02 09:22:38 🔄 Баланс: 4.04832645988025$ | PnL: 5.3298387 💵 | Сделок: 13 | WinRate: 76.92%
2025-09-02 09:24:53 🔄 Баланс: 4.04832645988025$ | PnL: 5.3298387 💵 | Сделок: 13 | WinRate: 76.92%
2025-09-02 09:27:09 🔄 Баланс: 4.04832645988025$ | PnL: 5.3298387 💵 | Сделок: 13 | WinRate: 76.92%
2025-09-02 09:29:29 🔄 Баланс: 4.04832645988025$ | PnL: 5.3298387 💵 | Сделок: 13 | WinRate: 76.92%
2025-09-02 09:31:45 🔄 Баланс: 4.04832645988025$ | PnL: 5.3298387 💵 | Сделок: 13 | WinRate: 76.92%
2025-09-02 09:34:03 🔄 Баланс: 4.04832645988025$ | PnL: 5.3298387 💵 | Сделок: 13 | WinRate: 76.92%
2025-09-02 09:36:20 🔄 Баланс: 4.04832645988025$ | PnL: 5.3298387 💵 | Сделок: 13 | WinRate: 76.92%
2025-09-02 09:38:39 🔄 Баланс: 4.04832645988025$ | PnL: 5.3298387 💵 | Сделок: 13 | WinRate: 76.92%
2025-09-02 09:40:56 🔄 Баланс: 4.04832645988025$ | PnL: 5.3298387 💵 | Сделок: 13 | WinRate: 76.92%
2025-09-02 09:43:48 🔄 Баланс: 4.04832645988025$ | PnL: 5.3298387 💵 | Сделок: 13 | WinRate: 76.92%
2025-09-02 09:46:06 🔄 Баланс: 4.04832645988025$ | PnL: 5.3298387 💵 | Сделок: 13 | WinRate: 76.92%
2025-09-02 09:48:24 🔄 Баланс: 4.04832645988025$ | PnL: 5.3298387 💵 | Сделок: 13 | WinRate: 76.92%
2025-09-02 09:50:42 🔄 Баланс: 4.04832645988025$ | PnL: 5.3298387 💵 | Сделок: 13 | WinRate: 76.92%
2025-09-02 09:52:59 🔄 Баланс: 4.04832645988025$ | PnL: 5.3298387 💵 | Сделок: 13 | WinRate: 76.92%
2025-09-02 09:55:16 🔄 Баланс: 4.04832645988025$ | PnL: 5.3298387 💵 | Сделок: 13 | WinRate: 76.92%
2025-09-02 09:57:32 🔄 Баланс: 4.04832645988025$ | PnL: 5.3298387 💵 | Сделок: 13 | WinRate: 76.92%
2025-09-02 09:59:50 🔄 Баланс: 4.04832645988025$ | PnL: 5.3298387 💵 | Сделок: 13 | WinRate: 76.92%
2025-09-02 10:02:06 🔄 Баланс: 4.04832645988025$ | PnL: 5.3298387 💵 | Сделок: 13 | WinRate: 76.92%
2025-09-02 10:04:26 🔄 Баланс: 4.04832645988025$ | PnL: 5.3298387 💵 | Сделок: 13 | WinRate: 76.92%
2025-09-02 10:06:42 🔄 Баланс: 4.04832645988025$ | PnL: 5.3298387 💵 | Сделок: 13 | WinRate: 76.92%
2025-09-02 10:08:59 🔄 Баланс: 4.04832645988025$ | PnL: 5.3298387 💵 | Сделок: 13 | WinRate: 76.92%
2025-09-02 10:11:23 🔄 Баланс: 3.44133917825181$ | PnL: 4.73183117 💵 | Сделок: 14 | WinRate: 71.43%
2025-09-02 10:13:41 🔄 Баланс: 3.44133917825181$ | PnL: 4.73183117 💵 | Сделок: 14 | WinRate: 71.43%
2025-09-02 10:15:59 🔄 Баланс: 3.44133917825181$ | PnL: 4.73183117 💵 | Сделок: 14 | WinRate: 71.43%
2025-09-02 10:18:25 🔄 Баланс: 5.17422796075761$ | PnL: 6.47372024 💵 | Сделок: 15 | WinRate: 73.33%
2025-09-02 10:20:42 🔄 Баланс: 5.17422796075761$ | PnL: 6.47372024 💵 | Сделок: 15 | WinRate: 73.33%
2025-09-02 10:23:02 🔄 Баланс: 5.17422796075761$ | PnL: 6.47372024 💵 | Сделок: 15 | WinRate: 73.33%
2025-09-02 10:25:23 🔄 Баланс: 5.17422796075761$ | PnL: 6.47372024 💵 | Сделок: 15 | WinRate: 73.33%
2025-09-02 10:27:43 🔄 Баланс: 5.17422796075761$ | PnL: 6.47372024 💵 | Сделок: 15 | WinRate: 73.33%
2025-09-02 10:30:03 🔄 Баланс: 5.17422796075761$ | PnL: 6.47372024 💵 | Сделок: 15 | WinRate: 73.33%
2025-09-02 10:32:24 🔄 Баланс: 5.17422796075761$ | PnL: 6.47372024 💵 | Сделок: 15 | WinRate: 73.33%
2025-09-02 10:34:43 🔄 Баланс: 5.17422796075761$ | PnL: 6.47372024 💵 | Сделок: 15 | WinRate: 73.33%
2025-09-02 10:37:01 🔄 Баланс: 5.17422796075761$ | PnL: 6.47372024 💵 | Сделок: 15 | WinRate: 73.33%
2025-09-02 10:39:25 🔄 Баланс: 4.68236378010771$ | PnL: 5.99203117 💵 | Сделок: 16 | WinRate: 68.75%
2025-09-02 10:41:44 🔄 Баланс: 4.68236378010771$ | PnL: 5.99203117 💵 | Сделок: 16 | WinRate: 68.75%
2025-09-02 10:44:00 🔄 Баланс: 4.68236378010771$ | PnL: 5.99203117 💵 | Сделок: 16 | WinRate: 68.75%
2025-09-02 10:46:19 🔄 Баланс: 4.68236378010771$ | PnL: 5.99203117 💵 | Сделок: 16 | WinRate: 68.75%
2025-09-02 10:48:36 🔄 Баланс: 4.68236378010771$ | PnL: 5.99203117 💵 | Сделок: 16 | WinRate: 68.75%
2025-09-02 10:50:52 🔄 Баланс: 4.68236378010771$ | PnL: 5.99203117 💵 | Сделок: 16 | WinRate: 68.75%
2025-09-02 10:53:10 🔄 Баланс: 4.68236378010771$ | PnL: 5.99203117 💵 | Сделок: 16 | WinRate: 68.75%
2025-09-02 10:55:29 🔄 Баланс: 4.68236378010771$ | PnL: 5.99203117 💵 | Сделок: 16 | WinRate: 68.75%
