[2025-08-28 22:01:16][TRADE] Закрыта позиция CORE-USDT-SWAP SHORT PnL: 0.05693505 Причина: TP Баланс: 909.967159448322 WinRate инструмента: 100%
🔄 Баланс: 909.967159448322$ | PnL: 0.05693505 💵 | Сделок: 1
[2025-08-28 22:08:51][TRADE] Закрыта позиция GOAT-USDT-SWAP LONG PnL: -0.04193736 Причина: SL Баланс: 809.825850318197 WinRate инструмента: 0%
🔄 Баланс: 809.825850318197$ | PnL: 0.01499769 💵 | Сделок: 2
[2025-08-28 22:09:17][TRADE] Закрыта позиция LUNA-USDT-SWAP LONG PnL: -0.03088166 Причина: SL Баланс: 819.794963088197 WinRate инструмента: 0%
🔄 Баланс: 819.794963088197$ | PnL: -0.01588397 💵 | Сделок: 3
[2025-08-28 22:09:39][TRADE] Закрыта позиция ORDI-USDT-SWAP LONG PnL: -0.03652143 Причина: SL Баланс: 829.758638658197 WinRate инструмента: 0%
🔄 Баланс: 829.758638658197$ | PnL: -0.0524054 💵 | Сделок: 4
[2025-08-28 22:09:41][TRADE] Закрыта позиция PEOPLE-USDT-SWAP LONG PnL: -0.03898332 Причина: SL Баланс: 839.719654842197 WinRate инструмента: 0%
🔄 Баланс: 839.719654842197$ | PnL: -0.09138872 💵 | Сделок: 5
[2025-08-28 22:10:02][TRADE] Закрыта позиция SOPH-USDT-SWAP LONG PnL: -0.027981 Причина: SL Баланс: 849.691673700197 WinRate инструмента: 0%
🔄 Баланс: 849.691673700197$ | PnL: -0.11936972 💵 | Сделок: 6
[2025-08-28 22:10:13][TRADE] Закрыта позиция TRUMP-USDT-SWAP LONG PnL: -0.02587131 Причина: SL Баланс: 859.666159590197 WinRate инструмента: 0%
🔄 Баланс: 859.666159590197$ | PnL: -0.14524103 💵 | Сделок: 7
[2025-08-28 22:11:30][TRADE] Закрыта позиция BLUR-USDT-SWAP LONG PnL: -0.03518995 Причина: SL Баланс: 869.630972392197 WinRate инструмента: 0%
🔄 Баланс: 869.630972392197$ | PnL: -0.18043098 💵 | Сделок: 8
[2025-08-28 22:11:36][TRADE] Закрыта позиция CELO-USDT-SWAP LONG PnL: -0.03019546 Причина: SL Баланс: 879.600769902197 WinRate инструмента: 0%
🔄 Баланс: 879.600769902197$ | PnL: -0.21062644 💵 | Сделок: 9
[2025-08-28 22:13:07][TRADE] Закрыта позиция RSR-USDT-SWAP LONG PnL: -0.04580762 Причина: SL Баланс: 889.554962577597 WinRate инструмента: 0%
🔄 Баланс: 889.554962577597$ | PnL: -0.25643406 💵 | Сделок: 10
[2025-08-28 22:16:51][TRADE] Закрыта позиция TNSR-USDT-SWAP LONG PnL: -0.04185046 Причина: SL Баланс: 899.513115927597 WinRate инструмента: 0%
🔄 Баланс: 899.513115927597$ | PnL: -0.29828452 💵 | Сделок: 11
[2025-08-28 22:17:17][TRADE] Закрыта позиция ZRX-USDT-SWAP LONG PnL: -0.02649322 Причина: SL Баланс: 909.486614867597 WinRate инструмента: 0%
🔄 Баланс: 909.486614867597$ | PnL: -0.32477774 💵 | Сделок: 12
[2025-08-28 22:17:48][TRADE] Закрыта позиция 1INCH-USDT-SWAP LONG PnL: -0.02983919 Причина: SL Баланс: 919.456763757597 WinRate инструмента: 0%
🔄 Баланс: 919.456763757597$ | PnL: -0.35461693 💵 | Сделок: 13
[2025-08-28 22:21:25][TRADE] Закрыта позиция API3-USDT-SWAP LONG PnL: 0.07212183 Причина: TP Баланс: 929.528897907597 WinRate инструмента: 100%
🔄 Баланс: 929.528897907597$ | PnL: -0.2824951 💵 | Сделок: 14
[2025-08-28 22:29:17][TRADE] Закрыта позиция INJ-USDT-SWAP LONG PnL: 0.07942309 Причина: TP Баланс: 919.590174240826 WinRate инструмента: 100%
🔄 Баланс: 919.590174240826$ | PnL: -0.20307201 💵 | Сделок: 15
[2025-08-28 22:31:51][TRADE] Закрыта позиция CHZ-USDT-SWAP LONG PnL: 0.03413673 Причина: TP Баланс: 869.570307002248 WinRate инструмента: 100%
🔄 Баланс: 869.570307002248$ | PnL: -0.16893528 💵 | Сделок: 16
[2025-08-28 22:33:11][TRADE] Закрыта позиция POL-USDT-SWAP LONG PnL: 0.05623529 Причина: TP Баланс: 809.56355803037 WinRate инструмента: 100%
🔄 Баланс: 809.56355803037$ | PnL: -0.11269999 💵 | Сделок: 17
[2025-08-28 22:38:51][TRADE] Закрыта позиция KAITO-USDT-SWAP LONG PnL: 0.09010254 Причина: TP Баланс: 679.52767115996 WinRate инструмента: 100%
🔄 Баланс: 679.52767115996$ | PnL: -0.02259745 💵 | Сделок: 18
[2025-08-28 22:40:08][TRADE] Закрыта позиция WAXP-USDT-SWAP LONG PnL: 0.03084192 Причина: TP Баланс: 639.51346996394 WinRate инструмента: 100%
🔄 Баланс: 639.51346996394$ | PnL: 0.00824446999999999 💵 | Сделок: 19
[2025-08-28 22:42:13][TRADE] Закрыта позиция LUNA-USDT-SWAP LONG PnL: 0.04913697 Причина: TP Баланс: 529.452984342562 WinRate инструмента: 50%
🔄 Баланс: 529.452984342562$ | PnL: 0.05738144 💵 | Сделок: 20
[2025-08-28 22:44:20][TRADE] Закрыта позиция BIGTIME-USDT-SWAP LONG PnL: 0.04365374 Причина: TP Баланс: 519.478641933138 WinRate инструмента: 100%
🔄 Баланс: 519.478641933138$ | PnL: 0.10103518 💵 | Сделок: 21
[2025-08-28 22:45:13][TRADE] Закрыта позиция LAYER-USDT-SWAP LONG PnL: -0.02749837 Причина: SL Баланс: 529.451166323137 WinRate инструмента: 0%
🔄 Баланс: 529.451166323137$ | PnL: 0.07353681 💵 | Сделок: 22
[2025-08-28 22:45:28][TRADE] Закрыта позиция NEAR-USDT-SWAP LONG PnL: -0.02929098 Причина: SL Баланс: 539.421916343137 WinRate инструмента: 0%
🔄 Баланс: 539.421916343137$ | PnL: 0.04424583 💵 | Сделок: 23
[2025-08-28 22:45:54][TRADE] Закрыта позиция SAND-USDT-SWAP LONG PnL: -0.02641195 Причина: SL Баланс: 549.395494353137 WinRate инструмента: 0%
🔄 Баланс: 549.395494353137$ | PnL: 0.01783388 💵 | Сделок: 24
[2025-08-28 22:46:03][TRADE] Закрыта позиция STRK-USDT-SWAP LONG PnL: -0.0356139 Причина: SL Баланс: 559.359883103137 WinRate инструмента: 0%
🔄 Баланс: 559.359883103137$ | PnL: -0.01778002 💵 | Сделок: 25
[2025-08-28 22:46:06][TRADE] Закрыта позиция SWARMS-USDT-SWAP LONG PnL: -0.03356864 Причина: SL Баланс: 569.326315003137 WinRate инструмента: 0%
🔄 Баланс: 569.326315003137$ | PnL: -0.05134866 💵 | Сделок: 26
[2025-08-28 22:46:09][TRADE] Закрыта позиция TIA-USDT-SWAP LONG PnL: -0.03308351 Причина: SL Баланс: 579.293170193137 WinRate инструмента: 0%
🔄 Баланс: 579.293170193137$ | PnL: -0.08443217 💵 | Сделок: 27
[2025-08-28 22:46:19][TRADE] Закрыта позиция VIRTUAL-USDT-SWAP LONG PnL: -0.03951699 Причина: SL Баланс: 589.253675443137 WinRate инструмента: 0%
🔄 Баланс: 589.253675443137$ | PnL: -0.12394916 💵 | Сделок: 28
[2025-08-28 22:46:21][TRADE] Закрыта позиция WAXP-USDT-SWAP LONG PnL: -0.02228084 Причина: SL Баланс: 599.231394131137 WinRate инструмента: 50%
🔄 Баланс: 599.231394131137$ | PnL: -0.14623 💵 | Сделок: 29
[2025-08-28 22:46:22][TRADE] Закрыта позиция WLD-USDT-SWAP LONG PnL: -0.03257483 Причина: SL Баланс: 609.198780421137 WinRate инструмента: 0%
🔄 Баланс: 609.198780421137$ | PnL: -0.17880483 💵 | Сделок: 30
[2025-08-28 22:46:23][TRADE] Закрыта позиция WOO-USDT-SWAP LONG PnL: -0.03169898 Причина: SL Баланс: 619.167083429138 WinRate инструмента: 0%
🔄 Баланс: 619.167083429138$ | PnL: -0.21050381 💵 | Сделок: 31
[2025-08-28 22:46:26][TRADE] Закрыта позиция YGG-USDT-SWAP LONG PnL: -0.03324618 Причина: SL Баланс: 629.133838139138 WinRate инструмента: 0%
🔄 Баланс: 629.133838139138$ | PnL: -0.24374999 💵 | Сделок: 32
[2025-08-28 22:46:27][TRADE] Закрыта позиция ZEREBRO-USDT-SWAP LONG PnL: -0.02990624 Причина: SL Баланс: 639.103932327137 WinRate инструмента: 0%
🔄 Баланс: 639.103932327137$ | PnL: -0.27365623 💵 | Сделок: 33
[2025-08-28 22:46:30][TRADE] Закрыта позиция ZRO-USDT-SWAP LONG PnL: -0.03204086 Причина: SL Баланс: 649.071924467137 WinRate инструмента: 0%
🔄 Баланс: 649.071924467137$ | PnL: -0.30569709 💵 | Сделок: 34
[2025-08-28 22:47:00][TRADE] Закрыта позиция 1INCH-USDT-SWAP LONG PnL: -0.0253774 Причина: SL Баланс: 659.046543087137 WinRate инструмента: 0%
🔄 Баланс: 659.046543087137$ | PnL: -0.33107449 💵 | Сделок: 35
[2025-08-28 22:47:09][TRADE] Закрыта позиция ANIME-USDT-SWAP LONG PnL: -0.02648272 Причина: SL Баланс: 669.020060447137 WinRate инструмента: 0%
🔄 Баланс: 669.020060447137$ | PnL: -0.35755721 💵 | Сделок: 36
[2025-08-28 22:47:13][TRADE] Закрыта позиция ARC-USDT-SWAP LONG PnL: -0.04254541 Причина: SL Баланс: 678.977514222137 WinRate инструмента: 0%
🔄 Баланс: 678.977514222137$ | PnL: -0.40010262 💵 | Сделок: 37
[2025-08-28 22:47:31][TRADE] Закрыта позиция COMP-USDT-SWAP LONG PnL: -0.0271958 Причина: SL Баланс: 688.951621422137 WinRate инструмента: 0%
🔄 Баланс: 688.951621422137$ | PnL: -0.42729842 💵 | Сделок: 38
[2025-08-28 22:47:31][TRADE] Закрыта позиция COOKIE-USDT-SWAP LONG PnL: -0.03133373 Причина: SL Баланс: 698.920281292137 WinRate инструмента: 0%
🔄 Баланс: 698.920281292137$ | PnL: -0.45863215 💵 | Сделок: 39
[2025-08-28 22:47:41][TRADE] Закрыта позиция EGLD-USDT-SWAP LONG PnL: -0.02545852 Причина: SL Баланс: 708.895138772137 WinRate инструмента: 0%
🔄 Баланс: 708.895138772137$ | PnL: -0.48409067 💵 | Сделок: 40
[2025-08-28 22:47:46][TRADE] Закрыта позиция FIL-USDT-SWAP LONG PnL: -0.02988424 Причина: SL Баланс: 718.865151732137 WinRate инструмента: 0%
🔄 Баланс: 718.865151732137$ | PnL: -0.51397491 💵 | Сделок: 41
[2025-08-28 22:47:48][TRADE] Закрыта позиция FLOKI-USDT-SWAP LONG PnL: -0.02940645 Причина: SL Баланс: 728.835745281497 WinRate инструмента: 0%
🔄 Баланс: 728.835745281497$ | PnL: -0.54338136 💵 | Сделок: 42
[2025-08-28 22:47:55][TRADE] Закрыта позиция GRASS-USDT-SWAP LONG PnL: -0.03439603 Причина: SL Баланс: 738.801340681497 WinRate инструмента: 0%
🔄 Баланс: 738.801340681497$ | PnL: -0.57777739 💵 | Сделок: 43
[2025-08-28 22:47:56][TRADE] Закрыта позиция GRT-USDT-SWAP LONG PnL: -0.02568061 Причина: SL Баланс: 748.775658277497 WinRate инструмента: 0%
🔄 Баланс: 748.775658277497$ | PnL: -0.603458 💵 | Сделок: 44
[2025-08-28 22:48:02][TRADE] Закрыта позиция IMX-USDT-SWAP LONG PnL: -0.02961164 Причина: SL Баланс: 758.746068557497 WinRate инструмента: 0%
🔄 Баланс: 758.746068557497$ | PnL: -0.63306964 💵 | Сделок: 45
[2025-08-28 22:48:02][TRADE] Закрыта позиция INIT-USDT-SWAP LONG PnL: -0.03346759 Причина: SL Баланс: 768.712599367497 WinRate инструмента: 0%
🔄 Баланс: 768.712599367497$ | PnL: -0.66653723 💵 | Сделок: 46
[2025-08-28 22:48:22][TRADE] Закрыта позиция MERL-USDT-SWAP LONG PnL: -0.03204573 Причина: SL Баланс: 778.680547914497 WinRate инструмента: 0%
🔄 Баланс: 778.680547914497$ | PnL: -0.69858296 💵 | Сделок: 47
[2025-08-28 22:48:38][TRADE] Закрыта позиция ORBS-USDT-SWAP LONG PnL: -0.01546572 Причина: SL Баланс: 788.665081824497 WinRate инструмента: 0%
🔄 Баланс: 788.665081824497$ | PnL: -0.71404868 💵 | Сделок: 48
[2025-08-28 22:48:46][TRADE] Закрыта позиция PUMP-USDT-SWAP LONG PnL: -0.0434155 Причина: SL Баланс: 798.621666165097 WinRate инструмента: 0%
🔄 Баланс: 798.621666165097$ | PnL: -0.75746418 💵 | Сделок: 49
[2025-08-28 22:50:55][TRADE] Закрыта позиция GALA-USDT-SWAP LONG PnL: -0.03396259 Причина: SL Баланс: 758.541876112433 WinRate инструмента: 0%
🔄 Баланс: 758.541876112433$ | PnL: -0.79142677 💵 | Сделок: 50
[2025-08-28 22:51:25][TRADE] Закрыта позиция LUNC-USDT-SWAP LONG PnL: -0.02556882 Причина: SL Баланс: 758.507294602811 WinRate инструмента: 0%
🔄 Баланс: 758.507294602811$ | PnL: -0.81699559 💵 | Сделок: 51
[2025-08-28 22:51:36][TRADE] Закрыта позиция NEIRO-USDT-SWAP LONG PnL: -0.02919222 Причина: SL Баланс: 768.478102382171 WinRate инструмента: 0%
🔄 Баланс: 768.478102382171$ | PnL: -0.84618781 💵 | Сделок: 52
[2025-08-28 22:52:37][TRADE] Закрыта позиция ZIL-USDT-SWAP LONG PnL: -0.02476491 Причина: SL Баланс: 708.390460024196 WinRate инструмента: 0%
🔄 Баланс: 708.390460024196$ | PnL: -0.87095272 💵 | Сделок: 53
[2025-08-28 22:52:58][TRADE] Закрыта позиция FIL-USD-SWAP LONG PnL: -0.02693907 Причина: SL Баланс: 718.363618554196 WinRate инструмента: 0%
🔄 Баланс: 718.363618554196$ | PnL: -0.89789179 💵 | Сделок: 54
[2025-08-28 22:53:29][TRADE] Закрыта позиция AXS-USDT-SWAP LONG PnL: -0.03143616 Причина: SL Баланс: 708.314206667384 WinRate инструмента: 0%
🔄 Баланс: 708.314206667384$ | PnL: -0.92932795 💵 | Сделок: 55
