🔄 2025-09-01 20:49:58 Баланс: 1000$ | PnL: 0 💵 | Сделок: 0 | WinRate: 0%
🔄 2025-09-01 20:56:22 Баланс: 989.99099979982$ | PnL: 0 💵 | Сделок: 0 | WinRate: 0%
🔄 2025-09-01 21:03:18 Баланс: 989.99099979982$ | PnL: 0 💵 | Сделок: 0 | WinRate: 0%
🔄 2025-09-01 21:09:37 Баланс: 979.91345816782$ | PnL: 0 💵 | Сделок: 0 | WinRate: 0%
🔄 2025-09-01 21:15:43 Баланс: 969.79495970782$ | PnL: 0 💵 | Сделок: 0 | WinRate: 0%
🔄 2025-09-01 21:21:51 Баланс: 969.79495970782$ | PnL: 0 💵 | Сделок: 0 | WinRate: 0%
🔄 2025-09-01 21:28:39 Баланс: 969.79495970782$ | PnL: 0 💵 | Сделок: 0 | WinRate: 0%
🔄 2025-09-01 21:34:46 Баланс: 969.79495970782$ | PnL: 0 💵 | Сделок: 0 | WinRate: 0%
🔄 2025-09-01 21:40:53 Баланс: 969.79495970782$ | PnL: 0 💵 | Сделок: 0 | WinRate: 0%
🔄 2025-09-01 21:47:01 Баланс: 969.79495970782$ | PnL: 0 💵 | Сделок: 0 | WinRate: 0%
🔄 2025-09-01 21:53:13 Баланс: 969.79495970782$ | PnL: 0 💵 | Сделок: 0 | WinRate: 0%
🔄 2025-09-01 22:01:20 Баланс: 969.79495970782$ | PnL: 0 💵 | Сделок: 0 | WinRate: 0%
🔄 2025-09-01 22:07:28 Баланс: 969.79495970782$ | PnL: 0 💵 | Сделок: 0 | WinRate: 0%
🔄 2025-09-01 22:15:02 Баланс: 959.785959978063$ | PnL: 0 💵 | Сделок: 0 | WinRate: 0%
🔄 2025-09-01 22:21:03 Баланс: 939.785321361258$ | PnL: 0 💵 | Сделок: 0 | WinRate: 0%
🔄 2025-09-01 22:27:07 Баланс: 939.785321361258$ | PnL: 0 💵 | Сделок: 0 | WinRate: 0%
🔄 2025-09-01 22:33:03 Баланс: 939.785321361258$ | PnL: 0 💵 | Сделок: 0 | WinRate: 0%
🔄 2025-09-01 22:39:41 Баланс: 949.964443501258$ | PnL: 0.17912241 💵 | Сделок: 1 | WinRate: 100%
🔄 2025-09-01 22:45:45 Баланс: 949.964443501258$ | PnL: 0.17912241 💵 | Сделок: 1 | WinRate: 100%
🔄 2025-09-01 22:51:44 Баланс: 939.955439340517$ | PnL: 0.17912241 💵 | Сделок: 1 | WinRate: 100%
🔄 2025-09-01 22:57:45 Баланс: 939.955439340517$ | PnL: 0.17912241 💵 | Сделок: 1 | WinRate: 100%
🔄 2025-09-01 23:03:45 Баланс: 939.955439340517$ | PnL: 0.17912241 💵 | Сделок: 1 | WinRate: 100%
🔄 2025-09-01 23:09:28 Баланс: 939.955439340517$ | PnL: 0.17912241 💵 | Сделок: 1 | WinRate: 100%
🔄 2025-09-01 23:15:20 Баланс: 950.047921180517$ | PnL: 0.16220425 💵 | Сделок: 2 | WinRate: 50%
🔄 2025-09-01 23:21:09 Баланс: 950.047921180517$ | PnL: 0.16220425 💵 | Сделок: 2 | WinRate: 50%
🔄 2025-09-01 23:26:58 Баланс: 940.038922235465$ | PnL: 0.16220425 💵 | Сделок: 2 | WinRate: 50%
🔄 2025-09-01 23:32:45 Баланс: 950.044378265465$ | PnL: 0.18501028 💵 | Сделок: 3 | WinRate: 66.67%
🔄 2025-09-01 23:38:34 Баланс: 950.044378265465$ | PnL: 0.18501028 💵 | Сделок: 3 | WinRate: 66.67%
🔄 2025-09-01 23:44:23 Баланс: 950.044378265465$ | PnL: 0.18501028 💵 | Сделок: 3 | WinRate: 66.67%
🔄 2025-09-01 23:50:34 Баланс: 950.044378265465$ | PnL: 0.18501028 💵 | Сделок: 3 | WinRate: 66.67%
🔄 2025-09-01 23:56:24 Баланс: 950.044378265465$ | PnL: 0.18501028 💵 | Сделок: 3 | WinRate: 66.67%
🔄 2025-09-02 00:02:16 Баланс: 950.044378265465$ | PnL: 0.18501028 💵 | Сделок: 3 | WinRate: 66.67%
🔄 2025-09-02 00:08:46 Баланс: 950.044378265465$ | PnL: 0.18501028 💵 | Сделок: 3 | WinRate: 66.67%
🔄 2025-09-02 00:14:41 Баланс: 950.10119515446$ | PnL: 0.25081961 💵 | Сделок: 4 | WinRate: 75%
🔄 2025-09-02 00:20:31 Баланс: 949.998426483184$ | PnL: 0.15705791 💵 | Сделок: 5 | WinRate: 60%
🔄 2025-09-02 00:26:56 Баланс: 949.998426483184$ | PnL: 0.15705791 💵 | Сделок: 5 | WinRate: 60%
🔄 2025-09-02 00:32:45 Баланс: 949.998426483184$ | PnL: 0.15705791 💵 | Сделок: 5 | WinRate: 60%
🔄 2025-09-02 00:38:37 Баланс: 949.998426483184$ | PnL: 0.15705791 💵 | Сделок: 5 | WinRate: 60%
🔄 2025-09-02 00:44:20 Баланс: 949.998426483184$ | PnL: 0.15705791 💵 | Сделок: 5 | WinRate: 60%
🔄 2025-09-02 00:50:03 Баланс: 959.925679753184$ | PnL: 0.08430754 💵 | Сделок: 6 | WinRate: 50%
🔄 2025-09-02 00:55:48 Баланс: 969.673538959184$ | PnL: -0.1678322 💵 | Сделок: 7 | WinRate: 42.86%
🔄 2025-09-02 01:01:32 Баланс: 949.655544956577$ | PnL: -0.1678322 💵 | Сделок: 7 | WinRate: 42.86%
🔄 2025-09-02 01:07:14 Баланс: 949.655544956577$ | PnL: -0.1678322 💵 | Сделок: 7 | WinRate: 42.86%
🔄 2025-09-02 01:13:01 Баланс: 949.655544956577$ | PnL: -0.1678322 💵 | Сделок: 7 | WinRate: 42.86%
🔄 2025-09-02 01:18:59 Баланс: 949.655544956577$ | PnL: -0.1678322 💵 | Сделок: 7 | WinRate: 42.86%
🔄 2025-09-02 01:26:14 Баланс: 949.655544956577$ | PnL: -0.1678322 💵 | Сделок: 7 | WinRate: 42.86%
🔄 2025-09-02 01:33:12 Баланс: 949.655544956577$ | PnL: -0.1678322 💵 | Сделок: 7 | WinRate: 42.86%
🔄 2025-09-02 01:39:58 Баланс: 949.655544956577$ | PnL: -0.1678322 💵 | Сделок: 7 | WinRate: 42.86%
🔄 2025-09-02 01:46:39 Баланс: 959.633476826577$ | PnL: -0.25838033 💵 | Сделок: 8 | WinRate: 37.5%
🔄 2025-09-02 01:53:11 Баланс: 959.633476826577$ | PnL: -0.25838033 💵 | Сделок: 8 | WinRate: 37.5%
🔄 2025-09-02 01:59:46 Баланс: 949.510914712577$ | PnL: -0.25838033 💵 | Сделок: 8 | WinRate: 37.5%
