[2025-08-08 00:18:30][TRADE] Закрыта позиция PUMP-USDT-SWAP PnL: -0.02001169 Причина: SL Баланс: 999.97998831
  Открытие:     2025-08-08 00:16:57
  Закрытие:     2025-08-08 00:18:30
  Цена входа:   0.003423
  Цена выхода:  0.00341615

[2025-08-08 00:26:21][TRADE] Закрыта позиция USELESS-USDT-SWAP PnL: 0.04000003 Причина: TP Баланс: 960.0200006626
  Открытие:     2025-08-08 00:24:51
  Закрытие:     2025-08-08 00:26:22
  Цена входа:   0.2073
  Цена выхода:  0.2081292

[2025-08-08 00:27:23][TRADE] Закрыта позиция LAUNCHCOIN-USDT-SWAP PnL: 0.04000001 Причина: TP Баланс: 940.0599863946
  Открытие:     2025-08-08 00:25:52
  Закрытие:     2025-08-08 00:27:23
  Цена входа:   0.0827
  Цена выхода:  0.0830308

[2025-08-08 00:32:54][TRADE] Закрыта позиция ETH-USD-SWAP PnL: -0.02010143 Причина: SL Баланс: 819.946522012024
  Открытие:     2025-08-08 00:31:18
  Закрытие:     2025-08-08 00:32:55
  Цена входа:   3865.66
  Цена выхода:  3857.92868

[2025-08-08 00:33:14][TRADE] Закрыта позиция BICO-USDT-SWAP PnL: -0.02000001 Причина: SL Баланс: 829.926526800024
  Открытие:     2025-08-08 00:30:01
  Закрытие:     2025-08-08 00:33:14
  Цена входа:   0.10754
  Цена выхода:  0.10732492

[2025-08-08 00:33:34][TRADE] Закрыта позиция HYPE-USDT-SWAP PnL: 0.04000194 Причина: TP Баланс: 839.967014940024
  Открытие:     2025-08-08 00:30:21
  Закрытие:     2025-08-08 00:33:35
  Цена входа:   39.954
  Цена выхода:  40.113816

[2025-08-08 00:33:56][TRADE] Закрыта позиция PUMP-USDT-SWAP PnL: 0.04000584 Причина: TP Баланс: 850.007020849423
  Открытие:     2025-08-08 00:26:07
  Закрытие:     2025-08-08 00:33:56
  Цена входа:   0.003422
  Цена выхода:  0.00343569

[2025-08-08 00:34:58][TRADE] Закрыта позиция DUCK-USDT-SWAP PnL: 0.04000401 Причина: TP Баланс: 860.047024718623
  Открытие:     2025-08-08 00:30:11
  Закрытие:     2025-08-08 00:34:58
  Цена входа:   0.004992
  Цена выхода:  0.00501197

[2025-08-08 00:35:36][TRADE] Закрыта позиция SOON-USDT-SWAP PnL: -0.01999999 Причина: SL Баланс: 870.027018306623
  Открытие:     2025-08-08 00:32:27
  Закрытие:     2025-08-08 00:35:36
  Цена входа:   0.18817
  Цена выхода:  0.18779366

[2025-08-08 00:36:55][TRADE] Закрыта позиция MORPHO-USDT-SWAP PnL: -0.01999986 Причина: SL Баланс: 860.006948653823
  Открытие:     2025-08-08 00:30:33
  Закрытие:     2025-08-08 00:36:56
  Цена входа:   1.949
  Цена выхода:  1.945102

[2025-08-08 00:38:51][TRADE] Закрыта позиция SUSHI-USDT-SWAP PnL: 0.03999993 Причина: TP Баланс: 809.880368223823
  Открытие:     2025-08-08 00:26:16
  Закрытие:     2025-08-08 00:38:51
  Цена входа:   0.813
  Цена выхода:  0.816252

[2025-08-08 00:38:56][TRADE] Закрыта позиция UNI-USDT-SWAP PnL: 0.0400002 Причина: TP Баланс: 819.920417623823
  Открытие:     2025-08-08 00:30:57
  Закрытие:     2025-08-08 00:38:56
  Цена входа:   10.286
  Цена выхода:  10.327144

[2025-08-08 00:39:47][TRADE] Закрыта позиция DOOD-USDT-SWAP PnL: -0.01998855 Причина: SL Баланс: 738.161398097283
  Открытие:     2025-08-08 00:36:33
  Закрытие:     2025-08-08 00:39:47
  Цена входа:   0.003492
  Цена выхода:  0.00348502

[2025-08-08 00:41:04][TRADE] Закрыта позиция UNI-USD-SWAP PnL: 0.04000155 Причина: TP Баланс: 646.457691262483
  Открытие:     2025-08-08 00:31:24
  Закрытие:     2025-08-08 00:41:04
  Цена входа:   10.298
  Цена выхода:  10.339192

[2025-08-08 00:41:29][TRADE] Закрыта позиция DEGEN-USDT-SWAP PnL: -0.01999461 Причина: SL Баланс: 636.437722888983
  Открытие:     2025-08-08 00:39:46
  Закрытие:     2025-08-08 00:41:30
  Цена входа:   0.003711
  Цена выхода:  0.00370358

[2025-08-08 00:41:35][TRADE] Закрыта позиция FARTCOIN-USDT-SWAP PnL: -0.02000002 Причина: SL Баланс: 636.417733148283
  Открытие:     2025-08-08 00:39:51
  Закрытие:     2025-08-08 00:41:36
  Цена входа:   1.0054
  Цена выхода:  1.0033892

[2025-08-08 00:42:05][TRADE] Закрыта позиция PEOPLE-USDT-SWAP PnL: -0.02 Причина: SL Баланс: 596.397626753283
  Открытие:     2025-08-08 00:40:20
  Закрытие:     2025-08-08 00:42:05
  Цена входа:   0.0189
  Цена выхода:  0.0188622

