[2025-08-25 11:31:27][TRADE] Закрыта позиция STORJ-USDT-SWAP SHORT PnL: 0.13652349 Причина: TP Баланс: 377.421959192262 WinRate инструмента: 100%
🔄 Баланс: 377.421959192262$ | PnL: 20.23199276 💵 | Сделок: 238
[2025-08-25 11:34:13][TRADE] Закрыта позиция EGLD-USDT-SWAP SHORT PnL: 0.15457195 Причина: TP Баланс: 377.568304894628 WinRate инструмента: 100%
🔄 Баланс: 377.568304894628$ | PnL: 20.38656471 💵 | Сделок: 239
[2025-08-25 11:37:02][TRADE] Закрыта позиция WAL-USDT-SWAP SHORT PnL: 0.18995443 Причина: TP Баланс: 377.749424677917 WinRate инструмента: 75%
🔄 Баланс: 377.749424677917$ | PnL: 20.57651914 💵 | Сделок: 240
[2025-08-25 11:37:06][TRADE] Закрыта позиция WIF-USDT-SWAP SHORT PnL: 0.22480509 Причина: TP Баланс: 387.974228167917 WinRate инструмента: 100%
🔄 Баланс: 387.974228167917$ | PnL: 20.80132423 💵 | Сделок: 241
[2025-08-25 11:38:29][TRADE] Закрыта позиция ATH-USDT-SWAP SHORT PnL: 0.14073107 Причина: TP Баланс: 398.114960502917 WinRate инструмента: 100%
🔄 Баланс: 398.114960502917$ | PnL: 20.9420553 💵 | Сделок: 242
[2025-08-25 11:39:33][TRADE] Закрыта позиция GLM-USDT-SWAP SHORT PnL: 0.14455799 Причина: TP Баланс: 408.259511672917 WinRate инструмента: 100%
🔄 Баланс: 408.259511672917$ | PnL: 21.08661329 💵 | Сделок: 243
[2025-08-25 11:40:23][TRADE] Закрыта позиция MASK-USDT-SWAP SHORT PnL: 0.13528456 Причина: TP Баланс: 418.394817032917 WinRate инструмента: 100%
🔄 Баланс: 418.394817032917$ | PnL: 21.22189785 💵 | Сделок: 244
[2025-08-25 11:46:23][TRADE] Закрыта позиция SAHARA-USDT-SWAP SHORT PnL: -0.18287308 Причина: SL Баланс: 418.202943343747 WinRate инструмента: 50%
🔄 Баланс: 418.202943343747$ | PnL: 21.03902477 💵 | Сделок: 245
[2025-08-25 11:49:22][TRADE] Закрыта позиция EIGEN-USDT-SWAP SHORT PnL: 0.23706581 Причина: TP Баланс: 428.440075233747 WinRate инструмента: 100%
🔄 Баланс: 428.440075233747$ | PnL: 21.27609058 💵 | Сделок: 246
[2025-08-25 11:50:32][TRADE] Закрыта позиция METIS-USDT-SWAP SHORT PnL: 0.35242412 Причина: TP Баланс: 438.792515353747 WinRate инструмента: 100%
🔄 Баланс: 438.792515353747$ | PnL: 21.6285147 💵 | Сделок: 247
[2025-08-25 11:52:15][TRADE] Закрыта позиция VIRTUAL-USDT-SWAP SHORT PnL: 0.22826964 Причина: TP Баланс: 449.020823273747 WinRate инструмента: 33.33%
🔄 Баланс: 449.020823273747$ | PnL: 21.85678434 💵 | Сделок: 248
[2025-08-25 11:53:24][TRADE] Закрыта позиция MAGIC-USDT-SWAP SHORT PnL: 0.20688554 Причина: TP Баланс: 459.227698605747 WinRate инструмента: 100%
🔄 Баланс: 459.227698605747$ | PnL: 22.06366988 💵 | Сделок: 249
[2025-08-25 11:53:48][TRADE] Закрыта позиция AR-USDT-SWAP SHORT PnL: 0.20903279 Причина: TP Баланс: 469.437012995747 WinRate инструмента: 50%
🔄 Баланс: 469.437012995747$ | PnL: 22.27270267 💵 | Сделок: 250
[2025-08-25 11:54:13][TRADE] Закрыта позиция BNT-USDT-SWAP SHORT PnL: 0.16519092 Причина: TP Баланс: 479.602210815747 WinRate инструмента: 100%
🔄 Баланс: 479.602210815747$ | PnL: 22.43789359 💵 | Сделок: 251
[2025-08-25 11:54:21][TRADE] Закрыта позиция CFX-USDT-SWAP SHORT PnL: 0.19288973 Причина: TP Баланс: 489.795108249747 WinRate инструмента: 75%
🔄 Баланс: 489.795108249747$ | PnL: 22.63078332 💵 | Сделок: 252
[2025-08-25 11:54:29][TRADE] Закрыта позиция CRV-USDT-SWAP SHORT PnL: 0.22952285 Причина: TP Баланс: 500.024619899747 WinRate инструмента: 66.67%
🔄 Баланс: 500.024619899747$ | PnL: 22.86030617 💵 | Сделок: 253
[2025-08-25 11:54:51][TRADE] Закрыта позиция ETHW-USDT-SWAP SHORT PnL: 1.07832028 Причина: TP Баланс: 511.103014879747 WinRate инструмента: 100%
🔄 Баланс: 511.103014879747$ | PnL: 23.93862645 💵 | Сделок: 254
[2025-08-25 11:54:53][TRADE] Закрыта позиция FARTCOIN-USDT-SWAP SHORT PnL: 0.28317862 Причина: TP Баланс: 521.386174399747 WinRate инструмента: 100%
🔄 Баланс: 521.386174399747$ | PnL: 24.22180507 💵 | Сделок: 255
[2025-08-25 11:55:09][TRADE] Закрыта позиция GODS-USDT-SWAP SHORT PnL: -0.25008715 Причина: SL Баланс: 531.136086738747 WinRate инструмента: 50%
🔄 Баланс: 531.136086738747$ | PnL: 23.97171792 💵 | Сделок: 256
[2025-08-25 11:55:30][TRADE] Закрыта позиция IOTA-USDT-SWAP SHORT PnL: 0.17985849 Причина: TP Баланс: 541.315942578747 WinRate инструмента: 100%
🔄 Баланс: 541.315942578747$ | PnL: 24.15157641 💵 | Сделок: 257
[2025-08-25 11:55:50][TRADE] Закрыта позиция LQTY-USDT-SWAP SHORT PnL: 0.24108121 Причина: TP Баланс: 551.557040148747 WinRate инструмента: 100%
🔄 Баланс: 551.557040148747$ | PnL: 24.39265762 💵 | Сделок: 258
[2025-08-25 11:56:14][TRADE] Закрыта позиция MOVE-USDT-SWAP SHORT PnL: 0.14897472 Причина: TP Баланс: 561.706020564747 WinRate инструмента: 100%
🔄 Баланс: 561.706020564747$ | PnL: 24.54163234 💵 | Сделок: 259
[2025-08-25 11:56:25][TRADE] Закрыта позиция NXPC-USDT-SWAP SHORT PnL: 0.15511263 Причина: TP Баланс: 571.861137124747 WinRate инструмента: 100%
🔄 Баланс: 571.861137124747$ | PnL: 24.69674497 💵 | Сделок: 260
[2025-08-25 11:56:26][TRADE] Закрыта позиция OL-USDT-SWAP SHORT PnL: 0.41623854 Причина: TP Баланс: 582.277377247747 WinRate инструмента: 50%
🔄 Баланс: 582.277377247747$ | PnL: 25.11298351 💵 | Сделок: 261
[2025-08-25 11:56:59][TRADE] Закрыта позиция RVN-USDT-SWAP SHORT PnL: 0.16435587 Причина: TP Баланс: 592.441732567747 WinRate инструмента: 100%
🔄 Баланс: 592.441732567747$ | PnL: 25.27733938 💵 | Сделок: 262
[2025-08-25 11:57:15][TRADE] Закрыта позиция SONIC-USDT-SWAP SHORT PnL: 0.15375609 Причина: TP Баланс: 602.595494792747 WinRate инструмента: 100%
🔄 Баланс: 602.595494792747$ | PnL: 25.43109547 💵 | Сделок: 263
[2025-08-25 11:57:17][TRADE] Закрыта позиция SOPH-USDT-SWAP SHORT PnL: 0.17653674 Причина: TP Баланс: 612.772031348747 WinRate инструмента: 100%
🔄 Баланс: 612.772031348747$ | PnL: 25.60763221 💵 | Сделок: 264
[2025-08-25 11:57:26][TRADE] Закрыта позиция SWARMS-USDT-SWAP SHORT PnL: 0.28542043 Причина: TP Баланс: 623.057451267747 WinRate инструмента: 50%
🔄 Баланс: 623.057451267747$ | PnL: 25.89305264 💵 | Сделок: 265
[2025-08-25 12:02:44][TRADE] Закрыта позиция SCR-USDT-SWAP SHORT PnL: 0.24446873 Причина: TP Баланс: 623.292905850132 WinRate инструмента: 100%
🔄 Баланс: 623.292905850132$ | PnL: 26.13752137 💵 | Сделок: 266
[2025-08-25 12:03:42][TRADE] Закрыта позиция XLM-USDT-SWAP SHORT PnL: 0.14450902 Причина: TP Баланс: 633.437422290132 WinRate инструмента: 100%
🔄 Баланс: 633.437422290132$ | PnL: 26.28203039 💵 | Сделок: 267
[2025-08-25 12:05:31][TRADE] Закрыта позиция BONK-USDT-SWAP SHORT PnL: 0.23130439 Причина: TP Баланс: 643.668726679828 WinRate инструмента: 100%
🔄 Баланс: 643.668726679828$ | PnL: 26.51333478 💵 | Сделок: 268
[2025-08-25 12:06:21][TRADE] Закрыта позиция GMX-USDT-SWAP SHORT PnL: 0.15250392 Причина: TP Баланс: 653.821745599828 WinRate инструмента: 100%
🔄 Баланс: 653.821745599828$ | PnL: 26.6658387 💵 | Сделок: 269
[2025-08-25 12:06:25][TRADE] Закрыта позиция GRASS-USDT-SWAP SHORT PnL: 0.30274825 Причина: TP Баланс: 664.124485649828 WinRate инструмента: 100%
🔄 Баланс: 664.124485649828$ | PnL: 26.96858695 💵 | Сделок: 270
[2025-08-25 12:06:26][TRADE] Закрыта позиция GRIFFAIN-USDT-SWAP SHORT PnL: 0.35360405 Причина: TP Баланс: 674.478091399828 WinRate инструмента: 100%
🔄 Баланс: 674.478091399828$ | PnL: 27.322191 💵 | Сделок: 271
[2025-08-25 12:06:27][TRADE] Закрыта позиция H-USDT-SWAP SHORT PnL: 0.26346764 Причина: TP Баланс: 684.741560454828 WinRate инструмента: 100%
🔄 Баланс: 684.741560454828$ | PnL: 27.58565864 💵 | Сделок: 272
[2025-08-25 12:06:38][TRADE] Закрыта позиция INIT-USDT-SWAP SHORT PnL: 0.23410099 Причина: TP Баланс: 694.975658404828 WinRate инструмента: 50%
🔄 Баланс: 694.975658404828$ | PnL: 27.81975963 💵 | Сделок: 273
[2025-08-25 12:06:43][TRADE] Закрыта позиция IP-USDT-SWAP SHORT PnL: 0.23454606 Причина: TP Баланс: 705.210045254828 WinRate инструмента: 100%
🔄 Баланс: 705.210045254828$ | PnL: 28.05430569 💵 | Сделок: 274
[2025-08-25 12:07:21][TRADE] Закрыта позиция MOODENG-USDT-SWAP SHORT PnL: 0.28107083 Причина: TP Баланс: 715.491114456828 WinRate инструмента: 100%
🔄 Баланс: 715.491114456828$ | PnL: 28.33537652 💵 | Сделок: 275
[2025-08-25 12:07:38][TRADE] Закрыта позиция ONDO-USDT-SWAP SHORT PnL: 0.17123849 Причина: TP Баланс: 725.662359946828 WinRate инструмента: 100%
🔄 Баланс: 725.662359946828$ | PnL: 28.50661501 💵 | Сделок: 276
[2025-08-25 12:07:45][TRADE] Закрыта позиция PARTI-USDT-SWAP SHORT PnL: 0.18783942 Причина: TP Баланс: 735.850194106828 WinRate инструмента: 100%
🔄 Баланс: 735.850194106828$ | PnL: 28.69445443 💵 | Сделок: 277
[2025-08-25 12:08:25][TRADE] Закрыта позиция SPX-USDT-SWAP SHORT PnL: 0.28397899 Причина: TP Баланс: 746.134150696828 WinRate инструмента: 100%
🔄 Баланс: 746.134150696828$ | PnL: 28.97843342 💵 | Сделок: 278
[2025-08-25 12:10:12][TRADE] Закрыта позиция ACH-USDT-SWAP SHORT PnL: 0.18886223 Причина: TP Баланс: 756.323013094828 WinRate инструмента: 100%
🔄 Баланс: 756.323013094828$ | PnL: 29.16729565 💵 | Сделок: 279
[2025-08-25 12:11:52][TRADE] Закрыта позиция HOME-USDT-SWAP SHORT PnL: 0.2591404 Причина: TP Баланс: 766.582151876828 WinRate инструмента: 100%
🔄 Баланс: 766.582151876828$ | PnL: 29.42643605 💵 | Сделок: 280
[2025-08-25 12:29:26][TRADE] Закрыта позиция VINE-USDT-SWAP SHORT PnL: 0.48304611 Причина: TP Баланс: 777.065200334828 WinRate инструмента: 66.67%
🔄 Баланс: 777.065200334828$ | PnL: 29.90948216 💵 | Сделок: 281
[2025-08-25 13:53:31][TRADE] Закрыта позиция TREE-USDT-SWAP SHORT PnL: 0.37432134 Причина: TP Баланс: 767.421507561606 WinRate инструмента: 100%
🔄 Баланс: 767.421507561606$ | PnL: 30.2838035 💵 | Сделок: 282
[2025-08-25 13:57:03][TRADE] Закрыта позиция LA-USDT-SWAP SHORT PnL: 0.2380826 Причина: TP Баланс: 777.659575681606 WinRate инструмента: 100%
🔄 Баланс: 777.659575681606$ | PnL: 30.5218861 💵 | Сделок: 283
[2025-08-25 14:07:14][TRADE] Закрыта позиция KMNO-USDT-SWAP SHORT PnL: 0.25642361 Причина: TP Баланс: 787.915997379606 WinRate инструмента: 100%
🔄 Баланс: 787.915997379606$ | PnL: 30.77830971 💵 | Сделок: 284
[2025-08-25 14:15:15][TRADE] Закрыта позиция PI-USDT-SWAP SHORT PnL: 0.10955144 Причина: TP Баланс: 798.025535079606 WinRate инструмента: 100%
🔄 Баланс: 798.025535079606$ | PnL: 30.88786115 💵 | Сделок: 285
[2025-08-25 14:21:45][TRADE] Закрыта позиция FLOKI-USDT-SWAP SHORT PnL: 0.26913815 Причина: TP Баланс: 808.29467322623 WinRate инструмента: 100%
🔄 Баланс: 808.29467322623$ | PnL: 31.1569993 💵 | Сделок: 286
[2025-08-25 14:22:22][TRADE] Закрыта позиция JUP-USDT-SWAP SHORT PnL: 0.33258882 Причина: TP Баланс: 818.62724304623 WinRate инструмента: 100%
🔄 Баланс: 818.62724304623$ | PnL: 31.48958812 💵 | Сделок: 287
[2025-08-25 14:22:31][TRADE] Закрыта позиция LINK-USDT-SWAP SHORT PnL: 0.51789297 Причина: TP Баланс: 829.14639601623 WinRate инструмента: 50%
🔄 Баланс: 829.14639601623$ | PnL: 32.00748109 💵 | Сделок: 288
[2025-08-25 14:23:29][TRADE] Закрыта позиция RAY-USDT-SWAP SHORT PnL: 0.36697462 Причина: TP Баланс: 839.51335088623 WinRate инструмента: 100%
🔄 Баланс: 839.51335088623$ | PnL: 32.37445571 💵 | Сделок: 289
[2025-08-25 14:25:49][TRADE] Закрыта позиция ARC-USDT-SWAP SHORT PnL: 0.42673536 Причина: TP Баланс: 849.94008718123 WinRate инструмента: 60%
🔄 Баланс: 849.94008718123$ | PnL: 32.80119107 💵 | Сделок: 290
[2025-08-25 14:25:51][TRADE] Закрыта позиция ATH-USDT-SWAP SHORT PnL: 0.13728936 Причина: TP Баланс: 860.07737784123 WinRate инструмента: 100%
🔄 Баланс: 860.07737784123$ | PnL: 32.93848043 💵 | Сделок: 291
[2025-08-25 14:25:56][TRADE] Закрыта позиция AVAAI-USDT-SWAP SHORT PnL: 0.40678081 Причина: TP Баланс: 870.48415953223 WinRate инструмента: 50%
🔄 Баланс: 870.48415953223$ | PnL: 33.34526124 💵 | Сделок: 292
[2025-08-25 14:51:46][TRADE] Закрыта позиция ALCH-USDT-SWAP SHORT PnL: -0.34089238 Причина: SL Баланс: 850.116268060225 WinRate инструмента: 40%
🔄 Баланс: 850.116268060225$ | PnL: 33.00436886 💵 | Сделок: 293
[2025-08-25 15:13:13][TRADE] Закрыта позиция DUCK-USDT-SWAP SHORT PnL: 0.37423241 Причина: TP Баланс: 850.481416031585 WinRate инструмента: 100%
🔄 Баланс: 850.481416031585$ | PnL: 33.37860127 💵 | Сделок: 294
[2025-08-25 16:02:50][TRADE] Закрыта позиция TREE-USDT-SWAP SHORT PnL: -0.25727054 Причина: SL Баланс: 850.215146840593 WinRate инструмента: 66.67%
🔄 Баланс: 850.215146840593$ | PnL: 33.12133073 💵 | Сделок: 295
[2025-08-25 17:19:54][TRADE] Закрыта позиция ZENT-USDT-SWAP SHORT PnL: -0.30448859 Причина: SL Баланс: 829.883658522765 WinRate инструмента: 0%
🔄 Баланс: 829.883658522765$ | PnL: 32.81684214 💵 | Сделок: 296
[2025-08-25 17:31:20][TRADE] Закрыта позиция ALCH-USDT-SWAP SHORT PnL: -0.23089061 Причина: SL Баланс: 829.643768122844 WinRate инструмента: 33.33%
🔄 Баланс: 829.643768122844$ | PnL: 32.58595153 💵 | Сделок: 297
[2025-08-25 18:01:36][TRADE] Закрыта позиция ZENT-USDT-SWAP SHORT PnL: -0.29999681 Причина: SL Баланс: 829.334837462804 WinRate инструмента: 0%
🔄 Баланс: 829.334837462804$ | PnL: 32.28595472 💵 | Сделок: 298
[2025-08-25 18:11:03][TRADE] Закрыта позиция RVN-USDT-SWAP SHORT PnL: -0.16708933 Причина: SL Баланс: 829.158808707047 WinRate инструмента: 50%
🔄 Баланс: 829.158808707047$ | PnL: 32.11886539 💵 | Сделок: 299
[2025-08-25 20:12:17][TRADE] Закрыта позиция BERA-USDT-SWAP SHORT PnL: -0.45536152 Причина: SL Баланс: 788.677555861319 WinRate инструмента: 25%
🔄 Баланс: 788.677555861319$ | PnL: 31.66350387 💵 | Сделок: 300
[2025-08-25 20:23:00][TRADE] Закрыта позиция DUCK-USDT-SWAP SHORT PnL: -0.30459165 Причина: SL Баланс: 798.372964202319 WinRate инструмента: 50%
🔄 Баланс: 798.372964202319$ | PnL: 31.35891222 💵 | Сделок: 301
[2025-08-25 21:02:58][TRADE] Закрыта позиция BAT-USDT-SWAP SHORT PnL: 0.25728253 Причина: TP Баланс: 778.603353192173 WinRate инструмента: 75%
🔄 Баланс: 778.603353192173$ | PnL: 31.61619475 💵 | Сделок: 302
[2025-08-25 21:04:59][TRADE] Закрыта позиция NEIRO-USDT-SWAP SHORT PnL: 0.51457665 Причина: TP Баланс: 779.108926534725 WinRate инструмента: 100%
🔄 Баланс: 779.108926534725$ | PnL: 32.1307714 💵 | Сделок: 303
[2025-08-25 21:53:07][TRADE] Закрыта позиция ALCH-USDT-SWAP SHORT PnL: -0.26027898 Причина: SL Баланс: 778.839643187726 WinRate инструмента: 28.57%
🔄 Баланс: 778.839643187726$ | PnL: 31.87049242 💵 | Сделок: 304
[2025-08-25 22:05:50][TRADE] Закрыта позиция ONE-USDT-SWAP SHORT PnL: 0.21492879 Причина: TP Баланс: 789.054572210426 WinRate инструмента: 100%
🔄 Баланс: 789.054572210426$ | PnL: 32.08542121 💵 | Сделок: 305
[2025-08-25 23:18:18][TRADE] Закрыта позиция PNUT-USDT-SWAP SHORT PnL: 0.35062444 Причина: TP Баланс: 789.396193869608 WinRate инструмента: 100%
🔄 Баланс: 789.396193869608$ | PnL: 32.43604565 💵 | Сделок: 306
[2025-08-25 23:33:02][TRADE] Закрыта позиция MKR-USDT-SWAP SHORT PnL: 0.33195598 Причина: TP Баланс: 799.799749849608 WinRate инструмента: 100%
🔄 Баланс: 799.799749849608$ | PnL: 32.76800163 💵 | Сделок: 307
[2025-08-25 23:42:40][TRADE] Закрыта позиция IP-USDT-SWAP SHORT PnL: 0.23720127 Причина: TP Баланс: 800.0278563612 WinRate инструмента: 100%
🔄 Баланс: 800.0278563612$ | PnL: 33.0052029 💵 | Сделок: 308
[2025-08-25 23:46:32][TRADE] Закрыта позиция BNB-USDT-SWAP SHORT PnL: 0.08969043 Причина: TP Баланс: 810.0868967912 WinRate инструмента: 50%
🔄 Баланс: 810.0868967912$ | PnL: 33.09489333 💵 | Сделок: 309
[2025-08-25 23:46:43][TRADE] Закрыта позиция COMP-USDT-SWAP SHORT PnL: 0.30696735 Причина: TP Баланс: 820.3954011412 WinRate инструмента: 100%
🔄 Баланс: 820.3954011412$ | PnL: 33.40186068 💵 | Сделок: 310
[2025-08-25 23:47:31][TRADE] Закрыта позиция HMSTR-USDT-SWAP SHORT PnL: 0.27419714 Причина: TP Баланс: 830.66959828092 WinRate инструмента: 100%
🔄 Баланс: 830.66959828092$ | PnL: 33.67605782 💵 | Сделок: 311
[2025-08-25 23:53:58][TRADE] Закрыта позиция PUMP-USDT-SWAP SHORT PnL: 0.25078018 Причина: TP Баланс: 840.92037859162 WinRate инструмента: 100%
🔄 Баланс: 840.92037859162$ | PnL: 33.926838 💵 | Сделок: 312
[2025-08-25 23:58:37][TRADE] Закрыта позиция NOT-USDT-SWAP SHORT PnL: 0.26346418 Причина: TP Баланс: 851.18384285412 WinRate инструмента: 100%
🔄 Баланс: 851.18384285412$ | PnL: 34.19030218 💵 | Сделок: 313
[2025-08-25 23:58:39][TRADE] Закрыта позиция OL-USDT-SWAP SHORT PnL: 0.34909779 Причина: TP Баланс: 861.53294047212 WinRate инструмента: 66.67%
🔄 Баланс: 861.53294047212$ | PnL: 34.53939997 💵 | Сделок: 314
[2025-08-26 00:11:14][TRADE] Закрыта позиция ACT-USDT-SWAP SHORT PnL: 0.63396358 Причина: TP Баланс: 852.148691229392 WinRate инструмента: 100%
🔄 Баланс: 852.148691229392$ | PnL: 35.17336355 💵 | Сделок: 315
[2025-08-26 00:12:35][TRADE] Закрыта позиция GAS-USDT-SWAP SHORT PnL: 0.59252268 Причина: TP Баланс: 862.741111509392 WinRate инструмента: 100%
🔄 Баланс: 862.741111509392$ | PnL: 35.76588623 💵 | Сделок: 316
[2025-08-26 00:13:00][TRADE] Закрыта позиция IP-USDT-SWAP SHORT PnL: 0.10417586 Причина: TP Баланс: 872.845521289392 WinRate инструмента: 100%
🔄 Баланс: 872.845521289392$ | PnL: 35.87006209 💵 | Сделок: 317
[2025-08-26 00:15:01][TRADE] Закрыта позиция VANA-USDT-SWAP SHORT PnL: 0.16168437 Причина: TP Баланс: 883.007183659392 WinRate инструмента: 100%
🔄 Баланс: 883.007183659392$ | PnL: 36.03174646 💵 | Сделок: 318
[2025-08-26 00:15:01][TRADE] Закрыта позиция VINE-USDT-SWAP SHORT PnL: 0.3745881 Причина: TP Баланс: 893.381769044392 WinRate инструмента: 71.43%
🔄 Баланс: 893.381769044392$ | PnL: 36.40633456 💵 | Сделок: 319
[2025-08-26 00:16:23][TRADE] Закрыта позиция API3-USDT-SWAP SHORT PnL: 0.40399625 Причина: TP Баланс: 903.785705024392 WinRate инструмента: 100%
🔄 Баланс: 903.785705024392$ | PnL: 36.81033081 💵 | Сделок: 320
[2025-08-26 00:34:52][TRADE] Закрыта позиция VANA-USDT-SWAP SHORT PnL: 0.16339672 Причина: TP Баланс: 703.758981951814 WinRate инструмента: 100%
🔄 Баланс: 703.758981951814$ | PnL: 36.97372753 💵 | Сделок: 321
[2025-08-26 00:35:40][TRADE] Закрыта позиция FIL-USD-SWAP SHORT PnL: 0.1200961 Причина: TP Баланс: 693.861049807677 WinRate инструмента: 100%
🔄 Баланс: 693.861049807677$ | PnL: 37.09382363 💵 | Сделок: 322
[2025-08-26 00:36:23][TRADE] Закрыта позиция ATOM-USDT-SWAP SHORT PnL: 0.14929863 Причина: TP Баланс: 704.010510037677 WinRate инструмента: 100%
🔄 Баланс: 704.010510037677$ | PnL: 37.24312226 💵 | Сделок: 323
[2025-08-26 00:37:48][TRADE] Закрыта позиция IP-USDT-SWAP SHORT PnL: 0.10457622 Причина: TP Баланс: 714.114880657677 WinRate инструмента: 100%
🔄 Баланс: 714.114880657677$ | PnL: 37.34769848 💵 | Сделок: 324
[2025-08-26 00:37:48][TRADE] Закрыта позиция JELLYJELLY-USDT-SWAP SHORT PnL: 0.76540506 Причина: TP Баланс: 724.880284817677 WinRate инструмента: 33.33%
🔄 Баланс: 724.880284817677$ | PnL: 38.11310354 💵 | Сделок: 325
[2025-08-26 00:38:21][TRADE] Закрыта позиция MORPHO-USDT-SWAP SHORT PnL: 0.46131238 Причина: TP Баланс: 735.341529597677 WinRate инструмента: 100%
🔄 Баланс: 735.341529597677$ | PnL: 38.57441592 💵 | Сделок: 326
[2025-08-26 00:41:08][TRADE] Закрыта позиция APE-USDT-SWAP SHORT PnL: 0.15898935 Причина: TP Баланс: 735.491587931027 WinRate инструмента: 66.67%
🔄 Баланс: 735.491587931027$ | PnL: 38.73340527 💵 | Сделок: 327
[2025-08-26 00:41:42][TRADE] Закрыта позиция CHZ-USDT-SWAP SHORT PnL: 0.10394751 Причина: TP Баланс: 735.586323030227 WinRate инструмента: 100%
🔄 Баланс: 735.586323030227$ | PnL: 38.83735278 💵 | Сделок: 328
[2025-08-26 00:41:43][TRADE] Закрыта позиция COMP-USDT-SWAP SHORT PnL: 0.15051168 Причина: TP Баланс: 745.737988710227 WinRate инструмента: 100%
🔄 Баланс: 745.737988710227$ | PnL: 38.98786446 💵 | Сделок: 329
[2025-08-26 00:43:26][TRADE] Закрыта позиция NOT-USDT-SWAP SHORT PnL: 0.15394259 Причина: TP Баланс: 735.873888143937 WinRate инструмента: 100%
🔄 Баланс: 735.873888143937$ | PnL: 39.14180705 💵 | Сделок: 330
[2025-08-26 01:02:31][TRADE] Закрыта позиция KAITO-USDT-SWAP SHORT PnL: 0.1235856 Причина: TP Баланс: 705.960608434756 WinRate инструмента: 75%
🔄 Баланс: 705.960608434756$ | PnL: 39.26539265 💵 | Сделок: 331
[2025-08-26 01:16:56][TRADE] Закрыта позиция GMT-USDT-SWAP SHORT PnL: 0.148236 Причина: TP Баланс: 686.010534953543 WinRate инструмента: 100%
🔄 Баланс: 686.010534953543$ | PnL: 39.41362865 💵 | Сделок: 332
[2025-08-26 01:18:09][TRADE] Закрыта позиция ONE-USDT-SWAP SHORT PnL: 0.18801703 Причина: TP Баланс: 696.198551731043 WinRate инструмента: 100%
🔄 Баланс: 696.198551731043$ | PnL: 39.60164568 💵 | Сделок: 333
[2025-08-26 01:30:07][TRADE] Закрыта позиция FIL-USD-SWAP SHORT PnL: 0.12194456 Причина: TP Баланс: 706.320414791043 WinRate инструмента: 100%
🔄 Баланс: 706.320414791043$ | PnL: 39.72359024 💵 | Сделок: 334
[2025-08-26 01:31:16][TRADE] Закрыта позиция CHZ-USDT-SWAP SHORT PnL: 0.1047494 Причина: TP Баланс: 716.425164100043 WinRate инструмента: 100%
🔄 Баланс: 716.425164100043$ | PnL: 39.82833964 💵 | Сделок: 335
[2025-08-26 01:31:37][TRADE] Закрыта позиция ENJ-USDT-SWAP SHORT PnL: 0.17425399 Причина: TP Баланс: 726.599418696043 WinRate инструмента: 100%
🔄 Баланс: 726.599418696043$ | PnL: 40.00259363 💵 | Сделок: 336
[2025-08-26 01:32:36][TRADE] Закрыта позиция LUNA-USDT-SWAP SHORT PnL: 0.46084848 Причина: TP Баланс: 737.060270496043 WinRate инструмента: 100%
🔄 Баланс: 737.060270496043$ | PnL: 40.46344211 💵 | Сделок: 337
[2025-08-26 01:36:30][TRADE] Закрыта позиция DYDX-USDT-SWAP SHORT PnL: 0.22324951 Причина: TP Баланс: 747.283502986043 WinRate инструмента: 100%
🔄 Баланс: 747.283502986043$ | PnL: 40.68669162 💵 | Сделок: 338
[2025-08-26 01:36:45][TRADE] Закрыта позиция GALA-USDT-SWAP SHORT PnL: 0.17139346 Причина: TP Баланс: 757.454896446043 WinRate инструмента: 100%
🔄 Баланс: 757.454896446043$ | PnL: 40.85808508 💵 | Сделок: 339
[2025-08-26 01:52:47][TRADE] Закрыта позиция NOT-USDT-SWAP SHORT PnL: -0.1735587 Причина: SL Баланс: 767.281337715843 WinRate инструмента: 66.67%
🔄 Баланс: 767.281337715843$ | PnL: 40.68452638 💵 | Сделок: 340
[2025-08-26 02:03:25][TRADE] Закрыта позиция SPX-USDT-SWAP SHORT PnL: 0.20675514 Причина: TP Баланс: 777.488099335843 WinRate инструмента: 100%
🔄 Баланс: 777.488099335843$ | PnL: 40.89128152 💵 | Сделок: 341
[2025-08-26 02:05:15][TRADE] Закрыта позиция APE-USDT-SWAP SHORT PnL: 0.16012608 Причина: TP Баланс: 787.648203515843 WinRate инструмента: 75%
🔄 Баланс: 787.648203515843$ | PnL: 41.0514076 💵 | Сделок: 342
[2025-08-26 03:49:20][TRADE] Закрыта позиция COMP-USDT-SWAP SHORT PnL: -0.1698705 Причина: SL Баланс: 567.270719183302 WinRate инструмента: 66.67%
🔄 Баланс: 567.270719183302$ | PnL: 40.8815371 💵 | Сделок: 343
[2025-08-26 04:09:11][TRADE] Закрыта позиция CTC-USDT-SWAP SHORT PnL: -0.13151184 Причина: SL Баланс: 437.011748714371 WinRate инструмента: 75%
🔄 Баланс: 437.011748714371$ | PnL: 40.75002526 💵 | Сделок: 344
[2025-08-26 04:17:17][TRADE] Закрыта позиция WLD-USDT-SWAP SHORT PnL: -0.18733124 Причина: SL Баланс: 446.824374294371 WinRate инструмента: 0%
🔄 Баланс: 446.824374294371$ | PnL: 40.56269402 💵 | Сделок: 345
[2025-08-26 04:46:36][TRADE] Закрыта позиция SOLV-USDT-SWAP SHORT PnL: -0.22276844 Причина: SL Баланс: 426.574601690162 WinRate инструмента: 75%
🔄 Баланс: 426.574601690162$ | PnL: 40.33992558 💵 | Сделок: 346
[2025-08-26 04:47:12][TRADE] Закрыта позиция WAXP-USDT-SWAP SHORT PnL: 0.09912993 Причина: TP Баланс: 436.673731554162 WinRate инструмента: 50%
🔄 Баланс: 436.673731554162$ | PnL: 40.43905551 💵 | Сделок: 347
[2025-08-26 04:47:26][TRADE] Закрыта позиция ZIL-USDT-SWAP SHORT PnL: 0.11454689 Причина: TP Баланс: 446.788278090162 WinRate инструмента: 100%
🔄 Баланс: 446.788278090162$ | PnL: 40.5536024 💵 | Сделок: 348
[2025-08-26 04:48:29][TRADE] Закрыта позиция API3-USDT-SWAP SHORT PnL: 0.20543693 Причина: TP Баланс: 456.993746600162 WinRate инструмента: 100%
🔄 Баланс: 456.993746600162$ | PnL: 40.75903933 💵 | Сделок: 349
[2025-08-26 04:49:16][TRADE] Закрыта позиция DOG-USDT-SWAP SHORT PnL: 0.18991459 Причина: TP Баланс: 467.183661126962 WinRate инструмента: 100%
🔄 Баланс: 467.183661126962$ | PnL: 40.94895392 💵 | Сделок: 350
[2025-08-26 04:50:39][TRADE] Закрыта позиция MORPHO-USDT-SWAP SHORT PnL: 0.19433935 Причина: TP Баланс: 477.378043476962 WinRate инструмента: 100%
🔄 Баланс: 477.378043476962$ | PnL: 41.14329327 💵 | Сделок: 351
[2025-08-26 04:51:22][TRADE] Закрыта позиция SAHARA-USDT-SWAP SHORT PnL: 0.15756861 Причина: TP Баланс: 487.535616111962 WinRate инструмента: 66.67%
🔄 Баланс: 487.535616111962$ | PnL: 41.30086188 💵 | Сделок: 352
[2025-08-26 05:22:46][TRADE] Закрыта позиция FIL-USD-SWAP SHORT PnL: -0.14768947 Причина: SL Баланс: 297.208129972033 WinRate инструмента: 75%
🔄 Баланс: 297.208129972033$ | PnL: 41.15317241 💵 | Сделок: 353
[2025-08-26 05:24:22][TRADE] Закрыта позиция FIL-USDT-SWAP SHORT PnL: -0.16069052 Причина: SL Баланс: 307.047436952033 WinRate инструмента: 50%
🔄 Баланс: 307.047436952033$ | PnL: 40.99248189 💵 | Сделок: 354
[2025-08-26 05:26:28][TRADE] Закрыта позиция SSV-USDT-SWAP SHORT PnL: -0.21230291 Причина: SL Баланс: 316.835172242033 WinRate инструмента: 50%
🔄 Баланс: 316.835172242033$ | PnL: 40.78017898 💵 | Сделок: 355
[2025-08-26 05:28:16][TRADE] Закрыта позиция APE-USDT-SWAP SHORT PnL: -0.14384288 Причина: SL Баланс: 326.691342002033 WinRate инструмента: 60%
🔄 Баланс: 326.691342002033$ | PnL: 40.6363361 💵 | Сделок: 356
[2025-08-26 05:29:24][TRADE] Закрыта позиция GALA-USDT-SWAP SHORT PnL: -0.17000749 Причина: SL Баланс: 336.521334164033 WinRate инструмента: 50%
🔄 Баланс: 336.521334164033$ | PnL: 40.46632861 💵 | Сделок: 357
[2025-08-26 05:31:55][TRADE] Закрыта позиция WAXP-USDT-SWAP SHORT PnL: -0.12369635 Причина: SL Баланс: 346.397638616033 WinRate инструмента: 33.33%
🔄 Баланс: 346.397638616033$ | PnL: 40.34263226 💵 | Сделок: 358
[2025-08-26 05:32:53][TRADE] Закрыта позиция PI-USDT-SWAP SHORT PnL: -0.1018928 Причина: SL Баланс: 346.286757853693 WinRate инструмента: 66.67%
🔄 Баланс: 346.286757853693$ | PnL: 40.24073946 💵 | Сделок: 359
[2025-08-26 05:34:24][TRADE] Закрыта позиция GMT-USDT-SWAP SHORT PnL: -0.16449054 Причина: SL Баланс: 336.10422635382 WinRate инструмента: 66.67%
🔄 Баланс: 336.10422635382$ | PnL: 40.07624892 💵 | Сделок: 360
[2025-08-26 05:34:31][TRADE] Закрыта позиция GRT-USDT-SWAP SHORT PnL: -0.14914237 Причина: SL Баланс: 345.95508594182 WinRate инструмента: 50%
🔄 Баланс: 345.95508594182$ | PnL: 39.92710655 💵 | Сделок: 361
[2025-08-26 05:41:21][TRADE] Закрыта позиция KAITO-USDT-SWAP SHORT PnL: -0.15167697 Причина: SL Баланс: 335.786134118119 WinRate инструмента: 60%
🔄 Баланс: 335.786134118119$ | PnL: 39.77542958 💵 | Сделок: 362
[2025-08-26 05:41:27][TRADE] Закрыта позиция LDO-USDT-SWAP SHORT PnL: -0.16729672 Причина: SL Баланс: 345.61878363812 WinRate инструмента: 33.33%
🔄 Баланс: 345.61878363812$ | PnL: 39.60813286 💵 | Сделок: 363
[2025-08-26 05:43:16][TRADE] Закрыта позиция W-USDT-SWAP SHORT PnL: -0.19287763 Причина: SL Баланс: 355.42590267412 WinRate инструмента: 66.67%
🔄 Баланс: 355.42590267412$ | PnL: 39.41525523 💵 | Сделок: 364
[2025-08-26 05:44:00][TRADE] Закрыта позиция ETC-USD-SWAP SHORT PnL: -0.18017831 Причина: SL Баланс: 365.24553136412 WinRate инструмента: 0%
🔄 Баланс: 365.24553136412$ | PnL: 39.23507692 💵 | Сделок: 365
[2025-08-26 05:45:09][TRADE] Закрыта позиция CHZ-USDT-SWAP SHORT PnL: -0.11795069 Причина: SL Баланс: 375.12758072312 WinRate инструмента: 75%
🔄 Баланс: 375.12758072312$ | PnL: 39.11712623 💵 | Сделок: 366
[2025-08-26 05:45:32][TRADE] Закрыта позиция ETC-USDT-SWAP SHORT PnL: -0.18525348 Причина: SL Баланс: 384.94318224312 WinRate инструмента: 0%
🔄 Баланс: 384.94318224312$ | PnL: 38.93187275 💵 | Сделок: 367
[2025-08-26 05:48:55][TRADE] Закрыта позиция DOT-USD-SWAP SHORT PnL: -0.16378023 Причина: SL Баланс: 394.779506013119 WinRate инструмента: 0%
🔄 Баланс: 394.779506013119$ | PnL: 38.76809252 💵 | Сделок: 368
[2025-08-26 05:49:24][TRADE] Закрыта позиция AGLD-USDT-SWAP SHORT PnL: -0.1800732 Причина: SL Баланс: 394.589434453319 WinRate инструмента: 50%
🔄 Баланс: 394.589434453319$ | PnL: 38.58801932 💵 | Сделок: 369
[2025-08-26 05:50:22][TRADE] Закрыта позиция DOT-USDT-SWAP SHORT PnL: -0.16845771 Причина: SL Баланс: 404.421080743319 WinRate инструмента: 0%
🔄 Баланс: 404.421080743319$ | PnL: 38.41956161 💵 | Сделок: 370
[2025-08-26 05:50:26][TRADE] Закрыта позиция EIGEN-USDT-SWAP SHORT PnL: -0.23739344 Причина: SL Баланс: 414.183680723319 WinRate инструмента: 66.67%
🔄 Баланс: 414.183680723319$ | PnL: 38.18216817 💵 | Сделок: 371
[2025-08-26 05:50:42][TRADE] Закрыта позиция GLM-USDT-SWAP SHORT PnL: -0.14822004 Причина: SL Баланс: 414.027513697319 WinRate инструмента: 66.67%
🔄 Баланс: 414.027513697319$ | PnL: 38.03394813 💵 | Сделок: 372
[2025-08-26 05:51:07][TRADE] Закрыта позиция JELLYJELLY-USDT-SWAP SHORT PnL: -0.22602456 Причина: SL Баланс: 423.801489237319 WinRate инструмента: 25%
🔄 Баланс: 423.801489237319$ | PnL: 37.80792357 💵 | Сделок: 373
[2025-08-26 05:51:35][TRADE] Закрыта позиция METIS-USDT-SWAP SHORT PnL: -0.23508036 Причина: SL Баланс: 433.566130877319 WinRate инструмента: 66.67%
🔄 Баланс: 433.566130877319$ | PnL: 37.57284321 💵 | Сделок: 374
[2025-08-26 05:52:22][TRADE] Закрыта позиция RVN-USDT-SWAP SHORT PnL: -0.16567483 Причина: SL Баланс: 443.400455728319 WinRate инструмента: 33.33%
🔄 Баланс: 443.400455728319$ | PnL: 37.40716838 💵 | Сделок: 375
[2025-08-26 06:02:47][TRADE] Закрыта позиция TIA-USDT-SWAP SHORT PnL: -0.19263429 Причина: SL Баланс: 443.198813419021 WinRate инструмента: 50%
🔄 Баланс: 443.198813419021$ | PnL: 37.21453409 💵 | Сделок: 376
[2025-08-26 06:04:07][TRADE] Закрыта позиция 1INCH-USDT-SWAP SHORT PnL: -0.17286561 Причина: SL Баланс: 453.025937809021 WinRate инструмента: 0%
🔄 Баланс: 453.025937809021$ | PnL: 37.04166848 💵 | Сделок: 377
[2025-08-26 06:04:25][TRADE] Закрыта позиция APT-USDT-SWAP SHORT PnL: -0.14803551 Причина: SL Баланс: 462.877888499021 WinRate инструмента: 50%
🔄 Баланс: 462.877888499021$ | PnL: 36.89363297 💵 | Сделок: 378
[2025-08-26 06:06:45][TRADE] Закрыта позиция OM-USDT-SWAP SHORT PnL: -0.18110828 Причина: SL Баланс: 472.696790239021 WinRate инструмента: 0%
🔄 Баланс: 472.696790239021$ | PnL: 36.71252469 💵 | Сделок: 379
[2025-08-26 06:07:46][TRADE] Закрыта позиция TREE-USDT-SWAP SHORT PnL: -0.25444977 Причина: SL Баланс: 482.442342569021 WinRate инструмента: 50%
🔄 Баланс: 482.442342569021$ | PnL: 36.45807492 💵 | Сделок: 380
[2025-08-26 06:07:47][TRADE] Закрыта позиция TRUMP-USDT-SWAP SHORT PnL: -0.11516669 Причина: SL Баланс: 492.327259479022 WinRate инструмента: 33.33%
🔄 Баланс: 492.327259479022$ | PnL: 36.34290823 💵 | Сделок: 381
[2025-08-26 06:11:40][TRADE] Закрыта позиция NOT-USDT-SWAP SHORT PnL: -0.18731929 Причина: SL Баланс: 502.139940211121 WinRate инструмента: 50%
🔄 Баланс: 502.139940211121$ | PnL: 36.15558894 💵 | Сделок: 382
[2025-08-26 06:11:42][TRADE] Закрыта позиция OL-USDT-SWAP SHORT PnL: -0.22875998 Причина: SL Баланс: 511.911180654121 WinRate инструмента: 50%
🔄 Баланс: 511.911180654121$ | PnL: 35.92682896 💵 | Сделок: 383
[2025-08-26 06:12:26][TRADE] Закрыта позиция SPX-USDT-SWAP SHORT PnL: -0.26483132 Причина: SL Баланс: 521.646306434121 WinRate инструмента: 83.33%
🔄 Баланс: 521.646306434121$ | PnL: 35.66199764 💵 | Сделок: 384
[2025-08-26 06:12:41][TRADE] Закрыта позиция TRB-USDT-SWAP SHORT PnL: -0.15855362 Причина: SL Баланс: 531.489026814121 WinRate инструмента: 50%
🔄 Баланс: 531.489026814121$ | PnL: 35.50344402 💵 | Сделок: 385
[2025-08-26 06:13:02][TRADE] Закрыта позиция WOO-USDT-SWAP SHORT PnL: -0.20926521 Причина: SL Баланс: 541.279762188121 WinRate инструмента: 0%
🔄 Баланс: 541.279762188121$ | PnL: 35.29417881 💵 | Сделок: 386
[2025-08-26 06:13:15][TRADE] Закрыта позиция ZRX-USDT-SWAP SHORT PnL: -0.15071739 Причина: SL Баланс: 551.129047678121 WinRate инструмента: 0%
🔄 Баланс: 551.129047678121$ | PnL: 35.14346142 💵 | Сделок: 387
[2025-08-26 06:14:19][TRADE] Закрыта позиция ARB-USDT-SWAP SHORT PnL: -0.36922143 Причина: SL Баланс: 560.759830558121 WinRate инструмента: 0%
🔄 Баланс: 560.759830558121$ | PnL: 34.77423999 💵 | Сделок: 388
[2025-08-26 06:14:37][TRADE] Закрыта позиция BLUR-USDT-SWAP SHORT PnL: -0.18071434 Причина: SL Баланс: 570.579116646121 WinRate инструмента: 0%
🔄 Баланс: 570.579116646121$ | PnL: 34.59352565 💵 | Сделок: 389
[2025-08-26 06:14:49][TRADE] Закрыта позиция COMP-USDT-SWAP SHORT PnL: -0.13934679 Причина: SL Баланс: 580.440574856121 WinRate инструмента: 50%
🔄 Баланс: 580.440574856121$ | PnL: 34.45417886 💵 | Сделок: 390
[2025-08-26 06:15:05][TRADE] Закрыта позиция DYDX-USDT-SWAP SHORT PnL: -0.19500031 Причина: SL Баланс: 590.245604306121 WinRate инструмента: 66.67%
🔄 Баланс: 590.245604306121$ | PnL: 34.25917855 💵 | Сделок: 391
[2025-08-26 06:15:08][TRADE] Закрыта позиция ENJ-USDT-SWAP SHORT PnL: -0.16986266 Причина: SL Баланс: 600.075741980121 WinRate инструмента: 50%
🔄 Баланс: 600.075741980121$ | PnL: 34.08931589 💵 | Сделок: 392
[2025-08-26 06:15:36][TRADE] Закрыта позиция HOME-USDT-SWAP SHORT PnL: -0.2482096 Причина: SL Баланс: 609.827533708121 WinRate инструмента: 66.67%
🔄 Баланс: 609.827533708121$ | PnL: 33.84110629 💵 | Сделок: 393
[2025-08-26 06:15:36][TRADE] Закрыта позиция HUMA-USDT-SWAP SHORT PnL: -0.19420877 Причина: SL Баланс: 619.633325002121 WinRate инструмента: 80%
🔄 Баланс: 619.633325002121$ | PnL: 33.64689752 💵 | Сделок: 394
[2025-08-26 06:15:48][TRADE] Закрыта позиция JOE-USDT-SWAP SHORT PnL: -0.2347952 Причина: SL Баланс: 629.398529482121 WinRate инструмента: 0%
🔄 Баланс: 629.398529482121$ | PnL: 33.41210232 💵 | Сделок: 395
[2025-08-26 06:16:37][TRADE] Закрыта позиция ONE-USDT-SWAP SHORT PnL: -0.1786563 Причина: SL Баланс: 639.219872764421 WinRate инструмента: 75%
🔄 Баланс: 639.219872764421$ | PnL: 33.23344602 💵 | Сделок: 396
[2025-08-26 06:16:38][TRADE] Закрыта позиция OP-USDT-SWAP SHORT PnL: -0.3066336 Причина: SL Баланс: 648.913241464421 WinRate инструмента: 0%
🔄 Баланс: 648.913241464421$ | PnL: 32.92681242 💵 | Сделок: 397
[2025-08-26 06:18:01][TRADE] Закрыта позиция ZENT-USDT-SWAP SHORT PnL: -0.24193933 Причина: SL Баланс: 658.671302089421 WinRate инструмента: 0%
🔄 Баланс: 658.671302089421$ | PnL: 32.68487309 💵 | Сделок: 398
[2025-08-26 07:18:12][TRADE] Закрыта позиция LINK-USD-SWAP SHORT PnL: 0.14342097 Причина: TP Баланс: 485.780154476936 WinRate инструмента: 33.33%
🔄 Баланс: 485.780154476936$ | PnL: 32.82829406 💵 | Сделок: 399
[2025-08-26 07:36:35][TRADE] Закрыта позиция SIGN-USDT-SWAP SHORT PnL: -0.16859927 Причина: SL Баланс: 485.602550311356 WinRate инструмента: 0%
🔄 Баланс: 485.602550311356$ | PnL: 32.65969479 💵 | Сделок: 400
[2025-08-26 08:20:26][TRADE] Закрыта позиция LUNA-USDT-SWAP SHORT PnL: -0.18475267 Причина: SL Баланс: 495.417801851356 WinRate инструмента: 66.67%
🔄 Баланс: 495.417801851356$ | PnL: 32.47494212 💵 | Сделок: 401
[2025-08-26 08:32:39][TRADE] Закрыта позиция BTC-USD-SWAP SHORT PnL: -0.0757505 Причина: SL Баланс: 496.289351309118 WinRate инструмента: 50%
🔄 Баланс: 496.289351309118$ | PnL: 32.39919162 💵 | Сделок: 402
[2025-08-26 08:32:57][TRADE] Закрыта позиция BTC-USDT-SWAP SHORT PnL: -0.07591574 Причина: SL Баланс: 507.163775569118 WinRate инструмента: 42.86%
🔄 Баланс: 507.163775569118$ | PnL: 32.32327588 💵 | Сделок: 403
[2025-08-26 09:14:15][TRADE] Закрыта позиция BAND-USDT-SWAP SHORT PnL: 1.59264163 Причина: TP Баланс: 468.711435741094 WinRate инструмента: 50%
🔄 Баланс: 468.711435741094$ | PnL: 33.91591751 💵 | Сделок: 404
[2025-08-26 09:26:30][TRADE] Закрыта позиция MKR-USDT-SWAP SHORT PnL: -0.28721494 Причина: SL Баланс: 478.495460801094 WinRate инструмента: 50%
🔄 Баланс: 478.495460801094$ | PnL: 33.62870257 💵 | Сделок: 405
[2025-08-26 09:27:07][TRADE] Закрыта позиция PUMP-USDT-SWAP SHORT PnL: -0.39383074 Причина: SL Баланс: 488.101629961694 WinRate инструмента: 66.67%
🔄 Баланс: 488.101629961694$ | PnL: 33.23487183 💵 | Сделок: 406
[2025-08-26 09:28:15][TRADE] Закрыта позиция ZENT-USDT-SWAP SHORT PnL: 0.16803744 Причина: TP Баланс: 498.269667443894 WinRate инструмента: 20%
🔄 Баланс: 498.269667443894$ | PnL: 33.40290927 💵 | Сделок: 407
[2025-08-26 09:38:40][TRADE] Закрыта позиция BTC-USDC-SWAP SHORT PnL: -0.07322488 Причина: SL Баланс: 459.114452113489 WinRate инструмента: 40%
🔄 Баланс: 459.114452113489$ | PnL: 33.32968439 💵 | Сделок: 408
[2025-08-26 09:46:42][TRADE] Закрыта позиция LRC-USDT-SWAP SHORT PnL: -0.17088478 Причина: SL Баланс: 468.943566290489 WinRate инструмента: 50%
🔄 Баланс: 468.943566290489$ | PnL: 33.15879961 💵 | Сделок: 409
[2025-08-26 09:59:48][TRADE] Закрыта позиция SPK-USDT-SWAP SHORT PnL: 0.24773372 Причина: TP Баланс: 479.191300467489 WinRate инструмента: 50%
🔄 Баланс: 479.191300467489$ | PnL: 33.40653333 💵 | Сделок: 410
[2025-08-26 10:07:03][TRADE] Закрыта позиция HOME-USDT-SWAP SHORT PnL: -0.19192052 Причина: SL Баланс: 458.972477662219 WinRate инструмента: 50%
🔄 Баланс: 458.972477662219$ | PnL: 33.21461281 💵 | Сделок: 411
[2025-08-26 10:20:04][TRADE] Закрыта позиция RESOLV-USDT-SWAP SHORT PnL: -0.24873646 Причина: SL Баланс: 468.723735942219 WinRate инструмента: 50%
🔄 Баланс: 468.723735942219$ | PnL: 32.96587635 💵 | Сделок: 412
[2025-08-26 10:22:24][TRADE] Закрыта позиция ALCH-USDT-SWAP SHORT PnL: 0.25368225 Причина: TP Баланс: 478.977419542219 WinRate инструмента: 37.5%
🔄 Баланс: 478.977419542219$ | PnL: 33.2195586 💵 | Сделок: 413
[2025-08-26 10:27:01][TRADE] Закрыта позиция ETC-USD-SWAP SHORT PnL: 0.18602185 Причина: TP Баланс: 489.164463392219 WinRate инструмента: 50%
🔄 Баланс: 489.164463392219$ | PnL: 33.40558045 💵 | Сделок: 414
[2025-08-26 10:27:53][TRADE] Закрыта позиция BABY-USDT-SWAP SHORT PnL: -0.23733916 Причина: SL Баланс: 498.927122827219 WinRate инструмента: 0%
🔄 Баланс: 498.927122827219$ | PnL: 33.16824129 💵 | Сделок: 415
[2025-08-26 10:54:44][TRADE] Закрыта позиция GLM-USDT-SWAP SHORT PnL: 0.1220872 Причина: TP Баланс: 509.049208397219 WinRate инструмента: 75%
🔄 Баланс: 509.049208397219$ | PnL: 33.29032849 💵 | Сделок: 416
[2025-08-26 10:55:25][TRADE] Закрыта позиция LINK-USDT-SWAP SHORT PnL: 0.14740202 Причина: TP Баланс: 519.197649617219 WinRate инструмента: 66.67%
🔄 Баланс: 519.197649617219$ | PnL: 33.43773051 💵 | Сделок: 417
[2025-08-26 10:57:03][TRADE] Закрыта позиция TREE-USDT-SWAP SHORT PnL: 0.23104586 Причина: TP Баланс: 529.428695557219 WinRate инструмента: 60%
🔄 Баланс: 529.428695557219$ | PnL: 33.66877637 💵 | Сделок: 418
[2025-08-26 11:25:59][TRADE] Закрыта позиция ETC-USDT-SWAP SHORT PnL: 0.19245365 Причина: TP Баланс: 529.611051173019 WinRate инструмента: 50%
🔄 Баланс: 529.611051173019$ | PnL: 33.86123002 💵 | Сделок: 419
[2025-08-26 11:33:22][TRADE] Закрыта позиция SCR-USDT-SWAP SHORT PnL: -0.33726709 Причина: SL Баланс: 539.273775673019 WinRate инструмента: 50%
🔄 Баланс: 539.273775673019$ | PnL: 33.52396293 💵 | Сделок: 420
[2025-08-26 11:36:55][TRADE] Закрыта позиция GRIFFAIN-USDT-SWAP SHORT PnL: -0.34061209 Причина: SL Баланс: 548.933164579019 WinRate инструмента: 66.67%
🔄 Баланс: 548.933164579019$ | PnL: 33.18335084 💵 | Сделок: 421
[2025-08-26 11:37:07][TRADE] Закрыта позиция IMX-USDT-SWAP SHORT PnL: -0.19176783 Причина: SL Баланс: 558.741418649019 WinRate инструмента: 0%
🔄 Баланс: 558.741418649019$ | PnL: 32.99158301 💵 | Сделок: 422
[2025-08-26 11:39:27][TRADE] Закрыта позиция WAXP-USDT-SWAP SHORT PnL: -0.13336629 Причина: SL Баланс: 568.608053294019 WinRate инструмента: 25%
🔄 Баланс: 568.608053294019$ | PnL: 32.85821672 💵 | Сделок: 423
[2025-08-26 11:49:32][TRADE] Закрыта позиция SWARMS-USDT-SWAP SHORT PnL: -0.3710934 Причина: SL Баланс: 578.236960378019 WinRate инструмента: 33.33%
🔄 Баланс: 578.236960378019$ | PnL: 32.48712332 💵 | Сделок: 424
[2025-08-26 13:20:42][TRADE] Закрыта позиция FIL-USD-SWAP SHORT PnL: -0.16898436 Причина: SL Баланс: 578.059033982933 WinRate инструмента: 60%
🔄 Баланс: 578.059033982933$ | PnL: 32.31813896 💵 | Сделок: 425
[2025-08-26 13:23:16][TRADE] Закрыта позиция LUNA-USDT-SWAP SHORT PnL: -0.17573917 Причина: SL Баланс: 587.883292092933 WinRate инструмента: 50%
🔄 Баланс: 587.883292092933$ | PnL: 32.14239979 💵 | Сделок: 426
[2025-08-26 13:27:27][TRADE] Закрыта позиция FIL-USDT-SWAP SHORT PnL: -0.17929028 Причина: SL Баланс: 597.703925312933 WinRate инструмента: 33.33%
🔄 Баланс: 597.703925312933$ | PnL: 31.96310951 💵 | Сделок: 427
[2025-08-26 13:53:41][TRADE] Закрыта позиция BERA-USDT-SWAP SHORT PnL: -0.34783556 Причина: SL Баланс: 597.346991883028 WinRate инструмента: 20%
🔄 Баланс: 597.346991883028$ | PnL: 31.61527395 💵 | Сделок: 428
[2025-08-26 14:42:45][TRADE] Закрыта позиция LAYER-USDT-SWAP SHORT PnL: -0.24489849 Причина: SL Баланс: 607.102101593028 WinRate инструмента: 0%
🔄 Баланс: 607.102101593028$ | PnL: 31.37037546 💵 | Сделок: 429
[2025-08-26 14:44:54][TRADE] Закрыта позиция ZEREBRO-USDT-SWAP SHORT PnL: -0.26480675 Причина: SL Баланс: 616.837293821028 WinRate инструмента: 50%
🔄 Баланс: 616.837293821028$ | PnL: 31.10556871 💵 | Сделок: 430
[2025-08-26 14:47:55][TRADE] Закрыта позиция LDO-USDT-SWAP SHORT PnL: -0.22568221 Причина: SL Баланс: 626.611609521028 WinRate инструмента: 25%
🔄 Баланс: 626.611609521028$ | PnL: 30.8798865 💵 | Сделок: 431
[2025-08-26 16:08:04][TRADE] Закрыта позиция SOLV-USDT-SWAP SHORT PnL: 0.08379934 Причина: TP Баланс: 626.686416569188 WinRate инструмента: 80%
🔄 Баланс: 626.686416569188$ | PnL: 30.96368584 💵 | Сделок: 432
[2025-08-26 16:36:51][TRADE] Закрыта позиция ACT-USDT-SWAP SHORT PnL: -0.25180334 Причина: SL Баланс: 636.434612511188 WinRate инструмента: 50%
🔄 Баланс: 636.434612511188$ | PnL: 30.7118825 💵 | Сделок: 433
[2025-08-26 16:36:53][TRADE] Закрыта позиция AERO-USDT-SWAP SHORT PnL: -0.25911646 Причина: SL Баланс: 646.175537171188 WinRate инструмента: 80%
🔄 Баланс: 646.175537171188$ | PnL: 30.45276604 💵 | Сделок: 434
[2025-08-26 16:37:14][TRADE] Закрыта позиция ATOM-USDT-SWAP SHORT PnL: -0.16901111 Причина: SL Баланс: 656.006738061188 WinRate инструмента: 50%
🔄 Баланс: 656.006738061188$ | PnL: 30.28375493 💵 | Сделок: 435
[2025-08-26 16:38:35][TRADE] Закрыта позиция ICP-USDT-SWAP SHORT PnL: -0.15629172 Причина: SL Баланс: 665.850401541188 WinRate инструмента: 0%
🔄 Баланс: 665.850401541188$ | PnL: 30.12746321 💵 | Сделок: 436
[2025-08-26 16:39:43][TRADE] Закрыта позиция ORDI-USDT-SWAP SHORT PnL: -0.26233887 Причина: SL Баланс: 675.587750671188 WinRate инструмента: 0%
🔄 Баланс: 675.587750671188$ | PnL: 29.86512434 💵 | Сделок: 437
[2025-08-26 16:40:26][TRADE] Закрыта позиция STRK-USDT-SWAP SHORT PnL: -0.27481233 Причина: SL Баланс: 685.312944301188 WinRate инструмента: 0%
🔄 Баланс: 685.312944301188$ | PnL: 29.59031201 💵 | Сделок: 438
[2025-08-26 16:41:07][TRADE] Закрыта позиция YGG-USDT-SWAP SHORT PnL: -0.21444659 Причина: SL Баланс: 695.098500311188 WinRate инструмента: 0%
🔄 Баланс: 695.098500311188$ | PnL: 29.37586542 💵 | Сделок: 439
[2025-08-26 16:41:55][TRADE] Закрыта позиция PI-USDT-SWAP SHORT PnL: -0.11206291 Причина: SL Баланс: 704.986421101188 WinRate инструмента: 50%
🔄 Баланс: 704.986421101188$ | PnL: 29.26380251 💵 | Сделок: 440
[2025-08-26 16:42:22][TRADE] Закрыта позиция ARC-USDT-SWAP SHORT PnL: -0.29634317 Причина: SL Баланс: 714.690078053188 WinRate инструмента: 50%
🔄 Баланс: 714.690078053188$ | PnL: 28.96745934 💵 | Сделок: 441
[2025-08-26 16:42:28][TRADE] Закрыта позиция AVAX-USDT-SWAP SHORT PnL: -0.19905828 Причина: SL Баланс: 724.490257773188 WinRate инструмента: 0%
🔄 Баланс: 724.490257773188$ | PnL: 28.76840106 💵 | Сделок: 442
[2025-08-26 16:42:59][TRADE] Закрыта позиция CTC-USDT-SWAP SHORT PnL: -0.14941336 Причина: SL Баланс: 734.340847533188 WinRate инструмента: 60%
🔄 Баланс: 734.340847533188$ | PnL: 28.6189877 💵 | Сделок: 443
[2025-08-26 18:22:19][TRADE] Закрыта позиция DOOD-USDT-SWAP SHORT PnL: -0.45981187 Причина: SL Баланс: 743.881035735988 WinRate инструмента: 25%
🔄 Баланс: 743.881035735988$ | PnL: 28.15917583 💵 | Сделок: 444
[2025-08-26 19:04:26][TRADE] Закрыта позиция OL-USDT-SWAP SHORT PnL: -0.37306998 Причина: SL Баланс: 753.507964521988 WinRate инструмента: 40%
🔄 Баланс: 753.507964521988$ | PnL: 27.78610585 💵 | Сделок: 445
