[2025-08-25 12:14:52][TRADE] Закрыта позиция IOST-USDT-SWAP LONG PnL: -0.08019501 Причина: SL Баланс: 989.901809363945 WinRate инструмента: 0%
🔄 Баланс: 989.901809363945$ | PnL: -0.08019501 💵 | Сделок: 1
[2025-08-25 12:30:23][TRADE] Закрыта позиция GAS-USDT-SWAP SHORT PnL: -0.08967719 Причина: SL Баланс: 979.794129618681 WinRate инструмента: 0%
🔄 Баланс: 979.794129618681$ | PnL: -0.1698722 💵 | Сделок: 2
[2025-08-25 12:35:48][TRADE] Закрыта позиция GODS-USDT-SWAP LONG PnL: -0.13571306 Причина: SL Баланс: 989.658412188681 WinRate инструмента: 0%
🔄 Баланс: 989.658412188681$ | PnL: -0.30558526 💵 | Сделок: 3
[2025-08-25 13:47:41][TRADE] Закрыта позиция GAS-USDT-SWAP LONG PnL: 0.10931315 Причина: TP Баланс: 949.723203462318 WinRate инструмента: 50%
🔄 Баланс: 949.723203462318$ | PnL: -0.19627211 💵 | Сделок: 4
[2025-08-25 13:53:06][TRADE] Закрыта позиция GMX-USDT-SWAP LONG PnL: -0.11910033 Причина: SL Баланс: 959.603643132318 WinRate инструмента: 0%
🔄 Баланс: 959.603643132318$ | PnL: -0.31537244 💵 | Сделок: 5
[2025-08-25 14:21:24][TRADE] Закрыта позиция SAHARA-USDT-SWAP LONG PnL: -0.12379392 Причина: SL Баланс: 959.472811022978 WinRate инструмента: 0%
🔄 Баланс: 959.472811022978$ | PnL: -0.43916636 💵 | Сделок: 6
[2025-08-25 14:27:05][TRADE] Закрыта позиция T-USDT-SWAP SHORT PnL: 0.09750341 Причина: TP Баланс: 959.561314572572 WinRate инструмента: 100%
🔄 Баланс: 959.561314572572$ | PnL: -0.34166295 💵 | Сделок: 7
[2025-08-25 14:30:22][TRADE] Закрыта позиция HYPE-USDT-SWAP LONG PnL: -0.08968185 Причина: SL Баланс: 969.469675322572 WinRate инструмента: 0%
🔄 Баланс: 969.469675322572$ | PnL: -0.4313448 💵 | Сделок: 8
[2025-08-25 14:40:57][TRADE] Закрыта позиция IP-USDT-SWAP SHORT PnL: 0.05829093 Причина: TP Баланс: 979.527949322572 WinRate инструмента: 100%
🔄 Баланс: 979.527949322572$ | PnL: -0.37305387 💵 | Сделок: 9
[2025-08-25 14:49:37][TRADE] Закрыта позиция SPK-USDT-SWAP SHORT PnL: -0.17611085 Причина: SL Баланс: 989.351838372573 WinRate инструмента: 0%
🔄 Баланс: 989.351838372573$ | PnL: -0.54916472 💵 | Сделок: 10
[2025-08-25 15:03:22][TRADE] Закрыта позиция ONT-USDT-SWAP LONG PnL: 0.102465 Причина: TP Баланс: 979.436301083433 WinRate инструмента: 100%
🔄 Баланс: 979.436301083433$ | PnL: -0.44669972 💵 | Сделок: 11
[2025-08-25 15:23:22][TRADE] Закрыта позиция GODS-USDT-SWAP LONG PnL: 0.20002753 Причина: TP Баланс: 979.627311938033 WinRate инструмента: 50%
🔄 Баланс: 979.627311938033$ | PnL: -0.24667219 💵 | Сделок: 12
[2025-08-25 16:01:33][TRADE] Закрыта позиция GPS-USDT-SWAP LONG PnL: 0.25937196 Причина: TP Баланс: 969.868684041154 WinRate инструмента: 100%
🔄 Баланс: 969.868684041154$ | PnL: 0.0126997700000001 💵 | Сделок: 13
[2025-08-25 16:29:05][TRADE] Закрыта позиция GODS-USDT-SWAP LONG PnL: 0.2178323 Причина: TP Баланс: 960.068515343225 WinRate инструмента: 66.67%
🔄 Баланс: 960.068515343225$ | PnL: 0.23053207 💵 | Сделок: 14
[2025-08-25 16:34:26][TRADE] Закрыта позиция GPS-USDT-SWAP LONG PnL: -0.13634406 Причина: SL Баланс: 959.923171283074 WinRate инструмента: 50%
🔄 Баланс: 959.923171283074$ | PnL: 0.0941880100000001 💵 | Сделок: 15
[2025-08-25 17:01:51][TRADE] Закрыта позиция JST-USDT-SWAP LONG PnL: 0.08403291 Причина: TP Баланс: 959.998205387856 WinRate инструмента: 100%
🔄 Баланс: 959.998205387856$ | PnL: 0.17822092 💵 | Сделок: 16
[2025-08-25 17:03:16][TRADE] Закрыта позиция SAHARA-USDT-SWAP LONG PnL: -0.14028772 Причина: SL Баланс: 969.857917524856 WinRate инструмента: 0%
🔄 Баланс: 969.857917524856$ | PnL: 0.0379332000000001 💵 | Сделок: 17
[2025-08-25 17:04:36][TRADE] Закрыта позиция ZENT-USDT-SWAP LONG PnL: -0.15390171 Причина: SL Баланс: 979.704015612256 WinRate инструмента: 0%
🔄 Баланс: 979.704015612256$ | PnL: -0.11596851 💵 | Сделок: 18
[2025-08-25 17:15:37][TRADE] Закрыта позиция GODS-USDT-SWAP LONG PnL: -0.15696278 Причина: SL Баланс: 959.541750638921 WinRate инструмента: 50%
🔄 Баланс: 959.541750638921$ | PnL: -0.27293129 💵 | Сделок: 19
[2025-08-25 17:23:27][TRADE] Закрыта позиция SIGN-USDT-SWAP LONG PnL: -0.08637999 Причина: SL Баланс: 969.455372348921 WinRate инструмента: 0%
🔄 Баланс: 969.455372348921$ | PnL: -0.35931128 💵 | Сделок: 20
[2025-08-25 17:47:48][TRADE] Закрыта позиция BNB-USDT-SWAP LONG PnL: -0.0765174 Причина: SL Баланс: 979.357174948921 WinRate инструмента: 0%
🔄 Баланс: 979.357174948921$ | PnL: -0.43582868 💵 | Сделок: 21
[2025-08-25 17:52:28][TRADE] Закрыта позиция PI-USDT-SWAP SHORT PnL: 0.10750863 Причина: TP Баланс: 979.455700099389 WinRate инструмента: 100%
🔄 Баланс: 979.455700099389$ | PnL: -0.32832005 💵 | Сделок: 22
[2025-08-25 18:10:59][TRADE] Закрыта позиция JST-USDT-SWAP LONG PnL: -0.08881838 Причина: SL Баланс: 969.348881751225 WinRate инструмента: 50%
🔄 Баланс: 969.348881751225$ | PnL: -0.41713843 💵 | Сделок: 23
[2025-08-25 18:16:20][TRADE] Закрыта позиция IOST-USDT-SWAP SHORT PnL: -0.08416476 Причина: SL Баланс: 979.264716960325 WinRate инструмента: 0%
🔄 Баланс: 979.264716960325$ | PnL: -0.50130319 💵 | Сделок: 24
[2025-08-25 18:20:40][TRADE] Закрыта позиция CFX-USDT-SWAP SHORT PnL: -0.14129856 Причина: SL Баланс: 989.123420692325 WinRate инструмента: 0%
🔄 Баланс: 989.123420692325$ | PnL: -0.64260175 💵 | Сделок: 25
[2025-08-25 18:29:40][TRADE] Закрыта позиция XAUT-USDT-SWAP LONG PnL: -0.01661613 Причина: SL Баланс: 989.097709072325 WinRate инструмента: 0%
🔄 Баланс: 989.097709072325$ | PnL: -0.65921788 💵 | Сделок: 26
[2025-08-25 19:18:04][TRADE] Закрыта позиция ZENT-USDT-SWAP LONG PnL: -0.11003273 Причина: SL Баланс: 978.969638307858 WinRate инструмента: 0%
🔄 Баланс: 978.969638307858$ | PnL: -0.76925061 💵 | Сделок: 27
[2025-08-25 19:49:43][TRADE] Закрыта позиция WLD-USDT-SWAP LONG PnL: -0.14913766 Причина: SL Баланс: 988.820538647858 WinRate инструмента: 0%
🔄 Баланс: 988.820538647858$ | PnL: -0.91838827 💵 | Сделок: 28
[2025-08-25 21:07:22][TRADE] Закрыта позиция PERP-USDT-SWAP SHORT PnL: 0.17366606 Причина: TP Баланс: 949.020994771285 WinRate инструмента: 100%
🔄 Баланс: 949.020994771285$ | PnL: -0.74472221 💵 | Сделок: 29
[2025-08-25 21:09:07][TRADE] Закрыта позиция ADA-USD-SWAP LONG PnL: -0.12013191 Причина: SL Баланс: 958.900903981285 WinRate инструмента: 0%
🔄 Баланс: 958.900903981285$ | PnL: -0.86485412 💵 | Сделок: 30
[2025-08-25 23:06:42][TRADE] Закрыта позиция CORE-USDT-SWAP LONG PnL: -0.12217189 Причина: SL Баланс: 948.760731650725 WinRate инструмента: 0%
🔄 Баланс: 948.760731650725$ | PnL: -0.98702601 💵 | Сделок: 31
[2025-08-25 23:16:34][TRADE] Закрыта позиция ADA-USDT-SWAP LONG PnL: -0.12486285 Причина: SL Баланс: 958.635911650725 WinRate инструмента: 0%
🔄 Баланс: 958.635911650725$ | PnL: -1.11188886 💵 | Сделок: 32
[2025-08-25 23:17:11][TRADE] Закрыта позиция BNB-USDT-SWAP LONG PnL: -0.07360351 Причина: SL Баланс: 968.522458140725 WinRate инструмента: 0%
🔄 Баланс: 968.522458140725$ | PnL: -1.18549237 💵 | Сделок: 33
[2025-08-25 23:21:24][TRADE] Закрыта позиция BCH-USD-SWAP SHORT PnL: 0.08042317 Причина: TP Баланс: 978.588681310725 WinRate инструмента: 100%
🔄 Баланс: 978.588681310725$ | PnL: -1.1050692 💵 | Сделок: 34
[2025-08-25 23:22:24][TRADE] Закрыта позиция BCH-USDT-SWAP SHORT PnL: 0.10317614 Причина: TP Баланс: 988.674097450725 WinRate инструмента: 100%
🔄 Баланс: 988.674097450725$ | PnL: -1.00189306 💵 | Сделок: 35
[2025-08-25 23:43:16][TRADE] Закрыта позиция ATH-USDT-SWAP SHORT PnL: 0.17390861 Причина: TP Баланс: 998.848006520725 WinRate инструмента: 100%
🔄 Баланс: 998.848006520725$ | PnL: -0.82798445 💵 | Сделок: 36
[2025-08-26 00:39:53][TRADE] Закрыта позиция SPK-USDT-SWAP LONG PnL: -0.18949976 Причина: SL Баланс: 998.649506761242 WinRate инструмента: 0%
🔄 Баланс: 998.649506761242$ | PnL: -1.01748421 💵 | Сделок: 37
[2025-08-26 04:44:27][TRADE] Закрыта позиция SOLV-USDT-SWAP LONG PnL: 0.1941176 Причина: TP Баланс: 988.825621669937 WinRate инструмента: 100%
🔄 Баланс: 988.825621669937$ | PnL: -0.82336661 💵 | Сделок: 38
[2025-08-26 07:11:21][TRADE] Закрыта позиция XAUT-USDT-SWAP LONG PnL: -0.02426483 Причина: SL Баланс: 978.783268430819 WinRate инструмента: 0%
🔄 Баланс: 978.783268430819$ | PnL: -0.84763144 💵 | Сделок: 39
[2025-08-26 07:18:24][TRADE] Закрыта позиция CRO-USDT-SWAP SHORT PnL: -0.20099962 Причина: SL Баланс: 988.582271498819 WinRate инструмента: 0%
🔄 Баланс: 988.582271498819$ | PnL: -1.04863106 💵 | Сделок: 40
[2025-08-26 09:26:07][TRADE] Закрыта позиция SOLV-USDT-SWAP LONG PnL: -0.10117999 Причина: SL Баланс: 978.463094520466 WinRate инструмента: 50%
🔄 Баланс: 978.463094520466$ | PnL: -1.14981105 💵 | Сделок: 41
[2025-08-26 10:27:31][TRADE] Закрыта позиция ZETA-USDT-SWAP SHORT PnL: -0.24164751 Причина: SL Баланс: 958.19444278237 WinRate инструмента: 0%
🔄 Баланс: 958.19444278237$ | PnL: -1.39145856 💵 | Сделок: 42
[2025-08-26 10:52:52][TRADE] Закрыта позиция PARTI-USDT-SWAP LONG PnL: -0.2147808 Причина: SL Баланс: 947.961657577708 WinRate инструмента: 0%
🔄 Баланс: 947.961657577708$ | PnL: -1.60623936 💵 | Сделок: 43
[2025-08-26 11:31:23][TRADE] Закрыта позиция PARTI-USDT-SWAP LONG PnL: -0.19544673 Причина: SL Баланс: 947.757210854719 WinRate инструмента: 0%
🔄 Баланс: 947.757210854719$ | PnL: -1.80168609 💵 | Сделок: 44
[2025-08-26 11:31:52][TRADE] Закрыта позиция SHELL-USDT-SWAP LONG PnL: -0.23593201 Причина: SL Баланс: 957.521283244719 WinRate инструмента: 0%
🔄 Баланс: 957.521283244719$ | PnL: -2.0376181 💵 | Сделок: 45
[2025-08-26 11:35:42][TRADE] Закрыта позиция HOME-USDT-SWAP LONG PnL: 0.18640892 Причина: TP Баланс: 967.707692184719 WinRate инструмента: 100%
🔄 Баланс: 967.707692184719$ | PnL: -1.85120918 💵 | Сделок: 46
[2025-08-26 12:30:14][TRADE] Закрыта позиция HOME-USDT-SWAP LONG PnL: -0.13472656 Причина: SL Баланс: 937.536960323259 WinRate инструмента: 50%
🔄 Баланс: 937.536960323259$ | PnL: -1.98593574 💵 | Сделок: 47
[2025-08-26 13:45:36][TRADE] Закрыта позиция BICO-USDT-SWAP LONG PnL: -0.19126107 Причина: SL Баланс: 937.336699250379 WinRate инструмента: 0%
🔄 Баланс: 937.336699250379$ | PnL: -2.17719681 💵 | Сделок: 48
[2025-08-26 14:47:18][TRADE] Закрыта позиция DOGS-USDT-SWAP LONG PnL: 0.3750007 Причина: TP Баланс: 917.684688453035 WinRate инструмента: 100%
🔄 Баланс: 917.684688453035$ | PnL: -1.80219611 💵 | Сделок: 49
[2025-08-26 15:28:20][TRADE] Закрыта позиция RESOLV-USDT-SWAP LONG PnL: -0.19683494 Причина: SL Баланс: 917.478860743045 WinRate инструмента: 0%
🔄 Баланс: 917.478860743045$ | PnL: -1.99903105 💵 | Сделок: 50
[2025-08-26 16:03:01][TRADE] Закрыта позиция BICO-USDT-SWAP LONG PnL: -0.20606761 Причина: SL Баланс: 927.272797390045 WinRate инструмента: 0%
🔄 Баланс: 927.272797390045$ | PnL: -2.20509866 💵 | Сделок: 51
[2025-08-26 16:36:59][TRADE] Закрыта позиция DOGS-USDT-SWAP LONG PnL: 0.35242079 Причина: TP Баланс: 937.625218180035 WinRate инструмента: 100%
🔄 Баланс: 937.625218180035$ | PnL: -1.85267787 💵 | Сделок: 52
[2025-08-26 16:44:53][TRADE] Закрыта позиция SOON-USDT-SWAP LONG PnL: 0.48153512 Причина: TP Баланс: 948.106746765035 WinRate инструмента: 100%
🔄 Баланс: 948.106746765035$ | PnL: -1.37114275 💵 | Сделок: 53
[2025-08-26 17:50:47][TRADE] Закрыта позиция AVAX-USD-SWAP LONG PnL: -0.18451422 Причина: SL Баланс: 767.645177695073 WinRate инструмента: 0%
🔄 Баланс: 767.645177695073$ | PnL: -1.55565697 💵 | Сделок: 54
[2025-08-26 17:52:34][TRADE] Закрыта позиция ETHFI-USDT-SWAP LONG PnL: -0.26021767 Причина: SL Баланс: 777.384926625073 WinRate инструмента: 0%
🔄 Баланс: 777.384926625073$ | PnL: -1.81587464 💵 | Сделок: 55
[2025-08-26 18:32:07][TRADE] Закрыта позиция RESOLV-USDT-SWAP LONG PnL: 0.2571717 Причина: TP Баланс: 777.633104660952 WinRate инструмента: 50%
🔄 Баланс: 777.633104660952$ | PnL: -1.55870294 💵 | Сделок: 56
[2025-08-26 18:34:59][TRADE] Закрыта позиция CRO-USDT-SWAP LONG PnL: 0.1997594 Причина: TP Баланс: 787.832864194952 WinRate инструмента: 50%
🔄 Баланс: 787.832864194952$ | PnL: -1.35894354 💵 | Сделок: 57
[2025-08-26 19:04:29][TRADE] Закрыта позиция XAUT-USDT-SWAP SHORT PnL: -0.0251049 Причина: SL Баланс: 787.905516946792 WinRate инструмента: 0%
🔄 Баланс: 787.905516946792$ | PnL: -1.38404844 💵 | Сделок: 58
