[2025-08-08 20:28:23][TRADE] Закрыта позиция GRIFFAIN-USDT-SWAP PnL: -0.03335699 Причина: SL Баланс: 462.543718827019
  Открытие:     2025-08-08 20:24:29
  Закрытие:     2025-08-08 20:28:23
  Цена входа:   0.03664
  Цена выхода:  0.03651778

[2025-08-08 20:28:30][TRADE] Закрыта позиция ICX-USDT-SWAP PnL: -0.01675354 Причина: SL Баланс: 462.528249372019
  Открытие:     2025-08-08 20:20:51
  Закрытие:     2025-08-08 20:28:31
  Цена входа:   0.13313
  Цена выхода:  0.13290696

[2025-08-08 20:28:34][TRADE] Закрыта позиция IOST-USDT-SWAP PnL: -0.01336021 Причина: SL Баланс: 472.514889002019
  Открытие:     2025-08-08 20:24:41
  Закрытие:     2025-08-08 20:28:34
  Цена входа:   0.00372
  Цена выхода:  0.00371503

[2025-08-08 20:28:44][TRADE] Закрыта позиция LAUNCHCOIN-USDT-SWAP PnL: -0.03095978 Причина: SL Баланс: 482.483930678019
  Открытие:     2025-08-08 20:17:29
  Закрытие:     2025-08-08 20:28:45
  Цена входа:   0.07981
  Цена выхода:  0.07956291

[2025-08-08 20:28:49][TRADE] Закрыта позиция LQTY-USDT-SWAP PnL: -0.02620415 Причина: SL Баланс: 492.457742718019
  Открытие:     2025-08-08 20:24:56
  Закрытие:     2025-08-08 20:28:49
  Цена входа:   1.0029
  Цена выхода:  1.00027199

[2025-08-08 20:29:19][TRADE] Закрыта позиция PARTI-USDT-SWAP PnL: 0.06815166 Причина: TP Баланс: 502.525887078019
  Открытие:     2025-08-08 19:55:23
  Закрытие:     2025-08-08 20:29:19
  Цена входа:   0.1905
  Цена выхода:  0.19179829

[2025-08-08 20:30:19][TRADE] Закрыта позиция YGG-USDT-SWAP PnL: -0.02792737 Причина: SL Баланс: 512.497966088019
  Открытие:     2025-08-08 20:26:29
  Закрытие:     2025-08-08 20:30:19
  Цена входа:   0.1638
  Цена выхода:  0.16334255

[2025-08-08 20:30:59][TRADE] Закрыта позиция ACE-USDT-SWAP PnL: -0.02088714 Причина: SL Баланс: 522.477100298019
  Открытие:     2025-08-08 20:23:18
  Закрытие:     2025-08-08 20:31:00
  Цена входа:   0.5695
  Цена выхода:  0.56831048

[2025-08-08 20:31:19][TRADE] Закрыта позиция AXS-USDT-SWAP PnL: -0.02152274 Причина: SL Баланс: 532.455569158019
  Открытие:     2025-08-08 20:23:38
  Закрытие:     2025-08-08 20:31:20
  Цена входа:   2.399
  Цена выхода:  2.39383669

[2025-08-08 20:31:27][TRADE] Закрыта позиция BNT-USDT-SWAP PnL: -0.01744657 Причина: SL Баланс: 542.438150208019
  Открытие:     2025-08-08 20:23:47
  Закрытие:     2025-08-08 20:31:28
  Цена входа:   0.7601
  Цена выхода:  0.75877389

[2025-08-08 20:31:29][TRADE] Закрыта позиция BONK-USDT-SWAP PnL: -0.0373695 Причина: SL Баланс: 552.4007807071
  Открытие:     2025-08-08 20:20:09
  Закрытие:     2025-08-08 20:31:29
  Цена входа:   2.5957E-05
  Цена выхода:  2.586E-05

[2025-08-08 20:31:34][TRADE] Закрыта позиция CFX-USDT-SWAP PnL: -0.02536476 Причина: SL Баланс: 562.3754183881
  Открытие:     2025-08-08 20:20:14
  Закрытие:     2025-08-08 20:31:34
  Цена входа:   0.21151
  Цена выхода:  0.21097351

[2025-08-08 20:31:36][TRADE] Закрыта позиция COOKIE-USDT-SWAP PnL: -0.02847641 Причина: SL Баланс: 572.3469421921
  Открытие:     2025-08-08 20:20:17
  Закрытие:     2025-08-08 20:31:36
  Цена входа:   0.14899
  Цена выхода:  0.14856573

[2025-08-08 20:31:38][TRADE] Закрыта позиция CRV-USDT-SWAP PnL: -0.03238903 Причина: SL Баланс: 582.3145761621
  Открытие:     2025-08-08 20:24:00
  Закрытие:     2025-08-08 20:31:39
  Цена входа:   0.9348
  Цена выхода:  0.93177228

[2025-08-08 20:31:49][TRADE] Закрыта позиция EIGEN-USDT-SWAP PnL: -0.03209938 Причина: SL Баланс: 592.2824516621
  Открытие:     2025-08-08 20:24:11
  Закрытие:     2025-08-08 20:31:49
  Цена входа:   1.2528
  Цена выхода:  1.24877858

[2025-08-08 20:31:56][TRADE] Закрыта позиция FLM-USDT-SWAP PnL: -0.02162253 Причина: SL Баланс: 602.2608295221
  Открытие:     2025-08-08 20:24:18
  Закрытие:     2025-08-08 20:31:57
  Цена входа:   0.02983
  Цена выхода:  0.0297655

[2025-08-08 20:32:01][TRADE] Закрыта позиция GLM-USDT-SWAP PnL: -0.01495586 Причина: SL Баланс: 612.2458799221
  Открытие:     2025-08-08 20:24:24
  Закрытие:     2025-08-08 20:32:01
  Цена входа:   0.2446
  Цена выхода:  0.24423418

[2025-08-08 20:32:07][TRADE] Закрыта позиция GRT-USDT-SWAP PnL: -0.02249123 Причина: SL Баланс: 622.2233922091
  Открытие:     2025-08-08 20:24:30
  Закрытие:     2025-08-08 20:32:08
  Цена входа:   0.09401
  Цена выхода:  0.09379856

[2025-08-08 20:32:12][TRADE] Закрыта позиция HYPE-USDT-SWAP PnL: -0.02712743 Причина: SL Баланс: 632.1949740791
  Открытие:     2025-08-08 20:28:29
  Закрытие:     2025-08-08 20:32:12
  Цена входа:   40.497
  Цена выхода:  40.38712785

[2025-08-08 20:32:17][TRADE] Закрыта позиция IOTA-USDT-SWAP PnL: -0.02188974 Причина: SL Баланс: 642.1730908391
  Открытие:     2025-08-08 20:24:42
  Закрытие:     2025-08-08 20:32:18
  Цена входа:   0.1986
  Цена выхода:  0.19816527

[2025-08-08 20:32:25][TRADE] Закрыта позиция LA-USDT-SWAP PnL: -0.01892874 Причина: SL Баланс: 652.1541571391
  Открытие:     2025-08-08 20:24:50
  Закрытие:     2025-08-08 20:32:25
  Цена входа:   0.3144
  Цена выхода:  0.31380488

[2025-08-08 20:32:28][TRADE] Закрыта позиция LINK-USDT-SWAP PnL: -0.02394564 Причина: SL Баланс: 662.1297880991
  Открытие:     2025-08-08 20:24:54
  Закрытие:     2025-08-08 20:32:28
  Цена входа:   19.182
  Цена выхода:  19.13606553

[2025-08-08 20:32:34][TRADE] Закрыта позиция MANA-USDT-SWAP PnL: -0.02194795 Причина: SL Баланс: 672.1078548691
  Открытие:     2025-08-08 20:25:01
  Закрытие:     2025-08-08 20:32:34
  Цена входа:   0.2976
  Цена выхода:  0.29694683

[2025-08-08 20:32:39][TRADE] Закрыта позиция MEW-USDT-SWAP PnL: -0.028 Причина: SL Баланс: 682.0798548716
  Открытие:     2025-08-08 20:25:06
  Закрытие:     2025-08-08 20:32:39
  Цена входа:   0.003175
  Цена выхода:  0.00316611

[2025-08-08 20:32:40][TRADE] Закрыта позиция MKR-USDT-SWAP PnL: -0.01946682 Причина: SL Баланс: 692.1558880516
  Открытие:     2025-08-08 20:21:20
  Закрытие:     2025-08-08 20:32:41
  Цена входа:   2019.1
  Цена выхода:  2015.2066369

[2025-08-08 20:32:42][TRADE] Закрыта позиция MORPHO-USDT-SWAP PnL: -0.03250371 Причина: SL Баланс: 702.1234710016
  Открытие:     2025-08-08 19:55:06
  Закрытие:     2025-08-08 20:32:42
  Цена входа:   1.9977
  Цена выхода:  1.99120679

[2025-08-08 20:32:45][TRADE] Закрыта позиция NEAR-USDT-SWAP PnL: -0.02335491 Причина: SL Баланс: 712.1000910916
  Открытие:     2025-08-08 20:21:25
  Закрытие:     2025-08-08 20:32:45
  Цена входа:   2.649
  Цена выхода:  2.64281327

[2025-08-08 20:32:58][TRADE] Закрыта позиция PENGU-USDT-SWAP PnL: -0.03279643 Причина: SL Баланс: 722.0672933024
  Открытие:     2025-08-08 20:25:28
  Закрытие:     2025-08-08 20:32:58
  Цена входа:   0.036568
  Цена выхода:  0.03644807

[2025-08-08 20:32:58][TRADE] Закрыта позиция PEOPLE-USDT-SWAP PnL: -0.03044327 Причина: SL Баланс: 732.0368503074
  Открытие:     2025-08-08 20:25:29
  Закрытие:     2025-08-08 20:32:59
  Цена входа:   0.01895
  Цена выхода:  0.01889231

[2025-08-08 20:33:01][TRADE] Закрыта позиция PLUME-USDT-SWAP PnL: -0.03951421 Причина: SL Баланс: 741.9973337474
  Открытие:     2025-08-08 19:51:53
  Закрытие:     2025-08-08 20:33:01
  Цена входа:   0.10025
  Цена выхода:  0.09985387

[2025-08-08 20:33:03][TRADE] Закрыта позиция POPCAT-USDT-SWAP PnL: -0.03330299 Причина: SL Баланс: 751.9640187774
  Открытие:     2025-08-08 20:25:35
  Закрытие:     2025-08-08 20:33:03
  Цена входа:   0.3201
  Цена выхода:  0.31903397

[2025-08-08 20:33:13][TRADE] Закрыта позиция SAND-USDT-SWAP PnL: -0.02215308 Причина: SL Баланс: 761.9418617774
  Открытие:     2025-08-08 20:25:45
  Закрытие:     2025-08-08 20:33:14
  Цена входа:   0.2861
  Цена выхода:  0.2854662

[2025-08-08 20:33:18][TRADE] Закрыта позиция SLP-USDT-SWAP PnL: -0.02429597 Причина: SL Баланс: 771.9175658906
  Открытие:     2025-08-08 20:25:51
  Закрытие:     2025-08-08 20:33:19
  Цена входа:   0.001811
  Цена выхода:  0.0018066

[2025-08-08 20:33:24][TRADE] Закрыта позиция SSV-USDT-SWAP PnL: -0.0351822 Причина: SL Баланс: 781.8826652906
  Открытие:     2025-08-08 20:25:57
  Закрытие:     2025-08-08 20:33:24
  Цена входа:   9.216
  Цена выхода:  9.183577

[2025-08-08 20:33:24][TRADE] Закрыта позиция STORJ-USDT-SWAP PnL: -0.01766444 Причина: SL Баланс: 791.8650059706
  Открытие:     2025-08-08 20:25:58
  Закрытие:     2025-08-08 20:33:25
  Цена входа:   0.2688
  Цена выхода:  0.26832518

[2025-08-08 20:33:32][TRADE] Закрыта позиция TIA-USDT-SWAP PnL: -0.0255393 Причина: SL Баланс: 801.8394641706
  Открытие:     2025-08-08 20:18:37
  Закрытие:     2025-08-08 20:33:32
  Цена входа:   1.725
  Цена выхода:  1.72059447

[2025-08-08 20:33:39][TRADE] Закрыта позиция USELESS-USDT-SWAP PnL: -0.14897508 Причина: SL Баланс: 811.6904891106
  Открытие:     2025-08-08 20:26:15
  Закрытие:     2025-08-08 20:33:40
  Цена входа:   0.1966
  Цена выхода:  0.19367115

