[2025-08-25 11:33:04][TRADE] Закрыта позиция SHELL-USDT-SWAP SHORT PnL: 0.68343745 Причина: TP Баланс: 773.568057854979 WinRate инструмента: 100%
🔄 Баланс: 773.568057854979$ | PnL: 21.02626635 💵 | Сделок: 804
[2025-08-25 11:33:31][TRADE] Закрыта позиция TREE-USDT-SWAP SHORT PnL: 0.18367084 Причина: TP Баланс: 783.751734194979 WinRate инструмента: 66.67%
🔄 Баланс: 783.751734194979$ | PnL: 21.20993719 💵 | Сделок: 805
[2025-08-25 11:33:48][TRADE] Закрыта позиция WCT-USDT-SWAP SHORT PnL: 0.78697582 Причина: TP Баланс: 794.538712714979 WinRate инструмента: 100%
🔄 Баланс: 794.538712714979$ | PnL: 21.99691301 💵 | Сделок: 806
[2025-08-25 11:37:50][TRADE] Закрыта позиция POPCAT-USDT-SWAP SHORT PnL: 0.18282816 Причина: TP Баланс: 804.721547704979 WinRate инструмента: 100%
🔄 Баланс: 804.721547704979$ | PnL: 22.17974117 💵 | Сделок: 807
[2025-08-25 11:38:25][TRADE] Закрыта позиция SWARMS-USDT-SWAP SHORT PnL: 0.4484783 Причина: TP Баланс: 815.170025938979 WinRate инструмента: 50%
🔄 Баланс: 815.170025938979$ | PnL: 22.62821947 💵 | Сделок: 808
[2025-08-25 11:38:37][TRADE] Закрыта позиция TURBO-USDT-SWAP SHORT PnL: 0.16861278 Причина: TP Баланс: 825.338638509779 WinRate инструмента: 100%
🔄 Баланс: 825.338638509779$ | PnL: 22.79683225 💵 | Сделок: 809
[2025-08-25 11:50:22][TRADE] Закрыта позиция AUCTION-USDT-SWAP SHORT PnL: 0.21802506 Причина: TP Баланс: 815.538813778117 WinRate инструмента: 75%
🔄 Баланс: 815.538813778117$ | PnL: 23.01485731 💵 | Сделок: 810
[2025-08-25 11:50:45][TRADE] Закрыта позиция CETUS-USDT-SWAP SHORT PnL: 0.36741175 Причина: TP Баланс: 825.906226604117 WinRate инструмента: 100%
🔄 Баланс: 825.906226604117$ | PnL: 23.38226906 💵 | Сделок: 811
[2025-08-25 11:51:05][TRADE] Закрыта позиция DUCK-USDT-SWAP SHORT PnL: -0.18206028 Причина: SL Баланс: 835.724166142717 WinRate инструмента: 20%
🔄 Баланс: 835.724166142717$ | PnL: 23.20020878 💵 | Сделок: 812
[2025-08-25 11:54:10][TRADE] Закрыта позиция USELESS-USDT-SWAP SHORT PnL: 0.4229193 Причина: TP Баланс: 846.147083842717 WinRate инструмента: 33.33%
🔄 Баланс: 846.147083842717$ | PnL: 23.62312808 💵 | Сделок: 813
[2025-08-25 11:54:32][TRADE] Закрыта позиция ZENT-USDT-SWAP SHORT PnL: 0.1645062 Причина: TP Баланс: 856.311589711117 WinRate инструмента: 40%
🔄 Баланс: 856.311589711117$ | PnL: 23.78763428 💵 | Сделок: 814
[2025-08-25 12:04:10][TRADE] Закрыта позиция OL-USDT-SWAP SHORT PnL: 0.2311104 Причина: TP Баланс: 866.542700191117 WinRate инструмента: 57.14%
🔄 Баланс: 866.542700191117$ | PnL: 24.01874468 💵 | Сделок: 815
[2025-08-25 12:07:24][TRADE] Закрыта позиция BERA-USDT-SWAP SHORT PnL: 0.3132088 Причина: TP Баланс: 876.855807991117 WinRate инструмента: 20%
🔄 Баланс: 876.855807991117$ | PnL: 24.33195348 💵 | Сделок: 816
[2025-08-25 12:11:01][TRADE] Закрыта позиция VINE-USDT-SWAP SHORT PnL: 0.26424585 Причина: TP Баланс: 887.120054060117 WinRate инструмента: 60%
🔄 Баланс: 887.120054060117$ | PnL: 24.59619933 💵 | Сделок: 817
[2025-08-25 12:19:01][TRADE] Закрыта позиция HUMA-USDT-SWAP SHORT PnL: -0.10572997 Причина: SL Баланс: 897.014323645117 WinRate инструмента: 44.44%
🔄 Баланс: 897.014323645117$ | PnL: 24.49046936 💵 | Сделок: 818
[2025-08-25 12:20:41][TRADE] Закрыта позиция SOLV-USDT-SWAP SHORT PnL: -0.04143567 Причина: SL Баланс: 906.972888785917 WinRate инструмента: 37.5%
🔄 Баланс: 906.972888785917$ | PnL: 24.44903369 💵 | Сделок: 819
[2025-08-25 13:01:47][TRADE] Закрыта позиция SOLV-USDT-SWAP SHORT PnL: -0.04796219 Причина: SL Баланс: 866.879785194215 WinRate инструмента: 33.33%
🔄 Баланс: 866.879785194215$ | PnL: 24.4010715 💵 | Сделок: 820
[2025-08-25 13:42:16][TRADE] Закрыта позиция GODS-USDT-SWAP SHORT PnL: -0.09749686 Причина: SL Баланс: 856.764286126298 WinRate инструмента: 33.33%
🔄 Баланс: 856.764286126298$ | PnL: 24.30357464 💵 | Сделок: 821
[2025-08-25 14:28:42][TRADE] Закрыта позиция HUMA-USDT-SWAP SHORT PnL: 0.23791749 Причина: TP Баланс: 856.993203749918 WinRate инструмента: 50%
🔄 Баланс: 856.993203749918$ | PnL: 24.54149213 💵 | Сделок: 822
[2025-08-25 14:32:03][TRADE] Закрыта позиция AAVE-USDT-SWAP SHORT PnL: 0.70906741 Причина: TP Баланс: 867.698503159918 WinRate инструмента: 100%
🔄 Баланс: 867.698503159918$ | PnL: 25.25055954 💵 | Сделок: 823
[2025-08-25 14:32:44][TRADE] Закрыта позиция BOME-USDT-SWAP SHORT PnL: 0.49118626 Причина: TP Баланс: 878.189689369418 WinRate инструмента: 66.67%
🔄 Баланс: 878.189689369418$ | PnL: 25.7417458 💵 | Сделок: 824
[2025-08-25 15:06:51][TRADE] Закрыта позиция ZENT-USDT-SWAP SHORT PnL: -0.05879535 Причина: SL Баланс: 888.130893937418 WinRate инструмента: 33.33%
🔄 Баланс: 888.130893937418$ | PnL: 25.68295045 💵 | Сделок: 825
[2025-08-25 16:55:29][TRADE] Закрыта позиция WAXP-USDT-SWAP SHORT PnL: -0.05490214 Причина: SL Баланс: 888.066998889804 WinRate инструмента: 33.33%
🔄 Баланс: 888.066998889804$ | PnL: 25.62804831 💵 | Сделок: 826
[2025-08-25 18:19:03][TRADE] Закрыта позиция BAND-USDT-SWAP SHORT PnL: -0.19785189 Причина: SL Баланс: 867.842162875257 WinRate инструмента: 33.33%
🔄 Баланс: 867.842162875257$ | PnL: 25.43019642 💵 | Сделок: 827
[2025-08-25 18:40:02][TRADE] Закрыта позиция AUCTION-USDT-SWAP SHORT PnL: -0.09860832 Причина: SL Баланс: 877.743677755257 WinRate инструмента: 60%
🔄 Баланс: 877.743677755257$ | PnL: 25.3315881 💵 | Сделок: 828
[2025-08-25 19:31:46][TRADE] Закрыта позиция BIO-USDT-SWAP SHORT PnL: 1.45825353 Причина: TP Баланс: 889.201924189257 WinRate инструмента: 50%
🔄 Баланс: 889.201924189257$ | PnL: 26.78984163 💵 | Сделок: 829
[2025-08-25 19:49:15][TRADE] Закрыта позиция PENGU-USDT-SWAP SHORT PnL: 0.21781475 Причина: TP Баланс: 899.419739675657 WinRate инструмента: 83.33%
🔄 Баланс: 899.419739675657$ | PnL: 27.00765638 💵 | Сделок: 830
[2025-08-25 21:02:56][TRADE] Закрыта позиция BABY-USDT-SWAP SHORT PnL: 0.20195498 Причина: TP Баланс: 909.621695077657 WinRate инструмента: 100%
🔄 Баланс: 909.621695077657$ | PnL: 27.20961136 💵 | Сделок: 831
[2025-08-25 21:04:07][TRADE] Закрыта позиция HOME-USDT-SWAP SHORT PnL: 0.27470913 Причина: TP Баланс: 919.896404162657 WinRate инструмента: 66.67%
🔄 Баланс: 919.896404162657$ | PnL: 27.48432049 💵 | Сделок: 832
[2025-08-25 22:32:05][TRADE] Закрыта позиция SYRUP-USDT-SWAP SHORT PnL: 0.50509654 Причина: TP Баланс: 910.40655701841 WinRate инструмента: 50%
🔄 Баланс: 910.40655701841$ | PnL: 27.98941703 💵 | Сделок: 833
[2025-08-25 23:09:00][TRADE] Закрыта позиция XAUT-USDT-SWAP SHORT PnL: 0.00370689 Причина: TP Баланс: 669.987394738665 WinRate инструмента: 50%
🔄 Баланс: 669.987394738665$ | PnL: 27.99312392 💵 | Сделок: 834
[2025-08-25 23:17:35][TRADE] Закрыта позиция MERL-USDT-SWAP SHORT PnL: 0.80181993 Причина: TP Баланс: 630.742893918141 WinRate инструмента: 100%
🔄 Баланс: 630.742893918141$ | PnL: 28.79494385 💵 | Сделок: 835
[2025-08-25 23:33:58][TRADE] Закрыта позиция ZRO-USDT-SWAP SHORT PnL: 0.44464908 Причина: TP Баланс: 10.6423736349118 WinRate инструмента: 100%
🔄 Баланс: 10.6423736349118$ | PnL: 29.23959293 💵 | Сделок: 836
[2025-08-25 23:42:47][TRADE] Закрыта позиция TRX-USDT-SWAP SHORT PnL: 0.09164352 Причина: TP Баланс: 10.7250206828398 WinRate инструмента: 25%
🔄 Баланс: 10.7250206828398$ | PnL: 29.33123645 💵 | Сделок: 837
[2025-08-25 23:55:22][TRADE] Закрыта позиция MAGIC-USDT-SWAP SHORT PnL: -0.15899381 Причина: SL Баланс: 10.5570177754803 WinRate инструмента: 50%
🔄 Баланс: 10.5570177754803$ | PnL: 29.17224264 💵 | Сделок: 838
[2025-08-25 23:59:49][TRADE] Закрыта позиция ETH-USDC-SWAP SHORT PnL: 0.30977891 Причина: TP Баланс: 10.9239507245073 WinRate инструмента: 50%
🔄 Баланс: 10.9239507245073$ | PnL: 29.48202155 💵 | Сделок: 839
[2025-08-26 00:00:01][TRADE] Закрыта позиция ETH-USD-SWAP SHORT PnL: 0.31203146 Причина: TP Баланс: 21.2991561845073 WinRate инструмента: 50%
🔄 Баланс: 21.2991561845073$ | PnL: 29.79405301 💵 | Сделок: 840
[2025-08-26 00:00:20][TRADE] Закрыта позиция ETH-USDT-SWAP SHORT PnL: 0.31544171 Причина: TP Баланс: 21.6748487358606 WinRate инструмента: 50%
🔄 Баланс: 21.6748487358606$ | PnL: 30.10949472 💵 | Сделок: 841
[2025-08-26 00:05:39][TRADE] Закрыта позиция AERO-USDT-SWAP SHORT PnL: 0.38909327 Причина: TP Баланс: 32.0639031458606 WinRate инструмента: 75%
🔄 Баланс: 32.0639031458606$ | PnL: 30.49858799 💵 | Сделок: 842
[2025-08-26 00:06:27][TRADE] Закрыта позиция CORE-USDT-SWAP SHORT PnL: -0.13280386 Причина: SL Баланс: 41.9310777858606 WinRate инструмента: 0%
🔄 Баланс: 41.9310777858606$ | PnL: 30.36578413 💵 | Сделок: 843
[2025-08-26 00:13:11][TRADE] Закрыта позиция NXPC-USDT-SWAP SHORT PnL: 0.33777642 Причина: TP Баланс: 52.2688519758606 WinRate инструмента: 100%
🔄 Баланс: 52.2688519758606$ | PnL: 30.70356055 💵 | Сделок: 844
[2025-08-26 00:13:51][TRADE] Закрыта позиция SNX-USDT-SWAP SHORT PnL: 0.96564658 Причина: TP Баланс: 63.2344906558606 WinRate инструмента: 100%
🔄 Баланс: 63.2344906558606$ | PnL: 31.66920713 💵 | Сделок: 845
[2025-08-26 00:14:40][TRADE] Закрыта позиция ZENT-USDT-SWAP SHORT PnL: 0.28405505 Причина: TP Баланс: 73.5185459224606 WinRate инструмента: 42.86%
🔄 Баланс: 73.5185459224606$ | PnL: 31.95326218 💵 | Сделок: 846
[2025-08-26 00:16:01][TRADE] Закрыта позиция BAND-USDT-SWAP SHORT PnL: 0.4288136 Причина: TP Баланс: 83.9473907724606 WinRate инструмента: 50%
🔄 Баланс: 83.9473907724606$ | PnL: 32.38207578 💵 | Сделок: 847
[2025-08-26 00:17:17][TRADE] Закрыта позиция INIT-USDT-SWAP SHORT PnL: 0.50325724 Причина: TP Баланс: 94.4506465724606 WinRate инструмента: 50%
🔄 Баланс: 94.4506465724606$ | PnL: 32.88533302 💵 | Сделок: 848
[2025-08-26 00:34:09][TRADE] Закрыта позиция UMA-USDT-SWAP SHORT PnL: 1.15930218 Причина: TP Баланс: 105.609998252461 WinRate инструмента: 100%
🔄 Баланс: 105.609998252461$ | PnL: 34.0446352 💵 | Сделок: 849
[2025-08-26 00:34:21][TRADE] Закрыта позиция WCT-USDT-SWAP SHORT PnL: 0.35252625 Причина: TP Баланс: 115.962537542461 WinRate инструмента: 100%
🔄 Баланс: 115.962537542461$ | PnL: 34.39716145 💵 | Сделок: 850
[2025-08-26 00:34:22][TRADE] Закрыта позиция WIF-USDT-SWAP SHORT PnL: 0.52402573 Причина: TP Баланс: 126.486523272461 WinRate инструмента: 100%
🔄 Баланс: 126.486523272461$ | PnL: 34.92118718 💵 | Сделок: 851
[2025-08-26 00:34:55][TRADE] Закрыта позиция XRP-USD-SWAP SHORT PnL: 0.33520588 Причина: TP Баланс: 136.821766672461 WinRate инструмента: 50%
🔄 Баланс: 136.821766672461$ | PnL: 35.25639306 💵 | Сделок: 852
[2025-08-26 00:35:12][TRADE] Закрыта позиция TON-USDT-SWAP SHORT PnL: 0.28906166 Причина: TP Баланс: 147.110784132461 WinRate инструмента: 60%
🔄 Баланс: 147.110784132461$ | PnL: 35.54545472 💵 | Сделок: 853
[2025-08-26 00:35:14][TRADE] Закрыта позиция XRP-USDT-SWAP SHORT PnL: 0.33925009 Причина: TP Баланс: 157.449967102461 WinRate инструмента: 50%
🔄 Баланс: 157.449967102461$ | PnL: 35.88470481 💵 | Сделок: 854
[2025-08-26 00:35:30][TRADE] Закрыта позиция AIXBT-USDT-SWAP SHORT PnL: 0.52912475 Причина: TP Баланс: 167.979096108461 WinRate инструмента: 100%
🔄 Баланс: 167.979096108461$ | PnL: 36.41382956 💵 | Сделок: 855
[2025-08-26 00:35:39][TRADE] Закрыта позиция ARC-USDT-SWAP SHORT PnL: 0.62070742 Причина: TP Баланс: 178.599804408461 WinRate инструмента: 75%
🔄 Баланс: 178.599804408461$ | PnL: 37.03453698 💵 | Сделок: 856
[2025-08-26 00:36:06][TRADE] Закрыта позиция CETUS-USDT-SWAP SHORT PnL: 0.50549734 Причина: TP Баланс: 189.105299973461 WinRate инструмента: 100%
🔄 Баланс: 189.105299973461$ | PnL: 37.54003432 💵 | Сделок: 857
[2025-08-26 00:36:58][TRADE] Закрыта позиция HUMA-USDT-SWAP SHORT PnL: 0.46027129 Причина: TP Баланс: 199.565570263461 WinRate инструмента: 54.55%
🔄 Баланс: 199.565570263461$ | PnL: 38.00030561 💵 | Сделок: 858
[2025-08-26 00:37:20][TRADE] Закрыта позиция LAYER-USDT-SWAP SHORT PnL: 0.35450773 Причина: TP Баланс: 209.920091433461 WinRate инструмента: 100%
🔄 Баланс: 209.920091433461$ | PnL: 38.35481334 💵 | Сделок: 859
[2025-08-26 00:37:43][TRADE] Закрыта позиция MOVE-USDT-SWAP SHORT PnL: 0.38322486 Причина: TP Баланс: 220.303311549461 WinRate инструмента: 75%
🔄 Баланс: 220.303311549461$ | PnL: 38.7380382 💵 | Сделок: 860
[2025-08-26 00:37:43][TRADE] Закрыта позиция MUBARAK-USDT-SWAP SHORT PnL: 0.5047069 Причина: TP Баланс: 230.808018277461 WinRate инструмента: 66.67%
🔄 Баланс: 230.808018277461$ | PnL: 39.2427451 💵 | Сделок: 861
[2025-08-26 00:37:45][TRADE] Закрыта позиция NEIROETH-USDT-SWAP SHORT PnL: 0.74514192 Причина: TP Баланс: 241.553164407461 WinRate инструмента: 75%
🔄 Баланс: 241.553164407461$ | PnL: 39.98788702 💵 | Сделок: 862
[2025-08-26 00:37:54][TRADE] Закрыта позиция OM-USDT-SWAP SHORT PnL: 0.44207254 Причина: TP Баланс: 251.995246547461 WinRate инструмента: 50%
🔄 Баланс: 251.995246547461$ | PnL: 40.42995956 💵 | Сделок: 863
[2025-08-26 00:38:01][TRADE] Закрыта позиция PARTI-USDT-SWAP SHORT PnL: 0.46189136 Причина: TP Баланс: 262.457138557461 WinRate инструмента: 100%
🔄 Баланс: 262.457138557461$ | PnL: 40.89185092 💵 | Сделок: 864
[2025-08-26 00:38:18][TRADE] Закрыта позиция RESOLV-USDT-SWAP SHORT PnL: 0.40127429 Причина: TP Баланс: 272.858411037461 WinRate инструмента: 50%
🔄 Баланс: 272.858411037461$ | PnL: 41.29312521 💵 | Сделок: 865
[2025-08-26 00:38:36][TRADE] Закрыта позиция SSV-USDT-SWAP SHORT PnL: 0.45891927 Причина: TP Баланс: 283.317165307461 WinRate инструмента: 50%
🔄 Баланс: 283.317165307461$ | PnL: 41.75204448 💵 | Сделок: 866
[2025-08-26 00:38:51][TRADE] Закрыта позиция TREE-USDT-SWAP SHORT PnL: 0.42145737 Причина: TP Баланс: 293.738623077461 WinRate инструмента: 71.43%
🔄 Баланс: 293.738623077461$ | PnL: 42.17350185 💵 | Сделок: 867
[2025-08-26 00:41:01][TRADE] Закрыта позиция COOKIE-USDT-SWAP SHORT PnL: 0.54773674 Причина: TP Баланс: 304.286359702461 WinRate инструмента: 100%
🔄 Баланс: 304.286359702461$ | PnL: 42.72123859 💵 | Сделок: 868
[2025-08-26 00:44:58][TRADE] Закрыта позиция PI-USDT-SWAP SHORT PnL: 0.27687623 Причина: TP Баланс: 314.563243392461 WinRate инструмента: 75%
🔄 Баланс: 314.563243392461$ | PnL: 42.99811482 💵 | Сделок: 869
[2025-08-26 00:45:17][TRADE] Закрыта позиция APE-USDT-SWAP SHORT PnL: 0.38856146 Причина: TP Баланс: 324.951813702461 WinRate инструмента: 66.67%
🔄 Баланс: 324.951813702461$ | PnL: 43.38667628 💵 | Сделок: 870
[2025-08-26 00:51:37][TRADE] Закрыта позиция HMSTR-USDT-SWAP SHORT PnL: 0.47418322 Причина: TP Баланс: 315.408003461871 WinRate инструмента: 66.67%
🔄 Баланс: 315.408003461871$ | PnL: 43.8608595 💵 | Сделок: 871
[2025-08-26 01:01:26][TRADE] Закрыта позиция GRIFFAIN-USDT-SWAP SHORT PnL: 0.59883385 Причина: TP Баланс: 326.006837127871 WinRate инструмента: 75%
🔄 Баланс: 326.006837127871$ | PnL: 44.45969335 💵 | Сделок: 872
[2025-08-26 01:24:20][TRADE] Закрыта позиция FIL-USD-SWAP SHORT PnL: 0.4818379 Причина: TP Баланс: 316.470649834536 WinRate инструмента: 66.67%
🔄 Баланс: 316.470649834536$ | PnL: 44.94153125 💵 | Сделок: 873
[2025-08-26 01:30:12][TRADE] Закрыта позиция BERA-USDT-SWAP SHORT PnL: 0.4014648 Причина: TP Баланс: 326.872219134536 WinRate инструмента: 33.33%
🔄 Баланс: 326.872219134536$ | PnL: 45.34299605 💵 | Сделок: 874
[2025-08-26 01:31:01][TRADE] Закрыта позиция FXS-USDT-SWAP SHORT PnL: 0.36737348 Причина: TP Баланс: 337.239555314536 WinRate инструмента: 100%
🔄 Баланс: 337.239555314536$ | PnL: 45.71036953 💵 | Сделок: 875
[2025-08-26 01:32:02][TRADE] Закрыта позиция MOODENG-USDT-SWAP SHORT PnL: 0.58723136 Причина: TP Баланс: 347.826784230536 WinRate инструмента: 75%
🔄 Баланс: 347.826784230536$ | PnL: 46.29760089 💵 | Сделок: 876
[2025-08-26 01:33:00][TRADE] Закрыта позиция SPX-USDT-SWAP SHORT PnL: 0.63488972 Причина: TP Баланс: 358.461674730536 WinRate инструмента: 87.5%
🔄 Баланс: 358.461674730536$ | PnL: 46.93249061 💵 | Сделок: 877
[2025-08-26 01:35:47][TRADE] Закрыта позиция ENS-USDT-SWAP SHORT PnL: 0.43456896 Причина: TP Баланс: 368.895475690536 WinRate инструмента: 50%
🔄 Баланс: 368.895475690536$ | PnL: 47.36705957 💵 | Сделок: 878
[2025-08-26 01:43:17][TRADE] Закрыта позиция USELESS-USDT-SWAP SHORT PnL: 0.92242606 Причина: TP Баланс: 379.817889800536 WinRate инструмента: 50%
🔄 Баланс: 379.817889800536$ | PnL: 48.28948563 💵 | Сделок: 879
[2025-08-26 02:46:47][TRADE] Закрыта позиция RESOLV-USDT-SWAP SHORT PnL: -0.13957827 Причина: SL Баланс: 389.678310280536 WinRate инструмента: 40%
🔄 Баланс: 389.678310280536$ | PnL: 48.14990736 💵 | Сделок: 880
[2025-08-26 03:24:40][TRADE] Закрыта позиция HOME-USDT-SWAP SHORT PnL: -0.06437478 Причина: SL Баланс: 379.595945448194 WinRate инструмента: 57.14%
🔄 Баланс: 379.595945448194$ | PnL: 48.08553258 💵 | Сделок: 881
[2025-08-26 03:39:14][TRADE] Закрыта позиция HOME-USDT-SWAP SHORT PnL: -0.06420524 Причина: SL Баланс: 349.49569240665 WinRate инструмента: 50%
🔄 Баланс: 349.49569240665$ | PnL: 48.02132734 💵 | Сделок: 882
[2025-08-26 03:46:00][TRADE] Закрыта позиция SYRUP-USDT-SWAP SHORT PnL: -0.11099777 Причина: SL Баланс: 359.38470551665 WinRate инструмента: 33.33%
🔄 Баланс: 359.38470551665$ | PnL: 47.91032957 💵 | Сделок: 883
[2025-08-26 04:02:36][TRADE] Закрыта позиция BERA-USDT-SWAP SHORT PnL: -0.12223814 Причина: SL Баланс: 369.26253017665 WinRate инструмента: 28.57%
🔄 Баланс: 369.26253017665$ | PnL: 47.78809143 💵 | Сделок: 884
[2025-08-26 04:10:45][TRADE] Закрыта позиция TRX-USDT-SWAP SHORT PnL: 0.11158604 Причина: TP Баланс: 359.356084598318 WinRate инструмента: 40%
🔄 Баланс: 359.356084598318$ | PnL: 47.89967747 💵 | Сделок: 885
[2025-08-26 04:37:04][TRADE] Закрыта позиция MAGIC-USDT-SWAP SHORT PnL: -0.09928946 Причина: SL Баланс: 359.24760621738 WinRate инструмента: 40%
🔄 Баланс: 359.24760621738$ | PnL: 47.80038801 💵 | Сделок: 886
[2025-08-26 04:38:00][TRADE] Закрыта позиция CORE-USDT-SWAP SHORT PnL: -0.07476374 Причина: SL Баланс: 369.17286384738 WinRate инструмента: 0%
🔄 Баланс: 369.17286384738$ | PnL: 47.72562427 💵 | Сделок: 887
[2025-08-26 04:47:21][TRADE] Закрыта позиция API3-USDT-SWAP SHORT PnL: 0.38327946 Причина: TP Баланс: 369.547198053148 WinRate инструмента: 37.5%
🔄 Баланс: 369.547198053148$ | PnL: 48.10890373 💵 | Сделок: 888
[2025-08-26 05:02:10][TRADE] Закрыта позиция ANIME-USDT-SWAP SHORT PnL: 0.42325975 Причина: TP Баланс: 379.970457359148 WinRate инструмента: 75%
🔄 Баланс: 379.970457359148$ | PnL: 48.53216348 💵 | Сделок: 889
[2025-08-26 05:07:47][TRADE] Закрыта позиция CORE-USDT-SWAP SHORT PnL: -0.08570052 Причина: SL Баланс: 389.884739319148 WinRate инструмента: 0%
🔄 Баланс: 389.884739319148$ | PnL: 48.44646296 💵 | Сделок: 890
[2025-08-26 06:11:19][TRADE] Закрыта позиция NEIROETH-USDT-SWAP SHORT PnL: -0.25285545 Причина: SL Баланс: 369.60484892248 WinRate инструмента: 60%
🔄 Баланс: 369.60484892248$ | PnL: 48.19360751 💵 | Сделок: 891
[2025-08-26 06:14:07][TRADE] Закрыта позиция ARB-USDT-SWAP SHORT PnL: -0.24517976 Причина: SL Баланс: 379.35968191248 WinRate инструмента: 40%
🔄 Баланс: 379.35968191248$ | PnL: 47.94842775 💵 | Сделок: 892
[2025-08-26 06:40:55][TRADE] Закрыта позиция AAVE-USDT-SWAP SHORT PnL: -0.16306644 Причина: SL Баланс: 15.9318183080514 WinRate инструмента: 50%
🔄 Баланс: 15.9318183080514$ | PnL: 47.78536131 💵 | Сделок: 893
[2025-08-26 06:49:04][TRADE] Закрыта позиция IP-USDT-SWAP SHORT PnL: -0.17380432 Причина: SL Баланс: 15.7491916269894 WinRate инструмента: 12.5%
🔄 Баланс: 15.7491916269894$ | PnL: 47.61155699 💵 | Сделок: 894
[2025-08-26 07:42:53][TRADE] Закрыта позиция TRX-USDT-SWAP SHORT PnL: -0.03941847 Причина: SL Баланс: 15.7007754212294 WinRate инструмента: 33.33%
🔄 Баланс: 15.7007754212294$ | PnL: 47.57213852 💵 | Сделок: 895
[2025-08-26 08:12:53][TRADE] Закрыта позиция BTC-USDT-SWAP SHORT PnL: -0.04659915 Причина: SL Баланс: 16.6113463136675 WinRate инструмента: 50%
🔄 Баланс: 16.6113463136675$ | PnL: 47.52553937 💵 | Сделок: 896
[2025-08-26 08:14:52][TRADE] Закрыта позиция BTC-USDC-SWAP SHORT PnL: -0.04551595 Причина: SL Баланс: 17.3494953159675 WinRate инструмента: 33.33%
🔄 Баланс: 17.3494953159675$ | PnL: 47.48002342 💵 | Сделок: 897
[2025-08-26 08:15:04][TRADE] Закрыта позиция BTC-USD-SWAP SHORT PnL: -0.04722754 Причина: SL Баланс: 18.0707122939675 WinRate инструмента: 50%
🔄 Баланс: 18.0707122939675$ | PnL: 47.43279588 💵 | Сделок: 898
[2025-08-26 08:16:19][TRADE] Закрыта позиция LAYER-USDT-SWAP SHORT PnL: -0.09229075 Причина: SL Баланс: 17.7776565048675 WinRate инструмента: 66.67%
🔄 Баланс: 17.7776565048675$ | PnL: 47.34050513 💵 | Сделок: 899
[2025-08-26 08:18:55][TRADE] Закрыта позиция MAGIC-USDT-SWAP SHORT PnL: -0.09237961 Причина: SL Баланс: 17.6762805270979 WinRate инструмента: 33.33%
🔄 Баланс: 17.6762805270979$ | PnL: 47.24812552 💵 | Сделок: 900
[2025-08-26 08:41:10][TRADE] Закрыта позиция LA-USDT-SWAP SHORT PnL: -0.19067658 Причина: SL Баланс: 17.4765811105459 WinRate инструмента: 20%
🔄 Баланс: 17.4765811105459$ | PnL: 47.05744894 💵 | Сделок: 901
[2025-08-26 08:54:25][TRADE] Закрыта позиция S-USDT-SWAP SHORT PnL: -0.09247571 Причина: SL Баланс: 17.3751201207619 WinRate инструмента: 0%
🔄 Баланс: 17.3751201207619$ | PnL: 46.96497323 💵 | Сделок: 902
[2025-08-26 08:54:33][TRADE] Закрыта позиция SLP-USDT-SWAP SHORT PnL: -0.09764606 Причина: SL Баланс: 27.2774740335619 WinRate инструмента: 75%
🔄 Баланс: 27.2774740335619$ | PnL: 46.86732717 💵 | Сделок: 903
[2025-08-26 08:55:25][TRADE] Закрыта позиция ZEREBRO-USDT-SWAP SHORT PnL: -0.10200663 Причина: SL Баланс: 37.1754667865619 WinRate инструмента: 50%
🔄 Баланс: 37.1754667865619$ | PnL: 46.76532054 💵 | Сделок: 904
[2025-08-26 09:02:53][TRADE] Закрыта позиция CORE-USDT-SWAP SHORT PnL: -0.07274531 Причина: SL Баланс: 17.0757162168859 WinRate инструмента: 0%
🔄 Баланс: 17.0757162168859$ | PnL: 46.69257523 💵 | Сделок: 905
[2025-08-26 09:27:18][TRADE] Закрыта позиция NMR-USDT-SWAP SHORT PnL: -0.09673943 Причина: SL Баланс: 16.9698460016976 WinRate инструмента: 0%
🔄 Баланс: 16.9698460016976$ | PnL: 46.5958358 💵 | Сделок: 906
[2025-08-26 09:44:36][TRADE] Закрыта позиция GRIFFAIN-USDT-SWAP SHORT PnL: -0.13702253 Причина: SL Баланс: 16.8238333386976 WinRate инструмента: 60%
🔄 Баланс: 16.8238333386976$ | PnL: 46.45881327 💵 | Сделок: 907
[2025-08-26 09:45:35][TRADE] Закрыта позиция PENGU-USDT-SWAP SHORT PnL: -0.16577572 Причина: SL Баланс: 16.6490544944516 WinRate инструмента: 71.43%
🔄 Баланс: 16.6490544944516$ | PnL: 46.29303755 💵 | Сделок: 908
[2025-08-26 09:52:32][TRADE] Закрыта позиция LA-USDT-SWAP SHORT PnL: -0.10703538 Причина: SL Баланс: 16.5330172816218 WinRate инструмента: 16.67%
🔄 Баланс: 16.5330172816218$ | PnL: 46.18600217 💵 | Сделок: 909
[2025-08-26 09:57:29][TRADE] Закрыта позиция HUMA-USDT-SWAP SHORT PnL: 0.23304326 Причина: TP Баланс: 16.7570654251858 WinRate инструмента: 58.33%
🔄 Баланс: 16.7570654251858$ | PnL: 46.41904543 💵 | Сделок: 910
[2025-08-26 10:16:34][TRADE] Закрыта позиция TAO-USDT-SWAP SHORT PnL: -0.21931565 Причина: SL Баланс: 16.5159327078228 WinRate инструмента: 50%
🔄 Баланс: 16.5159327078228$ | PnL: 46.19972978 💵 | Сделок: 911
[2025-08-26 10:18:30][TRADE] Закрыта позиция AR-USDT-SWAP SHORT PnL: -0.12293854 Причина: SL Баланс: 26.3930603678228 WinRate инструмента: 42.86%
🔄 Баланс: 26.3930603678228$ | PnL: 46.07679124 💵 | Сделок: 912
[2025-08-26 10:29:20][TRADE] Закрыта позиция BABY-USDT-SWAP SHORT PnL: -0.20791721 Причина: SL Баланс: 36.1851415298228 WinRate инструмента: 80%
🔄 Баланс: 36.1851415298228$ | PnL: 45.86887403 💵 | Сделок: 913
[2025-08-26 10:34:43][TRADE] Закрыта позиция NEWT-USDT-SWAP SHORT PnL: -0.08872104 Причина: SL Баланс: 16.0694070773232 WinRate инструмента: 33.33%
🔄 Баланс: 16.0694070773232$ | PnL: 45.78015299 💵 | Сделок: 914
[2025-08-26 10:35:22][TRADE] Закрыта позиция SCR-USDT-SWAP SHORT PnL: -0.15135661 Причина: SL Баланс: 25.9180629073232 WinRate инструмента: 33.33%
🔄 Баланс: 25.9180629073232$ | PnL: 45.62879638 💵 | Сделок: 915
[2025-08-26 10:41:13][TRADE] Закрыта позиция VIRTUAL-USDT-SWAP SHORT PnL: -0.18994467 Причина: SL Баланс: 25.7191194974482 WinRate инструмента: 0%
🔄 Баланс: 25.7191194974482$ | PnL: 45.43885171 💵 | Сделок: 916
[2025-08-26 10:54:53][TRADE] Закрыта позиция MORPHO-USDT-SWAP SHORT PnL: 0.18692637 Причина: TP Баланс: 15.888140221463 WinRate инструмента: 22.22%
🔄 Баланс: 15.888140221463$ | PnL: 45.62577808 💵 | Сделок: 917
[2025-08-26 11:27:28][TRADE] Закрыта позиция GRASS-USDT-SWAP SHORT PnL: -0.20354937 Причина: SL Баланс: 15.671761915463 WinRate инструмента: 40%
🔄 Баланс: 15.671761915463$ | PnL: 45.42222871 💵 | Сделок: 918
[2025-08-26 11:34:57][TRADE] Закрыта позиция STORJ-USDT-SWAP SHORT PnL: -0.09920185 Причина: SL Баланс: 15.563566945103 WinRate инструмента: 42.86%
🔄 Баланс: 15.563566945103$ | PnL: 45.32302686 💵 | Сделок: 919
[2025-08-26 11:35:04][TRADE] Закрыта позиция TAO-USDT-SWAP SHORT PnL: -0.10594803 Причина: SL Баланс: 15.452435894403 WinRate инструмента: 40%
🔄 Баланс: 15.452435894403$ | PnL: 45.21707883 💵 | Сделок: 920
[2025-08-26 11:35:14][TRADE] Закрыта позиция VINE-USDT-SWAP SHORT PnL: -0.18572673 Причина: SL Баланс: 15.257721624417 WinRate инструмента: 50%
🔄 Баланс: 15.257721624417$ | PnL: 45.0313521 💵 | Сделок: 921
[2025-08-26 11:35:44][TRADE] Закрыта позиция FIL-USD-SWAP SHORT PnL: -0.09739956 Причина: SL Баланс: 15.151360543049 WinRate инструмента: 57.14%
🔄 Баланс: 15.151360543049$ | PnL: 44.93395254 💵 | Сделок: 922
[2025-08-26 11:36:00][TRADE] Закрыта позиция AEVO-USDT-SWAP SHORT PnL: -0.12055363 Причина: SL Баланс: 15.021800323606 WinRate инструмента: 40%
🔄 Баланс: 15.021800323606$ | PnL: 44.81339891 💵 | Сделок: 923
[2025-08-26 11:36:48][TRADE] Закрыта позиция IOTA-USDT-SWAP SHORT PnL: -0.09483722 Причина: SL Баланс: 14.917955769646 WinRate инструмента: 37.5%
🔄 Баланс: 14.917955769646$ | PnL: 44.71856169 💵 | Сделок: 924
[2025-08-26 11:36:51][TRADE] Закрыта позиция JOE-USDT-SWAP SHORT PnL: -0.1006709 Причина: SL Баланс: 14.808503547016 WinRate инструмента: 0%
🔄 Баланс: 14.808503547016$ | PnL: 44.61789079 💵 | Сделок: 925
[2025-08-26 11:37:02][TRADE] Закрыта позиция LUNA-USDT-SWAP SHORT PnL: -0.08825935 Причина: SL Баланс: 14.711298783456 WinRate инструмента: 28.57%
🔄 Баланс: 14.711298783456$ | PnL: 44.52963144 💵 | Сделок: 926
[2025-08-26 11:37:18][TRADE] Закрыта позиция MOVE-USDT-SWAP SHORT PnL: -0.09240611 Причина: SL Баланс: 14.6098867163296 WinRate инструмента: 60%
🔄 Баланс: 14.6098867163296$ | PnL: 44.43722533 💵 | Сделок: 927
[2025-08-26 11:37:35][TRADE] Закрыта позиция PENGU-USDT-SWAP SHORT PnL: -0.12768726 Причина: SL Баланс: 14.4732308294096 WinRate инструмента: 62.5%
🔄 Баланс: 14.4732308294096$ | PnL: 44.30953807 💵 | Сделок: 928
[2025-08-26 11:37:55][TRADE] Закрыта позиция STX-USDT-SWAP SHORT PnL: -0.09074982 Причина: SL Баланс: 14.3734668964808 WinRate инструмента: 66.67%
🔄 Баланс: 14.3734668964808$ | PnL: 44.21878825 💵 | Сделок: 929
[2025-08-26 11:38:10][TRADE] Закрыта позиция VANA-USDT-SWAP SHORT PnL: -0.15574118 Причина: SL Баланс: 14.2016829714808 WinRate инструмента: 33.33%
🔄 Баланс: 14.2016829714808$ | PnL: 44.06304707 💵 | Сделок: 930
[2025-08-26 11:38:16][TRADE] Закрыта позиция WCT-USDT-SWAP SHORT PnL: -0.10285764 Причина: SL Баланс: 14.0898227203378 WinRate инструмента: 66.67%
🔄 Баланс: 14.0898227203378$ | PnL: 43.96018943 💵 | Сделок: 931
[2025-08-26 11:38:18][TRADE] Закрыта позиция YGG-USDT-SWAP SHORT PnL: -0.12771484 Причина: SL Баланс: 13.9530933068738 WinRate инструмента: 33.33%
🔄 Баланс: 13.9530933068738$ | PnL: 43.83247459 💵 | Сделок: 932
[2025-08-26 11:38:59][TRADE] Закрыта позиция ACE-USDT-SWAP SHORT PnL: -0.11472088 Причина: SL Баланс: 13.8237755868738 WinRate инструмента: 66.67%
🔄 Баланс: 13.8237755868738$ | PnL: 43.71775371 💵 | Сделок: 933
[2025-08-26 11:39:03][TRADE] Закрыта позиция AERO-USDT-SWAP SHORT PnL: -0.11912464 Причина: SL Баланс: 23.7046250268738 WinRate инструмента: 60%
🔄 Баланс: 23.7046250268738$ | PnL: 43.59862907 💵 | Сделок: 934
[2025-08-26 11:40:02][TRADE] Закрыта позиция JUP-USDT-SWAP SHORT PnL: -0.12419419 Причина: SL Баланс: 13.5622618112719 WinRate инструмента: 66.67%
🔄 Баланс: 13.5622618112719$ | PnL: 43.47443488 💵 | Сделок: 935
[2025-08-26 11:43:42][TRADE] Закрыта позиция ZRO-USDT-SWAP SHORT PnL: -0.10018879 Причина: SL Баланс: 13.4530901047284 WinRate инструмента: 50%
🔄 Баланс: 13.4530901047284$ | PnL: 43.37424609 💵 | Сделок: 936
[2025-08-26 11:48:16][TRADE] Закрыта позиция PNUT-USDT-SWAP SHORT PnL: -0.25212763 Причина: SL Баланс: 13.1919774356084 WinRate инструмента: 33.33%
🔄 Баланс: 13.1919774356084$ | PnL: 43.12211846 💵 | Сделок: 937
[2025-08-26 11:52:18][TRADE] Закрыта позиция INIT-USDT-SWAP SHORT PnL: -0.10945133 Причина: SL Баланс: 23.0825204156084 WinRate инструмента: 40%
🔄 Баланс: 23.0825204156084$ | PnL: 43.01266713 💵 | Сделок: 938
[2025-08-26 11:54:52][TRADE] Закрыта позиция ZK-USDT-SWAP SHORT PnL: -0.15091014 Причина: SL Баланс: 32.9316108686084 WinRate инструмента: 75%
🔄 Баланс: 32.9316108686084$ | PnL: 42.86175699 💵 | Сделок: 939
[2025-08-26 13:28:52][TRADE] Закрыта позиция MKR-USDT-SWAP SHORT PnL: -0.12730774 Причина: SL Баланс: 12.7542722197912 WinRate инструмента: 60%
🔄 Баланс: 12.7542722197912$ | PnL: 42.73444925 💵 | Сделок: 940
[2025-08-26 13:43:30][TRADE] Закрыта позиция BCH-USD-SWAP SHORT PnL: 0.11210808 Причина: TP Баланс: 12.8614606200792 WinRate инструмента: 33.33%
🔄 Баланс: 12.8614606200792$ | PnL: 42.84655733 💵 | Сделок: 941
[2025-08-26 14:09:45][TRADE] Закрыта позиция PRCL-USDT-SWAP SHORT PnL: -0.12980327 Причина: SL Баланс: 12.7226583821782 WinRate инструмента: 0%
🔄 Баланс: 12.7226583821782$ | PnL: 42.71675406 💵 | Сделок: 942
[2025-08-26 14:26:49][TRADE] Закрыта позиция LA-USDT-SWAP SHORT PnL: 0.19807576 Причина: TP Баланс: 12.9117272506752 WinRate инструмента: 28.57%
🔄 Баланс: 12.9117272506752$ | PnL: 42.91482982 💵 | Сделок: 943
[2025-08-26 14:39:00][TRADE] Закрыта позиция FIL-USDT-SWAP SHORT PnL: -0.21152412 Причина: SL Баланс: 12.6912594715212 WinRate инструмента: 50%
🔄 Баланс: 12.6912594715212$ | PnL: 42.7033057 💵 | Сделок: 944
[2025-08-26 14:41:34][TRADE] Закрыта позиция TURBO-USDT-SWAP SHORT PnL: -0.23788621 Причина: SL Баланс: 22.4533734387212 WinRate инструмента: 50%
🔄 Баланс: 22.4533734387212$ | PnL: 42.46541949 💵 | Сделок: 945
[2025-08-26 14:43:39][TRADE] Закрыта позиция CATI-USDT-SWAP SHORT PnL: -0.12187015 Причина: SL Баланс: 32.3315031787212 WinRate инструмента: 0%
🔄 Баланс: 32.3315031787212$ | PnL: 42.34354934 💵 | Сделок: 946
[2025-08-26 14:45:35][TRADE] Закрыта позиция NXPC-USDT-SWAP SHORT PnL: -0.08675448 Причина: SL Баланс: 42.2447174987212 WinRate инструмента: 66.67%
🔄 Баланс: 42.2447174987212$ | PnL: 42.25679486 💵 | Сделок: 947
[2025-08-26 14:46:32][TRADE] Закрыта позиция T-USDT-SWAP SHORT PnL: -0.13260542 Причина: SL Баланс: 52.1121118387212 WinRate инструмента: 0%
🔄 Баланс: 52.1121118387212$ | PnL: 42.12418944 💵 | Сделок: 948
[2025-08-26 14:47:41][TRADE] Закрыта позиция LINK-USD-SWAP SHORT PnL: -0.12887922 Причина: SL Баланс: 61.9841676187212 WinRate инструмента: 12.5%
🔄 Баланс: 61.9841676187212$ | PnL: 41.99531022 💵 | Сделок: 949
[2025-08-26 14:50:33][TRADE] Закрыта позиция LINK-USDT-SWAP SHORT PnL: -0.13452742 Причина: SL Баланс: 61.8415493532703 WinRate инструмента: 33.33%
🔄 Баланс: 61.8415493532703$ | PnL: 41.8607828 💵 | Сделок: 950
[2025-08-26 15:08:46][TRADE] Закрыта позиция ETH-USDC-SWAP SHORT PnL: -0.07664905 Причина: SL Баланс: 61.9508218507103 WinRate инструмента: 33.33%
🔄 Баланс: 61.9508218507103$ | PnL: 41.78413375 💵 | Сделок: 951
[2025-08-26 15:08:58][TRADE] Закрыта позиция ETH-USD-SWAP SHORT PnL: -0.07895806 Причина: SL Баланс: 72.0634627907103 WinRate инструмента: 33.33%
🔄 Баланс: 72.0634627907103$ | PnL: 41.70517569 💵 | Сделок: 952
[2025-08-26 15:09:19][TRADE] Закрыта позиция ETH-USDT-SWAP SHORT PnL: -0.07894987 Причина: SL Баланс: 82.1645659207103 WinRate инструмента: 33.33%
🔄 Баланс: 82.1645659207103$ | PnL: 41.62622582 💵 | Сделок: 953
[2025-08-26 15:13:42][TRADE] Закрыта позиция VINE-USDT-SWAP SHORT PnL: -0.17965804 Причина: SL Баланс: 91.9849094267103 WinRate инструмента: 42.86%
🔄 Баланс: 91.9849094267103$ | PnL: 41.44656778 💵 | Сделок: 954
[2025-08-26 15:56:57][TRADE] Закрыта позиция BAND-USDT-SWAP SHORT PnL: 0.41031246 Причина: TP Баланс: 92.3862294334323 WinRate инструмента: 60%
🔄 Баланс: 92.3862294334323$ | PnL: 41.85688024 💵 | Сделок: 955
[2025-08-26 16:12:22][TRADE] Закрыта позиция SUI-USD-SWAP SHORT PnL: 0.19007062 Причина: TP Баланс: 92.5673026583383 WinRate инструмента: 100%
🔄 Баланс: 92.5673026583383$ | PnL: 42.04695086 💵 | Сделок: 956
[2025-08-26 16:16:27][TRADE] Закрыта позиция SUI-USDT-SWAP SHORT PnL: 0.19666686 Причина: TP Баланс: 102.763992518338 WinRate инструмента: 66.67%
🔄 Баланс: 102.763992518338$ | PnL: 42.24361772 💵 | Сделок: 957
[2025-08-26 16:30:56][TRADE] Закрыта позиция MERL-USDT-SWAP SHORT PnL: -0.09788946 Причина: SL Баланс: 82.6391344252674 WinRate инструмента: 50%
🔄 Баланс: 82.6391344252674$ | PnL: 42.14572826 💵 | Сделок: 958
[2025-08-26 16:35:00][TRADE] Закрыта позиция FARTCOIN-USDT-SWAP SHORT PnL: -0.14783413 Причина: SL Баланс: 82.5328174952674 WinRate инструмента: 50%
🔄 Баланс: 82.5328174952674$ | PnL: 41.99789413 💵 | Сделок: 959
[2025-08-26 16:36:06][TRADE] Закрыта позиция METIS-USDT-SWAP SHORT PnL: -0.11128167 Причина: SL Баланс: 92.4209508252674 WinRate инструмента: 40%
🔄 Баланс: 92.4209508252674$ | PnL: 41.88661246 💵 | Сделок: 960
[2025-08-26 16:36:17][TRADE] Закрыта позиция NEIROETH-USDT-SWAP SHORT PnL: -0.13238513 Причина: SL Баланс: 102.288564755267 WinRate инструмента: 50%
🔄 Баланс: 102.288564755267$ | PnL: 41.75422733 💵 | Сделок: 961
[2025-08-26 16:36:22][TRADE] Закрыта позиция NOT-USDT-SWAP SHORT PnL: -0.1064531 Причина: SL Баланс: 112.182111716067 WinRate инструмента: 20%
🔄 Баланс: 112.182111716067$ | PnL: 41.64777423 💵 | Сделок: 962
[2025-08-26 16:36:59][TRADE] Закрыта позиция SCR-USDT-SWAP SHORT PnL: -0.10813062 Причина: SL Баланс: 122.073982766067 WinRate инструмента: 28.57%
🔄 Баланс: 122.073982766067$ | PnL: 41.53964361 💵 | Сделок: 963
[2025-08-26 16:37:21][TRADE] Закрыта позиция SYRUP-USDT-SWAP SHORT PnL: -0.09099039 Причина: SL Баланс: 131.982991736067 WinRate инструмента: 25%
🔄 Баланс: 131.982991736067$ | PnL: 41.44865322 💵 | Сделок: 964
[2025-08-26 16:37:47][TRADE] Закрыта позиция WIF-USDT-SWAP SHORT PnL: -0.13139081 Причина: SL Баланс: 141.851615886067 WinRate инструмента: 80%
🔄 Баланс: 141.851615886067$ | PnL: 41.31726241 💵 | Сделок: 965
[2025-08-26 16:37:55][TRADE] Закрыта позиция YGG-USDT-SWAP SHORT PnL: -0.11479706 Причина: SL Баланс: 151.736824486067 WinRate инструмента: 28.57%
🔄 Баланс: 151.736824486067$ | PnL: 41.20246535 💵 | Сделок: 966
[2025-08-26 16:38:22][TRADE] Закрыта позиция ADA-USD-SWAP SHORT PnL: -0.09815863 Причина: SL Баланс: 161.638642656067 WinRate инструмента: 50%
🔄 Баланс: 161.638642656067$ | PnL: 41.10430672 💵 | Сделок: 967
[2025-08-26 16:38:23][TRADE] Закрыта позиция AVAX-USD-SWAP SHORT PnL: -0.09071707 Причина: SL Баланс: 171.548864786067 WinRate инструмента: 50%
🔄 Баланс: 171.548864786067$ | PnL: 41.01358965 💵 | Сделок: 968
[2025-08-26 16:38:25][TRADE] Закрыта позиция DOT-USD-SWAP SHORT PnL: -0.09319327 Причина: SL Баланс: 181.455612716067 WinRate инструмента: 40%
🔄 Баланс: 181.455612716067$ | PnL: 40.92039638 💵 | Сделок: 969
[2025-08-26 16:38:40][TRADE] Закрыта позиция DOGE-USDT-SWAP SHORT PnL: -0.11486988 Причина: SL Баланс: 191.340737564067 WinRate инструмента: 33.33%
🔄 Баланс: 191.340737564067$ | PnL: 40.8055265 💵 | Сделок: 970
[2025-08-26 16:38:48][TRADE] Закрыта позиция A-USDT-SWAP SHORT PnL: -0.10856241 Причина: SL Баланс: 201.232163904067 WinRate инструмента: 0%
🔄 Баланс: 201.232163904067$ | PnL: 40.69696409 💵 | Сделок: 971
[2025-08-26 16:38:56][TRADE] Закрыта позиция AEVO-USDT-SWAP SHORT PnL: -0.12171807 Причина: SL Баланс: 211.110446325067 WinRate инструмента: 33.33%
🔄 Баланс: 211.110446325067$ | PnL: 40.57524602 💵 | Сделок: 972
[2025-08-26 16:38:58][TRADE] Закрыта позиция AI16Z-USDT-SWAP SHORT PnL: -0.16066495 Причина: SL Баланс: 220.949785775067 WinRate инструмента: 0%
🔄 Баланс: 220.949785775067$ | PnL: 40.41458107 💵 | Сделок: 973
[2025-08-26 16:39:07][TRADE] Закрыта позиция AR-USDT-SWAP SHORT PnL: -0.1057155 Причина: SL Баланс: 230.844252675067 WinRate инструмента: 37.5%
🔄 Баланс: 230.844252675067$ | PnL: 40.30886557 💵 | Сделок: 974
[2025-08-26 16:39:13][TRADE] Закрыта позиция AUCTION-USDT-SWAP SHORT PnL: -0.1310673 Причина: SL Баланс: 240.713091675067 WinRate инструмента: 50%
🔄 Баланс: 240.713091675067$ | PnL: 40.17779827 💵 | Сделок: 975
[2025-08-26 16:39:14][TRADE] Закрыта позиция AVAX-USDT-SWAP SHORT PnL: -0.0964784 Причина: SL Баланс: 250.615566475067 WinRate инструмента: 50%
🔄 Баланс: 250.615566475067$ | PnL: 40.08131987 💵 | Сделок: 976
[2025-08-26 16:39:44][TRADE] Закрыта позиция CRV-USDT-SWAP SHORT PnL: -0.1150953 Причина: SL Баланс: 260.500507075067 WinRate инструмента: 50%
🔄 Баланс: 260.500507075067$ | PnL: 39.96622457 💵 | Сделок: 977
[2025-08-26 16:39:48][TRADE] Закрыта позиция CVX-USDT-SWAP SHORT PnL: -0.14982228 Причина: SL Баланс: 270.350716495067 WinRate инструмента: 0%
🔄 Баланс: 270.350716495067$ | PnL: 39.81640229 💵 | Сделок: 978
[2025-08-26 16:39:52][TRADE] Закрыта позиция DOG-USDT-SWAP SHORT PnL: -0.17599334 Причина: SL Баланс: 280.174723264067 WinRate инструмента: 75%
🔄 Баланс: 280.174723264067$ | PnL: 39.64040895 💵 | Сделок: 979
[2025-08-26 16:40:08][TRADE] Закрыта позиция FLM-USDT-SWAP SHORT PnL: -0.2217541 Причина: SL Баланс: 289.952968782067 WinRate инструмента: 0%
🔄 Баланс: 289.952968782067$ | PnL: 39.41865485 💵 | Сделок: 980
[2025-08-26 16:40:15][TRADE] Закрыта позиция GLM-USDT-SWAP SHORT PnL: -0.09149052 Причина: SL Баланс: 299.861477892067 WinRate инструмента: 33.33%
🔄 Баланс: 299.861477892067$ | PnL: 39.32716433 💵 | Сделок: 981
[2025-08-26 16:40:29][TRADE] Закрыта позиция HUMA-USDT-SWAP SHORT PnL: -0.11655559 Причина: SL Баланс: 309.744922046067 WinRate инструмента: 53.85%
🔄 Баланс: 309.744922046067$ | PnL: 39.21060874 💵 | Сделок: 982
[2025-08-26 16:40:46][TRADE] Закрыта позиция KAITO-USDT-SWAP SHORT PnL: -0.20223391 Причина: SL Баланс: 319.542712736067 WinRate инструмента: 20%
🔄 Баланс: 319.542712736067$ | PnL: 39.00837483 💵 | Сделок: 983
[2025-08-26 16:40:47][TRADE] Закрыта позиция KMNO-USDT-SWAP SHORT PnL: -0.12434749 Причина: SL Баланс: 329.418366961067 WinRate инструмента: 0%
🔄 Баланс: 329.418366961067$ | PnL: 38.88402734 💵 | Сделок: 984
[2025-08-26 16:41:05][TRADE] Закрыта позиция ME-USDT-SWAP SHORT PnL: -0.16994115 Причина: SL Баланс: 339.248419861067 WinRate инструмента: 33.33%
🔄 Баланс: 339.248419861067$ | PnL: 38.71408619 💵 | Сделок: 985
[2025-08-26 16:41:12][TRADE] Закрыта позиция MKR-USDT-SWAP SHORT PnL: -0.08904935 Причина: SL Баланс: 349.108870511067 WinRate инструмента: 50%
🔄 Баланс: 349.108870511067$ | PnL: 38.62503684 💵 | Сделок: 986
[2025-08-26 16:41:19][TRADE] Закрыта позиция NEIRO-USDT-SWAP SHORT PnL: -0.27749905 Причина: SL Баланс: 358.831371456987 WinRate инструмента: 25%
🔄 Баланс: 358.831371456987$ | PnL: 38.34753779 💵 | Сделок: 987
[2025-08-26 16:41:50][TRADE] Закрыта позиция PYTH-USDT-SWAP SHORT PnL: -0.1184041 Причина: SL Баланс: 368.712968388987 WinRate инструмента: 20%
🔄 Баланс: 368.712968388987$ | PnL: 38.22913369 💵 | Сделок: 988
[2025-08-26 16:42:13][TRADE] Закрыта позиция SPX-USDT-SWAP SHORT PnL: -0.13825525 Причина: SL Баланс: 378.574761938987 WinRate инструмента: 77.78%
🔄 Баланс: 378.574761938987$ | PnL: 38.09087844 💵 | Сделок: 989
[2025-08-26 16:42:21][TRADE] Закрыта позиция SWARMS-USDT-SWAP SHORT PnL: -0.14020889 Причина: SL Баланс: 388.434552728987 WinRate инструмента: 33.33%
🔄 Баланс: 388.434552728987$ | PnL: 37.95066955 💵 | Сделок: 990
[2025-08-26 16:42:26][TRADE] Закрыта позиция THETA-USDT-SWAP SHORT PnL: -0.11359305 Причина: SL Баланс: 398.320945218987 WinRate инструмента: 33.33%
🔄 Баланс: 398.320945218987$ | PnL: 37.8370765 💵 | Сделок: 991
[2025-08-26 16:42:43][TRADE] Закрыта позиция W-USDT-SWAP SHORT PnL: -0.10452279 Причина: SL Баланс: 408.216423948987 WinRate инструмента: 14.29%
🔄 Баланс: 408.216423948987$ | PnL: 37.73255371 💵 | Сделок: 992
[2025-08-26 16:42:44][TRADE] Закрыта позиция WAL-USDT-SWAP SHORT PnL: -0.08781289 Причина: SL Баланс: 418.128612328987 WinRate инструмента: 42.86%
🔄 Баланс: 418.128612328987$ | PnL: 37.64474082 💵 | Сделок: 993
[2025-08-26 16:43:32][TRADE] Закрыта позиция LTC-USD-SWAP SHORT PnL: -0.17179879 Причина: SL Баланс: 427.960865538987 WinRate инструмента: 50%
🔄 Баланс: 427.960865538987$ | PnL: 37.47294203 💵 | Сделок: 994
[2025-08-26 16:44:53][TRADE] Закрыта позиция DEGEN-USDT-SWAP SHORT PnL: -0.24476624 Причина: SL Баланс: 437.716099273387 WinRate инструмента: 50%
🔄 Баланс: 437.716099273387$ | PnL: 37.22817579 💵 | Сделок: 995
[2025-08-26 16:46:06][TRADE] Закрыта позиция LTC-USDT-SWAP SHORT PnL: -0.17636358 Причина: SL Баланс: 437.532107357254 WinRate инструмента: 50%
🔄 Баланс: 437.532107357254$ | PnL: 37.05181221 💵 | Сделок: 996
[2025-08-26 16:46:27][TRADE] Закрыта позиция NEAR-USDT-SWAP SHORT PnL: -0.21550143 Причина: SL Баланс: 447.316663927254 WinRate инструмента: 33.33%
🔄 Баланс: 447.316663927254$ | PnL: 36.83631078 💵 | Сделок: 997
[2025-08-26 16:48:34][TRADE] Закрыта позиция SOL-USD-SWAP SHORT PnL: -0.11841863 Причина: SL Баланс: 427.177230964042 WinRate инструмента: 25%
🔄 Баланс: 427.177230964042$ | PnL: 36.71789215 💵 | Сделок: 998
[2025-08-26 17:32:38][TRADE] Закрыта позиция GAS-USDT-SWAP SHORT PnL: -0.17234064 Причина: SL Баланс: 386.95997018534 WinRate инструмента: 16.67%
🔄 Баланс: 386.95997018534$ | PnL: 36.54555151 💵 | Сделок: 999
[2025-08-26 17:33:05][TRADE] Закрыта позиция IP-USDT-SWAP SHORT PnL: -0.15562649 Причина: SL Баланс: 396.80412439534 WinRate инструмента: 11.11%
🔄 Баланс: 396.80412439534$ | PnL: 36.38992502 💵 | Сделок: 1000
[2025-08-26 17:34:54][TRADE] Закрыта позиция SYRUP-USDT-SWAP SHORT PnL: -0.083804 Причина: SL Баланс: 406.72032029534 WinRate инструмента: 20%
🔄 Баланс: 406.72032029534$ | PnL: 36.30612102 💵 | Сделок: 1001
[2025-08-26 17:35:04][TRADE] Закрыта позиция TRX-USDT-SWAP SHORT PnL: -0.04874467 Причина: SL Баланс: 416.67156402934 WinRate инструмента: 28.57%
🔄 Баланс: 416.67156402934$ | PnL: 36.25737635 💵 | Сделок: 1002
[2025-08-26 17:54:15][TRADE] Закрыта позиция MOODENG-USDT-SWAP SHORT PnL: 0.24509594 Причина: TP Баланс: 376.85183693553 WinRate инструмента: 80%
🔄 Баланс: 376.85183693553$ | PnL: 36.50247229 💵 | Сделок: 1003
[2025-08-26 18:00:47][TRADE] Закрыта позиция UMA-USDT-SWAP SHORT PnL: -0.11511349 Причина: SL Баланс: 386.73677284553 WinRate инструмента: 50%
🔄 Баланс: 386.73677284553$ | PnL: 36.3873588 💵 | Сделок: 1004
[2025-08-26 18:04:33][TRADE] Закрыта позиция MUBARAK-USDT-SWAP SHORT PnL: -0.11849665 Причина: SL Баланс: 366.59127512649 WinRate инструмента: 50%
🔄 Баланс: 366.59127512649$ | PnL: 36.26886215 💵 | Сделок: 1005
[2025-08-26 18:23:25][TRADE] Закрыта позиция BCH-USDT-SWAP SHORT PnL: -0.06634395 Причина: SL Баланс: 376.54475117649 WinRate инструмента: 0%
🔄 Баланс: 376.54475117649$ | PnL: 36.2025182 💵 | Сделок: 1006
[2025-08-26 18:24:34][TRADE] Закрыта позиция HUMA-USDT-SWAP SHORT PnL: -0.11840701 Причина: SL Баланс: 386.42634334649 WinRate инструмента: 50%
🔄 Баланс: 386.42634334649$ | PnL: 36.08411119 💵 | Сделок: 1007
[2025-08-26 18:38:25][TRADE] Закрыта позиция PARTI-USDT-SWAP SHORT PnL: -0.10199698 Причина: SL Баланс: 15.9456318680548 WinRate инструмента: 66.67%
🔄 Баланс: 15.9456318680548$ | PnL: 35.98211421 💵 | Сделок: 1008
[2025-08-26 18:55:01][TRADE] Закрыта позиция INJ-USDT-SWAP SHORT PnL: -0.22882265 Причина: SL Баланс: 15.7080340005213 WinRate инструмента: 50%
🔄 Баланс: 15.7080340005213$ | PnL: 35.75329156 💵 | Сделок: 1009
[2025-08-26 18:55:07][TRADE] Закрыта позиция JST-USDT-SWAP SHORT PnL: -0.29828899 Причина: SL Баланс: 25.4097435905213 WinRate инструмента: 0%
🔄 Баланс: 25.4097435905213$ | PnL: 35.45500257 💵 | Сделок: 1010
[2025-08-26 18:56:30][TRADE] Закрыта позиция SLP-USDT-SWAP SHORT PnL: -0.10308227 Причина: SL Баланс: 15.2886513403897 WinRate инструмента: 60%
🔄 Баланс: 15.2886513403897$ | PnL: 35.3519203 💵 | Сделок: 1011
[2025-08-26 18:56:40][TRADE] Закрыта позиция STRK-USDT-SWAP SHORT PnL: -0.12650849 Причина: SL Баланс: 25.1621420703897 WinRate инструмента: 33.33%
🔄 Баланс: 25.1621420703897$ | PnL: 35.22541181 💵 | Сделок: 1012
[2025-08-26 18:57:12][TRADE] Закрыта позиция WIF-USDT-SWAP SHORT PnL: -0.12291958 Причина: SL Баланс: 35.0392052903897 WinRate инструмента: 66.67%
🔄 Баланс: 35.0392052903897$ | PnL: 35.10249223 💵 | Сделок: 1013
[2025-08-26 18:57:24][TRADE] Закрыта позиция ZIL-USDT-SWAP SHORT PnL: -0.12161012 Причина: SL Баланс: 44.9175949143897 WinRate инструмента: 44.44%
🔄 Баланс: 44.9175949143897$ | PnL: 34.98088211 💵 | Сделок: 1014
[2025-08-26 18:58:22][TRADE] Закрыта позиция AIXBT-USDT-SWAP SHORT PnL: -0.13035521 Причина: SL Баланс: 44.7786014719897 WinRate инструмента: 75%
🔄 Баланс: 44.7786014719897$ | PnL: 34.8505269 💵 | Сделок: 1015
[2025-08-26 18:58:41][TRADE] Закрыта позиция BABY-USDT-SWAP SHORT PnL: -0.09719872 Причина: SL Баланс: 54.6814013059897 WinRate инструмента: 66.67%
🔄 Баланс: 54.6814013059897$ | PnL: 34.75332818 💵 | Сделок: 1016
[2025-08-26 18:58:47][TRADE] Закрыта позиция BIGTIME-USDT-SWAP SHORT PnL: -0.1835714 Причина: SL Баланс: 64.4978279399897 WinRate инструмента: 33.33%
🔄 Баланс: 64.4978279399897$ | PnL: 34.56975678 💵 | Сделок: 1017
[2025-08-26 19:00:33][TRADE] Закрыта позиция METIS-USDT-SWAP SHORT PnL: -0.11619085 Причина: SL Баланс: 54.3633454390497 WinRate инструмента: 33.33%
🔄 Баланс: 54.3633454390497$ | PnL: 34.45356593 💵 | Сделок: 1018
[2025-08-26 19:00:33][TRADE] Закрыта позиция MEW-USDT-SWAP SHORT PnL: -0.22137388 Причина: SL Баланс: 64.1419714545497 WinRate инструмента: 75%
🔄 Баланс: 64.1419714545497$ | PnL: 34.23219205 💵 | Сделок: 1019
[2025-08-26 19:01:07][TRADE] Закрыта позиция POL-USDT-SWAP SHORT PnL: -0.20763591 Причина: SL Баланс: 73.9343323045497 WinRate инструмента: 0%
🔄 Баланс: 73.9343323045497$ | PnL: 34.02455614 💵 | Сделок: 1020
[2025-08-26 19:05:21][TRADE] Закрыта позиция LPT-USDT-SWAP SHORT PnL: -0.10527129 Причина: SL Баланс: 23.7751125027965 WinRate инструмента: 0%
🔄 Баланс: 23.7751125027965$ | PnL: 33.91928485 💵 | Сделок: 1021
[2025-08-26 19:05:22][TRADE] Закрыта позиция LRC-USDT-SWAP SHORT PnL: -0.1116972 Причина: SL Баланс: 33.6634160777965 WinRate инструмента: 25%
🔄 Баланс: 33.6634160777965$ | PnL: 33.80758765 💵 | Сделок: 1022
