[2025-08-25 00:13:49][TRADE] Закрыта позиция RSR-USDT-SWAP SHORT PnL: 0.07999786 Причина: TP Баланс: 899.878645818163 WinRate инструмента: 100%
🔄 Баланс: 899.878645818163$ | PnL: 0.07999786 💵 | Сделок: 1
[2025-08-25 00:13:55][TRADE] Закрыта позиция SIGN-USDT-SWAP SHORT PnL: 0.02261644 Причина: TP Баланс: 909.901261582163 WinRate инструмента: 100%
🔄 Баланс: 909.901261582163$ | PnL: 0.1026143 💵 | Сделок: 2
[2025-08-25 00:14:24][TRADE] Закрыта позиция XAUT-USDT-SWAP SHORT PnL: -0.00702962 Причина: TP Баланс: 919.998231962163 WinRate инструмента: 100%
🔄 Баланс: 919.998231962163$ | PnL: 0.09558468 💵 | Сделок: 3
[2025-08-25 00:16:53][TRADE] Закрыта позиция ORBS-USDT-SWAP SHORT PnL: -0.02926567 Причина: SL Баланс: 929.968966016163 WinRate инструмента: 0%
🔄 Баланс: 929.968966016163$ | PnL: 0.06631901 💵 | Сделок: 4
[2025-08-25 00:17:09][TRADE] Закрыта позиция SAHARA-USDT-SWAP SHORT PnL: -0.04635598 Причина: SL Баланс: 939.922613656163 WinRate инструмента: 0%
🔄 Баланс: 939.922613656163$ | PnL: 0.01996303 💵 | Сделок: 5
[2025-08-25 00:18:18][TRADE] Закрыта позиция VANA-USDT-SWAP SHORT PnL: -0.03993504 Причина: SL Баланс: 949.882688216163 WinRate инструмента: 0%
🔄 Баланс: 949.882688216163$ | PnL: -0.01997201 💵 | Сделок: 6
[2025-08-25 00:18:21][TRADE] Закрыта позиция WAXP-USDT-SWAP SHORT PnL: -0.04449225 Причина: SL Баланс: 959.838196686163 WinRate инструмента: 0%
🔄 Баланс: 959.838196686163$ | PnL: -0.06446426 💵 | Сделок: 7
[2025-08-25 00:18:24][TRADE] Закрыта позиция WOO-USDT-SWAP SHORT PnL: -0.05850072 Причина: SL Баланс: 969.779694366163 WinRate инструмента: 0%
🔄 Баланс: 969.779694366163$ | PnL: -0.12296498 💵 | Сделок: 8
[2025-08-25 00:20:51][TRADE] Закрыта позиция OM-USDT-SWAP SHORT PnL: -0.04549842 Причина: SL Баланс: 969.725204059236 WinRate инструмента: 0%
🔄 Баланс: 969.725204059236$ | PnL: -0.1684634 💵 | Сделок: 9
[2025-08-25 00:21:29][TRADE] Закрыта позиция TRB-USDT-SWAP SHORT PnL: -0.04947897 Причина: SL Баланс: 969.664967321243 WinRate инструмента: 0%
🔄 Баланс: 969.664967321243$ | PnL: -0.21794237 💵 | Сделок: 10
