[2025-08-25 13:13:53][TRADE] Закрыта позиция ORBS-USDT-SWAP SHORT PnL: -0.04100347 Причина: SL Баланс: 989.940996436806 WinRate инструмента: 0%
🔄 Баланс: 989.940996436806$ | PnL: -0.04100347 💵 | Сделок: 1
[2025-08-25 13:23:41][TRADE] Закрыта позиция IOST-USDT-SWAP LONG PnL: -0.07041686 Причина: SL Баланс: 989.86157957665 WinRate инструмента: 0%
🔄 Баланс: 989.86157957665$ | PnL: -0.11142033 💵 | Сделок: 2
[2025-08-25 13:34:01][TRADE] Закрыта позиция DOG-USDT-SWAP LONG PnL: -0.17193769 Причина: SL Баланс: 999.68964197985 WinRate инструмента: 0%
🔄 Баланс: 999.68964197985$ | PnL: -0.28335802 💵 | Сделок: 3
[2025-08-25 14:13:21][TRADE] Закрыта позиция GPS-USDT-SWAP LONG PnL: 0.16733792 Причина: TP Баланс: 999.847979899724 WinRate инструмента: 100%
🔄 Баланс: 999.847979899724$ | PnL: -0.1160201 💵 | Сделок: 4
[2025-08-25 14:23:54][TRADE] Закрыта позиция GPS-USDT-SWAP LONG PnL: -0.13504401 Причина: SL Баланс: 999.703935889958 WinRate инструмента: 50%
🔄 Баланс: 999.703935889958$ | PnL: -0.25106411 💵 | Сделок: 5
[2025-08-25 15:49:44][TRADE] Закрыта позиция GODS-USDT-SWAP LONG PnL: -0.11360828 Причина: SL Баланс: 979.563307470848 WinRate инструмента: 0%
🔄 Баланс: 979.563307470848$ | PnL: -0.36467239 💵 | Сделок: 6
[2025-08-25 16:52:27][TRADE] Закрыта позиция ZENT-USDT-SWAP LONG PnL: -0.07142098 Причина: SL Баланс: 969.473883668351 WinRate инструмента: 0%
🔄 Баланс: 969.473883668351$ | PnL: -0.43609337 💵 | Сделок: 7
[2025-08-25 17:48:54][TRADE] Закрыта позиция MOVE-USDT-SWAP LONG PnL: -0.0794249 Причина: SL Баланс: 969.38546491334 WinRate инструмента: 0%
🔄 Баланс: 969.38546491334$ | PnL: -0.51551827 💵 | Сделок: 8
[2025-08-25 18:34:23][TRADE] Закрыта позиция XAUT-USDT-SWAP LONG PnL: -0.01457871 Причина: SL Баланс: 969.36179206334 WinRate инструмента: 0%
🔄 Баланс: 969.36179206334$ | PnL: -0.53009698 💵 | Сделок: 9
[2025-08-25 19:03:09][TRADE] Закрыта позиция CORE-USDT-SWAP SHORT PnL: -0.07715624 Причина: SL Баланс: 979.28465606334 WinRate инструмента: 0%
🔄 Баланс: 979.28465606334$ | PnL: -0.60725322 💵 | Сделок: 10
[2025-08-25 19:40:34][TRADE] Закрыта позиция DEGEN-USDT-SWAP LONG PnL: -0.12855188 Причина: SL Баланс: 979.147104151215 WinRate инструмента: 0%
🔄 Баланс: 979.147104151215$ | PnL: -0.7358051 💵 | Сделок: 11
[2025-08-25 19:47:26][TRADE] Закрыта позиция NEIROETH-USDT-SWAP LONG PnL: -0.13073815 Причина: SL Баланс: 989.016362679215 WinRate инструмента: 0%
🔄 Баланс: 989.016362679215$ | PnL: -0.86654325 💵 | Сделок: 12
[2025-08-25 19:58:25][TRADE] Закрыта позиция PUMP-USDT-SWAP LONG PnL: -0.1310511 Причина: SL Баланс: 998.885311496415 WinRate инструмента: 0%
🔄 Баланс: 998.885311496415$ | PnL: -0.99759435 💵 | Сделок: 13
[2025-08-25 21:05:27][TRADE] Закрыта позиция HYPE-USDT-SWAP LONG PnL: -0.13741382 Причина: SL Баланс: 998.738899385155 WinRate инструмента: 0%
🔄 Баланс: 998.738899385155$ | PnL: -1.13500817 💵 | Сделок: 14
[2025-08-25 21:51:44][TRADE] Закрыта позиция CORE-USDT-SWAP LONG PnL: -0.09814063 Причина: SL Баланс: 988.622754905703 WinRate инструмента: 0%
🔄 Баланс: 988.622754905703$ | PnL: -1.2331488 💵 | Сделок: 15
[2025-08-25 23:19:12][TRADE] Закрыта позиция PROMPT-USDT-SWAP LONG PnL: -0.31968316 Причина: SL Баланс: 998.303075605703 WinRate инструмента: 0%
🔄 Баланс: 998.303075605703$ | PnL: -1.55283196 💵 | Сделок: 16
[2025-08-25 23:47:19][TRADE] Закрыта позиция BCH-USD-SWAP SHORT PnL: 0.03194639 Причина: TP Баланс: 998.325998595703 WinRate инструмента: 100%
🔄 Баланс: 998.325998595703$ | PnL: -1.52088557 💵 | Сделок: 17
[2025-08-26 00:51:02][TRADE] Закрыта позиция DOT-USDT-SWAP SHORT PnL: 0.09103836 Причина: TP Баланс: 958.372202147907 WinRate инструмента: 100%
🔄 Баланс: 958.372202147907$ | PnL: -1.42984721 💵 | Сделок: 18
[2025-08-26 01:01:20][TRADE] Закрыта позиция EGLD-USDT-SWAP SHORT PnL: 0.08315766 Причина: TP Баланс: 968.455187807907 WinRate инструмента: 100%
🔄 Баланс: 968.455187807907$ | PnL: -1.34668955 💵 | Сделок: 19
[2025-08-26 01:16:07][TRADE] Закрыта позиция BAT-USDT-SWAP SHORT PnL: 0.08192257 Причина: TP Баланс: 978.537112177907 WinRate инструмента: 100%
🔄 Баланс: 978.537112177907$ | PnL: -1.26476698 💵 | Сделок: 20
[2025-08-26 01:32:32][TRADE] Закрыта позиция GALA-USDT-SWAP SHORT PnL: 0.11736834 Причина: TP Баланс: 988.654480961907 WinRate инструмента: 100%
🔄 Баланс: 988.654480961907$ | PnL: -1.14739864 💵 | Сделок: 21
[2025-08-26 02:30:02][TRADE] Закрыта позиция MOODENG-USDT-SWAP SHORT PnL: -0.12906819 Причина: SL Баланс: 988.516412768465 WinRate инструмента: 0%
🔄 Баланс: 988.516412768465$ | PnL: -1.27646683 💵 | Сделок: 22
[2025-08-26 02:35:11][TRADE] Закрыта позиция MOVE-USDT-SWAP SHORT PnL: -0.09890184 Причина: SL Баланс: 998.417515580465 WinRate инструмента: 0%
🔄 Баланс: 998.417515580465$ | PnL: -1.37536867 💵 | Сделок: 23
[2025-08-26 04:12:40][TRADE] Закрыта позиция ONT-USDT-SWAP LONG PnL: -0.41319655 Причина: SL Баланс: 987.986300941681 WinRate инструмента: 0%
🔄 Баланс: 987.986300941681$ | PnL: -1.78856522 💵 | Сделок: 24
[2025-08-26 04:49:49][TRADE] Закрыта позиция SYRUP-USDT-SWAP LONG PnL: -0.12257752 Причина: SL Баланс: 987.854709472881 WinRate инструмента: 0%
🔄 Баланс: 987.854709472881$ | PnL: -1.91114274 💵 | Сделок: 25
[2025-08-26 05:41:49][TRADE] Закрыта позиция ME-USDT-SWAP SHORT PnL: -0.09807175 Причина: SL Баланс: 967.729791944903 WinRate инструмента: 0%
🔄 Баланс: 967.729791944903$ | PnL: -2.00921449 💵 | Сделок: 26
[2025-08-26 05:52:12][TRADE] Закрыта позиция MINA-USDT-SWAP LONG PnL: 0.1200781 Причина: TP Баланс: 977.849877384903 WinRate инструмента: 100%
🔄 Баланс: 977.849877384903$ | PnL: -1.88913639 💵 | Сделок: 27
[2025-08-26 06:07:26][TRADE] Закрыта позиция LUNC-USDT-SWAP LONG PnL: 0.08149504 Причина: TP Баланс: 987.931372422782 WinRate инструмента: 100%
🔄 Баланс: 987.931372422782$ | PnL: -1.80764135 💵 | Сделок: 28
[2025-08-26 06:28:54][TRADE] Закрыта позиция RAY-USDT-SWAP LONG PnL: -0.14404873 Причина: SL Баланс: 987.778194883358 WinRate инструмента: 0%
🔄 Баланс: 987.778194883358$ | PnL: -1.95169008 💵 | Сделок: 29
[2025-08-26 06:34:41][TRADE] Закрыта позиция TREE-USDT-SWAP LONG PnL: -0.12516476 Причина: SL Баланс: 997.653029483358 WinRate инструмента: 0%
🔄 Баланс: 997.653029483358$ | PnL: -2.07685484 💵 | Сделок: 30
[2025-08-26 07:03:52][TRADE] Закрыта позиция KMNO-USDT-SWAP LONG PnL: -0.14329525 Причина: SL Баланс: 997.50073423192 WinRate инструмента: 0%
🔄 Баланс: 997.50073423192$ | PnL: -2.22015009 💵 | Сделок: 31
[2025-08-26 07:44:57][TRADE] Закрыта позиция HOME-USDT-SWAP LONG PnL: -0.08287154 Причина: SL Баланс: 997.408862690632 WinRate инструмента: 0%
🔄 Баланс: 997.408862690632$ | PnL: -2.30302163 💵 | Сделок: 32
[2025-08-26 08:19:16][TRADE] Закрыта позиция PI-USDT-SWAP LONG PnL: -0.05732742 Причина: SL Баланс: 997.342535276068 WinRate инструмента: 0%
🔄 Баланс: 997.342535276068$ | PnL: -2.36034905 💵 | Сделок: 33
[2025-08-26 08:30:18][TRADE] Закрыта позиция BERA-USDT-SWAP LONG PnL: 0.10389991 Причина: TP Баланс: 997.437435082748 WinRate инструмента: 100%
🔄 Баланс: 997.437435082748$ | PnL: -2.25644914 💵 | Сделок: 34
[2025-08-26 09:41:18][TRADE] Закрыта позиция PARTI-USDT-SWAP LONG PnL: 0.28950506 Причина: TP Баланс: 987.708939395098 WinRate инструмента: 100%
🔄 Баланс: 987.708939395098$ | PnL: -1.96694408 💵 | Сделок: 35
[2025-08-26 11:12:53][TRADE] Закрыта позиция FLM-USDT-SWAP LONG PnL: -0.13528826 Причина: SL Баланс: 977.555708415939 WinRate инструмента: 0%
🔄 Баланс: 977.555708415939$ | PnL: -2.10223234 💵 | Сделок: 36
[2025-08-26 11:31:06][TRADE] Закрыта позиция PARTI-USDT-SWAP LONG PnL: -0.14740483 Причина: SL Баланс: 987.408301495939 WinRate инструмента: 50%
🔄 Баланс: 987.408301495939$ | PnL: -2.24963717 💵 | Сделок: 37
[2025-08-26 13:09:49][TRADE] Закрыта позиция SCR-USDT-SWAP LONG PnL: -0.08554033 Причина: SL Баланс: 867.20635710655 WinRate инструмента: 0%
🔄 Баланс: 867.20635710655$ | PnL: -2.3351775 💵 | Сделок: 38
