[2025-08-14 03:34:32][TRADE] Закрыта позиция SPX-USDT-SWAP SHORT PnL: -0.17979079 Причина: SL Баланс: 242.377322418572 WinRate инструмента: 0%
  Открытие:     2025-08-14 02:57:15
  Закрытие:     2025-08-14 03:34:32
  Цена входа:   1.6881
  Цена выхода:  1.71690537
🔄 Баланс: 242.377322418572$ | PnL: -0.17979079 💵 | Сделок: 1 | WinRate: 0%
[2025-08-14 03:40:19][TRADE] Закрыта позиция POL-USDT-SWAP SHORT PnL: -0.1137263 Причина: SL Баланс: 252.263588268572 WinRate инструмента: 0%
  Открытие:     2025-08-14 02:56:58
  Закрытие:     2025-08-14 03:40:19
  Цена входа:   0.2545
  Цена выхода:  0.25716289
🔄 Баланс: 252.263588268572$ | PnL: -0.29351709 💵 | Сделок: 2 | WinRate: 0%
[2025-08-14 03:47:43][TRADE] Закрыта позиция SPK-USDT-SWAP LONG PnL: -0.19817067 Причина: SL Баланс: 242.047416738365 WinRate инструмента: 0%
  Открытие:     2025-08-14 01:55:29
  Закрытие:     2025-08-14 03:47:44
  Цена входа:   0.0941
  Цена выхода:  0.0923183
🔄 Баланс: 242.047416738365$ | PnL: -0.49168776 💵 | Сделок: 3 | WinRate: 0%
[2025-08-14 03:49:45][TRADE] Закрыта позиция SOON-USDT-SWAP SHORT PnL: 0.30843017 Причина: TP Баланс: 252.355848960365 WinRate инструмента: 100%
  Открытие:     2025-08-14 01:23:30
  Закрытие:     2025-08-14 03:49:45
  Цена входа:   0.40822
  Цена выхода:  0.39527352
🔄 Баланс: 252.355848960365$ | PnL: -0.18325759 💵 | Сделок: 4 | WinRate: 100%
[2025-08-14 04:07:34][TRADE] Закрыта позиция HYPE-USDT-SWAP SHORT PnL: -0.14334797 Причина: SL Баланс: 11.6983237605168 WinRate инструмента: 0%
  Открытие:     2025-08-14 02:56:15
  Закрытие:     2025-08-14 04:07:35
  Цена входа:   47.254
  Цена выхода:  47.88834834
🔄 Баланс: 11.6983237605168$ | PnL: -0.32660556 💵 | Сделок: 5 | WinRate: 0%
[2025-08-14 04:08:24][TRADE] Закрыта позиция XAUT-USDT-SWAP LONG PnL: 0.01201996 Причина: TP Баланс: 11.7695150838768 WinRate инструмента: 100%
  Открытие:     2025-08-14 01:42:19
  Закрытие:     2025-08-14 04:08:25
  Цена входа:   3355.7
  Цена выхода:  3362.73311333
🔄 Баланс: 11.7695150838768$ | PnL: -0.3145856 💵 | Сделок: 6 | WinRate: 100%
[2025-08-14 04:10:40][TRADE] Закрыта позиция ZEREBRO-USDT-SWAP LONG PnL: -0.09191397 Причина: SL Баланс: 11.6686090471128 WinRate инструмента: 0%
  Открытие:     2025-08-14 04:06:06
  Закрытие:     2025-08-14 04:10:41
  Цена входа:   0.02998
  Цена выхода:  0.0297312
🔄 Баланс: 11.6686090471128$ | PnL: -0.40649957 💵 | Сделок: 7 | WinRate: 0%
[2025-08-14 04:23:49][TRADE] Закрыта позиция BTC-USDC-SWAP LONG PnL: 0.15152124 Причина: TP Баланс: 14.0577457110628 WinRate инструмента: 100%
  Открытие:     2025-08-14 01:51:37
  Закрытие:     2025-08-14 04:23:50
  Цена входа:   122467
  Цена выхода:  124093.89690315
🔄 Баланс: 14.0577457110628$ | PnL: -0.25497833 💵 | Сделок: 8 | WinRate: 100%
[2025-08-14 04:24:00][TRADE] Закрыта позиция BTC-USD-SWAP LONG PnL: 0.15624174 Причина: TP Баланс: 26.4597374510628 WinRate инструмента: 100%
  Открытие:     2025-08-14 01:51:48
  Закрытие:     2025-08-14 04:24:01
  Цена входа:   122457.5
  Цена выхода:  124131.63589676
🔄 Баланс: 26.4597374510628$ | PnL: -0.09873659 💵 | Сделок: 9 | WinRate: 100%
[2025-08-14 04:24:13][TRADE] Закрыта позиция BTC-USDT-SWAP LONG PnL: 0.1550557 Причина: TP Баланс: 38.8597931510628 WinRate инструмента: 100%
  Открытие:     2025-08-14 01:52:01
  Закрытие:     2025-08-14 04:24:13
  Цена входа:   122450
  Цена выхода:  124112.25805524
🔄 Баланс: 38.8597931510628$ | PnL: 0.05631911 💵 | Сделок: 10 | WinRate: 100%
[2025-08-14 04:28:06][TRADE] Закрыта позиция ETHW-USDT-SWAP LONG PnL: 0.11466307 Причина: TP Баланс: 28.9565333214091 WinRate инструмента: 100%
  Открытие:     2025-08-14 04:12:00
  Закрытие:     2025-08-14 04:28:07
  Цена входа:   1.845
  Цена выхода:  1.86783621
🔄 Баланс: 28.9565333214091$ | PnL: 0.17098218 💵 | Сделок: 11 | WinRate: 100%
[2025-08-14 04:29:10][TRADE] Закрыта позиция RAY-USDT-SWAP LONG PnL: 0.4136554 Причина: TP Баланс: 39.3703156414091 WinRate инструмента: 100%
  Открытие:     2025-08-14 01:26:21
  Закрытие:     2025-08-14 04:29:11
  Цена входа:   3.6924
  Цена выхода:  3.84859992
🔄 Баланс: 39.3703156414091$ | PnL: 0.58463758 💵 | Сделок: 12 | WinRate: 100%
[2025-08-14 04:30:36][TRADE] Закрыта позиция ARC-USDT-SWAP SHORT PnL: -0.21756044 Причина: SL Баланс: 49.1527557434091 WinRate инструмента: 0%
  Открытие:     2025-08-14 02:55:27
  Закрытие:     2025-08-14 04:30:36
  Цена входа:   0.02317
  Цена выхода:  0.0236528
🔄 Баланс: 49.1527557434091$ | PnL: 0.36707714 💵 | Сделок: 13 | WinRate: 0%
[2025-08-14 04:31:28][TRADE] Закрыта позиция IOTA-USDT-SWAP SHORT PnL: -0.12288689 Причина: SL Баланс: 59.0298654534091 WinRate инструмента: 0%
  Открытие:     2025-08-14 02:56:20
  Закрытие:     2025-08-14 04:31:29
  Цена входа:   0.2172
  Цена выхода:  0.2196714
🔄 Баланс: 59.0298654534091$ | PnL: 0.24419025 💵 | Сделок: 14 | WinRate: 0%
[2025-08-14 04:32:48][TRADE] Закрыта позиция XLM-USDT-SWAP SHORT PnL: -0.11217692 Причина: SL Баланс: 68.9176950034091 WinRate инструмента: 0%
  Открытие:     2025-08-14 02:57:38
  Закрытие:     2025-08-14 04:32:48
  Цена входа:   0.45333
  Цена выхода:  0.45800311
🔄 Баланс: 68.9176950034091$ | PnL: 0.13201333 💵 | Сделок: 15 | WinRate: 0%
[2025-08-14 04:34:38][TRADE] Закрыта позиция KSM-USDT-SWAP SHORT PnL: -0.13920084 Причина: SL Баланс: 78.7777921634091 WinRate инструмента: 0%
  Открытие:     2025-08-14 02:56:26
  Закрытие:     2025-08-14 04:34:39
  Цена входа:   16.43
  Цена выхода:  16.64374367
🔄 Баланс: 78.7777921634091$ | PnL: -0.00718750999999995 💵 | Сделок: 16 | WinRate: 0%
[2025-08-14 04:35:58][TRADE] Закрыта позиция ZK-USDT-SWAP SHORT PnL: 0.40628249 Причина: TP Баланс: 89.1840742784091 WinRate инструмента: 100%
  Открытие:     2025-08-14 02:57:44
  Закрытие:     2025-08-14 04:35:59
  Цена входа:   0.07205
  Цена выхода:  0.06906058
🔄 Баланс: 89.1840742784091$ | PnL: 0.39909498 💵 | Сделок: 17 | WinRate: 100%
[2025-08-14 04:36:51][TRADE] Закрыта позиция BERA-USDT-SWAP LONG PnL: 0.1084848 Причина: TP Баланс: 79.274576139794 WinRate инструмента: 100%
  Открытие:     2025-08-14 04:07:02
  Закрытие:     2025-08-14 04:36:52
  Цена входа:   2.124
  Цена выхода:  2.14897624
🔄 Баланс: 79.274576139794$ | PnL: 0.50757978 💵 | Сделок: 18 | WinRate: 100%
[2025-08-14 04:36:54][TRADE] Закрыта позиция BLUR-USDT-SWAP LONG PnL: -0.07714839 Причина: SL Баланс: 89.197425201794 WinRate инструмента: 0%
  Открытие:     2025-08-14 04:07:04
  Закрытие:     2025-08-14 04:36:54
  Цена входа:   0.09066
  Цена выхода:  0.09004161
🔄 Баланс: 89.197425201794$ | PnL: 0.43043139 💵 | Сделок: 19 | WinRate: 0%
[2025-08-14 04:38:26][TRADE] Закрыта позиция SLP-USDT-SWAP LONG PnL: -0.07347709 Причина: SL Баланс: 79.1059942948372 WinRate инструмента: 0%
  Открытие:     2025-08-14 04:05:36
  Закрытие:     2025-08-14 04:38:27
  Цена входа:   0.002033
  Цена выхода:  0.00201988
🔄 Баланс: 79.1059942948372$ | PnL: 0.3569543 💵 | Сделок: 20 | WinRate: 0%
[2025-08-14 04:38:31][TRADE] Закрыта позиция SSV-USDT-SWAP LONG PnL: -0.13348488 Причина: SL Баланс: 88.9722100148372 WinRate инструмента: 0%
  Открытие:     2025-08-14 04:05:41
  Закрытие:     2025-08-14 04:38:31
  Цена входа:   10.786
  Цена выхода:  10.65160534
🔄 Баланс: 88.9722100148372$ | PnL: 0.22346942 💵 | Сделок: 21 | WinRate: 0%
[2025-08-14 04:38:56][TRADE] Закрыта позиция YGG-USDT-SWAP LONG PnL: -0.0922316 Причина: SL Баланс: 98.8799719948372 WinRate инструмента: 0%
  Открытие:     2025-08-14 04:06:05
  Закрытие:     2025-08-14 04:38:56
  Цена входа:   0.1823
  Цена выхода:  0.18078132
🔄 Баланс: 98.8799719948372$ | PnL: 0.13123782 💵 | Сделок: 22 | WinRate: 0%
[2025-08-14 04:39:40][TRADE] Закрыта позиция APE-USDT-SWAP LONG PnL: -0.05664801 Причина: SL Баланс: 108.823303364837 WinRate инструмента: 0%
  Открытие:     2025-08-14 04:06:50
  Закрытие:     2025-08-14 04:39:41
  Цена входа:   0.6603
  Цена выхода:  0.65715096
🔄 Баланс: 108.823303364837$ | PnL: 0.0745898100000001 💵 | Сделок: 23 | WinRate: 0%
[2025-08-14 04:42:19][TRADE] Закрыта позиция FLOW-USDT-SWAP LONG PnL: -0.0687922 Причина: SL Баланс: 18.6644830457923 WinRate инструмента: 0%
  Открытие:     2025-08-14 04:09:52
  Закрытие:     2025-08-14 04:42:19
  Цена входа:   0.4172
  Цена выхода:  0.41470322
🔄 Баланс: 18.6644830457923$ | PnL: 0.00579761000000006 💵 | Сделок: 24 | WinRate: 0%
[2025-08-14 04:43:35][TRADE] Закрыта позиция TIA-USDT-SWAP LONG PnL: -0.13981918 Причина: SL Баланс: 18.5157420764019 WinRate инструмента: 0%
  Открытие:     2025-08-14 04:05:48
  Закрытие:     2025-08-14 04:43:35
  Цена входа:   2.007
  Цена выхода:  1.98072116
🔄 Баланс: 18.5157420764019$ | PnL: -0.13402157 💵 | Сделок: 25 | WinRate: 0%
[2025-08-14 04:44:50][TRADE] Закрыта позиция NEIRO-USDT-SWAP LONG PnL: -0.09352547 Причина: SL Баланс: 18.4132398304419 WinRate инструмента: 0%
  Открытие:     2025-08-14 04:05:09
  Закрытие:     2025-08-14 04:44:51
  Цена входа:   0.0004468
  Цена выхода:  0.00044302
🔄 Баланс: 18.4132398304419$ | PnL: -0.22754704 💵 | Сделок: 26 | WinRate: 0%
[2025-08-14 04:45:22][TRADE] Закрыта позиция STORJ-USDT-SWAP LONG PnL: -0.05936014 Причина: SL Баланс: 18.3443992121319 WinRate инструмента: 0%
  Открытие:     2025-08-14 04:05:41
  Закрытие:     2025-08-14 04:45:22
  Цена входа:   0.2895
  Цена выхода:  0.28804076
🔄 Баланс: 18.3443992121319$ | PnL: -0.28690718 💵 | Сделок: 27 | WinRate: 0%
[2025-08-14 04:45:33][TRADE] Закрыта позиция USTC-USDT-SWAP LONG PnL: -0.07076317 Причина: SL Баланс: 18.2646411010999 WinRate инструмента: 0%
  Открытие:     2025-08-14 04:05:54
  Закрытие:     2025-08-14 04:45:34
  Цена входа:   0.01446
  Цена выхода:  0.01437061
🔄 Баланс: 18.2646411010999$ | PnL: -0.35767035 💵 | Сделок: 28 | WinRate: 0%
[2025-08-14 04:45:56][TRADE] Закрыта позиция FIL-USD-SWAP LONG PnL: -0.07331016 Причина: SL Баланс: 18.1824185478471 WinRate инструмента: 0%
  Открытие:     2025-08-14 04:06:29
  Закрытие:     2025-08-14 04:45:57
  Цена входа:   2.739
  Цена выхода:  2.72136976
🔄 Баланс: 18.1824185478471$ | PnL: -0.43098051 💵 | Сделок: 29 | WinRate: 0%
[2025-08-14 04:49:29][TRADE] Закрыта позиция BNB-USDT-SWAP LONG PnL: -0.04890877 Причина: SL Баланс: 18.1356390762081 WinRate инструмента: 0%
  Открытие:     2025-08-14 04:07:05
  Закрытие:     2025-08-14 04:49:30
  Цена входа:   848.4
  Цена выхода:  845.0157029
🔄 Баланс: 18.1356390762081$ | PnL: -0.47988928 💵 | Сделок: 30 | WinRate: 0%
[2025-08-14 04:50:09][TRADE] Закрыта позиция PNUT-USDT-SWAP LONG PnL: -0.09384055 Причина: SL Баланс: 18.0328316174661 WinRate инструмента: 0%
  Открытие:     2025-08-14 04:05:23
  Закрытие:     2025-08-14 04:50:09
  Цена входа:   0.2635
  Цена выхода:  0.26126244
🔄 Баланс: 18.0328316174661$ | PnL: -0.57372983 💵 | Сделок: 31 | WinRate: 0%
[2025-08-14 04:50:09][TRADE] Закрыта позиция POL-USDT-SWAP LONG PnL: -0.06156593 Причина: SL Баланс: 27.9712781874661 WinRate инструмента: 0%
  Открытие:     2025-08-14 04:05:23
  Закрытие:     2025-08-14 04:50:10
  Цена входа:   0.2575
  Цена выхода:  0.25614521
🔄 Баланс: 27.9712781874661$ | PnL: -0.63529576 💵 | Сделок: 32 | WinRate: 0%
[2025-08-14 04:50:13][TRADE] Закрыта позиция QTUM-USDT-SWAP LONG PnL: -0.05887617 Причина: SL Баланс: 37.9123095174661 WinRate инструмента: 0%
  Открытие:     2025-08-14 04:05:27
  Закрытие:     2025-08-14 04:50:13
  Цена входа:   2.287
  Цена выхода:  2.27558292
🔄 Баланс: 37.9123095174661$ | PnL: -0.69417193 💵 | Сделок: 33 | WinRate: 0%
[2025-08-14 04:50:52][TRADE] Закрыта позиция YFI-USDT-SWAP LONG PnL: -0.06992639 Причина: SL Баланс: 38.1115809034663 WinRate инструмента: 0%
  Открытие:     2025-08-14 04:06:04
  Закрытие:     2025-08-14 04:50:53
  Цена входа:   6046
  Цена выхода:  6010.27607973
🔄 Баланс: 38.1115809034663$ | PnL: -0.76409832 💵 | Сделок: 34 | WinRate: 0%
[2025-08-14 04:52:49][TRADE] Закрыта позиция MASK-USDT-SWAP SHORT PnL: 0.1563078 Причина: TP Баланс: 38.2589215124663 WinRate инструмента: 100%
  Открытие:     2025-08-14 02:56:35
  Закрытие:     2025-08-14 04:52:49
  Цена входа:   1.403
  Цена выхода:  1.37982822
🔄 Баланс: 38.2589215124663$ | PnL: -0.60779052 💵 | Сделок: 35 | WinRate: 100%
[2025-08-14 04:52:51][TRADE] Закрыта позиция METIS-USDT-SWAP SHORT PnL: 0.25036421 Причина: TP Баланс: 48.5092217224663 WinRate инструмента: 100%
  Открытие:     2025-08-14 02:56:37
  Закрытие:     2025-08-14 04:52:52
  Цена входа:   19.29
  Цена выхода:  18.79013322
🔄 Баланс: 48.5092217224663$ | PnL: -0.35742631 💵 | Сделок: 36 | WinRate: 100%
[2025-08-14 04:54:41][TRADE] Закрыта позиция AR-USDT-SWAP SHORT PnL: 0.28058256 Причина: TP Баланс: 58.7901614824663 WinRate инструмента: 100%
  Открытие:     2025-08-14 02:55:26
  Закрытие:     2025-08-14 04:54:42
  Цена входа:   8.532
  Цена выхода:  8.28515887
🔄 Баланс: 58.7901614824663$ | PnL: -0.0768437499999999 💵 | Сделок: 37 | WinRate: 100%
[2025-08-14 04:55:17][TRADE] Закрыта позиция FLOKI-USDT-SWAP LONG PnL: -0.08187198 Причина: SL Баланс: 68.7082894974583 WinRate инструмента: 0%
  Открытие:     2025-08-14 04:07:29
  Закрытие:     2025-08-14 04:55:18
  Цена входа:   0.00011928
  Цена выхода:  0.00011841
🔄 Баланс: 68.7082894974583$ | PnL: -0.15871573 💵 | Сделок: 38 | WinRate: 0%
[2025-08-14 04:58:56][TRADE] Закрыта позиция MOODENG-USDT-SWAP SHORT PnL: 0.26267779 Причина: TP Баланс: 78.9709635064583 WinRate инструмента: 100%
  Открытие:     2025-08-14 02:56:40
  Закрытие:     2025-08-14 04:58:56
  Цена входа:   0.18471
  Цена выхода:  0.17969635
🔄 Баланс: 78.9709635064583$ | PnL: 0.10396206 💵 | Сделок: 39 | WinRate: 100%
[2025-08-14 05:01:37][TRADE] Закрыта позиция IOST-USDT-SWAP SHORT PnL: 0.13859594 Причина: TP Баланс: 79.1005570029147 WinRate инструмента: 100%
  Открытие:     2025-08-14 02:56:19
  Закрытие:     2025-08-14 05:01:38
  Цена входа:   0.003942
  Цена выхода:  0.00388387
🔄 Баланс: 79.1005570029147$ | PnL: 0.242558 💵 | Сделок: 40 | WinRate: 100%
[2025-08-14 05:02:15][TRADE] Закрыта позиция PERP-USDT-SWAP LONG PnL: -0.09792632 Причина: SL Баланс: 89.0026454329146 WinRate инструмента: 0%
  Открытие:     2025-08-14 04:02:18
  Закрытие:     2025-08-14 05:02:15
  Цена входа:   0.3025
  Цена выхода:  0.29980756
🔄 Баланс: 89.0026454329146$ | PnL: 0.14463168 💵 | Сделок: 41 | WinRate: 0%
[2025-08-14 05:02:33][TRADE] Закрыта позиция SOPH-USDT-SWAP SHORT PnL: 0.20508748 Причина: TP Баланс: 99.2077341489147 WinRate инструмента: 100%
  Открытие:     2025-08-14 03:03:20
  Закрытие:     2025-08-14 05:02:33
  Цена входа:   0.04036
  Цена выхода:  0.03949672
🔄 Баланс: 99.2077341489147$ | PnL: 0.34971916 💵 | Сделок: 42 | WinRate: 100%
[2025-08-14 05:03:27][TRADE] Закрыта позиция UNI-USD-SWAP LONG PnL: -0.10252689 Причина: SL Баланс: 99.0967619436231 WinRate инструмента: 0%
  Открытие:     2025-08-14 04:06:33
  Закрытие:     2025-08-14 05:03:27
  Цена входа:   12.175
  Цена выхода:  12.06103524
🔄 Баланс: 99.0967619436231$ | PnL: 0.24719227 💵 | Сделок: 43 | WinRate: 0%
[2025-08-14 05:03:37][TRADE] Закрыта позиция ACT-USDT-SWAP SHORT PnL: 0.17878661 Причина: TP Баланс: 109.275547592623 WinRate инструмента: 100%
  Открытие:     2025-08-14 02:55:17
  Закрытие:     2025-08-14 05:03:38
  Цена входа:   0.04479
  Цена выхода:  0.04394966
🔄 Баланс: 109.275547592623$ | PnL: 0.42597888 💵 | Сделок: 44 | WinRate: 100%
[2025-08-14 05:03:52][TRADE] Закрыта позиция AXS-USDT-SWAP SHORT PnL: 0.18645536 Причина: TP Баланс: 119.461953952623 WinRate инструмента: 100%
  Открытие:     2025-08-14 02:55:32
  Закрытие:     2025-08-14 05:03:52
  Цена входа:   2.67
  Цена выхода:  2.6178601
🔄 Баланс: 119.461953952623$ | PnL: 0.61243424 💵 | Сделок: 45 | WinRate: 100%
[2025-08-14 05:03:53][TRADE] Закрыта позиция BAT-USDT-SWAP LONG PnL: -0.12133235 Причина: SL Баланс: 129.340615062623 WinRate инструмента: 0%
  Открытие:     2025-08-14 04:07:00
  Закрытие:     2025-08-14 05:03:54
  Цена входа:   0.1642
  Цена выхода:  0.16235384
🔄 Баланс: 129.340615062623$ | PnL: 0.49110189 💵 | Сделок: 46 | WinRate: 0%
[2025-08-14 05:04:01][TRADE] Закрыта позиция CATI-USDT-SWAP LONG PnL: -0.10586931 Причина: SL Баланс: 139.234750198623 WinRate инструмента: 0%
  Открытие:     2025-08-14 03:20:45
  Закрытие:     2025-08-14 05:04:02
  Цена входа:   0.09706
  Цена выхода:  0.09611894
🔄 Баланс: 139.234750198623$ | PnL: 0.38523258 💵 | Сделок: 47 | WinRate: 0%
[2025-08-14 05:04:11][TRADE] Закрыта позиция DEGEN-USDT-SWAP SHORT PnL: 0.15079454 Причина: TP Баланс: 149.385544936923 WinRate инструмента: 100%
  Открытие:     2025-08-14 04:40:07
  Закрытие:     2025-08-14 05:04:11
  Цена входа:   0.004067
  Цена выхода:  0.00400207
🔄 Баланс: 149.385544936923$ | PnL: 0.53602712 💵 | Сделок: 48 | WinRate: 100%
[2025-08-14 05:04:13][TRADE] Закрыта позиция DOOD-USDT-SWAP LONG PnL: -0.19747844 Причина: SL Баланс: 159.188066342523 WinRate инструмента: 0%
  Открытие:     2025-08-14 03:42:17
  Закрытие:     2025-08-14 05:04:14
  Цена входа:   0.003832
  Цена выхода:  0.00375971
🔄 Баланс: 159.188066342523$ | PnL: 0.33854868 💵 | Сделок: 49 | WinRate: 0%
[2025-08-14 05:04:18][TRADE] Закрыта позиция ENS-USDT-SWAP SHORT PnL: 0.19802471 Причина: TP Баланс: 169.385333052523 WinRate инструмента: 100%
  Открытие:     2025-08-14 02:55:57
  Закрытие:     2025-08-14 05:04:18
  Цена входа:   29.804
  Цена выхода:  29.18749367
🔄 Баланс: 169.385333052523$ | PnL: 0.53657339 💵 | Сделок: 50 | WinRate: 100%
[2025-08-14 05:04:25][TRADE] Закрыта позиция GLM-USDT-SWAP SHORT PnL: 0.14039288 Причина: TP Баланс: 179.525723332523 WinRate инструмента: 100%
  Открытие:     2025-08-14 02:56:05
  Закрытие:     2025-08-14 05:04:26
  Цена входа:   0.2738
  Цена выхода:  0.2697133
🔄 Баланс: 179.525723332523$ | PnL: 0.67696627 💵 | Сделок: 51 | WinRate: 100%
[2025-08-14 05:04:49][TRADE] Закрыта позиция LQTY-USDT-SWAP SHORT PnL: 0.23562265 Причина: TP Баланс: 189.761384882523 WinRate инструмента: 100%
  Открытие:     2025-08-14 02:56:30
  Закрытие:     2025-08-14 05:04:50
  Цена входа:   1.0695
  Цена выхода:  1.04336123
🔄 Баланс: 189.761384882523$ | PnL: 0.91258892 💵 | Сделок: 52 | WinRate: 100%
[2025-08-14 05:05:01][TRADE] Закрыта позиция MUBARAK-USDT-SWAP LONG PnL: -0.1250026 Причина: SL Баланс: 199.636382780523 WinRate инструмента: 0%
  Открытие:     2025-08-14 04:05:07
  Закрытие:     2025-08-14 05:05:02
  Цена входа:   0.03866
  Цена выхода:  0.03821113
🔄 Баланс: 199.636382780523$ | PnL: 0.78758632 💵 | Сделок: 53 | WinRate: 0%
[2025-08-14 05:05:07][TRADE] Закрыта позиция OL-USDT-SWAP LONG PnL: -0.18476992 Причина: SL Баланс: 209.451614780523 WinRate инструмента: 0%
  Открытие:     2025-08-14 03:27:59
  Закрытие:     2025-08-14 05:05:07
  Цена входа:   0.0404
  Цена выхода:  0.03968925
🔄 Баланс: 209.451614780523$ | PnL: 0.6028164 💵 | Сделок: 54 | WinRate: 0%
[2025-08-14 05:05:19][TRADE] Закрыта позиция PUMP-USDT-SWAP SHORT PnL: 0.22209613 Причина: TP Баланс: 209.665131822883 WinRate инструмента: 100%
  Открытие:     2025-08-14 02:57:01
  Закрытие:     2025-08-14 05:05:20
  Цена входа:   0.00394
  Цена выхода:  0.00384903
🔄 Баланс: 209.665131822883$ | PnL: 0.82491253 💵 | Сделок: 55 | WinRate: 100%
[2025-08-14 05:05:46][TRADE] Закрыта позиция UNI-USDT-SWAP LONG PnL: -0.10940087 Причина: SL Баланс: 219.555141352883 WinRate инструмента: 0%
  Открытие:     2025-08-14 04:05:53
  Закрытие:     2025-08-14 05:05:46
  Цена входа:   12.147
  Цена выхода:  12.02492536
🔄 Баланс: 219.555141352883$ | PnL: 0.71551166 💵 | Сделок: 56 | WinRate: 0%
[2025-08-14 05:08:42][TRADE] Закрыта позиция MOVE-USDT-SWAP SHORT PnL: 0.08871046 Причина: TP Баланс: 219.634865301875 WinRate инструмента: 100%
  Открытие:     2025-08-14 04:40:59
  Закрытие:     2025-08-14 05:08:42
  Цена входа:   0.14667
  Цена выхода:  0.14523817
🔄 Баланс: 219.634865301875$ | PnL: 0.80422212 💵 | Сделок: 57 | WinRate: 100%
[2025-08-14 05:11:33][TRADE] Закрыта позиция LPT-USDT-SWAP SHORT PnL: 0.19046707 Причина: TP Баланс: 209.80746931884 WinRate инструмента: 100%
  Открытие:     2025-08-14 02:56:30
  Закрытие:     2025-08-14 05:11:33
  Цена входа:   7.166
  Цена выхода:  7.02319251
🔄 Баланс: 209.80746931884$ | PnL: 0.99468919 💵 | Сделок: 58 | WinRate: 100%
[2025-08-14 05:14:37][TRADE] Закрыта позиция LINK-USDT-SWAP LONG PnL: -0.09502892 Причина: SL Баланс: 219.71136999884 WinRate инструмента: 0%
  Открытие:     2025-08-14 04:07:49
  Закрытие:     2025-08-14 05:14:38
  Цена входа:   23.984
  Цена выхода:  23.77745794
🔄 Баланс: 219.71136999884$ | PnL: 0.89966027 💵 | Сделок: 59 | WinRate: 0%
[2025-08-14 05:20:35][TRADE] Закрыта позиция KMNO-USDT-SWAP SHORT PnL: -0.10378319 Причина: SL Баланс: 229.60758764084 WinRate инструмента: 0%
  Открытие:     2025-08-14 04:37:41
  Закрытие:     2025-08-14 05:20:36
  Цена входа:   0.06158
  Цена выхода:  0.06216315
🔄 Баланс: 229.60758764084$ | PnL: 0.79587708 💵 | Сделок: 60 | WinRate: 0%
[2025-08-14 05:30:45][TRADE] Закрыта позиция TRX-USDT-SWAP LONG PnL: 0.04499048 Причина: TP Баланс: 219.634965611969 WinRate инструмента: 100%
  Открытие:     2025-08-14 05:02:45
  Закрытие:     2025-08-14 05:30:46
  Цена входа:   0.36156
  Цена выхода:  0.36351384
🔄 Баланс: 219.634965611969$ | PnL: 0.84086756 💵 | Сделок: 61 | WinRate: 100%
[2025-08-14 05:31:27][TRADE] Закрыта позиция TRX-USD-SWAP LONG PnL: 0.04151461 Причина: TP Баланс: 229.676482825969 WinRate инструмента: 100%
  Открытие:     2025-08-14 05:00:24
  Закрытие:     2025-08-14 05:31:27
  Цена входа:   0.36172
  Цена выхода:  0.36354886
🔄 Баланс: 229.676482825969$ | PnL: 0.88238217 💵 | Сделок: 62 | WinRate: 100%
[2025-08-14 05:34:21][TRADE] Закрыта позиция SUI-USDT-SWAP SHORT PnL: -0.12425453 Причина: SL Баланс: 229.543279672856 WinRate инструмента: 0%
  Открытие:     2025-08-14 02:57:18
  Закрытие:     2025-08-14 05:34:22
  Цена входа:   4.0074
  Цена выхода:  4.05354524
🔄 Баланс: 229.543279672856$ | PnL: 0.75812764 💵 | Сделок: 63 | WinRate: 0%
[2025-08-14 05:34:45][TRADE] Закрыта позиция ZETA-USDT-SWAP LONG PnL: 0.0705903 Причина: TP Баланс: 239.613861092856 WinRate инструмента: 100%
  Открытие:     2025-08-14 05:06:00
  Закрытие:     2025-08-14 05:34:46
  Цена входа:   0.2098
  Цена выхода:  0.21147131
🔄 Баланс: 239.613861092856$ | PnL: 0.82871794 💵 | Сделок: 64 | WinRate: 100%
[2025-08-14 05:35:43][TRADE] Закрыта позиция BNT-USDT-SWAP SHORT PnL: -0.07540457 Причина: SL Баланс: 249.538432902856 WinRate инструмента: 0%
  Открытие:     2025-08-14 04:49:30
  Закрытие:     2025-08-14 05:35:44
  Цена входа:   0.8402
  Цена выхода:  0.84577431
🔄 Баланс: 249.538432902856$ | PnL: 0.75331337 💵 | Сделок: 65 | WinRate: 0%
[2025-08-14 05:36:30][TRADE] Закрыта позиция KSM-USDT-SWAP SHORT PnL: -0.06988605 Причина: SL Баланс: 259.468536852856 WinRate инструмента: 0%
  Открытие:     2025-08-14 04:52:40
  Закрытие:     2025-08-14 05:36:30
  Цена входа:   16.38
  Цена выхода:  16.47964178
🔄 Баланс: 259.468536852856$ | PnL: 0.68342732 💵 | Сделок: 66 | WinRate: 0%
[2025-08-14 05:36:57][TRADE] Закрыта позиция ORDI-USDT-SWAP LONG PnL: 0.12696818 Причина: TP Баланс: 269.595084632856 WinRate инструмента: 100%
  Открытие:     2025-08-14 05:05:12
  Закрытие:     2025-08-14 05:36:58
  Цена входа:   10.462
  Цена выхода:  10.60438364
🔄 Баланс: 269.595084632856$ | PnL: 0.8103955 💵 | Сделок: 67 | WinRate: 100%
[2025-08-14 05:37:35][TRADE] Закрыта позиция VANA-USDT-SWAP SHORT PnL: -0.0686194 Причина: SL Баланс: 279.526442032856 WinRate инструмента: 0%
  Открытие:     2025-08-14 04:43:43
  Закрытие:     2025-08-14 05:37:36
  Цена входа:   4.596
  Цена выхода:  4.62337651
🔄 Баланс: 279.526442032856$ | PnL: 0.7417761 💵 | Сделок: 68 | WinRate: 0%
[2025-08-14 05:41:14][TRADE] Закрыта позиция SUI-USD-SWAP SHORT PnL: -0.11462277 Причина: SL Баланс: 279.402957077464 WinRate инструмента: 0%
  Открытие:     2025-08-14 02:55:05
  Закрытие:     2025-08-14 05:41:14
  Цена входа:   4.0289
  Цена выхода:  4.07141548
🔄 Баланс: 279.402957077464$ | PnL: 0.62715333 💵 | Сделок: 69 | WinRate: 0%
[2025-08-14 05:45:59][TRADE] Закрыта позиция NOT-USDT-SWAP LONG PnL: 0.12445054 Причина: TP Баланс: 289.527407656064 WinRate инструмента: 100%
  Открытие:     2025-08-14 05:08:48
  Закрытие:     2025-08-14 05:45:59
  Цена входа:   0.002106
  Цена выхода:  0.00213413
🔄 Баланс: 289.527407656064$ | PnL: 0.75160387 💵 | Сделок: 70 | WinRate: 100%
[2025-08-14 05:46:10][TRADE] Закрыта позиция POPCAT-USDT-SWAP SHORT PnL: -0.10309089 Причина: SL Баланс: 299.424308356064 WinRate инструмента: 0%
  Открытие:     2025-08-14 04:41:17
  Закрытие:     2025-08-14 05:46:11
  Цена входа:   0.3453
  Цена выхода:  0.34854604
🔄 Баланс: 299.424308356064$ | PnL: 0.64851298 💵 | Сделок: 71 | WinRate: 0%
[2025-08-14 05:46:48][TRADE] Закрыта позиция WOO-USDT-SWAP SHORT PnL: -0.09068751 Причина: SL Баланс: 309.333622238064 WinRate инструмента: 0%
  Открытие:     2025-08-14 04:45:41
  Закрытие:     2025-08-14 05:46:49
  Цена входа:   0.08488
  Цена выхода:  0.08557274
🔄 Баланс: 309.333622238064$ | PnL: 0.55782547 💵 | Сделок: 72 | WinRate: 0%
[2025-08-14 05:48:18][TRADE] Закрыта позиция GAS-USDT-SWAP LONG PnL: 0.05006786 Причина: TP Баланс: 319.383706098064 WinRate инструмента: 100%
  Открытие:     2025-08-14 05:11:09
  Закрытие:     2025-08-14 05:48:19
  Цена входа:   3.406
  Цена выхода:  3.42613661
🔄 Баланс: 319.383706098064$ | PnL: 0.60789333 💵 | Сделок: 73 | WinRate: 100%
[2025-08-14 05:48:37][TRADE] Закрыта позиция KAITO-USDT-SWAP SHORT PnL: -0.08364266 Причина: SL Баланс: 329.300016558064 WinRate инструмента: 0%
  Открытие:     2025-08-14 04:37:40
  Закрытие:     2025-08-14 05:48:38
  Цена входа:   1.2314
  Цена выхода:  1.24058328
🔄 Баланс: 329.300016558064$ | PnL: 0.52425067 💵 | Сделок: 74 | WinRate: 0%
[2025-08-14 05:50:39][TRADE] Закрыта позиция ALGO-USDT-SWAP SHORT PnL: -0.1312937 Причина: SL Баланс: 339.168728858064 WinRate инструмента: 0%
  Открытие:     2025-08-14 02:55:22
  Закрытие:     2025-08-14 05:50:39
  Цена входа:   0.2815
  Цена выхода:  0.28493947
🔄 Баланс: 339.168728858064$ | PnL: 0.39295697 💵 | Сделок: 75 | WinRate: 0%
[2025-08-14 06:09:50][TRADE] Закрыта позиция BABY-USDT-SWAP SHORT PnL: -0.10006407 Причина: SL Баланс: 349.068662138064 WinRate инструмента: 0%
  Открытие:     2025-08-14 04:36:49
  Закрытие:     2025-08-14 06:09:50
  Цена входа:   0.06465
  Цена выхода:  0.0652382
🔄 Баланс: 349.068662138064$ | PnL: 0.2928929 💵 | Сделок: 76 | WinRate: 0%
[2025-08-14 06:16:05][TRADE] Закрыта позиция CETUS-USDT-SWAP SHORT PnL: -0.15906934 Причина: SL Баланс: 288.846085842206 WinRate инструмента: 0%
  Открытие:     2025-08-14 02:55:43
  Закрытие:     2025-08-14 06:16:05
  Цена входа:   0.11721
  Цена выхода:  0.11896738
🔄 Баланс: 288.846085842206$ | PnL: 0.13382356 💵 | Сделок: 77 | WinRate: 0%
[2025-08-14 06:28:18][TRADE] Закрыта позиция EIGEN-USDT-SWAP SHORT PnL: -0.14714532 Причина: SL Баланс: 18.4415555833631 WinRate инструмента: 0%
  Открытие:     2025-08-14 06:22:23
  Закрытие:     2025-08-14 06:28:18
  Цена входа:   1.6133
  Цена выхода:  1.63556685
🔄 Баланс: 18.4415555833631$ | PnL: -0.0133217599999999 💵 | Сделок: 78 | WinRate: 0%
[2025-08-14 06:33:40][TRADE] Закрыта позиция TURBO-USDT-SWAP SHORT PnL: -0.09575397 Причина: SL Баланс: 18.3367977671511 WinRate инструмента: 0%
  Открытие:     2025-08-14 06:17:50
  Закрытие:     2025-08-14 06:33:40
  Цена входа:   0.005021
  Цена выхода:  0.00506452
🔄 Баланс: 18.3367977671511$ | PnL: -0.10907573 💵 | Сделок: 79 | WinRate: 0%
[2025-08-14 06:34:16][TRADE] Закрыта позиция ATH-USDT-SWAP SHORT PnL: -0.0636996 Причина: SL Баланс: 18.2640974627487 WinRate инструмента: 0%
  Открытие:     2025-08-14 06:21:55
  Закрытие:     2025-08-14 06:34:16
  Цена входа:   0.03447
  Цена выхода:  0.03465838
🔄 Баланс: 18.2640974627487$ | PnL: -0.17277533 💵 | Сделок: 80 | WinRate: 0%
[2025-08-14 06:35:56][TRADE] Закрыта позиция BERA-USDT-SWAP SHORT PnL: -0.09229129 Причина: SL Баланс: 18.1628405787077 WinRate инструмента: 50%
  Открытие:     2025-08-14 06:25:52
  Закрытие:     2025-08-14 06:35:57
  Цена входа:   2.139
  Цена выхода:  2.15679991
🔄 Баланс: 18.1628405787077$ | PnL: -0.26506662 💵 | Сделок: 81 | WinRate: 50%
[2025-08-14 06:36:32][TRADE] Закрыта позиция GRT-USDT-SWAP SHORT PnL: -0.13138392 Причина: SL Баланс: 28.0314523017077 WinRate инструмента: 0%
  Открытие:     2025-08-14 02:56:11
  Закрытие:     2025-08-14 06:36:33
  Цена входа:   0.10163
  Цена выхода:  0.10287267
🔄 Баланс: 28.0314523017077$ | PnL: -0.39645054 💵 | Сделок: 82 | WinRate: 0%
[2025-08-14 06:36:39][TRADE] Закрыта позиция INJ-USDT-SWAP LONG PnL: 0.19503002 Причина: TP Баланс: 38.2260898217077 WinRate инструмента: 100%
  Открытие:     2025-08-14 05:26:36
  Закрытие:     2025-08-14 06:36:40
  Цена входа:   15.885
  Цена выхода:  16.20940582
🔄 Баланс: 38.2260898217077$ | PnL: -0.20142052 💵 | Сделок: 83 | WinRate: 100%
[2025-08-14 06:36:54][TRADE] Закрыта позиция LUNC-USDT-SWAP SHORT PnL: -0.0442486 Причина: SL Баланс: 48.1818412228507 WinRate инструмента: 0%
  Открытие:     2025-08-14 06:16:56
  Закрытие:     2025-08-14 06:36:54
  Цена входа:   6.247E-05
  Цена выхода:  6.269E-05
🔄 Баланс: 48.1818412228507$ | PnL: -0.24566912 💵 | Сделок: 84 | WinRate: 0%
[2025-08-14 06:37:11][TRADE] Закрыта позиция ONE-USDT-SWAP SHORT PnL: -0.08849484 Причина: SL Баланс: 58.0933463326507 WinRate инструмента: 0%
  Открытие:     2025-08-14 04:41:08
  Закрытие:     2025-08-14 06:37:11
  Цена входа:   0.012174
  Цена выхода:  0.01227069
🔄 Баланс: 58.0933463326507$ | PnL: -0.33416396 💵 | Сделок: 85 | WinRate: 0%
[2025-08-14 06:37:31][TRADE] Закрыта позиция SLP-USDT-SWAP SHORT PnL: -0.07678529 Причина: SL Баланс: 68.0165610320507 WinRate инструмента: 0%
  Открытие:     2025-08-14 04:43:28
  Закрытие:     2025-08-14 06:37:31
  Цена входа:   0.002017
  Цена выхода:  0.00203066
🔄 Баланс: 68.0165610320507$ | PnL: -0.41094925 💵 | Сделок: 86 | WinRate: 0%
[2025-08-14 06:37:45][TRADE] Закрыта позиция TREE-USDT-SWAP SHORT PnL: -0.08570216 Причина: SL Баланс: 57.9128544229909 WinRate инструмента: 0%
  Открытие:     2025-08-14 06:17:48
  Закрытие:     2025-08-14 06:37:45
  Цена входа:   0.4252
  Цена выхода:  0.42845845
🔄 Баланс: 57.9128544229909$ | PnL: -0.49665141 💵 | Сделок: 87 | WinRate: 0%
[2025-08-14 06:37:48][TRADE] Закрыта позиция UNI-USDT-SWAP SHORT PnL: -0.07924167 Причина: SL Баланс: 67.8340575529909 WinRate инструмента: 0%
  Открытие:     2025-08-14 06:17:51
  Закрытие:     2025-08-14 06:37:48
  Цена входа:   12.072
  Цена выхода:  12.15671524
🔄 Баланс: 67.8340575529909$ | PnL: -0.57589308 💵 | Сделок: 88 | WinRate: 0%
[2025-08-14 06:38:23][TRADE] Закрыта позиция FIL-USD-SWAP SHORT PnL: -0.06992413 Причина: SL Баланс: 77.7641234229909 WinRate инструмента: 0%
  Открытие:     2025-08-14 06:25:18
  Закрытие:     2025-08-14 06:38:24
  Цена входа:   2.73
  Цена выхода:  2.74661735
🔄 Баланс: 77.7641234229909$ | PnL: -0.64581721 💵 | Сделок: 89 | WinRate: 0%
[2025-08-14 06:38:27][TRADE] Закрыта позиция UNI-USD-SWAP SHORT PnL: -0.07368338 Причина: SL Баланс: 87.6908848429909 WinRate инструмента: 0%
  Открытие:     2025-08-14 06:15:29
  Закрытие:     2025-08-14 06:38:28
  Цена входа:   12.072
  Цена выхода:  12.15001161
🔄 Баланс: 87.6908848429909$ | PnL: -0.71950059 💵 | Сделок: 90 | WinRate: 0%
[2025-08-14 06:38:46][TRADE] Закрыта позиция AR-USDT-SWAP SHORT PnL: -0.10583215 Причина: SL Баланс: 97.5854464929909 WinRate инструмента: 50%
  Открытие:     2025-08-14 06:25:42
  Закрытие:     2025-08-14 06:38:47
  Цена входа:   8.391
  Цена выхода:  8.4721753
🔄 Баланс: 97.5854464929909$ | PnL: -0.82533274 💵 | Сделок: 91 | WinRate: 50%
[2025-08-14 06:39:02][TRADE] Закрыта позиция CATI-USDT-SWAP SHORT PnL: -0.08688873 Причина: SL Баланс: 107.498555714991 WinRate инструмента: 0%
  Открытие:     2025-08-14 06:22:08
  Закрытие:     2025-08-14 06:39:02
  Цена входа:   0.09664
  Цена выхода:  0.09739204
🔄 Баланс: 107.498555714991$ | PnL: -0.91222147 💵 | Сделок: 92 | WinRate: 0%
[2025-08-14 06:41:27][TRADE] Закрыта позиция SUI-USD-SWAP SHORT PnL: -0.07017525 Причина: SL Баланс: 107.419209654018 WinRate инструмента: 0%
  Открытие:     2025-08-14 06:25:20
  Закрытие:     2025-08-14 06:41:28
  Цена входа:   4.0615
  Цена выхода:  4.0863245
🔄 Баланс: 107.419209654018$ | PnL: -0.98239672 💵 | Сделок: 93 | WinRate: 0%
[2025-08-14 06:44:27][TRADE] Закрыта позиция LTC-USD-SWAP SHORT PnL: 0.06659508 Причина: TP Баланс: 117.490626734018 WinRate инструмента: 100%
  Открытие:     2025-08-14 06:25:19
  Закрытие:     2025-08-14 06:44:28
  Цена входа:   133.22
  Цена выхода:  132.21425509
🔄 Баланс: 117.490626734018$ | PnL: -0.91580164 💵 | Сделок: 94 | WinRate: 100%
[2025-08-14 06:45:01][TRADE] Закрыта позиция BIGTIME-USDT-SWAP SHORT PnL: -0.08194041 Причина: SL Баланс: 127.408686390018 WinRate инструмента: 0%
  Открытие:     2025-08-14 06:25:53
  Закрытие:     2025-08-14 06:45:01
  Цена входа:   0.06223
  Цена выхода:  0.0626835
🔄 Баланс: 127.408686390018$ | PnL: -0.99774205 💵 | Сделок: 95 | WinRate: 0%
[2025-08-14 06:45:22][TRADE] Закрыта позиция ENJ-USDT-SWAP SHORT PnL: -0.09465066 Причина: SL Баланс: 137.314039410018 WinRate инструмента: 0%
  Открытие:     2025-08-14 06:28:19
  Закрытие:     2025-08-14 06:45:22
  Цена входа:   0.0788
  Цена выхода:  0.07947432
🔄 Баланс: 137.314039410018$ | PnL: -1.09239271 💵 | Сделок: 96 | WinRate: 0%
[2025-08-14 06:45:28][TRADE] Закрыта позиция FXS-USDT-SWAP SHORT PnL: -0.06224999 Причина: SL Баланс: 147.251724420018 WinRate инструмента: 0%
  Открытие:     2025-08-14 06:10:22
  Закрытие:     2025-08-14 06:45:29
  Цена входа:   3.218
  Цена выхода:  3.23512057
🔄 Баланс: 147.251724420018$ | PnL: -1.1546427 💵 | Сделок: 97 | WinRate: 0%
[2025-08-14 06:45:33][TRADE] Закрыта позиция GPS-USDT-SWAP SHORT PnL: -0.09019462 Причина: SL Баланс: 157.161529439018 WinRate инструмента: 0%
  Открытие:     2025-08-14 06:16:31
  Закрытие:     2025-08-14 06:45:34
  Цена входа:   0.01587
  Цена выхода:  0.01599874
🔄 Баланс: 157.161529439018$ | PnL: -1.24483732 💵 | Сделок: 98 | WinRate: 0%
[2025-08-14 06:45:40][TRADE] Закрыта позиция ICX-USDT-SWAP SHORT PnL: -0.06131592 Причина: SL Баланс: 157.091207480626 WinRate инструмента: 0%
  Открытие:     2025-08-14 04:40:34
  Закрытие:     2025-08-14 06:45:41
  Цена входа:   0.14205
  Цена выхода:  0.14279248
🔄 Баланс: 157.091207480626$ | PnL: -1.30615324 💵 | Сделок: 99 | WinRate: 0%
[2025-08-14 06:45:47][TRADE] Закрыта позиция JUP-USDT-SWAP SHORT PnL: -0.16660548 Причина: SL Баланс: 166.924592000626 WinRate инструмента: 0%
  Открытие:     2025-08-14 02:56:23
  Закрытие:     2025-08-14 06:45:48
  Цена входа:   0.5544
  Цена выхода:  0.5631298
🔄 Баланс: 166.924592000626$ | PnL: -1.47275872 💵 | Сделок: 100 | WinRate: 0%
[2025-08-14 06:46:05][TRADE] Закрыта позиция MOVE-USDT-SWAP SHORT PnL: -0.06507473 Причина: SL Баланс: 176.859520595626 WinRate инструмента: 50%
  Открытие:     2025-08-14 06:17:04
  Закрытие:     2025-08-14 06:46:05
  Цена входа:   0.14659
  Цена выхода:  0.14741126
🔄 Баланс: 176.859520595626$ | PnL: -1.53783345 💵 | Сделок: 101 | WinRate: 50%
[2025-08-14 06:46:07][TRADE] Закрыта позиция NEIRO-USDT-SWAP SHORT PnL: -0.09606383 Причина: SL Баланс: 186.763456745126 WinRate инструмента: 0%
  Открытие:     2025-08-14 06:17:07
  Закрытие:     2025-08-14 06:46:08
  Цена входа:   0.0004495
  Цена выхода:  0.00045341
🔄 Баланс: 186.763456745126$ | PnL: -1.63389728 💵 | Сделок: 102 | WinRate: 0%
[2025-08-14 06:46:37][TRADE] Закрыта позиция SOPH-USDT-SWAP SHORT PnL: -0.07879795 Причина: SL Баланс: 186.67569546756 WinRate инструмента: 50%
  Открытие:     2025-08-14 06:17:37
  Закрытие:     2025-08-14 06:46:38
  Цена входа:   0.04003
  Цена выхода:  0.04030915
🔄 Баланс: 186.67569546756$ | PnL: -1.71269523 💵 | Сделок: 103 | WinRate: 50%
[2025-08-14 06:46:52][TRADE] Закрыта позиция USTC-USDT-SWAP SHORT PnL: -0.06235148 Причина: SL Баланс: 196.61334332356 WinRate инструмента: 0%
  Открытие:     2025-08-14 06:33:43
  Закрытие:     2025-08-14 06:46:53
  Цена входа:   0.01453
  Цена выхода:  0.01460745
🔄 Баланс: 196.61334332356$ | PnL: -1.77504671 💵 | Сделок: 104 | WinRate: 0%
[2025-08-14 06:46:54][TRADE] Закрыта позиция VINE-USDT-SWAP SHORT PnL: -0.09942901 Причина: SL Баланс: 206.51391328956 WinRate инструмента: 0%
  Открытие:     2025-08-14 06:20:56
  Закрытие:     2025-08-14 06:46:54
  Цена входа:   0.06816
  Цена выхода:  0.06877581
🔄 Баланс: 206.51391328956$ | PnL: -1.87447572 💵 | Сделок: 105 | WinRate: 0%
[2025-08-14 06:47:06][TRADE] Закрыта позиция ZRO-USDT-SWAP SHORT PnL: -0.11248423 Причина: SL Баланс: 216.40141905956 WinRate инструмента: 0%
  Открытие:     2025-08-14 04:36:00
  Закрытие:     2025-08-14 06:47:07
  Цена входа:   2.331
  Цена выхода:  2.35510051
🔄 Баланс: 216.40141905956$ | PnL: -1.98695995 💵 | Сделок: 106 | WinRate: 0%
[2025-08-14 06:47:39][TRADE] Закрыта позиция ACE-USDT-SWAP SHORT PnL: -0.09055403 Причина: SL Баланс: 226.31089506956 WinRate инструмента: 0%
  Открытие:     2025-08-14 06:25:32
  Закрытие:     2025-08-14 06:47:40
  Цена входа:   0.6028
  Цена выхода:  0.60771164
🔄 Баланс: 226.31089506956$ | PnL: -2.07751398 💵 | Сделок: 107 | WinRate: 0%
[2025-08-14 06:47:40][TRADE] Закрыта позиция ACT-USDT-SWAP SHORT PnL: -0.08815187 Причина: SL Баланс: 236.22274111956 WinRate инструмента: 50%
  Открытие:     2025-08-14 06:25:33
  Закрытие:     2025-08-14 06:47:41
  Цена входа:   0.0446
  Цена выхода:  0.0449527
🔄 Баланс: 236.22274111956$ | PnL: -2.16566585 💵 | Сделок: 108 | WinRate: 50%
[2025-08-14 06:47:43][TRADE] Закрыта позиция AGLD-USDT-SWAP SHORT PnL: -0.08671022 Причина: SL Баланс: 246.13602160956 WinRate инструмента: 0%
  Открытие:     2025-08-14 04:46:14
  Закрытие:     2025-08-14 06:47:43
  Цена входа:   0.7673
  Цена выхода:  0.77325735
🔄 Баланс: 246.13602160956$ | PnL: -2.25237607 💵 | Сделок: 109 | WinRate: 0%
[2025-08-14 06:47:50][TRADE] Закрыта позиция ARC-USDT-SWAP SHORT PnL: -0.13657299 Причина: SL Баланс: 255.99944824956 WinRate инструмента: 0%
  Открытие:     2025-08-14 06:25:43
  Закрытие:     2025-08-14 06:47:50
  Цена входа:   0.02337
  Цена выхода:  0.02366787
🔄 Баланс: 255.99944824956$ | PnL: -2.38894906 💵 | Сделок: 110 | WinRate: 0%
[2025-08-14 06:47:56][TRADE] Закрыта позиция BAT-USDT-SWAP SHORT PnL: -0.06733489 Причина: SL Баланс: 265.93211784956 WinRate инструмента: 0%
  Открытие:     2025-08-14 06:34:22
  Закрытие:     2025-08-14 06:47:57
  Цена входа:   0.1643
  Цена выхода:  0.16525758
🔄 Баланс: 265.93211784956$ | PnL: -2.45628395 💵 | Сделок: 111 | WinRate: 0%
[2025-08-14 06:48:14][TRADE] Закрыта позиция DOGS-USDT-SWAP SHORT PnL: -0.15009312 Причина: SL Баланс: 275.78202473515 WinRate инструмента: 0%
  Открытие:     2025-08-14 02:55:51
  Закрытие:     2025-08-14 06:48:15
  Цена входа:   0.0001511
  Цена выхода:  0.00015323
🔄 Баланс: 275.78202473515$ | PnL: -2.60637707 💵 | Сделок: 112 | WinRate: 0%
[2025-08-14 06:48:32][TRADE] Закрыта позиция GRASS-USDT-SWAP SHORT PnL: -0.17664163 Причина: SL Баланс: 285.60541860515 WinRate инструмента: 0%
  Открытие:     2025-08-14 03:02:16
  Закрытие:     2025-08-14 06:48:32
  Цена входа:   0.811
  Цена выхода:  0.82458346
🔄 Баланс: 285.60541860515$ | PnL: -2.7830187 💵 | Сделок: 113 | WinRate: 0%
[2025-08-14 06:48:43][TRADE] Закрыта позиция JELLYJELLY-USDT-SWAP SHORT PnL: -0.09736345 Причина: SL Баланс: 295.50805447915 WinRate инструмента: 0%
  Открытие:     2025-08-14 06:22:49
  Закрытие:     2025-08-14 06:48:43
  Цена входа:   0.02331
  Цена выхода:  0.02351579
🔄 Баланс: 295.50805447915$ | PnL: -2.88038215 💵 | Сделок: 114 | WinRate: 0%
[2025-08-14 06:48:57][TRADE] Закрыта позиция ME-USDT-SWAP SHORT PnL: -0.07296138 Причина: SL Баланс: 305.43505889915 WinRate инструмента: 0%
  Открытие:     2025-08-14 06:16:58
  Закрытие:     2025-08-14 06:48:58
  Цена входа:   0.7645
  Цена выхода:  0.76938547
🔄 Баланс: 305.43505889915$ | PnL: -2.95334353 💵 | Сделок: 115 | WinRate: 0%
[2025-08-14 06:50:59][TRADE] Закрыта позиция BICO-USDT-SWAP SHORT PnL: -0.0998431 Причина: SL Баланс: 315.33521925715 WinRate инструмента: 0%
  Открытие:     2025-08-14 06:25:52
  Закрытие:     2025-08-14 06:50:59
  Цена входа:   0.12057
  Цена выхода:  0.12166431
🔄 Баланс: 315.33521925715$ | PnL: -3.05318663 💵 | Сделок: 116 | WinRate: 0%
[2025-08-14 06:52:10][TRADE] Закрыта позиция NXPC-USDT-SWAP SHORT PnL: -0.09324762 Причина: SL Баланс: 325.24195195715 WinRate инструмента: 0%
  Открытие:     2025-08-14 02:56:47
  Закрытие:     2025-08-14 06:52:11
  Цена входа:   0.9416
  Цена выхода:  0.94952564
🔄 Баланс: 325.24195195715$ | PnL: -3.14643425 💵 | Сделок: 117 | WinRate: 0%
[2025-08-14 06:52:11][TRADE] Закрыта позиция OL-USDT-SWAP SHORT PnL: -0.14090773 Причина: SL Баланс: 335.10104304115 WinRate инструмента: 0%
  Открытие:     2025-08-14 06:20:13
  Закрытие:     2025-08-14 06:52:11
  Цена входа:   0.04069
  Цена выхода:  0.04122625
🔄 Баланс: 335.10104304115$ | PnL: -3.28734198 💵 | Сделок: 118 | WinRate: 0%
[2025-08-14 06:52:16][TRADE] Закрыта позиция PENGU-USDT-SWAP SHORT PnL: -0.11184297 Причина: SL Баланс: 344.98920164715 WinRate инструмента: 0%
  Открытие:     2025-08-14 04:41:12
  Закрытие:     2025-08-14 06:52:17
  Цена входа:   0.037448
  Цена выхода:  0.03783278
🔄 Баланс: 344.98920164715$ | PnL: -3.39918495 💵 | Сделок: 119 | WinRate: 0%
[2025-08-14 06:54:13][TRADE] Закрыта позиция CRV-USDT-SWAP SHORT PnL: -0.08286598 Причина: SL Баланс: 354.90629836715 WinRate инструмента: 0%
  Открытие:     2025-08-14 06:16:10
  Закрытие:     2025-08-14 06:54:14
  Цена входа:   1.0353
  Цена выхода:  1.0429405
🔄 Баланс: 354.90629836715$ | PnL: -3.48205093 💵 | Сделок: 120 | WinRate: 0%
[2025-08-14 06:54:26][TRADE] Закрыта позиция FIL-USDT-SWAP SHORT PnL: -0.08178489 Причина: SL Баланс: 364.82451087715 WinRate инструмента: 0%
  Открытие:     2025-08-14 04:40:18
  Закрытие:     2025-08-14 06:54:27
  Цена входа:   2.738
  Цена выхода:  2.75791059
🔄 Баланс: 364.82451087715$ | PnL: -3.56383582 💵 | Сделок: 121 | WinRate: 0%
[2025-08-14 06:54:38][TRADE] Закрыта позиция HMSTR-USDT-SWAP SHORT PnL: -0.09484741 Причина: SL Баланс: 374.72966348804 WinRate инструмента: 0%
  Открытие:     2025-08-14 04:40:30
  Закрытие:     2025-08-14 06:54:38
  Цена входа:   0.0008173
  Цена выхода:  0.00082431
🔄 Баланс: 374.72966348804$ | PnL: -3.65868323 💵 | Сделок: 122 | WinRate: 0%
[2025-08-14 06:55:49][TRADE] Закрыта позиция TRB-USDT-SWAP SHORT PnL: -0.12032743 Причина: SL Баланс: 384.60845605804 WinRate инструмента: 0%
  Открытие:     2025-08-14 02:57:24
  Закрытие:     2025-08-14 06:55:49
  Цена входа:   40.98
  Цена выхода:  41.43585295
🔄 Баланс: 384.60845605804$ | PnL: -3.77901066 💵 | Сделок: 123 | WinRate: 0%
[2025-08-14 06:56:27][TRADE] Закрыта позиция DOT-USD-SWAP SHORT PnL: -0.12055542 Причина: SL Баланс: 394.48772563804 WinRate инструмента: 0%
  Открытие:     2025-08-14 03:01:06
  Закрытие:     2025-08-14 06:56:27
  Цена входа:   4.301
  Цена выхода:  4.34893775
🔄 Баланс: 394.48772563804$ | PnL: -3.89956608 💵 | Сделок: 124 | WinRate: 0%
[2025-08-14 06:56:30][TRADE] Закрыта позиция OP-USD-SWAP SHORT PnL: -0.07165667 Причина: SL Баланс: 404.41605893804 WinRate инструмента: 0%
  Открытие:     2025-08-14 06:41:28
  Закрытие:     2025-08-14 06:56:30
  Цена входа:   0.8521
  Цена выхода:  0.85743418
🔄 Баланс: 404.41605893804$ | PnL: -3.97122275 💵 | Сделок: 125 | WinRate: 0%
[2025-08-14 06:56:32][TRADE] Закрыта позиция XLM-USD-SWAP SHORT PnL: -0.04664863 Причина: SL Баланс: 414.36941752304 WinRate инструмента: 0%
  Открытие:     2025-08-14 06:15:30
  Закрытие:     2025-08-14 06:56:33
  Цена входа:   0.46255
  Цена выхода:  0.46428987
🔄 Баланс: 414.36941752304$ | PnL: -4.01787138 💵 | Сделок: 126 | WinRate: 0%
[2025-08-14 06:57:05][TRADE] Закрыта позиция BONK-USDT-SWAP SHORT PnL: -0.16362421 Причина: SL Баланс: 424.205793312613 WinRate инструмента: 0%
  Открытие:     2025-08-14 02:55:40
  Закрытие:     2025-08-14 06:57:05
  Цена входа:   2.7446E-05
  Цена выхода:  2.787E-05
🔄 Баланс: 424.205793312613$ | PnL: -4.18149559 💵 | Сделок: 127 | WinRate: 0%
[2025-08-14 06:58:29][TRADE] Закрыта позиция RVN-USDT-SWAP SHORT PnL: -0.105852 Причина: SL Баланс: 434.099941844613 WinRate инструмента: 0%
  Открытие:     2025-08-14 02:57:06
  Закрытие:     2025-08-14 06:58:30
  Цена входа:   0.01493
  Цена выхода:  0.01507447
🔄 Баланс: 434.099941844613$ | PnL: -4.28734759 💵 | Сделок: 128 | WinRate: 0%
[2025-08-14 07:00:19][TRADE] Закрыта позиция DOT-USDT-SWAP SHORT PnL: -0.12568096 Причина: SL Баланс: 443.974085884613 WinRate инструмента: 0%
  Открытие:     2025-08-14 03:02:00
  Закрытие:     2025-08-14 07:00:20
  Цена входа:   4.301
  Цена выхода:  4.3511403
🔄 Баланс: 443.974085884613$ | PnL: -4.41302855 💵 | Сделок: 129 | WinRate: 0%
[2025-08-14 07:13:00][TRADE] Закрыта позиция IP-USDT-SWAP SHORT PnL: -0.11588522 Причина: SL Баланс: 443.841044884613 WinRate инструмента: 0%
  Открытие:     2025-08-14 06:10:39
  Закрытие:     2025-08-14 07:13:01
  Цена входа:   5.9141
  Цена выхода:  5.97725511
🔄 Баланс: 443.841044884613$ | PnL: -4.52891377 💵 | Сделок: 130 | WinRate: 0%
[2025-08-14 07:17:17][TRADE] Закрыта позиция T-USDT-SWAP SHORT PnL: -0.0949806 Причина: SL Баланс: 453.746064840613 WinRate инструмента: 0%
  Открытие:     2025-08-14 02:57:21
  Закрытие:     2025-08-14 07:17:17
  Цена входа:   0.01799
  Цена выхода:  0.01814454
🔄 Баланс: 453.746064840613$ | PnL: -4.62389437 💵 | Сделок: 131 | WinRate: 0%
[2025-08-14 07:21:29][TRADE] Закрыта позиция AUCTION-USDT-SWAP SHORT PnL: -0.10241255 Причина: SL Баланс: 463.643926090613 WinRate инструмента: 0%
  Открытие:     2025-08-14 02:55:30
  Закрытие:     2025-08-14 07:21:29
  Цена входа:   10.659
  Цена выхода:  10.75847592
🔄 Баланс: 463.643926090613$ | PnL: -4.72630692 💵 | Сделок: 132 | WinRate: 0%
[2025-08-14 07:24:15][TRADE] Закрыта позиция MAGIC-USDT-SWAP SHORT PnL: -0.08857743 Причина: SL Баланс: 453.537295289659 WinRate инструмента: 0%
  Открытие:     2025-08-14 06:15:36
  Закрытие:     2025-08-14 07:24:16
  Цена входа:   0.27327
  Цена выхода:  0.27544266
🔄 Баланс: 453.537295289659$ | PnL: -4.81488435 💵 | Сделок: 133 | WinRate: 0%
[2025-08-14 07:24:30][TRADE] Закрыта позиция ARB-USDT-SWAP SHORT PnL: -0.13467023 Причина: SL Баланс: 463.402610109659 WinRate инструмента: 0%
  Открытие:     2025-08-14 06:15:49
  Закрытие:     2025-08-14 07:24:30
  Цена входа:   0.5511
  Цена выхода:  0.55801947
🔄 Баланс: 463.402610109659$ | PnL: -4.94955458 💵 | Сделок: 134 | WinRate: 0%
[2025-08-14 07:32:49][TRADE] Закрыта позиция XLM-USDT-SWAP LONG PnL: -0.05506658 Причина: SL Баланс: 383.269389140382 WinRate инструмента: 0%
  Открытие:     2025-08-14 07:26:43
  Закрытие:     2025-08-14 07:32:50
  Цена входа:   0.46527
  Цена выхода:  0.46312473
🔄 Баланс: 383.269389140382$ | PnL: -5.00462116 💵 | Сделок: 135 | WinRate: 0%
[2025-08-14 07:34:26][TRADE] Закрыта позиция HBAR-USDT-SWAP LONG PnL: -0.05833388 Причина: SL Баланс: 383.196457078382 WinRate инструмента: 0%
  Открытие:     2025-08-14 07:25:17
  Закрытие:     2025-08-14 07:34:27
  Цена входа:   0.27574
  Цена выхода:  0.27437844
🔄 Баланс: 383.196457078382$ | PnL: -5.06295504 💵 | Сделок: 136 | WinRate: 0%
[2025-08-14 07:36:24][TRADE] Закрыта позиция XLM-USD-SWAP LONG PnL: -0.03328097 Причина: SL Баланс: 393.163158188382 WinRate инструмента: 0%
  Открытие:     2025-08-14 07:30:17
  Закрытие:     2025-08-14 07:36:25
  Цена входа:   0.46464
  Цена выхода:  0.46351079
🔄 Баланс: 393.163158188382$ | PnL: -5.09623601 💵 | Сделок: 137 | WinRate: 0%
[2025-08-14 07:39:47][TRADE] Закрыта позиция ARC-USDT-SWAP LONG PnL: -0.11630158 Причина: SL Баланс: 393.037856361502 WinRate инструмента: 0%
  Открытие:     2025-08-14 07:30:38
  Закрытие:     2025-08-14 07:39:47
  Цена входа:   0.02383
  Цена выхода:  0.02357407
🔄 Баланс: 393.037856361502$ | PnL: -5.21253759 💵 | Сделок: 138 | WinRate: 0%
[2025-08-14 07:45:12][TRADE] Закрыта позиция SAHARA-USDT-SWAP SHORT PnL: -0.10904247 Причина: SL Баланс: 402.928815945502 WinRate инструмента: 0%
  Открытие:     2025-08-14 02:57:07
  Закрытие:     2025-08-14 07:45:12
  Цена входа:   0.09683
  Цена выхода:  0.09779784
🔄 Баланс: 402.928815945502$ | PnL: -5.32158006 💵 | Сделок: 139 | WinRate: 0%
[2025-08-14 07:46:23][TRADE] Закрыта позиция AAVE-USDT-SWAP LONG PnL: 0.0869156 Причина: TP Баланс: 413.024031545502 WinRate инструмента: 100%
  Открытие:     2025-08-14 07:05:47
  Закрытие:     2025-08-14 07:46:23
  Цена входа:   333.61
  Цена выхода:  336.81031607
🔄 Баланс: 413.024031545502$ | PnL: -5.23466446 💵 | Сделок: 140 | WinRate: 100%
[2025-08-14 07:47:15][TRADE] Закрыта позиция GOAT-USDT-SWAP LONG PnL: 0.15831835 Причина: TP Баланс: 423.182351613502 WinRate инструмента: 100%
  Открытие:     2025-08-14 07:25:12
  Закрытие:     2025-08-14 07:47:16
  Цена входа:   0.11146
  Цена выхода:  0.11332661
🔄 Баланс: 423.182351613502$ | PnL: -5.07634611 💵 | Сделок: 141 | WinRate: 100%
[2025-08-14 07:47:21][TRADE] Закрыта позиция HOME-USDT-SWAP SHORT PnL: -0.15849735 Причина: SL Баланс: 433.023853587502 WinRate инструмента: 0%
  Открытие:     2025-08-14 06:45:38
  Закрытие:     2025-08-14 07:47:21
  Цена входа:   0.04662
  Цена выхода:  0.04731633
🔄 Баланс: 433.023853587502$ | PnL: -5.23484346 💵 | Сделок: 142 | WinRate: 0%
[2025-08-14 07:48:33][TRADE] Закрыта позиция TNSR-USDT-SWAP SHORT PnL: -0.12356087 Причина: SL Баланс: 442.900293307502 WinRate инструмента: 0%
  Открытие:     2025-08-14 02:57:23
  Закрытие:     2025-08-14 07:48:33
  Цена входа:   0.1459
  Цена выхода:  0.14756994
🔄 Баланс: 442.900293307502$ | PnL: -5.35840433 💵 | Сделок: 143 | WinRate: 0%
[2025-08-14 07:49:14][TRADE] Закрыта позиция LINK-USD-SWAP LONG PnL: 0.129523 Причина: TP Баланс: 453.028633307502 WinRate инструмента: 100%
  Открытие:     2025-08-14 04:06:30
  Закрытие:     2025-08-14 07:49:14
  Цена входа:   23.955
  Цена выхода:  24.28716751
🔄 Баланс: 453.028633307502$ | PnL: -5.22888133 💵 | Сделок: 144 | WinRate: 100%
[2025-08-14 07:51:13][TRADE] Закрыта позиция PYTH-USDT-SWAP SHORT PnL: -0.14416989 Причина: SL Баланс: 462.884467801502 WinRate инструмента: 0%
  Открытие:     2025-08-14 02:57:02
  Закрытие:     2025-08-14 07:51:14
  Цена входа:   0.13462
  Цена выхода:  0.13643802
🔄 Баланс: 462.884467801502$ | PnL: -5.37305122 💵 | Сделок: 145 | WinRate: 0%
[2025-08-14 08:06:00][TRADE] Закрыта позиция MASK-USDT-SWAP LONG PnL: -0.05162281 Причина: SL Баланс: 452.814871600928 WinRate инструмента: 50%
  Открытие:     2025-08-14 07:22:36
  Закрытие:     2025-08-14 08:06:00
  Цена входа:   1.403
  Цена выхода:  1.39701465
🔄 Баланс: 452.814871600928$ | PnL: -5.42467403 💵 | Сделок: 146 | WinRate: 50%
[2025-08-14 08:19:40][TRADE] Закрыта позиция LTC-USD-SWAP LONG PnL: 0.05984913 Причина: TP Баланс: 402.836011071076 WinRate инструмента: 100%
  Открытие:     2025-08-14 07:33:18
  Закрытие:     2025-08-14 08:19:41
  Цена входа:   132.7
  Цена выхода:  133.61400771
🔄 Баланс: 402.836011071076$ | PnL: -5.3648249 💵 | Сделок: 147 | WinRate: 100%
[2025-08-14 08:24:17][TRADE] Закрыта позиция MASK-USDT-SWAP SHORT PnL: -0.06055976 Причина: SL Баланс: 412.775508811076 WinRate инструмента: 33.33%
  Открытие:     2025-08-14 08:09:02
  Закрытие:     2025-08-14 08:24:18
  Цена входа:   1.395
  Цена выхода:  1.40218607
🔄 Баланс: 412.775508811076$ | PnL: -5.42538466 💵 | Сделок: 148 | WinRate: 33.33%
[2025-08-14 08:25:42][TRADE] Закрыта позиция SOL-USD-SWAP SHORT PnL: -0.07888472 Причина: SL Баланс: 422.690842091076 WinRate инструмента: 0%
  Открытие:     2025-08-14 08:13:29
  Закрытие:     2025-08-14 08:25:42
  Цена входа:   207.78
  Цена выхода:  209.23170636
🔄 Баланс: 422.690842091076$ | PnL: -5.50426938 💵 | Сделок: 149 | WinRate: 0%
[2025-08-14 08:25:54][TRADE] Закрыта позиция SOL-USDT-SWAP SHORT PnL: -0.07859557 Причина: SL Баланс: 432.608246521076 WinRate инструмента: 0%
  Открытие:     2025-08-14 08:10:38
  Закрытие:     2025-08-14 08:25:55
  Цена входа:   208.25
  Цена выхода:  209.69867882
🔄 Баланс: 432.608246521076$ | PnL: -5.58286495 💵 | Сделок: 150 | WinRate: 0%
[2025-08-14 08:26:45][TRADE] Закрыта позиция FARTCOIN-USDT-SWAP LONG PnL: 0.25070007 Причина: TP Баланс: 442.858964851076 WinRate инструмента: 100%
  Открытие:     2025-08-14 07:22:01
  Закрытие:     2025-08-14 08:26:45
  Цена входа:   1.1482
  Цена выхода:  1.17804557
🔄 Баланс: 442.858964851076$ | PnL: -5.33216488 💵 | Сделок: 151 | WinRate: 100%
[2025-08-14 08:27:23][TRADE] Закрыта позиция MEW-USDT-SWAP SHORT PnL: -0.08654304 Причина: SL Баланс: 452.772421657076 WinRate инструмента: 0%
  Открытие:     2025-08-14 08:06:04
  Закрытие:     2025-08-14 08:27:23
  Цена входа:   0.003467
  Цена выхода:  0.00349386
🔄 Баланс: 452.772421657076$ | PnL: -5.41870792 💵 | Сделок: 152 | WinRate: 0%
[2025-08-14 08:27:59][TRADE] Закрыта позиция SPX-USDT-SWAP SHORT PnL: -0.18033273 Причина: SL Баланс: 462.592074007076 WinRate инструмента: 0%
  Открытие:     2025-08-14 06:37:35
  Закрытие:     2025-08-14 08:27:59
  Цена входа:   1.7526
  Цена выхода:  1.78260082
🔄 Баланс: 462.592074007076$ | PnL: -5.59904065 💵 | Сделок: 153 | WinRate: 0%
[2025-08-14 08:33:42][TRADE] Закрыта позиция NMR-USDT-SWAP LONG PnL: -0.0620573 Причина: SL Баланс: 472.529709707076 WinRate инструмента: 0%
  Открытие:     2025-08-14 07:25:51
  Закрытие:     2025-08-14 08:33:43
  Цена входа:   9.57
  Цена выхода:  9.5191766
🔄 Баланс: 472.529709707076$ | PnL: -5.66109795 💵 | Сделок: 154 | WinRate: 0%
[2025-08-14 08:35:35][TRADE] Закрыта позиция BIO-USDT-SWAP SHORT PnL: 0.17804096 Причина: TP Баланс: 482.707751251076 WinRate инструмента: 100%
  Открытие:     2025-08-14 06:16:00
  Закрытие:     2025-08-14 08:35:35
  Цена входа:   0.12033
  Цена выхода:  0.11808136
🔄 Баланс: 482.707751251076$ | PnL: -5.48305699 💵 | Сделок: 155 | WinRate: 100%
[2025-08-14 08:35:50][TRADE] Закрыта позиция DOOD-USDT-SWAP SHORT PnL: -0.07726211 Причина: SL Баланс: 492.630489125076 WinRate инструмента: 0%
  Открытие:     2025-08-14 08:05:18
  Закрытие:     2025-08-14 08:35:51
  Цена входа:   0.003846
  Цена выхода:  0.00387223
🔄 Баланс: 492.630489125076$ | PnL: -5.5603191 💵 | Сделок: 156 | WinRate: 0%
[2025-08-14 08:39:36][TRADE] Закрыта позиция MEME-USDT-SWAP LONG PnL: 0.14665139 Причина: TP Баланс: 502.777140430376 WinRate инструмента: 100%
  Открытие:     2025-08-14 08:18:12
  Закрытие:     2025-08-14 08:39:36
  Цена входа:   0.001977
  Цена выхода:  0.0020078
🔄 Баланс: 502.777140430376$ | PnL: -5.41366771 💵 | Сделок: 157 | WinRate: 100%
[2025-08-14 08:40:15][TRADE] Закрыта позиция SSV-USDT-SWAP SHORT PnL: 0.21099849 Причина: TP Баланс: 512.988614820376 WinRate инструмента: 50%
  Открытие:     2025-08-14 04:45:22
  Закрытие:     2025-08-14 08:40:15
  Цена входа:   10.649
  Цена выхода:  10.41494495
🔄 Баланс: 512.988614820376$ | PnL: -5.20266922 💵 | Сделок: 158 | WinRate: 50%
[2025-08-14 08:40:21][TRADE] Закрыта позиция TAO-USDT-SWAP LONG PnL: -0.06732849 Причина: SL Баланс: 522.918786330376 WinRate инструмента: 0%
  Открытие:     2025-08-14 07:26:26
  Закрытие:     2025-08-14 08:40:21
  Цена входа:   399.9
  Цена выхода:  397.56466872
🔄 Баланс: 522.918786330376$ | PnL: -5.26999771 💵 | Сделок: 159 | WinRate: 0%
[2025-08-14 08:46:13][TRADE] Закрыта позиция SIGN-USDT-SWAP LONG PnL: -0.17188527 Причина: SL Баланс: 522.738282423296 WinRate инструмента: 0%
  Открытие:     2025-08-14 04:50:22
  Закрытие:     2025-08-14 08:46:14
  Цена входа:   0.07698
  Цена выхода:  0.07572498
🔄 Баланс: 522.738282423296$ | PnL: -5.44188298 💵 | Сделок: 160 | WinRate: 0%
[2025-08-14 08:52:03][TRADE] Закрыта позиция PARTI-USDT-SWAP LONG PnL: -0.16330769 Причина: SL Баланс: 532.574969613296 WinRate инструмента: 0%
  Открытие:     2025-08-14 05:40:01
  Закрытие:     2025-08-14 08:52:04
  Цена входа:   0.2048
  Цена выхода:  0.20163693
🔄 Баланс: 532.574969613296$ | PnL: -5.60519067 💵 | Сделок: 161 | WinRate: 0%
[2025-08-14 08:58:30][TRADE] Закрыта позиция DOG-USDT-SWAP LONG PnL: -0.11756666 Причина: SL Баланс: 542.457402958896 WinRate инструмента: 0%
  Открытие:     2025-08-14 07:27:59
  Закрытие:     2025-08-14 08:58:31
  Цена входа:   0.003624
  Цена выхода:  0.00358462
🔄 Баланс: 542.457402958896$ | PnL: -5.72275733 💵 | Сделок: 162 | WinRate: 0%
[2025-08-14 09:00:02][TRADE] Закрыта позиция TNSR-USDT-SWAP LONG PnL: -0.08248047 Причина: SL Баланс: 552.374918698896 WinRate инструмента: 0%
  Открытие:     2025-08-14 07:57:40
  Закрытие:     2025-08-14 09:00:03
  Цена входа:   0.1467
  Цена выхода:  0.14562107
🔄 Баланс: 552.374918698896$ | PnL: -5.8052378 💵 | Сделок: 163 | WinRate: 0%
[2025-08-14 09:13:22][TRADE] Закрыта позиция AR-USDT-SWAP LONG PnL: -0.1250453 Причина: SL Баланс: 522.215521901828 WinRate инструмента: 33.33%
  Открытие:     2025-08-14 08:41:27
  Закрытие:     2025-08-14 09:13:23
  Цена входа:   8.324
  Цена выхода:  8.22731293
🔄 Баланс: 522.215521901828$ | PnL: -5.9302831 💵 | Сделок: 164 | WinRate: 33.33%
[2025-08-14 09:14:05][TRADE] Закрыта позиция GODS-USDT-SWAP LONG PnL: -0.12744944 Причина: SL Баланс: 532.088068575827 WinRate инструмента: 0%
  Открытие:     2025-08-14 02:30:48
  Закрытие:     2025-08-14 09:14:05
  Цена входа:   0.13402
  Цена выхода:  0.13243111
🔄 Баланс: 532.088068575827$ | PnL: -6.05773254 💵 | Сделок: 165 | WinRate: 0%
[2025-08-14 09:14:26][TRADE] Закрыта позиция LQTY-USDT-SWAP SHORT PnL: 0.15265614 Причина: TP Баланс: 542.240757295828 WinRate инструмента: 100%
  Открытие:     2025-08-14 06:16:53
  Закрытие:     2025-08-14 09:14:26
  Цена входа:   1.0547
  Цена выхода:  1.03766551
🔄 Баланс: 542.240757295828$ | PnL: -5.9050764 💵 | Сделок: 166 | WinRate: 100%
[2025-08-14 09:14:47][TRADE] Закрыта позиция OP-USDT-SWAP SHORT PnL: 0.16004082 Причина: TP Баланс: 552.400759855827 WinRate инструмента: 100%
  Открытие:     2025-08-14 06:46:15
  Закрытие:     2025-08-14 09:14:47
  Цена входа:   0.8538
  Цена выхода:  0.83938022
🔄 Баланс: 552.400759855827$ | PnL: -5.74503558 💵 | Сделок: 167 | WinRate: 100%
[2025-08-14 09:15:08][TRADE] Закрыта позиция SOON-USDT-SWAP LONG PnL: -0.23920579 Причина: SL Баланс: 562.161561225827 WinRate инструмента: 50%
  Открытие:     2025-08-14 04:26:19
  Закрытие:     2025-08-14 09:15:09
  Цена входа:   0.39468
  Цена выхода:  0.38558606
🔄 Баланс: 562.161561225827$ | PnL: -5.98424137 💵 | Сделок: 168 | WinRate: 50%
[2025-08-14 09:19:02][TRADE] Закрыта позиция AVAX-USD-SWAP LONG PnL: -0.06258742 Причина: SL Баланс: 572.099455205827 WinRate инструмента: 0%
  Открытие:     2025-08-14 09:06:47
  Закрытие:     2025-08-14 09:19:03
  Цена входа:   25.662
  Цена выхода:  25.52436782
🔄 Баланс: 572.099455205827$ | PnL: -6.04682879 💵 | Сделок: 169 | WinRate: 0%
[2025-08-14 09:25:53][TRADE] Закрыта позиция BONK-USDT-SWAP LONG PnL: -0.20901184 Причина: SL Баланс: 561.872651078381 WinRate инструмента: 0%
  Открытие:     2025-08-14 07:36:58
  Закрытие:     2025-08-14 09:25:53
  Цена входа:   2.8123E-05
  Цена выхода:  2.756E-05
🔄 Баланс: 561.872651078381$ | PnL: -6.25584063 💵 | Сделок: 170 | WinRate: 0%
[2025-08-14 09:30:18][TRADE] Закрыта позиция RENDER-USDT-SWAP SHORT PnL: 0.19394809 Причина: TP Баланс: 572.066506368381 WinRate инструмента: 100%
  Открытие:     2025-08-14 02:57:04
  Закрытие:     2025-08-14 09:30:19
  Цена входа:   4.196
  Цена выхода:  4.1109188
🔄 Баланс: 572.066506368381$ | PnL: -6.06189254 💵 | Сделок: 171 | WinRate: 100%
