[2025-08-25 12:16:39][TRADE] Закрыта позиция ONT-USDT-SWAP LONG PnL: 0.2228858 Причина: TP Баланс: 990.204885781791 WinRate инструмента: 100%
🔄 Баланс: 990.204885781791$ | PnL: 0.2228858 💵 | Сделок: 1
[2025-08-25 12:21:00][TRADE] Закрыта позиция IOST-USDT-SWAP LONG PnL: -0.1374377 Причина: SL Баланс: 990.058445566516 WinRate инструмента: 0%
🔄 Баланс: 990.058445566516$ | PnL: 0.0854481 💵 | Сделок: 2
[2025-08-25 12:37:00][TRADE] Закрыта позиция IOST-USDT-SWAP LONG PnL: 0.18470876 Причина: TP Баланс: 990.234154326396 WinRate инструмента: 50%
🔄 Баланс: 990.234154326396$ | PnL: 0.27015686 💵 | Сделок: 3
[2025-08-25 12:58:15][TRADE] Закрыта позиция GODS-USDT-SWAP LONG PnL: -0.20259663 Причина: SL Баланс: 1000.0315602244 WinRate инструмента: 0%
🔄 Баланс: 1000.0315602244$ | PnL: 0.06756023 💵 | Сделок: 4
[2025-08-25 15:43:10][TRADE] Закрыта позиция ONT-USDT-SWAP LONG PnL: -0.25107016 Причина: SL Баланс: 999.771490059032 WinRate инструмента: 50%
🔄 Баланс: 999.771490059032$ | PnL: -0.18350993 💵 | Сделок: 5
[2025-08-25 15:58:32][TRADE] Закрыта позиция GODS-USDT-SWAP LONG PnL: 0.37787653 Причина: TP Баланс: 990.131366304963 WinRate инструмента: 50%
🔄 Баланс: 990.131366304963$ | PnL: 0.1943666 💵 | Сделок: 6
[2025-08-25 16:24:37][TRADE] Закрыта позиция SPK-USDT-SWAP LONG PnL: 0.52771235 Причина: TP Баланс: 980.641083870479 WinRate инструмента: 100%
🔄 Баланс: 980.641083870479$ | PnL: 0.72207895 💵 | Сделок: 7
[2025-08-25 16:37:18][TRADE] Закрыта позиция GODS-USDT-SWAP LONG PnL: 0.39844325 Причина: TP Баланс: 991.039521910479 WinRate инструмента: 66.67%
🔄 Баланс: 991.039521910479$ | PnL: 1.1205222 💵 | Сделок: 8
[2025-08-25 18:20:17][TRADE] Закрыта позиция JST-USDT-SWAP LONG PnL: -0.14441341 Причина: SL Баланс: 960.859109971887 WinRate инструмента: 0%
🔄 Баланс: 960.859109971887$ | PnL: 0.97610879 💵 | Сделок: 9
[2025-08-25 18:25:22][TRADE] Закрыта позиция GODS-USDT-SWAP LONG PnL: 0.35897964 Причина: TP Баланс: 971.218084031887 WinRate инструмента: 75%
🔄 Баланс: 971.218084031887$ | PnL: 1.33508843 💵 | Сделок: 10
[2025-08-25 19:17:45][TRADE] Закрыта позиция SPK-USDT-SWAP LONG PnL: -0.31418577 Причина: SL Баланс: 960.885914489946 WinRate инструмента: 50%
🔄 Баланс: 960.885914489946$ | PnL: 1.02090266 💵 | Сделок: 11
[2025-08-25 19:27:41][TRADE] Закрыта позиция ZENT-USDT-SWAP LONG PnL: -0.16127094 Причина: SL Баланс: 970.724643368946 WinRate инструмента: 0%
🔄 Баланс: 970.724643368946$ | PnL: 0.85963172 💵 | Сделок: 12
[2025-08-25 23:16:17][TRADE] Закрыта позиция BTC-USD-SWAP LONG PnL: -0.05850162 Причина: SL Баланс: 949.394397050693 WinRate инструмента: 0%
🔄 Баланс: 949.394397050693$ | PnL: 0.8011301 💵 | Сделок: 13
[2025-08-25 23:21:10][TRADE] Закрыта позиция WLD-USDT-SWAP LONG PnL: -0.26330962 Причина: SL Баланс: 949.122077435589 WinRate инструмента: 0%
🔄 Баланс: 949.122077435589$ | PnL: 0.53782048 💵 | Сделок: 14
[2025-08-25 23:21:28][TRADE] Закрыта позиция BTC-USDC-SWAP LONG PnL: -0.05850691 Причина: SL Баланс: 960.306080525589 WinRate инструмента: 0%
🔄 Баланс: 960.306080525589$ | PnL: 0.47931357 💵 | Сделок: 15
[2025-08-25 23:36:19][TRADE] Закрыта позиция SIGN-USDT-SWAP LONG PnL: -0.22122088 Причина: SL Баланс: 970.084863161589 WinRate инструмента: 0%
🔄 Баланс: 970.084863161589$ | PnL: 0.25809269 💵 | Сделок: 16
[2025-08-26 00:13:32][TRADE] Закрыта позиция SWARMS-USDT-SWAP SHORT PnL: 0.59272346 Причина: TP Баланс: 970.668589773166 WinRate инструмента: 100%
🔄 Баланс: 970.668589773166$ | PnL: 0.85081615 💵 | Сделок: 17
[2025-08-26 00:13:41][TRADE] Закрыта позиция TREE-USDT-SWAP LONG PnL: -0.24512875 Причина: SL Баланс: 980.423455583166 WinRate инструмента: 0%
🔄 Баланс: 980.423455583166$ | PnL: 0.6056874 💵 | Сделок: 18
[2025-08-26 00:40:52][TRADE] Закрыта позиция SPK-USDT-SWAP LONG PnL: -0.22049703 Причина: SL Баланс: 990.202955689166 WinRate инструмента: 33.33%
🔄 Баланс: 990.202955689166$ | PnL: 0.38519037 💵 | Сделок: 19
[2025-08-26 00:42:05][TRADE] Закрыта позиция DUCK-USDT-SWAP LONG PnL: -0.27424189 Причина: SL Баланс: 999.928713635566 WinRate инструмента: 0%
🔄 Баланс: 999.928713635566$ | PnL: 0.11094848 💵 | Сделок: 20
[2025-08-26 03:14:46][TRADE] Закрыта позиция XAUT-USDT-SWAP SHORT PnL: 0.00721176 Причина: TP Баланс: 979.877129238342 WinRate инструмента: 100%
🔄 Баланс: 979.877129238342$ | PnL: 0.11816024 💵 | Сделок: 21
[2025-08-26 04:18:05][TRADE] Закрыта позиция XAUT-USDT-SWAP SHORT PnL: -0.0183731 Причина: SL Баланс: 969.840691193917 WinRate инструмента: 50%
🔄 Баланс: 969.840691193917$ | PnL: 0.0997871399999999 💵 | Сделок: 22
[2025-08-26 04:41:39][TRADE] Закрыта позиция HOME-USDT-SWAP LONG PnL: -0.17708224 Причина: SL Баланс: 979.663610536917 WinRate инструмента: 0%
🔄 Баланс: 979.663610536917$ | PnL: -0.0772951000000001 💵 | Сделок: 23
[2025-08-26 04:51:01][TRADE] Закрыта позиция BNB-USDT-SWAP SHORT PnL: 0.14309913 Причина: TP Баланс: 989.838409666917 WinRate инструмента: 100%
🔄 Баланс: 989.838409666917$ | PnL: 0.0658040299999999 💵 | Сделок: 24
[2025-08-26 07:08:01][TRADE] Закрыта позиция XAUT-USDT-SWAP LONG PnL: -0.01981434 Причина: SL Баланс: 929.755476121307 WinRate инструмента: 33.33%
🔄 Баланс: 929.755476121307$ | PnL: 0.0459896899999999 💵 | Сделок: 25
[2025-08-26 07:09:56][TRADE] Закрыта позиция CRO-USDT-SWAP SHORT PnL: -0.14995433 Причина: SL Баланс: 939.605520929307 WinRate инструмента: 0%
🔄 Баланс: 939.605520929307$ | PnL: -0.10396464 💵 | Сделок: 26
[2025-08-26 07:39:11][TRADE] Закрыта позиция ZENT-USDT-SWAP LONG PnL: 0.22440534 Причина: TP Баланс: 939.820923678019 WinRate инструмента: 50%
🔄 Баланс: 939.820923678019$ | PnL: 0.1204407 💵 | Сделок: 27
[2025-08-26 07:59:00][TRADE] Закрыта позиция SAHARA-USDT-SWAP LONG PnL: 0.1695463 Причина: TP Баланс: 949.990472298019 WinRate инструмента: 100%
🔄 Баланс: 949.990472298019$ | PnL: 0.289987 💵 | Сделок: 28
[2025-08-26 09:28:47][TRADE] Закрыта позиция TREE-USDT-SWAP LONG PnL: 0.28309712 Причина: TP Баланс: 940.255529843739 WinRate инструмента: 50%
🔄 Баланс: 940.255529843739$ | PnL: 0.57308412 💵 | Сделок: 29
[2025-08-26 10:49:48][TRADE] Закрыта позиция PARTI-USDT-SWAP LONG PnL: -0.12409838 Причина: SL Баланс: 899.980844945838 WinRate инструмента: 0%
🔄 Баланс: 899.980844945838$ | PnL: 0.44898574 💵 | Сделок: 30
[2025-08-26 10:50:44][TRADE] Закрыта позиция TREE-USDT-SWAP LONG PnL: -0.20348609 Причина: SL Баланс: 899.768347872959 WinRate инструмента: 33.33%
🔄 Баланс: 899.768347872959$ | PnL: 0.24549965 💵 | Сделок: 31
[2025-08-26 11:18:35][TRADE] Закрыта позиция XAUT-USDT-SWAP LONG PnL: -0.02112779 Причина: SL Баланс: 909.852720082959 WinRate инструмента: 25%
🔄 Баланс: 909.852720082959$ | PnL: 0.22437186 💵 | Сделок: 32
[2025-08-26 11:36:11][TRADE] Закрыта позиция PI-USDT-SWAP LONG PnL: 0.09351807 Причина: TP Баланс: 919.946241352959 WinRate инструмента: 100%
🔄 Баланс: 919.946241352959$ | PnL: 0.31788993 💵 | Сделок: 33
[2025-08-26 13:25:49][TRADE] Закрыта позиция BERA-USDT-SWAP LONG PnL: 0.31427255 Причина: TP Баланс: 880.108462527291 WinRate инструмента: 100%
🔄 Баланс: 880.108462527291$ | PnL: 0.63216248 💵 | Сделок: 34
[2025-08-26 13:34:59][TRADE] Закрыта позиция XAUT-USDT-SWAP LONG PnL: -0.01776456 Причина: SL Баланс: 890.197697967291 WinRate инструмента: 20%
🔄 Баланс: 890.197697967291$ | PnL: 0.61439792 💵 | Сделок: 35
[2025-08-26 15:25:48][TRADE] Закрыта позиция RESOLV-USDT-SWAP LONG PnL: -0.22224001 Причина: SL Баланс: 869.948335446609 WinRate инструмента: 0%
🔄 Баланс: 869.948335446609$ | PnL: 0.39215791 💵 | Сделок: 36
[2025-08-26 16:38:21][TRADE] Закрыта позиция FIL-USD-SWAP LONG PnL: 0.21037898 Причина: TP Баланс: 870.149761113559 WinRate инструмента: 100%
🔄 Баланс: 870.149761113559$ | PnL: 0.60253689 💵 | Сделок: 37
[2025-08-26 16:39:19][TRADE] Закрыта позиция BABY-USDT-SWAP LONG PnL: 0.19668513 Причина: TP Баланс: 880.346445483559 WinRate инструмента: 100%
🔄 Баланс: 880.346445483559$ | PnL: 0.79922202 💵 | Сделок: 38
[2025-08-26 16:40:13][TRADE] Закрыта позиция FIL-USDT-SWAP LONG PnL: 0.23066597 Причина: TP Баланс: 890.577172653559 WinRate инструмента: 100%
🔄 Баланс: 890.577172653559$ | PnL: 1.02988799 💵 | Сделок: 39
[2025-08-26 16:40:33][TRADE] Закрыта позиция HBAR-USDT-SWAP LONG PnL: 0.19987325 Причина: TP Баланс: 900.777057162559 WinRate инструмента: 100%
🔄 Баланс: 900.777057162559$ | PnL: 1.22976124 💵 | Сделок: 40
[2025-08-26 16:42:02][TRADE] Закрыта позиция PUMP-USDT-SWAP LONG PnL: 0.35727596 Причина: TP Баланс: 911.134333243059 WinRate инструмента: 100%
🔄 Баланс: 911.134333243059$ | PnL: 1.5870372 💵 | Сделок: 41
[2025-08-26 16:42:25][TRADE] Закрыта позиция SOON-USDT-SWAP LONG PnL: 0.47655331 Причина: TP Баланс: 921.610893647059 WinRate инструмента: 100%
🔄 Баланс: 921.610893647059$ | PnL: 2.06359051 💵 | Сделок: 42
[2025-08-26 16:42:28][TRADE] Закрыта позиция SSV-USDT-SWAP LONG PnL: 0.24887638 Причина: TP Баланс: 931.859790827059 WinRate инструмента: 100%
🔄 Баланс: 931.859790827059$ | PnL: 2.31246689 💵 | Сделок: 43
[2025-08-26 17:51:25][TRADE] Закрыта позиция LRC-USDT-SWAP LONG PnL: -0.15511198 Причина: SL Баланс: 861.631941158075 WinRate инструмента: 0%
🔄 Баланс: 861.631941158075$ | PnL: 2.15735491 💵 | Сделок: 44
[2025-08-26 17:51:42][TRADE] Закрыта позиция MOODENG-USDT-SWAP LONG PnL: -0.1607022 Причина: SL Баланс: 871.471242298075 WinRate инструмента: 0%
🔄 Баланс: 871.471242298075$ | PnL: 1.99665271 💵 | Сделок: 45
[2025-08-26 17:52:39][TRADE] Закрыта позиция SOLV-USDT-SWAP SHORT PnL: 0.10611611 Причина: TP Баланс: 881.577357938775 WinRate инструмента: 100%
🔄 Баланс: 881.577357938775$ | PnL: 2.10276882 💵 | Сделок: 46
[2025-08-26 18:30:12][TRADE] Закрыта позиция RESOLV-USDT-SWAP LONG PnL: 0.32978969 Причина: TP Баланс: 841.861203587816 WinRate инструмента: 50%
🔄 Баланс: 841.861203587816$ | PnL: 2.43255851 💵 | Сделок: 47
[2025-08-26 18:46:23][TRADE] Закрыта позиция UMA-USDT-SWAP LONG PnL: 0.42061682 Причина: TP Баланс: 852.281878507816 WinRate инструмента: 100%
🔄 Баланс: 852.281878507816$ | PnL: 2.85317533 💵 | Сделок: 48
[2025-08-26 18:49:29][TRADE] Закрыта позиция HYPE-USDT-SWAP LONG PnL: 0.22769817 Причина: TP Баланс: 862.510116677816 WinRate инструмента: 100%
🔄 Баланс: 862.510116677816$ | PnL: 3.0808735 💵 | Сделок: 49
[2025-08-26 18:55:17][TRADE] Закрыта позиция LINK-USDT-SWAP LONG PnL: 0.20738256 Причина: TP Баланс: 872.718394637816 WinRate инструмента: 100%
🔄 Баланс: 872.718394637816$ | PnL: 3.28825606 💵 | Сделок: 50
