[2025-08-10 15:23:39][TRADE] Закрыта позиция SOON-USDT-SWAP SHORT PnL: -0.15112789 Причина: SL Баланс: 909.759915698081 WinRate инструмента: 0%
  Открытие:     2025-08-10 15:19:25
  Закрытие:     2025-08-10 15:23:40
  Цена входа:   0.49081
  Цена выхода:  0.4977795
[2025-08-10 15:36:50][TRADE] Закрыта позиция HYPE-USDT-SWAP SHORT PnL: -0.12608036 Причина: SL Баланс: 419.220216390666 WinRate инструмента: 0%
  Открытие:     2025-08-10 15:18:51
  Закрытие:     2025-08-10 15:36:50
  Цена входа:   43.188
  Цена выхода:  43.6932996
[2025-08-10 15:39:04][TRADE] Закрыта позиция DOOD-USDT-SWAP LONG PnL: 0.26276301 Причина: TP Баланс: 689.771772259047 WinRate инструмента: 100%
  Открытие:     2025-08-10 15:17:32
  Закрытие:     2025-08-10 15:39:04
  Цена входа:   0.004094
  Цена выхода:  0.00420536
[2025-08-10 15:40:10][TRADE] Закрыта позиция FARTCOIN-USDT-SWAP SHORT PnL: -0.12310229 Причина: SL Баланс: 318.998273637906 WinRate инструмента: 0%
  Открытие:     2025-08-10 15:22:09
  Закрытие:     2025-08-10 15:40:10
  Цена входа:   1.0663
  Цена выхода:  1.07845582
[2025-08-10 15:41:38][TRADE] Закрыта позиция SOON-USDT-SWAP LONG PnL: -0.07494084 Причина: SL Баланс: 248.851605958353 WinRate инструмента: 0%
  Открытие:     2025-08-10 15:38:01
  Закрытие:     2025-08-10 15:41:39
  Цена входа:   0.47016
  Цена выхода:  0.46705694
[2025-08-10 15:41:51][TRADE] Закрыта позиция PI-USDT-SWAP LONG PnL: -0.06395047 Причина: SL Баланс: 699.707817729047 WinRate инструмента: 0%
  Открытие:     2025-08-10 15:31:03
  Закрытие:     2025-08-10 15:41:52
  Цена входа:   0.4059
  Цена выхода:  0.40366755
[2025-08-10 15:43:03][TRADE] Закрыта позиция ANIME-USDT-SWAP SHORT PnL: -0.059045 Причина: SL Баланс: 699.488245388368 WinRate инструмента: 0%
  Открытие:     2025-08-10 15:35:49
  Закрытие:     2025-08-10 15:43:03
  Цена входа:   0.01786
  Цена выхода:  0.0179493
[2025-08-10 15:44:18][TRADE] Закрыта позиция KMNO-USDT-SWAP SHORT PnL: -0.06304898 Причина: SL Баланс: 709.425197154368 WinRate инструмента: 0%
  Открытие:     2025-08-10 15:22:43
  Закрытие:     2025-08-10 15:44:18
  Цена входа:   0.05322
  Цена выхода:  0.05350739
[2025-08-10 15:45:10][TRADE] Закрыта позиция SCR-USDT-SWAP SHORT PnL: -0.08006378 Причина: SL Баланс: 719.345118034368 WinRate инструмента: 0%
  Открытие:     2025-08-10 15:19:19
  Закрытие:     2025-08-10 15:45:11
  Цена входа:   0.3246
  Цена выхода:  0.32690466
[2025-08-10 15:45:46][TRADE] Закрыта позиция ARC-USDT-SWAP LONG PnL: 0.16384336 Причина: TP Баланс: 689.853656699964 WinRate инструмента: 100%
  Открытие:     2025-08-10 15:09:48
  Закрытие:     2025-08-10 15:45:47
  Цена входа:   0.02124
  Цена выхода:  0.02160745
[2025-08-10 15:46:27][TRADE] Закрыта позиция ARC-USDT-SWAP SHORT PnL: -0.14011837 Причина: SL Баланс: 16.8200996127586 WinRate инструмента: 0%
  Открытие:     2025-08-10 15:32:17
  Закрытие:     2025-08-10 15:46:28
  Цена входа:   0.02129
  Цена выхода:  0.0215689
[2025-08-10 15:51:17][TRADE] Закрыта позиция BIO-USDT-SWAP SHORT PnL: 0.31929536 Причина: TP Баланс: 729.664413074368 WinRate инструмента: 100%
  Открытие:     2025-08-10 15:25:19
  Закрытие:     2025-08-10 15:51:18
  Цена входа:   0.11836
  Цена выхода:  0.11447779
[2025-08-10 15:53:33][TRADE] Закрыта позиция USELESS-USDT-SWAP LONG PnL: -0.05895495 Причина: SL Баланс: 739.605448834368 WinRate инструмента: 0%
  Открытие:     2025-08-10 15:34:44
  Закрытие:     2025-08-10 15:53:33
  Цена входа:   0.2459
  Цена выхода:  0.2446705
[2025-08-10 15:54:27][TRADE] Закрыта позиция SWARMS-USDT-SWAP SHORT PnL: -0.11209496 Причина: SL Баланс: 16.6989993837986 WinRate инструмента: 0%
  Открытие:     2025-08-10 15:45:25
  Закрытие:     2025-08-10 15:54:27
  Цена входа:   0.02205
  Цена выхода:  0.02227712
