[2025-08-26 16:28:47][TRADE] Закрыта позиция QTUM-USDT-SWAP SHORT PnL: -0.29677066 Причина: SL Баланс: 829.542709814988 WinRate инструмента: 0%
🔄 Баланс: 829.542709814988$ | PnL: -0.29677066 💵 | Сделок: 1
[2025-08-26 16:32:55][TRADE] Закрыта позиция LDO-USDT-SWAP SHORT PnL: -0.08172147 Причина: SL Баланс: 839.460977224988 WinRate инструмента: 0%
🔄 Баланс: 839.460977224988$ | PnL: -0.37849213 💵 | Сделок: 2
[2025-08-26 16:35:04][TRADE] Закрыта позиция ZENT-USDT-SWAP SHORT PnL: -0.11813105 Причина: SL Баланс: 839.333850455242 WinRate инструмента: 0%
🔄 Баланс: 839.333850455242$ | PnL: -0.49662318 💵 | Сделок: 3
[2025-08-26 16:35:32][TRADE] Закрыта позиция AVAX-USD-SWAP SHORT PnL: -0.08384768 Причина: SL Баланс: 849.248854575242 WinRate инструмента: 0%
🔄 Баланс: 849.248854575242$ | PnL: -0.58047086 💵 | Сделок: 4
[2025-08-26 16:36:17][TRADE] Закрыта позиция ARB-USDT-SWAP SHORT PnL: -0.13000619 Причина: SL Баланс: 859.118873485242 WinRate инструмента: 0%
🔄 Баланс: 859.118873485242$ | PnL: -0.71047705 💵 | Сделок: 5
[2025-08-26 16:36:28][TRADE] Закрыта позиция BAND-USDT-SWAP SHORT PnL: -0.10976177 Причина: SL Баланс: 869.009139515242 WinRate инструмента: 0%
🔄 Баланс: 869.009139515242$ | PnL: -0.82023882 💵 | Сделок: 6
[2025-08-26 16:36:42][TRADE] Закрыта позиция CATI-USDT-SWAP SHORT PnL: -0.1036196 Причина: SL Баланс: 878.905518573242 WinRate инструмента: 0%
🔄 Баланс: 878.905518573242$ | PnL: -0.92385842 💵 | Сделок: 7
[2025-08-26 16:37:25][TRADE] Закрыта позиция GAS-USDT-SWAP SHORT PnL: -0.09218099 Причина: SL Баланс: 888.813210783242 WinRate инструмента: 0%
🔄 Баланс: 888.813210783242$ | PnL: -1.01603941 💵 | Сделок: 8
[2025-08-26 16:38:19][TRADE] Закрыта позиция MEME-USDT-SWAP SHORT PnL: -0.29543716 Причина: SL Баланс: 898.517773523242 WinRate инструмента: 0%
🔄 Баланс: 898.517773523242$ | PnL: -1.31147657 💵 | Сделок: 9
[2025-08-26 16:39:30][TRADE] Закрыта позиция SSV-USDT-SWAP SHORT PnL: -0.11567462 Причина: SL Баланс: 908.401905703242 WinRate инструмента: 0%
🔄 Баланс: 908.401905703242$ | PnL: -1.42715119 💵 | Сделок: 10
[2025-08-26 16:39:38][TRADE] Закрыта позиция SYRUP-USDT-SWAP SHORT PnL: -0.10229732 Причина: SL Баланс: 918.299608303242 WinRate инструмента: 0%
🔄 Баланс: 918.299608303242$ | PnL: -1.52944851 💵 | Сделок: 11
[2025-08-26 16:40:06][TRADE] Закрыта позиция WIF-USDT-SWAP SHORT PnL: -0.10302429 Причина: SL Баланс: 928.196559933242 WinRate инструмента: 0%
🔄 Баланс: 928.196559933242$ | PnL: -1.6324728 💵 | Сделок: 12
[2025-08-26 16:40:12][TRADE] Закрыта позиция XTZ-USDT-SWAP SHORT PnL: -0.08249642 Причина: SL Баланс: 938.114044903242 WinRate инструмента: 0%
🔄 Баланс: 938.114044903242$ | PnL: -1.71496922 💵 | Сделок: 13
[2025-08-26 18:07:34][TRADE] Закрыта позиция ONT-USDT-SWAP SHORT PnL: 0.41321843 Причина: TP Баланс: 928.509273336888 WinRate инструмента: 100%
🔄 Баланс: 928.509273336888$ | PnL: -1.30175079 💵 | Сделок: 14
[2025-08-26 18:32:28][TRADE] Закрыта позиция HUMA-USDT-SWAP SHORT PnL: -0.11877481 Причина: SL Баланс: 928.381498488655 WinRate инструмента: 0%
🔄 Баланс: 928.381498488655$ | PnL: -1.4205256 💵 | Сделок: 15
