[2025-08-26 18:42:39][TRADE] Закрыта позиция UMA-USDT-SWAP SHORT PnL: -0.32601568 Причина: SL Баланс: 959.629033932908 WinRate инструмента: 0%
🔄 Баланс: 959.629033932908$ | PnL: -0.32601568 💵 | Сделок: 1
[2025-08-27 13:28:34][TRADE] Закрыта позиция BICO-USDT-SWAP SHORT PnL: -0.29533601 Причина: SL Баланс: 14.530351137249 WinRate инструмента: 0%
🔄 Баланс: 14.530351137249$ | PnL: -4.57672123 💵 | Сделок: 12
[2025-08-27 16:07:47][TRADE] Закрыта позиция AVAX-USD-SWAP SHORT PnL: -0.27911451 Причина: SL Баланс: 14.2415689435334 WinRate инструмента: 0%
🔄 Баланс: 14.2415689435334$ | PnL: -4.85583574 💵 | Сделок: 13
[2025-08-27 16:41:27][TRADE] Закрыта позиция YGG-USDT-SWAP SHORT PnL: -0.49456499 Причина: SL Баланс: 13.7379849791334 WinRate инструмента: 0%
🔄 Баланс: 13.7379849791334$ | PnL: -5.35040073 💵 | Сделок: 14
[2025-08-27 16:45:41][TRADE] Закрыта позиция OM-USDT-SWAP SHORT PnL: -0.44758683 Причина: SL Баланс: 13.2814060879558 WinRate инструмента: 0%
🔄 Баланс: 13.2814060879558$ | PnL: -5.79798756 💵 | Сделок: 15
[2025-08-27 17:18:55][TRADE] Закрыта позиция SYRUP-USDT-SWAP SHORT PnL: -0.2217857 Причина: SL Баланс: 13.0506203697398 WinRate инструмента: 0%
🔄 Баланс: 13.0506203697398$ | PnL: -6.01977326 💵 | Сделок: 16
[2025-08-27 22:02:17][TRADE] Закрыта позиция VANA-USDT-SWAP SHORT PnL: -0.36944013 Причина: SL Баланс: 12.6722355216258 WinRate инструмента: 0%
🔄 Баланс: 12.6722355216258$ | PnL: -6.38921339 💵 | Сделок: 17
[2025-08-28 06:24:55][TRADE] Закрыта позиция A-USDT-SWAP SHORT PnL: -0.2819583 Причина: SL Баланс: 11.1471790916258 WinRate инструмента: 0%
🔄 Баланс: 11.1471790916258$ | PnL: -6.67117169 💵 | Сделок: 18
[2025-08-28 08:58:10][TRADE] Закрыта позиция AEVO-USDT-SWAP SHORT PnL: -0.26257911 Причина: SL Баланс: 20.8845968456258 WinRate инструмента: 0%
🔄 Баланс: 20.8845968456258$ | PnL: -6.9337508 💵 | Сделок: 19
[2025-08-28 10:41:19][TRADE] Закрыта позиция USTC-USDT-SWAP SHORT PnL: -0.25955738 Причина: SL Баланс: 30.6250397156258 WinRate инструмента: 0%
🔄 Баланс: 30.6250397156258$ | PnL: -7.19330818 💵 | Сделок: 20
