[2025-08-26 14:43:16][TRADE] Закрыта позиция LINK-USDT-SWAP SHORT PnL: -0.20414727 Причина: SL Баланс: 769.578934252844 WinRate инструмента: 0%
🔄 Баланс: 769.578934252844$ | PnL: -0.20414727 💵 | Сделок: 1
[2025-08-26 14:45:58][TRADE] Закрыта позиция LINK-USD-SWAP SHORT PnL: -0.19343098 Причина: SL Баланс: 779.384903272844 WinRate инструмента: 0%
🔄 Баланс: 779.384903272844$ | PnL: -0.39757825 💵 | Сделок: 2
[2025-08-26 14:48:25][TRADE] Закрыта позиция JOE-USDT-SWAP SHORT PnL: -0.18091557 Причина: SL Баланс: 779.194986507104 WinRate инструмента: 0%
🔄 Баланс: 779.194986507104$ | PnL: -0.57849382 💵 | Сделок: 3
[2025-08-26 16:36:51][TRADE] Закрыта позиция YGG-USDT-SWAP SHORT PnL: -0.22144047 Причина: SL Баланс: 718.920717234454 WinRate инструмента: 0%
🔄 Баланс: 718.920717234454$ | PnL: -0.79993429 💵 | Сделок: 4
[2025-08-26 16:39:07][TRADE] Закрыта позиция ETC-USDT-SWAP SHORT PnL: -0.14666642 Причина: SL Баланс: 728.774370814454 WinRate инструмента: 0%
🔄 Баланс: 728.774370814454$ | PnL: -0.94660071 💵 | Сделок: 5
[2025-08-26 16:39:10][TRADE] Закрыта позиция FARTCOIN-USDT-SWAP SHORT PnL: -0.2875296 Причина: SL Баланс: 738.486871374454 WinRate инструмента: 0%
🔄 Баланс: 738.486871374454$ | PnL: -1.23413031 💵 | Сделок: 6
[2025-08-26 16:39:16][TRADE] Закрыта позиция GALA-USDT-SWAP SHORT PnL: -0.20519626 Причина: SL Баланс: 748.281675078454 WinRate инструмента: 0%
🔄 Баланс: 748.281675078454$ | PnL: -1.43932657 💵 | Сделок: 7
[2025-08-26 16:40:02][TRADE] Закрыта позиция LPT-USDT-SWAP SHORT PnL: -0.1630782 Причина: SL Баланс: 758.118859278454 WinRate инструмента: 0%
🔄 Баланс: 758.118859278454$ | PnL: -1.60240477 💵 | Сделок: 8
[2025-08-26 16:40:15][TRADE] Закрыта позиция MERL-USDT-SWAP SHORT PnL: -0.18663444 Причина: SL Баланс: 767.932223998454 WinRate инструмента: 0%
🔄 Баланс: 767.932223998454$ | PnL: -1.78903921 💵 | Сделок: 9
[2025-08-26 16:40:26][TRADE] Закрыта позиция NEIROETH-USDT-SWAP SHORT PnL: -0.2555041 Причина: SL Баланс: 777.676723149454 WinRate инструмента: 0%
🔄 Баланс: 777.676723149454$ | PnL: -2.04454331 💵 | Сделок: 10
[2025-08-26 16:40:40][TRADE] Закрыта позиция OP-USDT-SWAP SHORT PnL: -0.19484068 Причина: SL Баланс: 787.481899389454 WinRate инструмента: 0%
🔄 Баланс: 787.481899389454$ | PnL: -2.23938399 💵 | Сделок: 11
[2025-08-26 16:40:42][TRADE] Закрыта позиция ORDI-USDT-SWAP SHORT PnL: -0.22314876 Причина: SL Баланс: 797.258476629454 WinRate инструмента: 0%
🔄 Баланс: 797.258476629454$ | PnL: -2.46253275 💵 | Сделок: 12
[2025-08-26 16:40:45][TRADE] Закрыта позиция PEOPLE-USDT-SWAP SHORT PnL: -0.22786926 Причина: SL Баланс: 807.030606617454 WinRate инструмента: 0%
🔄 Баланс: 807.030606617454$ | PnL: -2.69040201 💵 | Сделок: 13
[2025-08-26 16:40:47][TRADE] Закрыта позиция PERP-USDT-SWAP SHORT PnL: -0.21858827 Причина: SL Баланс: 816.812006187454 WinRate инструмента: 0%
🔄 Баланс: 816.812006187454$ | PnL: -2.90899028 💵 | Сделок: 14
[2025-08-26 16:40:52][TRADE] Закрыта позиция PRCL-USDT-SWAP SHORT PnL: -0.27797689 Причина: SL Баланс: 826.534028041454 WinRate инструмента: 0%
🔄 Баланс: 826.534028041454$ | PnL: -3.18696717 💵 | Сделок: 15
[2025-08-26 16:41:08][TRADE] Закрыта позиция SCR-USDT-SWAP SHORT PnL: -0.20737166 Причина: SL Баланс: 836.326657721454 WinRate инструмента: 0%
🔄 Баланс: 836.326657721454$ | PnL: -3.39433883 💵 | Сделок: 16
[2025-08-26 16:41:29][TRADE] Закрыта позиция SYRUP-USDT-SWAP SHORT PnL: -0.17281588 Причина: SL Баланс: 846.153831601454 WinRate инструмента: 0%
🔄 Баланс: 846.153831601454$ | PnL: -3.56715471 💵 | Сделок: 17
[2025-08-26 16:41:36][TRADE] Закрыта позиция TRB-USDT-SWAP SHORT PnL: -0.17174669 Причина: SL Баланс: 855.983262911454 WinRate инструмента: 0%
🔄 Баланс: 855.983262911454$ | PnL: -3.7389014 💵 | Сделок: 18
[2025-08-26 16:44:06][TRADE] Закрыта позиция DOOD-USDT-SWAP SHORT PnL: -0.14590858 Причина: SL Баланс: 865.837354386654 WinRate инструмента: 0%
🔄 Баланс: 865.837354386654$ | PnL: -3.88480998 💵 | Сделок: 19
[2025-08-26 18:07:57][TRADE] Закрыта позиция ETHFI-USDT-SWAP SHORT PnL: 0.44161925 Причина: TP Баланс: 646.049321466444 WinRate инструмента: 100%
🔄 Баланс: 646.049321466444$ | PnL: -3.44319073 💵 | Сделок: 20
[2025-08-26 18:19:35][TRADE] Закрыта позиция MKR-USDT-SWAP SHORT PnL: -0.16918041 Причина: SL Баланс: 655.869901056444 WinRate инструмента: 0%
🔄 Баланс: 655.869901056444$ | PnL: -3.61237114 💵 | Сделок: 21
[2025-08-26 18:42:49][TRADE] Закрыта позиция HUMA-USDT-SWAP SHORT PnL: -0.22411118 Причина: SL Баланс: 15.4296337857245 WinRate инструмента: 0%
🔄 Баланс: 15.4296337857245$ | PnL: -3.83648232 💵 | Сделок: 22
[2025-08-26 18:50:46][TRADE] Закрыта позиция TRX-USDT-SWAP SHORT PnL: -0.08850126 Причина: SL Баланс: 15.3321602393645 WinRate инструмента: 0%
🔄 Баланс: 15.3321602393645$ | PnL: -3.92498358 💵 | Сделок: 23
[2025-08-26 18:55:43][TRADE] Закрыта позиция T-USDT-SWAP SHORT PnL: -0.18301767 Причина: SL Баланс: 15.1393990812045 WinRate инструмента: 0%
🔄 Баланс: 15.1393990812045$ | PnL: -4.10800125 💵 | Сделок: 24
[2025-08-26 19:00:19][TRADE] Закрыта позиция SYRUP-USDT-SWAP SHORT PnL: -0.15890628 Причина: SL Баланс: 14.9714719619885 WinRate инструмента: 0%
🔄 Баланс: 14.9714719619885$ | PnL: -4.26690753 💵 | Сделок: 25
[2025-08-26 19:00:31][TRADE] Закрыта позиция VINE-USDT-SWAP SHORT PnL: -0.20540444 Причина: SL Баланс: 14.757067026471 WinRate инструмента: 0%
🔄 Баланс: 14.757067026471$ | PnL: -4.47231197 💵 | Сделок: 26
[2025-08-26 19:00:38][TRADE] Закрыта позиция WIF-USDT-SWAP SHORT PnL: -0.23750231 Причина: SL Баланс: 24.519528316471 WinRate инструмента: 0%
🔄 Баланс: 24.519528316471$ | PnL: -4.70981428 💵 | Сделок: 27
