[2025-08-31 20:20:16][TRADE] Закрыта позиция GPS-USDT-SWAP SHORT PnL: -0.28400876 Причина: SL Баланс: 18.623327523504 WinRate инструмента: 0%
🔄 Баланс: 18.623327523504$ | PnL: -0.28400876 💵 | Сделок: 1
[2025-08-31 20:55:37][TRADE] Закрыта позиция HYPE-USDT-SWAP SHORT PnL: -0.17236049 Причина: SL Баланс: 18.4415195010252 WinRate инструмента: 0%
🔄 Баланс: 18.4415195010252$ | PnL: -0.45636925 💵 | Сделок: 2
[2025-08-31 21:45:35][TRADE] Закрыта позиция MERL-USDT-SWAP LONG PnL: 0.34308717 Причина: TP Баланс: 18.7757542564452 WinRate инструмента: 100%
🔄 Баланс: 18.7757542564452$ | PnL: -0.11328208 💵 | Сделок: 3
[2025-08-31 22:17:43][TRADE] Закрыта позиция DOOD-USDT-SWAP SHORT PnL: -0.20047213 Причина: SL Баланс: 18.5662811057037 WinRate инструмента: 0%
🔄 Баланс: 18.5662811057037$ | PnL: -0.31375421 💵 | Сделок: 4
[2025-08-31 22:23:19][TRADE] Закрыта позиция SAHARA-USDT-SWAP SHORT PnL: -0.14210487 Причина: SL Баланс: 18.4151941573837 WinRate инструмента: 0%
🔄 Баланс: 18.4151941573837$ | PnL: -0.45585908 💵 | Сделок: 5
[2025-08-31 22:26:25][TRADE] Закрыта позиция PARTI-USDT-SWAP SHORT PnL: -0.2425173 Причина: SL Баланс: 18.1636534056037 WinRate инструмента: 0%
🔄 Баланс: 18.1636534056037$ | PnL: -0.69837638 💵 | Сделок: 6
[2025-08-31 22:44:22][TRADE] Закрыта позиция PUMP-USDT-SWAP SHORT PnL: -0.27930598 Причина: SL Баланс: 17.8751958726067 WinRate инструмента: 0%
🔄 Баланс: 17.8751958726067$ | PnL: -0.97768236 💵 | Сделок: 7
[2025-08-31 22:47:24][TRADE] Закрыта позиция GRASS-USDT-SWAP LONG PnL: 0.15838744 Причина: TP Баланс: 18.0245894287997 WinRate инструмента: 100%
🔄 Баланс: 18.0245894287997$ | PnL: -0.81929492 💵 | Сделок: 8
[2025-09-01 02:04:26][TRADE] Закрыта позиция XAUT-USDT-SWAP LONG PnL: -0.02664845 Причина: SL Баланс: 18.0264243818597 WinRate инструмента: 0%
🔄 Баланс: 18.0264243818597$ | PnL: -0.84594337 💵 | Сделок: 9
[2025-09-01 02:07:40][TRADE] Закрыта позиция VINE-USDT-SWAP SHORT PnL: 0.19274509 Причина: TP Баланс: 18.2101743249897 WinRate инструмента: 100%
🔄 Баланс: 18.2101743249897$ | PnL: -0.65319828 💵 | Сделок: 10
[2025-09-01 02:19:29][TRADE] Закрыта позиция PERP-USDT-SWAP SHORT PnL: -0.23594543 Причина: SL Баланс: 17.9652801967497 WinRate инструмента: 0%
🔄 Баланс: 17.9652801967497$ | PnL: -0.88914371 💵 | Сделок: 11
[2025-09-01 02:21:10][TRADE] Закрыта позиция PYTH-USDT-SWAP SHORT PnL: -0.32403635 Причина: SL Баланс: 17.6322441219177 WinRate инструмента: 0%
🔄 Баланс: 17.6322441219177$ | PnL: -1.21318006 💵 | Сделок: 12
[2025-09-01 02:36:19][TRADE] Закрыта позиция NEIROETH-USDT-SWAP SHORT PnL: 0.59390141 Причина: TP Баланс: 18.2501241459177 WinRate инструмента: 100%
🔄 Баланс: 18.2501241459177$ | PnL: -0.61927865 💵 | Сделок: 13
[2025-09-01 03:03:43][TRADE] Закрыта позиция BNB-USDT-SWAP LONG PnL: -0.06096705 Причина: SL Баланс: 18.1472006200947 WinRate инструмента: 0%
🔄 Баланс: 18.1472006200947$ | PnL: -0.6802457 💵 | Сделок: 14
[2025-09-01 03:04:08][TRADE] Закрыта позиция LA-USDT-SWAP SHORT PnL: 0.24543856 Причина: TP Баланс: 18.3836614035847 WinRate инструмента: 100%
🔄 Баланс: 18.3836614035847$ | PnL: -0.43480714 💵 | Сделок: 15
[2025-09-01 03:19:05][TRADE] Закрыта позиция RSR-USDT-SWAP SHORT PnL: 0.18256244 Причина: TP Баланс: 18.5572450414437 WinRate инструмента: 100%
🔄 Баланс: 18.5572450414437$ | PnL: -0.2522447 💵 | Сделок: 16
[2025-09-01 03:19:15][TRADE] Закрыта позиция TRX-USDT-SWAP LONG PnL: -0.07089854 Причина: SL Баланс: 18.4773379081187 WinRate инструмента: 0%
🔄 Баланс: 18.4773379081187$ | PnL: -0.32314324 💵 | Сделок: 17
[2025-09-01 03:22:34][TRADE] Закрыта позиция W-USDT-SWAP SHORT PnL: 0.16684732 Причина: TP Баланс: 18.6351910595587 WinRate инструмента: 100%
🔄 Баланс: 18.6351910595587$ | PnL: -0.15629592 💵 | Сделок: 18
[2025-09-01 03:22:40][TRADE] Закрыта позиция ZRO-USDT-SWAP SHORT PnL: 0.1764011 Причина: TP Баланс: 18.8025363669387 WinRate инструмента: 100%
🔄 Баланс: 18.8025363669387$ | PnL: 0.0201051799999999 💵 | Сделок: 19
[2025-09-01 03:23:04][TRADE] Закрыта позиция AIXBT-USDT-SWAP SHORT PnL: 0.22715795 Причина: TP Баланс: 19.0206866505559 WinRate инструмента: 100%
🔄 Баланс: 19.0206866505559$ | PnL: 0.24726313 💵 | Сделок: 20
[2025-09-01 03:23:18][TRADE] Закрыта позиция DEGEN-USDT-SWAP SHORT PnL: 0.20802986 Причина: TP Баланс: 19.2197205920647 WinRate инструмента: 100%
🔄 Баланс: 19.2197205920647$ | PnL: 0.45529299 💵 | Сделок: 21
[2025-09-01 03:23:39][TRADE] Закрыта позиция LAYER-USDT-SWAP SHORT PnL: 0.12891539 Причина: TP Баланс: 19.3396477051047 WinRate инструмента: 100%
🔄 Баланс: 19.3396477051047$ | PnL: 0.58420838 💵 | Сделок: 22
[2025-09-01 03:23:49][TRADE] Закрыта позиция MEME-USDT-SWAP SHORT PnL: 0.26562857 Причина: TP Баланс: 19.5959652824747 WinRate инструмента: 100%
🔄 Баланс: 19.5959652824747$ | PnL: 0.84983695 💵 | Сделок: 23
[2025-09-01 03:24:55][TRADE] Закрыта позиция CATI-USDT-SWAP SHORT PnL: 0.34650289 Причина: TP Баланс: 19.9334697176811 WinRate инструмента: 100%
🔄 Баланс: 19.9334697176811$ | PnL: 1.19633984 💵 | Сделок: 24
[2025-09-01 03:25:56][TRADE] Закрыта позиция YFI-USDT-SWAP SHORT PnL: 0.12882707 Причина: TP Баланс: 20.2163997673604 WinRate инструмента: 100%
🔄 Баланс: 20.2163997673604$ | PnL: 1.32516691 💵 | Сделок: 25
[2025-09-01 03:29:07][TRADE] Закрыта позиция VIRTUAL-USDT-SWAP SHORT PnL: 0.20740266 Причина: TP Баланс: 10.4057405780108 WinRate инструмента: 100%
🔄 Баланс: 10.4057405780108$ | PnL: 1.53256957 💵 | Сделок: 26
[2025-09-01 03:30:14][TRADE] Закрыта позиция MASK-USDT-SWAP SHORT PnL: 0.14668802 Причина: TP Баланс: 10.5434039236059 WinRate инструмента: 100%
🔄 Баланс: 10.5434039236059$ | PnL: 1.67925759 💵 | Сделок: 27
[2025-09-01 03:30:27][TRADE] Закрыта позиция POPCAT-USDT-SWAP SHORT PnL: 0.18699984 Причина: TP Баланс: 10.7213941806483 WinRate инструмента: 100%
🔄 Баланс: 10.7213941806483$ | PnL: 1.86625743 💵 | Сделок: 28
[2025-09-01 03:31:12][TRADE] Закрыта позиция AGLD-USDT-SWAP SHORT PnL: 0.18150909 Причина: TP Баланс: 10.8939090832483 WinRate инструмента: 100%
🔄 Баланс: 10.8939090832483$ | PnL: 2.04776652 💵 | Сделок: 29
[2025-09-01 03:31:27][TRADE] Закрыта позиция CTC-USDT-SWAP SHORT PnL: 0.1634178 Причина: TP Баланс: 11.0482946989946 WinRate инструмента: 100%
🔄 Баланс: 11.0482946989946$ | PnL: 2.21118432 💵 | Сделок: 30
[2025-09-01 03:31:31][TRADE] Закрыта позиция DOG-USDT-SWAP SHORT PnL: 0.22243734 Причина: TP Баланс: 11.2617318870018 WinRate инструмента: 100%
🔄 Баланс: 11.2617318870018$ | PnL: 2.43362166 💵 | Сделок: 31
[2025-09-01 03:32:03][TRADE] Закрыта позиция OM-USDT-SWAP SHORT PnL: 0.17225147 Причина: TP Баланс: 11.4249828412418 WinRate инструмента: 100%
🔄 Баланс: 11.4249828412418$ | PnL: 2.60587313 💵 | Сделок: 32
[2025-09-01 03:32:51][TRADE] Закрыта позиция ACT-USDT-SWAP SHORT PnL: 0.18681828 Причина: TP Баланс: 11.6027816063498 WinRate инструмента: 100%
🔄 Баланс: 11.6027816063498$ | PnL: 2.79269141 💵 | Сделок: 33
[2025-09-01 03:33:29][TRADE] Закрыта позиция LQTY-USDT-SWAP SHORT PnL: 0.21226905 Причина: TP Баланс: 11.8060687755218 WinRate инструмента: 100%
🔄 Баланс: 11.8060687755218$ | PnL: 3.00496046 💵 | Сделок: 34
[2025-09-01 03:34:58][TRADE] Закрыта позиция INIT-USDT-SWAP SHORT PnL: 0.22689392 Причина: TP Баланс: 12.0185770172218 WinRate инструмента: 100%
🔄 Баланс: 12.0185770172218$ | PnL: 3.23185438 💵 | Сделок: 35
[2025-09-01 03:35:02][TRADE] Закрыта позиция KAITO-USDT-SWAP SHORT PnL: 0.18485621 Причина: TP Баланс: 12.1944308359708 WinRate инструмента: 100%
🔄 Баланс: 12.1944308359708$ | PnL: 3.41671059 💵 | Сделок: 36
[2025-09-01 03:35:17][TRADE] Закрыта позиция ONT-USDT-SWAP SHORT PnL: 0.1564278 Причина: TP Баланс: 12.3418612397854 WinRate инструмента: 100%
🔄 Баланс: 12.3418612397854$ | PnL: 3.57313839 💵 | Сделок: 37
[2025-09-01 03:35:27][TRADE] Закрыта позиция RESOLV-USDT-SWAP LONG PnL: -0.20043321 Причина: SL Баланс: 12.1324579598634 WinRate инструмента: 0%
🔄 Баланс: 12.1324579598634$ | PnL: 3.37270518 💵 | Сделок: 38
[2025-09-01 03:35:42][TRADE] Закрыта позиция WOO-USDT-SWAP SHORT PnL: 0.21067106 Причина: TP Баланс: 12.33412911384 WinRate инструмента: 100%
🔄 Баланс: 12.33412911384$ | PnL: 3.58337624 💵 | Сделок: 39
[2025-09-01 03:36:08][TRADE] Закрыта позиция AI16Z-USDT-SWAP SHORT PnL: 0.2470727 Причина: TP Баланс: 12.5722067292926 WinRate инструмента: 100%
🔄 Баланс: 12.5722067292926$ | PnL: 3.83044894 💵 | Сделок: 40
[2025-09-01 03:36:21][TRADE] Закрыта позиция CRV-USDT-SWAP SHORT PnL: 0.21031031 Причина: TP Баланс: 12.7734921309046 WinRate инструмента: 100%
🔄 Баланс: 12.7734921309046$ | PnL: 4.04075925 💵 | Сделок: 41
[2025-09-01 03:37:40][TRADE] Закрыта позиция MAGIC-USDT-SWAP SHORT PnL: 0.21928999 Причина: TP Баланс: 12.9837912467966 WinRate инструмента: 100%
🔄 Баланс: 12.9837912467966$ | PnL: 4.26004924 💵 | Сделок: 42
[2025-09-01 03:37:43][TRADE] Закрыта позиция ACH-USDT-SWAP SHORT PnL: 0.14442288 Причина: TP Баланс: 13.1192160359926 WinRate инструмента: 100%
🔄 Баланс: 13.1192160359926$ | PnL: 4.40447212 💵 | Сделок: 43
[2025-09-01 03:37:53][TRADE] Закрыта позиция BIGTIME-USDT-SWAP SHORT PnL: 0.15713784 Причина: TP Баланс: 13.2673501282502 WinRate инструмента: 100%
🔄 Баланс: 13.2673501282502$ | PnL: 4.56160996 💵 | Сделок: 44
[2025-09-01 03:38:13][TRADE] Закрыта позиция HMSTR-USDT-SWAP SHORT PnL: 0.17188039 Причина: TP Баланс: 13.4302267412491 WinRate инструмента: 100%
🔄 Баланс: 13.4302267412491$ | PnL: 4.73349035 💵 | Сделок: 45
[2025-09-01 03:38:49][TRADE] Закрыта позиция SNX-USDT-SWAP SHORT PnL: 0.21659917 Причина: TP Баланс: 13.6378115283871 WinRate инструмента: 100%
🔄 Баланс: 13.6378115283871$ | PnL: 4.95008952 💵 | Сделок: 46
[2025-09-01 03:39:05][TRADE] Закрыта позиция ZETA-USDT-SWAP SHORT PnL: 0.15814966 Причина: TP Баланс: 13.7869470978495 WinRate инструмента: 100%
🔄 Баланс: 13.7869470978495$ | PnL: 5.10823918 💵 | Сделок: 47
[2025-09-01 03:39:34][TRADE] Закрыта позиция BAND-USDT-SWAP SHORT PnL: 0.22105517 Причина: TP Баланс: 13.9989742516495 WinRate инструмента: 100%
🔄 Баланс: 13.9989742516495$ | PnL: 5.32929435 💵 | Сделок: 48
[2025-09-01 03:39:57][TRADE] Закрыта позиция ICP-USDT-SWAP SHORT PnL: 0.14619928 Причина: TP Баланс: 14.1361807467639 WinRate инструмента: 100%
🔄 Баланс: 14.1361807467639$ | PnL: 5.47549363 💵 | Сделок: 49
[2025-09-01 03:40:19][TRADE] Закрыта позиция PEOPLE-USDT-SWAP SHORT PnL: 0.20424848 Причина: TP Баланс: 14.3314449846599 WinRate инструмента: 100%
🔄 Баланс: 14.3314449846599$ | PnL: 5.67974211 💵 | Сделок: 50
[2025-09-01 03:40:20][TRADE] Закрыта позиция PNUT-USDT-SWAP SHORT PnL: 0.19552065 Причина: TP Баланс: 14.5179632349947 WinRate инструмента: 100%
🔄 Баланс: 14.5179632349947$ | PnL: 5.87526276 💵 | Сделок: 51
[2025-09-01 03:40:29][TRADE] Закрыта позиция SHELL-USDT-SWAP SHORT PnL: 0.23574801 Причина: TP Баланс: 14.7447111196667 WinRate инструмента: 100%
🔄 Баланс: 14.7447111196667$ | PnL: 6.11101077 💵 | Сделок: 52
[2025-09-01 03:43:09][TRADE] Закрыта позиция GODS-USDT-SWAP LONG PnL: -0.30874123 Причина: SL Баланс: 14.4269660501279 WinRate инструмента: 0%
🔄 Баланс: 14.4269660501279$ | PnL: 5.80226954 💵 | Сделок: 53
[2025-09-01 03:50:19][TRADE] Закрыта позиция VANA-USDT-SWAP SHORT PnL: 0.17956334 Причина: TP Баланс: 14.5975697580991 WinRate инструмента: 100%
🔄 Баланс: 14.5975697580991$ | PnL: 5.98183288 💵 | Сделок: 54
[2025-09-01 03:59:10][TRADE] Закрыта позиция DOGS-USDT-SWAP SHORT PnL: 0.21601436 Причина: TP Баланс: 14.8045833110764 WinRate инструмента: 100%
🔄 Баланс: 14.8045833110764$ | PnL: 6.19784724 💵 | Сделок: 55
[2025-09-01 03:59:36][TRADE] Закрыта позиция MOVE-USDT-SWAP SHORT PnL: 0.13888215 Причина: TP Баланс: 14.9344709075289 WinRate инструмента: 100%
🔄 Баланс: 14.9344709075289$ | PnL: 6.33672939 💵 | Сделок: 56
[2025-09-01 04:00:34][TRADE] Закрыта позиция APE-USDT-SWAP SHORT PnL: 0.19125548 Причина: TP Баланс: 15.1167966309789 WinRate инструмента: 100%
🔄 Баланс: 15.1167966309789$ | PnL: 6.52798487 💵 | Сделок: 57
[2025-09-01 04:00:37][TRADE] Закрыта позиция AUCTION-USDT-SWAP SHORT PnL: 0.1237546 Причина: TP Баланс: 15.231875143399 WinRate инструмента: 100%
🔄 Баланс: 15.231875143399$ | PnL: 6.65173947 💵 | Сделок: 58
[2025-09-01 04:00:38][TRADE] Закрыта позиция BAT-USDT-SWAP SHORT PnL: 0.20647772 Причина: TP Баланс: 15.429262697719 WinRate инструмента: 100%
🔄 Баланс: 15.429262697719$ | PnL: 6.85821719 💵 | Сделок: 59
[2025-09-01 04:01:05][TRADE] Закрыта позиция JTO-USDT-SWAP SHORT PnL: 0.19218316 Причина: TP Баланс: 15.6124039421546 WinRate инструмента: 100%
🔄 Баланс: 15.6124039421546$ | PnL: 7.05040035 💵 | Сделок: 60
[2025-09-01 04:01:10][TRADE] Закрыта позиция MAJOR-USDT-SWAP SHORT PnL: 0.18133822 Причина: TP Баланс: 15.7847293868186 WinRate инструмента: 100%
🔄 Баланс: 15.7847293868186$ | PnL: 7.23173857 💵 | Сделок: 61
[2025-09-01 04:01:16][TRADE] Закрыта позиция NEIRO-USDT-SWAP SHORT PnL: 0.22627131 Причина: TP Баланс: 16.0020126350265 WinRate инструмента: 100%
🔄 Баланс: 16.0020126350265$ | PnL: 7.45800988 💵 | Сделок: 62
[2025-09-01 04:01:18][TRADE] Закрыта позиция NOT-USDT-SWAP SHORT PnL: 0.17726766 Причина: TP Баланс: 26.1792802690265 WinRate инструмента: 100%
🔄 Баланс: 26.1792802690265$ | PnL: 7.63527754 💵 | Сделок: 63
[2025-09-01 04:01:31][TRADE] Закрыта позиция S-USDT-SWAP SHORT PnL: 0.14417906 Причина: TP Баланс: 16.3054515126725 WinRate инструмента: 100%
🔄 Баланс: 16.3054515126725$ | PnL: 7.7794566 💵 | Сделок: 64
[2025-09-01 04:01:41][TRADE] Закрыта позиция TURBO-USDT-SWAP SHORT PnL: 0.19054378 Причина: TP Баланс: 16.4869926873705 WinRate инструмента: 100%
🔄 Баланс: 16.4869926873705$ | PnL: 7.97000038 💵 | Сделок: 65
[2025-09-01 04:01:50][TRADE] Закрыта позиция ZK-USDT-SWAP SHORT PnL: 0.20588109 Причина: TP Баланс: 16.6838242585705 WinRate инструмента: 100%
🔄 Баланс: 16.6838242585705$ | PnL: 8.17588147 💵 | Сделок: 66
[2025-09-01 04:02:55][TRADE] Закрыта позиция NEWT-USDT-SWAP SHORT PnL: 0.17871188 Причина: TP Баланс: 16.7580964082705 WinRate инструмента: 100%
🔄 Баланс: 16.7580964082705$ | PnL: 8.35459335 💵 | Сделок: 67
[2025-09-01 04:03:13][TRADE] Закрыта позиция SOPH-USDT-SWAP SHORT PnL: 0.15707983 Причина: TP Баланс: 16.9061753328684 WinRate инструмента: 100%
🔄 Баланс: 16.9061753328684$ | PnL: 8.51167318 💵 | Сделок: 68
[2025-09-01 04:03:51][TRADE] Закрыта позиция API3-USDT-SWAP SHORT PnL: 0.22353116 Причина: TP Баланс: 17.1202354248684 WinRate инструмента: 100%
🔄 Баланс: 17.1202354248684$ | PnL: 8.73520434 💵 | Сделок: 69
[2025-09-01 04:04:11][TRADE] Закрыта позиция GAS-USDT-SWAP SHORT PnL: 0.14957902 Причина: TP Баланс: 17.2607253203084 WinRate инструмента: 100%
🔄 Баланс: 17.2607253203084$ | PnL: 8.88478336 💵 | Сделок: 70
[2025-09-01 04:04:31][TRADE] Закрыта позиция MUBARAK-USDT-SWAP SHORT PnL: 0.19569378 Причина: TP Баланс: 17.4474211571254 WinRate инструмента: 100%
🔄 Баланс: 17.4474211571254$ | PnL: 9.08047714 💵 | Сделок: 71
[2025-09-01 04:05:22][TRADE] Закрыта позиция 1INCH-USDT-SWAP SHORT PnL: 0.16992767 Причина: TP Баланс: 17.6083483785924 WinRate инструмента: 100%
🔄 Баланс: 17.6083483785924$ | PnL: 9.25040481 💵 | Сделок: 72
[2025-09-01 04:05:28][TRADE] Закрыта позиция ANIME-USDT-SWAP SHORT PnL: 0.16169523 Причина: TP Баланс: 17.7663078765924 WinRate инструмента: 100%
🔄 Баланс: 17.7663078765924$ | PnL: 9.41210004 💵 | Сделок: 73
[2025-09-01 04:05:41][TRADE] Закрыта позиция DGB-USDT-SWAP SHORT PnL: 0.19837344 Причина: TP Баланс: 17.9556793458084 WinRate инструмента: 100%
🔄 Баланс: 17.9556793458084$ | PnL: 9.61047348 💵 | Сделок: 74
[2025-09-01 04:05:46][TRADE] Закрыта позиция ETHW-USDT-SWAP SHORT PnL: 0.20027139 Причина: TP Баланс: 18.1468765374999 WinRate инструмента: 100%
🔄 Баланс: 18.1468765374999$ | PnL: 9.81074487 💵 | Сделок: 75
[2025-09-01 04:05:51][TRADE] Закрыта позиция GMT-USDT-SWAP SHORT PnL: 0.18978813 Причина: TP Баланс: 18.3276297049719 WinRate инструмента: 100%
🔄 Баланс: 18.3276297049719$ | PnL: 10.000533 💵 | Сделок: 76
[2025-09-01 04:05:55][TRADE] Закрыта позиция IMX-USDT-SWAP SHORT PnL: 0.19477313 Причина: TP Баланс: 18.5139951030719 WinRate инструмента: 100%
🔄 Баланс: 18.5139951030719$ | PnL: 10.19530613 💵 | Сделок: 77
[2025-09-01 04:05:57][TRADE] Закрыта позиция IOST-USDT-SWAP SHORT PnL: 0.13608959 Причина: TP Баланс: 18.6407051138919 WinRate инструмента: 100%
🔄 Баланс: 18.6407051138919$ | PnL: 10.33139572 💵 | Сделок: 78
[2025-09-01 04:05:59][TRADE] Закрыта позиция JOE-USDT-SWAP LONG PnL: 0.47015334 Причина: TP Баланс: 29.1108550538919 WinRate инструмента: 100%
🔄 Баланс: 29.1108550538919$ | PnL: 10.80154906 💵 | Сделок: 79
[2025-09-01 04:06:04][TRADE] Закрыта позиция LDO-USDT-SWAP SHORT PnL: 0.19833679 Причина: TP Баланс: 19.2912361530759 WinRate инструмента: 100%
🔄 Баланс: 19.2912361530759$ | PnL: 10.99988585 💵 | Сделок: 80
[2025-09-01 04:06:08][TRADE] Закрыта позиция ME-USDT-SWAP SHORT PnL: 0.15594766 Причина: TP Баланс: 19.4370621249159 WinRate инструмента: 100%
🔄 Баланс: 19.4370621249159$ | PnL: 11.15583351 💵 | Сделок: 81
[2025-09-01 04:06:13][TRADE] Закрыта позиция NEO-USDT-SWAP SHORT PnL: 0.17448004 Причина: TP Баланс: 19.6027180764159 WinRate инструмента: 100%
🔄 Баланс: 19.6027180764159$ | PnL: 11.33031355 💵 | Сделок: 82
[2025-09-01 04:06:24][TRADE] Закрыта позиция RAY-USDT-SWAP LONG PnL: -0.35959545 Причина: SL Баланс: 19.2342775596559 WinRate инструмента: 0%
🔄 Баланс: 19.2342775596559$ | PnL: 10.9707181 💵 | Сделок: 83
[2025-09-01 04:10:52][TRADE] Закрыта позиция LAUNCHCOIN-USDT-SWAP LONG PnL: -0.72822676 Причина: SL Баланс: 18.4970549664189 WinRate инструмента: 0%
🔄 Баланс: 18.4970549664189$ | PnL: 10.24249134 💵 | Сделок: 84
[2025-09-01 04:12:12][TRADE] Закрыта позиция CVC-USDT-SWAP SHORT PnL: 0.14168871 Причина: TP Баланс: 18.6297676174429 WinRate инструмента: 100%
🔄 Баланс: 18.6297676174429$ | PnL: 10.38418005 💵 | Сделок: 85
[2025-09-01 04:12:52][TRADE] Закрыта позиция QTUM-USDT-SWAP SHORT PnL: -0.25936882 Причина: SL Баланс: 18.3614902906929 WinRate инструмента: 0%
🔄 Баланс: 18.3614902906929$ | PnL: 10.12481123 💵 | Сделок: 86
[2025-09-01 04:23:27][TRADE] Закрыта позиция BIGTIME-USDT-SWAP SHORT PnL: -0.16507946 Причина: SL Баланс: 18.1874153048312 WinRate инструмента: 50%
🔄 Баланс: 18.1874153048312$ | PnL: 9.95973177 💵 | Сделок: 87
[2025-09-01 04:25:36][TRADE] Закрыта позиция LPT-USDT-SWAP SHORT PnL: 0.14798082 Причина: TP Баланс: 18.3267067531668 WinRate инструмента: 100%
🔄 Баланс: 18.3267067531668$ | PnL: 10.10771259 💵 | Сделок: 88
[2025-09-01 04:26:11][TRADE] Закрыта позиция WAL-USDT-SWAP SHORT PnL: 0.10483759 Причина: TP Баланс: 18.4225377446068 WinRate инструмента: 100%
🔄 Баланс: 18.4225377446068$ | PnL: 10.21255018 💵 | Сделок: 89
[2025-09-01 04:26:31][TRADE] Закрыта позиция TON-USDT-SWAP LONG PnL: -0.09449905 Причина: SL Баланс: 18.3189921815051 WinRate инструмента: 0%
🔄 Баланс: 18.3189921815051$ | PnL: 10.11805113 💵 | Сделок: 90
[2025-09-01 04:26:47][TRADE] Закрыта позиция CELO-USDT-SWAP SHORT PnL: 0.25347675 Причина: TP Баланс: 18.5634710068426 WinRate инструмента: 100%
🔄 Баланс: 18.5634710068426$ | PnL: 10.37152788 💵 | Сделок: 91
[2025-09-01 04:27:24][TRADE] Закрыта позиция ONDO-USDT-SWAP SHORT PnL: 0.1481212 Причина: TP Баланс: 18.7026122680055 WinRate инструмента: 100%
🔄 Баланс: 18.7026122680055$ | PnL: 10.51964908 💵 | Сделок: 92
[2025-09-01 04:27:30][TRADE] Закрыта позиция PRCL-USDT-SWAP SHORT PnL: 0.24544277 Причина: TP Баланс: 18.939057804763 WinRate инструмента: 100%
🔄 Баланс: 18.939057804763$ | PnL: 10.76509185 💵 | Сделок: 93
[2025-09-01 04:27:41][TRADE] Закрыта позиция SPX-USDT-SWAP LONG PnL: -0.29964207 Причина: SL Баланс: 18.630540525213 WinRate инструмента: 0%
🔄 Баланс: 18.630540525213$ | PnL: 10.46544978 💵 | Сделок: 94
[2025-09-01 04:32:43][TRADE] Закрыта позиция W-USDT-SWAP SHORT PnL: 0.16030022 Причина: TP Баланс: 18.78184865192 WinRate инструмента: 100%
🔄 Баланс: 18.78184865192$ | PnL: 10.62575 💵 | Сделок: 95
[2025-09-01 04:33:11][TRADE] Закрыта позиция AERO-USDT-SWAP SHORT PnL: 0.21557962 Причина: TP Баланс: 18.988410375 WinRate инструмента: 100%
🔄 Баланс: 18.988410375$ | PnL: 10.84132962 💵 | Сделок: 96
[2025-09-01 04:36:18][TRADE] Закрыта позиция DOGE-USD-SWAP SHORT PnL: 0.15640857 Причина: TP Баланс: 19.1358296552535 WinRate инструмента: 100%
🔄 Баланс: 19.1358296552535$ | PnL: 10.99773819 💵 | Сделок: 97
[2025-09-01 04:36:27][TRADE] Закрыта позиция AIXBT-USDT-SWAP SHORT PnL: 0.20656263 Причина: TP Баланс: 19.3333065799355 WinRate инструмента: 100%
🔄 Баланс: 19.3333065799355$ | PnL: 11.20430082 💵 | Сделок: 98
[2025-09-01 04:36:56][TRADE] Закрыта позиция IOTA-USDT-SWAP SHORT PnL: 0.14735734 Причина: TP Баланс: 19.4716656292226 WinRate инструмента: 100%
🔄 Баланс: 19.4716656292226$ | PnL: 11.35165816 💵 | Сделок: 99
[2025-09-01 04:37:29][TRADE] Закрыта позиция SIGN-USDT-SWAP SHORT PnL: 0.12675725 Причина: TP Баланс: 19.5894160891446 WinRate инструмента: 100%
🔄 Баланс: 19.5894160891446$ | PnL: 11.47841541 💵 | Сделок: 100
[2025-09-01 04:39:49][TRADE] Закрыта позиция BERA-USDT-SWAP SHORT PnL: 0.22827616 Причина: TP Баланс: 19.8087782709642 WinRate инструмента: 100%
🔄 Баланс: 19.8087782709642$ | PnL: 11.70669157 💵 | Сделок: 101
[2025-09-01 04:40:29][TRADE] Закрыта позиция NXPC-USDT-SWAP SHORT PnL: 0.13088483 Причина: TP Баланс: 19.9306668808922 WinRate инструмента: 100%
🔄 Баланс: 19.9306668808922$ | PnL: 11.8375764 💵 | Сделок: 102
[2025-09-01 05:04:08][TRADE] Закрыта позиция BIGTIME-USDT-SWAP SHORT PnL: -0.26941765 Причина: SL Баланс: 19.6522482499382 WinRate инструмента: 33.33%
🔄 Баланс: 19.6522482499382$ | PnL: 11.56815875 💵 | Сделок: 103
[2025-09-01 05:10:31][TRADE] Закрыта позиция ACE-USDT-SWAP SHORT PnL: 0.22012748 Причина: TP Баланс: 19.8633692718372 WinRate инструмента: 100%
🔄 Баланс: 19.8633692718372$ | PnL: 11.78828623 💵 | Сделок: 104
[2025-09-01 05:10:40][TRADE] Закрыта позиция BICO-USDT-SWAP SHORT PnL: 0.22027304 Причина: TP Баланс: 20.0746416757004 WinRate инструмента: 100%
🔄 Баланс: 20.0746416757004$ | PnL: 12.00855927 💵 | Сделок: 105
[2025-09-01 05:10:58][TRADE] Закрыта позиция FXS-USDT-SWAP SHORT PnL: 0.17762628 Причина: TP Баланс: 10.234399031207 WinRate инструмента: 100%
🔄 Баланс: 10.234399031207$ | PnL: 12.18618555 💵 | Сделок: 106
[2025-09-01 05:12:35][TRADE] Закрыта позиция FLM-USDT-SWAP SHORT PnL: 0.20985653 Причина: TP Баланс: 10.435254586459 WinRate инструмента: 100%
🔄 Баланс: 10.435254586459$ | PnL: 12.39604208 💵 | Сделок: 107
[2025-09-01 05:41:26][TRADE] Закрыта позиция ALCH-USDT-SWAP SHORT PnL: -0.13504174 Причина: SL Баланс: 10.2912086175498 WinRate инструмента: 0%
🔄 Баланс: 10.2912086175498$ | PnL: 12.26100034 💵 | Сделок: 108
[2025-09-01 05:42:17][TRADE] Закрыта позиция PARTI-USDT-SWAP LONG PnL: 0.39244056 Причина: TP Баланс: 10.6746893578618 WinRate инструмента: 50%
🔄 Баланс: 10.6746893578618$ | PnL: 12.6534409 💵 | Сделок: 109
[2025-09-01 05:55:02][TRADE] Закрыта позиция H-USDT-SWAP LONG PnL: -0.45113691 Причина: SL Баланс: 10.2145523433895 WinRate инструмента: 0%
🔄 Баланс: 10.2145523433895$ | PnL: 12.20230399 💵 | Сделок: 110
[2025-09-01 06:13:45][TRADE] Закрыта позиция USELESS-USDT-SWAP SHORT PnL: 0.41832094 Причина: TP Баланс: 10.6238803712015 WinRate инструмента: 100%
🔄 Баланс: 10.6238803712015$ | PnL: 12.62062493 💵 | Сделок: 111
[2025-09-01 06:14:23][TRADE] Закрыта позиция BNT-USDT-SWAP SHORT PnL: 0.14187428 Причина: TP Баланс: 10.756728876494 WinRate инструмента: 100%
🔄 Баланс: 10.756728876494$ | PnL: 12.76249921 💵 | Сделок: 112
[2025-09-01 06:14:34][TRADE] Закрыта позиция ENS-USDT-SWAP SHORT PnL: 0.30567245 Причина: TP Баланс: 11.0540017274238 WinRate инструмента: 100%
🔄 Баланс: 11.0540017274238$ | PnL: 13.06817166 💵 | Сделок: 113
[2025-09-01 06:15:55][TRADE] Закрыта позиция ALGO-USDT-SWAP SHORT PnL: 0.16411968 Причина: TP Баланс: 11.2100545581238 WinRate инструмента: 100%
🔄 Баланс: 11.2100545581238$ | PnL: 13.23229134 💵 | Сделок: 114
[2025-09-01 06:16:07][TRADE] Закрыта позиция CFX-USDT-SWAP SHORT PnL: 0.28181938 Причина: TP Баланс: 11.4828742034408 WinRate инструмента: 100%
🔄 Баланс: 11.4828742034408$ | PnL: 13.51411072 💵 | Сделок: 115
[2025-09-01 06:18:27][TRADE] Закрыта позиция RVN-USDT-SWAP SHORT PnL: 0.15049997 Причина: TP Баланс: 11.6236138724408 WinRate инструмента: 100%
🔄 Баланс: 11.6236138724408$ | PnL: 13.66461069 💵 | Сделок: 116
[2025-09-01 06:18:47][TRADE] Закрыта позиция ZRX-USDT-SWAP LONG PnL: 0.37584308 Причина: TP Баланс: 11.9904591695598 WinRate инструмента: 100%
🔄 Баланс: 11.9904591695598$ | PnL: 14.04045377 💵 | Сделок: 117
[2025-09-01 06:21:36][TRADE] Закрыта позиция PENGU-USDT-SWAP SHORT PnL: 0.27084306 Причина: TP Баланс: 12.2508385487598 WinRate инструмента: 100%
🔄 Баланс: 12.2508385487598$ | PnL: 14.31129683 💵 | Сделок: 118
[2025-09-01 06:21:59][TRADE] Закрыта позиция XLM-USDT-SWAP SHORT PnL: 0.1492963 Причина: TP Баланс: 12.3911334909902 WinRate инструмента: 100%
🔄 Баланс: 12.3911334909902$ | PnL: 14.46059313 💵 | Сделок: 119
[2025-09-01 06:22:39][TRADE] Закрыта позиция DEGEN-USDT-SWAP SHORT PnL: 0.19164932 Причина: TP Баланс: 12.5737676703832 WinRate инструмента: 100%
🔄 Баланс: 12.5737676703832$ | PnL: 14.65224245 💵 | Сделок: 120
[2025-09-01 06:24:39][TRADE] Закрыта позиция LTC-USDT-SWAP SHORT PnL: 0.10465887 Причина: TP Баланс: 12.6748137509726 WinRate инструмента: 100%
🔄 Баланс: 12.6748137509726$ | PnL: 14.75690132 💵 | Сделок: 121
[2025-09-01 06:24:56][TRADE] Закрыта позиция RENDER-USDT-SWAP SHORT PnL: 0.15619966 Причина: TP Баланс: 12.8220002317106 WinRate инструмента: 100%
🔄 Баланс: 12.8220002317106$ | PnL: 14.91310098 💵 | Сделок: 122
[2025-09-01 06:25:37][TRADE] Закрыта позиция ACT-USDT-SWAP SHORT PnL: 0.18805948 Причина: TP Баланс: 13.0010576441106 WinRate инструмента: 100%
🔄 Баланс: 13.0010576441106$ | PnL: 15.10116046 💵 | Сделок: 123
[2025-09-01 06:25:42][TRADE] Закрыта позиция APT-USDT-SWAP SHORT PnL: 0.12050423 Причина: TP Баланс: 13.1125704942706 WinRate инструмента: 100%
🔄 Баланс: 13.1125704942706$ | PnL: 15.22166469 💵 | Сделок: 124
[2025-09-01 06:26:15][TRADE] Закрыта позиция JUP-USDT-SWAP SHORT PnL: 0.21383719 Причина: TP Баланс: 13.3174255189852 WinRate инструмента: 100%
🔄 Баланс: 13.3174255189852$ | PnL: 15.43550188 💵 | Сделок: 125
[2025-09-01 06:26:29][TRADE] Закрыта позиция NOT-USDT-SWAP SHORT PnL: 0.15945811 Причина: TP Баланс: 13.4683070120852 WinRate инструмента: 100%
🔄 Баланс: 13.4683070120852$ | PnL: 15.59495999 💵 | Сделок: 126
[2025-09-01 06:26:43][TRADE] Закрыта позиция SHIB-USDT-SWAP SHORT PnL: 0.12745647 Причина: TP Баланс: 13.5867706180414 WinRate инструмента: 100%
🔄 Баланс: 13.5867706180414$ | PnL: 15.72241646 💵 | Сделок: 127
[2025-09-01 06:26:50][TRADE] Закрыта позиция TNSR-USDT-SWAP SHORT PnL: 0.26743529 Причина: TP Баланс: 13.8452062194672 WinRate инструмента: 100%
🔄 Баланс: 13.8452062194672$ | PnL: 15.98985175 💵 | Сделок: 128
[2025-09-01 06:26:58][TRADE] Закрыта позиция YGG-USDT-SWAP SHORT PnL: 0.2213094 Причина: TP Баланс: 14.0569292866672 WinRate инструмента: 100%
🔄 Баланс: 14.0569292866672$ | PnL: 16.21116115 💵 | Сделок: 129
[2025-09-01 06:27:00][TRADE] Закрыта позиция ZIL-USDT-SWAP SHORT PnL: 0.16826045 Причина: TP Баланс: 14.2161928837272 WinRate инструмента: 100%
🔄 Баланс: 14.2161928837272$ | PnL: 16.3794216 💵 | Сделок: 130
[2025-09-01 06:27:19][TRADE] Закрыта позиция A-USDT-SWAP SHORT PnL: 0.11997622 Причина: TP Баланс: 14.3271679148522 WinRate инструмента: 100%
🔄 Баланс: 14.3271679148522$ | PnL: 16.49939782 💵 | Сделок: 131
[2025-09-01 06:32:08][TRADE] Закрыта позиция PI-USDT-SWAP SHORT PnL: 0.3562174 Причина: TP Баланс: 14.6744026045542 WinRate инструмента: 100%
🔄 Баланс: 14.6744026045542$ | PnL: 16.85561522 💵 | Сделок: 132
[2025-09-01 06:33:32][TRADE] Закрыта позиция ZRO-USDT-SWAP SHORT PnL: 0.17080698 Причина: TP Баланс: 14.8362292000068 WinRate инструмента: 100%
🔄 Баланс: 14.8362292000068$ | PnL: 17.0264222 💵 | Сделок: 133
[2025-09-01 06:34:09][TRADE] Закрыта позиция CTC-USDT-SWAP SHORT PnL: 0.16416551 Причина: TP Баланс: 14.9914013758928 WinRate инструмента: 100%
🔄 Баланс: 14.9914013758928$ | PnL: 17.19058771 💵 | Сделок: 134
[2025-09-01 06:35:04][TRADE] Закрыта позиция WAL-USDT-SWAP SHORT PnL: 0.1191128 Причина: TP Баланс: 15.101531922946 WinRate инструмента: 100%
🔄 Баланс: 15.101531922946$ | PnL: 17.30970051 💵 | Сделок: 135
[2025-09-01 06:36:21][TRADE] Закрыта позиция OP-USDT-SWAP SHORT PnL: 0.18597314 Причина: TP Баланс: 15.278460332776 WinRate инструмента: 100%
🔄 Баланс: 15.278460332776$ | PnL: 17.49567365 💵 | Сделок: 136
[2025-09-01 06:48:23][TRADE] Закрыта позиция OM-USDT-SWAP SHORT PnL: 0.15705182 Причина: TP Баланс: 15.426198167566 WinRate инструмента: 100%
🔄 Баланс: 15.426198167566$ | PnL: 17.65272547 💵 | Сделок: 137
[2025-09-01 06:49:24][TRADE] Закрыта позиция CETUS-USDT-SWAP SHORT PnL: 0.23182965 Причина: TP Баланс: 15.649043747567 WinRate инструмента: 100%
🔄 Баланс: 15.649043747567$ | PnL: 17.88455512 💵 | Сделок: 138
[2025-09-01 06:49:31][TRADE] Закрыта позиция DOT-USDT-SWAP SHORT PnL: 0.17507314 Причина: TP Баланс: 15.815096091887 WinRate инструмента: 100%
🔄 Баланс: 15.815096091887$ | PnL: 18.05962826 💵 | Сделок: 139
[2025-09-01 06:49:32][TRADE] Закрыта позиция DYDX-USDT-SWAP SHORT PnL: 0.16284222 Причина: TP Баланс: 25.977944711887 WinRate инструмента: 100%
🔄 Баланс: 25.977944711887$ | PnL: 18.22247048 💵 | Сделок: 140
[2025-09-01 06:49:43][TRADE] Закрыта позиция ICX-USDT-SWAP SHORT PnL: 0.15861338 Причина: TP Баланс: 16.119159389709 WinRate инструмента: 100%
🔄 Баланс: 16.119159389709$ | PnL: 18.38108386 💵 | Сделок: 141
[2025-09-01 06:49:47][TRADE] Закрыта позиция JTO-USDT-SWAP SHORT PnL: 0.16700353 Причина: TP Баланс: 16.277061010799 WinRate инструмента: 100%
🔄 Баланс: 16.277061010799$ | PnL: 18.54808739 💵 | Сделок: 142
[2025-09-01 06:49:49][TRADE] Закрыта позиция KMNO-USDT-SWAP LONG PnL: -0.34522645 Причина: SL Баланс: 15.922834566619 WinRate инструмента: 0%
🔄 Баланс: 15.922834566619$ | PnL: 18.20286094 💵 | Сделок: 143
[2025-09-01 06:50:00][TRADE] Закрыта позиция NEWT-USDT-SWAP SHORT PnL: 0.23063136 Причина: TP Баланс: 16.144454119239 WinRate инструмента: 100%
🔄 Баланс: 16.144454119239$ | PnL: 18.4334923 💵 | Сделок: 144
[2025-09-01 06:50:08][TRADE] Закрыта позиция PEPE-USDT-SWAP SHORT PnL: 0.19539235 Причина: TP Баланс: 16.3308465083399 WinRate инструмента: 100%
🔄 Баланс: 16.3308465083399$ | PnL: 18.62888465 💵 | Сделок: 145
[2025-09-01 06:50:10][TRADE] Закрыта позиция POPCAT-USDT-SWAP SHORT PnL: 0.21693041 Причина: TP Баланс: 16.5387946489599 WinRate инструмента: 100%
🔄 Баланс: 16.5387946489599$ | PnL: 18.84581506 💵 | Сделок: 146
[2025-09-01 06:50:13][TRADE] Закрыта позиция RSR-USDT-SWAP SHORT PnL: 0.16991173 Причина: TP Баланс: 16.6997080063999 WinRate инструмента: 100%
🔄 Баланс: 16.6997080063999$ | PnL: 19.01572679 💵 | Сделок: 147
[2025-09-01 06:50:16][TRADE] Закрыта позиция SAND-USDT-SWAP SHORT PnL: 0.17309799 Причина: TP Баланс: 16.8638087563819 WinRate инструмента: 100%
🔄 Баланс: 16.8638087563819$ | PnL: 19.18882478 💵 | Сделок: 148
[2025-09-01 06:50:21][TRADE] Закрыта позиция SSV-USDT-SWAP SHORT PnL: 0.18803428 Причина: TP Баланс: 17.0432599335919 WinRate инструмента: 100%
🔄 Баланс: 17.0432599335919$ | PnL: 19.37685906 💵 | Сделок: 149
[2025-09-01 06:50:26][TRADE] Закрыта позиция UMA-USDT-SWAP SHORT PnL: 0.21215121 Причина: TP Баланс: 17.2464592600999 WinRate инструмента: 100%
🔄 Баланс: 17.2464592600999$ | PnL: 19.58901027 💵 | Сделок: 150
[2025-09-01 06:50:59][TRADE] Закрыта позиция AR-USDT-SWAP SHORT PnL: 0.18070487 Причина: TP Баланс: 17.4180931418199 WinRate инструмента: 100%
🔄 Баланс: 17.4180931418199$ | PnL: 19.76971514 💵 | Сделок: 151
[2025-09-01 06:51:05][TRADE] Закрыта позиция BOME-USDT-SWAP SHORT PnL: 0.23127948 Причина: TP Баланс: 17.6403529957079 WinRate инструмента: 100%
🔄 Баланс: 17.6403529957079$ | PnL: 20.00099462 💵 | Сделок: 152
[2025-09-01 06:51:13][TRADE] Закрыта позиция DOGS-USDT-SWAP SHORT PnL: 0.23254333 Причина: TP Баланс: 17.8638960037299 WinRate инструмента: 100%
🔄 Баланс: 17.8638960037299$ | PnL: 20.23353795 💵 | Сделок: 153
[2025-09-01 06:51:21][TRADE] Закрыта позиция GLM-USDT-SWAP SHORT PnL: 0.11024828 Причина: TP Баланс: 17.9651410988806 WinRate инструмента: 100%
🔄 Баланс: 17.9651410988806$ | PnL: 20.34378623 💵 | Сделок: 154
[2025-09-01 06:51:26][TRADE] Закрыта позиция INIT-USDT-SWAP SHORT PnL: 0.24424231 Причина: TP Баланс: 18.2003663424181 WinRate инструмента: 100%
🔄 Баланс: 18.2003663424181$ | PnL: 20.58802854 💵 | Сделок: 155
[2025-09-01 06:51:30][TRADE] Закрыта позиция KAITO-USDT-SWAP SHORT PnL: 0.1849217 Причина: TP Баланс: 18.3763142145571 WinRate инструмента: 100%
🔄 Баланс: 18.3763142145571$ | PnL: 20.77295024 💵 | Сделок: 156
[2025-09-01 06:55:16][TRADE] Закрыта позиция SOLV-USDT-SWAP SHORT PnL: -0.10726432 Причина: SL Баланс: 18.2600482089723 WinRate инструмента: 0%
🔄 Баланс: 18.2600482089723$ | PnL: 20.66568592 💵 | Сделок: 157
[2025-09-01 07:16:41][TRADE] Закрыта позиция ZENT-USDT-SWAP LONG PnL: -0.85477897 Причина: SL Баланс: 17.3962679939903 WinRate инструмента: 0%
🔄 Баланс: 17.3962679939903$ | PnL: 19.81090695 💵 | Сделок: 158
[2025-09-01 07:45:41][TRADE] Закрыта позиция QTUM-USDT-SWAP LONG PnL: -0.46238279 Причина: SL Баланс: 16.9247847200047 WinRate инструмента: 0%
🔄 Баланс: 16.9247847200047$ | PnL: 19.34852416 💵 | Сделок: 159
[2025-09-01 07:50:18][TRADE] Закрыта позиция MEME-USDT-SWAP SHORT PnL: 0.24749653 Причина: TP Баланс: 17.1634036631197 WinRate инструмента: 100%
🔄 Баланс: 17.1634036631197$ | PnL: 19.59602069 💵 | Сделок: 160
[2025-09-01 08:17:45][TRADE] Закрыта позиция FLOW-USDT-SWAP LONG PnL: -0.58835527 Причина: SL Баланс: 16.5660332167409 WinRate инструмента: 0%
🔄 Баланс: 16.5660332167409$ | PnL: 19.00766542 💵 | Сделок: 161
[2025-09-01 08:20:37][TRADE] Закрыта позиция API3-USDT-SWAP SHORT PnL: 0.25026978 Причина: TP Баланс: 16.8073886240209 WinRate инструмента: 100%
🔄 Баланс: 16.8073886240209$ | PnL: 19.2579352 💵 | Сделок: 162
[2025-09-01 08:22:54][TRADE] Закрыта позиция MANA-USDT-SWAP SHORT PnL: 0.18471401 Причина: TP Баланс: 16.9830136447209 WinRate инструмента: 100%
🔄 Баланс: 16.9830136447209$ | PnL: 19.44264921 💵 | Сделок: 163
[2025-09-01 08:31:25][TRADE] Закрыта позиция SONIC-USDT-SWAP SHORT PnL: 0.17548271 Причина: TP Баланс: 17.1494972129609 WinRate инструмента: 100%
🔄 Баланс: 17.1494972129609$ | PnL: 19.61813192 💵 | Сделок: 164
[2025-09-01 08:34:51][TRADE] Закрыта позиция WAXP-USDT-SWAP SHORT PnL: 0.16012527 Причина: TP Баланс: 17.3006683370909 WinRate инструмента: 100%
🔄 Баланс: 17.3006683370909$ | PnL: 19.77825719 💵 | Сделок: 165
[2025-09-01 08:35:30][TRADE] Закрыта позиция CHZ-USDT-SWAP SHORT PnL: 0.17693418 Причина: TP Баланс: 17.4685674246989 WinRate инструмента: 100%
🔄 Баланс: 17.4685674246989$ | PnL: 19.95519137 💵 | Сделок: 166
[2025-09-01 08:35:35][TRADE] Закрыта позиция DOG-USDT-SWAP SHORT PnL: 0.19989834 Причина: TP Баланс: 17.6594620079734 WinRate инструмента: 100%
🔄 Баланс: 17.6594620079734$ | PnL: 20.15508971 💵 | Сделок: 167
[2025-09-01 08:35:59][TRADE] Закрыта позиция METIS-USDT-SWAP SHORT PnL: 0.22460442 Причина: TP Баланс: 17.8749795611734 WinRate инструмента: 100%
🔄 Баланс: 17.8749795611734$ | PnL: 20.37969413 💵 | Сделок: 168
[2025-09-01 08:36:53][TRADE] Закрыта позиция AAVE-USDT-SWAP SHORT PnL: 0.16333521 Причина: TP Баланс: 18.0240472143784 WinRate инструмента: 100%
🔄 Баланс: 18.0240472143784$ | PnL: 20.54302934 💵 | Сделок: 169
[2025-09-01 08:36:59][TRADE] Закрыта позиция APE-USDT-SWAP SHORT PnL: 0.14626544 Причина: TP Баланс: 18.1613149108248 WinRate инструмента: 100%
🔄 Баланс: 18.1613149108248$ | PnL: 20.68929478 💵 | Сделок: 170
[2025-09-01 08:42:59][TRADE] Закрыта позиция TRUMP-USDT-SWAP LONG PnL: 0.28161936 Причина: TP Баланс: 18.4337746766228 WinRate инструмента: 100%
🔄 Баланс: 18.4337746766228$ | PnL: 20.97091414 💵 | Сделок: 171
[2025-09-01 08:46:55][TRADE] Закрыта позиция AVAX-USDT-SWAP SHORT PnL: 0.1608381 Причина: TP Баланс: 18.58569166996 WinRate инструмента: 100%
🔄 Баланс: 18.58569166996$ | PnL: 21.13175224 💵 | Сделок: 172
[2025-09-01 08:47:58][TRADE] Закрыта позиция USTC-USDT-SWAP SHORT PnL: 0.13516794 Причина: TP Баланс: 18.7118603819464 WinRate инструмента: 100%
🔄 Баланс: 18.7118603819464$ | PnL: 21.26692018 💵 | Сделок: 173
[2025-09-01 08:48:49][TRADE] Закрыта позиция FLOKI-USDT-SWAP SHORT PnL: 0.23728445 Причина: TP Баланс: 18.9401355905514 WinRate инструмента: 100%
🔄 Баланс: 18.9401355905514$ | PnL: 21.50420463 💵 | Сделок: 174
[2025-09-01 08:50:15][TRADE] Закрыта позиция BLUR-USDT-SWAP SHORT PnL: 0.17735491 Причина: TP Баланс: 19.1084767537924 WinRate инструмента: 100%
🔄 Баланс: 19.1084767537924$ | PnL: 21.68155954 💵 | Сделок: 175
[2025-09-01 08:56:32][TRADE] Закрыта позиция SPK-USDT-SWAP SHORT PnL: 0.22412589 Причина: TP Баланс: 19.2912119057924 WinRate инструмента: 100%
🔄 Баланс: 19.2912119057924$ | PnL: 21.90568543 💵 | Сделок: 176
[2025-09-01 09:09:49][TRADE] Закрыта позиция BRETT-USDT-SWAP SHORT PnL: 0.31061868 Причина: TP Баланс: 19.592822439289 WinRate инструмента: 100%
🔄 Баланс: 19.592822439289$ | PnL: 22.21630411 💵 | Сделок: 177
[2025-09-01 09:09:52][TRADE] Закрыта позиция CFX-USDT-SWAP SHORT PnL: 0.31821092 Причина: TP Баланс: 19.902032542871 WinRate инструмента: 100%
🔄 Баланс: 19.902032542871$ | PnL: 22.53451503 💵 | Сделок: 178
[2025-09-01 09:10:24][TRADE] Закрыта позиция NEAR-USDT-SWAP SHORT PnL: 0.18397565 Причина: TP Баланс: 20.0769357551286 WinRate инструмента: 100%
🔄 Баланс: 20.0769357551286$ | PnL: 22.71849068 💵 | Сделок: 179
[2025-09-01 09:12:02][TRADE] Закрыта позиция LAYER-USDT-SWAP SHORT PnL: 0.20171164 Причина: TP Баланс: 10.2603830339626 WinRate инструмента: 100%
🔄 Баланс: 10.2603830339626$ | PnL: 22.92020232 💵 | Сделок: 180
[2025-09-01 09:12:30][TRADE] Закрыта позиция S-USDT-SWAP SHORT PnL: 0.18465967 Причина: TP Баланс: 10.4360345393816 WinRate инструмента: 100%
🔄 Баланс: 10.4360345393816$ | PnL: 23.10486199 💵 | Сделок: 181
[2025-09-01 09:13:47][TRADE] Закрыта позиция GMX-USDT-SWAP SHORT PnL: -0.17622564 Причина: SL Баланс: 10.2502005799936 WinRate инструмента: 0%
🔄 Баланс: 10.2502005799936$ | PnL: 22.92863635 💵 | Сделок: 182
[2025-09-01 09:20:20][TRADE] Закрыта позиция SLP-USDT-SWAP SHORT PnL: 0.22315482 Причина: TP Баланс: 10.4643592256532 WinRate инструмента: 100%
🔄 Баланс: 10.4643592256532$ | PnL: 23.15179117 💵 | Сделок: 183
[2025-09-01 09:20:32][TRADE] Закрыта позиция VINE-USDT-SWAP SHORT PnL: 0.2332278 Причина: TP Баланс: 10.6885943144852 WinRate инструмента: 100%
🔄 Баланс: 10.6885943144852$ | PnL: 23.38501897 💵 | Сделок: 184
[2025-09-01 09:21:02][TRADE] Закрыта позиция AEVO-USDT-SWAP SHORT PnL: 0.21134547 Причина: TP Баланс: 10.8909450975132 WinRate инструмента: 100%
🔄 Баланс: 10.8909450975132$ | PnL: 23.59636444 💵 | Сделок: 185
[2025-09-01 09:33:04][TRADE] Закрыта позиция LAUNCHCOIN-USDT-SWAP SHORT PnL: 0.86845626 Причина: TP Баланс: 11.7504034105752 WinRate инструмента: 50%
🔄 Баланс: 11.7504034105752$ | PnL: 24.4648207 💵 | Сделок: 186
[2025-09-01 09:45:45][TRADE] Закрыта позиция SYRUP-USDT-SWAP SHORT PnL: -0.21446404 Причина: SL Баланс: 11.5269217783992 WinRate инструмента: 0%
🔄 Баланс: 11.5269217783992$ | PnL: 24.25035666 💵 | Сделок: 187
[2025-09-01 10:04:31][TRADE] Закрыта позиция BONK-USDT-SWAP SHORT PnL: 0.33405975 Причина: TP Баланс: 11.8519821510309 WinRate инструмента: 100%
🔄 Баланс: 11.8519821510309$ | PnL: 24.58441641 💵 | Сделок: 188
[2025-09-01 10:04:50][TRADE] Закрыта позиция GPS-USDT-SWAP SHORT PnL: 0.36807202 Причина: TP Баланс: 12.2110560146599 WinRate инструмента: 50%
🔄 Баланс: 12.2110560146599$ | PnL: 24.95248843 💵 | Сделок: 189
[2025-09-01 10:05:03][TRADE] Закрыта позиция LRC-USDT-SWAP LONG PnL: -1.35328122 Причина: SL Баланс: 10.8487445441059 WinRate инструмента: 0%
🔄 Баланс: 10.8487445441059$ | PnL: 23.59920721 💵 | Сделок: 190
[2025-09-01 10:09:54][TRADE] Закрыта позиция LA-USDT-SWAP SHORT PnL: 0.29018216 Причина: TP Баланс: 11.1316644593059 WinRate инструмента: 100%
🔄 Баланс: 11.1316644593059$ | PnL: 23.88938937 💵 | Сделок: 191
[2025-09-01 10:10:20][TRADE] Закрыта позиция SIGN-USDT-SWAP SHORT PnL: 0.23002436 Причина: TP Баланс: 11.3526867028291 WinRate инструмента: 100%
🔄 Баланс: 11.3526867028291$ | PnL: 24.11941373 💵 | Сделок: 192
[2025-09-01 11:22:57][TRADE] Закрыта позиция ADA-USDT-SWAP SHORT PnL: -0.26512784 Причина: SL Баланс: 11.0785363872612 WinRate инструмента: 0%
🔄 Баланс: 11.0785363872612$ | PnL: 23.85428589 💵 | Сделок: 193
[2025-09-01 11:31:37][TRADE] Закрыта позиция SSV-USDT-SWAP SHORT PnL: -0.25473187 Причина: SL Баланс: 10.8148138667612 WinRate инструмента: 50%
🔄 Баланс: 10.8148138667612$ | PnL: 23.59955402 💵 | Сделок: 194
[2025-09-01 11:32:24][TRADE] Закрыта позиция BNB-USDT-SWAP SHORT PnL: -0.14505039 Причина: SL Баланс: 10.6931224057982 WinRate инструмента: 0%
🔄 Баланс: 10.6931224057982$ | PnL: 23.45450363 💵 | Сделок: 195
[2025-09-01 11:32:29][TRADE] Закрыта позиция CETUS-USDT-SWAP SHORT PnL: -0.28392688 Причина: SL Баланс: 10.4001915554068 WinRate инструмента: 50%
🔄 Баланс: 10.4001915554068$ | PnL: 23.17057675 💵 | Сделок: 196
[2025-09-01 11:34:28][TRADE] Закрыта позиция DOT-USDT-SWAP SHORT PnL: -0.22395555 Причина: SL Баланс: 10.1670954120668 WinRate инструмента: 50%
🔄 Баланс: 10.1670954120668$ | PnL: 22.9466212 💵 | Сделок: 197
[2025-09-01 11:35:05][TRADE] Закрыта позиция NOT-USDT-SWAP SHORT PnL: -0.23500404 Причина: SL Баланс: 9.92308144377481 WinRate инструмента: 66.67%
🔄 Баланс: 9.92308144377481$ | PnL: 22.71161716 💵 | Сделок: 198
[2025-09-01 11:35:30][TRADE] Закрыта позиция UNI-USDT-SWAP SHORT PnL: -0.28792937 Причина: SL Баланс: 19.6353612737748 WinRate инструмента: 0%
🔄 Баланс: 19.6353612737748$ | PnL: 22.42368779 💵 | Сделок: 199
[2025-09-01 11:36:15][TRADE] Закрыта позиция CHZ-USDT-SWAP SHORT PnL: -0.22164165 Причина: SL Баланс: 19.4047211093698 WinRate инструмента: 50%
🔄 Баланс: 19.4047211093698$ | PnL: 22.20204614 💵 | Сделок: 200
[2025-09-01 11:45:27][TRADE] Закрыта позиция BIO-USDT-SWAP SHORT PnL: 0.56937338 Причина: TP Баланс: 19.9650872547618 WinRate инструмента: 100%
🔄 Баланс: 19.9650872547618$ | PnL: 22.77141952 💵 | Сделок: 201
[2025-09-01 11:45:43][TRADE] Закрыта позиция EGLD-USDT-SWAP SHORT PnL: -0.26205853 Причина: SL Баланс: 19.6934287251866 WinRate инструмента: 0%
🔄 Баланс: 19.6934287251866$ | PnL: 22.50936099 💵 | Сделок: 202
[2025-09-01 11:46:02][TRADE] Закрыта позиция IMX-USDT-SWAP SHORT PnL: -0.29582433 Причина: SL Баланс: 19.3886163520361 WinRate инструмента: 50%
🔄 Баланс: 19.3886163520361$ | PnL: 22.21353666 💵 | Сделок: 203
[2025-09-01 11:46:34][TRADE] Закрыта позиция SAHARA-USDT-SWAP SHORT PnL: -0.19762992 Причина: SL Баланс: 19.1819843963411 WinRate инструмента: 0%
🔄 Баланс: 19.1819843963411$ | PnL: 22.01590674 💵 | Сделок: 204
[2025-09-01 11:46:52][TRADE] Закрыта позиция WIF-USDT-SWAP SHORT PnL: -0.29178681 Причина: SL Баланс: 18.8812355090771 WinRate инструмента: 0%
🔄 Баланс: 18.8812355090771$ | PnL: 21.72411993 💵 | Сделок: 205
[2025-09-01 11:47:17][TRADE] Закрыта позиция MAGIC-USDT-SWAP SHORT PnL: -0.27689078 Причина: SL Баланс: 18.4890463660771 WinRate инструмента: 50%
🔄 Баланс: 18.4890463660771$ | PnL: 21.44722915 💵 | Сделок: 206
[2025-09-01 11:47:30][TRADE] Закрыта позиция APT-USDT-SWAP SHORT PnL: -0.21237398 Причина: SL Баланс: 18.2677459629991 WinRate инструмента: 50%
🔄 Баланс: 18.2677459629991$ | PnL: 21.23485517 💵 | Сделок: 207
[2025-09-01 11:47:47][TRADE] Закрыта позиция BRETT-USDT-SWAP SHORT PnL: -0.335791 Причина: SL Баланс: 17.922953314144 WinRate инструмента: 50%
🔄 Баланс: 17.922953314144$ | PnL: 20.89906417 💵 | Сделок: 208
[2025-09-01 11:48:22][TRADE] Закрыта позиция LQTY-USDT-SWAP SHORT PnL: -0.26199701 Причина: SL Баланс: 17.651957506664 WinRate инструмента: 50%
🔄 Баланс: 17.651957506664$ | PnL: 20.63706716 💵 | Сделок: 209
[2025-09-01 11:48:23][TRADE] Закрыта позиция LTC-USDT-SWAP SHORT PnL: -0.18311911 Причина: SL Баланс: 27.467110396664 WinRate инструмента: 50%
🔄 Баланс: 27.467110396664$ | PnL: 20.45394805 💵 | Сделок: 210
[2025-09-01 11:48:27][TRADE] Закрыта позиция MASK-USDT-SWAP SHORT PnL: -0.21372661 Причина: SL Баланс: 37.253390186664 WinRate инструмента: 50%
🔄 Баланс: 37.253390186664$ | PnL: 20.24022144 💵 | Сделок: 211
[2025-09-01 11:48:32][TRADE] Закрыта позиция MINA-USDT-SWAP SHORT PnL: -0.25484176 Причина: SL Баланс: 36.9895560290111 WinRate инструмента: 0%
🔄 Баланс: 36.9895560290111$ | PnL: 19.98537968 💵 | Сделок: 212
[2025-09-01 11:48:49][TRADE] Закрыта позиция ORDI-USDT-SWAP SHORT PnL: -0.29757028 Причина: SL Баланс: 26.6743735827941 WinRate инструмента: 0%
🔄 Баланс: 26.6743735827941$ | PnL: 19.6878094 💵 | Сделок: 213
[2025-09-01 11:49:06][TRADE] Закрыта позиция SLP-USDT-SWAP SHORT PnL: -0.26380722 Причина: SL Баланс: 16.3925729642621 WinRate инструмента: 50%
🔄 Баланс: 16.3925729642621$ | PnL: 19.42400218 💵 | Сделок: 214
[2025-09-01 11:49:07][TRADE] Закрыта позиция SNX-USDT-SWAP SHORT PnL: -0.27713104 Причина: SL Баланс: 26.1154354442621 WinRate инструмента: 50%
🔄 Баланс: 26.1154354442621$ | PnL: 19.14687114 💵 | Сделок: 215
[2025-09-01 11:49:23][TRADE] Закрыта позиция TRB-USDT-SWAP SHORT PnL: -0.29312651 Причина: SL Баланс: 35.8229009342621 WinRate инструмента: 0%
🔄 Баланс: 35.8229009342621$ | PnL: 18.85374463 💵 | Сделок: 216
[2025-09-01 11:49:29][TRADE] Закрыта позиция VIRTUAL-USDT-SWAP SHORT PnL: -0.31526375 Причина: SL Баланс: 15.4807102179541 WinRate инструмента: 50%
🔄 Баланс: 15.4807102179541$ | PnL: 18.53848088 💵 | Сделок: 217
[2025-09-01 11:49:53][TRADE] Закрыта позиция DOGE-USDT-SWAP SHORT PnL: -0.20671733 Причина: SL Баланс: 15.2649931985706 WinRate инструмента: 0%
🔄 Баланс: 15.2649931985706$ | PnL: 18.33176355 💵 | Сделок: 218
[2025-09-01 11:49:59][TRADE] Закрыта позиция AGLD-USDT-SWAP SHORT PnL: -0.25663681 Причина: SL Баланс: 14.9993545679946 WinRate инструмента: 50%
🔄 Баланс: 14.9993545679946$ | PnL: 18.07512674 💵 | Сделок: 219
[2025-09-01 11:50:27][TRADE] Закрыта позиция COMP-USDT-SWAP SHORT PnL: -0.22179337 Причина: SL Баланс: 14.7693195905492 WinRate инструмента: 0%
🔄 Баланс: 14.7693195905492$ | PnL: 17.85333337 💵 | Сделок: 220
[2025-09-01 11:50:40][TRADE] Закрыта позиция EIGEN-USDT-SWAP SHORT PnL: -0.34679229 Причина: SL Баланс: 24.4225297205492 WinRate инструмента: 0%
🔄 Баланс: 24.4225297205492$ | PnL: 17.50654108 💵 | Сделок: 221
[2025-09-01 11:50:54][TRADE] Закрыта позиция GOAT-USDT-SWAP SHORT PnL: -0.33750788 Причина: SL Баланс: 34.0850179965492 WinRate инструмента: 0%
🔄 Баланс: 34.0850179965492$ | PnL: 17.1690332 💵 | Сделок: 222
[2025-09-01 11:51:08][TRADE] Закрыта позиция INJ-USDT-SWAP SHORT PnL: -0.23667426 Причина: SL Баланс: 23.8307226633035 WinRate инструмента: 0%
🔄 Баланс: 23.8307226633035$ | PnL: 16.93235894 💵 | Сделок: 223
[2025-09-01 11:51:20][TRADE] Закрыта позиция LDO-USDT-SWAP SHORT PnL: -0.28349812 Причина: SL Баланс: 13.5292288125655 WinRate инструмента: 50%
🔄 Баланс: 13.5292288125655$ | PnL: 16.64886082 💵 | Сделок: 224
[2025-09-01 11:51:39][TRADE] Закрыта позиция NEIRO-USDT-SWAP SHORT PnL: -0.29083316 Причина: SL Баланс: 23.2383956370255 WinRate инструмента: 50%
🔄 Баланс: 23.2383956370255$ | PnL: 16.35802766 💵 | Сделок: 225
[2025-09-01 11:51:40][TRADE] Закрыта позиция NEO-USDT-SWAP SHORT PnL: -0.27208642 Причина: SL Баланс: 32.9665500170255 WinRate инструмента: 50%
🔄 Баланс: 32.9665500170255$ | PnL: 16.08594124 💵 | Сделок: 226
[2025-09-01 11:51:45][TRADE] Закрыта позиция ONDO-USDT-SWAP SHORT PnL: -0.28307675 Причина: SL Баланс: 42.6834543770255 WinRate инструмента: 50%
🔄 Баланс: 42.6834543770255$ | PnL: 15.80286449 💵 | Сделок: 227
[2025-09-01 11:51:53][TRADE] Закрыта позиция PERP-USDT-SWAP SHORT PnL: -0.32358384 Причина: SL Баланс: 52.3598587370255 WinRate инструмента: 0%
🔄 Баланс: 52.3598587370255$ | PnL: 15.47928065 💵 | Сделок: 228
[2025-09-01 11:52:05][TRADE] Закрыта позиция RVN-USDT-SWAP SHORT PnL: -0.23202225 Причина: SL Баланс: 52.1189293905455 WinRate инструмента: 50%
🔄 Баланс: 52.1189293905455$ | PnL: 15.2472584 💵 | Сделок: 229
[2025-09-01 11:52:07][TRADE] Закрыта позиция SAND-USDT-SWAP SHORT PnL: -0.25557423 Причина: SL Баланс: 61.8633544805455 WinRate инструмента: 50%
🔄 Баланс: 61.8633544805455$ | PnL: 14.99168417 💵 | Сделок: 230
[2025-09-01 11:52:23][TRADE] Закрыта позиция T-USDT-SWAP SHORT PnL: -0.18608278 Причина: SL Баланс: 71.6772710775455 WinRate инструмента: 0%
🔄 Баланс: 71.6772710775455$ | PnL: 14.80560139 💵 | Сделок: 231
[2025-09-01 11:52:34][TRADE] Закрыта позиция UXLINK-USDT-SWAP SHORT PnL: -0.27240069 Причина: SL Баланс: 81.4048796175455 WinRate инструмента: 0%
🔄 Баланс: 81.4048796175455$ | PnL: 14.5332007 💵 | Сделок: 232
[2025-09-01 11:53:32][TRADE] Закрыта позиция ACT-USDT-SWAP SHORT PnL: -0.27196371 Причина: SL Баланс: 61.1058744006689 WinRate инструмента: 66.67%
🔄 Баланс: 61.1058744006689$ | PnL: 14.26123699 💵 | Сделок: 233
[2025-09-01 11:53:44][TRADE] Закрыта позиция ARB-USDT-SWAP SHORT PnL: -0.3201943 Причина: SL Баланс: 70.7856719706689 WinRate инструмента: 0%
🔄 Баланс: 70.7856719706689$ | PnL: 13.94104269 💵 | Сделок: 234
[2025-09-01 11:53:46][TRADE] Закрыта позиция ARKM-USDT-SWAP SHORT PnL: -0.34156187 Причина: SL Баланс: 80.4441297806689 WinRate инструмента: 0%
🔄 Баланс: 80.4441297806689$ | PnL: 13.59948082 💵 | Сделок: 235
[2025-09-01 11:54:06][TRADE] Закрыта позиция CELO-USDT-SWAP SHORT PnL: -0.30606766 Причина: SL Баланс: 90.1380624406689 WinRate инструмента: 50%
🔄 Баланс: 90.1380624406689$ | PnL: 13.29341316 💵 | Сделок: 236
[2025-09-01 11:54:09][TRADE] Закрыта позиция COOKIE-USDT-SWAP SHORT PnL: -0.32472408 Причина: SL Баланс: 99.813342055669 WinRate инструмента: 0%
🔄 Баланс: 99.813342055669$ | PnL: 12.96868908 💵 | Сделок: 237
[2025-09-01 11:54:18][TRADE] Закрыта позиция DOOD-USDT-SWAP SHORT PnL: -0.24745173 Причина: SL Баланс: 109.565890380469 WinRate инструмента: 0%
🔄 Баланс: 109.565890380469$ | PnL: 12.72123735 💵 | Сделок: 238
[2025-09-01 11:54:35][TRADE] Закрыта позиция GMT-USDT-SWAP SHORT PnL: -0.27275012 Причина: SL Баланс: 119.293141885469 WinRate инструмента: 50%
🔄 Баланс: 119.293141885469$ | PnL: 12.44848723 💵 | Сделок: 239
[2025-09-01 11:54:55][TRADE] Закрыта позиция JUP-USDT-SWAP SHORT PnL: -0.34661551 Причина: SL Баланс: 128.946526575469 WinRate инструмента: 50%
🔄 Баланс: 128.946526575469$ | PnL: 12.10187172 💵 | Сделок: 240
[2025-09-01 11:55:01][TRADE] Закрыта позиция LINK-USDT-SWAP SHORT PnL: -0.20542392 Причина: SL Баланс: 138.742245055469 WinRate инструмента: 0%
🔄 Баланс: 138.742245055469$ | PnL: 11.8964478 💵 | Сделок: 241
[2025-09-01 11:55:33][TRADE] Закрыта позиция PEOPLE-USDT-SWAP SHORT PnL: -0.28377009 Причина: SL Баланс: 148.458474709469 WinRate инструмента: 50%
🔄 Баланс: 148.458474709469$ | PnL: 11.61267771 💵 | Сделок: 242
[2025-09-01 11:55:58][TRADE] Закрыта позиция SOPH-USDT-SWAP SHORT PnL: -0.30562914 Причина: SL Баланс: 148.143842812108 WinRate инструмента: 50%
🔄 Баланс: 148.143842812108$ | PnL: 11.30704857 💵 | Сделок: 243
[2025-09-01 11:56:12][TRADE] Закрыта позиция TRX-USDT-SWAP SHORT PnL: -0.09894334 Причина: SL Баланс: 158.044915764108 WinRate инструмента: 0%
🔄 Баланс: 158.044915764108$ | PnL: 11.20810523 💵 | Сделок: 244
[2025-09-01 11:56:27][TRADE] Закрыта позиция XTZ-USDT-SWAP SHORT PnL: -0.21214288 Причина: SL Баланс: 167.832788114108 WinRate инструмента: 0%
🔄 Баланс: 167.832788114108$ | PnL: 10.99596235 💵 | Сделок: 245
[2025-09-01 11:56:36][TRADE] Закрыта позиция ETH-USDC-SWAP SHORT PnL: -0.15721412 Причина: SL Баланс: 177.770940994108 WinRate инструмента: 0%
🔄 Баланс: 177.770940994108$ | PnL: 10.83874823 💵 | Сделок: 246
[2025-09-01 11:56:50][TRADE] Закрыта позиция XRP-USD-SWAP SHORT PnL: -0.18041988 Причина: SL Баланс: 187.590608134108 WinRate инструмента: 0%
🔄 Баланс: 187.590608134108$ | PnL: 10.65832835 💵 | Сделок: 247
[2025-09-01 11:57:12][TRADE] Закрыта позиция ACH-USDT-SWAP SHORT PnL: -0.1976573 Причина: SL Баланс: 177.372238547108 WinRate инструмента: 50%
🔄 Баланс: 177.372238547108$ | PnL: 10.46067105 💵 | Сделок: 248
[2025-09-01 11:57:53][TRADE] Закрыта позиция CVC-USDT-SWAP SHORT PnL: -0.19721304 Причина: SL Баланс: 187.175026559108 WinRate инструмента: 50%
🔄 Баланс: 187.175026559108$ | PnL: 10.26345801 💵 | Сделок: 249
[2025-09-01 11:58:04][TRADE] Закрыта позиция ETC-USDT-SWAP SHORT PnL: -0.21215773 Причина: SL Баланс: 196.961945829108 WinRate инструмента: 0%
🔄 Баланс: 196.961945829108$ | PnL: 10.05130028 💵 | Сделок: 250
[2025-09-01 11:58:21][TRADE] Закрыта позиция HBAR-USDT-SWAP SHORT PnL: -0.28037735 Причина: SL Баланс: 196.672604839608 WinRate инструмента: 0%
🔄 Баланс: 196.672604839608$ | PnL: 9.77092293 💵 | Сделок: 251
[2025-09-01 11:58:39][TRADE] Закрыта позиция LAYER-USDT-SWAP SHORT PnL: -0.20759628 Причина: SL Баланс: 206.465033199608 WinRate инструмента: 66.67%
🔄 Баланс: 206.465033199608$ | PnL: 9.56332665 💵 | Сделок: 252
[2025-09-01 12:00:16][TRADE] Закрыта позиция ZIL-USDT-SWAP SHORT PnL: -0.23777455 Причина: SL Баланс: 216.227258633608 WinRate инструмента: 50%
🔄 Баланс: 216.227258633608$ | PnL: 9.3255521 💵 | Сделок: 253
[2025-09-01 12:00:56][TRADE] Закрыта позиция ACE-USDT-SWAP SHORT PnL: -0.26691528 Причина: SL Баланс: 225.960332573608 WinRate инструмента: 50%
🔄 Баланс: 225.960332573608$ | PnL: 9.05863682 💵 | Сделок: 254
[2025-09-01 12:01:07][TRADE] Закрыта позиция API3-USDT-SWAP SHORT PnL: -0.26197689 Причина: SL Баланс: 235.698371463608 WinRate инструмента: 66.67%
🔄 Баланс: 235.698371463608$ | PnL: 8.79665993 💵 | Сделок: 255
[2025-09-01 12:01:56][TRADE] Закрыта позиция FXS-USDT-SWAP SHORT PnL: -0.19823549 Причина: SL Баланс: 245.500016773608 WinRate инструмента: 50%
🔄 Баланс: 245.500016773608$ | PnL: 8.59842444 💵 | Сделок: 256
[2025-09-01 12:01:57][TRADE] Закрыта позиция GALA-USDT-SWAP SHORT PnL: -0.31085632 Причина: SL Баланс: 255.189160173608 WinRate инструмента: 0%
🔄 Баланс: 255.189160173608$ | PnL: 8.28756812 💵 | Сделок: 257
[2025-09-01 12:02:32][TRADE] Закрыта позиция LUNA-USDT-SWAP SHORT PnL: -0.22870165 Причина: SL Баланс: 264.960457703608 WinRate инструмента: 0%
🔄 Баланс: 264.960457703608$ | PnL: 8.05886647000001 💵 | Сделок: 258
[2025-09-01 12:02:39][TRADE] Закрыта позиция MEW-USDT-SWAP SHORT PnL: -0.29489885 Причина: SL Баланс: 274.665558830008 WinRate инструмента: 0%
🔄 Баланс: 274.665558830008$ | PnL: 7.76396762000001 💵 | Сделок: 259
[2025-09-01 12:02:50][TRADE] Закрыта позиция NXPC-USDT-SWAP SHORT PnL: -0.25871804 Причина: SL Баланс: 284.406833660008 WinRate инструмента: 50%
🔄 Баланс: 284.406833660008$ | PnL: 7.50524958000001 💵 | Сделок: 260
[2025-09-01 12:03:08][TRADE] Закрыта позиция RAY-USDT-SWAP SHORT PnL: -0.39891938 Причина: SL Баланс: 294.007791930008 WinRate инструмента: 0%
🔄 Баланс: 294.007791930008$ | PnL: 7.10633020000001 💵 | Сделок: 261
[2025-09-01 12:03:10][TRADE] Закрыта позиция RESOLV-USDT-SWAP SHORT PnL: -0.29192237 Причина: SL Баланс: 303.715873560008 WinRate инструмента: 0%
🔄 Баланс: 303.715873560008$ | PnL: 6.81440783000001 💵 | Сделок: 262
[2025-09-01 12:03:25][TRADE] Закрыта позиция STORJ-USDT-SWAP SHORT PnL: -0.19687267 Причина: SL Баланс: 303.509995659799 WinRate инструмента: 0%
🔄 Баланс: 303.509995659799$ | PnL: 6.61753516000001 💵 | Сделок: 263
[2025-09-01 12:03:26][TRADE] Закрыта позиция STRK-USDT-SWAP SHORT PnL: -0.30183614 Причина: SL Баланс: 313.208163399799 WinRate инструмента: 0%
🔄 Баланс: 313.208163399799$ | PnL: 6.31569902000001 💵 | Сделок: 264
[2025-09-01 12:03:26][TRADE] Закрыта позиция STX-USDT-SWAP SHORT PnL: -0.20390474 Причина: SL Баланс: 323.004259729799 WinRate инструмента: 0%
🔄 Баланс: 323.004259729799$ | PnL: 6.11179428000001 💵 | Сделок: 265
[2025-09-01 12:03:47][TRADE] Закрыта позиция WCT-USDT-SWAP SHORT PnL: -0.24453853 Причина: SL Баланс: 332.759732499799 WinRate инструмента: 0%
🔄 Баланс: 332.759732499799$ | PnL: 5.86725575000001 💵 | Сделок: 266
[2025-09-01 12:04:46][TRADE] Закрыта позиция ANIME-USDT-SWAP SHORT PnL: -0.19327528 Причина: SL Баланс: 332.557953347199 WinRate инструмента: 50%
🔄 Баланс: 332.557953347199$ | PnL: 5.67398047000001 💵 | Сделок: 267
[2025-09-01 12:05:06][TRADE] Закрыта позиция BOME-USDT-SWAP SHORT PnL: -0.28702185 Причина: SL Баланс: 342.270931487599 WinRate инструмента: 50%
🔄 Баланс: 342.270931487599$ | PnL: 5.38695862000001 💵 | Сделок: 268
[2025-09-01 12:08:08][TRADE] Закрыта позиция FIL-USD-SWAP LONG PnL: 0.331882 Причина: TP Баланс: 352.602803487599 WinRate инструмента: 100%
🔄 Баланс: 352.602803487599$ | PnL: 5.71884062000001 💵 | Сделок: 269
[2025-09-01 12:08:37][TRADE] Закрыта позиция ARC-USDT-SWAP SHORT PnL: -0.37884025 Причина: SL Баланс: 362.223962443599 WinRate инструмента: 0%
🔄 Баланс: 362.223962443599$ | PnL: 5.34000037000001 💵 | Сделок: 270
[2025-09-01 12:09:34][TRADE] Закрыта позиция FIL-USDT-SWAP LONG PnL: 0.34791896 Причина: TP Баланс: 362.562978531399 WinRate инструмента: 100%
🔄 Баланс: 362.562978531399$ | PnL: 5.68791933000001 💵 | Сделок: 271
[2025-09-01 12:11:20][TRADE] Закрыта позиция SCR-USDT-SWAP SHORT PnL: -0.27015171 Причина: SL Баланс: 372.292818911399 WinRate инструмента: 0%
🔄 Баланс: 372.292818911399$ | PnL: 5.41776762000001 💵 | Сделок: 272
[2025-09-01 12:13:06][TRADE] Закрыта позиция AVAAI-USDT-SWAP SHORT PnL: -0.35120087 Причина: SL Баланс: 351.914494935689 WinRate инструмента: 0%
🔄 Баланс: 351.914494935689$ | PnL: 5.06656675000001 💵 | Сделок: 273
[2025-09-01 12:13:43][TRADE] Закрыта позиция FARTCOIN-USDT-SWAP SHORT PnL: -0.37345802 Причина: SL Баланс: 361.541046795689 WinRate инструмента: 0%
🔄 Баланс: 361.541046795689$ | PnL: 4.69310873000001 💵 | Сделок: 274
[2025-09-01 12:45:16][TRADE] Закрыта позиция DGB-USDT-SWAP SHORT PnL: -0.22941277 Причина: SL Баланс: 321.26658191372 WinRate инструмента: 50%
🔄 Баланс: 321.26658191372$ | PnL: 4.46369596000001 💵 | Сделок: 275
[2025-09-01 12:45:53][TRADE] Закрыта позиция JELLYJELLY-USDT-SWAP LONG PnL: 0.69401677 Причина: TP Баланс: 331.96059948372 WinRate инструмента: 100%
🔄 Баланс: 331.96059948372$ | PnL: 5.15771273000001 💵 | Сделок: 276
[2025-09-01 12:46:41][TRADE] Закрыта позиция PRCL-USDT-SWAP SHORT PnL: -0.36529012 Причина: SL Баланс: 341.59530776372 WinRate инструмента: 50%
🔄 Баланс: 341.59530776372$ | PnL: 4.79242261000001 💵 | Сделок: 277
[2025-09-01 12:51:28][TRADE] Закрыта позиция ZETA-USDT-SWAP SHORT PnL: -0.26729884 Причина: SL Баланс: 331.31005674778 WinRate инструмента: 50%
🔄 Баланс: 331.31005674778$ | PnL: 4.52512377000001 💵 | Сделок: 278
[2025-09-01 12:52:03][TRADE] Закрыта позиция SPK-USDT-SWAP SHORT PnL: -0.32085398 Причина: SL Баланс: 340.98920307178 WinRate инструмента: 50%
🔄 Баланс: 340.98920307178$ | PnL: 4.20426979000001 💵 | Сделок: 279
[2025-09-01 12:55:53][TRADE] Закрыта позиция 1INCH-USDT-SWAP LONG PnL: -0.30871764 Причина: SL Баланс: 350.68047759178 WinRate инструмента: 50%
🔄 Баланс: 350.68047759178$ | PnL: 3.89555215000001 💵 | Сделок: 280
[2025-09-01 12:59:03][TRADE] Закрыта позиция ZK-USDT-SWAP SHORT PnL: -0.33401099 Причина: SL Баланс: 350.33758105582 WinRate инструмента: 50%
🔄 Баланс: 350.33758105582$ | PnL: 3.56154116000001 💵 | Сделок: 281
[2025-09-01 13:05:30][TRADE] Закрыта позиция ONE-USDT-SWAP SHORT PnL: -0.27401904 Причина: SL Баланс: 269.98270335647 WinRate инструмента: 0%
🔄 Баланс: 269.98270335647$ | PnL: 3.28752212000001 💵 | Сделок: 282
[2025-09-01 13:05:31][TRADE] Закрыта позиция ONT-USDT-SWAP SHORT PnL: -0.26328771 Причина: SL Баланс: 279.71941517647 WinRate инструмента: 50%
🔄 Баланс: 279.71941517647$ | PnL: 3.02423441000001 💵 | Сделок: 283
[2025-09-01 13:12:18][TRADE] Закрыта позиция HOME-USDT-SWAP SHORT PnL: -0.27724064 Причина: SL Баланс: 267.48322951247 WinRate инструмента: 0%
🔄 Баланс: 267.48322951247$ | PnL: 2.74699377000001 💵 | Сделок: 284
[2025-09-01 13:26:48][TRADE] Закрыта позиция AVAAI-USDT-SWAP LONG PnL: 0.43220799 Причина: TP Баланс: 246.91464958877 WinRate инструмента: 50%
🔄 Баланс: 246.91464958877$ | PnL: 3.17920176000001 💵 | Сделок: 285
[2025-09-01 13:32:50][TRADE] Закрыта позиция SOON-USDT-SWAP LONG PnL: 0.43574177 Причина: TP Баланс: 227.283040592377 WinRate инструмента: 100%
🔄 Баланс: 227.283040592377$ | PnL: 3.61494353000001 💵 | Сделок: 286
[2025-09-01 14:30:55][TRADE] Закрыта позиция SPK-USDT-SWAP LONG PnL: 0.46912635 Причина: TP Баланс: 17.5403052560983 WinRate инструмента: 66.67%
🔄 Баланс: 17.5403052560983$ | PnL: 4.08406988000001 💵 | Сделок: 287
[2025-09-01 14:33:59][TRADE] Закрыта позиция BTC-USDC-SWAP LONG PnL: -0.12773993 Причина: SL Баланс: 18.3717647505808 WinRate инструмента: 0%
🔄 Баланс: 18.3717647505808$ | PnL: 3.95632995000001 💵 | Сделок: 288
[2025-09-01 14:34:10][TRADE] Закрыта позиция BTC-USD-SWAP LONG PnL: -0.13132031 Причина: SL Баланс: 29.2114444405808 WinRate инструмента: 0%
🔄 Баланс: 29.2114444405808$ | PnL: 3.82500964000001 💵 | Сделок: 289
[2025-09-01 14:34:21][TRADE] Закрыта позиция BTC-USDT-SWAP LONG PnL: -0.13679651 Причина: SL Баланс: 40.0476179305808 WinRate инструмента: 0%
🔄 Баланс: 40.0476179305808$ | PnL: 3.68821313000001 💵 | Сделок: 290
[2025-09-01 14:35:31][TRADE] Закрыта позиция ICP-USDT-SWAP LONG PnL: -0.27723958 Причина: SL Баланс: 19.7428427085263 WinRate инструмента: 50%
🔄 Баланс: 19.7428427085263$ | PnL: 3.41097355000001 💵 | Сделок: 291
[2025-09-01 14:36:08][TRADE] Закрыта позиция SSV-USDT-SWAP LONG PnL: -0.40719327 Причина: SL Баланс: 19.3266600811913 WinRate инструмента: 33.33%
🔄 Баланс: 19.3266600811913$ | PnL: 3.00378028000001 💵 | Сделок: 292
[2025-09-01 14:39:55][TRADE] Закрыта позиция NOT-USDT-SWAP LONG PnL: -0.26737652 Причина: SL Баланс: 19.0502449520693 WinRate инструмента: 50%
🔄 Баланс: 19.0502449520693$ | PnL: 2.73640376000001 💵 | Сделок: 293
[2025-09-01 15:13:30][TRADE] Закрыта позиция DUCK-USDT-SWAP SHORT PnL: 0.16818502 Причина: TP Баланс: 19.2094130616413 WinRate инструмента: 100%
🔄 Баланс: 19.2094130616413$ | PnL: 2.90458878000001 💵 | Сделок: 294
[2025-09-01 15:14:46][TRADE] Закрыта позиция SPX-USDT-SWAP LONG PnL: -0.55081127 Причина: SL Баланс: 18.6495494310653 WinRate инструмента: 0%
🔄 Баланс: 18.6495494310653$ | PnL: 2.35377751000001 💵 | Сделок: 295
[2025-09-01 16:05:59][TRADE] Закрыта позиция PROMPT-USDT-SWAP SHORT PnL: 0.7631391 Причина: TP Баланс: 19.4036895661553 WinRate инструмента: 100%
🔄 Баланс: 19.4036895661553$ | PnL: 3.11691661000001 💵 | Сделок: 296
[2025-09-01 16:26:23][TRADE] Закрыта позиция PARTI-USDT-SWAP SHORT PnL: -0.51768241 Причина: SL Баланс: 18.8924999381553 WinRate инструмента: 33.33%
🔄 Баланс: 18.8924999381553$ | PnL: 2.59923420000001 💵 | Сделок: 297
[2025-09-01 16:54:32][TRADE] Закрыта позиция PYTH-USDT-SWAP SHORT PnL: 0.37179162 Причина: TP Баланс: 19.255279992505 WinRate инструмента: 50%
🔄 Баланс: 19.255279992505$ | PnL: 2.97102582000001 💵 | Сделок: 298
[2025-09-01 16:59:07][TRADE] Закрыта позиция SPK-USDT-SWAP LONG PnL: -0.64423382 Причина: SL Баланс: 17.700274668505 WinRate инструмента: 50%
🔄 Баланс: 17.700274668505$ | PnL: 2.32679200000001 💵 | Сделок: 299
[2025-09-01 17:02:34][TRADE] Закрыта позиция PI-USDT-SWAP SHORT PnL: 0.26790467 Причина: TP Баланс: 17.959178637299 WinRate инструмента: 100%
🔄 Баланс: 17.959178637299$ | PnL: 2.59469667000001 💵 | Сделок: 300
[2025-09-01 17:12:18][TRADE] Закрыта позиция TRUMP-USDT-SWAP LONG PnL: -0.60443916 Причина: SL Баланс: 17.345719804787 WinRate инструмента: 50%
🔄 Баланс: 17.345719804787$ | PnL: 1.99025751000001 💵 | Сделок: 301
[2025-09-01 17:17:48][TRADE] Закрыта позиция DOT-USD-SWAP LONG PnL: -0.31306331 Причина: SL Баланс: 17.0237415169077 WinRate инструмента: 0%
🔄 Баланс: 17.0237415169077$ | PnL: 1.67719420000001 💵 | Сделок: 302
[2025-09-01 17:18:00][TRADE] Закрыта позиция API3-USDT-SWAP SHORT PnL: 0.23965306 Причина: TP Баланс: 16.3480140499077 WinRate инструмента: 75%
🔄 Баланс: 16.3480140499077$ | PnL: 1.91684726000001 💵 | Сделок: 303
[2025-09-01 17:18:23][TRADE] Закрыта позиция CVX-USDT-SWAP SHORT PnL: 0.23665655 Причина: TP Баланс: 16.5756793350183 WinRate инструмента: 100%
🔄 Баланс: 16.5756793350183$ | PnL: 2.15350381000001 💵 | Сделок: 304
[2025-09-01 17:19:38][TRADE] Закрыта позиция ETC-USD-SWAP LONG PnL: -0.28208257 Причина: SL Баланс: 16.2841009465815 WinRate инструмента: 0%
🔄 Баланс: 16.2841009465815$ | PnL: 1.87142124000001 💵 | Сделок: 305
[2025-09-01 17:42:58][TRADE] Закрыта позиция APT-USDT-SWAP LONG PnL: -0.28837877 Причина: SL Баланс: 15.9866002208665 WinRate инструмента: 33.33%
🔄 Баланс: 15.9866002208665$ | PnL: 1.58304247000001 💵 | Сделок: 306
[2025-09-01 17:43:19][TRADE] Закрыта позиция COMP-USDT-SWAP LONG PnL: -0.35594405 Причина: SL Баланс: 25.6305141708665 WinRate инструмента: 0%
🔄 Баланс: 25.6305141708665$ | PnL: 1.22709842000001 💵 | Сделок: 307
[2025-09-01 17:43:29][TRADE] Закрыта позиция DOT-USDT-SWAP LONG PnL: -0.32554351 Причина: SL Баланс: 25.2960634854265 WinRate инструмента: 33.33%
🔄 Баланс: 25.2960634854265$ | PnL: 0.901554910000006 💵 | Сделок: 308
[2025-09-01 17:45:30][TRADE] Закрыта позиция DUCK-USDT-SWAP SHORT PnL: 0.22846408 Причина: TP Баланс: 15.5050510565265 WinRate инструмента: 100%
🔄 Баланс: 15.5050510565265$ | PnL: 1.13001899000001 💵 | Сделок: 309
[2025-09-01 17:46:08][TRADE] Закрыта позиция LQTY-USDT-SWAP LONG PnL: -0.35265211 Причина: SL Баланс: 25.1524382665265 WinRate инструмента: 33.33%
🔄 Баланс: 25.1524382665265$ | PnL: 0.777366880000006 💵 | Сделок: 310
[2025-09-01 17:46:20][TRADE] Закрыта позиция MUBARAK-USDT-SWAP SHORT PnL: 0.30300729 Причина: TP Баланс: 35.4554444605265 WinRate инструмента: 100%
🔄 Баланс: 35.4554444605265$ | PnL: 1.08037417000001 💵 | Сделок: 311
[2025-09-01 17:55:20][TRADE] Закрыта позиция ADA-USDT-SWAP LONG PnL: -0.35789339 Причина: SL Баланс: 14.1624902549015 WinRate инструмента: 0%
🔄 Баланс: 14.1624902549015$ | PnL: 0.722480780000006 💵 | Сделок: 312
[2025-09-01 17:56:38][TRADE] Закрыта позиция SHIB-USDT-SWAP LONG PnL: -0.27919987 Причина: SL Баланс: 13.8742902553939 WinRate инструмента: 50%
🔄 Баланс: 13.8742902553939$ | PnL: 0.443280910000006 💵 | Сделок: 313
[2025-09-01 17:58:59][TRADE] Закрыта позиция JELLYJELLY-USDT-SWAP LONG PnL: 0.88369435 Причина: TP Баланс: 24.7579851473939 WinRate инструмента: 100%
🔄 Баланс: 24.7579851473939$ | PnL: 1.32697526000001 💵 | Сделок: 314
[2025-09-01 18:05:54][TRADE] Закрыта позиция NMR-USDT-SWAP SHORT PnL: 0.67125771 Причина: TP Баланс: 15.4116707805837 WinRate инструмента: 100%
🔄 Баланс: 15.4116707805837$ | PnL: 1.99823297000001 💵 | Сделок: 315
[2025-09-01 18:18:12][TRADE] Закрыта позиция ZRX-USDT-SWAP LONG PnL: -0.53264146 Причина: SL Баланс: 14.8694286463437 WinRate инструмента: 50%
🔄 Баланс: 14.8694286463437$ | PnL: 1.46559151000001 💵 | Сделок: 316
[2025-09-01 18:27:13][TRADE] Закрыта позиция MANA-USDT-SWAP LONG PnL: 0.25353765 Причина: TP Баланс: 25.1229522963437 WinRate инструмента: 100%
🔄 Баланс: 25.1229522963437$ | PnL: 1.71912916000001 💵 | Сделок: 317
[2025-09-01 18:32:41][TRADE] Закрыта позиция BICO-USDT-SWAP SHORT PnL: 0.29372556 Причина: TP Баланс: 25.4076713986617 WinRate инструмента: 100%
🔄 Баланс: 25.4076713986617$ | PnL: 2.01285472000001 💵 | Сделок: 318
[2025-09-01 18:33:33][TRADE] Закрыта позиция JOE-USDT-SWAP LONG PnL: -0.57866994 Причина: SL Баланс: 34.8290048786617 WinRate инструмента: 50%
🔄 Баланс: 34.8290048786617$ | PnL: 1.43418478000001 💵 | Сделок: 319
[2025-09-01 18:34:05][TRADE] Закрыта позиция OP-USDT-SWAP LONG PnL: -0.35252574 Причина: SL Баланс: 44.4764804786617 WinRate инструмента: 50%
🔄 Баланс: 44.4764804786617$ | PnL: 1.08165904000001 💵 | Сделок: 320
[2025-09-01 18:34:12][TRADE] Закрыта позиция POPCAT-USDT-SWAP SHORT PnL: 0.33234803 Причина: TP Баланс: 54.8088206086617 WinRate инструмента: 100%
🔄 Баланс: 54.8088206086617$ | PnL: 1.41400707000001 💵 | Сделок: 321
[2025-09-01 18:37:18][TRADE] Закрыта позиция ONT-USDT-SWAP SHORT PnL: 0.26006463 Причина: TP Баланс: 55.0599158984787 WinRate инструмента: 66.67%
🔄 Баланс: 55.0599158984787$ | PnL: 1.67407170000001 💵 | Сделок: 322
[2025-09-01 18:37:43][TRADE] Закрыта позиция SOON-USDT-SWAP LONG PnL: -0.60826055 Причина: SL Баланс: 44.4336419567427 WinRate инструмента: 50%
🔄 Баланс: 44.4336419567427$ | PnL: 1.06581115000001 💵 | Сделок: 323
[2025-09-01 18:49:40][TRADE] Закрыта позиция VANA-USDT-SWAP SHORT PnL: 0.23577072 Причина: TP Баланс: 34.6515176657683 WinRate инструмента: 100%
🔄 Баланс: 34.6515176657683$ | PnL: 1.30158187000001 💵 | Сделок: 324
[2025-09-01 19:49:56][TRADE] Закрыта позиция FARTCOIN-USDT-SWAP SHORT PnL: 0.41673937 Причина: TP Баланс: 15.0412474941154 WinRate инструмента: 50%
🔄 Баланс: 15.0412474941154$ | PnL: 1.71832124000001 💵 | Сделок: 325
[2025-09-01 19:50:24][TRADE] Закрыта позиция MOODENG-USDT-SWAP SHORT PnL: 0.33158922 Причина: TP Баланс: 15.3638314930406 WinRate инструмента: 100%
🔄 Баланс: 15.3638314930406$ | PnL: 2.04991046000001 💵 | Сделок: 326
[2025-09-01 19:52:20][TRADE] Закрыта позиция MANA-USDT-SWAP LONG PnL: -0.32410806 Причина: SL Баланс: 15.0306580515706 WinRate инструмента: 66.67%
🔄 Баланс: 15.0306580515706$ | PnL: 1.72580240000001 💵 | Сделок: 327
[2025-09-01 19:52:30][TRADE] Закрыта позиция NXPC-USDT-SWAP SHORT PnL: 0.24331161 Причина: TP Баланс: 15.2649868858441 WinRate инструмента: 66.67%
🔄 Баланс: 15.2649868858441$ | PnL: 1.96911401000001 💵 | Сделок: 328
[2025-09-01 19:53:24][TRADE] Закрыта позиция AUCTION-USDT-SWAP SHORT PnL: 0.20813611 Причина: TP Баланс: 15.4645012383101 WinRate инструмента: 100%
🔄 Баланс: 15.4645012383101$ | PnL: 2.17725012000001 💵 | Сделок: 329
[2025-09-01 19:53:24][TRADE] Закрыта позиция AVAX-USDT-SWAP LONG PnL: -0.2760159 Причина: SL Баланс: 25.1888218383101 WinRate инструмента: 50%
🔄 Баланс: 25.1888218383101$ | PnL: 1.90123422000001 💵 | Сделок: 330
[2025-09-01 19:54:17][TRADE] Закрыта позиция CTC-USDT-SWAP SHORT PnL: 0.21351899 Причина: TP Баланс: 35.4023380283101 WinRate инструмента: 100%
🔄 Баланс: 35.4023380283101$ | PnL: 2.11475321000001 💵 | Сделок: 331
[2025-09-01 19:54:28][TRADE] Закрыта позиция ETHFI-USDT-SWAP SHORT PnL: 0.27836525 Причина: TP Баланс: 45.6807371983101 WinRate инструмента: 100%
🔄 Баланс: 45.6807371983101$ | PnL: 2.39311846000001 💵 | Сделок: 332
[2025-09-01 19:56:00][TRADE] Закрыта позиция UMA-USDT-SWAP SHORT PnL: 0.26448559 Причина: TP Баланс: 45.9361725248361 WinRate инструмента: 100%
🔄 Баланс: 45.9361725248361$ | PnL: 2.65760405000001 💵 | Сделок: 333
[2025-09-01 19:56:05][TRADE] Закрыта позиция VIRTUAL-USDT-SWAP SHORT PnL: 0.33647341 Причина: TP Баланс: 56.2726845148361 WinRate инструмента: 66.67%
🔄 Баланс: 56.2726845148361$ | PnL: 2.99407746000001 💵 | Сделок: 334
[2025-09-01 19:56:34][TRADE] Закрыта позиция AVAX-USD-SWAP LONG PnL: -0.27722887 Причина: SL Баланс: 65.9950621448361 WinRate инструмента: 0%
🔄 Баланс: 65.9950621448361$ | PnL: 2.71684859000001 💵 | Сделок: 335
[2025-09-01 20:00:37][TRADE] Закрыта позиция DYDX-USDT-SWAP LONG PnL: -0.30676375 Причина: SL Баланс: 35.6522480601202 WinRate инструмента: 50%
🔄 Баланс: 35.6522480601202$ | PnL: 2.41008484000001 💵 | Сделок: 336
[2025-09-01 20:03:05][TRADE] Закрыта позиция AAVE-USDT-SWAP SHORT PnL: 0.23116581 Причина: TP Баланс: 45.8834258701202 WinRate инструмента: 100%
🔄 Баланс: 45.8834258701202$ | PnL: 2.64125065000001 💵 | Сделок: 337
[2025-09-01 20:03:23][TRADE] Закрыта позиция AVAAI-USDT-SWAP LONG PnL: -0.59438039 Причина: SL Баланс: 55.2890441601202 WinRate инструмента: 33.33%
🔄 Баланс: 55.2890441601202$ | PnL: 2.04687026000001 💵 | Сделок: 338
[2025-09-01 20:04:08][TRADE] Закрыта позиция HUMA-USDT-SWAP SHORT PnL: 0.3037327 Причина: TP Баланс: 65.5927765051202 WinRate инструмента: 100%
🔄 Баланс: 65.5927765051202$ | PnL: 2.35060296000001 💵 | Сделок: 339
[2025-09-01 20:04:19][TRADE] Закрыта позиция KSM-USDT-SWAP SHORT PnL: 0.27321262 Причина: TP Баланс: 75.8655661251202 WinRate инструмента: 100%
🔄 Баланс: 75.8655661251202$ | PnL: 2.62381558 💵 | Сделок: 340
[2025-09-01 20:04:30][TRADE] Закрыта позиция MEME-USDT-SWAP SHORT PnL: 0.33960358 Причина: TP Баланс: 86.2051696528202 WinRate инструмента: 100%
🔄 Баланс: 86.2051696528202$ | PnL: 2.96341916 💵 | Сделок: 341
[2025-09-01 20:04:32][TRADE] Закрыта позиция MEW-USDT-SWAP SHORT PnL: 0.30904064 Причина: TP Баланс: 96.5142103656202 WinRate инструмента: 50%
🔄 Баланс: 96.5142103656202$ | PnL: 3.2724598 💵 | Сделок: 342
[2025-09-01 20:04:39][TRADE] Закрыта позиция NEWT-USDT-SWAP SHORT PnL: 0.30222749 Причина: TP Баланс: 106.81643793562 WinRate инструмента: 100%
🔄 Баланс: 106.81643793562$ | PnL: 3.57468729 💵 | Сделок: 343
[2025-09-01 20:04:41][TRADE] Закрыта позиция OL-USDT-SWAP SHORT PnL: 0.39311374 Причина: TP Баланс: 117.20955273562 WinRate инструмента: 100%
🔄 Баланс: 117.20955273562$ | PnL: 3.96780103 💵 | Сделок: 344
[2025-09-01 20:04:53][TRADE] Закрыта позиция PROMPT-USDT-SWAP SHORT PnL: 0.51194399 Причина: TP Баланс: 127.72150189262 WinRate инструмента: 100%
🔄 Баланс: 127.72150189262$ | PnL: 4.47974502 💵 | Сделок: 345
[2025-09-01 20:05:58][TRADE] Закрыта позиция FIL-USD-SWAP LONG PnL: -0.48072117 Причина: SL Баланс: 137.24088542262 WinRate инструмента: 50%
🔄 Баланс: 137.24088542262$ | PnL: 3.99902385 💵 | Сделок: 346
[2025-09-01 20:06:28][TRADE] Закрыта позиция BABY-USDT-SWAP SHORT PnL: 0.27753252 Причина: TP Баланс: 137.509420439348 WinRate инструмента: 100%
🔄 Баланс: 137.509420439348$ | PnL: 4.27655637000001 💵 | Сделок: 347
[2025-09-01 20:06:30][TRADE] Закрыта позиция BERA-USDT-SWAP SHORT PnL: 0.37953697 Причина: TP Баланс: 147.888935709348 WinRate инструмента: 100%
🔄 Баланс: 147.888935709348$ | PnL: 4.65609334000001 💵 | Сделок: 348
[2025-09-01 20:12:49][TRADE] Закрыта позиция BONK-USDT-SWAP SHORT PnL: 0.41741559 Причина: TP Баланс: 118.270307739656 WinRate инструмента: 100%
🔄 Баланс: 118.270307739656$ | PnL: 5.07350893000001 💵 | Сделок: 349
[2025-09-01 20:19:19][TRADE] Закрыта позиция GRASS-USDT-SWAP SHORT PnL: 0.27869109 Причина: TP Баланс: 118.540033888785 WinRate инструмента: 100%
🔄 Баланс: 118.540033888785$ | PnL: 5.35220002000001 💵 | Сделок: 350
