[2025-08-28 03:32:23][TRADE] Закрыта позиция NEO-USDT-SWAP SHORT PnL: -0.10774952 Причина: SL Баланс: 859.757434298752 WinRate инструмента: 0%
🔄 Баланс: 859.757434298752$ | PnL: -0.10774952 💵 | Сделок: 1
[2025-08-28 04:07:08][TRADE] Закрыта позиция SHELL-USDT-SWAP SHORT PnL: -0.11677557 Причина: SL Баланс: 19.0608023581694 WinRate инструмента: 0%
🔄 Баланс: 19.0608023581694$ | PnL: -0.22452509 💵 | Сделок: 2
[2025-08-28 04:08:10][TRADE] Закрыта позиция CVX-USDT-SWAP SHORT PnL: 0.32706859 Причина: TP Баланс: 19.3788237639054 WinRate инструмента: 100%
🔄 Баланс: 19.3788237639054$ | PnL: 0.1025435 💵 | Сделок: 3
[2025-08-28 04:35:26][TRADE] Закрыта позиция NEO-USDT-SWAP SHORT PnL: 0.18538922 Причина: TP Баланс: 19.5550209140426 WinRate инструмента: 50%
🔄 Баланс: 19.5550209140426$ | PnL: 0.28793272 💵 | Сделок: 4
[2025-08-28 05:11:33][TRADE] Закрыта позиция RVN-USDT-SWAP SHORT PnL: -0.09262262 Причина: SL Баланс: 19.4534084430426 WinRate инструмента: 0%
🔄 Баланс: 19.4534084430426$ | PnL: 0.1953101 💵 | Сделок: 5
[2025-08-28 05:11:36][TRADE] Закрыта позиция SCR-USDT-SWAP SHORT PnL: -0.10307806 Причина: SL Баланс: 29.3503253830426 WinRate инструмента: 0%
🔄 Баланс: 29.3503253830426$ | PnL: 0.09223204 💵 | Сделок: 6
[2025-08-28 05:14:14][TRADE] Закрыта позиция SUI-USDT-SWAP SHORT PnL: -0.11382832 Причина: SL Баланс: 19.2183769998126 WinRate инструмента: 0%
🔄 Баланс: 19.2183769998126$ | PnL: -0.02159628 💵 | Сделок: 7
[2025-08-28 05:17:01][TRADE] Закрыта позиция NEWT-USDT-SWAP SHORT PnL: -0.09920245 Причина: SL Баланс: 29.1191645498126 WinRate инструмента: 0%
🔄 Баланс: 29.1191645498126$ | PnL: -0.12079873 💵 | Сделок: 8
[2025-08-28 05:17:40][TRADE] Закрыта позиция T-USDT-SWAP SHORT PnL: -0.09262099 Причина: SL Баланс: 39.0265438638126 WinRate инструмента: 0%
🔄 Баланс: 39.0265438638126$ | PnL: -0.21341972 💵 | Сделок: 9
[2025-08-28 05:18:38][TRADE] Закрыта позиция WAL-USDT-SWAP SHORT PnL: -0.08882216 Причина: SL Баланс: 48.9377157538126 WinRate инструмента: 0%
🔄 Баланс: 48.9377157538126$ | PnL: -0.30224188 💵 | Сделок: 10
[2025-08-28 05:21:09][TRADE] Закрыта позиция NEIRO-USDT-SWAP SHORT PnL: -0.11738849 Причина: SL Баланс: 58.8203272559726 WinRate инструмента: 0%
🔄 Баланс: 58.8203272559726$ | PnL: -0.41963037 💵 | Сделок: 11
[2025-08-28 05:21:25][TRADE] Закрыта позиция POPCAT-USDT-SWAP SHORT PnL: -0.13696898 Причина: SL Баланс: 68.6833576359726 WinRate инструмента: 0%
🔄 Баланс: 68.6833576359726$ | PnL: -0.55659935 💵 | Сделок: 12
[2025-08-28 05:21:56][TRADE] Закрыта позиция UMA-USDT-SWAP LONG PnL: -0.09516002 Причина: SL Баланс: 78.5882206159726 WinRate инструмента: 0%
🔄 Баланс: 78.5882206159726$ | PnL: -0.65175937 💵 | Сделок: 13
[2025-08-28 05:22:11][TRADE] Закрыта позиция XTZ-USDT-SWAP SHORT PnL: -0.09032483 Причина: SL Баланс: 88.4979227459726 WinRate инструмента: 0%
🔄 Баланс: 88.4979227459726$ | PnL: -0.7420842 💵 | Сделок: 14
[2025-08-28 05:22:40][TRADE] Закрыта позиция SUI-USD-SWAP SHORT PnL: -0.11014201 Причина: SL Баланс: 98.3876794559726 WinRate инструмента: 0%
🔄 Баланс: 98.3876794559726$ | PnL: -0.85222621 💵 | Сделок: 15
[2025-08-28 05:23:15][TRADE] Закрыта позиция BLUR-USDT-SWAP SHORT PnL: -0.10454979 Причина: SL Баланс: 108.283126705973 WinRate инструмента: 0%
🔄 Баланс: 108.283126705973$ | PnL: -0.956776 💵 | Сделок: 16
[2025-08-28 05:26:57][TRADE] Закрыта позиция DUCK-USDT-SWAP SHORT PnL: 0.10104381 Причина: TP Баланс: 118.384170585773 WinRate инструмента: 100%
🔄 Баланс: 118.384170585773$ | PnL: -0.85573219 💵 | Сделок: 17
[2025-08-28 05:34:04][TRADE] Закрыта позиция HYPE-USDT-SWAP SHORT PnL: -0.17350379 Причина: SL Баланс: 88.1744847611447 WinRate инструмента: 0%
🔄 Баланс: 88.1744847611447$ | PnL: -1.02923598 💵 | Сделок: 18
[2025-08-28 05:34:40][TRADE] Закрыта позиция NXPC-USDT-SWAP SHORT PnL: -0.09000208 Причина: SL Баланс: 88.0754591701447 WinRate инструмента: 0%
🔄 Баланс: 88.0754591701447$ | PnL: -1.11923806 💵 | Сделок: 19
[2025-08-28 05:34:44][TRADE] Закрыта позиция OP-USDT-SWAP SHORT PnL: -0.12800747 Причина: SL Баланс: 97.9474462601447 WinRate инструмента: 0%
🔄 Баланс: 97.9474462601447$ | PnL: -1.24724553 💵 | Сделок: 20
[2025-08-28 05:34:55][TRADE] Закрыта позиция PYTH-USDT-SWAP SHORT PnL: -0.10761355 Причина: SL Баланс: 107.839829418145 WinRate инструмента: 0%
🔄 Баланс: 107.839829418145$ | PnL: -1.35485908 💵 | Сделок: 21
[2025-08-28 05:35:13][TRADE] Закрыта позиция STX-USDT-SWAP SHORT PnL: -0.09889145 Причина: SL Баланс: 107.731965268451 WinRate инструмента: 0%
🔄 Баланс: 107.731965268451$ | PnL: -1.45375053 💵 | Сделок: 22
[2025-08-28 05:35:40][TRADE] Закрыта позиция ZEREBRO-USDT-SWAP SHORT PnL: -0.09845838 Причина: SL Баланс: 117.633506212451 WinRate инструмента: 0%
🔄 Баланс: 117.633506212451$ | PnL: -1.55220891 💵 | Сделок: 23
[2025-08-28 05:36:02][TRADE] Закрыта позиция DOT-USD-SWAP SHORT PnL: -0.09754343 Причина: SL Баланс: 107.517881860513 WinRate инструмента: 0%
🔄 Баланс: 107.517881860513$ | PnL: -1.64975234 💵 | Сделок: 24
[2025-08-28 05:36:02][TRADE] Закрыта позиция ETC-USD-SWAP SHORT PnL: -0.08546488 Причина: SL Баланс: 117.432415980513 WinRate инструмента: 0%
🔄 Баланс: 117.432415980513$ | PnL: -1.73521722 💵 | Сделок: 25
[2025-08-28 05:36:06][TRADE] Закрыта позиция UNI-USD-SWAP SHORT PnL: -0.11139717 Причина: SL Баланс: 127.320616410513 WinRate инструмента: 0%
🔄 Баланс: 127.320616410513$ | PnL: -1.84661439 💵 | Сделок: 26
[2025-08-28 05:36:30][TRADE] Закрыта позиция ARKM-USDT-SWAP SHORT PnL: -0.13298802 Причина: SL Баланс: 137.187616470513 WinRate инструмента: 0%
🔄 Баланс: 137.187616470513$ | PnL: -1.97960241 💵 | Сделок: 27
[2025-08-28 05:36:49][TRADE] Закрыта позиция CHZ-USDT-SWAP SHORT PnL: -0.07835079 Причина: SL Баланс: 137.100267075983 WinRate инструмента: 0%
🔄 Баланс: 137.100267075983$ | PnL: -2.0579532 💵 | Сделок: 28
[2025-08-28 05:37:15][TRADE] Закрыта позиция GOAT-USDT-SWAP SHORT PnL: -0.11495207 Причина: SL Баланс: 146.985317353983 WinRate инструмента: 0%
🔄 Баланс: 146.985317353983$ | PnL: -2.17290527 💵 | Сделок: 29
[2025-08-28 05:37:23][TRADE] Закрыта позиция ICP-USDT-SWAP SHORT PnL: -0.08815927 Причина: SL Баланс: 156.897118083983 WinRate инструмента: 0%
🔄 Баланс: 156.897118083983$ | PnL: -2.26106454 💵 | Сделок: 30
[2025-08-28 05:37:51][TRADE] Закрыта позиция MINA-USDT-SWAP SHORT PnL: -0.10752682 Причина: SL Баланс: 156.780547968703 WinRate инструмента: 0%
🔄 Баланс: 156.780547968703$ | PnL: -2.36859136 💵 | Сделок: 31
[2025-08-28 05:43:03][TRADE] Закрыта позиция MAGIC-USDT-SWAP LONG PnL: -0.13204798 Причина: SL Баланс: 146.630499993139 WinRate инструмента: 0%
🔄 Баланс: 146.630499993139$ | PnL: -2.50063934 💵 | Сделок: 32
[2025-08-28 05:48:59][TRADE] Закрыта позиция USELESS-USDT-SWAP SHORT PnL: 0.57851432 Причина: TP Баланс: 137.191010351991 WinRate инструмента: 100%
🔄 Баланс: 137.191010351991$ | PnL: -1.92212502 💵 | Сделок: 33
[2025-08-28 05:51:23][TRADE] Закрыта позиция MERL-USDT-SWAP SHORT PnL: -0.10978959 Причина: SL Баланс: 147.081215336991 WinRate инструмента: 0%
🔄 Баланс: 147.081215336991$ | PnL: -2.03191461 💵 | Сделок: 34
[2025-08-28 05:53:13][TRADE] Закрыта позиция ACH-USDT-SWAP SHORT PnL: -0.09233292 Причина: SL Баланс: 156.988882591991 WinRate инструмента: 0%
🔄 Баланс: 156.988882591991$ | PnL: -2.12424753 💵 | Сделок: 35
[2025-08-28 05:55:46][TRADE] Закрыта позиция UNI-USDT-SWAP SHORT PnL: -0.116538 Причина: SL Баланс: 166.871942191991 WinRate инструмента: 0%
🔄 Баланс: 166.871942191991$ | PnL: -2.24078553 💵 | Сделок: 36
[2025-08-28 05:56:40][TRADE] Закрыта позиция ADA-USDT-SWAP SHORT PnL: -0.1040851 Причина: SL Баланс: 176.767852591991 WinRate инструмента: 0%
🔄 Баланс: 176.767852591991$ | PnL: -2.34487063 💵 | Сделок: 37
[2025-08-28 05:57:06][TRADE] Закрыта позиция CATI-USDT-SWAP LONG PnL: -0.06641326 Причина: SL Баланс: 186.701436819991 WinRate инструмента: 0%
🔄 Баланс: 186.701436819991$ | PnL: -2.41128389 💵 | Сделок: 38
[2025-08-28 05:57:09][TRADE] Закрыта позиция COMP-USDT-SWAP SHORT PnL: -0.09586419 Причина: SL Баланс: 196.604644629991 WinRate инструмента: 0%
🔄 Баланс: 196.604644629991$ | PnL: -2.50714808 💵 | Сделок: 39
[2025-08-28 06:04:20][TRADE] Закрыта позиция GMT-USDT-SWAP LONG PnL: 0.20762105 Причина: TP Баланс: 186.794135562315 WinRate инструмента: 100%
🔄 Баланс: 186.794135562315$ | PnL: -2.29952703 💵 | Сделок: 40
[2025-08-28 06:14:05][TRADE] Закрыта позиция ATH-USDT-SWAP LONG PnL: -0.10019114 Причина: SL Баланс: 156.657931595451 WinRate инструмента: 0%
🔄 Баланс: 156.657931595451$ | PnL: -2.39971817 💵 | Сделок: 41
[2025-08-28 06:14:26][TRADE] Закрыта позиция CTC-USDT-SWAP LONG PnL: -0.07884741 Причина: SL Баланс: 166.579101305451 WinRate инструмента: 0%
🔄 Баланс: 166.579101305451$ | PnL: -2.47856558 💵 | Сделок: 42
[2025-08-28 06:20:35][TRADE] Закрыта позиция ATOM-USDT-SWAP SHORT PnL: -0.10407509 Причина: SL Баланс: 166.465899024449 WinRate инструмента: 0%
🔄 Баланс: 166.465899024449$ | PnL: -2.58264067 💵 | Сделок: 43
[2025-08-28 06:22:47][TRADE] Закрыта позиция WAXP-USDT-SWAP SHORT PnL: -0.07504643 Причина: SL Баланс: 156.37285745958 WinRate инструмента: 0%
🔄 Баланс: 156.37285745958$ | PnL: -2.6576871 💵 | Сделок: 44
[2025-08-28 06:24:25][TRADE] Закрыта позиция GALA-USDT-SWAP SHORT PnL: -0.10935804 Причина: SL Баланс: 136.2365865253 WinRate инструмента: 0%
🔄 Баланс: 136.2365865253$ | PnL: -2.76704514 💵 | Сделок: 45
[2025-08-28 06:25:10][TRADE] Закрыта позиция NOT-USDT-SWAP SHORT PnL: -0.09919706 Причина: SL Баланс: 146.1373895485 WinRate инструмента: 0%
🔄 Баланс: 146.1373895485$ | PnL: -2.8662422 💵 | Сделок: 46
[2025-08-28 06:25:58][TRADE] Закрыта позиция VIRTUAL-USDT-SWAP SHORT PnL: -0.13289995 Причина: SL Баланс: 145.99553237697 WinRate инструмента: 0%
🔄 Баланс: 145.99553237697$ | PnL: -2.99914215 💵 | Сделок: 47
[2025-08-28 06:25:58][TRADE] Закрыта позиция W-USDT-SWAP SHORT PnL: -0.11952509 Причина: SL Баланс: 155.87600723697 WinRate инструмента: 0%
🔄 Баланс: 155.87600723697$ | PnL: -3.11866724 💵 | Сделок: 48
[2025-08-28 06:26:42][TRADE] Закрыта позиция A-USDT-SWAP LONG PnL: 0.11241139 Причина: TP Баланс: 165.98843425697 WinRate инструмента: 100%
🔄 Баланс: 165.98843425697$ | PnL: -3.00625585 💵 | Сделок: 49
[2025-08-28 06:26:46][TRADE] Закрыта позиция AEVO-USDT-SWAP SHORT PnL: -0.10989058 Причина: SL Баланс: 175.87853930097 WinRate инструмента: 0%
🔄 Баланс: 175.87853930097$ | PnL: -3.11614643 💵 | Сделок: 50
[2025-08-28 06:27:00][TRADE] Закрыта позиция AXS-USDT-SWAP SHORT PnL: -0.10631971 Причина: SL Баланс: 175.763318526855 WinRate инструмента: 0%
🔄 Баланс: 175.763318526855$ | PnL: -3.22246614 💵 | Сделок: 51
[2025-08-28 06:27:00][TRADE] Закрыта позиция BABY-USDT-SWAP SHORT PnL: -0.11606674 Причина: SL Баланс: 185.647253363855 WinRate инструмента: 0%
🔄 Баланс: 185.647253363855$ | PnL: -3.33853288 💵 | Сделок: 52
[2025-08-28 06:27:24][TRADE] Закрыта позиция DYDX-USDT-SWAP SHORT PnL: -0.1077743 Причина: SL Баланс: 195.539477823855 WinRate инструмента: 0%
🔄 Баланс: 195.539477823855$ | PnL: -3.44630718 💵 | Сделок: 53
[2025-08-28 06:28:12][TRADE] Закрыта позиция MOODENG-USDT-SWAP SHORT PnL: -0.11061182 Причина: SL Баланс: 195.419861048453 WinRate инструмента: 0%
🔄 Баланс: 195.419861048453$ | PnL: -3.556919 💵 | Сделок: 54
[2025-08-28 06:28:28][TRADE] Закрыта позиция PEOPLE-USDT-SWAP SHORT PnL: -0.11698848 Причина: SL Баланс: 195.293873244138 WinRate инструмента: 0%
🔄 Баланс: 195.293873244138$ | PnL: -3.67390748 💵 | Сделок: 55
[2025-08-28 06:28:45][TRADE] Закрыта позиция SLP-USDT-SWAP SHORT PnL: -0.09004173 Причина: SL Баланс: 205.203831535938 WinRate инструмента: 0%
🔄 Баланс: 205.203831535938$ | PnL: -3.76394921 💵 | Сделок: 56
[2025-08-28 06:28:48][TRADE] Закрыта позиция SOPH-USDT-SWAP SHORT PnL: -0.10537099 Причина: SL Баланс: 215.098461255938 WinRate инструмента: 0%
🔄 Баланс: 215.098461255938$ | PnL: -3.8693202 💵 | Сделок: 57
[2025-08-28 06:28:56][TRADE] Закрыта позиция THETA-USDT-SWAP SHORT PnL: -0.10702836 Причина: SL Баланс: 224.991414915938 WinRate инструмента: 0%
🔄 Баланс: 224.991414915938$ | PnL: -3.97634856 💵 | Сделок: 58
[2025-08-28 06:30:27][TRADE] Закрыта позиция CVC-USDT-SWAP SHORT PnL: -0.08135604 Причина: SL Баланс: 214.892061288753 WinRate инструмента: 0%
🔄 Баланс: 214.892061288753$ | PnL: -4.0577046 💵 | Сделок: 59
[2025-08-28 06:30:56][TRADE] Закрыта позиция IMX-USDT-SWAP SHORT PnL: -0.11050377 Причина: SL Баланс: 224.781578718753 WinRate инструмента: 0%
🔄 Баланс: 224.781578718753$ | PnL: -4.16820837 💵 | Сделок: 60
[2025-08-28 06:31:02][TRADE] Закрыта позиция JTO-USDT-SWAP LONG PnL: 0.20894621 Причина: TP Баланс: 234.990564128753 WinRate инструмента: 100%
🔄 Баланс: 234.990564128753$ | PnL: -3.95926216 💵 | Сделок: 61
[2025-08-28 06:34:17][TRADE] Закрыта позиция IOTA-USDT-SWAP SHORT PnL: -0.10012906 Причина: SL Баланс: 204.854528694379 WinRate инструмента: 0%
🔄 Баланс: 204.854528694379$ | PnL: -4.05939122 💵 | Сделок: 62
[2025-08-28 06:36:50][TRADE] Закрыта позиция CATI-USDT-SWAP LONG PnL: 0.1087297 Причина: TP Баланс: 214.963256866379 WinRate инструмента: 50%
🔄 Баланс: 214.963256866379$ | PnL: -3.95066152 💵 | Сделок: 63
[2025-08-28 06:39:41][TRADE] Закрыта позиция SPK-USDT-SWAP SHORT PnL: 0.29245131 Причина: TP Баланс: 225.255710580379 WinRate инструмента: 100%
🔄 Баланс: 225.255710580379$ | PnL: -3.65821021 💵 | Сделок: 64
[2025-08-28 06:39:43][TRADE] Закрыта позиция A-USDT-SWAP LONG PnL: -0.07052386 Причина: SL Баланс: 235.185176120379 WinRate инструмента: 50%
🔄 Баланс: 235.185176120379$ | PnL: -3.72873407 💵 | Сделок: 65
[2025-08-28 06:46:05][TRADE] Закрыта позиция PI-USDT-SWAP LONG PnL: 0.07708127 Причина: TP Баланс: 235.253277650035 WinRate инструмента: 100%
🔄 Баланс: 235.253277650035$ | PnL: -3.6516528 💵 | Сделок: 66
[2025-08-28 06:47:08][TRADE] Закрыта позиция H-USDT-SWAP LONG PnL: -0.1461373 Причина: SL Баланс: 245.107139686035 WinRate инструмента: 0%
🔄 Баланс: 245.107139686035$ | PnL: -3.7977901 💵 | Сделок: 67
[2025-08-28 06:52:39][TRADE] Закрыта позиция PI-USDT-SWAP LONG PnL: -0.05490583 Причина: SL Баланс: 245.043233869715 WinRate инструмента: 50%
🔄 Баланс: 245.043233869715$ | PnL: -3.85269593 💵 | Сделок: 68
[2025-08-28 06:56:55][TRADE] Закрыта позиция GMT-USDT-SWAP LONG PnL: 0.17446303 Причина: TP Баланс: 245.208679184027 WinRate инструмента: 100%
🔄 Баланс: 245.208679184027$ | PnL: -3.6782329 💵 | Сделок: 69
[2025-08-28 07:00:45][TRADE] Закрыта позиция NEIRO-USDT-SWAP LONG PnL: -0.10230117 Причина: SL Баланс: 255.106378030327 WinRate инструмента: 0%
🔄 Баланс: 255.106378030327$ | PnL: -3.78053407 💵 | Сделок: 70
[2025-08-28 07:01:26][TRADE] Закрыта позиция TIA-USDT-SWAP LONG PnL: -0.10188423 Причина: SL Баланс: 265.004492200327 WinRate инструмента: 0%
🔄 Баланс: 265.004492200327$ | PnL: -3.8824183 💵 | Сделок: 71
[2025-08-28 07:03:56][TRADE] Закрыта позиция MINA-USDT-SWAP LONG PnL: -0.0960604 Причина: SL Баланс: 264.89943759254 WinRate инструмента: 0%
🔄 Баланс: 264.89943759254$ | PnL: -3.9784787 💵 | Сделок: 72
[2025-08-28 07:07:38][TRADE] Закрыта позиция RVN-USDT-SWAP LONG PnL: 0.16301735 Причина: TP Баланс: 275.06245460254 WinRate инструмента: 50%
🔄 Баланс: 275.06245460254$ | PnL: -3.81546135 💵 | Сделок: 73
[2025-08-28 07:10:56][TRADE] Закрыта позиция RENDER-USDT-SWAP SHORT PnL: -0.12210705 Причина: SL Баланс: 284.94032865254 WinRate инструмента: 0%
🔄 Баланс: 284.94032865254$ | PnL: -3.9375684 💵 | Сделок: 74
[2025-08-28 07:28:08][TRADE] Закрыта позиция TRX-USDT-SWAP SHORT PnL: -0.04701902 Причина: SL Баланс: 274.875295558258 WinRate инструмента: 0%
🔄 Баланс: 274.875295558258$ | PnL: -3.98458742 💵 | Сделок: 75
[2025-08-28 07:32:35][TRADE] Закрыта позиция BNB-USDT-SWAP SHORT PnL: -0.05988183 Причина: SL Баланс: 124.693916198199 WinRate инструмента: 0%
🔄 Баланс: 124.693916198199$ | PnL: -4.04446925 💵 | Сделок: 76
[2025-08-28 07:36:05][TRADE] Закрыта позиция CATI-USDT-SWAP LONG PnL: -0.08129813 Причина: SL Баланс: 14.5046407039004 WinRate инструмента: 33.33%
🔄 Баланс: 14.5046407039004$ | PnL: -4.12576738 💵 | Сделок: 77
[2025-08-28 07:36:24][TRADE] Закрыта позиция GMT-USDT-SWAP LONG PnL: 0.14387581 Причина: TP Баланс: 14.6395363245584 WinRate инструмента: 100%
🔄 Баланс: 14.6395363245584$ | PnL: -3.98189157 💵 | Сделок: 78
[2025-08-28 07:37:15][TRADE] Закрыта позиция ZRO-USDT-SWAP SHORT PnL: -0.11345793 Причина: SL Баланс: 14.5170367805514 WinRate инструмента: 0%
🔄 Баланс: 14.5170367805514$ | PnL: -4.0953495 💵 | Сделок: 79
[2025-08-28 07:44:39][TRADE] Закрыта позиция DYDX-USDT-SWAP LONG PnL: -0.10089675 Причина: SL Баланс: 14.4069379750134 WinRate инструмента: 0%
🔄 Баланс: 14.4069379750134$ | PnL: -4.19624625 💵 | Сделок: 80
[2025-08-28 07:46:16][TRADE] Закрыта позиция CRO-USDT-SWAP LONG PnL: 0.42487093 Причина: TP Баланс: 14.822794258045 WinRate инструмента: 100%
🔄 Баланс: 14.822794258045$ | PnL: -3.77137532 💵 | Сделок: 81
[2025-08-28 07:50:14][TRADE] Закрыта позиция ORBS-USDT-SWAP LONG PnL: 0.07139804 Причина: TP Баланс: 14.885195339989 WinRate инструмента: 100%
🔄 Баланс: 14.885195339989$ | PnL: -3.69997728 💵 | Сделок: 82
[2025-08-28 07:53:17][TRADE] Закрыта позиция GMT-USDT-SWAP LONG PnL: -0.08459359 Причина: SL Баланс: 14.7915996801701 WinRate инструмента: 75%
🔄 Баланс: 14.7915996801701$ | PnL: -3.78457087 💵 | Сделок: 83
[2025-08-28 07:56:33][TRADE] Закрыта позиция DEGEN-USDT-SWAP SHORT PnL: -0.1261241 Причина: SL Баланс: 14.6564754984981 WinRate инструмента: 0%
🔄 Баланс: 14.6564754984981$ | PnL: -3.91069497 💵 | Сделок: 84
[2025-08-28 07:57:00][TRADE] Закрыта позиция JST-USDT-SWAP LONG PnL: 0.29125054 Причина: TP Баланс: 14.9387239673191 WinRate инструмента: 100%
🔄 Баланс: 14.9387239673191$ | PnL: -3.61944443 💵 | Сделок: 85
[2025-08-28 08:00:11][TRADE] Закрыта позиция GMT-USDT-SWAP LONG PnL: 0.14238625 Причина: TP Баланс: 15.0721115264323 WinRate инструмента: 80%
🔄 Баланс: 15.0721115264323$ | PnL: -3.47705818 💵 | Сделок: 86
[2025-08-28 08:00:51][TRADE] Закрыта позиция SOLV-USDT-SWAP LONG PnL: -0.05179398 Причина: SL Баланс: 15.0113163853693 WinRate инструмента: 0%
🔄 Баланс: 15.0113163853693$ | PnL: -3.52885216 💵 | Сделок: 87
[2025-08-28 08:03:11][TRADE] Закрыта позиция A-USDT-SWAP LONG PnL: -0.07058397 Причина: SL Баланс: 14.9317138282943 WinRate инструмента: 33.33%
🔄 Баланс: 14.9317138282943$ | PnL: -3.59943613 💵 | Сделок: 88
[2025-08-28 08:04:12][TRADE] Закрыта позиция RVN-USDT-SWAP LONG PnL: -0.08015612 Причина: SL Баланс: 14.8425574405635 WinRate инструмента: 33.33%
🔄 Баланс: 14.8425574405635$ | PnL: -3.67959225 💵 | Сделок: 89
[2025-08-28 08:08:34][TRADE] Закрыта позиция DOT-USDT-SWAP SHORT PnL: -0.09918625 Причина: SL Баланс: 14.7345375698045 WinRate инструмента: 0%
🔄 Баланс: 14.7345375698045$ | PnL: -3.7787785 💵 | Сделок: 90
[2025-08-28 08:10:45][TRADE] Закрыта позиция MUBARAK-USDT-SWAP SHORT PnL: -0.12317194 Причина: SL Баланс: 14.6023653984507 WinRate инструмента: 0%
🔄 Баланс: 14.6023653984507$ | PnL: -3.90195044 💵 | Сделок: 91
[2025-08-28 08:11:01][TRADE] Закрыта позиция SAHARA-USDT-SWAP SHORT PnL: -0.09767081 Причина: SL Баланс: 14.4956985871275 WinRate инструмента: 0%
🔄 Баланс: 14.4956985871275$ | PnL: -3.99962125 💵 | Сделок: 92
[2025-08-28 08:13:33][TRADE] Закрыта позиция LTC-USD-SWAP SHORT PnL: -0.09100077 Причина: SL Баланс: 14.39271764197 WinRate инструмента: 0%
🔄 Баланс: 14.39271764197$ | PnL: -4.09062202 💵 | Сделок: 93
[2025-08-28 08:14:11][TRADE] Закрыта позиция GMT-USDT-SWAP LONG PnL: -0.08219059 Причина: SL Баланс: 14.301535111863 WinRate инструмента: 66.67%
🔄 Баланс: 14.301535111863$ | PnL: -4.17281261 💵 | Сделок: 94
[2025-08-28 08:28:45][TRADE] Закрыта позиция ADA-USD-SWAP SHORT PnL: -0.1011686 Причина: SL Баланс: 14.1913937097276 WinRate инструмента: 0%
🔄 Баланс: 14.1913937097276$ | PnL: -4.27398121 💵 | Сделок: 95
[2025-08-28 08:35:31][TRADE] Закрыта позиция ETHW-USDT-SWAP SHORT PnL: -0.10431471 Причина: SL Баланс: 14.0780347210056 WinRate инструмента: 0%
🔄 Баланс: 14.0780347210056$ | PnL: -4.37829592 💵 | Сделок: 96
[2025-08-28 08:38:36][TRADE] Закрыта позиция BOME-USDT-SWAP SHORT PnL: -0.13035029 Причина: SL Баланс: 13.9386939229016 WinRate инструмента: 0%
🔄 Баланс: 13.9386939229016$ | PnL: -4.50864621 💵 | Сделок: 97
[2025-08-28 08:38:40][TRADE] Закрыта позиция CFX-USDT-SWAP SHORT PnL: -0.09521236 Причина: SL Баланс: 23.8434776829016 WinRate инструмента: 0%
🔄 Баланс: 23.8434776829016$ | PnL: -4.60385857 💵 | Сделок: 98
[2025-08-28 08:38:42][TRADE] Закрыта позиция COOKIE-USDT-SWAP SHORT PnL: -0.13967915 Причина: SL Баланс: 33.7038027249016 WinRate инструмента: 0%
🔄 Баланс: 33.7038027249016$ | PnL: -4.74353772 💵 | Сделок: 99
[2025-08-28 08:39:17][TRADE] Закрыта позиция LTC-USDT-SWAP SHORT PnL: -0.08915401 Причина: SL Баланс: 13.5847371019576 WinRate инструмента: 0%
🔄 Баланс: 13.5847371019576$ | PnL: -4.83269173 💵 | Сделок: 100
[2025-08-28 08:40:01][TRADE] Закрыта позиция ETH-USDC-SWAP SHORT PnL: -0.10314641 Причина: SL Баланс: 13.4113987087728 WinRate инструмента: 0%
🔄 Баланс: 13.4113987087728$ | PnL: -4.93583814 💵 | Сделок: 101
[2025-08-28 08:40:12][TRADE] Закрыта позиция ETH-USD-SWAP SHORT PnL: -0.10493061 Причина: SL Баланс: 11.9632878707728 WinRate инструмента: 0%
🔄 Баланс: 11.9632878707728$ | PnL: -5.04076875 💵 | Сделок: 102
[2025-08-28 08:40:24][TRADE] Закрыта позиция ETH-USDT-SWAP SHORT PnL: -0.10528929 Причина: SL Баланс: 10.5096901727728 WinRate инструмента: 0%
🔄 Баланс: 10.5096901727728$ | PnL: -5.14605804 💵 | Сделок: 103
[2025-08-28 08:40:42][TRADE] Закрыта позиция AR-USDT-SWAP SHORT PnL: -0.12028413 Причина: SL Баланс: 20.3893870427728 WinRate инструмента: 0%
🔄 Баланс: 20.3893870427728$ | PnL: -5.26634217 💵 | Сделок: 104
[2025-08-28 08:41:05][TRADE] Закрыта позиция EGLD-USDT-SWAP SHORT PnL: -0.09892367 Причина: SL Баланс: 10.2333058057987 WinRate инструмента: 0%
🔄 Баланс: 10.2333058057987$ | PnL: -5.36526584 💵 | Сделок: 105
[2025-08-28 08:41:16][TRADE] Закрыта позиция GMT-USDT-SWAP LONG PnL: -0.0812315 Причина: SL Баланс: 20.1520728857987 WinRate инструмента: 57.14%
🔄 Баланс: 20.1520728857987$ | PnL: -5.44649734 💵 | Сделок: 106
[2025-08-28 08:43:40][TRADE] Закрыта позиция ETC-USDT-SWAP SHORT PnL: -0.09326261 Причина: SL Баланс: 10.0400206601362 WinRate инструмента: 0%
🔄 Баланс: 10.0400206601362$ | PnL: -5.53975995 💵 | Сделок: 107
[2025-08-28 08:44:19][TRADE] Закрыта позиция S-USDT-SWAP SHORT PnL: -0.12615998 Причина: SL Баланс: 9.90485941966437 WinRate инструмента: 0%
🔄 Баланс: 9.90485941966437$ | PnL: -5.66591993 💵 | Сделок: 108
[2025-08-28 08:44:34][TRADE] Закрыта позиция WLD-USDT-SWAP SHORT PnL: -0.12348999 Причина: SL Баланс: 19.7813824696644 WinRate инструмента: 0%
🔄 Баланс: 19.7813824696644$ | PnL: -5.78940992 💵 | Сделок: 109
[2025-08-28 08:44:35][TRADE] Закрыта позиция XLM-USDT-SWAP SHORT PnL: -0.10571907 Причина: SL Баланс: 19.6666614764018 WinRate инструмента: 0%
🔄 Баланс: 19.6666614764018$ | PnL: -5.89512899 💵 | Сделок: 110
[2025-08-28 08:44:39][TRADE] Закрыта позиция ZK-USDT-SWAP SHORT PnL: -0.12778358 Причина: SL Баланс: 19.5795253334018 WinRate инструмента: 0%
🔄 Баланс: 19.5795253334018$ | PnL: -6.02291257 💵 | Сделок: 111
[2025-08-28 08:44:54][TRADE] Закрыта позиция LINK-USD-SWAP SHORT PnL: -0.13963984 Причина: SL Баланс: 19.4303916291318 WinRate инструмента: 0%
🔄 Баланс: 19.4303916291318$ | PnL: -6.16255241 💵 | Сделок: 112
[2025-08-28 08:45:27][TRADE] Закрыта позиция BRETT-USDT-SWAP SHORT PnL: -0.1500563 Причина: SL Баланс: 19.2713162029318 WinRate инструмента: 0%
🔄 Баланс: 19.2713162029318$ | PnL: -6.31260871 💵 | Сделок: 113
[2025-08-28 08:45:36][TRADE] Закрыта позиция CVX-USDT-SWAP SHORT PnL: -0.22343232 Причина: SL Баланс: 29.0479755829318 WinRate инструмента: 50%
🔄 Баланс: 29.0479755829318$ | PnL: -6.53604103 💵 | Сделок: 114
[2025-08-28 08:45:58][TRADE] Закрыта позиция GRIFFAIN-USDT-SWAP SHORT PnL: -0.10783195 Причина: SL Баланс: 38.9401445229318 WinRate инструмента: 0%
🔄 Баланс: 38.9401445229318$ | PnL: -6.64387298 💵 | Сделок: 115
[2025-08-28 08:46:18][TRADE] Закрыта позиция LINK-USDT-SWAP SHORT PnL: -0.14295316 Причина: SL Баланс: 48.7961067629318 WinRate инструмента: 0%
🔄 Баланс: 48.7961067629318$ | PnL: -6.78682614 💵 | Сделок: 116
[2025-08-28 08:46:44][TRADE] Закрыта позиция PENGU-USDT-SWAP SHORT PnL: -0.14878562 Причина: SL Баланс: 38.6293339746768 WinRate инструмента: 0%
🔄 Баланс: 38.6293339746768$ | PnL: -6.93561176 💵 | Сделок: 117
[2025-08-28 08:48:08][TRADE] Закрыта позиция GMT-USDT-SWAP LONG PnL: -0.08485675 Причина: SL Баланс: 18.5175872291186 WinRate инструмента: 50%
🔄 Баланс: 18.5175872291186$ | PnL: -7.02046851 💵 | Сделок: 118
[2025-08-28 08:48:49][TRADE] Закрыта позиция ONDO-USDT-SWAP SHORT PnL: -0.12199409 Причина: SL Баланс: 18.3897097188186 WinRate инструмента: 0%
🔄 Баланс: 18.3897097188186$ | PnL: -7.1424626 💵 | Сделок: 119
[2025-08-28 08:49:46][TRADE] Закрыта позиция ALGO-USDT-SWAP SHORT PnL: -0.13411223 Причина: SL Баланс: 18.2465975802866 WinRate инструмента: 0%
🔄 Баланс: 18.2465975802866$ | PnL: -7.27657483 💵 | Сделок: 120
[2025-08-28 08:50:06][TRADE] Закрыта позиция EIGEN-USDT-SWAP SHORT PnL: -0.14125255 Причина: SL Баланс: 18.0963845585027 WinRate инструмента: 0%
🔄 Баланс: 18.0963845585027$ | PnL: -7.41782738 💵 | Сделок: 121
[2025-08-28 08:50:21][TRADE] Закрыта позиция HBAR-USDT-SWAP SHORT PnL: -0.11625181 Причина: SL Баланс: 17.9711253047312 WinRate инструмента: 0%
🔄 Баланс: 17.9711253047312$ | PnL: -7.53407919 💵 | Сделок: 122
[2025-08-28 08:50:38][TRADE] Закрыта позиция LDO-USDT-SWAP SHORT PnL: -0.12695538 Причина: SL Баланс: 27.8441463847312 WinRate инструмента: 0%
🔄 Баланс: 27.8441463847312$ | PnL: -7.66103457 💵 | Сделок: 123
[2025-08-28 08:50:53][TRADE] Закрыта позиция NEIROETH-USDT-SWAP SHORT PnL: -0.12307261 Причина: SL Баланс: 17.703066984678 WinRate инструмента: 0%
🔄 Баланс: 17.703066984678$ | PnL: -7.78410718 💵 | Сделок: 124
[2025-08-28 08:50:58][TRADE] Закрыта позиция OM-USDT-SWAP SHORT PnL: -0.09532466 Причина: SL Баланс: 27.607741304678 WinRate инструмента: 0%
🔄 Баланс: 27.607741304678$ | PnL: -7.87943184 💵 | Сделок: 125
[2025-08-28 08:51:09][TRADE] Закрыта позиция PRCL-USDT-SWAP SHORT PnL: -0.12228704 Причина: SL Баланс: 27.476433380353 WinRate инструмента: 0%
🔄 Баланс: 27.476433380353$ | PnL: -8.00171888 💵 | Сделок: 126
[2025-08-28 08:51:15][TRADE] Закрыта позиция RSR-USDT-SWAP SHORT PnL: -0.12211908 Причина: SL Баланс: 27.345223575133 WinRate инструмента: 0%
🔄 Баланс: 27.345223575133$ | PnL: -8.12383796 💵 | Сделок: 127
[2025-08-28 08:52:31][TRADE] Закрыта позиция CETUS-USDT-SWAP SHORT PnL: -0.13599561 Причина: SL Баланс: 17.191168207383 WinRate инструмента: 0%
🔄 Баланс: 17.191168207383$ | PnL: -8.25983357 💵 | Сделок: 128
[2025-08-28 08:52:42][TRADE] Закрыта позиция ENS-USDT-SWAP SHORT PnL: -0.10984149 Причина: SL Баланс: 17.0726750703205 WinRate инструмента: 0%
🔄 Баланс: 17.0726750703205$ | PnL: -8.36967506 💵 | Сделок: 129
[2025-08-28 08:53:53][TRADE] Закрыта позиция DOGE-USD-SWAP LONG PnL: 0.14126857 Причина: TP Баланс: 17.2048695601205 WinRate инструмента: 100%
🔄 Баланс: 17.2048695601205$ | PnL: -8.22840649 💵 | Сделок: 130
[2025-08-28 08:53:55][TRADE] Закрыта позиция FIL-USD-SWAP SHORT PnL: -0.08023138 Причина: SL Баланс: 17.1156951954485 WinRate инструмента: 0%
🔄 Баланс: 17.1156951954485$ | PnL: -8.30863787 💵 | Сделок: 131
[2025-08-28 08:54:04][TRADE] Закрыта позиция AI16Z-USDT-SWAP LONG PnL: 0.23291589 Причина: TP Баланс: 17.3356729403485 WinRate инструмента: 100%
🔄 Баланс: 17.3356729403485$ | PnL: -8.07572198 💵 | Сделок: 132
[2025-08-28 08:55:52][TRADE] Закрыта позиция CHZ-USDT-SWAP LONG PnL: 0.11064058 Причина: TP Баланс: 17.4373138657885 WinRate инструмента: 50%
🔄 Баланс: 17.4373138657885$ | PnL: -7.9650814 💵 | Сделок: 133
[2025-08-28 08:56:34][TRADE] Закрыта позиция PYTH-USDT-SWAP LONG PnL: 0.16845546 Причина: TP Баланс: 17.5967615128355 WinRate инструмента: 50%
🔄 Баланс: 17.5967615128355$ | PnL: -7.79662594 💵 | Сделок: 134
[2025-08-28 08:58:38][TRADE] Закрыта позиция ZETA-USDT-SWAP LONG PnL: 0.14797029 Причина: TP Баланс: 17.7357283033305 WinRate инструмента: 100%
🔄 Баланс: 17.7357283033305$ | PnL: -7.64865565 💵 | Сделок: 135
[2025-08-28 08:58:38][TRADE] Закрыта позиция ZIL-USDT-SWAP LONG PnL: 0.12967923 Причина: TP Баланс: 27.8654072273305 WinRate инструмента: 100%
🔄 Баланс: 27.8654072273305$ | PnL: -7.51897642 💵 | Сделок: 136
[2025-08-28 08:59:56][TRADE] Закрыта позиция PLUME-USDT-SWAP SHORT PnL: -0.19346196 Причина: SL Баланс: 16.3603386328755 WinRate инструмента: 0%
🔄 Баланс: 16.3603386328755$ | PnL: -7.71243838 💵 | Сделок: 137
[2025-08-28 09:01:27][TRADE] Закрыта позиция MANA-USDT-SWAP LONG PnL: 0.14334595 Причина: TP Баланс: 16.4946813236765 WinRate инструмента: 100%
🔄 Баланс: 16.4946813236765$ | PnL: -7.56909243 💵 | Сделок: 138
[2025-08-28 09:02:02][TRADE] Закрыта позиция SOLV-USDT-SWAP LONG PnL: -0.05247066 Причина: SL Баланс: 16.4332106050645 WinRate инструмента: 0%
🔄 Баланс: 16.4332106050645$ | PnL: -7.62156309 💵 | Сделок: 139
[2025-08-28 09:02:39][TRADE] Закрыта позиция TON-USDT-SWAP SHORT PnL: -0.07614014 Причина: SL Баланс: 16.3480982310065 WinRate инструмента: 0%
🔄 Баланс: 16.3480982310065$ | PnL: -7.69770323 💵 | Сделок: 140
[2025-08-28 09:03:50][TRADE] Закрыта позиция THETA-USDT-SWAP LONG PnL: 0.1445901 Причина: TP Баланс: 16.4836751928785 WinRate инструмента: 50%
🔄 Баланс: 16.4836751928785$ | PnL: -7.55311313 💵 | Сделок: 141
[2025-08-28 09:05:10][TRADE] Закрыта позиция NEAR-USDT-SWAP SHORT PnL: -0.10741875 Причина: SL Баланс: 16.3673500427784 WinRate инструмента: 0%
🔄 Баланс: 16.3673500427784$ | PnL: -7.66053188 💵 | Сделок: 142
[2025-08-28 09:06:53][TRADE] Закрыта позиция GOAT-USDT-SWAP LONG PnL: 0.18430153 Причина: TP Баланс: 16.5426316210774 WinRate инструмента: 50%
🔄 Баланс: 16.5426316210774$ | PnL: -7.47623035 💵 | Сделок: 143
[2025-08-28 09:10:17][TRADE] Закрыта позиция GPS-USDT-SWAP LONG PnL: 0.2468965 Причина: TP Баланс: 16.7803842835674 WinRate инструмента: 100%
🔄 Баланс: 16.7803842835674$ | PnL: -7.22933385 💵 | Сделок: 144
[2025-08-28 09:12:01][TRADE] Закрыта позиция JST-USDT-SWAP LONG PnL: -0.13509233 Причина: SL Баланс: 16.636283148688 WinRate инструмента: 50%
🔄 Баланс: 16.636283148688$ | PnL: -7.36442618 💵 | Сделок: 145
[2025-08-28 09:13:35][TRADE] Закрыта позиция GMT-USDT-SWAP LONG PnL: -0.08561258 Причина: SL Баланс: 16.541975879448 WinRate инструмента: 44.44%
🔄 Баланс: 16.541975879448$ | PnL: -7.45003876 💵 | Сделок: 146
[2025-08-28 09:18:41][TRADE] Закрыта позиция DOT-USDT-SWAP LONG PnL: 0.12925555 Причина: TP Баланс: 16.662060616308 WinRate инструмента: 50%
🔄 Баланс: 16.662060616308$ | PnL: -7.32078321 💵 | Сделок: 147
[2025-08-28 09:22:24][TRADE] Закрыта позиция NEWT-USDT-SWAP LONG PnL: 0.17364543 Причина: TP Баланс: 16.82669375748 WinRate инструмента: 50%
🔄 Баланс: 16.82669375748$ | PnL: -7.14713778 💵 | Сделок: 148
[2025-08-28 09:29:07][TRADE] Закрыта позиция H-USDT-SWAP LONG PnL: 0.26047282 Причина: TP Баланс: 17.07818834428 WinRate инструмента: 50%
🔄 Баланс: 17.07818834428$ | PnL: -6.88666496 💵 | Сделок: 149
[2025-08-28 09:37:05][TRADE] Закрыта позиция NEWT-USDT-SWAP LONG PnL: -0.0992321 Причина: SL Баланс: 16.969956239924 WinRate инструмента: 33.33%
🔄 Баланс: 16.969956239924$ | PnL: -6.98589706 💵 | Сделок: 150
[2025-08-28 09:43:01][TRADE] Закрыта позиция MAGIC-USDT-SWAP LONG PnL: -0.14384222 Причина: SL Баланс: 16.8171054881382 WinRate инструмента: 0%
🔄 Баланс: 16.8171054881382$ | PnL: -7.12973928 💵 | Сделок: 151
[2025-08-28 09:44:40][TRADE] Закрыта позиция LTC-USD-SWAP LONG PnL: -0.0670075 Причина: SL Баланс: 16.7450474975882 WinRate инструмента: 0%
🔄 Баланс: 16.7450474975882$ | PnL: -7.19674678 💵 | Сделок: 152
[2025-08-28 09:45:35][TRADE] Закрыта позиция DOOD-USDT-SWAP LONG PnL: -0.10843378 Причина: SL Баланс: 26.6366137540882 WinRate инструмента: 0%
🔄 Баланс: 26.6366137540882$ | PnL: -7.30518056 💵 | Сделок: 153
[2025-08-28 09:45:55][TRADE] Закрыта позиция HBAR-USDT-SWAP LONG PnL: -0.07596578 Причина: SL Баланс: 26.5516571895032 WinRate инструмента: 0%
🔄 Баланс: 26.5516571895032$ | PnL: -7.38114634 💵 | Сделок: 154
[2025-08-28 09:47:17][TRADE] Закрыта позиция TURBO-USDT-SWAP LONG PnL: -0.08891824 Причина: SL Баланс: 26.4537278195952 WinRate инструмента: 0%
🔄 Баланс: 26.4537278195952$ | PnL: -7.47006458 💵 | Сделок: 155
[2025-08-28 09:49:53][TRADE] Закрыта позиция ONDO-USDT-SWAP LONG PnL: -0.08582465 Причина: SL Баланс: 26.3589227599012 WinRate инструмента: 0%
🔄 Баланс: 26.3589227599012$ | PnL: -7.55588923 💵 | Сделок: 156
[2025-08-28 09:55:04][TRADE] Закрыта позиция DOGE-USD-SWAP LONG PnL: -0.08153643 Причина: SL Баланс: 26.2683812679905 WinRate инструмента: 50%
🔄 Баланс: 26.2683812679905$ | PnL: -7.63742566 💵 | Сделок: 157
[2025-08-28 10:10:36][TRADE] Закрыта позиция PNUT-USDT-SWAP LONG PnL: -0.10447347 Причина: SL Баланс: 16.1458909231045 WinRate инструмента: 0%
🔄 Баланс: 16.1458909231045$ | PnL: -7.74189913 💵 | Сделок: 158
[2025-08-28 10:10:47][TRADE] Закрыта позиция SAND-USDT-SWAP LONG PnL: -0.07852109 Причина: SL Баланс: 26.0673692831045 WinRate инструмента: 0%
🔄 Баланс: 26.0673692831045$ | PnL: -7.82042022 💵 | Сделок: 159
[2025-08-28 10:10:59][TRADE] Закрыта позиция SUSHI-USDT-SWAP LONG PnL: -0.09997821 Причина: SL Баланс: 35.9674129631045 WinRate инструмента: 0%
🔄 Баланс: 35.9674129631045$ | PnL: -7.92039843 💵 | Сделок: 160
