🔄 2025-09-01 20:35:52 Баланс: 1000$ | PnL: 0 💵 | Сделок: 0 | WinRate: 0%
🔄 2025-09-01 20:38:18 Баланс: 9.00773098173842$ | PnL: 0 💵 | Сделок: 0 | WinRate: 0%
🔄 2025-09-01 20:40:14 Баланс: 9.00773098173842$ | PnL: 0 💵 | Сделок: 0 | WinRate: 0%
🔄 2025-09-01 20:42:09 Баланс: 8.88138682386742$ | PnL: -0.11733454 💵 | Сделок: 1 | WinRate: 0%
🔄 2025-09-01 20:44:06 Баланс: 8.88138682386742$ | PnL: -0.11733454 💵 | Сделок: 1 | WinRate: 0%
🔄 2025-09-01 20:45:49 Баланс: 8.88138682386742$ | PnL: -0.11733454 💵 | Сделок: 1 | WinRate: 0%
🔄 2025-09-01 20:47:29 Баланс: 8.88138682386742$ | PnL: -0.11733454 💵 | Сделок: 1 | WinRate: 0%
🔄 2025-09-01 20:49:38 Баланс: 8.55578054610011$ | PnL: -0.41620116 💵 | Сделок: 4 | WinRate: 0%
🔄 2025-09-01 20:51:23 Баланс: 8.55578054610011$ | PnL: -0.41620116 💵 | Сделок: 4 | WinRate: 0%
🔄 2025-09-01 20:53:08 Баланс: 8.55578054610011$ | PnL: -0.41620116 💵 | Сделок: 4 | WinRate: 0%
🔄 2025-09-01 20:54:51 Баланс: 8.55578054610011$ | PnL: -0.41620116 💵 | Сделок: 4 | WinRate: 0%
🔄 2025-09-01 20:56:33 Баланс: 8.55578054610011$ | PnL: -0.41620116 💵 | Сделок: 4 | WinRate: 0%
🔄 2025-09-01 20:58:13 Баланс: 8.55578054610011$ | PnL: -0.41620116 💵 | Сделок: 4 | WinRate: 0%
🔄 2025-09-01 20:59:56 Баланс: 8.55578054610011$ | PnL: -0.41620116 💵 | Сделок: 4 | WinRate: 0%
🔄 2025-09-01 21:01:37 Баланс: 8.55578054610011$ | PnL: -0.41620116 💵 | Сделок: 4 | WinRate: 0%
🔄 2025-09-01 21:03:17 Баланс: 8.55578054610011$ | PnL: -0.41620116 💵 | Сделок: 4 | WinRate: 0%
🔄 2025-09-01 21:05:00 Баланс: 8.55578054610011$ | PnL: -0.41620116 💵 | Сделок: 4 | WinRate: 0%
🔄 2025-09-01 21:06:42 Баланс: 8.55578054610011$ | PnL: -0.41620116 💵 | Сделок: 4 | WinRate: 0%
🔄 2025-09-01 21:08:24 Баланс: 8.41298943638811$ | PnL: -0.55000729 💵 | Сделок: 5 | WinRate: 0%
🔄 2025-09-01 21:10:04 Баланс: 8.41298943638811$ | PnL: -0.55000729 💵 | Сделок: 5 | WinRate: 0%
🔄 2025-09-01 21:11:44 Баланс: 8.41298943638811$ | PnL: -0.55000729 💵 | Сделок: 5 | WinRate: 0%
🔄 2025-09-01 21:13:25 Баланс: 8.41298943638811$ | PnL: -0.55000729 💵 | Сделок: 5 | WinRate: 0%
🔄 2025-09-01 21:15:07 Баланс: 8.60841734401811$ | PnL: -0.40647203 💵 | Сделок: 9 | WinRate: 33.33%
🔄 2025-09-01 21:16:46 Баланс: 8.60841734401811$ | PnL: -0.40647203 💵 | Сделок: 9 | WinRate: 33.33%
🔄 2025-09-01 21:18:26 Баланс: 8.51455976185011$ | PnL: -0.49132658 💵 | Сделок: 10 | WinRate: 30%
🔄 2025-09-01 21:20:09 Баланс: 8.65323809643871$ | PnL: -0.34364121 💵 | Сделок: 11 | WinRate: 36.36%
🔄 2025-09-01 21:21:49 Баланс: 8.65323809643871$ | PnL: -0.34364121 💵 | Сделок: 11 | WinRate: 36.36%
🔄 2025-09-01 21:23:28 Баланс: 8.65323809643871$ | PnL: -0.34364121 💵 | Сделок: 11 | WinRate: 36.36%
🔄 2025-09-01 21:25:29 Баланс: 8.65323809643871$ | PnL: -0.34364121 💵 | Сделок: 11 | WinRate: 36.36%
🔄 2025-09-01 21:27:11 Баланс: 8.89593181966171$ | PnL: -0.07401013 💵 | Сделок: 14 | WinRate: 50%
🔄 2025-09-01 21:28:56 Баланс: 9.4541392689711$ | PnL: 0.54965439 💵 | Сделок: 22 | WinRate: 68.18%
🔄 2025-09-01 21:30:37 Баланс: 9.6173198965119$ | PnL: 0.73070872 💵 | Сделок: 24 | WinRate: 70.83%
🔄 2025-09-01 21:32:18 Баланс: 9.7287037024319$ | PnL: 0.8514833 💵 | Сделок: 25 | WinRate: 72%
🔄 2025-09-01 21:34:13 Баланс: 0.0649691080531181$ | PnL: 1.18871485 💵 | Сделок: 32 | WinRate: 75%
🔄 2025-09-01 21:35:56 Баланс: 0.129250166303118$ | PnL: 1.26265746 💵 | Сделок: 33 | WinRate: 75.76%
🔄 2025-09-01 21:37:36 Баланс: 0.311205965875919$ | PnL: 1.46278322 💵 | Сделок: 35 | WinRate: 77.14%
🔄 2025-09-01 21:39:18 Баланс: 0.55298134970098$ | PnL: 1.72252046 💵 | Сделок: 37 | WinRate: 78.38%
🔄 2025-09-01 21:40:58 Баланс: 0.55298134970098$ | PnL: 1.72252046 💵 | Сделок: 37 | WinRate: 78.38%
🔄 2025-09-01 21:42:38 Баланс: 0.618994444300981$ | PnL: 1.80374628 💵 | Сделок: 38 | WinRate: 78.95%
🔄 2025-09-01 21:44:19 Баланс: 0.584708616300981$ | PnL: 1.74494798 💵 | Сделок: 39 | WinRate: 76.92%
🔄 2025-09-01 21:46:00 Баланс: 0.584708616300981$ | PnL: 1.74494798 💵 | Сделок: 39 | WinRate: 76.92%
🔄 2025-09-01 21:47:40 Баланс: 0.584708616300981$ | PnL: 1.74494798 💵 | Сделок: 39 | WinRate: 76.92%
🔄 2025-09-01 21:49:21 Баланс: 0.584708616300981$ | PnL: 1.74494798 💵 | Сделок: 39 | WinRate: 76.92%
🔄 2025-09-01 21:51:01 Баланс: 0.584708616300981$ | PnL: 1.74494798 💵 | Сделок: 39 | WinRate: 76.92%
🔄 2025-09-01 21:52:43 Баланс: 0.584708616300981$ | PnL: 1.74494798 💵 | Сделок: 39 | WinRate: 76.92%
🔄 2025-09-01 21:54:25 Баланс: 0.468996323294181$ | PnL: 1.63822733 💵 | Сделок: 40 | WinRate: 75%
🔄 2025-09-01 21:56:05 Баланс: 0.468996323294181$ | PnL: 1.63822733 💵 | Сделок: 40 | WinRate: 75%
🔄 2025-09-01 21:57:45 Баланс: 0.468996323294181$ | PnL: 1.63822733 💵 | Сделок: 40 | WinRate: 75%
🔄 2025-09-01 21:59:26 Баланс: 0.468996323294181$ | PnL: 1.63822733 💵 | Сделок: 40 | WinRate: 75%
🔄 2025-09-01 22:01:29 Баланс: 0.468996323294181$ | PnL: 1.63822733 💵 | Сделок: 40 | WinRate: 75%
🔄 2025-09-01 22:03:09 Баланс: 0.468996323294181$ | PnL: 1.63822733 💵 | Сделок: 40 | WinRate: 75%
🔄 2025-09-01 22:04:51 Баланс: 0.600145198968983$ | PnL: 1.77837331 💵 | Сделок: 41 | WinRate: 75.61%
🔄 2025-09-01 22:06:32 Баланс: 0.529705987442982$ | PnL: 1.71687548 💵 | Сделок: 42 | WinRate: 73.81%
🔄 2025-09-01 22:08:15 Баланс: 0.436467426391882$ | PnL: 1.63262424 💵 | Сделок: 43 | WinRate: 72.09%
🔄 2025-09-01 22:09:57 Баланс: 0.573314669611083$ | PnL: 1.77847712 💵 | Сделок: 44 | WinRate: 72.73%
🔄 2025-09-01 22:11:37 Баланс: 0.573314669611083$ | PnL: 1.77847712 💵 | Сделок: 44 | WinRate: 72.73%
🔄 2025-09-01 22:13:41 Баланс: 0.45045560852108$ | PnL: 1.66450418 💵 | Сделок: 45 | WinRate: 71.11%
🔄 2025-09-01 22:15:59 Баланс: 0.308175253284078$ | PnL: 1.53122258 💵 | Сделок: 46 | WinRate: 69.57%
🔄 2025-09-01 22:17:45 Баланс: 0.0590523515130794$ | PnL: 1.29972262 💵 | Сделок: 48 | WinRate: 66.67%
🔄 2025-09-01 22:19:25 Баланс: 0.0590523515130794$ | PnL: 1.29972262 💵 | Сделок: 48 | WinRate: 66.67%
🔄 2025-09-01 22:21:06 Баланс: 9.81569226749528$ | PnL: 1.06553127 💵 | Сделок: 50 | WinRate: 64%
🔄 2025-09-01 22:22:53 Баланс: 9.76782075983955$ | PnL: 1.044662 💵 | Сделок: 53 | WinRate: 62.26%
🔄 2025-09-01 22:24:34 Баланс: 9.63269758132075$ | PnL: 0.91852793 💵 | Сделок: 54 | WinRate: 61.11%
🔄 2025-09-01 22:26:32 Баланс: 9.49758385367075$ | PnL: 0.79241407 💵 | Сделок: 55 | WinRate: 60%
🔄 2025-09-01 22:28:10 Баланс: 9.49758385367075$ | PnL: 0.79241407 💵 | Сделок: 55 | WinRate: 60%
🔄 2025-09-01 22:29:49 Баланс: 9.49758385367075$ | PnL: 0.79241407 💵 | Сделок: 55 | WinRate: 60%
🔄 2025-09-01 22:31:29 Баланс: 9.49758385367075$ | PnL: 0.79241407 💵 | Сделок: 55 | WinRate: 60%
🔄 2025-09-01 22:34:33 Баланс: 38.5276498627314$ | PnL: -0.121122760000001 💵 | Сделок: 65 | WinRate: 50.77%
🔄 2025-09-01 22:37:09 Баланс: 8.31365388434376$ | PnL: -0.28829729 💵 | Сделок: 67 | WinRate: 49.25%
🔄 2025-09-01 22:38:49 Баланс: 8.31365388434376$ | PnL: -0.28829729 💵 | Сделок: 67 | WinRate: 49.25%
🔄 2025-09-01 22:40:28 Баланс: 8.31365388434376$ | PnL: -0.28829729 💵 | Сделок: 67 | WinRate: 49.25%
🔄 2025-09-01 22:42:07 Баланс: 8.31365388434376$ | PnL: -0.28829729 💵 | Сделок: 67 | WinRate: 49.25%
🔄 2025-09-01 22:44:04 Баланс: 8.14103071411876$ | PnL: -0.44302385 💵 | Сделок: 69 | WinRate: 47.83%
🔄 2025-09-01 22:46:40 Баланс: 7.89514203872381$ | PnL: -0.670826630000001 💵 | Сделок: 71 | WinRate: 46.48%
🔄 2025-09-01 22:49:28 Баланс: 7.66614916614781$ | PnL: -0.881553030000001 💵 | Сделок: 73 | WinRate: 45.21%
🔄 2025-09-01 22:51:07 Баланс: 7.66614916614781$ | PnL: -0.881553030000001 💵 | Сделок: 73 | WinRate: 45.21%
🔄 2025-09-01 22:52:47 Баланс: 7.66614916614781$ | PnL: -0.881553030000001 💵 | Сделок: 73 | WinRate: 45.21%
🔄 2025-09-01 22:55:12 Баланс: 7.76064411997982$ | PnL: -0.778063250000001 💵 | Сделок: 74 | WinRate: 45.95%
🔄 2025-09-01 22:58:16 Баланс: 7.73777172010032$ | PnL: -0.93969922 💵 | Сделок: 77 | WinRate: 45.45%
🔄 2025-09-01 22:59:56 Баланс: 7.73777172010032$ | PnL: -0.93969922 💵 | Сделок: 77 | WinRate: 45.45%
🔄 2025-09-01 23:01:36 Баланс: 7.73777172010032$ | PnL: -0.93969922 💵 | Сделок: 77 | WinRate: 45.45%
🔄 2025-09-01 23:03:16 Баланс: 7.73777172010032$ | PnL: -0.93969922 💵 | Сделок: 77 | WinRate: 45.45%
🔄 2025-09-01 23:04:53 Баланс: 7.73777172010032$ | PnL: -0.93969922 💵 | Сделок: 77 | WinRate: 45.45%
🔄 2025-09-01 23:07:39 Баланс: 27.4660482301003$ | PnL: -1.21138031 💵 | Сделок: 79 | WinRate: 44.3%
🔄 2025-09-01 23:10:53 Баланс: 17.7317212592029$ | PnL: -0.92770808 💵 | Сделок: 80 | WinRate: 45%
🔄 2025-09-01 23:13:03 Баланс: 7.57897358228488$ | PnL: -1.06243085 💵 | Сделок: 81 | WinRate: 44.44%
🔄 2025-09-01 23:14:58 Баланс: 7.42243865376988$ | PnL: -1.20976283 💵 | Сделок: 82 | WinRate: 43.9%
🔄 2025-09-01 23:16:39 Баланс: 7.42243865376988$ | PnL: -1.20976283 💵 | Сделок: 82 | WinRate: 43.9%
🔄 2025-09-01 23:18:46 Баланс: 7.23488566103388$ | PnL: -1.34322609 💵 | Сделок: 84 | WinRate: 42.86%
🔄 2025-09-01 23:21:10 Баланс: 7.30765883384988$ | PnL: -1.26139996 💵 | Сделок: 85 | WinRate: 43.53%
🔄 2025-09-01 23:23:36 Баланс: 7.66454303733718$ | PnL: -0.88650885 💵 | Сделок: 87 | WinRate: 44.83%
🔄 2025-09-01 23:25:15 Баланс: 7.66454303733718$ | PnL: -0.88650885 💵 | Сделок: 87 | WinRate: 44.83%
🔄 2025-09-01 23:26:52 Баланс: 7.66454303733718$ | PnL: -0.88650885 💵 | Сделок: 87 | WinRate: 44.83%
🔄 2025-09-01 23:28:31 Баланс: 7.66454303733718$ | PnL: -0.88650885 💵 | Сделок: 87 | WinRate: 44.83%
🔄 2025-09-01 23:30:11 Баланс: 7.76744210583718$ | PnL: -0.77503305 💵 | Сделок: 88 | WinRate: 45.45%
🔄 2025-09-01 23:31:53 Баланс: 7.91747775584518$ | PnL: -0.61601002 💵 | Сделок: 89 | WinRate: 46.07%
🔄 2025-09-01 23:33:31 Баланс: 7.91747775584518$ | PnL: -0.61601002 💵 | Сделок: 89 | WinRate: 46.07%
🔄 2025-09-01 23:35:09 Баланс: 7.78100564180418$ | PnL: -0.74324045 💵 | Сделок: 90 | WinRate: 45.56%
🔄 2025-09-01 23:36:50 Баланс: 7.70554479295518$ | PnL: -0.8108527 💵 | Сделок: 91 | WinRate: 45.05%
🔄 2025-09-01 23:38:29 Баланс: 7.70554479295518$ | PnL: -0.8108527 💵 | Сделок: 91 | WinRate: 45.05%
🔄 2025-09-01 23:40:29 Баланс: 7.53737440454784$ | PnL: -0.96101377 💵 | Сделок: 93 | WinRate: 44.09%
🔄 2025-09-01 23:42:11 Баланс: 7.33072764254784$ | PnL: -1.12119847 💵 | Сделок: 95 | WinRate: 43.16%
🔄 2025-09-01 23:43:49 Баланс: 7.33072764254784$ | PnL: -1.12119847 💵 | Сделок: 95 | WinRate: 43.16%
🔄 2025-09-01 23:45:31 Баланс: 7.33072764254784$ | PnL: -1.12119847 💵 | Сделок: 95 | WinRate: 43.16%
🔄 2025-09-01 23:47:59 Баланс: 7.00478027150084$ | PnL: -1.33384537 💵 | Сделок: 97 | WinRate: 42.27%
🔄 2025-09-01 23:49:36 Баланс: 7.00478027150084$ | PnL: -1.33384537 💵 | Сделок: 97 | WinRate: 42.27%
🔄 2025-09-01 23:51:21 Баланс: 7.01926649516084$ | PnL: -1.31038139 💵 | Сделок: 98 | WinRate: 42.86%
🔄 2025-09-01 23:53:07 Баланс: 6.90271169546684$ | PnL: -1.41795403 💵 | Сделок: 99 | WinRate: 42.42%
🔄 2025-09-01 23:54:48 Баланс: 6.90271169546684$ | PnL: -1.41795403 💵 | Сделок: 99 | WinRate: 42.42%
🔄 2025-09-01 23:57:36 Баланс: 16.6156388787235$ | PnL: -1.68703773 💵 | Сделок: 102 | WinRate: 41.18%
🔄 2025-09-02 00:00:40 Баланс: 16.1912633697817$ | PnL: -1.91883175 💵 | Сделок: 105 | WinRate: 40%
🔄 2025-09-02 00:03:55 Баланс: 95.5032532791936$ | PnL: -2.58888539 💵 | Сделок: 115 | WinRate: 37.39%
🔄 2025-09-02 00:07:10 Баланс: 75.4427193466753$ | PnL: -2.62241558 💵 | Сделок: 116 | WinRate: 37.07%
🔄 2025-09-02 00:10:24 Баланс: 75.261946298748$ | PnL: -2.78519876 💵 | Сделок: 118 | WinRate: 37.29%
🔄 2025-09-02 00:13:38 Баланс: 25.2169549445222$ | PnL: -2.78519876 💵 | Сделок: 118 | WinRate: 37.29%
🔄 2025-09-02 00:16:48 Баланс: 5.08727360423097$ | PnL: -2.89275424 💵 | Сделок: 120 | WinRate: 36.67%
🔄 2025-09-02 00:19:01 Баланс: 4.85344068652597$ | PnL: -3.10612591 💵 | Сделок: 124 | WinRate: 36.29%
🔄 2025-09-02 00:20:41 Баланс: 4.91377665110597$ | PnL: -3.03671047 💵 | Сделок: 125 | WinRate: 36.8%
🔄 2025-09-02 00:22:24 Баланс: 4.99608899948197$ | PnL: -2.9390328 💵 | Сделок: 127 | WinRate: 37.8%
🔄 2025-09-02 00:24:02 Баланс: 4.99608899948197$ | PnL: -2.9390328 💵 | Сделок: 127 | WinRate: 37.8%
🔄 2025-09-02 00:25:44 Баланс: 5.18484385138497$ | PnL: -2.73223729 💵 | Сделок: 129 | WinRate: 38.76%
🔄 2025-09-02 00:27:36 Баланс: 5.02620398119227$ | PnL: -2.86389782 💵 | Сделок: 132 | WinRate: 38.64%
🔄 2025-09-02 00:29:55 Баланс: 5.02620398119227$ | PnL: -2.86389782 💵 | Сделок: 132 | WinRate: 38.64%
🔄 2025-09-02 00:31:34 Баланс: 5.02620398119227$ | PnL: -2.86389782 💵 | Сделок: 132 | WinRate: 38.64%
🔄 2025-09-02 00:33:19 Баланс: 5.27648876751827$ | PnL: -2.5955415 💵 | Сделок: 134 | WinRate: 39.55%
🔄 2025-09-02 00:35:03 Баланс: 5.28905156557827$ | PnL: -2.5738864 💵 | Сделок: 135 | WinRate: 40%
🔄 2025-09-02 00:36:41 Баланс: 5.28905156557827$ | PnL: -2.5738864 💵 | Сделок: 135 | WinRate: 40%
🔄 2025-09-02 00:38:27 Баланс: 15.8813125826695$ | PnL: -2.20673741 💵 | Сделок: 146 | WinRate: 41.78%
🔄 2025-09-02 00:41:18 Баланс: 0.537958626850763$ | PnL: 2.91527346 💵 | Сделок: 208 | WinRate: 58.17%
🔄 2025-09-02 00:43:00 Баланс: 0.316308158517465$ | PnL: 2.76969776 💵 | Сделок: 216 | WinRate: 58.33%
🔄 2025-09-02 00:44:42 Баланс: 0.306197081508865$ | PnL: 3.95172506 💵 | Сделок: 229 | WinRate: 60.7%
🔄 2025-09-02 00:47:26 Баланс: 5.79574506489615$ | PnL: 10.07489955 💵 | Сделок: 289 | WinRate: 68.51%
🔄 2025-09-02 00:49:06 Баланс: 6.80349456101365$ | PnL: 11.19236072 💵 | Сделок: 300 | WinRate: 69.33%
🔄 2025-09-02 00:50:43 Баланс: 6.80349456101365$ | PnL: 11.19236072 💵 | Сделок: 300 | WinRate: 69.33%
🔄 2025-09-02 00:52:21 Баланс: 6.80349456101365$ | PnL: 11.19236072 💵 | Сделок: 300 | WinRate: 69.33%
🔄 2025-09-02 00:53:58 Баланс: 6.80349456101365$ | PnL: 11.19236072 💵 | Сделок: 300 | WinRate: 69.33%
🔄 2025-09-02 00:55:36 Баланс: 6.65749323910765$ | PnL: 11.05537831 💵 | Сделок: 301 | WinRate: 69.1%
🔄 2025-09-02 00:57:16 Баланс: 5.97483688108605$ | PnL: 10.40862441 💵 | Сделок: 305 | WinRate: 68.2%
🔄 2025-09-02 00:58:54 Баланс: 5.83952579129115$ | PnL: 10.28231399 💵 | Сделок: 306 | WinRate: 67.97%
🔄 2025-09-02 01:00:31 Баланс: 5.67494845237495$ | PnL: 10.12671646 💵 | Сделок: 307 | WinRate: 67.75%
🔄 2025-09-02 01:02:09 Баланс: 5.67494845237495$ | PnL: 10.12671646 💵 | Сделок: 307 | WinRate: 67.75%
🔄 2025-09-02 01:03:47 Баланс: 5.67494845237495$ | PnL: 10.12671646 💵 | Сделок: 307 | WinRate: 67.75%
🔄 2025-09-02 01:05:24 Баланс: 5.78728562733495$ | PnL: 10.24807824 💵 | Сделок: 308 | WinRate: 67.86%
🔄 2025-09-02 01:07:04 Баланс: 5.78728562733495$ | PnL: 10.24807824 💵 | Сделок: 308 | WinRate: 67.86%
🔄 2025-09-02 01:09:25 Баланс: 5.78728562733495$ | PnL: 10.24807824 💵 | Сделок: 308 | WinRate: 67.86%
🔄 2025-09-02 01:11:02 Баланс: 5.87472135533495$ | PnL: 10.3857687 💵 | Сделок: 309 | WinRate: 67.96%
🔄 2025-09-02 01:12:41 Баланс: 5.87472135533495$ | PnL: 10.3857687 💵 | Сделок: 309 | WinRate: 67.96%
🔄 2025-09-02 01:14:18 Баланс: 5.87472135533495$ | PnL: 10.3857687 💵 | Сделок: 309 | WinRate: 67.96%
🔄 2025-09-02 01:15:57 Баланс: 5.87472135533495$ | PnL: 10.3857687 💵 | Сделок: 309 | WinRate: 67.96%
🔄 2025-09-02 01:17:45 Баланс: 5.87472135533495$ | PnL: 10.3857687 💵 | Сделок: 309 | WinRate: 67.96%
🔄 2025-09-02 01:19:30 Баланс: 5.87472135533495$ | PnL: 10.3857687 💵 | Сделок: 309 | WinRate: 67.96%
🔄 2025-09-02 01:21:26 Баланс: 6.10830479056861$ | PnL: 10.64589124 💵 | Сделок: 312 | WinRate: 68.27%
🔄 2025-09-02 01:23:19 Баланс: 6.28199509750958$ | PnL: 10.83716086 💵 | Сделок: 314 | WinRate: 68.47%
🔄 2025-09-02 01:25:10 Баланс: 6.39623170354957$ | PnL: 10.96036056 💵 | Сделок: 315 | WinRate: 68.57%
🔄 2025-09-02 01:26:58 Баланс: 6.39623170354957$ | PnL: 10.96036056 💵 | Сделок: 315 | WinRate: 68.57%
🔄 2025-09-02 01:28:46 Баланс: 7.52618684946958$ | PnL: 11.08377437 💵 | Сделок: 317 | WinRate: 68.77%
🔄 2025-09-02 01:30:33 Баланс: 7.52618684946958$ | PnL: 11.08377437 💵 | Сделок: 317 | WinRate: 68.77%
🔄 2025-09-02 01:32:24 Баланс: 7.76563546858157$ | PnL: 11.35503385 💵 | Сделок: 319 | WinRate: 68.97%
🔄 2025-09-02 01:34:14 Баланс: 7.76563546858157$ | PnL: 11.35503385 💵 | Сделок: 319 | WinRate: 68.97%
🔄 2025-09-02 01:36:02 Баланс: 7.58809485937057$ | PnL: 11.25838909 💵 | Сделок: 320 | WinRate: 68.75%
🔄 2025-09-02 01:37:48 Баланс: 7.72403784113657$ | PnL: 11.40335983 💵 | Сделок: 321 | WinRate: 68.85%
🔄 2025-09-02 01:39:37 Баланс: 7.72403784113657$ | PnL: 11.40335983 💵 | Сделок: 321 | WinRate: 68.85%
🔄 2025-09-02 01:41:24 Баланс: 7.72403784113657$ | PnL: 11.40335983 💵 | Сделок: 321 | WinRate: 68.85%
🔄 2025-09-02 01:43:32 Баланс: 30.9506763591694$ | PnL: 15.7983276 💵 | Сделок: 352 | WinRate: 71.31%
🔄 2025-09-02 01:45:27 Баланс: 1.4085330764635$ | PnL: 17.2589341 💵 | Сделок: 360 | WinRate: 71.94%
🔄 2025-09-02 01:47:13 Баланс: 1.55203626368798$ | PnL: 17.41143934 💵 | Сделок: 361 | WinRate: 72.02%
🔄 2025-09-02 01:48:59 Баланс: 1.55203626368798$ | PnL: 17.41143934 💵 | Сделок: 361 | WinRate: 72.02%
🔄 2025-09-02 01:50:51 Баланс: 1.47978123272798$ | PnL: 17.34381883 💵 | Сделок: 362 | WinRate: 71.82%
🔄 2025-09-02 01:52:41 Баланс: 1.47978123272798$ | PnL: 17.34381883 💵 | Сделок: 362 | WinRate: 71.82%
🔄 2025-09-02 01:54:25 Баланс: 1.47978123272798$ | PnL: 17.34381883 💵 | Сделок: 362 | WinRate: 71.82%
🔄 2025-09-02 01:56:14 Баланс: 1.69939030730799$ | PnL: 17.57240265 💵 | Сделок: 363 | WinRate: 71.9%
🔄 2025-09-02 01:58:02 Баланс: 1.69939030730799$ | PnL: 17.57240265 💵 | Сделок: 363 | WinRate: 71.9%
🔄 2025-09-02 02:00:28 Баланс: 1.69939030730799$ | PnL: 17.57240265 💵 | Сделок: 363 | WinRate: 71.9%
🔄 2025-09-02 02:02:17 Баланс: 1.69939030730799$ | PnL: 17.57240265 💵 | Сделок: 363 | WinRate: 71.9%
🔄 2025-09-02 02:04:05 Баланс: 1.69939030730799$ | PnL: 17.57240265 💵 | Сделок: 363 | WinRate: 71.9%
🔄 2025-09-02 02:05:49 Баланс: 1.69939030730799$ | PnL: 17.57240265 💵 | Сделок: 363 | WinRate: 71.9%
🔄 2025-09-02 02:07:32 Баланс: 1.82321931768598$ | PnL: 17.70523296 💵 | Сделок: 364 | WinRate: 71.98%
🔄 2025-09-02 02:09:14 Баланс: 1.82321931768598$ | PnL: 17.70523296 💵 | Сделок: 364 | WinRate: 71.98%
🔄 2025-09-02 02:10:57 Баланс: 1.82321931768598$ | PnL: 17.70523296 💵 | Сделок: 364 | WinRate: 71.98%
🔄 2025-09-02 02:13:22 Баланс: 1.82321931768598$ | PnL: 17.70523296 💵 | Сделок: 364 | WinRate: 71.98%
🔄 2025-09-02 02:15:05 Баланс: 1.69584217272698$ | PnL: 17.58685109 💵 | Сделок: 365 | WinRate: 71.78%
🔄 2025-09-02 02:16:47 Баланс: 1.69584217272698$ | PnL: 17.58685109 💵 | Сделок: 365 | WinRate: 71.78%
🔄 2025-09-02 02:18:31 Баланс: 1.49167917189898$ | PnL: 17.39170153 💵 | Сделок: 366 | WinRate: 71.58%
🔄 2025-09-02 02:20:14 Баланс: 12.0351828910568$ | PnL: 17.19813708 💵 | Сделок: 368 | WinRate: 71.2%
🔄 2025-09-02 02:22:06 Баланс: 2.0916387992301$ | PnL: 16.38730746 💵 | Сделок: 375 | WinRate: 69.87%
🔄 2025-09-02 02:23:49 Баланс: 2.0916387992301$ | PnL: 16.38730746 💵 | Сделок: 375 | WinRate: 69.87%
🔄 2025-09-02 02:25:31 Баланс: 2.0916387992301$ | PnL: 16.38730746 💵 | Сделок: 375 | WinRate: 69.87%
🔄 2025-09-02 02:27:14 Баланс: 2.0916387992301$ | PnL: 16.38730746 💵 | Сделок: 375 | WinRate: 69.87%
🔄 2025-09-02 02:28:58 Баланс: 2.0916387992301$ | PnL: 16.38730746 💵 | Сделок: 375 | WinRate: 69.87%
🔄 2025-09-02 02:30:42 Баланс: 2.0916387992301$ | PnL: 16.38730746 💵 | Сделок: 375 | WinRate: 69.87%
🔄 2025-09-02 02:32:26 Баланс: 2.1917836143901$ | PnL: 16.49669663 💵 | Сделок: 376 | WinRate: 69.95%
🔄 2025-09-02 02:34:09 Баланс: 2.3393983852701$ | PnL: 16.65323419 💵 | Сделок: 377 | WinRate: 70.03%
🔄 2025-09-02 02:35:51 Баланс: 2.3393983852701$ | PnL: 16.65323419 💵 | Сделок: 377 | WinRate: 70.03%
🔄 2025-09-02 02:37:34 Баланс: 2.3393983852701$ | PnL: 16.65323419 💵 | Сделок: 377 | WinRate: 70.03%
🔄 2025-09-02 02:39:17 Баланс: 2.19230199990326$ | PnL: 16.51513689 💵 | Сделок: 378 | WinRate: 69.84%
🔄 2025-09-02 02:40:59 Баланс: 2.19230199990326$ | PnL: 16.51513689 💵 | Сделок: 378 | WinRate: 69.84%
🔄 2025-09-02 02:42:43 Баланс: 2.27287360345326$ | PnL: 16.60537264 💵 | Сделок: 379 | WinRate: 69.92%
🔄 2025-09-02 02:44:27 Баланс: 2.27287360345326$ | PnL: 16.60537264 💵 | Сделок: 379 | WinRate: 69.92%
🔄 2025-09-02 02:46:09 Баланс: 2.36709848918326$ | PnL: 16.70747159 💵 | Сделок: 380 | WinRate: 70%
🔄 2025-09-02 02:47:49 Баланс: 2.36709848918326$ | PnL: 16.70747159 💵 | Сделок: 380 | WinRate: 70%
🔄 2025-09-02 02:49:28 Баланс: 2.36709848918326$ | PnL: 16.70747159 💵 | Сделок: 380 | WinRate: 70%
🔄 2025-09-02 02:51:06 Баланс: 2.36709848918326$ | PnL: 16.70747159 💵 | Сделок: 380 | WinRate: 70%
🔄 2025-09-02 02:52:44 Баланс: 2.36709848918326$ | PnL: 16.70747159 💵 | Сделок: 380 | WinRate: 70%
🔄 2025-09-02 02:54:20 Баланс: 2.36709848918326$ | PnL: 16.70747159 💵 | Сделок: 380 | WinRate: 70%
🔄 2025-09-02 02:56:01 Баланс: 1.96387098551826$ | PnL: 16.33135175 💵 | Сделок: 383 | WinRate: 69.45%
🔄 2025-09-02 02:57:40 Баланс: 1.96387098551826$ | PnL: 16.33135175 💵 | Сделок: 383 | WinRate: 69.45%
🔄 2025-09-02 02:59:20 Баланс: 1.96387098551826$ | PnL: 16.33135175 💵 | Сделок: 383 | WinRate: 69.45%
🔄 2025-09-02 03:01:05 Баланс: 1.88077868331826$ | PnL: 16.28379732 💵 | Сделок: 384 | WinRate: 69.27%
🔄 2025-09-02 03:02:42 Баланс: 1.70110259889366$ | PnL: 16.11311515 💵 | Сделок: 385 | WinRate: 69.09%
🔄 2025-09-02 03:05:00 Баланс: 0.90187231051895$ | PnL: 15.35707285 💵 | Сделок: 390 | WinRate: 68.21%
🔄 2025-09-02 03:06:46 Баланс: 0.387057428182951$ | PnL: 14.83908887 💵 | Сделок: 393 | WinRate: 67.68%
🔄 2025-09-02 03:08:22 Баланс: 0.387057428182951$ | PnL: 14.83908887 💵 | Сделок: 393 | WinRate: 67.68%
🔄 2025-09-02 03:09:57 Баланс: 0.387057428182951$ | PnL: 14.83908887 💵 | Сделок: 393 | WinRate: 67.68%
🔄 2025-09-02 03:11:59 Баланс: 0.0191349122829489$ | PnL: 14.5990266 💵 | Сделок: 395 | WinRate: 67.34%
🔄 2025-09-02 03:13:34 Баланс: 9.49066489228295$ | PnL: 14.07055713 💵 | Сделок: 396 | WinRate: 67.17%
🔄 2025-09-02 03:15:48 Баланс: 9.15470048101163$ | PnL: 13.76201691 💵 | Сделок: 399 | WinRate: 66.67%
🔄 2025-09-02 03:17:23 Баланс: 9.15470048101163$ | PnL: 13.76201691 💵 | Сделок: 399 | WinRate: 66.67%
🔄 2025-09-02 03:18:58 Баланс: 9.15470048101163$ | PnL: 13.76201691 💵 | Сделок: 399 | WinRate: 66.67%
🔄 2025-09-02 03:20:35 Баланс: 9.15470048101163$ | PnL: 13.76201691 💵 | Сделок: 399 | WinRate: 66.67%
🔄 2025-09-02 03:22:16 Баланс: 8.99587070014864$ | PnL: 13.61219123 💵 | Сделок: 400 | WinRate: 66.5%
🔄 2025-09-02 03:23:51 Баланс: 8.99587070014864$ | PnL: 13.61219123 💵 | Сделок: 400 | WinRate: 66.5%
🔄 2025-09-02 03:25:28 Баланс: 9.07461077645648$ | PnL: 13.59024152 💵 | Сделок: 401 | WinRate: 66.33%
🔄 2025-09-02 03:27:26 Баланс: 8.94012903067329$ | PnL: 13.46508083 💵 | Сделок: 402 | WinRate: 66.17%
🔄 2025-09-02 03:29:25 Баланс: 8.60866911738549$ | PnL: 13.26172596 💵 | Сделок: 404 | WinRate: 65.84%
🔄 2025-09-02 03:31:01 Баланс: 8.60866911738549$ | PnL: 13.26172596 💵 | Сделок: 404 | WinRate: 65.84%
🔄 2025-09-02 03:32:36 Баланс: 8.60866911738549$ | PnL: 13.26172596 💵 | Сделок: 404 | WinRate: 65.84%
🔄 2025-09-02 03:34:11 Баланс: 8.60866911738549$ | PnL: 13.26172596 💵 | Сделок: 404 | WinRate: 65.84%
🔄 2025-09-02 03:35:46 Баланс: 8.60866911738549$ | PnL: 13.26172596 💵 | Сделок: 404 | WinRate: 65.84%
🔄 2025-09-02 03:37:53 Баланс: 8.70315081070748$ | PnL: 13.3652159 💵 | Сделок: 405 | WinRate: 65.93%
🔄 2025-09-02 03:39:59 Баланс: 18.5220695947075$ | PnL: 13.18413475 💵 | Сделок: 406 | WinRate: 65.76%
🔄 2025-09-02 03:41:57 Баланс: 8.42288127423624$ | PnL: 13.10291686 💵 | Сделок: 407 | WinRate: 65.6%
🔄 2025-09-02 03:43:53 Баланс: 8.02961251993764$ | PnL: 12.76674545 💵 | Сделок: 410 | WinRate: 65.12%
🔄 2025-09-02 03:46:46 Баланс: 184.962796953415$ | PnL: 9.74523161000002 💵 | Сделок: 433 | WinRate: 61.89%
🔄 2025-09-02 03:49:47 Баланс: 451.859957282616$ | PnL: 6.66395693000001 💵 | Сделок: 462 | WinRate: 58.44%
🔄 2025-09-02 03:52:50 Баланс: 441.874888601422$ | PnL: 6.70572448000001 💵 | Сделок: 464 | WinRate: 58.41%
🔄 2025-09-02 03:55:55 Баланс: 441.982610900101$ | PnL: 6.82244426000001 💵 | Сделок: 465 | WinRate: 58.49%
🔄 2025-09-02 03:59:02 Баланс: 442.160786467317$ | PnL: 7.00961663000001 💵 | Сделок: 466 | WinRate: 58.58%
🔄 2025-09-02 04:02:08 Баланс: 442.007962314006$ | PnL: 6.86580050000001 💵 | Сделок: 467 | WinRate: 58.46%
🔄 2025-09-02 04:05:14 Баланс: 441.879845346006$ | PnL: 6.77883852000001 💵 | Сделок: 468 | WinRate: 58.33%
🔄 2025-09-02 04:08:19 Баланс: 451.605640015358$ | PnL: 6.51356105000001 💵 | Сделок: 470 | WinRate: 58.09%
🔄 2025-09-02 04:11:25 Баланс: 441.818263882615$ | PnL: 6.75328588000001 💵 | Сделок: 472 | WinRate: 58.26%
🔄 2025-09-02 04:14:30 Баланс: 411.651409555969$ | PnL: 6.62306626000001 💵 | Сделок: 473 | WinRate: 58.14%
🔄 2025-09-02 04:17:34 Баланс: 391.508571525026$ | PnL: 6.50720854000001 💵 | Сделок: 474 | WinRate: 58.02%
🔄 2025-09-02 04:21:32 Баланс: 390.123223832189$ | PnL: 6.07452620000001 💵 | Сделок: 477 | WinRate: 57.65%
🔄 2025-09-02 04:24:35 Баланс: 388.947806093185$ | PnL: 5.87854574000001 💵 | Сделок: 481 | WinRate: 57.59%
🔄 2025-09-02 04:27:39 Баланс: 328.876898970457$ | PnL: 5.87854574000001 💵 | Сделок: 481 | WinRate: 57.59%
🔄 2025-09-02 04:30:46 Баланс: 258.82546772097$ | PnL: 5.87854574000001 💵 | Сделок: 481 | WinRate: 57.59%
🔄 2025-09-02 04:33:51 Баланс: 7.73052845221032$ | PnL: 5.76276819000001 💵 | Сделок: 482 | WinRate: 57.47%
🔄 2025-09-02 04:35:58 Баланс: 17.2777911041097$ | PnL: 5.33743564000001 💵 | Сделок: 486 | WinRate: 57.2%
🔄 2025-09-02 04:37:37 Баланс: 7.01468426443672$ | PnL: 5.09220201000001 💵 | Сделок: 487 | WinRate: 57.08%
🔄 2025-09-02 04:39:38 Баланс: 6.94444193166422$ | PnL: 5.03991693000001 💵 | Сделок: 489 | WinRate: 57.06%
🔄 2025-09-02 04:41:42 Баланс: 6.82602108197922$ | PnL: 4.93049007000001 💵 | Сделок: 490 | WinRate: 56.94%
🔄 2025-09-02 04:43:54 Баланс: 26.6328387494352$ | PnL: 4.74630051000001 💵 | Сделок: 493 | WinRate: 56.8%
🔄 2025-09-02 04:46:01 Баланс: 17.4084979140077$ | PnL: 4.62567851000001 💵 | Сделок: 495 | WinRate: 56.57%
🔄 2025-09-02 04:47:41 Баланс: 7.50532078549572$ | PnL: 4.73939328000001 💵 | Сделок: 496 | WinRate: 56.65%
🔄 2025-09-02 04:49:17 Баланс: 7.41181701343113$ | PnL: 4.65489122000001 💵 | Сделок: 497 | WinRate: 56.54%
🔄 2025-09-02 04:51:04 Баланс: 7.29296354380913$ | PnL: 4.54502641000001 💵 | Сделок: 498 | WinRate: 56.43%
🔄 2025-09-02 04:52:38 Баланс: 7.29296354380913$ | PnL: 4.54502641000001 💵 | Сделок: 498 | WinRate: 56.43%
🔄 2025-09-02 04:54:54 Баланс: 7.29296354380913$ | PnL: 4.54502641000001 💵 | Сделок: 498 | WinRate: 56.43%
🔄 2025-09-02 04:56:49 Баланс: 7.29296354380913$ | PnL: 4.54502641000001 💵 | Сделок: 498 | WinRate: 56.43%
🔄 2025-09-02 04:58:27 Баланс: 7.17646210644013$ | PnL: 4.43756463000001 💵 | Сделок: 499 | WinRate: 56.31%
🔄 2025-09-02 05:00:02 Баланс: 7.17646210644013$ | PnL: 4.43756463000001 💵 | Сделок: 499 | WinRate: 56.31%
🔄 2025-09-02 05:01:55 Баланс: 7.00949399264012$ | PnL: 4.28005156000001 💵 | Сделок: 500 | WinRate: 56.2%
🔄 2025-09-02 05:03:35 Баланс: 7.14185890365112$ | PnL: 4.43092638000001 💵 | Сделок: 502 | WinRate: 56.37%
🔄 2025-09-02 05:05:17 Баланс: 7.28403599360712$ | PnL: 4.58212564000001 💵 | Сделок: 503 | WinRate: 56.46%
🔄 2025-09-02 05:06:52 Баланс: 7.28403599360712$ | PnL: 4.58212564000001 💵 | Сделок: 503 | WinRate: 56.46%
🔄 2025-09-02 05:08:30 Баланс: 7.47608981253673$ | PnL: 4.78317917000001 💵 | Сделок: 504 | WinRate: 56.55%
🔄 2025-09-02 05:10:17 Баланс: 7.60385344138643$ | PnL: 4.91994455000001 💵 | Сделок: 505 | WinRate: 56.63%
🔄 2025-09-02 05:11:53 Баланс: 7.72182806799142$ | PnL: 4.93692071000001 💵 | Сделок: 506 | WinRate: 56.72%
🔄 2025-09-02 05:14:10 Баланс: 7.72182806799142$ | PnL: 4.93692071000001 💵 | Сделок: 506 | WinRate: 56.72%
🔄 2025-09-02 05:15:44 Баланс: 7.72182806799142$ | PnL: 4.93692071000001 💵 | Сделок: 506 | WinRate: 56.72%
🔄 2025-09-02 05:17:27 Баланс: 7.43950948349703$ | PnL: 4.68159558000001 💵 | Сделок: 509 | WinRate: 56.39%
🔄 2025-09-02 05:19:14 Баланс: 7.46672251244303$ | PnL: 4.89203700000001 💵 | Сделок: 511 | WinRate: 56.36%
🔄 2025-09-02 05:20:48 Баланс: 7.46672251244303$ | PnL: 4.89203700000001 💵 | Сделок: 511 | WinRate: 56.36%
🔄 2025-09-02 05:22:22 Баланс: 7.46672251244303$ | PnL: 4.89203700000001 💵 | Сделок: 511 | WinRate: 56.36%
🔄 2025-09-02 05:24:01 Баланс: 7.64535068841902$ | PnL: 4.91457853000001 💵 | Сделок: 512 | WinRate: 56.45%
🔄 2025-09-02 05:25:47 Баланс: 7.29063242864302$ | PnL: 4.42890171000001 💵 | Сделок: 516 | WinRate: 56.01%
🔄 2025-09-02 05:27:24 Баланс: 7.29063242864302$ | PnL: 4.42890171000001 💵 | Сделок: 516 | WinRate: 56.01%
🔄 2025-09-02 05:29:26 Баланс: 7.40242350096832$ | PnL: 4.55864747000001 💵 | Сделок: 518 | WinRate: 55.98%
🔄 2025-09-02 05:31:08 Баланс: 7.60019811515672$ | PnL: 4.75618168000001 💵 | Сделок: 522 | WinRate: 56.13%
🔄 2025-09-02 05:32:45 Баланс: 7.66045921874972$ | PnL: 4.82545428000001 💵 | Сделок: 523 | WinRate: 56.21%
🔄 2025-09-02 05:34:19 Баланс: 7.66045921874972$ | PnL: 4.82545428000001 💵 | Сделок: 523 | WinRate: 56.21%
🔄 2025-09-02 05:35:55 Баланс: 7.66045921874972$ | PnL: 4.82545428000001 💵 | Сделок: 523 | WinRate: 56.21%
🔄 2025-09-02 05:37:30 Баланс: 7.66045921874972$ | PnL: 4.82545428000001 💵 | Сделок: 523 | WinRate: 56.21%
🔄 2025-09-02 05:39:07 Баланс: 7.66045921874972$ | PnL: 4.82545428000001 💵 | Сделок: 523 | WinRate: 56.21%
🔄 2025-09-02 05:40:41 Баланс: 7.66045921874972$ | PnL: 4.82545428000001 💵 | Сделок: 523 | WinRate: 56.21%
🔄 2025-09-02 05:42:19 Баланс: 7.52727356584972$ | PnL: 4.70125961000001 💵 | Сделок: 524 | WinRate: 56.11%
🔄 2025-09-02 05:44:05 Баланс: 6.52545682008271$ | PnL: 4.67034012000001 💵 | Сделок: 528 | WinRate: 55.87%
🔄 2025-09-02 05:45:49 Баланс: 25.762644341697$ | PnL: 4.21789414000001 💵 | Сделок: 552 | WinRate: 55.8%
🔄 2025-09-02 05:47:48 Баланс: 6.09760660652007$ | PnL: 3.65118884000001 💵 | Сделок: 560 | WinRate: 55.71%
🔄 2025-09-02 05:49:25 Баланс: 6.28841746606725$ | PnL: 3.87533510000001 💵 | Сделок: 563 | WinRate: 55.95%
🔄 2025-09-02 05:51:07 Баланс: 6.65834479790286$ | PnL: 4.35432251000001 💵 | Сделок: 580 | WinRate: 56.55%
🔄 2025-09-02 05:52:44 Баланс: 6.74571690201086$ | PnL: 4.45069332000001 💵 | Сделок: 581 | WinRate: 56.63%
🔄 2025-09-02 05:54:20 Баланс: 6.74571690201086$ | PnL: 4.45069332000001 💵 | Сделок: 581 | WinRate: 56.63%
🔄 2025-09-02 05:55:55 Баланс: 6.74571690201086$ | PnL: 4.45069332000001 💵 | Сделок: 581 | WinRate: 56.63%
🔄 2025-09-02 05:57:28 Баланс: 6.74571690201086$ | PnL: 4.45069332000001 💵 | Сделок: 581 | WinRate: 56.63%
🔄 2025-09-02 05:59:03 Баланс: 6.87799412969086$ | PnL: 4.59197139000001 💵 | Сделок: 582 | WinRate: 56.7%
🔄 2025-09-02 06:00:40 Баланс: 6.87799412969086$ | PnL: 4.59197139000001 💵 | Сделок: 582 | WinRate: 56.7%
🔄 2025-09-02 06:02:15 Баланс: 7.02627856230846$ | PnL: 4.71713736000001 💵 | Сделок: 583 | WinRate: 56.78%
🔄 2025-09-02 06:03:50 Баланс: 7.02627856230846$ | PnL: 4.71713736000001 💵 | Сделок: 583 | WinRate: 56.78%
🔄 2025-09-02 06:05:28 Баланс: 7.29535029280736$ | PnL: 5.01310758000001 💵 | Сделок: 586 | WinRate: 56.83%
🔄 2025-09-02 06:07:45 Баланс: 7.15418891498736$ | PnL: 4.88102933000001 💵 | Сделок: 587 | WinRate: 56.73%
🔄 2025-09-02 06:09:20 Баланс: 7.15418891498736$ | PnL: 4.88102933000001 💵 | Сделок: 587 | WinRate: 56.73%
🔄 2025-09-02 06:10:56 Баланс: 7.15418891498736$ | PnL: 4.88102933000001 💵 | Сделок: 587 | WinRate: 56.73%
🔄 2025-09-02 06:12:32 Баланс: 7.09058390762725$ | PnL: 4.83542020000001 💵 | Сделок: 589 | WinRate: 56.71%
🔄 2025-09-02 06:14:07 Баланс: 7.09058390762725$ | PnL: 4.83542020000001 💵 | Сделок: 589 | WinRate: 56.71%
🔄 2025-09-02 06:15:42 Баланс: 7.09058390762725$ | PnL: 4.83542020000001 💵 | Сделок: 589 | WinRate: 56.71%
🔄 2025-09-02 06:17:18 Баланс: 6.95247494696665$ | PnL: 4.70631397000001 💵 | Сделок: 590 | WinRate: 56.61%
🔄 2025-09-02 06:18:52 Баланс: 6.83010231350266$ | PnL: 4.59294728000001 💵 | Сделок: 591 | WinRate: 56.51%
🔄 2025-09-02 06:20:26 Баланс: 6.83010231350266$ | PnL: 4.59294728000001 💵 | Сделок: 591 | WinRate: 56.51%
🔄 2025-09-02 06:22:02 Баланс: 6.97961949105765$ | PnL: 4.75146893000001 💵 | Сделок: 592 | WinRate: 56.59%
🔄 2025-09-02 06:23:37 Баланс: 7.06853181225765$ | PnL: 4.84932388000001 💵 | Сделок: 593 | WinRate: 56.66%
🔄 2025-09-02 06:25:13 Баланс: 7.15152358085765$ | PnL: 4.93610151000001 💵 | Сделок: 594 | WinRate: 56.73%
🔄 2025-09-02 06:26:47 Баланс: 7.28715155115765$ | PnL: 5.08086461000001 💵 | Сделок: 595 | WinRate: 56.81%
🔄 2025-09-02 06:28:26 Баланс: 7.30028567240866$ | PnL: 5.10299414000001 💵 | Сделок: 596 | WinRate: 56.88%
🔄 2025-09-02 06:30:02 Баланс: 7.16165872318046$ | PnL: 4.98205493000001 💵 | Сделок: 598 | WinRate: 56.86%
🔄 2025-09-02 06:31:36 Баланс: 7.16165872318046$ | PnL: 4.98205493000001 💵 | Сделок: 598 | WinRate: 56.86%
🔄 2025-09-02 06:33:11 Баланс: 7.16165872318046$ | PnL: 4.98205493000001 💵 | Сделок: 598 | WinRate: 56.86%
🔄 2025-09-02 06:34:48 Баланс: 7.16165872318046$ | PnL: 4.98205493000001 💵 | Сделок: 598 | WinRate: 56.86%
🔄 2025-09-02 06:36:22 Баланс: 7.16165872318046$ | PnL: 4.98205493000001 💵 | Сделок: 598 | WinRate: 56.86%
🔄 2025-09-02 06:37:59 Баланс: 7.06448588860815$ | PnL: 4.92656801000001 💵 | Сделок: 603 | WinRate: 56.88%
🔄 2025-09-02 06:39:33 Баланс: 6.88224342245307$ | PnL: 4.76237907000001 💵 | Сделок: 605 | WinRate: 56.86%
🔄 2025-09-02 06:41:10 Баланс: 6.88224342245307$ | PnL: 4.76237907000001 💵 | Сделок: 605 | WinRate: 56.86%
🔄 2025-09-02 06:42:44 Баланс: 6.88224342245307$ | PnL: 4.76237907000001 💵 | Сделок: 605 | WinRate: 56.86%
🔄 2025-09-02 06:44:18 Баланс: 6.88224342245307$ | PnL: 4.76237907000001 💵 | Сделок: 605 | WinRate: 56.86%
🔄 2025-09-02 06:45:52 Баланс: 6.88224342245307$ | PnL: 4.76237907000001 💵 | Сделок: 605 | WinRate: 56.86%
🔄 2025-09-02 06:47:29 Баланс: 6.88224342245307$ | PnL: 4.76237907000001 💵 | Сделок: 605 | WinRate: 56.86%
🔄 2025-09-02 06:49:03 Баланс: 6.63070268851987$ | PnL: 4.51984327000001 💵 | Сделок: 606 | WinRate: 56.77%
🔄 2025-09-02 06:50:41 Баланс: 7.57821557819727$ | PnL: 4.55792207000001 💵 | Сделок: 607 | WinRate: 56.84%
🔄 2025-09-02 06:52:18 Баланс: 19.3845843602173$ | PnL: 5.51423659000001 💵 | Сделок: 617 | WinRate: 57.54%
🔄 2025-09-02 06:53:54 Баланс: 8.55431936381086$ | PnL: 5.71344293000001 💵 | Сделок: 622 | WinRate: 57.72%
🔄 2025-09-02 06:55:29 Баланс: 8.55431936381086$ | PnL: 5.71344293000001 💵 | Сделок: 622 | WinRate: 57.72%
🔄 2025-09-02 06:57:04 Баланс: 8.55431936381086$ | PnL: 5.71344293000001 💵 | Сделок: 622 | WinRate: 57.72%
🔄 2025-09-02 06:58:40 Баланс: 8.55431936381086$ | PnL: 5.71344293000001 💵 | Сделок: 622 | WinRate: 57.72%
🔄 2025-09-02 07:00:21 Баланс: 9.84102079904833$ | PnL: 7.14945232000001 💵 | Сделок: 641 | WinRate: 58.81%
🔄 2025-09-02 07:02:01 Баланс: 1.56516380872274$ | PnL: 8.00674688000001 💵 | Сделок: 655 | WinRate: 59.39%
🔄 2025-09-02 07:03:37 Баланс: 1.56516380872274$ | PnL: 8.00674688000001 💵 | Сделок: 655 | WinRate: 59.39%
🔄 2025-09-02 07:05:12 Баланс: 1.56516380872274$ | PnL: 8.00674688000001 💵 | Сделок: 655 | WinRate: 59.39%
🔄 2025-09-02 07:06:48 Баланс: 1.56516380872274$ | PnL: 8.00674688000001 💵 | Сделок: 655 | WinRate: 59.39%
🔄 2025-09-02 07:08:26 Баланс: 12.1780467065802$ | PnL: 8.71811991000001 💵 | Сделок: 662 | WinRate: 59.82%
🔄 2025-09-02 07:10:07 Баланс: 1.34644987118084$ | PnL: 10.24194509 💵 | Сделок: 679 | WinRate: 60.68%
🔄 2025-09-02 07:11:43 Баланс: 1.53014686674694$ | PnL: 10.45264707 💵 | Сделок: 682 | WinRate: 60.85%
🔄 2025-09-02 07:13:18 Баланс: 2.1446472789325$ | PnL: 11.11983015 💵 | Сделок: 688 | WinRate: 61.19%
🔄 2025-09-02 07:14:54 Баланс: 2.2041777642525$ | PnL: 11.18836569 💵 | Сделок: 689 | WinRate: 61.25%
🔄 2025-09-02 07:16:32 Баланс: 2.37555244962758$ | PnL: 11.37775816 💵 | Сделок: 691 | WinRate: 61.36%
🔄 2025-09-02 07:18:09 Баланс: 2.89334873647998$ | PnL: 11.94958683 💵 | Сделок: 697 | WinRate: 61.69%
🔄 2025-09-02 07:19:44 Баланс: 2.96659629735998$ | PnL: 12.03258287 💵 | Сделок: 698 | WinRate: 61.75%
🔄 2025-09-02 07:21:19 Баланс: 3.08443090934432$ | PnL: 12.15941743 💵 | Сделок: 699 | WinRate: 61.8%
🔄 2025-09-02 07:22:55 Баланс: 3.11072007914631$ | PnL: 12.19470714 💵 | Сделок: 700 | WinRate: 61.86%
🔄 2025-09-02 07:24:31 Баланс: 3.11072007914631$ | PnL: 12.19470714 💵 | Сделок: 700 | WinRate: 61.86%
🔄 2025-09-02 07:26:05 Баланс: 3.11072007914631$ | PnL: 12.19470714 💵 | Сделок: 700 | WinRate: 61.86%
🔄 2025-09-02 07:27:42 Баланс: 3.11072007914631$ | PnL: 12.19470714 💵 | Сделок: 700 | WinRate: 61.86%
🔄 2025-09-02 07:29:18 Баланс: 2.96282618546631$ | PnL: 12.05594791 💵 | Сделок: 701 | WinRate: 61.77%
🔄 2025-09-02 07:30:55 Баланс: 2.96282618546631$ | PnL: 12.05594791 💵 | Сделок: 701 | WinRate: 61.77%
🔄 2025-09-02 07:32:29 Баланс: 2.96282618546631$ | PnL: 12.05594791 💵 | Сделок: 701 | WinRate: 61.77%
🔄 2025-09-02 07:34:04 Баланс: 2.96282618546631$ | PnL: 12.05594791 💵 | Сделок: 701 | WinRate: 61.77%
🔄 2025-09-02 07:35:39 Баланс: 2.99479853968122$ | PnL: 12.13133174 💵 | Сделок: 704 | WinRate: 61.65%
🔄 2025-09-02 07:37:15 Баланс: 2.99479853968122$ | PnL: 12.13133174 💵 | Сделок: 704 | WinRate: 61.65%
🔄 2025-09-02 07:38:49 Баланс: 2.99479853968122$ | PnL: 12.13133174 💵 | Сделок: 704 | WinRate: 61.65%
🔄 2025-09-02 07:40:25 Баланс: 2.99479853968122$ | PnL: 12.13133174 💵 | Сделок: 704 | WinRate: 61.65%
🔄 2025-09-02 07:42:03 Баланс: 3.00464978184682$ | PnL: 12.15917068 💵 | Сделок: 706 | WinRate: 61.61%
🔄 2025-09-02 07:43:37 Баланс: 3.00464978184682$ | PnL: 12.15917068 💵 | Сделок: 706 | WinRate: 61.61%
🔄 2025-09-02 07:45:13 Баланс: 3.00464978184682$ | PnL: 12.15917068 💵 | Сделок: 706 | WinRate: 61.61%
🔄 2025-09-02 07:46:47 Баланс: 3.00464978184682$ | PnL: 12.15917068 💵 | Сделок: 706 | WinRate: 61.61%
🔄 2025-09-02 07:48:22 Баланс: 3.00464978184682$ | PnL: 12.15917068 💵 | Сделок: 706 | WinRate: 61.61%
🔄 2025-09-02 07:49:58 Баланс: 3.09920461140682$ | PnL: 12.26273872 💵 | Сделок: 707 | WinRate: 61.67%
🔄 2025-09-02 07:51:38 Баланс: 3.44223056918162$ | PnL: 12.62376111 💵 | Сделок: 709 | WinRate: 61.78%
🔄 2025-09-02 07:53:13 Баланс: 3.58589363457023$ | PnL: 12.79427938 💵 | Сделок: 711 | WinRate: 61.88%
🔄 2025-09-02 07:54:49 Баланс: 3.58589363457023$ | PnL: 12.79427938 💵 | Сделок: 711 | WinRate: 61.88%
🔄 2025-09-02 07:56:26 Баланс: 3.68692357821183$ | PnL: 12.90430735 💵 | Сделок: 712 | WinRate: 61.94%
🔄 2025-09-02 07:58:01 Баланс: 3.68692357821183$ | PnL: 12.90430735 💵 | Сделок: 712 | WinRate: 61.94%
🔄 2025-09-02 07:59:36 Баланс: 3.50790785745183$ | PnL: 12.73428848 💵 | Сделок: 713 | WinRate: 61.85%
🔄 2025-09-02 08:01:56 Баланс: 3.61682815145183$ | PnL: 12.82057939 💵 | Сделок: 714 | WinRate: 61.9%
🔄 2025-09-02 08:03:36 Баланс: 3.73512102155433$ | PnL: 12.94787153 💵 | Сделок: 715 | WinRate: 61.96%
🔄 2025-09-02 08:05:14 Баланс: 3.62681319405433$ | PnL: 12.84826161 💵 | Сделок: 716 | WinRate: 61.87%
🔄 2025-09-02 08:06:53 Баланс: 3.62681319405433$ | PnL: 12.84826161 💵 | Сделок: 716 | WinRate: 61.87%
🔄 2025-09-02 08:08:29 Баланс: 3.62681319405433$ | PnL: 12.84826161 💵 | Сделок: 716 | WinRate: 61.87%
🔄 2025-09-02 08:10:06 Баланс: 3.70541208473813$ | PnL: 12.9358577 💵 | Сделок: 717 | WinRate: 61.92%
🔄 2025-09-02 08:11:42 Баланс: 3.80629090759465$ | PnL: 13.04574061 💵 | Сделок: 718 | WinRate: 61.98%
🔄 2025-09-02 08:13:17 Баланс: 3.80629090759465$ | PnL: 13.04574061 💵 | Сделок: 718 | WinRate: 61.98%
🔄 2025-09-02 08:14:53 Баланс: 3.97412900752265$ | PnL: 13.22257573 💵 | Сделок: 719 | WinRate: 62.03%
🔄 2025-09-02 08:16:29 Баланс: 4.17701331467065$ | PnL: 13.43447572 💵 | Сделок: 720 | WinRate: 62.08%
🔄 2025-09-02 08:18:03 Баланс: 4.17701331467065$ | PnL: 13.43447572 💵 | Сделок: 720 | WinRate: 62.08%
🔄 2025-09-02 08:19:38 Баланс: 4.28030794863465$ | PnL: 13.54673305 💵 | Сделок: 721 | WinRate: 62.14%
🔄 2025-09-02 08:21:18 Баланс: 3.60195411400375$ | PnL: 13.92332522 💵 | Сделок: 723 | WinRate: 62.24%
🔄 2025-09-02 08:22:59 Баланс: 3.92714415032565$ | PnL: 14.28356981 💵 | Сделок: 727 | WinRate: 62.45%
🔄 2025-09-02 08:24:38 Баланс: 4.18774141546425$ | PnL: 14.56216337 💵 | Сделок: 729 | WinRate: 62.55%
🔄 2025-09-02 08:26:17 Баланс: 4.26327514432424$ | PnL: 14.64854355 💵 | Сделок: 730 | WinRate: 62.6%
🔄 2025-09-02 08:27:56 Баланс: 4.34889519375424$ | PnL: 14.74314507 💵 | Сделок: 731 | WinRate: 62.65%
🔄 2025-09-02 08:29:34 Баланс: 4.34889519375424$ | PnL: 14.74314507 💵 | Сделок: 731 | WinRate: 62.65%
🔄 2025-09-02 08:31:11 Баланс: 4.34889519375424$ | PnL: 14.74314507 💵 | Сделок: 731 | WinRate: 62.65%
🔄 2025-09-02 08:32:47 Баланс: 4.57065742534431$ | PnL: 14.98198106 💵 | Сделок: 733 | WinRate: 62.76%
🔄 2025-09-02 08:34:23 Баланс: 4.62569799102191$ | PnL: 15.04599963 💵 | Сделок: 734 | WinRate: 62.81%
🔄 2025-09-02 08:36:01 Баланс: 4.62569799102191$ | PnL: 15.04599963 💵 | Сделок: 734 | WinRate: 62.81%
🔄 2025-09-02 08:37:45 Баланс: 4.62569799102191$ | PnL: 15.04599963 💵 | Сделок: 734 | WinRate: 62.81%
🔄 2025-09-02 08:39:31 Баланс: 4.62569799102191$ | PnL: 15.04599963 💵 | Сделок: 734 | WinRate: 62.81%
🔄 2025-09-02 08:41:12 Баланс: 4.81904447558727$ | PnL: 15.25734598 💵 | Сделок: 736 | WinRate: 62.91%
🔄 2025-09-02 08:42:53 Баланс: 5.22369031264807$ | PnL: 15.67990772 💵 | Сделок: 738 | WinRate: 63.01%
🔄 2025-09-02 08:44:31 Баланс: 5.37274543722767$ | PnL: 15.86245988 💵 | Сделок: 740 | WinRate: 63.11%
🔄 2025-09-02 08:46:10 Баланс: 5.58828892620767$ | PnL: 16.10579808 💵 | Сделок: 743 | WinRate: 63.26%
🔄 2025-09-02 08:47:47 Баланс: 5.58828892620767$ | PnL: 16.10579808 💵 | Сделок: 743 | WinRate: 63.26%
🔄 2025-09-02 08:49:24 Баланс: 5.59600672030767$ | PnL: 16.20178378 💵 | Сделок: 744 | WinRate: 63.31%
🔄 2025-09-02 08:51:00 Баланс: 5.56145959913719$ | PnL: 16.17622027 💵 | Сделок: 745 | WinRate: 63.22%
🔄 2025-09-02 08:52:36 Баланс: 5.44930329416679$ | PnL: 16.07309226 💵 | Сделок: 746 | WinRate: 63.14%
🔄 2025-09-02 08:54:14 Баланс: 5.37817862744279$ | PnL: 16.01112935 💵 | Сделок: 747 | WinRate: 63.05%
🔄 2025-09-02 08:55:49 Баланс: 5.37817862744279$ | PnL: 16.01112935 💵 | Сделок: 747 | WinRate: 63.05%
🔄 2025-09-02 08:57:25 Баланс: 5.44188837702359$ | PnL: 16.08385609 💵 | Сделок: 748 | WinRate: 63.1%
🔄 2025-09-02 08:59:01 Баланс: 5.44188837702359$ | PnL: 16.08385609 💵 | Сделок: 748 | WinRate: 63.1%
🔄 2025-09-02 09:00:36 Баланс: 5.44188837702359$ | PnL: 16.08385609 💵 | Сделок: 748 | WinRate: 63.1%
🔄 2025-09-02 09:02:14 Баланс: 5.65675114454871$ | PnL: 16.30331994 💵 | Сделок: 750 | WinRate: 63.2%
🔄 2025-09-02 09:03:49 Баланс: 5.65675114454871$ | PnL: 16.30331994 💵 | Сделок: 750 | WinRate: 63.2%
🔄 2025-09-02 09:05:25 Баланс: 5.58444766382971$ | PnL: 16.24003198 💵 | Сделок: 751 | WinRate: 63.12%
🔄 2025-09-02 09:07:00 Баланс: 5.58444766382971$ | PnL: 16.24003198 💵 | Сделок: 751 | WinRate: 63.12%
🔄 2025-09-02 09:08:36 Баланс: 5.58444766382971$ | PnL: 16.24003198 💵 | Сделок: 751 | WinRate: 63.12%
🔄 2025-09-02 09:10:11 Баланс: 16.5789595138297$ | PnL: 16.19879383 💵 | Сделок: 752 | WinRate: 63.03%
🔄 2025-09-02 09:11:46 Баланс: 6.56995198706171$ | PnL: 16.19879383 💵 | Сделок: 752 | WinRate: 63.03%
🔄 2025-09-02 09:13:21 Баланс: 6.56995198706171$ | PnL: 16.19879383 💵 | Сделок: 752 | WinRate: 63.03%
🔄 2025-09-02 09:14:56 Баланс: 6.56995198706171$ | PnL: 16.19879383 💵 | Сделок: 752 | WinRate: 63.03%
🔄 2025-09-02 09:16:32 Баланс: 6.61686378866211$ | PnL: 16.25470722 💵 | Сделок: 753 | WinRate: 63.08%
🔄 2025-09-02 09:18:09 Баланс: 6.66469288959711$ | PnL: 16.31154149 💵 | Сделок: 754 | WinRate: 63.13%
🔄 2025-09-02 09:19:46 Баланс: 6.66469288959711$ | PnL: 16.31154149 💵 | Сделок: 754 | WinRate: 63.13%
🔄 2025-09-02 09:21:21 Баланс: 6.57341387276511$ | PnL: 16.22928135 💵 | Сделок: 755 | WinRate: 63.05%
🔄 2025-09-02 09:22:57 Баланс: 6.57341387276511$ | PnL: 16.22928135 💵 | Сделок: 755 | WinRate: 63.05%
🔄 2025-09-02 09:25:15 Баланс: 6.47204241154551$ | PnL: 16.13690992 💵 | Сделок: 756 | WinRate: 62.96%
🔄 2025-09-02 09:26:50 Баланс: 6.47204241154551$ | PnL: 16.13690992 💵 | Сделок: 756 | WinRate: 62.96%
🔄 2025-09-02 09:28:26 Баланс: 6.57619985174551$ | PnL: 16.25005754 💵 | Сделок: 757 | WinRate: 63.01%
🔄 2025-09-02 09:30:01 Баланс: 6.57619985174551$ | PnL: 16.25005754 💵 | Сделок: 757 | WinRate: 63.01%
🔄 2025-09-02 09:31:36 Баланс: 6.49971483421531$ | PnL: 16.18256455 💵 | Сделок: 758 | WinRate: 62.93%
🔄 2025-09-02 09:33:10 Баланс: 6.49971483421531$ | PnL: 16.18256455 💵 | Сделок: 758 | WinRate: 62.93%
🔄 2025-09-02 09:34:45 Баланс: 6.49971483421531$ | PnL: 16.18256455 💵 | Сделок: 758 | WinRate: 62.93%
🔄 2025-09-02 09:36:20 Баланс: 6.49971483421531$ | PnL: 16.18256455 💵 | Сделок: 758 | WinRate: 62.93%
🔄 2025-09-02 09:37:57 Баланс: 6.55855022233431$ | PnL: 16.25040131 💵 | Сделок: 759 | WinRate: 62.98%
🔄 2025-09-02 09:39:33 Баланс: 6.51623176633431$ | PnL: 16.20266993 💵 | Сделок: 760 | WinRate: 62.89%
🔄 2025-09-02 09:41:08 Баланс: 6.69063292129431$ | PnL: 16.38576126 💵 | Сделок: 761 | WinRate: 62.94%
🔄 2025-09-02 09:43:29 Баланс: 6.86455133541831$ | PnL: 16.56864266 💵 | Сделок: 762 | WinRate: 62.99%
🔄 2025-09-02 09:45:07 Баланс: 6.86455133541831$ | PnL: 16.56864266 💵 | Сделок: 762 | WinRate: 62.99%
🔄 2025-09-02 09:46:43 Баланс: 6.79656933565831$ | PnL: 16.51015048 💵 | Сделок: 763 | WinRate: 62.91%
🔄 2025-09-02 09:48:18 Баланс: 6.7352320294343$ | PnL: 16.45781265 💵 | Сделок: 764 | WinRate: 62.83%
🔄 2025-09-02 09:49:53 Баланс: 6.7352320294343$ | PnL: 16.45781265 💵 | Сделок: 764 | WinRate: 62.83%
🔄 2025-09-02 09:51:29 Баланс: 6.7352320294343$ | PnL: 16.45781265 💵 | Сделок: 764 | WinRate: 62.83%
🔄 2025-09-02 09:53:03 Баланс: 6.7352320294343$ | PnL: 16.45781265 💵 | Сделок: 764 | WinRate: 62.83%
🔄 2025-09-02 09:54:38 Баланс: 6.7352320294343$ | PnL: 16.45781265 💵 | Сделок: 764 | WinRate: 62.83%
🔄 2025-09-02 09:56:15 Баланс: 6.7352320294343$ | PnL: 16.45781265 💵 | Сделок: 764 | WinRate: 62.83%
🔄 2025-09-02 09:57:51 Баланс: 6.7352320294343$ | PnL: 16.45781265 💵 | Сделок: 764 | WinRate: 62.83%
🔄 2025-09-02 09:59:29 Баланс: 6.7352320294343$ | PnL: 16.45781265 💵 | Сделок: 764 | WinRate: 62.83%
🔄 2025-09-02 10:01:06 Баланс: 6.8111837231843$ | PnL: 16.54276321 💵 | Сделок: 765 | WinRate: 62.88%
