[2025-08-08 11:33:12][TRADE] Закрыта позиция SPK-USDT-SWAP PnL: -0.03 Причина: SL Баланс: 989.9700016
  Открытие:     2025-08-08 11:23:32
  Закрытие:     2025-08-08 11:33:13
  Цена входа:   0.11291
  Цена выхода:  0.11257127

[2025-08-08 12:03:06][TRADE] Закрыта позиция SHELL-USDT-SWAP PnL: -0.03 Причина: SL Баланс: 939.940019461
  Открытие:     2025-08-08 11:45:48
  Закрытие:     2025-08-08 12:03:06
  Цена входа:   0.162
  Цена выхода:  0.161514

[2025-08-08 12:12:54][TRADE] Закрыта позиция KMNO-USDT-SWAP PnL: 0.1 Причина: TP Баланс: 950.0400193
  Открытие:     2025-08-08 11:48:21
  Закрытие:     2025-08-08 12:12:54
  Цена входа:   0.05197
  Цена выхода:  0.0524897

[2025-08-08 12:27:30][TRADE] Закрыта позиция COOKIE-USDT-SWAP PnL: -0.03 Причина: SL Баланс: 960.010018465
  Открытие:     2025-08-08 12:01:30
  Закрытие:     2025-08-08 12:27:31
  Цена входа:   0.15261
  Цена выхода:  0.15215217

[2025-08-08 12:28:08][TRADE] Закрыта позиция H-USDT-SWAP PnL: -0.03 Причина: SL Баланс: 969.980017937
  Открытие:     2025-08-08 12:02:00
  Закрытие:     2025-08-08 12:28:09
  Цена входа:   0.03764
  Цена выхода:  0.03752708

[2025-08-08 12:31:24][TRADE] Закрыта позиция BIO-USDT-SWAP PnL: -0.03 Причина: SL Баланс: 939.950037122
  Открытие:     2025-08-08 12:01:19
  Закрытие:     2025-08-08 12:31:25
  Цена входа:   0.08469
  Цена выхода:  0.08443593

[2025-08-08 12:45:39][TRADE] Закрыта позиция DOGE-USDT-SWAP PnL: -0.02999999 Причина: SL Баланс: 799.920181490643
  Открытие:     2025-08-08 12:30:53
  Закрытие:     2025-08-08 12:45:40
  Цена входа:   0.22356
  Цена выхода:  0.22288932

[2025-08-08 12:47:08][TRADE] Закрыта позиция KAITO-USDT-SWAP PnL: -0.02999992 Причина: SL Баланс: 799.890155321843
  Открытие:     2025-08-08 12:32:21
  Закрытие:     2025-08-08 12:47:09
  Цена входа:   1.1713
  Цена выхода:  1.1677861

[2025-08-08 12:47:45][TRADE] Закрыта позиция PEPE-USDT-SWAP PnL: -0.029615 Причина: SL Баланс: 809.860540321899
  Открытие:     2025-08-08 12:32:59
  Закрытие:     2025-08-08 12:47:46
  Цена входа:   1.1143E-05
  Цена выхода:  1.111E-05

[2025-08-08 12:47:54][TRADE] Закрыта позиция RAY-USDT-SWAP PnL: -0.02999963 Причина: SL Баланс: 819.830418541899
  Открытие:     2025-08-08 12:33:09
  Закрытие:     2025-08-08 12:47:55
  Цена входа:   2.8685
  Цена выхода:  2.8598945

[2025-08-08 12:48:18][TRADE] Закрыта позиция THETA-USDT-SWAP PnL: -0.02999993 Причина: SL Баланс: 829.800395491899
  Открытие:     2025-08-08 12:33:35
  Закрытие:     2025-08-08 12:48:19
  Цена входа:   0.8152
  Цена выхода:  0.8127544

[2025-08-08 12:48:35][TRADE] Закрыта позиция WCT-USDT-SWAP PnL: -0.02999999 Причина: SL Баланс: 839.770391391899
  Открытие:     2025-08-08 12:30:10
  Закрытие:     2025-08-08 12:48:35
  Цена входа:   0.3149
  Цена выхода:  0.3139553

[2025-08-08 12:49:01][TRADE] Закрыта позиция DOGE-USD-SWAP PnL: -0.02999997 Причина: SL Баланс: 849.740382843899
  Открытие:     2025-08-08 12:30:38
  Закрытие:     2025-08-08 12:49:02
  Цена входа:   0.22346
  Цена выхода:  0.22278962

[2025-08-08 12:51:41][TRADE] Закрыта позиция SHIB-USDT-SWAP PnL: -0.02638932 Причина: SL Баланс: 859.713993523319
  Открытие:     2025-08-08 12:33:19
  Закрытие:     2025-08-08 12:51:42
  Цена входа:   1.2884E-05
  Цена выхода:  1.285E-05

[2025-08-08 12:51:49][TRADE] Закрыта позиция STRK-USDT-SWAP PnL: -0.03 Причина: SL Баланс: 869.683994103319
  Открытие:     2025-08-08 12:37:10
  Закрытие:     2025-08-08 12:51:50
  Цена входа:   0.1273
  Цена выхода:  0.1269181

[2025-08-08 12:52:22][TRADE] Закрыта позиция ZRO-USDT-SWAP PnL: -0.03000026 Причина: SL Баланс: 879.654078943319
  Открытие:     2025-08-08 12:41:28
  Закрытие:     2025-08-08 12:52:22
  Цена входа:   1.853
  Цена выхода:  1.847441

[2025-08-08 12:53:04][TRADE] Закрыта позиция AEVO-USDT-SWAP PnL: -0.03 Причина: SL Баланс: 889.624077567319
  Открытие:     2025-08-08 12:31:04
  Закрытие:     2025-08-08 12:53:04
  Цена входа:   0.09884
  Цена выхода:  0.09854348

[2025-08-08 12:53:24][TRADE] Закрыта позиция BIGTIME-USDT-SWAP PnL: -0.03000001 Причина: SL Баланс: 899.594080485319
  Открытие:     2025-08-08 12:35:07
  Закрытие:     2025-08-08 12:53:24
  Цена входа:   0.06064
  Цена выхода:  0.06045808

[2025-08-08 12:53:27][TRADE] Закрыта позиция BOME-USDT-SWAP PnL: -0.03001622 Причина: SL Баланс: 909.564064216519
  Открытие:     2025-08-08 12:31:28
  Закрытие:     2025-08-08 12:53:28
  Цена входа:   0.001849
  Цена выхода:  0.00184345

[2025-08-08 12:53:35][TRADE] Закрыта позиция COOKIE-USDT-SWAP PnL: -0.02999999 Причина: SL Баланс: 919.534060958519
  Открытие:     2025-08-08 12:31:37
  Закрытие:     2025-08-08 12:53:35
  Цена входа:   0.15114
  Цена выхода:  0.15068658

[2025-08-08 12:53:52][TRADE] Закрыта позиция FIL-USDT-SWAP PnL: -0.03 Причина: SL Баланс: 929.504060958519
  Открытие:     2025-08-08 12:43:01
  Закрытие:     2025-08-08 12:53:53
  Цена входа:   2.5
  Цена выхода:  2.4925

[2025-08-08 12:54:28][TRADE] Закрыта позиция LUNC-USDT-SWAP PnL: -0.02939735 Причина: SL Баланс: 939.4746636112
  Открытие:     2025-08-08 12:40:00
  Закрытие:     2025-08-08 12:54:28
  Цена входа:   6.123E-05
  Цена выхода:  6.105E-05

[2025-08-08 13:03:21][TRADE] Закрыта позиция MAGIC-USDT-SWAP PnL: 0.09999998 Причина: TP Баланс: 939.5746635912
  Открытие:     2025-08-08 12:56:27
  Закрытие:     2025-08-08 13:03:22
  Цена входа:   0.2501
  Цена выхода:  0.252601

[2025-08-08 13:04:01][TRADE] Закрыта позиция CTC-USDT-SWAP PnL: -0.03000005 Причина: SL Баланс: 949.5446812612
  Открытие:     2025-08-08 12:31:41
  Закрытие:     2025-08-08 13:04:01
  Цена входа:   0.7029
  Цена выхода:  0.7007913

[2025-08-08 13:25:39][TRADE] Закрыта позиция QTUM-USDT-SWAP PnL: -0.02999974 Причина: SL Баланс: 949.5145917562
  Открытие:     2025-08-08 12:33:07
  Закрытие:     2025-08-08 13:25:40
  Цена входа:   2.152
  Цена выхода:  2.145544

[2025-08-08 13:47:12][TRADE] Закрыта позиция CRO-USDT-SWAP PnL: -0.03000001 Причина: SL Баланс: 869.6621138712
  Открытие:     2025-08-08 13:19:00
  Закрытие:     2025-08-08 13:47:12
  Цена входа:   0.15255
  Цена выхода:  0.15209235

