[2025-08-08 11:37:15][TRADE] Закрыта позиция DGB-USDT-SWAP PnL: -0.02000225 Причина: SL Баланс: 909.9799724019
  Открытие:     2025-08-08 11:30:01
  Закрытие:     2025-08-08 11:37:16
  Цена входа:   0.008889
  Цена выхода:  0.00887122

[2025-08-08 11:37:19][TRADE] Закрыта позиция DUCK-USDT-SWAP PnL: -0.02000793 Причина: SL Баланс: 919.95996468
  Открытие:     2025-08-08 11:33:27
  Закрытие:     2025-08-08 11:37:20
  Цена входа:   0.005043
  Цена выхода:  0.00503291

[2025-08-08 11:38:07][TRADE] Закрыта позиция MAJOR-USDT-SWAP PnL: -0.02 Причина: SL Баланс: 929.93996593
  Открытие:     2025-08-08 11:30:46
  Закрытие:     2025-08-08 11:38:08
  Цена входа:   0.1675
  Цена выхода:  0.167165

[2025-08-08 11:39:04][TRADE] Закрыта позиция TIA-USDT-SWAP PnL: -0.02000005 Причина: SL Баланс: 929.9199908051
  Открытие:     2025-08-08 11:31:39
  Закрытие:     2025-08-08 11:39:05
  Цена входа:   1.75
  Цена выхода:  1.7465

[2025-08-08 11:40:34][TRADE] Закрыта позиция CATI-USDT-SWAP PnL: 0.06000002 Причина: TP Баланс: 909.9800195971
  Открытие:     2025-08-08 11:26:38
  Закрытие:     2025-08-08 11:40:35
  Цена входа:   0.08874
  Цена выхода:  0.08927244

[2025-08-08 11:40:55][TRADE] Закрыта позиция FARTCOIN-USDT-SWAP PnL: 0.05999988 Причина: TP Баланс: 920.0399998571
  Открытие:     2025-08-08 11:33:36
  Закрытие:     2025-08-08 11:40:55
  Цена входа:   1.0387
  Цена выхода:  1.0449322

[2025-08-08 11:47:07][TRADE] Закрыта позиция AI16Z-USDT-SWAP PnL: -0.01999999 Причина: SL Баланс: 780.0900031538
  Открытие:     2025-08-08 11:40:10
  Закрытие:     2025-08-08 11:47:08
  Цена входа:   0.1345
  Цена выхода:  0.134231

[2025-08-08 11:47:15][TRADE] Закрыта позиция ARC-USDT-SWAP PnL: -0.02 Причина: SL Баланс: 790.0700026888
  Открытие:     2025-08-08 11:36:45
  Закрытие:     2025-08-08 11:47:16
  Цена входа:   0.02071
  Цена выхода:  0.02066858

[2025-08-08 11:47:20][TRADE] Закрыта позиция AVAAI-USDT-SWAP PnL: -0.02 Причина: SL Баланс: 790.0500002138
  Открытие:     2025-08-08 11:40:23
  Закрытие:     2025-08-08 11:47:21
  Цена входа:   0.02552
  Цена выхода:  0.02546896

[2025-08-08 11:52:34][TRADE] Закрыта позиция MEW-USDT-SWAP PnL: 0.06 Причина: TP Баланс: 440.15985527518
  Открытие:     2025-08-08 11:41:40
  Закрытие:     2025-08-08 11:52:34
  Цена входа:   0.003245
  Цена выхода:  0.00326447

[2025-08-08 11:56:23][TRADE] Закрыта позиция IP-USDT-SWAP PnL: -0.01999973 Причина: SL Баланс: 250.139544082287
  Открытие:     2025-08-08 11:52:08
  Закрытие:     2025-08-08 11:56:24
  Цена входа:   6.591
  Цена выхода:  6.577818

[2025-08-08 11:56:33][TRADE] Закрыта позиция LA-USDT-SWAP PnL: 0.06000008 Причина: TP Баланс: 230.199191922287
  Открытие:     2025-08-08 11:34:07
  Закрытие:     2025-08-08 11:56:34
  Цена входа:   0.3151
  Цена выхода:  0.3169906

[2025-08-08 11:57:03][TRADE] Закрыта позиция NOT-USDT-SWAP PnL: 0.05999077 Причина: TP Баланс: 200.259731287187
  Открытие:     2025-08-08 11:38:24
  Закрытие:     2025-08-08 11:57:03
  Цена входа:   0.002167
  Цена выхода:  0.00218

[2025-08-08 11:57:12][TRADE] Закрыта позиция PENGU-USDT-SWAP PnL: 0.05999891 Причина: TP Баланс: 200.319768940987
  Открытие:     2025-08-08 11:45:28
  Закрытие:     2025-08-08 11:57:13
  Цена входа:   0.037149
  Цена выхода:  0.03737189

[2025-08-08 11:57:39][TRADE] Закрыта позиция SNX-USDT-SWAP PnL: 0.06000009 Причина: TP Баланс: 130.379670844536
  Открытие:     2025-08-08 11:42:18
  Закрытие:     2025-08-08 11:57:40
  Цена входа:   0.6277
  Цена выхода:  0.6314662

[2025-08-08 11:58:26][TRADE] Закрыта позиция ZRO-USDT-SWAP PnL: -0.02000005 Причина: SL Баланс: 80.3582918699361
  Открытие:     2025-08-08 11:54:11
  Закрытие:     2025-08-08 11:58:26
  Цена входа:   1.863
  Цена выхода:  1.859274

[2025-08-08 11:58:51][TRADE] Закрыта позиция LINK-USD-SWAP PnL: -0.02000172 Причина: SL Баланс: 80.3390615499361
  Открытие:     2025-08-08 11:50:23
  Закрытие:     2025-08-08 11:58:51
  Цена входа:   19.359
  Цена выхода:  19.320282

[2025-08-08 11:59:15][TRADE] Закрыта позиция ANIME-USDT-SWAP PnL: 0.06 Причина: TP Баланс: 90.3990614539361
  Открытие:     2025-08-08 11:50:47
  Закрытие:     2025-08-08 11:59:15
  Цена входа:   0.01732
  Цена выхода:  0.01742392

[2025-08-08 11:59:16][TRADE] Закрыта позиция APE-USDT-SWAP PnL: -0.01999996 Причина: SL Баланс: 100.379043293936
  Открытие:     2025-08-08 11:40:14
  Закрытие:     2025-08-08 11:59:16
  Цена входа:   0.6115
  Цена выхода:  0.610277

[2025-08-08 12:00:11][TRADE] Закрыта позиция FLM-USDT-SWAP PnL: 0.06000001 Причина: TP Баланс: 100.439046263936
  Открытие:     2025-08-08 11:40:57
  Закрытие:     2025-08-08 12:00:11
  Цена входа:   0.0292
  Цена выхода:  0.0293752

[2025-08-08 12:00:29][TRADE] Закрыта позиция HOME-USDT-SWAP PnL: 0.06 Причина: TP Баланс: 100.499036131936
  Открытие:     2025-08-08 11:30:25
  Закрытие:     2025-08-08 12:00:29
  Цена входа:   0.0374
  Цена выхода:  0.0376244

[2025-08-08 12:00:52][TRADE] Закрыта позиция LINK-USDT-SWAP PnL: -0.02000016 Причина: SL Баланс: 110.479115971936
  Открытие:     2025-08-08 11:52:21
  Закрытие:     2025-08-08 12:00:52
  Цена входа:   19.35
  Цена выхода:  19.3113

[2025-08-08 12:01:29][TRADE] Закрыта позиция PEOPLE-USDT-SWAP PnL: -0.02 Причина: SL Баланс: 90.4591238419361
  Открытие:     2025-08-08 11:57:14
  Закрытие:     2025-08-08 12:01:30
  Цена входа:   0.0192
  Цена выхода:  0.0191616

[2025-08-08 12:01:30][TRADE] Закрыта позиция PEPE-USDT-SWAP PnL: -0.01771479 Причина: SL Баланс: 100.44140905239
  Открытие:     2025-08-08 11:57:15
  Закрытие:     2025-08-08 12:01:31
  Цена входа:   1.129E-05
  Цена выхода:  1.127E-05

[2025-08-08 12:01:34][TRADE] Закрыта позиция POPCAT-USDT-SWAP PnL: -0.02000003 Причина: SL Баланс: 100.42142502239
  Открытие:     2025-08-08 11:57:20
  Закрытие:     2025-08-08 12:01:35
  Цена входа:   0.3259
  Цена выхода:  0.3252482

[2025-08-08 12:01:38][TRADE] Закрыта позиция PYTH-USDT-SWAP PnL: -0.02000001 Причина: SL Баланс: 110.40143102839
  Открытие:     2025-08-08 11:57:24
  Закрытие:     2025-08-08 12:01:38
  Цена входа:   0.12376
  Цена выхода:  0.12351248

[2025-08-08 12:01:47][TRADE] Закрыта позиция SATS-USDT-SWAP PnL: -0.07444169 Причина: TP Баланс: 110.326989367391
  Открытие:     2025-08-08 11:57:33
  Закрытие:     2025-08-08 12:01:48
  Цена входа:   4.03E-08
  Цена выхода:  4E-08

[2025-08-08 12:02:00][TRADE] Закрыта позиция STRK-USDT-SWAP PnL: -0.02 Причина: SL Баланс: 120.306987767391
  Открытие:     2025-08-08 11:57:47
  Закрытие:     2025-08-08 12:02:00
  Цена входа:   0.1281
  Цена выхода:  0.1278438

[2025-08-08 12:02:32][TRADE] Закрыта позиция XTZ-USDT-SWAP PnL: -0.01999995 Причина: SL Баланс: 100.283065677391
  Открытие:     2025-08-08 11:54:02
  Закрытие:     2025-08-08 12:02:32
  Цена входа:   0.8179
  Цена выхода:  0.8162642

[2025-08-08 12:02:35][TRADE] Закрыта позиция ZEREBRO-USDT-SWAP PnL: -0.02 Причина: SL Баланс: 110.263065337391
  Открытие:     2025-08-08 11:54:06
  Закрытие:     2025-08-08 12:02:36
  Цена входа:   0.0291
  Цена выхода:  0.0290418

[2025-08-08 12:03:59][TRADE] Закрыта позиция BONK-USDT-SWAP PnL: -0.021659 Причина: SL Баланс: 30.2416121752846
  Открытие:     2025-08-08 11:55:25
  Закрытие:     2025-08-08 12:04:00
  Цена входа:   2.6317E-05
  Цена выхода:  2.626E-05

[2025-08-08 12:04:26][TRADE] Закрыта позиция ETHW-USDT-SWAP PnL: -0.01999984 Причина: SL Баланс: 10.2195731298446
  Открытие:     2025-08-08 11:51:36
  Закрытие:     2025-08-08 12:04:26
  Цена входа:   1.654
  Цена выхода:  1.650692

[2025-08-08 12:04:27][TRADE] Закрыта позиция FARTCOIN-USDT-SWAP PnL: -0.02 Причина: SL Баланс: 20.1995715298446
  Открытие:     2025-08-08 11:55:54
  Закрытие:     2025-08-08 12:04:28
  Цена входа:   1.0455
  Цена выхода:  1.043409

[2025-08-08 12:05:02][TRADE] Закрыта позиция JUP-USDT-SWAP PnL: -0.01999997 Причина: SL Баланс: 30.1795585998446
  Открытие:     2025-08-08 11:56:30
  Закрытие:     2025-08-08 12:05:03
  Цена входа:   0.5048
  Цена выхода:  0.5037904

[2025-08-08 12:05:03][TRADE] Закрыта позиция KAITO-USDT-SWAP PnL: 0.06000034 Причина: TP Баланс: 40.2396152098446
  Открытие:     2025-08-08 11:52:14
  Закрытие:     2025-08-08 12:05:03
  Цена входа:   1.1643
  Цена выхода:  1.1712858

[2025-08-08 12:05:12][TRADE] Закрыта позиция LRC-USDT-SWAP PnL: 0.05999998 Причина: TP Баланс: 40.2996136258446
  Открытие:     2025-08-08 12:00:55
  Закрытие:     2025-08-08 12:05:13
  Цена входа:   0.08588
  Цена выхода:  0.08639528

[2025-08-08 12:05:22][TRADE] Закрыта позиция METIS-USDT-SWAP PnL: 0.05999746 Причина: TP Баланс: 50.3591880858446
  Открытие:     2025-08-08 11:56:51
  Закрытие:     2025-08-08 12:05:23
  Цена входа:   15.89
  Цена выхода:  15.98534

[2025-08-08 12:06:29][TRADE] Закрыта позиция UXLINK-USDT-SWAP PnL: 0.05999998 Причина: TP Баланс: 10.4196461385446
  Открытие:     2025-08-08 11:46:13
  Закрытие:     2025-08-08 12:06:30
  Цена входа:   0.3368
  Цена выхода:  0.3388208

[2025-08-08 12:06:41][TRADE] Закрыта позиция ZETA-USDT-SWAP PnL: -0.02 Причина: SL Баланс: 10.3996504985446
  Открытие:     2025-08-08 11:54:07
  Закрытие:     2025-08-08 12:06:41
  Цена входа:   0.1966
  Цена выхода:  0.1962068

[2025-08-08 12:07:18][TRADE] Закрыта позиция AIXBT-USDT-SWAP PnL: 0.06000003 Причина: TP Баланс: 10.4596519005446
  Открытие:     2025-08-08 12:03:30
  Закрытие:     2025-08-08 12:07:18
  Цена входа:   0.12932
  Цена выхода:  0.13009592

[2025-08-08 12:07:31][TRADE] Закрыта позиция AXS-USDT-SWAP PnL: 0.05999946 Причина: TP Баланс: 10.5195646725446
  Открытие:     2025-08-08 11:50:59
  Закрытие:     2025-08-08 12:07:32
  Цена входа:   2.412
  Цена выхода:  2.426472

[2025-08-08 12:07:37][TRADE] Закрыта позиция BICO-USDT-SWAP PnL: 0.06000001 Причина: TP Баланс: 10.5795646725446
  Открытие:     2025-08-08 11:47:26
  Закрытие:     2025-08-08 12:07:38
  Цена входа:   0.1078
  Цена выхода:  0.1084468

[2025-08-08 12:07:49][TRADE] Закрыта позиция CETUS-USDT-SWAP PnL: 0.05999999 Причина: TP Баланс: 20.6395635935446
  Открытие:     2025-08-08 11:55:31
  Закрытие:     2025-08-08 12:07:50
  Цена входа:   0.10749
  Цена выхода:  0.10813494

[2025-08-08 12:08:25][TRADE] Закрыта позиция GPS-USDT-SWAP PnL: 0.06000001 Причина: TP Баланс: 20.6995643002446
  Открытие:     2025-08-08 11:41:05
  Закрытие:     2025-08-08 12:08:26
  Цена входа:   0.01698
  Цена выхода:  0.01708188

[2025-08-08 12:08:26][TRADE] Закрыта позиция GRASS-USDT-SWAP PnL: 0.05999988 Причина: TP Баланс: 30.7595439802446
  Открытие:     2025-08-08 11:56:08
  Закрытие:     2025-08-08 12:08:27
  Цена входа:   0.7244
  Цена выхода:  0.7287464

[2025-08-08 12:08:30][TRADE] Закрыта позиция HBAR-USDT-SWAP PnL: 0.06000007 Причина: TP Баланс: 40.8195549622446
  Открытие:     2025-08-08 12:00:27
  Закрытие:     2025-08-08 12:08:30
  Цена входа:   0.26384
  Цена выхода:  0.26542304

[2025-08-08 12:08:31][TRADE] Закрыта позиция HMSTR-USDT-SWAP PnL: 0.06002129 Причина: TP Баланс: 50.8795762393646
  Открытие:     2025-08-08 11:48:09
  Закрытие:     2025-08-08 12:08:31
  Цена входа:   0.0007514
  Цена выхода:  0.00075591

[2025-08-08 12:08:50][TRADE] Закрыта позиция KSM-USDT-SWAP PnL: 0.06000216 Причина: TP Баланс: 50.9399377593646
  Открытие:     2025-08-08 11:56:33
  Закрытие:     2025-08-08 12:08:50
  Цена входа:   14.8
  Цена выхода:  14.8888

[2025-08-08 12:08:52][TRADE] Закрыта позиция LAYER-USDT-SWAP PnL: 0.05999983 Причина: TP Баланс: 60.9999096493646
  Открытие:     2025-08-08 11:41:28
  Закрытие:     2025-08-08 12:08:52
  Цена входа:   0.6266
  Цена выхода:  0.6303596

[2025-08-08 12:08:58][TRADE] Закрыта позиция LUNA-USDT-SWAP PnL: 0.06000004 Причина: TP Баланс: 61.0599032993646
  Открытие:     2025-08-08 12:00:57
  Закрытие:     2025-08-08 12:08:58
  Цена входа:   0.1625
  Цена выхода:  0.163475

[2025-08-08 12:09:10][TRADE] Закрыта позиция MKR-USDT-SWAP PnL: 0.05958 Причина: TP Баланс: 61.0494832976756
  Открытие:     2025-08-08 11:45:07
  Закрытие:     2025-08-08 12:09:10
  Цена входа:   1986
  Цена выхода:  1997.916

[2025-08-08 12:09:29][TRADE] Закрыта позиция OP-USDT-SWAP PnL: 0.05999998 Причина: TP Баланс: 61.1095034376756
  Открытие:     2025-08-08 11:52:59
  Закрытие:     2025-08-08 12:09:29
  Цена входа:   0.7368
  Цена выхода:  0.7412208

[2025-08-08 12:09:40][TRADE] Закрыта позиция PROMPT-USDT-SWAP PnL: 0.05999998 Причина: TP Баланс: 71.1694992676756
  Открытие:     2025-08-08 11:42:05
  Закрытие:     2025-08-08 12:09:41
  Цена входа:   0.13546
  Цена выхода:  0.13627276

[2025-08-08 12:09:52][TRADE] Закрыта позиция SAND-USDT-SWAP PnL: 0.05999995 Причина: TP Баланс: 81.2294908976756
  Открытие:     2025-08-08 11:57:32
  Закрытие:     2025-08-08 12:09:52
  Цена входа:   0.2877
  Цена выхода:  0.2894262

[2025-08-08 12:09:56][TRADE] Закрыта позиция SIGN-USDT-SWAP PnL: 0.06000002 Причина: TP Баланс: 91.2894939416756
  Открытие:     2025-08-08 11:45:47
  Закрытие:     2025-08-08 12:09:57
  Цена входа:   0.07622
  Цена выхода:  0.07667732

[2025-08-08 12:09:57][TRADE] Закрыта позиция SLP-USDT-SWAP PnL: 0.06 Причина: TP Баланс: 101.349494024176
  Открытие:     2025-08-08 11:45:49
  Закрытие:     2025-08-08 12:09:58
  Цена входа:   0.001825
  Цена выхода:  0.00183595

[2025-08-08 12:10:01][TRADE] Закрыта позиция SOPH-USDT-SWAP PnL: 0.06 Причина: TP Баланс: 111.409493610176
  Открытие:     2025-08-08 11:57:43
  Закрытие:     2025-08-08 12:10:02
  Цена входа:   0.04034
  Цена выхода:  0.04058204

[2025-08-08 12:10:04][TRADE] Закрыта позиция SSV-USDT-SWAP PnL: 0.06000085 Причина: TP Баланс: 111.469643440176
  Открытие:     2025-08-08 11:57:46
  Закрытие:     2025-08-08 12:10:04
  Цена входа:   9.096
  Цена выхода:  9.150576

[2025-08-08 12:10:10][TRADE] Закрыта позиция T-USDT-SWAP PnL: 0.06 Причина: TP Баланс: 121.529643376176
  Открытие:     2025-08-08 11:46:01
  Закрытие:     2025-08-08 12:10:11
  Цена входа:   0.01724
  Цена выхода:  0.01734344

[2025-08-08 12:10:11][TRADE] Закрыта позиция TAO-USDT-SWAP PnL: 0.06002694 Причина: TP Баланс: 131.594160316176
  Открытие:     2025-08-08 12:02:07
  Закрытие:     2025-08-08 12:10:11
  Цена входа:   374.7
  Цена выхода:  376.9482

[2025-08-08 12:10:12][TRADE] Закрыта позиция THETA-USDT-SWAP PnL: 0.05999999 Причина: TP Баланс: 141.654158606176
  Открытие:     2025-08-08 11:53:39
  Закрытие:     2025-08-08 12:10:12
  Цена входа:   0.817
  Цена выхода:  0.821902

[2025-08-08 12:10:20][TRADE] Закрыта позиция UMA-USDT-SWAP PnL: 0.06000005 Причина: TP Баланс: 151.714166856176
  Открытие:     2025-08-08 11:46:09
  Закрытие:     2025-08-08 12:10:20
  Цена входа:   1.274
  Цена выхода:  1.281644

[2025-08-08 12:10:21][TRADE] Закрыта позиция UNI-USDT-SWAP PnL: 0.05999813 Причина: TP Баланс: 161.773852586176
  Открытие:     2025-08-08 12:02:18
  Закрытие:     2025-08-08 12:10:21
  Цена входа:   10.612
  Цена выхода:  10.675672

[2025-08-08 12:10:38][TRADE] Закрыта позиция ZENT-USDT-SWAP PnL: 0.06000244 Причина: TP Баланс: 161.833857999776
  Открытие:     2025-08-08 11:58:21
  Закрытие:     2025-08-08 12:10:39
  Цена входа:   0.008203
  Цена выхода:  0.00825222

[2025-08-08 12:11:00][TRADE] Закрыта позиция DOGE-USD-SWAP PnL: 0.06000006 Причина: TP Баланс: 152.269468689776
  Открытие:     2025-08-08 12:02:56
  Закрытие:     2025-08-08 12:11:00
  Цена входа:   0.22445
  Цена выхода:  0.2257967

[2025-08-08 12:11:16][TRADE] Закрыта позиция UNI-USD-SWAP PnL: 0.06000091 Причина: TP Баланс: 152.334857899776
  Открытие:     2025-08-08 12:03:11
  Закрытие:     2025-08-08 12:11:17
  Цена входа:   10.617
  Цена выхода:  10.680702

[2025-08-08 12:11:22][TRADE] Закрыта позиция DOGE-USDT-SWAP PnL: 0.05999995 Причина: TP Баланс: 152.583399253776
  Открытие:     2025-08-08 12:03:17
  Закрытие:     2025-08-08 12:11:23
  Цена входа:   0.22437
  Цена выхода:  0.22571622

[2025-08-08 12:11:33][TRADE] Закрыта позиция AGLD-USDT-SWAP PnL: 0.05999996 Причина: TP Баланс: 152.643412473776
  Открытие:     2025-08-08 11:50:43
  Закрытие:     2025-08-08 12:11:34
  Цена входа:   0.7314
  Цена выхода:  0.7357884

[2025-08-08 12:11:45][TRADE] Закрыта позиция ARKM-USDT-SWAP PnL: 0.05999999 Причина: TP Баланс: 162.703410863776
  Открытие:     2025-08-08 11:59:22
  Закрытие:     2025-08-08 12:11:45
  Цена входа:   0.5124
  Цена выхода:  0.5154744

[2025-08-08 12:11:53][TRADE] Закрыта позиция BAND-USDT-SWAP PnL: 0.0599999 Причина: TP Баланс: 172.763393483776
  Открытие:     2025-08-08 11:51:01
  Закрытие:     2025-08-08 12:11:53
  Цена входа:   0.6916
  Цена выхода:  0.6957496

[2025-08-08 12:11:56][TRADE] Закрыта позиция BERA-USDT-SWAP PnL: 0.05999993 Причина: TP Баланс: 182.823382313776
  Открытие:     2025-08-08 12:03:51
  Закрытие:     2025-08-08 12:11:56
  Цена входа:   1.933
  Цена выхода:  1.944598

[2025-08-08 12:12:04][TRADE] Закрыта позиция BRETT-USDT-SWAP PnL: 0.05999999 Причина: TP Баланс: 192.883380070776
  Открытие:     2025-08-08 11:51:13
  Закрытие:     2025-08-08 12:12:05
  Цена входа:   0.05679
  Цена выхода:  0.05713074

[2025-08-08 12:12:06][TRADE] Закрыта позиция CELO-USDT-SWAP PnL: 0.06000004 Причина: TP Баланс: 202.943387270776
  Открытие:     2025-08-08 11:51:16
  Закрытие:     2025-08-08 12:12:07
  Цена входа:   0.3289
  Цена выхода:  0.3308734

[2025-08-08 12:12:09][TRADE] Закрыта позиция CHZ-USDT-SWAP PnL: 0.06000001 Причина: TP Баланс: 213.003388590776
  Открытие:     2025-08-08 11:47:37
  Закрытие:     2025-08-08 12:12:09
  Цена входа:   0.04134
  Цена выхода:  0.04158804

[2025-08-08 12:12:09][TRADE] Закрыта позиция COMP-USDT-SWAP PnL: 0.06000515 Причина: TP Баланс: 223.064252740776
  Открытие:     2025-08-08 12:04:09
  Закрытие:     2025-08-08 12:12:10
  Цена входа:   48.29
  Цена выхода:  48.57974

[2025-08-08 12:12:17][TRADE] Закрыта позиция DOGS-USDT-SWAP PnL: 0.06024931 Причина: TP Баланс: 223.124495127216
  Открытие:     2025-08-08 12:04:17
  Закрытие:     2025-08-08 12:12:18
  Цена входа:   0.0001444
  Цена выхода:  0.00014527

[2025-08-08 12:12:24][TRADE] Закрыта позиция ENJ-USDT-SWAP PnL: 0.06 Причина: TP Баланс: 233.184495077216
  Открытие:     2025-08-08 11:55:49
  Закрытие:     2025-08-08 12:12:24
  Цена входа:   0.07235
  Цена выхода:  0.0727841

[2025-08-08 12:12:25][TRADE] Закрыта позиция ENS-USDT-SWAP PnL: 0.06000659 Причина: TP Баланс: 243.245600467216
  Открытие:     2025-08-08 12:04:25
  Закрытие:     2025-08-08 12:12:25
  Цена входа:   27.804
  Цена выхода:  27.970824

[2025-08-08 12:12:31][TRADE] Закрыта позиция FLOW-USDT-SWAP PnL: 0.06000008 Причина: TP Баланс: 253.305613297216
  Открытие:     2025-08-08 11:51:43
  Закрытие:     2025-08-08 12:12:32
  Цена входа:   0.3731
  Цена выхода:  0.3753386

[2025-08-08 12:12:36][TRADE] Закрыта позиция GMT-USDT-SWAP PnL: 0.06000001 Причина: TP Баланс: 263.365614427216
  Открытие:     2025-08-08 11:51:48
  Закрытие:     2025-08-08 12:12:36
  Цена входа:   0.04624
  Цена выхода:  0.04651744

[2025-08-08 12:12:41][TRADE] Закрыта позиция GRT-USDT-SWAP PnL: 0.06000001 Причина: TP Баланс: 273.425616097216
  Открытие:     2025-08-08 11:51:55
  Закрытие:     2025-08-08 12:12:41
  Цена входа:   0.09482
  Цена выхода:  0.09538892

[2025-08-08 12:12:46][TRADE] Закрыта позиция ICP-USDT-SWAP PnL: 0.05999877 Причина: TP Баланс: 283.485409267216
  Открытие:     2025-08-08 11:52:01
  Закрытие:     2025-08-08 12:12:47
  Цена входа:   5.367
  Цена выхода:  5.399202

[2025-08-08 12:12:51][TRADE] Закрыта позиция IOST-USDT-SWAP PnL: 0.06001078 Причина: TP Баланс: 293.545420203716
  Открытие:     2025-08-08 11:41:17
  Закрытие:     2025-08-08 12:12:51
  Цена входа:   0.003711
  Цена выхода:  0.00373327

[2025-08-08 12:12:54][TRADE] Закрыта позиция JELLYJELLY-USDT-SWAP PnL: 0.06 Причина: TP Баланс: 303.605420613716
  Открытие:     2025-08-08 11:52:09
  Закрытие:     2025-08-08 12:12:54
  Цена входа:   0.02342
  Цена выхода:  0.02356052

[2025-08-08 12:12:55][TRADE] Закрыта позиция JOE-USDT-SWAP PnL: 0.06000001 Причина: TP Баланс: 313.665421583716
  Открытие:     2025-08-08 11:41:20
  Закрытие:     2025-08-08 12:12:55
  Цена входа:   0.1583
  Цена выхода:  0.1592498

[2025-08-08 12:12:56][TRADE] Закрыта позиция JTO-USDT-SWAP PnL: 0.06000011 Причина: TP Баланс: 323.725440493716
  Открытие:     2025-08-08 11:56:28
  Закрытие:     2025-08-08 12:12:57
  Цена входа:   1.802
  Цена выхода:  1.812812

[2025-08-08 12:13:03][TRADE] Закрыта позиция LDO-USDT-SWAP PnL: 0.06000008 Причина: TP Баланс: 323.785455289716
  Открытие:     2025-08-08 12:08:54
  Закрытие:     2025-08-08 12:13:04
  Цена входа:   1.1122
  Цена выхода:  1.1188732

[2025-08-08 12:13:11][TRADE] Закрыта позиция MANA-USDT-SWAP PnL: 0.06000007 Причина: TP Баланс: 323.850271289716
  Открытие:     2025-08-08 11:52:29
  Закрытие:     2025-08-08 12:13:12
  Цена входа:   0.2977
  Цена выхода:  0.2994862

[2025-08-08 12:13:12][TRADE] Закрыта позиция MASK-USDT-SWAP PnL: 0.06000031 Причина: TP Баланс: 333.910323099716
  Открытие:     2025-08-08 11:52:30
  Закрытие:     2025-08-08 12:13:13
  Цена входа:   1.273
  Цена выхода:  1.280638

[2025-08-08 12:13:17][TRADE] Закрыта позиция MINA-USDT-SWAP PnL: 0.05999996 Причина: TP Баланс: 343.970316929716
  Открытие:     2025-08-08 11:48:41
  Закрытие:     2025-08-08 12:13:18
  Цена входа:   0.1929
  Цена выхода:  0.1940574

[2025-08-08 12:13:19][TRADE] Закрыта позиция MOODENG-USDT-SWAP PnL: 0.06 Причина: TP Баланс: 354.030317121716
  Открытие:     2025-08-08 12:05:28
  Закрытие:     2025-08-08 12:13:19
  Цена входа:   0.16352
  Цена выхода:  0.16450112

[2025-08-08 12:13:22][TRADE] Закрыта позиция NEAR-USDT-SWAP PnL: 0.05999942 Причина: TP Баланс: 364.090219841716
  Открытие:     2025-08-08 11:52:43
  Закрытие:     2025-08-08 12:13:22
  Цена входа:   2.679
  Цена выхода:  2.695074

[2025-08-08 12:13:24][TRADE] Закрыта позиция NEO-USDT-SWAP PnL: 0.06000065 Причина: TP Баланс: 374.150329291716
  Открытие:     2025-08-08 11:57:01
  Закрытие:     2025-08-08 12:13:24
  Цена входа:   6.336
  Цена выхода:  6.374016

[2025-08-08 12:13:53][TRADE] Закрыта позиция RVN-USDT-SWAP PnL: 0.06 Причина: TP Баланс: 384.210329262716
  Открытие:     2025-08-08 12:01:44
  Закрытие:     2025-08-08 12:13:54
  Цена входа:   0.01417
  Цена выхода:  0.01425502

[2025-08-08 12:16:16][TRADE] Закрыта позиция ADA-USDT-SWAP PnL: 0.06000009 Причина: TP Баланс: 352.582141671716
  Открытие:     2025-08-08 11:50:40
  Закрытие:     2025-08-08 12:16:16
  Цена входа:   0.7985
  Цена выхода:  0.803291

[2025-08-08 12:16:29][TRADE] Закрыта позиция ALGO-USDT-SWAP PnL: 0.06000003 Причина: TP Баланс: 362.642146101716
  Открытие:     2025-08-08 12:03:32
  Закрытие:     2025-08-08 12:16:29
  Цена входа:   0.2655
  Цена выхода:  0.267093

[2025-08-08 12:16:51][TRADE] Закрыта позиция AUCTION-USDT-SWAP PnL: 0.05999745 Причина: TP Баланс: 372.701719151716
  Открытие:     2025-08-08 11:50:56
  Закрытие:     2025-08-08 12:16:51
  Цена входа:   10.276
  Цена выхода:  10.337656

[2025-08-08 12:16:52][TRADE] Закрыта позиция AVAX-USDT-SWAP PnL: 0.0599932 Причина: TP Баланс: 382.760578351716
  Открытие:     2025-08-08 11:50:57
  Закрытие:     2025-08-08 12:16:52
  Цена входа:   23.444
  Цена выхода:  23.584664

[2025-08-08 12:17:22][TRADE] Закрыта позиция CRO-USDT-SWAP PnL: -0.02000001 Причина: SL Баланс: 392.740585270716
  Открытие:     2025-08-08 12:12:12
  Закрытие:     2025-08-08 12:17:23
  Цена входа:   0.15213
  Цена выхода:  0.15182574

[2025-08-08 12:17:35][TRADE] Закрыта позиция DOT-USDT-SWAP PnL: 0.06000067 Причина: TP Баланс: 402.800698240716
  Открытие:     2025-08-08 11:51:30
  Закрытие:     2025-08-08 12:17:35
  Цена входа:   3.919
  Цена выхода:  3.942514

[2025-08-08 12:17:54][TRADE] Закрыта позиция FIL-USDT-SWAP PnL: 0.05999999 Причина: TP Баланс: 412.860696630715
  Открытие:     2025-08-08 11:51:39
  Закрытие:     2025-08-08 12:17:54
  Цена входа:   2.499
  Цена выхода:  2.513994

[2025-08-08 12:19:03][TRADE] Закрыта позиция LAUNCHCOIN-USDT-SWAP PnL: -0.02 Причина: SL Баланс: 412.840693998715
  Открытие:     2025-08-08 12:13:02
  Закрытие:     2025-08-08 12:19:03
  Цена входа:   0.08483
  Цена выхода:  0.08466034

[2025-08-08 12:19:12][TRADE] Закрыта позиция LPT-USDT-SWAP PnL: 0.05999879 Причина: TP Баланс: 422.900491388716
  Открытие:     2025-08-08 11:56:39
  Закрытие:     2025-08-08 12:19:12
  Цена входа:   6.611
  Цена выхода:  6.650666

[2025-08-08 12:19:46][TRADE] Закрыта позиция ONDO-USDT-SWAP PnL: 0.05999994 Причина: TP Баланс: 432.960480548716
  Открытие:     2025-08-08 12:01:23
  Закрытие:     2025-08-08 12:19:47
  Цена входа:   1.0166
  Цена выхода:  1.0226996

[2025-08-08 12:20:00][TRADE] Закрыта позиция ORDI-USDT-SWAP PnL: 0.0599972 Причина: TP Баланс: 443.020011248715
  Открытие:     2025-08-08 12:05:47
  Закрытие:     2025-08-08 12:20:00
  Цена входа:   9.713
  Цена выхода:  9.771278

[2025-08-08 12:20:15][TRADE] Закрыта позиция RAY-USDT-SWAP PnL: -0.02000001 Причина: SL Баланс: 453.000015728715
  Открытие:     2025-08-08 12:06:00
  Закрытие:     2025-08-08 12:20:16
  Цена входа:   2.8983
  Цена выхода:  2.8925034

[2025-08-08 12:20:17][TRADE] Закрыта позиция RENDER-USDT-SWAP PnL: 0.06000061 Причина: TP Баланс: 463.060118338715
  Открытие:     2025-08-08 11:57:27
  Закрытие:     2025-08-08 12:20:17
  Цена входа:   3.86
  Цена выхода:  3.88316

[2025-08-08 12:20:20][TRADE] Закрыта позиция RSR-USDT-SWAP PnL: 0.06000243 Причина: TP Баланс: 473.120120984016
  Открытие:     2025-08-08 12:06:05
  Закрытие:     2025-08-08 12:20:20
  Цена входа:   0.008233
  Цена выхода:  0.0082824

[2025-08-08 12:20:48][TRADE] Закрыта позиция SPX-USDT-SWAP PnL: -0.01999999 Причина: SL Баланс: 463.100120854015
  Открытие:     2025-08-08 12:10:03
  Закрытие:     2025-08-08 12:20:48
  Цена входа:   1.8201
  Цена выхода:  1.8164598

[2025-08-08 12:22:00][TRADE] Закрыта позиция W-USDT-SWAP PnL: -0.01999999 Причина: SL Баланс: 473.080117929015
  Открытие:     2025-08-08 12:10:29
  Закрытие:     2025-08-08 12:22:00
  Цена входа:   0.08265
  Цена выхода:  0.0824847

[2025-08-08 12:22:06][TRADE] Закрыта позиция WCT-USDT-SWAP PnL: 0.06000008 Причина: TP Баланс: 483.140131609015
  Открытие:     2025-08-08 11:58:13
  Закрытие:     2025-08-08 12:22:06
  Цена входа:   0.3151
  Цена выхода:  0.3169906

[2025-08-08 12:22:08][TRADE] Закрыта позиция WIF-USDT-SWAP PnL: -0.01999999 Причина: SL Баланс: 493.120127279015
  Открытие:     2025-08-08 12:06:37
  Закрытие:     2025-08-08 12:22:09
  Цена входа:   0.9634
  Цена выхода:  0.9614732

[2025-08-08 12:22:36][TRADE] Закрыта позиция ETH-USDC-SWAP PnL: -0.01962525 Причина: SL Баланс: 471.285928488015
  Открытие:     2025-08-08 12:10:46
  Закрытие:     2025-08-08 12:22:37
  Цена входа:   3925.05
  Цена выхода:  3917.1999

[2025-08-08 12:22:48][TRADE] Закрыта позиция ETH-USD-SWAP PnL: -0.01962355 Причина: SL Баланс: 469.396199938015
  Открытие:     2025-08-08 12:10:59
  Закрытие:     2025-08-08 12:22:49
  Цена входа:   3924.71
  Цена выхода:  3916.86058

[2025-08-08 12:23:10][TRADE] Закрыта позиция ETH-USDT-SWAP PnL: -0.0196229 Причина: SL Баланс: 469.187927088015
  Открытие:     2025-08-08 12:11:20
  Закрытие:     2025-08-08 12:23:11
  Цена входа:   3924.58
  Цена выхода:  3916.73084

[2025-08-08 12:23:18][TRADE] Закрыта позиция PI-USDT-SWAP PnL: -0.02000002 Причина: SL Баланс: 469.167956348015
  Открытие:     2025-08-08 12:16:02
  Закрытие:     2025-08-08 12:23:18
  Цена входа:   0.3688
  Цена выхода:  0.3680624

[2025-08-08 12:23:29][TRADE] Закрыта позиция ACE-USDT-SWAP PnL: -0.01999996 Причина: SL Баланс: 469.147950388015
  Открытие:     2025-08-08 12:11:29
  Закрытие:     2025-08-08 12:23:29
  Цена входа:   0.5742
  Цена выхода:  0.5730516

[2025-08-08 12:24:47][TRADE] Закрыта позиция DOG-USDT-SWAP PnL: 0.06000624 Причина: TP Баланс: 469.207953380315
  Открытие:     2025-08-08 12:08:03
  Закрытие:     2025-08-08 12:24:48
  Цена входа:   0.003203
  Цена выхода:  0.00322222

[2025-08-08 12:25:15][TRADE] Закрыта позиция HUMA-USDT-SWAP PnL: -0.02 Причина: SL Баланс: 459.187955081315
  Открытие:     2025-08-08 12:18:30
  Закрытие:     2025-08-08 12:25:16
  Цена входа:   0.03341
  Цена выхода:  0.03334318

[2025-08-08 12:25:43][TRADE] Закрыта позиция LUNC-USDT-SWAP PnL: -0.01947104 Причина: SL Баланс: 469.168484043004
  Открытие:     2025-08-08 12:09:00
  Закрытие:     2025-08-08 12:25:43
  Цена входа:   6.163E-05
  Цена выхода:  6.151E-05

[2025-08-08 12:26:03][TRADE] Закрыта позиция NMR-USDT-SWAP PnL: -0.01999995 Причина: SL Баланс: 469.148472093004
  Открытие:     2025-08-08 12:09:20
  Закрытие:     2025-08-08 12:26:03
  Цена входа:   8.809
  Цена выхода:  8.791382

[2025-08-08 12:26:11][TRADE] Закрыта позиция ONE-USDT-SWAP PnL: -0.02 Причина: SL Баланс: 469.128474383004
  Открытие:     2025-08-08 12:05:43
  Закрытие:     2025-08-08 12:26:12
  Цена входа:   0.01097
  Цена выхода:  0.01094806

[2025-08-08 12:26:37][TRADE] Закрыта позиция S-USDT-SWAP PnL: -0.01999999 Причина: SL Баланс: 459.108858473004
  Открытие:     2025-08-08 12:13:55
  Закрытие:     2025-08-08 12:26:37
  Цена входа:   0.3044
  Цена выхода:  0.3037912

[2025-08-08 12:26:41][TRADE] Закрыта позиция SCR-USDT-SWAP PnL: -0.01999997 Причина: SL Баланс: 469.088844603004
  Открытие:     2025-08-08 12:20:30
  Закрытие:     2025-08-08 12:26:41
  Цена входа:   0.3198
  Цена выхода:  0.3191604

[2025-08-08 12:26:43][TRADE] Закрыта позиция SHIB-USDT-SWAP PnL: -0.02087037 Причина: SL Баланс: 479.067974233
  Открытие:     2025-08-08 11:57:36
  Закрытие:     2025-08-08 12:26:44
  Цена входа:   1.2937E-05
  Цена выхода:  1.291E-05

[2025-08-08 12:26:50][TRADE] Закрыта позиция SONIC-USDT-SWAP PnL: -0.02000001 Причина: SL Баланс: 479.0479761564
  Открытие:     2025-08-08 12:14:04
  Закрытие:     2025-08-08 12:26:50
  Цена входа:   0.22213
  Цена выхода:  0.22168574

[2025-08-08 12:27:10][TRADE] Закрыта позиция TRB-USDT-SWAP PnL: -0.0200025 Причина: SL Баланс: 469.0292844564
  Открытие:     2025-08-08 11:57:57
  Закрытие:     2025-08-08 12:27:10
  Цена входа:   38.1
  Цена выхода:  38.0238

[2025-08-08 12:27:19][TRADE] Закрыта позиция USTC-USDT-SWAP PnL: -0.02 Причина: SL Баланс: 479.0092845944
  Открытие:     2025-08-08 11:53:50
  Закрытие:     2025-08-08 12:27:20
  Цена входа:   0.01369
  Цена выхода:  0.01366262

[2025-08-08 12:27:22][TRADE] Закрыта позиция VANA-USDT-SWAP PnL: -0.02000037 Причина: SL Баланс: 488.9894698244
  Открытие:     2025-08-08 11:53:52
  Закрытие:     2025-08-08 12:27:22
  Цена входа:   4.458
  Цена выхода:  4.449084

[2025-08-08 12:27:36][TRADE] Закрыта позиция YFI-USDT-SWAP PnL: -0.0198936 Причина: SL Баланс: 488.9163733484
  Открытие:     2025-08-08 12:22:21
  Закрытие:     2025-08-08 12:27:36
  Цена входа:   5526
  Цена выхода:  5514.948

[2025-08-08 12:27:41][TRADE] Закрыта позиция ZIL-USDT-SWAP PnL: -0.02 Причина: SL Баланс: 498.8963733124
  Открытие:     2025-08-08 11:54:08
  Закрытие:     2025-08-08 12:27:42
  Цена входа:   0.01156
  Цена выхода:  0.01153688

[2025-08-08 12:27:42][TRADE] Закрыта позиция ZK-USDT-SWAP PnL: -0.02 Причина: SL Баланс: 508.8763718534
  Открытие:     2025-08-08 12:22:29
  Закрытие:     2025-08-08 12:27:42
  Цена входа:   0.05637
  Цена выхода:  0.05625726

[2025-08-08 12:27:44][TRADE] Закрыта позиция ZRX-USDT-SWAP PnL: -0.02000001 Причина: SL Баланс: 518.8563757034
  Открытие:     2025-08-08 12:06:45
  Закрытие:     2025-08-08 12:27:44
  Цена входа:   0.2541
  Цена выхода:  0.2535918

[2025-08-08 12:28:02][TRADE] Закрыта позиция XRP-USD-SWAP PnL: -0.0200002 Причина: SL Баланс: 528.8364754534
  Открытие:     2025-08-08 12:22:52
  Закрытие:     2025-08-08 12:28:02
  Цена входа:   3.3545
  Цена выхода:  3.347791

[2025-08-08 12:28:06][TRADE] Закрыта позиция AVAX-USD-SWAP PnL: -0.02000199 Причина: SL Баланс: 538.8174665634
  Открытие:     2025-08-08 11:50:17
  Закрытие:     2025-08-08 12:28:06
  Цена входа:   23.471
  Цена выхода:  23.424058

[2025-08-08 12:28:08][TRADE] Закрыта позиция DOT-USD-SWAP PnL: -0.01999985 Причина: SL Баланс: 548.7973901134
  Открытие:     2025-08-08 11:50:20
  Закрытие:     2025-08-08 12:28:08
  Цена входа:   3.922
  Цена выхода:  3.914156

[2025-08-08 12:28:11][TRADE] Закрыта позиция FIL-USD-SWAP PnL: -0.01999997 Причина: SL Баланс: 558.7773757434
  Открытие:     2025-08-08 11:50:22
  Закрытие:     2025-08-08 12:28:11
  Цена входа:   2.503
  Цена выхода:  2.497994

[2025-08-08 12:28:25][TRADE] Закрыта позиция XRP-USDT-SWAP PnL: -0.01999997 Причина: SL Баланс: 568.7573584934
  Открытие:     2025-08-08 12:23:16
  Закрытие:     2025-08-08 12:28:26
  Цена входа:   3.3566
  Цена выхода:  3.3498868

[2025-08-08 12:28:31][TRADE] Закрыта позиция A-USDT-SWAP PnL: -0.01999997 Причина: SL Баланс: 568.7373383434
  Открытие:     2025-08-08 12:23:26
  Закрытие:     2025-08-08 12:28:31
  Цена входа:   0.533
  Цена выхода:  0.531934

[2025-08-08 12:28:50][TRADE] Закрыта позиция API3-USDT-SWAP PnL: -0.01999999 Причина: SL Баланс: 548.7172952984
  Открытие:     2025-08-08 11:55:02
  Закрытие:     2025-08-08 12:28:50
  Цена входа:   0.7261
  Цена выхода:  0.7246478

[2025-08-08 12:28:52][TRADE] Закрыта позиция ARB-USDT-SWAP PnL: -0.02000004 Причина: SL Баланс: 558.6973128084
  Открытие:     2025-08-08 12:03:37
  Закрытие:     2025-08-08 12:28:53
  Цена входа:   0.4265
  Цена выхода:  0.425647

[2025-08-08 12:29:05][TRADE] Закрыта позиция BAT-USDT-SWAP PnL: -0.02 Причина: SL Баланс: 568.6773151384
  Открытие:     2025-08-08 12:07:35
  Закрытие:     2025-08-08 12:29:05
  Цена входа:   0.1527
  Цена выхода:  0.1523946

[2025-08-08 12:29:06][TRADE] Закрыта позиция BCH-USDT-SWAP PnL: -0.01994856 Причина: SL Баланс: 578.6316465784
  Открытие:     2025-08-08 11:51:03
  Закрытие:     2025-08-08 12:29:07
  Цена входа:   579.9
  Цена выхода:  578.7402

[2025-08-08 12:29:10][TRADE] Закрыта позиция BIGTIME-USDT-SWAP PnL: -0.02 Причина: SL Баланс: 588.6116443244
  Открытие:     2025-08-08 12:03:54
  Закрытие:     2025-08-08 12:29:10
  Цена входа:   0.06081
  Цена выхода:  0.06068838

[2025-08-08 12:29:12][TRADE] Закрыта позиция BLUR-USDT-SWAP PnL: -0.02 Причина: SL Баланс: 598.5916463994
  Открытие:     2025-08-08 11:51:08
  Закрытие:     2025-08-08 12:29:13
  Цена входа:   0.08575
  Цена выхода:  0.0855785

[2025-08-08 12:29:22][TRADE] Закрыта позиция CFX-USDT-SWAP PnL: -0.02000001 Причина: SL Баланс: 608.5716497764
  Открытие:     2025-08-08 12:24:36
  Закрытие:     2025-08-08 12:29:23
  Цена входа:   0.21937
  Цена выхода:  0.21893126

[2025-08-08 12:29:53][TRADE] Закрыта позиция GALA-USDT-SWAP PnL: -0.02 Причина: SL Баланс: 608.551649370048
  Открытие:     2025-08-08 11:56:00
  Закрытие:     2025-08-08 12:29:53
  Цена входа:   0.01672
  Цена выхода:  0.01668656

[2025-08-08 12:30:08][TRADE] Закрыта позиция ICX-USDT-SWAP PnL: -0.01999999 Причина: SL Баланс: 618.531645348048
  Открытие:     2025-08-08 11:56:19
  Закрытие:     2025-08-08 12:30:08
  Цена входа:   0.13381
  Цена выхода:  0.13354238

[2025-08-08 12:30:12][TRADE] Закрыта позиция IOTA-USDT-SWAP PnL: -0.02 Причина: SL Баланс: 628.511645988048
  Открытие:     2025-08-08 12:08:41
  Закрытие:     2025-08-08 12:30:12
  Цена входа:   0.2008
  Цена выхода:  0.2003984

[2025-08-08 12:30:18][TRADE] Закрыта позиция KMNO-USDT-SWAP PnL: -0.02 Причина: SL Баланс: 638.491643572048
  Открытие:     2025-08-08 12:05:05
  Закрытие:     2025-08-08 12:30:19
  Цена входа:   0.05223
  Цена выхода:  0.05212554

[2025-08-08 12:30:26][TRADE] Закрыта позиция LTC-USDT-SWAP PnL: -0.01999039 Причина: SL Баланс: 638.466849782048
  Открытие:     2025-08-08 12:13:09
  Закрытие:     2025-08-08 12:30:27
  Цена входа:   123.55
  Цена выхода:  123.3029

[2025-08-08 12:30:31][TRADE] Закрыта позиция ME-USDT-SWAP PnL: -0.01999993 Причина: SL Баланс: 648.446816932048
  Открытие:     2025-08-08 11:56:48
  Закрытие:     2025-08-08 12:30:31
  Цена входа:   0.7356
  Цена выхода:  0.7341288

[2025-08-08 12:30:47][TRADE] Закрыта позиция NXPC-USDT-SWAP PnL: -0.01999992 Причина: SL Баланс: 628.426879377048
  Открытие:     2025-08-08 11:57:05
  Закрытие:     2025-08-08 12:30:47
  Цена входа:   0.9351
  Цена выхода:  0.9332298

[2025-08-08 12:30:54][TRADE] Закрыта позиция ORDI-USDT-SWAP PnL: -0.01999922 Причина: SL Баланс: 638.406492557048
  Открытие:     2025-08-08 12:26:17
  Закрытие:     2025-08-08 12:30:55
  Цена входа:   9.668
  Цена выхода:  9.648664

[2025-08-08 12:31:01][TRADE] Закрыта позиция POL-USDT-SWAP PnL: -0.01999999 Причина: SL Баланс: 648.386489937048
  Открытие:     2025-08-08 12:01:34
  Закрытие:     2025-08-08 12:31:01
  Цена входа:   0.2383
  Цена выхода:  0.2378234

[2025-08-08 12:31:08][TRADE] Закрыта позиция RESOLV-USDT-SWAP PnL: -0.02 Причина: SL Баланс: 658.366490057048
  Открытие:     2025-08-08 12:26:35
  Закрытие:     2025-08-08 12:31:09
  Цена входа:   0.1738
  Цена выхода:  0.1734524

[2025-08-08 12:31:15][TRADE] Закрыта позиция SHELL-USDT-SWAP PnL: 0.06000004 Причина: TP Баланс: 668.426497557048
  Открытие:     2025-08-08 12:20:33
  Закрытие:     2025-08-08 12:31:15
  Цена входа:   0.1629
  Цена выхода:  0.1638774

[2025-08-08 12:31:23][TRADE] Закрыта позиция SPX-USDT-SWAP PnL: -0.01999987 Причина: SL Баланс: 678.406434287048
  Открытие:     2025-08-08 12:26:55
  Закрытие:     2025-08-08 12:31:23
  Цена входа:   1.798
  Цена выхода:  1.794404

[2025-08-08 12:31:36][TRADE] Закрыта позиция TRUMP-USDT-SWAP PnL: -0.01999943 Причина: SL Баланс: 678.386151707048
  Открытие:     2025-08-08 12:02:14
  Закрытие:     2025-08-08 12:31:37
  Цена входа:   9.253
  Цена выхода:  9.234494

[2025-08-08 12:31:45][TRADE] Закрыта позиция W-USDT-SWAP PnL: -0.02000001 Причина: SL Баланс: 688.366154573048
  Открытие:     2025-08-08 12:27:27
  Закрытие:     2025-08-08 12:31:46
  Цена входа:   0.08214
  Цена выхода:  0.08197572

[2025-08-08 12:32:12][TRADE] Закрыта позиция BTC-USD-SWAP PnL: -0.02336376 Причина: SL Баланс: 690.024670054048
  Открытие:     2025-08-08 12:22:48
  Закрытие:     2025-08-08 12:32:13
  Цена входа:   116818.8
  Цена выхода:  116585.1624

[2025-08-08 12:32:16][TRADE] Закрыта позиция ADA-USD-SWAP PnL: -0.01999993 Причина: SL Баланс: 700.004634524048
  Открытие:     2025-08-08 11:50:15
  Закрытие:     2025-08-08 12:32:16
  Цена входа:   0.799
  Цена выхода:  0.797402

[2025-08-08 12:32:17][TRADE] Закрыта позиция ATOM-USD-SWAP PnL: -0.02000018 Причина: SL Баланс: 709.984722344048
  Открытие:     2025-08-08 11:58:45
  Закрытие:     2025-08-08 12:32:17
  Цена входа:   4.528
  Цена выхода:  4.518944

[2025-08-08 12:32:21][TRADE] Закрыта позиция ETC-USD-SWAP PnL: -0.01999925 Причина: SL Баланс: 719.964349094048
  Открытие:     2025-08-08 12:03:05
  Закрытие:     2025-08-08 12:32:21
  Цена входа:   21.71
  Цена выхода:  21.66658

[2025-08-08 12:32:28][TRADE] Закрыта позиция BTC-USDT-SWAP PnL: -0.02337638 Причина: SL Баланс: 731.629162714048
  Открытие:     2025-08-08 12:15:41
  Закрытие:     2025-08-08 12:32:29
  Цена входа:   116881.9
  Цена выхода:  116648.1362

[2025-08-08 12:32:36][TRADE] Закрыта позиция 1INCH-USDT-SWAP PnL: -0.02000001 Причина: SL Баланс: 741.609168984048
  Открытие:     2025-08-08 12:28:30
  Закрытие:     2025-08-08 12:32:36
  Цена входа:   0.2812
  Цена выхода:  0.2806376

[2025-08-08 12:32:38][TRADE] Закрыта позиция ACE-USDT-SWAP PnL: -0.02000006 Причина: SL Баланс: 751.589196604048
  Открытие:     2025-08-08 12:28:34
  Закрытие:     2025-08-08 12:32:38
  Цена входа:   0.5716
  Цена выхода:  0.5704568

[2025-08-08 12:32:41][TRADE] Закрыта позиция AERO-USDT-SWAP PnL: -0.02000002 Причина: SL Баланс: 761.569206824048
  Открытие:     2025-08-08 12:28:39
  Закрытие:     2025-08-08 12:32:41
  Цена входа:   0.8864
  Цена выхода:  0.8846272

[2025-08-08 12:32:44][TRADE] Закрыта позиция AIXBT-USDT-SWAP PnL: -0.02 Причина: SL Баланс: 771.549206379048
  Открытие:     2025-08-08 12:28:45
  Закрытие:     2025-08-08 12:32:44
  Цена входа:   0.12945
  Цена выхода:  0.1291911

[2025-08-08 12:33:40][TRADE] Закрыта позиция FLOKI-USDT-SWAP PnL: -0.02037697 Причина: SL Баланс: 721.528894436
  Открытие:     2025-08-08 12:29:50
  Закрытие:     2025-08-08 12:33:41
  Цена входа:   0.00011778
  Цена выхода:  0.00011754

[2025-08-08 12:33:47][TRADE] Закрыта позиция GOAT-USDT-SWAP PnL: -0.02 Причина: SL Баланс: 731.508894516
  Открытие:     2025-08-08 12:25:06
  Закрытие:     2025-08-08 12:33:47
  Цена входа:   0.1002
  Цена выхода:  0.0999996

[2025-08-08 12:33:50][TRADE] Закрыта позиция GRIFFAIN-USDT-SWAP PnL: -0.02 Причина: SL Баланс: 741.488893291
  Открытие:     2025-08-08 12:25:10
  Закрытие:     2025-08-08 12:33:50
  Цена входа:   0.03705
  Цена выхода:  0.0369759

[2025-08-08 12:34:33][TRADE] Закрыта позиция NEWT-USDT-SWAP PnL: -0.01999998 Причина: SL Баланс: 751.468882111
  Открытие:     2025-08-08 12:26:02
  Закрытие:     2025-08-08 12:34:33
  Цена входа:   0.348
  Цена выхода:  0.347304

[2025-08-08 12:35:13][TRADE] Закрыта позиция STORJ-USDT-SWAP PnL: -0.02000001 Причина: SL Баланс: 751.448888661
  Открытие:     2025-08-08 12:26:57
  Закрытие:     2025-08-08 12:35:14
  Цена входа:   0.2709
  Цена выхода:  0.2703582

[2025-08-08 12:35:49][TRADE] Закрыта позиция BTC-USDC-SWAP PnL: -0.0233608 Причина: SL Баланс: 763.105927861
  Открытие:     2025-08-08 12:22:36
  Закрытие:     2025-08-08 12:35:50
  Цена входа:   116804
  Цена выхода:  116570.392

[2025-08-08 12:37:05][TRADE] Закрыта позиция CRV-USDT-SWAP PnL: -0.01999997 Причина: SL Баланс: 763.085899811
  Открытие:     2025-08-08 12:33:21
  Закрытие:     2025-08-08 12:37:06
  Цена входа:   0.9318
  Цена выхода:  0.9299364

[2025-08-08 12:37:15][TRADE] Закрыта позиция EIGEN-USDT-SWAP PnL: -0.02000001 Причина: SL Баланс: 773.065904201
  Открытие:     2025-08-08 12:33:33
  Закрытие:     2025-08-08 12:37:16
  Цена входа:   1.2696
  Цена выхода:  1.2670608

[2025-08-08 12:37:20][TRADE] Закрыта позиция FARTCOIN-USDT-SWAP PnL: -0.0199999 Причина: SL Баланс: 783.045853601
  Открытие:     2025-08-08 12:33:39
  Закрытие:     2025-08-08 12:37:21
  Цена входа:   1.0249
  Цена выхода:  1.0228502

[2025-08-08 12:37:55][TRADE] Закрыта позиция LQTY-USDT-SWAP PnL: -0.02 Причина: SL Баланс: 783.025856001
  Открытие:     2025-08-08 12:30:25
  Закрытие:     2025-08-08 12:37:55
  Цена входа:   0.9996
  Цена выхода:  0.9976008

[2025-08-08 12:38:07][TRADE] Закрыта позиция MOODENG-USDT-SWAP PnL: -0.02 Причина: SL Баланс: 783.0058544388
  Открытие:     2025-08-08 12:30:37
  Закрытие:     2025-08-08 12:38:07
  Цена входа:   0.16211
  Цена выхода:  0.16178578

[2025-08-08 12:38:18][TRADE] Закрыта позиция OM-USDT-SWAP PnL: 0.05999998 Причина: TP Баланс: 793.0658518188
  Открытие:     2025-08-08 12:26:10
  Закрытие:     2025-08-08 12:38:18
  Цена входа:   0.2738
  Цена выхода:  0.2754428

[2025-08-08 12:38:20][TRADE] Закрыта позиция ONT-USDT-SWAP PnL: -0.01999999 Причина: SL Баланс: 803.0458478688
  Открытие:     2025-08-08 12:34:40
  Закрытие:     2025-08-08 12:38:21
  Цена входа:   0.1399
  Цена выхода:  0.1396202

[2025-08-08 12:40:53][TRADE] Закрыта позиция DEGEN-USDT-SWAP PnL: -0.02000542 Причина: SL Баланс: 783.025838585977
  Открытие:     2025-08-08 12:33:25
  Закрытие:     2025-08-08 12:40:53
  Цена входа:   0.003689
  Цена выхода:  0.00368162

[2025-08-08 12:41:51][TRADE] Закрыта позиция MORPHO-USDT-SWAP PnL: -0.0199998 Причина: SL Баланс: 783.005753385977
  Открытие:     2025-08-08 12:30:38
  Закрытие:     2025-08-08 12:41:51
  Цена входа:   2.0874
  Цена выхода:  2.0832252

[2025-08-08 12:45:55][TRADE] Закрыта позиция PUMP-USDT-SWAP PnL: 0.06000597 Причина: TP Баланс: 783.065759254997
  Открытие:     2025-08-08 12:38:34
  Закрытие:     2025-08-08 12:45:56
  Цена входа:   0.003348
  Цена выхода:  0.00336809

[2025-08-08 12:47:11][TRADE] Закрыта позиция LTC-USD-SWAP PnL: -0.01998953 Причина: SL Баланс: 793.040533724997
  Открытие:     2025-08-08 12:11:13
  Закрытие:     2025-08-08 12:47:11
  Цена входа:   123.24
  Цена выхода:  122.99352

[2025-08-08 12:47:32][TRADE] Закрыта позиция ALCH-USDT-SWAP PnL: 0.05999998 Причина: TP Баланс: 803.100531192997
  Открытие:     2025-08-08 12:07:19
  Закрытие:     2025-08-08 12:47:33
  Цена входа:   0.14664
  Цена выхода:  0.14751984

[2025-08-08 12:47:54][TRADE] Закрыта позиция BNT-USDT-SWAP PnL: -0.01999995 Причина: SL Баланс: 813.080506122997
  Открытие:     2025-08-08 11:51:10
  Закрытие:     2025-08-08 12:47:54
  Цена входа:   0.7602
  Цена выхода:  0.7586796

[2025-08-08 12:47:55][TRADE] Закрыта позиция BOME-USDT-SWAP PnL: -0.01998919 Причина: SL Баланс: 823.060516853097
  Открытие:     2025-08-08 12:33:09
  Закрытие:     2025-08-08 12:47:55
  Цена входа:   0.001851
  Цена выхода:  0.0018473

[2025-08-08 12:48:19][TRADE] Закрыта позиция ETHFI-USDT-SWAP PnL: -0.01999997 Причина: SL Баланс: 833.040500723097
  Открытие:     2025-08-08 12:41:04
  Закрытие:     2025-08-08 12:48:20
  Цена входа:   1.1119
  Цена выхода:  1.1096762

[2025-08-08 12:49:12][TRADE] Закрыта позиция NEIRO-USDT-SWAP PnL: -0.02000494 Причина: SL Баланс: 843.020495798477
  Открытие:     2025-08-08 12:41:57
  Закрытие:     2025-08-08 12:49:12
  Цена входа:   0.0004049
  Цена выхода:  0.00040409

[2025-08-08 12:49:23][TRADE] Закрыта позиция PARTI-USDT-SWAP PnL: -0.02000001 Причина: SL Баланс: 853.000499648477
  Открытие:     2025-08-08 12:38:25
  Закрытие:     2025-08-08 12:49:23
  Цена входа:   0.1926
  Цена выхода:  0.1922148

[2025-08-08 12:51:18][TRADE] Закрыта позиция ATOM-USDT-SWAP PnL: -0.0200001 Причина: SL Баланс: 852.980544228477
  Открытие:     2025-08-08 11:55:08
  Закрытие:     2025-08-08 12:51:19
  Цена входа:   4.52
  Цена выхода:  4.51096

[2025-08-08 12:51:24][TRADE] Закрыта позиция BAT-USDT-SWAP PnL: -0.01999999 Причина: SL Баланс: 862.960541258477
  Открытие:     2025-08-08 12:33:00
  Закрытие:     2025-08-08 12:51:24
  Цена входа:   0.1521
  Цена выхода:  0.1517958

[2025-08-08 12:51:33][TRADE] Закрыта позиция CAT-USDT-SWAP PnL: -0.02438249 Причина: SL Баланс: 872.9361587682
  Открытие:     2025-08-08 12:40:42
  Закрытие:     2025-08-08 12:51:34
  Цена входа:   9.433E-06
  Цена выхода:  9.41E-06

[2025-08-08 12:52:01][TRADE] Закрыта позиция FXS-USDT-SWAP PnL: 0.05999998 Причина: TP Баланс: 872.9961457882
  Открытие:     2025-08-08 12:37:25
  Закрытие:     2025-08-08 12:52:01
  Цена входа:   2.865
  Цена выхода:  2.88219

[2025-08-08 12:52:39][TRADE] Закрыта позиция MEME-USDT-SWAP PnL: -0.01997691 Причина: SL Баланс: 862.9762929054
  Открытие:     2025-08-08 12:38:02
  Закрытие:     2025-08-08 12:52:39
  Цена входа:   0.001732
  Цена выхода:  0.00172854

[2025-08-08 12:52:45][TRADE] Закрыта позиция MUBARAK-USDT-SWAP PnL: -0.02 Причина: SL Баланс: 872.9562929854
  Открытие:     2025-08-08 12:30:40
  Закрытие:     2025-08-08 12:52:46
  Цена входа:   0.03507
  Цена выхода:  0.03499986

[2025-08-08 12:52:57][TRADE] Закрыта позиция ORBS-USDT-SWAP PnL: -0.02 Причина: SL Баланс: 882.9362934684
  Открытие:     2025-08-08 11:31:06
  Закрытие:     2025-08-08 12:52:57
  Цена входа:   0.01903
  Цена выхода:  0.01899194

[2025-08-08 12:53:34][TRADE] Закрыта позиция TNSR-USDT-SWAP PnL: -0.02 Причина: SL Баланс: 882.9162908384
  Открытие:     2025-08-08 12:31:35
  Закрытие:     2025-08-08 12:53:35
  Цена входа:   0.1325
  Цена выхода:  0.132235

[2025-08-08 12:53:55][TRADE] Закрыта позиция ZEREBRO-USDT-SWAP PnL: -0.02 Причина: SL Баланс: 892.8962915974
  Открытие:     2025-08-08 12:31:56
  Закрытие:     2025-08-08 12:53:56
  Цена входа:   0.02897
  Цена выхода:  0.02891206

[2025-08-08 12:56:32][TRADE] Закрыта позиция PARTI-USDT-SWAP PnL: -0.02000001 Причина: SL Баланс: 882.8763251574
  Открытие:     2025-08-08 12:52:59
  Закрытие:     2025-08-08 12:56:32
  Цена входа:   0.1907
  Цена выхода:  0.1903186

[2025-08-08 13:00:28][TRADE] Закрыта позиция SOLV-USDT-SWAP PnL: 0.06000094 Причина: TP Баланс: 872.936330283
  Открытие:     2025-08-08 12:26:49
  Закрытие:     2025-08-08 13:00:28
  Цена входа:   0.042856
  Цена выхода:  0.04311314

[2025-08-08 13:01:58][TRADE] Закрыта позиция ATH-USDT-SWAP PnL: -0.02 Причина: SL Баланс: 872.9163321698
  Открытие:     2025-08-08 11:47:18
  Закрытие:     2025-08-08 13:01:58
  Цена входа:   0.03597
  Цена выхода:  0.03589806

[2025-08-08 13:02:49][TRADE] Закрыта позиция H-USDT-SWAP PnL: -0.02 Причина: SL Баланс: 872.8963314198
  Открытие:     2025-08-08 12:52:11
  Закрытие:     2025-08-08 13:02:50
  Цена входа:   0.0373
  Цена выхода:  0.0372254

[2025-08-08 13:03:01][TRADE] Закрыта позиция JELLYJELLY-USDT-SWAP PnL: -0.02 Причина: SL Баланс: 882.8763318298
  Открытие:     2025-08-08 12:55:56
  Закрытие:     2025-08-08 13:03:01
  Цена входа:   0.02342
  Цена выхода:  0.02337316

[2025-08-08 13:05:24][TRADE] Закрыта позиция ALCH-USDT-SWAP PnL: -0.02000001 Причина: SL Баланс: 892.8563351398
  Открытие:     2025-08-08 12:51:10
  Закрытие:     2025-08-08 13:05:24
  Цена входа:   0.1476
  Цена выхода:  0.1473048

[2025-08-08 13:06:18][TRADE] Закрыта позиция FLM-USDT-SWAP PnL: -0.02 Причина: SL Баланс: 902.8363353398
  Открытие:     2025-08-08 13:02:39
  Закрытие:     2025-08-08 13:06:18
  Цена входа:   0.02956
  Цена выхода:  0.02950088

[2025-08-08 13:06:37][TRADE] Закрыта позиция HYPE-USDT-SWAP PnL: -0.01999975 Причина: SL Баланс: 912.8162121898
  Открытие:     2025-08-08 12:52:16
  Закрытие:     2025-08-08 13:06:37
  Цена входа:   40.551
  Цена выхода:  40.469898

[2025-08-08 13:07:42][TRADE] Закрыта позиция PROMPT-USDT-SWAP PnL: 0.06000003 Причина: TP Баланс: 912.8762164998
  Открытие:     2025-08-08 12:56:40
  Закрытие:     2025-08-08 13:07:43
  Цена входа:   0.13506
  Цена выхода:  0.13587036

[2025-08-08 13:17:11][TRADE] Закрыта позиция ETHFI-USDT-SWAP PnL: -0.02000002 Причина: SL Баланс: 912.8562247708
  Открытие:     2025-08-08 12:51:56
  Закрытие:     2025-08-08 13:17:12
  Цена входа:   1.1072
  Цена выхода:  1.1049856

[2025-08-08 13:17:48][TRADE] Закрыта позиция JELLYJELLY-USDT-SWAP PnL: -0.02 Причина: SL Баланс: 922.8362249628
  Открытие:     2025-08-08 13:06:46
  Закрытие:     2025-08-08 13:17:48
  Цена входа:   0.02336
  Цена выхода:  0.02331328

[2025-08-08 13:21:33][TRADE] Закрыта позиция BIO-USDT-SWAP PnL: -0.02 Причина: SL Баланс: 932.8162256318
  Открытие:     2025-08-08 13:10:19
  Закрытие:     2025-08-08 13:21:34
  Цена входа:   0.08431
  Цена выхода:  0.08414138

[2025-08-08 13:25:10][TRADE] Закрыта позиция TON-USDT-SWAP PnL: -0.01999983 Причина: SL Баланс: 942.7961388018
  Открытие:     2025-08-08 11:50:31
  Закрытие:     2025-08-08 13:25:10
  Цена входа:   3.355
  Цена выхода:  3.34829

[2025-08-08 13:26:09][TRADE] Закрыта позиция CVX-USDT-SWAP PnL: -0.01999994 Причина: SL Баланс: 952.7761077618
  Открытие:     2025-08-08 12:55:19
  Закрытие:     2025-08-08 13:26:10
  Цена входа:   4.447
  Цена выхода:  4.438106

[2025-08-08 13:27:58][TRADE] Закрыта позиция PARTI-USDT-SWAP PnL: -0.01999999 Причина: SL Баланс: 962.7561010118
  Открытие:     2025-08-08 13:00:06
  Закрытие:     2025-08-08 13:27:58
  Цена входа:   0.1902
  Цена выхода:  0.1898196

[2025-08-08 13:28:16][TRADE] Закрыта позиция QTUM-USDT-SWAP PnL: -0.02000016 Причина: SL Баланс: 972.7361808518
  Открытие:     2025-08-08 11:53:13
  Закрытие:     2025-08-08 13:28:16
  Цена входа:   2.15
  Цена выхода:  2.1457

[2025-08-08 13:37:45][TRADE] Закрыта позиция SPK-USDT-SWAP PnL: 0.05999997 Причина: TP Баланс: 932.6860229621
  Открытие:     2025-08-08 13:33:35
  Закрытие:     2025-08-08 13:37:45
  Цена входа:   0.11279
  Цена выхода:  0.11346674

[2025-08-08 13:39:45][TRADE] Закрыта позиция IP-USDT-SWAP PnL: 0.05999993 Причина: TP Баланс: 942.7460116921
  Открытие:     2025-08-08 13:31:25
  Закрытие:     2025-08-08 13:39:45
  Цена входа:   6.612
  Цена выхода:  6.651672

[2025-08-08 13:41:47][TRADE] Закрыта позиция USELESS-USDT-SWAP PnL: -0.01999998 Причина: SL Баланс: 942.7260159561
  Открытие:     2025-08-08 13:32:44
  Закрытие:     2025-08-08 13:41:47
  Цена входа:   0.2086
  Цена выхода:  0.2081828

[2025-08-08 13:42:11][TRADE] Закрыта позиция ZENT-USDT-SWAP PnL: 0.05999501 Причина: TP Баланс: 952.7860107943
  Открытие:     2025-08-08 13:01:02
  Закрытие:     2025-08-08 13:42:11
  Цена входа:   0.008014
  Цена выхода:  0.00806208

