[2025-08-08 13:02:33][TRADE] Закрыта позиция FXS-USDT-SWAP PnL: -0.01000005 Причина: SL Баланс: 959.9899948
  Открытие:     2025-08-08 12:59:06
  Закрытие:     2025-08-08 13:02:34
  Цена входа:   2.873
  Цена выхода:  2.870127

[2025-08-08 13:05:29][TRADE] Закрыта позиция BABY-USDT-SWAP PnL: 0.03 Причина: TP Баланс: 910.020002004998
  Открытие:     2025-08-08 13:01:57
  Закрытие:     2025-08-08 13:05:29
  Цена входа:   0.06558
  Цена выхода:  0.06577674

[2025-08-08 13:06:00][TRADE] Закрыта позиция DYDX-USDT-SWAP PnL: -0.01 Причина: SL Баланс: 920.010005784998
  Открытие:     2025-08-08 13:02:23
  Закрытие:     2025-08-08 13:06:00
  Цена входа:   0.6214
  Цена выхода:  0.6207786

[2025-08-08 13:06:09][TRADE] Закрыта позиция FLM-USDT-SWAP PnL: -0.01 Причина: SL Баланс: 930.000005984998
  Открытие:     2025-08-08 13:02:32
  Закрытие:     2025-08-08 13:06:10
  Цена входа:   0.02956
  Цена выхода:  0.02953044

[2025-08-08 13:07:43][TRADE] Закрыта позиция SATS-USDT-SWAP PnL: 0.01001001 Причина: TP Баланс: 910.010013649
  Открытие:     2025-08-08 13:03:48
  Закрытие:     2025-08-08 13:07:44
  Цена входа:   3.996E-08
  Цена выхода:  4E-08

[2025-08-08 13:08:08][TRADE] Закрыта позиция TREE-USDT-SWAP PnL: -0.00999998 Причина: SL Баланс: 900.000003209
  Открытие:     2025-08-08 13:04:09
  Закрытие:     2025-08-08 13:08:09
  Цена входа:   0.432
  Цена выхода:  0.431568

[2025-08-08 13:08:12][TRADE] Закрыта позиция UMA-USDT-SWAP PnL: -0.01000001 Причина: SL Баланс: 909.990015199
  Открытие:     2025-08-08 13:04:12
  Закрытие:     2025-08-08 13:08:12
  Цена входа:   1.276
  Цена выхода:  1.274724

[2025-08-08 13:09:48][TRADE] Закрыта позиция APE-USDT-SWAP PnL: 0.03000001 Причина: TP Баланс: 890.123620389
  Открытие:     2025-08-08 13:01:47
  Закрытие:     2025-08-08 13:09:48
  Цена входа:   0.6124
  Цена выхода:  0.6142372

[2025-08-08 13:12:16][TRADE] Закрыта позиция NEIROETH-USDT-SWAP PnL: -0.01 Причина: SL Баланс: 900.113624989
  Открытие:     2025-08-08 13:07:08
  Закрытие:     2025-08-08 13:12:17
  Цена входа:   0.1322
  Цена выхода:  0.1320678

[2025-08-08 13:12:39][TRADE] Закрыта позиция PLUME-USDT-SWAP PnL: -0.01 Причина: SL Баланс: 910.103622535
  Открытие:     2025-08-08 13:07:26
  Закрытие:     2025-08-08 13:12:39
  Цена входа:   0.09821
  Цена выхода:  0.09811179

[2025-08-08 13:12:42][TRADE] Закрыта позиция POL-USDT-SWAP PnL: 0.03 Причина: TP Баланс: 920.133622735
  Открытие:     2025-08-08 13:07:29
  Закрытие:     2025-08-08 13:12:42
  Цена входа:   0.2374
  Цена выхода:  0.2381122

[2025-08-08 13:13:07][TRADE] Закрыта позиция SIGN-USDT-SWAP PnL: -0.01 Причина: SL Баланс: 930.123619737
  Открытие:     2025-08-08 13:03:51
  Закрытие:     2025-08-08 13:13:07
  Цена входа:   0.07578
  Цена выхода:  0.07570422

[2025-08-08 13:13:12][TRADE] Закрыта позиция SOON-USDT-SWAP PnL: -0.01000001 Причина: SL Баланс: 940.11362733
  Открытие:     2025-08-08 13:03:56
  Закрытие:     2025-08-08 13:13:12
  Цена входа:   0.19009
  Цена выхода:  0.18989991

[2025-08-08 13:13:32][TRADE] Закрыта позиция TNSR-USDT-SWAP PnL: 0.03 Причина: TP Баланс: 950.14362721
  Открытие:     2025-08-08 13:08:06
  Закрытие:     2025-08-08 13:13:32
  Цена входа:   0.1324
  Цена выхода:  0.1327972

[2025-08-08 13:15:07][TRADE] Закрыта позиция PI-USDT-SWAP PnL: -0.01000001 Причина: SL Баланс: 940.00038751
  Открытие:     2025-08-08 13:09:29
  Закрытие:     2025-08-08 13:15:08
  Цена входа:   0.3655
  Цена выхода:  0.3651345

[2025-08-08 13:15:16][TRADE] Закрыта позиция ACE-USDT-SWAP PnL: -0.01 Причина: SL Баланс: 949.99038359
  Открытие:     2025-08-08 13:05:09
  Закрытие:     2025-08-08 13:15:16
  Цена входа:   0.5722
  Цена выхода:  0.5716278

[2025-08-08 13:19:06][TRADE] Закрыта позиция SYRUP-USDT-SWAP PnL: -0.00999999 Причина: SL Баланс: 939.97937788
  Открытие:     2025-08-08 13:08:00
  Закрытие:     2025-08-08 13:19:07
  Цена входа:   0.4829
  Цена выхода:  0.4824171

[2025-08-08 13:19:25][TRADE] Закрыта позиция USELESS-USDT-SWAP PnL: -0.01000001 Причина: SL Баланс: 949.96938446
  Открытие:     2025-08-08 13:13:45
  Закрытие:     2025-08-08 13:19:25
  Цена входа:   0.2087
  Цена выхода:  0.2084913

[2025-08-08 13:19:58][TRADE] Закрыта позиция ETH-USDC-SWAP PnL: -0.01013324 Причина: SL Баланс: 960.092491220001
  Открытие:     2025-08-08 13:14:18
  Закрытие:     2025-08-08 13:19:58
  Цена входа:   3897.4
  Цена выхода:  3893.5026

[2025-08-08 13:20:34][TRADE] Закрыта позиция TON-USDT-SWAP PnL: -0.00999999 Причина: SL Баланс: 970.082481230001
  Открытие:     2025-08-08 13:09:26
  Закрытие:     2025-08-08 13:20:34
  Цена входа:   3.367
  Цена выхода:  3.363633

[2025-08-08 13:22:25][TRADE] Закрыта позиция IOTA-USDT-SWAP PnL: -0.01 Причина: SL Баланс: 930.072490829341
  Открытие:     2025-08-08 13:17:36
  Закрытие:     2025-08-08 13:22:25
  Цена входа:   0.1999
  Цена выхода:  0.1997001

[2025-08-08 13:24:16][TRADE] Закрыта позиция YFI-USDT-SWAP PnL: -0.0098964 Причина: SL Баланс: 870.122242488617
  Открытие:     2025-08-08 13:08:33
  Закрытие:     2025-08-08 13:24:16
  Цена входа:   5498
  Цена выхода:  5492.502

[2025-08-08 13:25:26][TRADE] Закрыта позиция AVAX-USDT-SWAP PnL: -0.010001 Причина: SL Баланс: 860.113248943617
  Открытие:     2025-08-08 13:15:51
  Закрытие:     2025-08-08 13:25:27
  Цена входа:   23.46
  Цена выхода:  23.43654

[2025-08-08 13:25:30][TRADE] Закрыта позиция BAND-USDT-SWAP PnL: -0.01000001 Причина: SL Баланс: 870.103254053617
  Открытие:     2025-08-08 13:21:13
  Закрытие:     2025-08-08 13:25:30
  Цена входа:   0.6912
  Цена выхода:  0.6905088

[2025-08-08 13:25:52][TRADE] Закрыта позиция CRO-USDT-SWAP PnL: -0.01 Причина: SL Баланс: 880.093258489617
  Открытие:     2025-08-08 13:21:39
  Закрытие:     2025-08-08 13:25:52
  Цена входа:   0.15231
  Цена выхода:  0.15215769

[2025-08-08 13:26:00][TRADE] Закрыта позиция DOGS-USDT-SWAP PnL: -0.00971548 Причина: SL Баланс: 890.083543009277
  Открытие:     2025-08-08 13:21:46
  Закрытие:     2025-08-08 13:26:00
  Цена входа:   0.0001441
  Цена выхода:  0.00014396

[2025-08-08 13:26:05][TRADE] Закрыта позиция DYDX-USDT-SWAP PnL: -0.00999998 Причина: SL Баланс: 890.073437569277
  Открытие:     2025-08-08 13:21:51
  Закрытие:     2025-08-08 13:26:05
  Цена входа:   0.6204
  Цена выхода:  0.6197796

[2025-08-08 13:26:22][TRADE] Закрыта позиция GMT-USDT-SWAP PnL: -0.01 Причина: SL Баланс: 900.063436474277
  Открытие:     2025-08-08 13:22:06
  Закрытие:     2025-08-08 13:26:23
  Цена входа:   0.04615
  Цена выхода:  0.04610385

[2025-08-08 13:27:32][TRADE] Закрыта позиция OM-USDT-SWAP PnL: -0.01 Причина: SL Баланс: 870.053459509628
  Открытие:     2025-08-08 13:23:06
  Закрытие:     2025-08-08 13:27:33
  Цена входа:   0.2736
  Цена выхода:  0.2733264

[2025-08-08 13:27:48][TRADE] Закрыта позиция PEPE-USDT-SWAP PnL: -0.00990902 Причина: SL Баланс: 870.043350789974
  Открытие:     2025-08-08 13:23:17
  Закрытие:     2025-08-08 13:27:49
  Цена входа:   1.1101E-05
  Цена выхода:  1.109E-05

[2025-08-08 13:28:04][TRADE] Закрыта позиция RENDER-USDT-SWAP PnL: -0.01000017 Причина: SL Баланс: 880.033516619974
  Открытие:     2025-08-08 13:23:30
  Закрытие:     2025-08-08 13:28:05
  Цена входа:   3.844
  Цена выхода:  3.840156

[2025-08-08 13:28:19][TRADE] Закрыта позиция SHIB-USDT-SWAP PnL: -0.00854634 Причина: SL Баланс: 880.024964250351
  Открытие:     2025-08-08 13:23:39
  Закрытие:     2025-08-08 13:28:19
  Цена входа:   1.2871E-05
  Цена выхода:  1.286E-05

[2025-08-08 13:28:29][TRADE] Закрыта позиция SPX-USDT-SWAP PnL: -0.01000008 Причина: SL Баланс: 890.015048590351
  Открытие:     2025-08-08 13:23:46
  Закрытие:     2025-08-08 13:28:30
  Цена входа:   1.7714
  Цена выхода:  1.7696286

[2025-08-08 13:28:58][TRADE] Закрыта позиция VANA-USDT-SWAP PnL: -0.00999999 Причина: SL Баланс: 870.005074220352
  Открытие:     2025-08-08 13:24:06
  Закрытие:     2025-08-08 13:28:58
  Цена входа:   4.448
  Цена выхода:  4.443552

[2025-08-08 13:30:06][TRADE] Закрыта позиция ANIME-USDT-SWAP PnL: -0.01 Причина: SL Баланс: 879.995073445352
  Открытие:     2025-08-08 13:25:18
  Закрытие:     2025-08-08 13:30:06
  Цена входа:   0.01725
  Цена выхода:  0.01723275

[2025-08-08 13:31:19][TRADE] Закрыта позиция KAITO-USDT-SWAP PnL: -0.00999996 Причина: SL Баланс: 889.985034625352
  Открытие:     2025-08-08 13:26:50
  Закрытие:     2025-08-08 13:31:20
  Цена входа:   1.1618
  Цена выхода:  1.1606382

[2025-08-08 13:32:12][TRADE] Закрыта позиция SHELL-USDT-SWAP PnL: 0.03000002 Причина: TP Баланс: 890.014995875352
  Открытие:     2025-08-08 13:28:18
  Закрытие:     2025-08-08 13:32:13
  Цена входа:   0.1589
  Цена выхода:  0.1593767

[2025-08-08 13:35:08][TRADE] Закрыта позиция LUNC-USDT-SWAP PnL: -0.00983768 Причина: SL Баланс: 830.005285322401
  Открытие:     2025-08-08 13:27:03
  Закрытие:     2025-08-08 13:35:09
  Цена входа:   6.099E-05
  Цена выхода:  6.093E-05

[2025-08-08 13:36:04][TRADE] Закрыта позиция SPX-USDT-SWAP PnL: 0.03000015 Причина: TP Баланс: 840.035334632401
  Открытие:     2025-08-08 13:32:19
  Закрытие:     2025-08-08 13:36:04
  Цена входа:   1.7692
  Цена выхода:  1.7745076

[2025-08-08 13:36:28][TRADE] Закрыта позиция UMA-USDT-SWAP PnL: 0.02999987 Причина: TP Баланс: 850.065289702401
  Открытие:     2025-08-08 13:28:53
  Закрытие:     2025-08-08 13:36:29
  Цена входа:   1.272
  Цена выхода:  1.275816

[2025-08-08 13:36:37][TRADE] Закрыта позиция VIRTUAL-USDT-SWAP PnL: 0.02999985 Причина: TP Баланс: 850.095242152401
  Открытие:     2025-08-08 13:32:41
  Закрытие:     2025-08-08 13:36:38
  Цена входа:   1.335
  Цена выхода:  1.339005

[2025-08-08 13:37:29][TRADE] Закрыта позиция OP-USD-SWAP PnL: -0.01000003 Причина: SL Баланс: 840.085269479401
  Открытие:     2025-08-08 13:33:19
  Закрытие:     2025-08-08 13:37:29
  Цена входа:   0.7382
  Цена выхода:  0.7374618

[2025-08-08 13:38:53][TRADE] Закрыта позиция DOT-USDT-SWAP PnL: 0.03000025 Причина: TP Баланс: 780.115359418201
  Открытие:     2025-08-08 13:26:03
  Закрытие:     2025-08-08 13:38:53
  Цена входа:   3.887
  Цена выхода:  3.898661

[2025-08-08 13:39:30][TRADE] Закрыта позиция GRT-USDT-SWAP PnL: 0.03 Причина: TP Баланс: 780.143984941201
  Открытие:     2025-08-08 13:34:39
  Закрытие:     2025-08-08 13:39:30
  Цена входа:   0.09431
  Цена выхода:  0.09459293

[2025-08-08 13:39:53][TRADE] Закрыта позиция KMNO-USDT-SWAP PnL: -0.01 Причина: SL Баланс: 780.134331949201
  Открытие:     2025-08-08 13:34:59
  Закрытие:     2025-08-08 13:39:53
  Цена входа:   0.05184
  Цена выхода:  0.05178816

[2025-08-08 13:40:26][TRADE] Закрыта позиция NEO-USDT-SWAP PnL: 0.03000004 Причина: TP Баланс: 790.164345589201
  Открытие:     2025-08-08 13:27:27
  Закрытие:     2025-08-08 13:40:26
  Цена входа:   6.302
  Цена выхода:  6.320906

[2025-08-08 13:40:42][TRADE] Закрыта позиция ORDI-USDT-SWAP PnL: 0.0300006 Причина: TP Баланс: 800.194545889201
  Открытие:     2025-08-08 13:27:44
  Закрытие:     2025-08-08 13:40:42
  Цена входа:   9.587
  Цена выхода:  9.615761

[2025-08-08 13:41:38][TRADE] Закрыта позиция THETA-USDT-SWAP PnL: 0.03000005 Причина: TP Баланс: 800.224644719201
  Открытие:     2025-08-08 13:28:43
  Закрытие:     2025-08-08 13:41:38
  Цена входа:   0.8096
  Цена выхода:  0.8120288

[2025-08-08 13:41:41][TRADE] Закрыта позиция TNSR-USDT-SWAP PnL: 0.02999999 Причина: TP Баланс: 810.254640209201
  Открытие:     2025-08-08 13:28:46
  Закрытие:     2025-08-08 13:41:41
  Цена входа:   0.1318
  Цена выхода:  0.1321954

[2025-08-08 13:41:52][TRADE] Закрыта позиция USELESS-USDT-SWAP PnL: -0.01 Причина: SL Баланс: 820.244638609201
  Открытие:     2025-08-08 13:36:33
  Закрытие:     2025-08-08 13:41:52
  Цена входа:   0.2091
  Цена выхода:  0.2088909

[2025-08-08 13:41:58][TRADE] Закрыта позиция W-USDT-SWAP PnL: 0.03 Причина: TP Баланс: 830.274639202201
  Открытие:     2025-08-08 13:36:39
  Закрытие:     2025-08-08 13:41:58
  Цена входа:   0.08173
  Цена выхода:  0.08197519

[2025-08-08 13:42:21][TRADE] Закрыта позиция ZK-USDT-SWAP PnL: 0.03 Причина: TP Баланс: 840.304637552201
  Открытие:     2025-08-08 13:36:58
  Закрытие:     2025-08-08 13:42:22
  Цена входа:   0.05585
  Цена выхода:  0.05601755

[2025-08-08 13:43:19][TRADE] Закрыта позиция AI16Z-USDT-SWAP PnL: -0.01 Причина: SL Баланс: 840.294455852201
  Открытие:     2025-08-08 13:37:55
  Закрытие:     2025-08-08 13:43:19
  Цена входа:   0.134
  Цена выхода:  0.133866

[2025-08-08 13:44:16][TRADE] Закрыта позиция DEGEN-USDT-SWAP PnL: -0.01001088 Причина: SL Баланс: 850.284444955401
  Открытие:     2025-08-08 13:38:44
  Закрытие:     2025-08-08 13:44:17
  Цена входа:   0.003676
  Цена выхода:  0.00367232

[2025-08-08 13:44:32][TRADE] Закрыта позиция ENS-USDT-SWAP PnL: -0.01000138 Причина: SL Баланс: 860.275818575401
  Открытие:     2025-08-08 13:39:04
  Закрытие:     2025-08-08 13:44:33
  Цена входа:   27.59
  Цена выхода:  27.56241

[2025-08-08 13:44:34][TRADE] Закрыта позиция ETC-USDT-SWAP PnL: 0.02999953 Причина: TP Баланс: 870.305662105401
  Открытие:     2025-08-08 13:34:23
  Закрытие:     2025-08-08 13:44:34
  Цена входа:   21.64
  Цена выхода:  21.70492

[2025-08-08 13:45:04][TRADE] Закрыта позиция HYPE-USDT-SWAP PnL: -0.00999965 Причина: SL Баланс: 880.2953136554
  Открытие:     2025-08-08 13:39:39
  Закрытие:     2025-08-08 13:45:05
  Цена входа:   40.583
  Цена выхода:  40.542417

[2025-08-08 13:45:18][TRADE] Закрыта позиция JOE-USDT-SWAP PnL: 0.03000001 Причина: TP Баланс: 890.3253173454
  Открытие:     2025-08-08 13:34:54
  Закрытие:     2025-08-08 13:45:19
  Цена входа:   0.1576
  Цена выхода:  0.1580728

[2025-08-08 13:46:36][TRADE] Закрыта позиция QTUM-USDT-SWAP PnL: 0.03000013 Причина: TP Баланс: 900.3553622754
  Открытие:     2025-08-08 13:32:05
  Закрытие:     2025-08-08 13:46:36
  Цена входа:   2.144
  Цена выхода:  2.150432

[2025-08-08 13:48:23][TRADE] Закрыта позиция ATOM-USD-SWAP PnL: 0.03000056 Причина: TP Баланс: 900.3855507354
  Открытие:     2025-08-08 13:42:44
  Закрытие:     2025-08-08 13:48:24
  Цена входа:   4.517
  Цена выхода:  4.530551

[2025-08-08 13:49:09][TRADE] Закрыта позиция AXS-USDT-SWAP PnL: 0.02999997 Причина: TP Баланс: 910.4155423054
  Открытие:     2025-08-08 13:38:11
  Закрытие:     2025-08-08 13:49:09
  Цена входа:   2.399
  Цена выхода:  2.406197

[2025-08-08 13:49:19][TRADE] Закрыта позиция BLUR-USDT-SWAP PnL: 0.03 Причина: TP Баланс: 920.4455429854
  Открытие:     2025-08-08 13:38:19
  Закрытие:     2025-08-08 13:49:19
  Цена входа:   0.0852
  Цена выхода:  0.0854556

