[2025-08-08 12:08:06][TRADE] Закрыта позиция INIT-USDT-SWAP PnL: 0.14999982 Причина: TP Баланс: 630.149387859772
  Открытие:     2025-08-08 11:32:02
  Закрытие:     2025-08-08 12:08:07
  Цена входа:   0.4234
  Цена выхода:  0.429751

[2025-08-08 12:08:13][TRADE] Закрыта позиция JUP-USDT-SWAP PnL: 0.14999973 Причина: TP Баланс: 640.299369859772
  Открытие:     2025-08-08 11:32:08
  Закрытие:     2025-08-08 12:08:13
  Цена входа:   0.4987
  Цена выхода:  0.5061805

[2025-08-08 12:11:35][TRADE] Закрыта позиция ETHFI-USDT-SWAP PnL: 0.14999984 Причина: TP Баланс: 630.449362687772
  Открытие:     2025-08-08 11:31:42
  Закрытие:     2025-08-08 12:11:36
  Цена входа:   1.115
  Цена выхода:  1.131725

[2025-08-08 12:31:06][TRADE] Закрыта позиция SUI-USD-SWAP PnL: -0.05000009 Причина: SL Баланс: 590.399411246972
  Открытие:     2025-08-08 12:02:41
  Закрытие:     2025-08-08 12:31:07
  Цена входа:   3.8509
  Цена выхода:  3.8316455

[2025-08-08 12:31:53][TRADE] Закрыта позиция BONK-USDT-SWAP PnL: -0.05030104 Причина: SL Баланс: 570.349103517468
  Открытие:     2025-08-08 12:03:25
  Закрытие:     2025-08-08 12:31:54
  Цена входа:   2.6242E-05
  Цена выхода:  2.611E-05

[2025-08-08 12:31:54][TRADE] Закрыта позиция CAT-USDT-SWAP PnL: -0.05362212 Причина: SL Баланс: 580.29548139714
  Открытие:     2025-08-08 12:03:27
  Закрытие:     2025-08-08 12:31:55
  Цена входа:   9.511E-06
  Цена выхода:  9.46E-06

[2025-08-08 12:31:57][TRADE] Закрыта позиция CETUS-USDT-SWAP PnL: -0.04999998 Причина: SL Баланс: 590.24547832914
  Открытие:     2025-08-08 12:11:14
  Закрытие:     2025-08-08 12:31:58
  Цена входа:   0.10883
  Цена выхода:  0.10828585

[2025-08-08 12:32:50][TRADE] Закрыта позиция KMNO-USDT-SWAP PnL: -0.04999999 Причина: SL Баланс: 580.19549451914
  Открытие:     2025-08-08 12:00:36
  Закрытие:     2025-08-08 12:32:50
  Цена входа:   0.05212
  Цена выхода:  0.0518594

[2025-08-08 12:32:56][TRADE] Закрыта позиция LQTY-USDT-SWAP PnL: -0.04999996 Причина: SL Баланс: 590.14548751914
  Открытие:     2025-08-08 12:00:43
  Закрытие:     2025-08-08 12:32:57
  Цена входа:   1.0064
  Цена выхода:  1.001368

[2025-08-08 12:33:13][TRADE] Закрыта позиция MUBARAK-USDT-SWAP PnL: -0.05 Причина: SL Баланс: 600.09548724314
  Открытие:     2025-08-08 11:32:28
  Закрытие:     2025-08-08 12:33:13
  Цена входа:   0.03532
  Цена выхода:  0.0351434

[2025-08-08 12:33:14][TRADE] Закрыта позиция NEIROETH-USDT-SWAP PnL: -0.05000002 Причина: SL Баланс: 610.04549162314
  Открытие:     2025-08-08 12:17:27
  Закрытие:     2025-08-08 12:33:15
  Цена входа:   0.1335
  Цена выхода:  0.1328325

[2025-08-08 12:33:30][TRADE] Закрыта позиция PENGU-USDT-SWAP PnL: -0.05000134 Причина: SL Баланс: 609.99550159364
  Открытие:     2025-08-08 12:01:13
  Закрытие:     2025-08-08 12:33:30
  Цена входа:   0.037455
  Цена выхода:  0.03726772

[2025-08-08 12:34:01][TRADE] Закрыта позиция SUI-USDT-SWAP PnL: -0.05000057 Причина: SL Баланс: 609.94561958364
  Открытие:     2025-08-08 12:01:43
  Закрытие:     2025-08-08 12:34:02
  Цена входа:   3.8545
  Цена выхода:  3.8352275

[2025-08-08 12:34:21][TRADE] Закрыта позиция VINE-USDT-SWAP PnL: -0.05000001 Причина: SL Баланс: 609.89565588164
  Открытие:     2025-08-08 12:02:00
  Закрытие:     2025-08-08 12:34:21
  Цена входа:   0.06748
  Цена выхода:  0.0671426

[2025-08-08 12:34:30][TRADE] Закрыта позиция XTZ-USDT-SWAP PnL: -0.0499999 Причина: SL Баланс: 619.84563660164
  Открытие:     2025-08-08 11:41:03
  Закрытие:     2025-08-08 12:34:31
  Цена входа:   0.8153
  Цена выхода:  0.8112235

[2025-08-08 12:38:17][TRADE] Закрыта позиция WAL-USDT-SWAP PnL: -0.05000004 Причина: SL Баланс: 599.79565007664
  Открытие:     2025-08-08 11:33:35
  Закрытие:     2025-08-08 12:38:18
  Цена входа:   0.4152
  Цена выхода:  0.413124

[2025-08-08 12:38:28][TRADE] Закрыта позиция ZIL-USDT-SWAP PnL: -0.05 Причина: SL Баланс: 609.74565004064
  Открытие:     2025-08-08 12:02:15
  Закрытие:     2025-08-08 12:38:29
  Цена входа:   0.01156
  Цена выхода:  0.0115022

[2025-08-08 12:42:55][TRADE] Закрыта позиция MAGIC-USDT-SWAP PnL: 0.15000006 Причина: TP Баланс: 619.89565397264
  Открытие:     2025-08-08 12:20:54
  Закрытие:     2025-08-08 12:42:56
  Цена входа:   0.23136
  Цена выхода:  0.2348304

[2025-08-08 12:51:06][TRADE] Закрыта позиция CELO-USDT-SWAP PnL: -0.04999992 Причина: SL Баланс: 619.84563887157
  Открытие:     2025-08-08 12:03:29
  Закрытие:     2025-08-08 12:51:06
  Цена входа:   0.3293
  Цена выхода:  0.3276535

[2025-08-08 12:51:18][TRADE] Закрыта позиция DEGEN-USDT-SWAP PnL: -0.04998648 Причина: SL Баланс: 629.79565253387
  Открытие:     2025-08-08 12:03:40
  Закрытие:     2025-08-08 12:51:19
  Цена входа:   0.003697
  Цена выхода:  0.00367852

[2025-08-08 12:51:24][TRADE] Закрыта позиция EGLD-USDT-SWAP PnL: -0.05000262 Причина: SL Баланс: 639.74617491387
  Открытие:     2025-08-08 12:03:47
  Закрытие:     2025-08-08 12:51:25
  Цена входа:   15.35
  Цена выхода:  15.27325

[2025-08-08 12:51:26][TRADE] Закрыта позиция ENJ-USDT-SWAP PnL: -0.04999999 Причина: SL Баланс: 649.69617253087
  Открытие:     2025-08-08 12:03:49
  Закрытие:     2025-08-08 12:51:26
  Цена входа:   0.07247
  Цена выхода:  0.07210765

[2025-08-08 12:51:33][TRADE] Закрыта позиция FLOW-USDT-SWAP PnL: -0.04999994 Причина: SL Баланс: 659.64616037087
  Открытие:     2025-08-08 12:03:57
  Закрытие:     2025-08-08 12:51:33
  Цена входа:   0.3737
  Цена выхода:  0.3718315

[2025-08-08 12:51:46][TRADE] Закрыта позиция HMSTR-USDT-SWAP PnL: -0.04994687 Причина: SL Баланс: 669.59621349983
  Открытие:     2025-08-08 12:00:21
  Закрытие:     2025-08-08 12:51:46
  Цена входа:   0.0007528
  Цена выхода:  0.00074904

[2025-08-08 12:52:27][TRADE] Закрыта позиция NXPC-USDT-SWAP PnL: -0.05000006 Причина: SL Баланс: 679.54622543983
  Открытие:     2025-08-08 12:01:04
  Закрытие:     2025-08-08 12:52:27
  Цена входа:   0.935
  Цена выхода:  0.930325

[2025-08-08 12:52:30][TRADE] Закрыта позиция ONE-USDT-SWAP PnL: -0.05000457 Причина: SL Баланс: 689.49622041433
  Открытие:     2025-08-08 11:32:38
  Закрытие:     2025-08-08 12:52:31
  Цена входа:   0.010935
  Цена выхода:  0.01088032

[2025-08-08 12:52:34][TRADE] Закрыта позиция PARTI-USDT-SWAP PnL: -0.04999996 Причина: SL Баланс: 699.44621213433
  Открытие:     2025-08-08 12:01:11
  Закрытие:     2025-08-08 12:52:35
  Цена входа:   0.1918
  Цена выхода:  0.190841

[2025-08-08 12:53:36][TRADE] Закрыта позиция ZEREBRO-USDT-SWAP PnL: -0.05 Причина: SL Баланс: 699.39621397033
  Открытие:     2025-08-08 12:02:13
  Закрытие:     2025-08-08 12:53:36
  Цена входа:   0.02906
  Цена выхода:  0.0289147

[2025-08-08 12:54:37][TRADE] Закрыта позиция BAT-USDT-SWAP PnL: -0.05000001 Причина: SL Баланс: 709.34621673033
  Открытие:     2025-08-08 12:03:17
  Закрытие:     2025-08-08 12:54:38
  Цена входа:   0.1523
  Цена выхода:  0.1515385

[2025-08-08 12:56:42][TRADE] Закрыта позиция STORJ-USDT-SWAP PnL: -0.04999998 Причина: SL Баланс: 709.29655269033
  Открытие:     2025-08-08 11:50:50
  Закрытие:     2025-08-08 12:56:42
  Цена входа:   0.2706
  Цена выхода:  0.269247

[2025-08-08 13:00:30][TRADE] Закрыта позиция TIA-USDT-SWAP PnL: -0.0499998 Причина: SL Баланс: 709.24651291033
  Открытие:     2025-08-08 12:30:12
  Закрытие:     2025-08-08 13:00:30
  Цена входа:   1.751
  Цена выхода:  1.742245

[2025-08-08 13:00:34][TRADE] Закрыта позиция TURBO-USDT-SWAP PnL: -0.05 Причина: SL Баланс: 719.19651313313
  Открытие:     2025-08-08 12:30:17
  Закрытие:     2025-08-08 13:00:35
  Цена входа:   0.004484
  Цена выхода:  0.00446158

[2025-08-08 13:01:42][TRADE] Закрыта позиция AIXBT-USDT-SWAP PnL: -0.05000003 Причина: SL Баланс: 719.14653940713
  Открытие:     2025-08-08 12:31:30
  Закрытие:     2025-08-08 13:01:42
  Цена входа:   0.12916
  Цена выхода:  0.1285142

[2025-08-08 13:01:49][TRADE] Закрыта позиция ARC-USDT-SWAP PnL: -0.05 Причина: SL Баланс: 729.09653926213
  Открытие:     2025-08-08 12:31:37
  Закрытие:     2025-08-08 13:01:49
  Цена входа:   0.02085
  Цена выхода:  0.02074575

[2025-08-08 13:02:10][TRADE] Закрыта позиция CETUS-USDT-SWAP PnL: -0.05000001 Причина: SL Баланс: 719.04654330513
  Открытие:     2025-08-08 12:35:55
  Закрытие:     2025-08-08 13:02:10
  Цена входа:   0.10699
  Цена выхода:  0.10645505

[2025-08-08 13:02:44][TRADE] Закрыта позиция GRIFFAIN-USDT-SWAP PnL: -0.05 Причина: SL Баланс: 698.99658346613
  Открытие:     2025-08-08 12:32:34
  Закрытие:     2025-08-08 13:02:44
  Цена входа:   0.03676
  Цена выхода:  0.0365762

[2025-08-08 13:03:15][TRADE] Закрыта позиция MEME-USDT-SWAP PnL: -0.05 Причина: SL Баланс: 688.94652802793
  Открытие:     2025-08-08 11:32:22
  Закрытие:     2025-08-08 13:03:15
  Цена входа:   0.001734
  Цена выхода:  0.00172533

[2025-08-08 13:03:41][TRADE] Закрыта позиция PNUT-USDT-SWAP PnL: -0.04999998 Причина: SL Баланс: 678.89652363857
  Открытие:     2025-08-08 12:33:35
  Закрытие:     2025-08-08 13:03:41
  Цена входа:   0.2344
  Цена выхода:  0.233228

[2025-08-08 13:12:36][TRADE] Закрыта позиция LQTY-USDT-SWAP PnL: -0.04999994 Причина: SL Баланс: 688.84651159857
  Открытие:     2025-08-08 12:36:55
  Закрытие:     2025-08-08 13:12:36
  Цена входа:   0.9989
  Цена выхода:  0.9939055

[2025-08-08 13:17:38][TRADE] Закрыта позиция CFX-USDT-SWAP PnL: -0.05000004 Причина: SL Баланс: 698.79651936657
  Открытие:     2025-08-08 11:31:25
  Закрытие:     2025-08-08 13:17:38
  Цена входа:   0.21728
  Цена выхода:  0.2161936

[2025-08-08 13:24:21][TRADE] Закрыта позиция NEIROETH-USDT-SWAP PnL: -0.05000003 Причина: SL Баланс: 708.74652464857
  Открытие:     2025-08-08 12:37:11
  Закрытие:     2025-08-08 13:24:21
  Цена входа:   0.13189
  Цена выхода:  0.13123055

[2025-08-08 13:25:28][TRADE] Закрыта позиция UMA-USDT-SWAP PnL: -0.04999983 Причина: SL Баланс: 718.69649141857
  Открытие:     2025-08-08 12:34:14
  Закрытие:     2025-08-08 13:25:29
  Цена входа:   1.278
  Цена выхода:  1.27161

[2025-08-08 13:25:36][TRADE] Закрыта позиция VINE-USDT-SWAP PnL: -0.04999999 Причина: SL Баланс: 728.64648892857
  Открытие:     2025-08-08 12:53:25
  Закрытие:     2025-08-08 13:25:37
  Цена входа:   0.0667
  Цена выхода:  0.0663665

[2025-08-08 13:25:54][TRADE] Закрыта позиция ZEREBRO-USDT-SWAP PnL: -0.05 Причина: SL Баланс: 738.59648990857
  Открытие:     2025-08-08 12:57:15
  Закрытие:     2025-08-08 13:25:54
  Цена входа:   0.02892
  Цена выхода:  0.0287754

[2025-08-08 13:26:47][TRADE] Закрыта позиция ACT-USDT-SWAP PnL: -0.05 Причина: SL Баланс: 748.54648990257
  Открытие:     2025-08-08 11:30:56
  Закрытие:     2025-08-08 13:26:48
  Цена входа:   0.04031
  Цена выхода:  0.04010845

[2025-08-08 13:27:48][TRADE] Закрыта позиция CTC-USDT-SWAP PnL: -0.04999992 Причина: SL Баланс: 758.49647314257
  Открытие:     2025-08-08 12:32:05
  Закрытие:     2025-08-08 13:27:49
  Цена входа:   0.7027
  Цена выхода:  0.6991865

[2025-08-08 13:27:50][TRADE] Закрыта позиция CVC-USDT-SWAP PnL: -0.05000001 Причина: SL Баланс: 768.44647515357
  Открытие:     2025-08-08 12:03:38
  Закрытие:     2025-08-08 13:27:50
  Цена входа:   0.09501
  Цена выхода:  0.09453495

[2025-08-08 13:29:08][TRADE] Закрыта позиция LRC-USDT-SWAP PnL: -0.04999998 Причина: SL Баланс: 778.39647119357
  Открытие:     2025-08-08 12:00:44
  Закрытие:     2025-08-08 13:29:08
  Цена входа:   0.08588
  Цена выхода:  0.0854506

[2025-08-08 13:29:38][TRADE] Закрыта позиция OM-USDT-SWAP PnL: -0.04999995 Причина: SL Баланс: 788.34646176357
  Открытие:     2025-08-08 12:33:23
  Закрытие:     2025-08-08 13:29:38
  Цена входа:   0.2743
  Цена выхода:  0.2729285

[2025-08-08 13:29:54][TRADE] Закрыта позиция QTUM-USDT-SWAP PnL: -0.0500002 Причина: SL Баланс: 798.29650066357
  Открытие:     2025-08-08 12:01:22
  Закрытие:     2025-08-08 13:29:54
  Цена входа:   2.153
  Цена выхода:  2.142235

[2025-08-08 13:31:42][TRADE] Закрыта позиция AVAAI-USDT-SWAP PnL: -0.05 Причина: SL Баланс: 798.24649593357
  Открытие:     2025-08-08 13:01:55
  Закрытие:     2025-08-08 13:31:43
  Цена входа:   0.02538
  Цена выхода:  0.0252531

[2025-08-08 13:32:04][TRADE] Закрыта позиция CRV-USDT-SWAP PnL: -0.05000019 Причина: SL Баланс: 798.19652946857
  Открытие:     2025-08-08 13:02:16
  Закрытие:     2025-08-08 13:32:04
  Цена входа:   0.9223
  Цена выхода:  0.9176885

[2025-08-08 13:32:26][TRADE] Закрыта позиция GOAT-USDT-SWAP PnL: -0.05000002 Причина: SL Баланс: 808.14653428557
  Открытие:     2025-08-08 13:02:41
  Закрытие:     2025-08-08 13:32:27
  Цена входа:   0.09883
  Цена выхода:  0.09833585

[2025-08-08 13:33:10][TRADE] Закрыта позиция NEIRO-USDT-SWAP PnL: -0.05009921 Причина: SL Баланс: 818.09643507493
  Открытие:     2025-08-08 13:03:26
  Закрытие:     2025-08-08 13:33:10
  Цена входа:   0.0004032
  Цена выхода:  0.00040118

[2025-08-08 13:34:09][TRADE] Закрыта позиция VIRTUAL-USDT-SWAP PnL: -0.0499999 Причина: SL Баланс: 828.04641521493
  Открытие:     2025-08-08 13:00:44
  Закрытие:     2025-08-08 13:34:09
  Цена входа:   1.3396
  Цена выхода:  1.332902

