[2025-08-28 02:47:44][TRADE] Закрыта позиция CATI-USDT-SWAP LONG PnL: -0.07061181 Причина: SL Баланс: 829.868507330077 WinRate инструмента: 0%
🔄 Баланс: 829.868507330077$ | PnL: -0.07061181 💵 | Сделок: 1
[2025-08-28 03:09:54][TRADE] Закрыта позиция MAJOR-USDT-SWAP SHORT PnL: -0.14606441 Причина: SL Баланс: 599.508693143838 WinRate инструмента: 0%
🔄 Баланс: 599.508693143838$ | PnL: -0.21667622 💵 | Сделок: 2
[2025-08-28 03:33:58][TRADE] Закрыта позиция NEO-USDT-SWAP SHORT PnL: -0.10776343 Причина: SL Баланс: 19.0069584673929 WinRate инструмента: 0%
🔄 Баланс: 19.0069584673929$ | PnL: -0.32443965 💵 | Сделок: 3
[2025-08-28 04:05:20][TRADE] Закрыта позиция CVX-USDT-SWAP SHORT PnL: 0.31920441 Причина: TP Баланс: 19.3171078362009 WinRate инструмента: 100%
🔄 Баланс: 19.3171078362009$ | PnL: -0.00523523999999997 💵 | Сделок: 4
[2025-08-28 04:09:18][TRADE] Закрыта позиция SHELL-USDT-SWAP SHORT PnL: -0.12714532 Причина: SL Баланс: 19.1809652667385 WinRate инструмента: 0%
🔄 Баланс: 19.1809652667385$ | PnL: -0.13238056 💵 | Сделок: 5
[2025-08-28 04:13:03][TRADE] Закрыта позиция MAJOR-USDT-SWAP SHORT PnL: -0.14267806 Причина: SL Баланс: 19.0295065196985 WinRate инструмента: 0%
🔄 Баланс: 19.0295065196985$ | PnL: -0.27505862 💵 | Сделок: 6
[2025-08-28 04:34:40][TRADE] Закрыта позиция UXLINK-USDT-SWAP SHORT PnL: 0.1221389 Причина: TP Баланс: 19.1426457593105 WinRate инструмента: 100%
🔄 Баланс: 19.1426457593105$ | PnL: -0.15291972 💵 | Сделок: 7
[2025-08-28 04:36:26][TRADE] Закрыта позиция WAXP-USDT-SWAP SHORT PnL: 0.12269397 Причина: TP Баланс: 19.2563425537171 WinRate инструмента: 100%
🔄 Баланс: 19.2563425537171$ | PnL: -0.03022575 💵 | Сделок: 8
[2025-08-28 04:57:04][TRADE] Закрыта позиция USELESS-USDT-SWAP SHORT PnL: 0.54041986 Причина: TP Баланс: 19.7877914888531 WinRate инструмента: 100%
🔄 Баланс: 19.7877914888531$ | PnL: 0.51019411 💵 | Сделок: 9
[2025-08-28 04:58:02][TRADE] Закрыта позиция GAS-USDT-SWAP SHORT PnL: 0.15637724 Причина: TP Баланс: 19.9353228226431 WinRate инструмента: 100%
🔄 Баланс: 19.9353228226431$ | PnL: 0.66657135 💵 | Сделок: 10
[2025-08-28 05:12:16][TRADE] Закрыта позиция SCR-USDT-SWAP SHORT PnL: -0.10302531 Причина: SL Баланс: 19.8233162345151 WinRate инструмента: 0%
🔄 Баланс: 19.8233162345151$ | PnL: 0.56354604 💵 | Сделок: 11
[2025-08-28 05:19:15][TRADE] Закрыта позиция RVN-USDT-SWAP SHORT PnL: -0.09237355 Причина: SL Баланс: 19.7219051392151 WinRate инструмента: 0%
🔄 Баланс: 19.7219051392151$ | PnL: 0.47117249 💵 | Сделок: 12
[2025-08-28 05:19:39][TRADE] Закрыта позиция UMA-USDT-SWAP LONG PnL: -0.09477478 Причина: SL Баланс: 29.6271673592151 WinRate инструмента: 0%
🔄 Баланс: 29.6271673592151$ | PnL: 0.37639771 💵 | Сделок: 13
[2025-08-28 05:19:45][TRADE] Закрыта позиция WAL-USDT-SWAP SHORT PnL: -0.08696568 Причина: SL Баланс: 29.5311760003231 WinRate инструмента: 0%
🔄 Баланс: 29.5311760003231$ | PnL: 0.28943203 💵 | Сделок: 14
[2025-08-28 05:19:48][TRADE] Закрыта позиция WLD-USDT-SWAP SHORT PnL: -0.14575282 Причина: SL Баланс: 39.3853841403231 WinRate инструмента: 0%
🔄 Баланс: 39.3853841403231$ | PnL: 0.14367921 💵 | Сделок: 15
[2025-08-28 05:20:20][TRADE] Закрыта позиция UNI-USD-SWAP SHORT PnL: -0.11494721 Причина: SL Баланс: 49.2706649303231 WinRate инструмента: 0%
🔄 Баланс: 49.2706649303231$ | PnL: 0.028732 💵 | Сделок: 16
[2025-08-28 05:20:35][TRADE] Закрыта позиция AI16Z-USDT-SWAP SHORT PnL: -0.14365144 Причина: SL Баланс: 59.1270098903231 WinRate инструмента: 0%
🔄 Баланс: 59.1270098903231$ | PnL: -0.11491944 💵 | Сделок: 17
[2025-08-28 05:21:21][TRADE] Закрыта позиция FIL-USDT-SWAP SHORT PnL: -0.09001127 Причина: SL Баланс: 59.0282172390331 WinRate инструмента: 0%
🔄 Баланс: 59.0282172390331$ | PnL: -0.20493071 💵 | Сделок: 18
[2025-08-28 05:22:49][TRADE] Закрыта позиция SUI-USDT-SWAP SHORT PnL: -0.11356908 Причина: SL Баланс: 68.9146050390331 WinRate инструмента: 0%
🔄 Баланс: 68.9146050390331$ | PnL: -0.31849979 💵 | Сделок: 19
[2025-08-28 05:23:00][TRADE] Закрыта позиция UNI-USDT-SWAP SHORT PnL: -0.12045835 Причина: SL Баланс: 78.7942738890331 WinRate инструмента: 0%
🔄 Баланс: 78.7942738890331$ | PnL: -0.43895814 💵 | Сделок: 20
[2025-08-28 05:23:02][TRADE] Закрыта позиция UXLINK-USDT-SWAP SHORT PnL: -0.08489415 Причина: SL Баланс: 88.7093866390331 WinRate инструмента: 50%
🔄 Баланс: 88.7093866390331$ | PnL: -0.52385229 💵 | Сделок: 21
[2025-08-28 05:34:37][TRADE] Закрыта позиция FIL-USD-SWAP SHORT PnL: -0.08477286 Причина: SL Баланс: 18.5528026708057 WinRate инструмента: 0%
🔄 Баланс: 18.5528026708057$ | PnL: -0.60862515 💵 | Сделок: 22
[2025-08-28 05:35:07][TRADE] Закрыта позиция DYDX-USDT-SWAP SHORT PnL: -0.11479162 Причина: SL Баланс: 18.4290403945753 WinRate инструмента: 0%
🔄 Баланс: 18.4290403945753$ | PnL: -0.72341677 💵 | Сделок: 23
[2025-08-28 05:35:10][TRADE] Закрыта позиция ETC-USDT-SWAP SHORT PnL: -0.09706007 Причина: SL Баланс: 28.3319793245753 WinRate инструмента: 0%
🔄 Баланс: 28.3319793245753$ | PnL: -0.82047684 💵 | Сделок: 24
[2025-08-28 05:35:58][TRADE] Закрыта позиция PEOPLE-USDT-SWAP SHORT PnL: -0.12112647 Причина: SL Баланс: 18.1928520916221 WinRate инструмента: 0%
🔄 Баланс: 18.1928520916221$ | PnL: -0.94160331 💵 | Сделок: 25
[2025-08-28 05:36:15][TRADE] Закрыта позиция T-USDT-SWAP SHORT PnL: -0.0959362 Причина: SL Баланс: 18.087916362326 WinRate инструмента: 0%
🔄 Баланс: 18.087916362326$ | PnL: -1.03753951 💵 | Сделок: 26
[2025-08-28 05:36:26][TRADE] Закрыта позиция XTZ-USDT-SWAP SHORT PnL: -0.09019002 Причина: SL Баланс: 17.988674624066 WinRate инструмента: 0%
🔄 Баланс: 17.988674624066$ | PnL: -1.12772953 💵 | Сделок: 27
[2025-08-28 05:49:57][TRADE] Закрыта позиция ZEREBRO-USDT-SWAP SHORT PnL: -0.09826691 Причина: SL Баланс: 17.881410838703 WinRate инструмента: 0%
🔄 Баланс: 17.881410838703$ | PnL: -1.22599644 💵 | Сделок: 28
[2025-08-28 05:50:49][TRADE] Закрыта позиция FXS-USDT-SWAP SHORT PnL: -0.09436428 Причина: SL Баланс: 17.777987549703 WinRate инструмента: 0%
🔄 Баланс: 17.777987549703$ | PnL: -1.32036072 💵 | Сделок: 29
[2025-08-28 06:01:17][TRADE] Закрыта позиция GMT-USDT-SWAP LONG PnL: 0.20782059 Причина: TP Баланс: 17.97681228079 WinRate инструмента: 100%
🔄 Баланс: 17.97681228079$ | PnL: -1.11254013 💵 | Сделок: 30
[2025-08-28 06:01:41][TRADE] Закрыта позиция NEIRO-USDT-SWAP SHORT PnL: -0.13006526 Причина: SL Баланс: 17.8377469971545 WinRate инструмента: 0%
🔄 Баланс: 17.8377469971545$ | PnL: -1.24260539 💵 | Сделок: 31
[2025-08-28 06:01:46][TRADE] Закрыта позиция OM-USDT-SWAP SHORT PnL: -0.09901135 Причина: SL Баланс: 27.7387405171545 WinRate инструмента: 0%
🔄 Баланс: 27.7387405171545$ | PnL: -1.34161674 💵 | Сделок: 32
[2025-08-28 06:02:24][TRADE] Закрыта позиция TNSR-USDT-SWAP SHORT PnL: -0.10753786 Причина: SL Баланс: 17.6132085077305 WinRate инструмента: 0%
🔄 Баланс: 17.6132085077305$ | PnL: -1.4491546 💵 | Сделок: 33
[2025-08-28 06:08:34][TRADE] Закрыта позиция GLM-USDT-SWAP SHORT PnL: -0.08456709 Причина: SL Баланс: 17.5207581437505 WinRate инструмента: 0%
🔄 Баланс: 17.5207581437505$ | PnL: -1.53372169 💵 | Сделок: 34
[2025-08-28 06:19:44][TRADE] Закрыта позиция ATOM-USDT-SWAP SHORT PnL: -0.1039366 Причина: SL Баланс: 17.4077995769711 WinRate инструмента: 0%
🔄 Баланс: 17.4077995769711$ | PnL: -1.63765829 💵 | Сделок: 35
[2025-08-28 06:21:51][TRADE] Закрыта позиция JTO-USDT-SWAP LONG PnL: 0.21060029 Причина: TP Баланс: 17.6094298387111 WinRate инструмента: 100%
🔄 Баланс: 17.6094298387111$ | PnL: -1.427058 💵 | Сделок: 36
[2025-08-28 06:23:06][TRADE] Закрыта позиция AEVO-USDT-SWAP SHORT PnL: -0.10998964 Причина: SL Баланс: 17.4904363196052 WinRate инструмента: 0%
🔄 Баланс: 17.4904363196052$ | PnL: -1.53704764 💵 | Сделок: 37
[2025-08-28 06:23:50][TRADE] Закрыта позиция NOT-USDT-SWAP SHORT PnL: -0.09919706 Причина: SL Баланс: 17.3822373710322 WinRate инструмента: 0%
🔄 Баланс: 17.3822373710322$ | PnL: -1.6362447 💵 | Сделок: 38
[2025-08-28 06:24:19][TRADE] Закрыта позиция WCT-USDT-SWAP SHORT PnL: -0.09577846 Причина: SL Баланс: 17.2774627745209 WinRate инструмента: 0%
🔄 Баланс: 17.2774627745209$ | PnL: -1.73202316 💵 | Сделок: 39
[2025-08-28 06:26:49][TRADE] Закрыта позиция BOME-USDT-SWAP SHORT PnL: -0.13802068 Причина: SL Баланс: 17.1304490315849 WinRate инструмента: 0%
🔄 Баланс: 17.1304490315849$ | PnL: -1.87004384 💵 | Сделок: 40
[2025-08-28 06:27:05][TRADE] Закрыта позиция HMSTR-USDT-SWAP LONG PnL: 0.16715637 Причина: TP Баланс: 17.2885922169339 WinRate инструмента: 100%
🔄 Баланс: 17.2885922169339$ | PnL: -1.70288747 💵 | Сделок: 41
[2025-08-28 06:27:23][TRADE] Закрыта позиция MERL-USDT-SWAP SHORT PnL: -0.10915559 Причина: SL Баланс: 17.1704349133211 WinRate инструмента: 0%
🔄 Баланс: 17.1704349133211$ | PnL: -1.81204306 💵 | Сделок: 42
[2025-08-28 06:29:28][TRADE] Закрыта позиция TRUMP-USDT-SWAP SHORT PnL: -0.07749974 Причина: SL Баланс: 17.0837207904965 WinRate инструмента: 0%
🔄 Баланс: 17.0837207904965$ | PnL: -1.8895428 💵 | Сделок: 43
[2025-08-28 06:30:33][TRADE] Закрыта позиция IMX-USDT-SWAP SHORT PnL: -0.11479069 Причина: SL Баланс: 16.9599451914965 WinRate инструмента: 0%
🔄 Баланс: 16.9599451914965$ | PnL: -2.00433349 💵 | Сделок: 44
[2025-08-28 06:30:45][TRADE] Закрыта позиция MINA-USDT-SWAP SHORT PnL: -0.10876866 Причина: SL Баланс: 16.8421760529365 WinRate инструмента: 0%
🔄 Баланс: 16.8421760529365$ | PnL: -2.11310215 💵 | Сделок: 45
[2025-08-28 06:30:52][TRADE] Закрыта позиция NEWT-USDT-SWAP SHORT PnL: -0.09761131 Причина: SL Баланс: 26.7445540629365 WinRate инструмента: 0%
🔄 Баланс: 26.7445540629365$ | PnL: -2.21071346 💵 | Сделок: 46
[2025-08-28 06:32:05][TRADE] Закрыта позиция ACH-USDT-SWAP SHORT PnL: -0.09204726 Причина: SL Баланс: 16.6344599931982 WinRate инструмента: 0%
🔄 Баланс: 16.6344599931982$ | PnL: -2.30276072 💵 | Сделок: 47
[2025-08-28 06:32:39][TRADE] Закрыта позиция INIT-USDT-SWAP SHORT PnL: -0.09867455 Причина: SL Баланс: 16.5265822478082 WinRate инструмента: 0%
🔄 Баланс: 16.5265822478082$ | PnL: -2.40143527 💵 | Сделок: 48
[2025-08-28 06:45:34][TRADE] Закрыта позиция PI-USDT-SWAP LONG PnL: 0.07817287 Причина: TP Баланс: 16.5957463561882 WinRate инструмента: 100%
🔄 Баланс: 16.5957463561882$ | PnL: -2.3232624 💵 | Сделок: 49
[2025-08-28 06:46:50][TRADE] Закрыта позиция IOTA-USDT-SWAP LONG PnL: -0.08449905 Причина: SL Баланс: 26.5112457061882 WinRate инструмента: 0%
🔄 Баланс: 26.5112457061882$ | PnL: -2.40776145 💵 | Сделок: 50
[2025-08-28 06:48:42][TRADE] Закрыта позиция AVAX-USD-SWAP LONG PnL: -0.08191921 Причина: SL Баланс: 36.4282086961882 WinRate инструмента: 0%
🔄 Баланс: 36.4282086961882$ | PnL: -2.48968066 💵 | Сделок: 51
[2025-08-28 06:50:36][TRADE] Закрыта позиция NEIRO-USDT-SWAP LONG PnL: -0.10219756 Причина: SL Баланс: 36.3169938234763 WinRate инструмента: 0%
🔄 Баланс: 36.3169938234763$ | PnL: -2.59187822 💵 | Сделок: 52
[2025-08-28 06:55:21][TRADE] Закрыта позиция PI-USDT-SWAP LONG PnL: -0.05486635 Причина: SL Баланс: 46.2621447534762 WinRate инструмента: 50%
🔄 Баланс: 46.2621447534762$ | PnL: -2.64674457 💵 | Сделок: 53
[2025-08-28 06:55:38][TRADE] Закрыта позиция ATH-USDT-SWAP LONG PnL: -0.10027618 Причина: SL Баланс: 56.1618680354762 WinRate инструмента: 0%
🔄 Баланс: 56.1618680354762$ | PnL: -2.74702075 💵 | Сделок: 54
[2025-08-28 06:59:58][TRADE] Закрыта позиция GMT-USDT-SWAP LONG PnL: 0.17417212 Причина: TP Баланс: 56.3270435237262 WinRate инструмента: 100%
🔄 Баланс: 56.3270435237262$ | PnL: -2.57284863 💵 | Сделок: 55
[2025-08-28 07:07:28][TRADE] Закрыта позиция RVN-USDT-SWAP LONG PnL: 0.16314413 Причина: TP Баланс: 56.4811803088259 WinRate инструмента: 50%
🔄 Баланс: 56.4811803088259$ | PnL: -2.4097045 💵 | Сделок: 56
[2025-08-28 07:07:33][TRADE] Закрыта позиция SIGN-USDT-SWAP LONG PnL: 0.10244766 Причина: TP Баланс: 66.5836280448259 WinRate инструмента: 100%
🔄 Баланс: 66.5836280448259$ | PnL: -2.30725684 💵 | Сделок: 57
[2025-08-28 07:07:55][TRADE] Закрыта позиция VINE-USDT-SWAP SHORT PnL: -0.28172874 Причина: SL Баланс: 76.301896630826 WinRate инструмента: 0%
🔄 Баланс: 76.301896630826$ | PnL: -2.58898558 💵 | Сделок: 58
[2025-08-28 07:10:14][TRADE] Закрыта позиция MOODENG-USDT-SWAP SHORT PnL: -0.11052418 Причина: SL Баланс: 86.1913729928259 WinRate инструмента: 0%
🔄 Баланс: 86.1913729928259$ | PnL: -2.69950976 💵 | Сделок: 59
[2025-08-28 07:10:49][TRADE] Закрыта позиция SLP-USDT-SWAP SHORT PnL: -0.08990176 Причина: SL Баланс: 86.0924705950356 WinRate инструмента: 0%
🔄 Баланс: 86.0924705950356$ | PnL: -2.78941152 💵 | Сделок: 60
[2025-08-28 07:17:22][TRADE] Закрыта позиция SOPH-USDT-SWAP SHORT PnL: -0.10502968 Причина: SL Баланс: 75.9694446684556 WinRate инструмента: 0%
🔄 Баланс: 75.9694446684556$ | PnL: -2.8944412 💵 | Сделок: 61
[2025-08-28 07:17:54][TRADE] Закрыта позиция ZRO-USDT-SWAP SHORT PnL: -0.12189236 Причина: SL Баланс: 65.8293133599798 WinRate инструмента: 0%
🔄 Баланс: 65.8293133599798$ | PnL: -3.01633356 💵 | Сделок: 62
[2025-08-28 07:20:15][TRADE] Закрыта позиция ORBS-USDT-SWAP SHORT PnL: -0.0492397 Причина: SL Баланс: 65.7710816952951 WinRate инструмента: 0%
🔄 Баланс: 65.7710816952951$ | PnL: -3.06557326 💵 | Сделок: 63
[2025-08-28 07:25:01][TRADE] Закрыта позиция AI16Z-USDT-SWAP LONG PnL: -0.11813514 Причина: SL Баланс: 75.652948525295 WinRate инструмента: 0%
🔄 Баланс: 75.652948525295$ | PnL: -3.1837084 💵 | Сделок: 64
[2025-08-28 07:31:08][TRADE] Закрыта позиция BNB-USDT-SWAP SHORT PnL: -0.05824777 Причина: SL Баланс: 15.5501575479665 WinRate инструмента: 0%
🔄 Баланс: 15.5501575479665$ | PnL: -3.24195617 💵 | Сделок: 65
[2025-08-28 07:35:57][TRADE] Закрыта позиция APE-USDT-SWAP SHORT PnL: -0.09473333 Причина: SL Баланс: 15.4464233086609 WinRate инструмента: 0%
🔄 Баланс: 15.4464233086609$ | PnL: -3.3366895 💵 | Сделок: 66
[2025-08-28 07:36:06][TRADE] Закрыта позиция CATI-USDT-SWAP LONG PnL: -0.08154103 Причина: SL Баланс: 15.3557969906609 WinRate инструмента: 0%
🔄 Баланс: 15.3557969906609$ | PnL: -3.41823053 💵 | Сделок: 67
[2025-08-28 07:36:54][TRADE] Закрыта позиция STX-USDT-SWAP SHORT PnL: -0.09478787 Причина: SL Баланс: 15.2520212707329 WinRate инструмента: 0%
🔄 Баланс: 15.2520212707329$ | PnL: -3.5130184 💵 | Сделок: 68
[2025-08-28 07:36:58][TRADE] Закрыта позиция THETA-USDT-SWAP SHORT PnL: -0.10683085 Причина: SL Баланс: 15.1361922818249 WinRate инструмента: 0%
🔄 Баланс: 15.1361922818249$ | PnL: -3.61984925 💵 | Сделок: 69
[2025-08-28 07:37:35][TRADE] Закрыта позиция ETC-USD-SWAP SHORT PnL: -0.0853997 Причина: SL Баланс: 15.0424750655623 WinRate инструмента: 0%
🔄 Баланс: 15.0424750655623$ | PnL: -3.70524895 💵 | Сделок: 70
[2025-08-28 07:38:57][TRADE] Закрыта позиция YFI-USDT-SWAP SHORT PnL: -0.08247904 Причина: SL Баланс: 14.7933837345103 WinRate инструмента: 0%
🔄 Баланс: 14.7933837345103$ | PnL: -3.78772799 💵 | Сделок: 71
[2025-08-28 07:46:19][TRADE] Закрыта позиция CRO-USDT-SWAP LONG PnL: 0.42422636 Причина: TP Баланс: 15.2086177984435 WinRate инструмента: 100%
🔄 Баланс: 15.2086177984435$ | PnL: -3.36350163 💵 | Сделок: 72
[2025-08-28 07:50:04][TRADE] Закрыта позиция ORBS-USDT-SWAP LONG PnL: 0.07144204 Причина: TP Баланс: 15.2710421601355 WinRate инструмента: 50%
🔄 Баланс: 15.2710421601355$ | PnL: -3.29205959 💵 | Сделок: 73
[2025-08-28 07:53:32][TRADE] Закрыта позиция SOLV-USDT-SWAP LONG PnL: 0.08587027 Причина: TP Баланс: 15.3479084902265 WinRate инструмента: 100%
🔄 Баланс: 15.3479084902265$ | PnL: -3.20618932 💵 | Сделок: 74
[2025-08-28 07:57:31][TRADE] Закрыта позиция AAVE-USDT-SWAP SHORT PnL: -0.12325809 Причина: SL Баланс: 15.2230709887557 WinRate инструмента: 0%
🔄 Баланс: 15.2230709887557$ | PnL: -3.32944741 💵 | Сделок: 75
[2025-08-28 08:02:54][TRADE] Закрыта позиция JST-USDT-SWAP LONG PnL: 0.26286991 Причина: TP Баланс: 15.4769443102119 WinRate инструмента: 100%
🔄 Баланс: 15.4769443102119$ | PnL: -3.0665775 💵 | Сделок: 76
[2025-08-28 08:08:58][TRADE] Закрыта позиция DOT-USD-SWAP SHORT PnL: -0.09731598 Причина: SL Баланс: 15.3708057257119 WinRate инструмента: 0%
🔄 Баланс: 15.3708057257119$ | PnL: -3.16389348 💵 | Сделок: 77
[2025-08-28 08:09:18][TRADE] Закрыта позиция ANIME-USDT-SWAP SHORT PnL: -0.09784769 Причина: SL Баланс: 15.2639646923719 WinRate инструмента: 0%
🔄 Баланс: 15.2639646923719$ | PnL: -3.26174117 💵 | Сделок: 78
[2025-08-28 08:15:22][TRADE] Закрыта позиция TRX-USDT-SWAP SHORT PnL: -0.04920463 Причина: SL Баланс: 15.2057612983219 WinRate инструмента: 0%
🔄 Баланс: 15.2057612983219$ | PnL: -3.3109458 💵 | Сделок: 79
[2025-08-28 08:24:34][TRADE] Закрыта позиция CVC-USDT-SWAP SHORT PnL: -0.08158963 Причина: SL Баланс: 15.1151965428919 WinRate инструмента: 0%
🔄 Баланс: 15.1151965428919$ | PnL: -3.39253543 💵 | Сделок: 80
[2025-08-28 08:25:20][TRADE] Закрыта позиция RVN-USDT-SWAP LONG PnL: -0.08020754 Причина: SL Баланс: 15.0259906597919 WinRate инструмента: 33.33%
🔄 Баланс: 15.0259906597919$ | PnL: -3.47274297 💵 | Сделок: 81
[2025-08-28 08:28:44][TRADE] Закрыта позиция SAHARA-USDT-SWAP SHORT PnL: -0.0922895 Причина: SL Баланс: 14.9247036788127 WinRate инструмента: 0%
🔄 Баланс: 14.9247036788127$ | PnL: -3.56503247 💵 | Сделок: 82
[2025-08-28 08:33:14][TRADE] Закрыта позиция GMT-USDT-SWAP LONG PnL: -0.0811994 Причина: SL Баланс: 14.8345042707046 WinRate инструмента: 66.67%
🔄 Баланс: 14.8345042707046$ | PnL: -3.64623187 💵 | Сделок: 83
[2025-08-28 08:34:49][TRADE] Закрыта позиция ETHW-USDT-SWAP SHORT PnL: -0.10255581 Причина: SL Баланс: 14.7225320809046 WinRate инструмента: 0%
🔄 Баланс: 14.7225320809046$ | PnL: -3.74878768 💵 | Сделок: 84
[2025-08-28 08:37:59][TRADE] Закрыта позиция DEGEN-USDT-SWAP SHORT PnL: -0.13570657 Причина: SL Баланс: 14.5778722422626 WinRate инструмента: 0%
🔄 Баланс: 14.5778722422626$ | PnL: -3.88449425 💵 | Сделок: 85
[2025-08-28 08:38:24][TRADE] Закрыта позиция MUBARAK-USDT-SWAP SHORT PnL: -0.12292081 Причина: SL Баланс: 14.4458179069426 WinRate инструмента: 0%
🔄 Баланс: 14.4458179069426$ | PnL: -4.00741506 💵 | Сделок: 86
[2025-08-28 08:38:53][TRADE] Закрыта позиция VIRTUAL-USDT-SWAP SHORT PnL: -0.1325798 Причина: SL Баланс: 14.304267892957 WinRate инструмента: 0%
🔄 Баланс: 14.304267892957$ | PnL: -4.13999486 💵 | Сделок: 87
[2025-08-28 08:43:18][TRADE] Закрыта позиция LQTY-USDT-SWAP SHORT PnL: -0.14955627 Причина: SL Баланс: 13.978851592957 WinRate инструмента: 0%
🔄 Баланс: 13.978851592957$ | PnL: -4.28955113 💵 | Сделок: 88
[2025-08-28 08:43:37][TRADE] Закрыта позиция PEPE-USDT-SWAP SHORT PnL: -0.09436037 Причина: SL Баланс: 13.8754881638714 WinRate инструмента: 0%
🔄 Баланс: 13.8754881638714$ | PnL: -4.3839115 💵 | Сделок: 89
[2025-08-28 08:44:27][TRADE] Закрыта позиция LINK-USD-SWAP SHORT PnL: -0.13908013 Причина: SL Баланс: 13.7278834416986 WinRate инструмента: 0%
🔄 Баланс: 13.7278834416986$ | PnL: -4.52299163 💵 | Сделок: 90
[2025-08-28 08:45:10][TRADE] Закрыта позиция LINK-USDT-SWAP SHORT PnL: -0.14132896 Причина: SL Баланс: 12.3002760506986 WinRate инструмента: 0%
🔄 Баланс: 12.3002760506986$ | PnL: -4.66432059 💵 | Сделок: 91
[2025-08-28 08:45:24][TRADE] Закрыта позиция PENGU-USDT-SWAP SHORT PnL: -0.14561497 Причина: SL Баланс: 12.1456658915946 WinRate инструмента: 0%
🔄 Баланс: 12.1456658915946$ | PnL: -4.80993556 💵 | Сделок: 92
[2025-08-28 08:45:29][TRADE] Закрыта позиция POPCAT-USDT-SWAP SHORT PnL: -0.13629805 Причина: SL Баланс: 22.0093722415946 WinRate инструмента: 0%
🔄 Баланс: 22.0093722415946$ | PnL: -4.94623361 💵 | Сделок: 93
[2025-08-28 08:46:55][TRADE] Закрыта позиция LDO-USDT-SWAP SHORT PnL: -0.12650765 Причина: SL Баланс: 11.8649449234666 WinRate инструмента: 0%
🔄 Баланс: 11.8649449234666$ | PnL: -5.07274126 💵 | Сделок: 94
[2025-08-28 08:48:00][TRADE] Закрыта позиция LTC-USD-SWAP SHORT PnL: -0.09063055 Причина: SL Баланс: 11.7600304735566 WinRate инструмента: 0%
🔄 Баланс: 11.7600304735566$ | PnL: -5.16337181 💵 | Сделок: 95
[2025-08-28 08:48:08][TRADE] Закрыта позиция ADA-USDT-SWAP SHORT PnL: -0.10759216 Причина: SL Баланс: 11.6435012791666 WinRate инструмента: 0%
🔄 Баланс: 11.6435012791666$ | PnL: -5.27096397 💵 | Сделок: 96
[2025-08-28 08:48:36][TRADE] Закрыта позиция ICP-USDT-SWAP SHORT PnL: -0.08786201 Причина: SL Баланс: 11.5468037383405 WinRate инструмента: 0%
🔄 Баланс: 11.5468037383405$ | PnL: -5.35882598 💵 | Сделок: 97
[2025-08-28 08:48:41][TRADE] Закрыта позиция LTC-USDT-SWAP SHORT PnL: -0.08898163 Причина: SL Баланс: 11.4539191632891 WinRate инструмента: 0%
🔄 Баланс: 11.4539191632891$ | PnL: -5.44780761 💵 | Сделок: 98
[2025-08-28 08:49:15][TRADE] Закрыта позиция TAO-USDT-SWAP SHORT PnL: -0.12221308 Причина: SL Баланс: 11.3128929764955 WinRate инструмента: 0%
🔄 Баланс: 11.3128929764955$ | PnL: -5.57002069 💵 | Сделок: 99
[2025-08-28 08:49:41][TRADE] Закрыта позиция DOGE-USD-SWAP LONG PnL: 0.14197901 Причина: TP Баланс: 11.4458339385905 WinRate инструмента: 100%
🔄 Баланс: 11.4458339385905$ | PnL: -5.42804168 💵 | Сделок: 100
[2025-08-28 08:49:42][TRADE] Закрыта позиция ADA-USD-SWAP SHORT PnL: -0.10498367 Причина: SL Баланс: 21.3408177385905 WinRate инструмента: 0%
🔄 Баланс: 21.3408177385905$ | PnL: -5.53302535 💵 | Сделок: 101
[2025-08-28 08:49:58][TRADE] Закрыта позиция ALGO-USDT-SWAP SHORT PnL: -0.13396137 Причина: SL Баланс: 11.1897590953505 WinRate инструмента: 0%
🔄 Баланс: 11.1897590953505$ | PnL: -5.66698672 💵 | Сделок: 102
[2025-08-28 08:50:00][TRADE] Закрыта позиция ARC-USDT-SWAP SHORT PnL: -0.17158819 Причина: SL Баланс: 11.0091712975053 WinRate инструмента: 0%
🔄 Баланс: 11.0091712975053$ | PnL: -5.83857491 💵 | Сделок: 103
[2025-08-28 08:50:06][TRADE] Закрыта позиция BRETT-USDT-SWAP SHORT PnL: -0.16167553 Причина: SL Баланс: 10.8385057143773 WinRate инструмента: 0%
🔄 Баланс: 10.8385057143773$ | PnL: -6.00025044 💵 | Сделок: 104
[2025-08-28 08:50:09][TRADE] Закрыта позиция CFX-USDT-SWAP SHORT PnL: -0.09953839 Причина: SL Баланс: 20.7389751393773 WinRate инструмента: 0%
🔄 Баланс: 20.7389751393773$ | PnL: -6.09978883 💵 | Сделок: 105
[2025-08-28 08:50:15][TRADE] Закрыта позиция CVX-USDT-SWAP SHORT PnL: -0.22700821 Причина: SL Баланс: 20.5028315062093 WinRate инструмента: 50%
🔄 Баланс: 20.5028315062093$ | PnL: -6.32679704 💵 | Сделок: 106
[2025-08-28 08:50:38][TRADE] Закрыта позиция METIS-USDT-SWAP SHORT PnL: -0.10393867 Причина: SL Баланс: 10.3821894442182 WinRate инструмента: 0%
🔄 Баланс: 10.3821894442182$ | PnL: -6.43073571 💵 | Сделок: 107
[2025-08-28 08:50:46][TRADE] Закрыта позиция ONDO-USDT-SWAP SHORT PnL: -0.11213955 Причина: SL Баланс: 10.2610385914746 WinRate инструмента: 0%
🔄 Баланс: 10.2610385914746$ | PnL: -6.54287526 💵 | Сделок: 108
[2025-08-28 08:50:48][TRADE] Закрыта позиция OP-USDT-SWAP SHORT PnL: -0.12749764 Причина: SL Баланс: 20.1335109314746 WinRate инструмента: 0%
🔄 Баланс: 20.1335109314746$ | PnL: -6.6703729 💵 | Сделок: 109
[2025-08-28 08:50:52][TRADE] Закрыта позиция PRCL-USDT-SWAP SHORT PnL: -0.12218377 Причина: SL Баланс: 9.99340985012945 WinRate инструмента: 0%
🔄 Баланс: 9.99340985012945$ | PnL: -6.79255667 💵 | Сделок: 110
[2025-08-28 08:51:17][TRADE] Закрыта позиция ZK-USDT-SWAP SHORT PnL: -0.13408872 Причина: SL Баланс: 19.8593187531294 WinRate инструмента: 0%
🔄 Баланс: 19.8593187531294$ | PnL: -6.92664539 💵 | Сделок: 111
[2025-08-28 08:51:56][TRADE] Закрыта позиция CETUS-USDT-SWAP SHORT PnL: -0.13873793 Причина: SL Баланс: 19.7115236238694 WinRate инструмента: 0%
🔄 Баланс: 19.7115236238694$ | PnL: -7.06538332 💵 | Сделок: 112
[2025-08-28 08:52:12][TRADE] Закрыта позиция ENS-USDT-SWAP SHORT PnL: -0.11564352 Причина: SL Баланс: 19.5870344426918 WinRate инструмента: 0%
🔄 Баланс: 19.5870344426918$ | PnL: -7.18102684 💵 | Сделок: 113
[2025-08-28 08:53:06][TRADE] Закрыта позиция ETH-USDC-SWAP SHORT PnL: -0.11107513 Причина: SL Баланс: 19.4306780219918 WinRate инструмента: 0%
🔄 Баланс: 19.4306780219918$ | PnL: -7.29210197 💵 | Сделок: 114
[2025-08-28 08:53:17][TRADE] Закрыта позиция ETH-USD-SWAP SHORT PnL: -0.1127792 Причина: SL Баланс: 17.9675880539918 WinRate инструмента: 0%
🔄 Баланс: 17.9675880539918$ | PnL: -7.40488117 💵 | Сделок: 115
[2025-08-28 08:53:58][TRADE] Закрыта позиция HBAR-USDT-SWAP SHORT PnL: -0.11548521 Причина: SL Баланс: 17.8431123777921 WinRate инструмента: 0%
🔄 Баланс: 17.8431123777921$ | PnL: -7.52036638 💵 | Сделок: 116
[2025-08-28 08:54:12][TRADE] Закрыта позиция NEIROETH-USDT-SWAP SHORT PnL: -0.12464658 Причина: SL Баланс: 17.7094616112298 WinRate инструмента: 0%
🔄 Баланс: 17.7094616112298$ | PnL: -7.64501296 💵 | Сделок: 117
[2025-08-28 08:54:36][TRADE] Закрыта позиция TURBO-USDT-SWAP SHORT PnL: -0.13742157 Причина: SL Баланс: 17.5632608327698 WinRate инструмента: 0%
🔄 Баланс: 17.5632608327698$ | PnL: -7.78243453 💵 | Сделок: 118
[2025-08-28 08:55:58][TRADE] Закрыта позиция PYTH-USDT-SWAP LONG PnL: 0.15713465 Причина: TP Баланс: 17.7113898841298 WinRate инструмента: 100%
🔄 Баланс: 17.7113898841298$ | PnL: -7.62529988 💵 | Сделок: 119
[2025-08-28 08:56:24][TRADE] Закрыта позиция ZETA-USDT-SWAP LONG PnL: 0.14813441 Причина: TP Баланс: 17.8505219146248 WinRate инструмента: 100%
🔄 Баланс: 17.8505219146248$ | PnL: -7.47716547 💵 | Сделок: 120
[2025-08-28 08:59:42][TRADE] Закрыта позиция ZRX-USDT-SWAP LONG PnL: 0.14840766 Причина: TP Баланс: 17.9899395596113 WinRate инструмента: 100%
🔄 Баланс: 17.9899395596113$ | PnL: -7.32875781 💵 | Сделок: 121
[2025-08-28 09:00:51][TRADE] Закрыта позиция PEOPLE-USDT-SWAP LONG PnL: 0.19585499 Причина: TP Баланс: 16.8799378856113 WinRate инструмента: 50%
🔄 Баланс: 16.8799378856113$ | PnL: -7.13290282 💵 | Сделок: 122
[2025-08-28 09:02:43][TRADE] Закрыта позиция SOLV-USDT-SWAP LONG PnL: -0.0501478 Причина: SL Баланс: 16.8207951000113 WinRate инструмента: 50%
🔄 Баланс: 16.8207951000113$ | PnL: -7.18305062 💵 | Сделок: 123
[2025-08-28 09:03:01][TRADE] Закрыта позиция WAXP-USDT-SWAP LONG PnL: 0.10825993 Причина: TP Баланс: 16.9200700166913 WinRate инструмента: 100%
🔄 Баланс: 16.9200700166913$ | PnL: -7.07479069 💵 | Сделок: 124
[2025-08-28 09:03:27][TRADE] Закрыта позиция ETH-USDT-SWAP SHORT PnL: -0.11395301 Причина: SL Баланс: 16.7696595266913 WinRate инструмента: 0%
🔄 Баланс: 16.7696595266913$ | PnL: -7.1887437 💵 | Сделок: 125
[2025-08-28 09:03:29][TRADE] Закрыта позиция DOGE-USDT-SWAP LONG PnL: 0.14908508 Причина: TP Баланс: 26.9187448626913 WinRate инструмента: 100%
🔄 Баланс: 26.9187448626913$ | PnL: -7.03965862 💵 | Сделок: 126
[2025-08-28 09:03:39][TRADE] Закрыта позиция AI16Z-USDT-SWAP LONG PnL: 0.24176762 Причина: TP Баланс: 17.1425494803625 WinRate инструмента: 33.33%
🔄 Баланс: 17.1425494803625$ | PnL: -6.797891 💵 | Сделок: 127
[2025-08-28 09:03:45][TRADE] Закрыта позиция BABY-USDT-SWAP SHORT PnL: -0.11266493 Причина: SL Баланс: 17.0208784410345 WinRate инструмента: 0%
🔄 Баланс: 17.0208784410345$ | PnL: -6.91055593 💵 | Сделок: 128
[2025-08-28 09:03:57][TRADE] Закрыта позиция EIGEN-USDT-SWAP SHORT PnL: -0.14048753 Причина: SL Баланс: 16.8713800000345 WinRate инструмента: 0%
🔄 Баланс: 16.8713800000345$ | PnL: -7.05104346 💵 | Сделок: 129
[2025-08-28 09:04:34][TRADE] Закрыта позиция STORJ-USDT-SWAP LONG PnL: 0.12548081 Причина: TP Баланс: 16.9887828317345 WinRate инструмента: 100%
🔄 Баланс: 16.9887828317345$ | PnL: -6.92556265 💵 | Сделок: 130
[2025-08-28 09:07:49][TRADE] Закрыта позиция RESOLV-USDT-SWAP SHORT PnL: -0.13935721 Причина: SL Баланс: 16.8445126137345 WinRate инструмента: 0%
🔄 Баланс: 16.8445126137345$ | PnL: -7.06491986 💵 | Сделок: 131
[2025-08-28 09:08:51][TRADE] Закрыта позиция BAND-USDT-SWAP LONG PnL: -0.13327003 Причина: SL Баланс: 16.7022325841445 WinRate инструмента: 0%
🔄 Баланс: 16.7022325841445$ | PnL: -7.19818989 💵 | Сделок: 132
[2025-08-28 09:10:46][TRADE] Закрыта позиция GPS-USDT-SWAP LONG PnL: 0.2468965 Причина: TP Баланс: 16.9401276917198 WinRate инструмента: 100%
🔄 Баланс: 16.9401276917198$ | PnL: -6.95129339 💵 | Сделок: 133
[2025-08-28 09:12:45][TRADE] Закрыта позиция PLUME-USDT-SWAP SHORT PnL: -0.17228387 Причина: SL Баланс: 16.7588743868328 WinRate инструмента: 0%
🔄 Баланс: 16.7588743868328$ | PnL: -7.12357726 💵 | Сделок: 134
[2025-08-28 09:17:11][TRADE] Закрыта позиция DOT-USDT-SWAP LONG PnL: 0.12933051 Причина: TP Баланс: 16.879337412779 WinRate инструмента: 100%
🔄 Баланс: 16.879337412779$ | PnL: -6.99424675 💵 | Сделок: 135
[2025-08-28 09:28:00][TRADE] Закрыта позиция UXLINK-USDT-SWAP LONG PnL: -0.06313452 Причина: SL Баланс: 16.807227316108 WinRate инструмента: 33.33%
🔄 Баланс: 16.807227316108$ | PnL: -7.05738127 💵 | Сделок: 136
[2025-08-28 09:33:01][TRADE] Закрыта позиция YFI-USDT-SWAP LONG PnL: -0.06663042 Причина: SL Баланс: 16.728799338304 WinRate инструмента: 0%
🔄 Баланс: 16.728799338304$ | PnL: -7.12401169 💵 | Сделок: 137
[2025-08-28 09:34:19][TRADE] Закрыта позиция ORBS-USDT-SWAP LONG PnL: -0.06010239 Причина: SL Баланс: 16.65969081094 WinRate инструмента: 33.33%
🔄 Баланс: 16.65969081094$ | PnL: -7.18411408 💵 | Сделок: 138
[2025-08-28 09:38:43][TRADE] Закрыта позиция ACH-USDT-SWAP LONG PnL: -0.08308828 Причина: SL Баланс: 16.567601422868 WinRate инструмента: 0%
🔄 Баланс: 16.567601422868$ | PnL: -7.26720236 💵 | Сделок: 139
[2025-08-28 09:43:50][TRADE] Закрыта позиция TAO-USDT-SWAP LONG PnL: -0.08947808 Причина: SL Баланс: 16.46504262222 WinRate инструмента: 0%
🔄 Баланс: 16.46504262222$ | PnL: -7.35668044 💵 | Сделок: 140
[2025-08-28 09:44:07][TRADE] Закрыта позиция ZRO-USDT-SWAP LONG PnL: -0.08818263 Причина: SL Баланс: 16.367909401438 WinRate инструмента: 0%
🔄 Баланс: 16.367909401438$ | PnL: -7.44486307 💵 | Сделок: 141
[2025-08-28 09:45:07][TRADE] Закрыта позиция BIGTIME-USDT-SWAP LONG PnL: -0.07584417 Причина: SL Баланс: 16.283084750566 WinRate инструмента: 0%
🔄 Баланс: 16.283084750566$ | PnL: -7.52070724 💵 | Сделок: 142
[2025-08-28 09:45:26][TRADE] Закрыта позиция DOOD-USDT-SWAP LONG PnL: -0.10938652 Причина: SL Баланс: 16.1646980603217 WinRate инструмента: 0%
🔄 Баланс: 16.1646980603217$ | PnL: -7.63009376 💵 | Сделок: 143
[2025-08-28 09:45:31][TRADE] Закрыта позиция ENS-USDT-SWAP LONG PnL: -0.09680584 Причина: SL Баланс: 26.0669792203217 WinRate инструмента: 0%
🔄 Баланс: 26.0669792203217$ | PnL: -7.7268996 💵 | Сделок: 144
[2025-08-28 09:45:51][TRADE] Закрыта позиция LAUNCHCOIN-USDT-SWAP SHORT PnL: -0.48918142 Причина: SL Баланс: 15.5599476322867 WinRate инструмента: 0%
🔄 Баланс: 15.5599476322867$ | PnL: -8.21608102 💵 | Сделок: 145
[2025-08-28 09:47:10][TRADE] Закрыта позиция ALGO-USDT-SWAP LONG PnL: -0.09170828 Причина: SL Баланс: 15.4592341422787 WinRate инструмента: 0%
🔄 Баланс: 15.4592341422787$ | PnL: -8.3077893 💵 | Сделок: 146
[2025-08-28 09:48:35][TRADE] Закрыта позиция SHIB-USDT-SWAP LONG PnL: -0.07130081 Причина: SL Баланс: 15.3784136645891 WinRate инструмента: 0%
🔄 Баланс: 15.3784136645891$ | PnL: -8.37909011000001 💵 | Сделок: 147
[2025-08-28 09:49:19][TRADE] Закрыта позиция DOGE-USD-SWAP LONG PnL: -0.08146537 Причина: SL Баланс: 15.2879499678951 WinRate инструмента: 50%
🔄 Баланс: 15.2879499678951$ | PnL: -8.46055548000001 💵 | Сделок: 148
[2025-08-28 09:57:12][TRADE] Закрыта позиция SIGN-USDT-SWAP LONG PnL: 0.11444671 Причина: TP Баланс: 15.3933967329663 WinRate инструмента: 100%
🔄 Баланс: 15.3933967329663$ | PnL: -8.34610877000001 💵 | Сделок: 149
[2025-08-28 10:08:58][TRADE] Закрыта позиция SAND-USDT-SWAP LONG PnL: -0.07852109 Причина: SL Баланс: 15.3645278329663 WinRate инструмента: 0%
🔄 Баланс: 15.3645278329663$ | PnL: -8.42462986000001 💵 | Сделок: 150
[2025-08-28 10:10:17][TRADE] Закрыта позиция HMSTR-USDT-SWAP LONG PnL: -0.08497095 Причина: SL Баланс: 15.2705578447889 WinRate инструмента: 50%
🔄 Баланс: 15.2705578447889$ | PnL: -8.50960081000001 💵 | Сделок: 151
