[2025-08-28 03:01:33][TRADE] Закрыта позиция DGB-USDT-SWAP LONG PnL: 0.25858113 Причина: TP Баланс: 930.150716743099 WinRate инструмента: 100%
🔄 Баланс: 930.150716743099$ | PnL: 0.25858113 💵 | Сделок: 1
[2025-08-28 03:09:26][TRADE] Закрыта позиция CATI-USDT-SWAP LONG PnL: -0.15976015 Причина: SL Баланс: 899.954953324534 WinRate инструмента: 0%
🔄 Баланс: 899.954953324534$ | PnL: 0.09882098 💵 | Сделок: 2
[2025-08-28 03:16:12][TRADE] Закрыта позиция CATI-USDT-SWAP LONG PnL: -0.16184045 Причина: SL Баланс: 899.784112876408 WinRate инструмента: 0%
🔄 Баланс: 899.784112876408$ | PnL: -0.06301947 💵 | Сделок: 3
[2025-08-28 03:19:27][TRADE] Закрыта позиция BICO-USDT-SWAP LONG PnL: -0.16840802 Причина: SL Баланс: 909.615708782408 WinRate инструмента: 0%
🔄 Баланс: 909.615708782408$ | PnL: -0.23142749 💵 | Сделок: 4
[2025-08-28 03:28:13][TRADE] Закрыта позиция UMA-USDT-SWAP LONG PnL: 0.3067341 Причина: TP Баланс: 899.904372350534 WinRate инструмента: 100%
🔄 Баланс: 899.904372350534$ | PnL: 0.07530661 💵 | Сделок: 5
[2025-08-28 03:32:51][TRADE] Закрыта позиция BICO-USDT-SWAP LONG PnL: -0.16840802 Причина: SL Баланс: 899.726933225034 WinRate инструмента: 0%
🔄 Баланс: 899.726933225034$ | PnL: -0.09310141 💵 | Сделок: 6
[2025-08-28 03:43:39][TRADE] Закрыта позиция CATI-USDT-SWAP LONG PnL: -0.16334974 Причина: SL Баланс: 909.563586085034 WinRate инструмента: 0%
🔄 Баланс: 909.563586085034$ | PnL: -0.25645115 💵 | Сделок: 7
[2025-08-28 03:48:46][TRADE] Закрыта позиция UMA-USDT-SWAP LONG PnL: -0.15210696 Причина: SL Баланс: 899.393511979105 WinRate инструмента: 50%
🔄 Баланс: 899.393511979105$ | PnL: -0.40855811 💵 | Сделок: 8
[2025-08-28 03:58:28][TRADE] Закрыта позиция UMA-USDT-SWAP LONG PnL: -0.15173153 Причина: SL Баланс: 899.232780479885 WinRate инструмента: 33.33%
🔄 Баланс: 899.232780479885$ | PnL: -0.56028964 💵 | Сделок: 9
[2025-08-28 04:06:24][TRADE] Закрыта позиция CATI-USDT-SWAP LONG PnL: -0.17151297 Причина: SL Баланс: 899.052341598685 WinRate инструмента: 0%
🔄 Баланс: 899.052341598685$ | PnL: -0.73180261 💵 | Сделок: 10
[2025-08-28 04:08:19][TRADE] Закрыта позиция UMA-USDT-SWAP LONG PnL: 0.28592543 Причина: TP Баланс: 909.338195028685 WinRate инструмента: 50%
🔄 Баланс: 909.338195028685$ | PnL: -0.44587718 💵 | Сделок: 11
[2025-08-28 04:16:56][TRADE] Закрыта позиция LRC-USDT-SWAP LONG PnL: 0.29404126 Причина: TP Баланс: 889.604940664564 WinRate инструмента: 100%
🔄 Баланс: 889.604940664564$ | PnL: -0.15183592 💵 | Сделок: 12
[2025-08-28 04:17:58][TRADE] Закрыта позиция UMA-USDT-SWAP LONG PnL: -0.14718977 Причина: SL Баланс: 899.457705294564 WinRate инструмента: 40%
🔄 Баланс: 899.457705294564$ | PnL: -0.29902569 💵 | Сделок: 13
[2025-08-28 04:20:09][TRADE] Закрыта позиция LPT-USDT-SWAP LONG PnL: 0.26263643 Причина: TP Баланс: 909.720685724564 WinRate инструмента: 100%
🔄 Баланс: 909.720685724564$ | PnL: -0.0363892599999999 💵 | Сделок: 14
[2025-08-28 04:20:28][TRADE] Закрыта позиция OL-USDT-SWAP LONG PnL: -0.19007772 Причина: SL Баланс: 899.512527330828 WinRate инструмента: 0%
🔄 Баланс: 899.512527330828$ | PnL: -0.22646698 💵 | Сделок: 15
[2025-08-28 04:22:35][TRADE] Закрыта позиция CATI-USDT-SWAP LONG PnL: -0.18642731 Причина: SL Баланс: 899.317175280938 WinRate инструмента: 0%
🔄 Баланс: 899.317175280938$ | PnL: -0.41289429 💵 | Сделок: 16
[2025-08-28 04:24:13][TRADE] Закрыта позиция RESOLV-USDT-SWAP LONG PnL: -0.18202042 Причина: SL Баланс: 899.126133421589 WinRate инструмента: 0%
🔄 Баланс: 899.126133421589$ | PnL: -0.59491471 💵 | Сделок: 17
[2025-08-28 04:27:07][TRADE] Закрыта позиция LRC-USDT-SWAP LONG PnL: -0.17682448 Причина: SL Баланс: 898.940317281196 WinRate инструмента: 50%
🔄 Баланс: 898.940317281196$ | PnL: -0.77173919 💵 | Сделок: 18
[2025-08-28 04:28:13][TRADE] Закрыта позиция UMA-USDT-SWAP LONG PnL: -0.15258939 Причина: SL Баланс: 908.787649991196 WinRate инструмента: 33.33%
🔄 Баланс: 908.787649991196$ | PnL: -0.92432858 💵 | Сделок: 19
[2025-08-28 04:34:07][TRADE] Закрыта позиция LPT-USDT-SWAP LONG PnL: -0.1430828 Причина: SL Баланс: 908.635626024766 WinRate инструмента: 50%
🔄 Баланс: 908.635626024766$ | PnL: -1.06741138 💵 | Сделок: 20
[2025-08-28 04:39:30][TRADE] Закрыта позиция UMA-USDT-SWAP LONG PnL: 0.30151451 Причина: TP Баланс: 918.937103234766 WinRate инструмента: 42.86%
🔄 Баланс: 918.937103234766$ | PnL: -0.76589687 💵 | Сделок: 21
[2025-08-28 04:56:20][TRADE] Закрыта позиция LPT-USDT-SWAP LONG PnL: 0.28355036 Причина: TP Баланс: 879.175675582279 WinRate инструмента: 66.67%
🔄 Баланс: 879.175675582279$ | PnL: -0.48234651 💵 | Сделок: 22
[2025-08-28 04:59:05][TRADE] Закрыта позиция DGB-USDT-SWAP LONG PnL: -0.14947405 Причина: SL Баланс: 889.026201531279 WinRate инструмента: 50%
🔄 Баланс: 889.026201531279$ | PnL: -0.63182056 💵 | Сделок: 23
[2025-08-28 05:02:55][TRADE] Закрыта позиция GMT-USDT-SWAP LONG PnL: 0.29702269 Причина: TP Баланс: 879.305287050867 WinRate инструмента: 100%
🔄 Баланс: 879.305287050867$ | PnL: -0.33479787 💵 | Сделок: 24
[2025-08-28 05:06:03][TRADE] Закрыта позиция CATI-USDT-SWAP LONG PnL: 0.35175195 Причина: TP Баланс: 889.657034992867 WinRate инструмента: 16.67%
🔄 Баланс: 889.657034992867$ | PnL: 0.0169540800000002 💵 | Сделок: 25
[2025-08-28 05:07:00][TRADE] Закрыта позиция LPT-USDT-SWAP LONG PnL: -0.15165015 Причина: SL Баланс: 889.496323955406 WinRate инструмента: 50%
🔄 Баланс: 889.496323955406$ | PnL: -0.13469607 💵 | Сделок: 26
[2025-08-28 05:18:32][TRADE] Закрыта позиция UMA-USDT-SWAP LONG PnL: 0.30455522 Причина: TP Баланс: 859.76521280026 WinRate инструмента: 50%
🔄 Баланс: 859.76521280026$ | PnL: 0.16985915 💵 | Сделок: 27
[2025-08-28 05:23:54][TRADE] Закрыта позиция GMT-USDT-SWAP LONG PnL: 0.33014703 Причина: TP Баланс: 850.077372147874 WinRate инструмента: 100%
🔄 Баланс: 850.077372147874$ | PnL: 0.50000618 💵 | Сделок: 28
[2025-08-28 05:25:25][TRADE] Закрыта позиция UMA-USDT-SWAP LONG PnL: -0.17099189 Причина: SL Баланс: 859.906370257874 WinRate инструмента: 44.44%
🔄 Баланс: 859.906370257874$ | PnL: 0.32901429 💵 | Сделок: 29
[2025-08-28 05:31:06][TRADE] Закрыта позиция LPT-USDT-SWAP LONG PnL: 0.29002423 Причина: TP Баланс: 840.169057189309 WinRate инструмента: 60%
🔄 Баланс: 840.169057189309$ | PnL: 0.61903852 💵 | Сделок: 30
[2025-08-28 05:48:47][TRADE] Закрыта позиция LPT-USDT-SWAP LONG PnL: 0.28705042 Причина: TP Баланс: 790.401233445816 WinRate инструмента: 66.67%
🔄 Баланс: 790.401233445816$ | PnL: 0.90608894 💵 | Сделок: 31
[2025-08-28 05:57:05][TRADE] Закрыта позиция SHELL-USDT-SWAP SHORT PnL: -0.24720047 Причина: SL Баланс: 760.118014495479 WinRate инструмента: 0%
🔄 Баланс: 760.118014495479$ | PnL: 0.65888847 💵 | Сделок: 32
[2025-08-28 05:59:51][TRADE] Закрыта позиция LPT-USDT-SWAP LONG PnL: 0.28272442 Причина: TP Баланс: 770.400779315479 WinRate инструмента: 71.43%
🔄 Баланс: 770.400779315479$ | PnL: 0.94161289 💵 | Сделок: 33
[2025-08-28 06:13:42][TRADE] Закрыта позиция LPT-USDT-SWAP LONG PnL: 0.27698756 Причина: TP Баланс: 750.650775721491 WinRate инструмента: 75%
🔄 Баланс: 750.650775721491$ | PnL: 1.21860045 💵 | Сделок: 34
[2025-08-28 06:20:48][TRADE] Закрыта позиция RAY-USDT-SWAP LONG PnL: 0.42444151 Причина: TP Баланс: 721.03888387071 WinRate инструмента: 100%
🔄 Баланс: 721.03888387071$ | PnL: 1.64304196 💵 | Сделок: 35
[2025-08-28 06:23:28][TRADE] Закрыта позиция LPT-USDT-SWAP LONG PnL: 0.26553721 Причина: TP Баланс: 701.277555114186 WinRate инструмента: 77.78%
🔄 Баланс: 701.277555114186$ | PnL: 1.90857917 💵 | Сделок: 36
[2025-08-28 06:32:07][TRADE] Закрыта позиция BICO-USDT-SWAP LONG PnL: -0.17339424 Причина: SL Баланс: 621.02300978525 WinRate инструмента: 0%
🔄 Баланс: 621.02300978525$ | PnL: 1.73518493 💵 | Сделок: 37
[2025-08-28 06:33:06][TRADE] Закрыта позиция LPT-USDT-SWAP LONG PnL: -0.13924456 Причина: SL Баланс: 630.88402772525 WinRate инструмента: 70%
🔄 Баланс: 630.88402772525$ | PnL: 1.59594037 💵 | Сделок: 38
[2025-08-28 06:37:26][TRADE] Закрыта позиция UMA-USDT-SWAP LONG PnL: 0.31967887 Причина: TP Баланс: 621.185950445379 WinRate инструмента: 50%
🔄 Баланс: 621.185950445379$ | PnL: 1.91561924 💵 | Сделок: 39
[2025-08-28 06:38:54][TRADE] Закрыта позиция CATI-USDT-SWAP LONG PnL: 0.37233737 Причина: TP Баланс: 631.55828239138 WinRate инструмента: 28.57%
🔄 Баланс: 631.55828239138$ | PnL: 2.28795661 💵 | Сделок: 40
[2025-08-28 06:46:11][TRADE] Закрыта позиция LPT-USDT-SWAP LONG PnL: -0.15293495 Причина: SL Баланс: 621.387049114268 WinRate инструмента: 63.64%
🔄 Баланс: 621.387049114268$ | PnL: 2.13502166 💵 | Сделок: 41
[2025-08-28 06:46:36][TRADE] Закрыта позиция PARTI-USDT-SWAP LONG PnL: -0.2033343 Причина: SL Баланс: 631.183723314268 WinRate инструмента: 0%
🔄 Баланс: 631.183723314268$ | PnL: 1.93168736 💵 | Сделок: 42
[2025-08-28 06:47:12][TRADE] Закрыта позиция UMA-USDT-SWAP LONG PnL: -0.15564781 Причина: SL Баланс: 641.028108404268 WinRate инструмента: 45.45%
🔄 Баланс: 641.028108404268$ | PnL: 1.77603955 💵 | Сделок: 43
[2025-08-28 06:56:04][TRADE] Закрыта позиция LPT-USDT-SWAP LONG PnL: -0.15345589 Причина: SL Баланс: 620.847692144547 WinRate инструмента: 58.33%
🔄 Баланс: 620.847692144547$ | PnL: 1.62258366 💵 | Сделок: 44
[2025-08-28 06:56:43][TRADE] Закрыта позиция RAY-USDT-SWAP LONG PnL: -0.21105231 Причина: SL Баланс: 630.636493814547 WinRate инструмента: 50%
🔄 Баланс: 630.636493814547$ | PnL: 1.41153135 💵 | Сделок: 45
[2025-08-28 06:59:17][TRADE] Закрыта позиция GMT-USDT-SWAP LONG PnL: 0.32639706 Причина: TP Баланс: 640.962892271547 WinRate инструмента: 100%
🔄 Баланс: 640.962892271547$ | PnL: 1.73792841 💵 | Сделок: 46
[2025-08-28 07:05:08][TRADE] Закрыта позиция BICO-USDT-SWAP LONG PnL: -0.17761828 Причина: SL Баланс: 610.749330049863 WinRate инструмента: 0%
🔄 Баланс: 610.749330049863$ | PnL: 1.56031013 💵 | Сделок: 47
[2025-08-28 07:09:24][TRADE] Закрыта позиция LPT-USDT-SWAP LONG PnL: 0.28318618 Причина: TP Баланс: 621.032558229863 WinRate инструмента: 61.54%
🔄 Баланс: 621.032558229863$ | PnL: 1.84349631 💵 | Сделок: 48
[2025-08-28 07:16:49][TRADE] Закрыта позиция MKR-USDT-SWAP LONG PnL: -0.13769626 Причина: SL Баланс: 610.912461711873 WinRate инструмента: 0%
🔄 Баланс: 610.912461711873$ | PnL: 1.70580005 💵 | Сделок: 49
[2025-08-28 07:19:54][TRADE] Закрыта позиция LPT-USDT-SWAP LONG PnL: -0.15510377 Причина: SL Баланс: 620.757660441873 WinRate инструмента: 57.14%
🔄 Баланс: 620.757660441873$ | PnL: 1.55069628 💵 | Сделок: 50
[2025-08-28 07:24:11][TRADE] Закрыта позиция USELESS-USDT-SWAP SHORT PnL: 1.05590852 Причина: TP Баланс: 621.804447972253 WinRate инструмента: 100%
🔄 Баланс: 621.804447972253$ | PnL: 2.6066048 💵 | Сделок: 51
[2025-08-28 07:28:41][TRADE] Закрыта позиция CATI-USDT-SWAP LONG PnL: -0.18560867 Причина: SL Баланс: 631.618834304253 WinRate инструмента: 25%
🔄 Баланс: 631.618834304253$ | PnL: 2.42099613 💵 | Сделок: 52
[2025-08-28 07:38:43][TRADE] Закрыта позиция GMT-USDT-SWAP LONG PnL: 0.33754137 Причина: TP Баланс: 621.938379901227 WinRate инструмента: 100%
🔄 Баланс: 621.938379901227$ | PnL: 2.7585375 💵 | Сделок: 53
[2025-08-28 07:46:45][TRADE] Закрыта позиция UMA-USDT-SWAP LONG PnL: -0.15811137 Причина: SL Баланс: 611.762240439507 WinRate инструмента: 41.67%
🔄 Баланс: 611.762240439507$ | PnL: 2.60042613 💵 | Сделок: 54
[2025-08-28 07:48:57][TRADE] Закрыта позиция LPT-USDT-SWAP LONG PnL: 0.28750367 Причина: TP Баланс: 622.049865909507 WinRate инструмента: 60%
🔄 Баланс: 622.049865909507$ | PnL: 2.8879298 💵 | Сделок: 55
[2025-08-28 08:01:51][TRADE] Закрыта позиция LPT-USDT-SWAP LONG PnL: -0.16186297 Причина: SL Баланс: 561.824996465207 WinRate инструмента: 56.25%
🔄 Баланс: 561.824996465207$ | PnL: 2.72606683 💵 | Сделок: 56
[2025-08-28 08:04:44][TRADE] Закрыта позиция GMT-USDT-SWAP LONG PnL: 0.3377477 Причина: TP Баланс: 522.118140586304 WinRate инструмента: 100%
🔄 Баланс: 522.118140586304$ | PnL: 3.06381453 💵 | Сделок: 57
[2025-08-28 08:08:15][TRADE] Закрыта позиция JTO-USDT-SWAP LONG PnL: 0.29845682 Причина: TP Баланс: 482.37198902834 WinRate инструмента: 100%
🔄 Баланс: 482.37198902834$ | PnL: 3.36227135 💵 | Сделок: 58
[2025-08-28 08:17:21][TRADE] Закрыта позиция CATI-USDT-SWAP LONG PnL: -0.18714282 Причина: SL Баланс: 382.107253335479 WinRate инструмента: 22.22%
🔄 Баланс: 382.107253335479$ | PnL: 3.17512853 💵 | Сделок: 59
[2025-08-28 08:17:47][TRADE] Закрыта позиция GMT-USDT-SWAP LONG PnL: -0.18102819 Причина: SL Баланс: 391.926226585479 WinRate инструмента: 83.33%
🔄 Баланс: 391.926226585479$ | PnL: 2.99410034 💵 | Сделок: 60
[2025-08-28 08:28:37][TRADE] Закрыта позиция LPT-USDT-SWAP LONG PnL: 0.31861048 Причина: TP Баланс: 382.227066296333 WinRate инструмента: 58.82%
🔄 Баланс: 382.227066296333$ | PnL: 3.31271082 💵 | Сделок: 61
[2025-08-28 08:48:56][TRADE] Закрыта позиция LPT-USDT-SWAP LONG PnL: -0.17188963 Причина: SL Баланс: 18.103828107415 WinRate инструмента: 55.56%
🔄 Баланс: 18.103828107415$ | PnL: 3.14082119 💵 | Сделок: 62
[2025-08-28 08:49:18][TRADE] Закрыта позиция SHELL-USDT-SWAP LONG PnL: 0.52534408 Причина: TP Баланс: 18.619917073415 WinRate инструмента: 50%
🔄 Баланс: 18.619917073415$ | PnL: 3.66616527 💵 | Сделок: 63
[2025-08-28 09:02:25][TRADE] Закрыта позиция RAY-USDT-SWAP LONG PnL: 0.4076042 Причина: TP Баланс: 19.0184222333325 WinRate инструмента: 66.67%
🔄 Баланс: 19.0184222333325$ | PnL: 4.07376947 💵 | Сделок: 64
[2025-08-28 09:16:47][TRADE] Закрыта позиция GMT-USDT-SWAP LONG PnL: -0.18405025 Причина: SL Баланс: 18.8254670525725 WinRate инструмента: 71.43%
🔄 Баланс: 18.8254670525725$ | PnL: 3.88971922 💵 | Сделок: 65
[2025-08-28 09:42:18][TRADE] Закрыта позиция UMA-USDT-SWAP LONG PnL: 0.30497992 Причина: TP Баланс: 19.1210770629725 WinRate инструмента: 46.15%
🔄 Баланс: 19.1210770629725$ | PnL: 4.19469914 💵 | Сделок: 66
[2025-08-28 10:22:16][TRADE] Закрыта позиция BIO-USDT-SWAP SHORT PnL: -0.8647319 Причина: SL Баланс: 18.2473369794195 WinRate инструмента: 0%
🔄 Баланс: 18.2473369794195$ | PnL: 3.32996724 💵 | Сделок: 67
[2025-08-28 10:32:53][TRADE] Закрыта позиция MAJOR-USDT-SWAP LONG PnL: -0.19263193 Причина: SL Баланс: 18.0430047194195 WinRate инструмента: 0%
🔄 Баланс: 18.0430047194195$ | PnL: 3.13733531 💵 | Сделок: 68
[2025-08-28 11:22:56][TRADE] Закрыта позиция SYRUP-USDT-SWAP LONG PnL: -0.19918555 Причина: SL Баланс: 17.8348242095477 WinRate инструмента: 0%
🔄 Баланс: 17.8348242095477$ | PnL: 2.93814976 💵 | Сделок: 69
[2025-08-28 11:44:59][TRADE] Закрыта позиция PI-USDT-SWAP LONG PnL: 0.25240873 Причина: TP Баланс: 18.0782337770727 WinRate инструмента: 100%
🔄 Баланс: 18.0782337770727$ | PnL: 3.19055849 💵 | Сделок: 70
[2025-08-28 11:47:51][TRADE] Закрыта позиция TREE-USDT-SWAP LONG PnL: -0.2404471 Причина: SL Баланс: 17.8287593200007 WinRate инструмента: 0%
🔄 Баланс: 17.8287593200007$ | PnL: 2.95011139 💵 | Сделок: 71
[2025-08-28 12:08:05][TRADE] Закрыта позиция SOL-USD-SWAP LONG PnL: 0.36519626 Причина: TP Баланс: 18.1790386527637 WinRate инструмента: 100%
🔄 Баланс: 18.1790386527637$ | PnL: 3.31530765 💵 | Сделок: 72
[2025-08-28 12:08:17][TRADE] Закрыта позиция SOL-USDT-SWAP LONG PnL: 0.36580455 Причина: TP Баланс: 28.5389232027637 WinRate инструмента: 100%
🔄 Баланс: 28.5389232027637$ | PnL: 3.6811122 💵 | Сделок: 73
[2025-08-28 13:20:05][TRADE] Закрыта позиция AAVE-USDT-SWAP LONG PnL: -0.17542479 Причина: SL Баланс: 28.3450330593937 WinRate инструмента: 0%
🔄 Баланс: 28.3450330593937$ | PnL: 3.50568741 💵 | Сделок: 74
[2025-08-28 17:43:10][TRADE] Закрыта позиция FXS-USDT-SWAP LONG PnL: -0.16279269 Причина: SL Баланс: 18.1631718174737 WinRate инструмента: 0%
🔄 Баланс: 18.1631718174737$ | PnL: 3.34289472 💵 | Сделок: 75
[2025-08-28 17:52:11][TRADE] Закрыта позиция LRC-USDT-SWAP LONG PnL: -0.19225641 Причина: SL Баланс: 17.9619210334497 WinRate инструмента: 33.33%
🔄 Баланс: 17.9619210334497$ | PnL: 3.15063831 💵 | Сделок: 76
[2025-08-28 18:00:43][TRADE] Закрыта позиция W-USDT-SWAP LONG PnL: 0.46629252 Причина: TP Баланс: 18.4192104020917 WinRate инструмента: 100%
🔄 Баланс: 18.4192104020917$ | PnL: 3.61693083 💵 | Сделок: 77
[2025-08-28 18:00:50][TRADE] Закрыта позиция YFI-USDT-SWAP LONG PnL: -0.1658485 Причина: SL Баланс: 28.1893619020917 WinRate инструмента: 0%
🔄 Баланс: 28.1893619020917$ | PnL: 3.45108233 💵 | Сделок: 78
[2025-08-28 18:06:13][TRADE] Закрыта позиция JUP-USDT-SWAP LONG PnL: 0.37289049 Причина: TP Баланс: 38.5622676120917 WinRate инструмента: 100%
🔄 Баланс: 38.5622676120917$ | PnL: 3.82397282 💵 | Сделок: 79
[2025-08-28 18:06:29][TRADE] Закрыта позиция MEW-USDT-SWAP LONG PnL: 0.45887372 Причина: TP Баланс: 49.0211414118917 WinRate инструмента: 100%
🔄 Баланс: 49.0211414118917$ | PnL: 4.28284654 💵 | Сделок: 80
[2025-08-28 18:07:02][TRADE] Закрыта позиция SCR-USDT-SWAP LONG PnL: 0.40058731 Причина: TP Баланс: 59.4217432418917 WinRate инструмента: 100%
🔄 Баланс: 59.4217432418917$ | PnL: 4.68343385 💵 | Сделок: 81
[2025-08-28 18:07:07][TRADE] Закрыта позиция SONIC-USDT-SWAP LONG PnL: 0.35977333 Причина: TP Баланс: 69.7815075468917 WinRate инструмента: 100%
🔄 Баланс: 69.7815075468917$ | PnL: 5.04320718 💵 | Сделок: 82
[2025-08-28 18:09:09][TRADE] Закрыта позиция FLOW-USDT-SWAP LONG PnL: 0.34563711 Причина: TP Баланс: 80.1271256568917 WinRate инструмента: 100%
🔄 Баланс: 80.1271256568917$ | PnL: 5.38884429 💵 | Сделок: 83
[2025-08-28 18:09:27][TRADE] Закрыта позиция INJ-USDT-SWAP LONG PnL: 0.39706741 Причина: TP Баланс: 90.5235548668917 WinRate инструмента: 100%
🔄 Баланс: 90.5235548668917$ | PnL: 5.7859117 💵 | Сделок: 84
[2025-08-28 18:09:30][TRADE] Закрыта позиция JOE-USDT-SWAP LONG PnL: 0.30434462 Причина: TP Баланс: 100.827902676892 WinRate инструмента: 100%
🔄 Баланс: 100.827902676892$ | PnL: 6.09025632 💵 | Сделок: 85
[2025-08-28 18:21:41][TRADE] Закрыта позиция ZETA-USDT-SWAP LONG PnL: 0.4104601 Причина: TP Баланс: 111.238368946892 WinRate инструмента: 100%
🔄 Баланс: 111.238368946892$ | PnL: 6.50071642 💵 | Сделок: 86
[2025-08-28 18:24:35][TRADE] Закрыта позиция MINA-USDT-SWAP LONG PnL: 0.37559973 Причина: TP Баланс: 121.613972436892 WinRate инструмента: 100%
🔄 Баланс: 121.613972436892$ | PnL: 6.87631615 💵 | Сделок: 87
[2025-08-28 18:33:06][TRADE] Закрыта позиция AGLD-USDT-SWAP LONG PnL: 0.32959587 Причина: TP Баланс: 102.148199017991 WinRate инструмента: 100%
🔄 Баланс: 102.148199017991$ | PnL: 7.20591202 💵 | Сделок: 88
[2025-08-28 19:02:16][TRADE] Закрыта позиция TRB-USDT-SWAP LONG PnL: 0.40608462 Причина: TP Баланс: 112.555222637991 WinRate инструмента: 100%
🔄 Баланс: 112.555222637991$ | PnL: 7.61199664 💵 | Сделок: 89
[2025-08-28 19:03:16][TRADE] Закрыта позиция AIXBT-USDT-SWAP LONG PnL: 0.50368272 Причина: TP Баланс: 123.058908669991 WinRate инструмента: 100%
🔄 Баланс: 123.058908669991$ | PnL: 8.11567936 💵 | Сделок: 90
[2025-08-28 19:03:34][TRADE] Закрыта позиция BLUR-USDT-SWAP LONG PnL: 0.37306646 Причина: TP Баланс: 133.431972203991 WinRate инструмента: 100%
🔄 Баланс: 133.431972203991$ | PnL: 8.48874582 💵 | Сделок: 91
[2025-08-28 19:04:34][TRADE] Закрыта позиция ME-USDT-SWAP LONG PnL: 0.3105384 Причина: TP Баланс: 143.742492683991 WinRate инструмента: 100%
🔄 Баланс: 143.742492683991$ | PnL: 8.79928422 💵 | Сделок: 92
[2025-08-28 19:18:42][TRADE] Закрыта позиция YFI-USDT-SWAP SHORT PnL: -0.11156803 Причина: SL Баланс: 153.399524653991 WinRate инструмента: 0%
🔄 Баланс: 153.399524653991$ | PnL: 8.68771619 💵 | Сделок: 93
[2025-08-28 19:34:44][TRADE] Закрыта позиция TRX-USDT-SWAP LONG PnL: -0.09921102 Причина: SL Баланс: 153.291311583456 WinRate инструмента: 0%
🔄 Баланс: 153.291311583456$ | PnL: 8.58850517 💵 | Сделок: 94
[2025-08-28 19:50:10][TRADE] Закрыта позиция ETHFI-USDT-SWAP LONG PnL: -0.18031847 Причина: SL Баланс: 153.102003040026 WinRate инструмента: 0%
🔄 Баланс: 153.102003040026$ | PnL: 8.4081867 💵 | Сделок: 95
[2025-08-28 19:51:57][TRADE] Закрыта позиция UNI-USDT-SWAP LONG PnL: -0.20357014 Причина: SL Баланс: 162.898264800026 WinRate инструмента: 0%
🔄 Баланс: 162.898264800026$ | PnL: 8.20461656 💵 | Сделок: 96
[2025-08-28 19:52:37][TRADE] Закрыта позиция UNI-USD-SWAP LONG PnL: -0.19890517 Причина: SL Баланс: 162.919954670026 WinRate инструмента: 0%
🔄 Баланс: 162.919954670026$ | PnL: 8.00571139 💵 | Сделок: 97
[2025-08-28 19:52:44][TRADE] Закрыта позиция MAGIC-USDT-SWAP LONG PnL: -0.21417304 Причина: SL Баланс: 172.705777614026 WinRate инструмента: 0%
🔄 Баланс: 172.705777614026$ | PnL: 7.79153835 💵 | Сделок: 98
[2025-08-28 20:56:12][TRADE] Закрыта позиция JTO-USDT-SWAP LONG PnL: -0.16963648 Причина: SL Баланс: 142.500157338516 WinRate инструмента: 50%
🔄 Баланс: 142.500157338516$ | PnL: 7.62190187 💵 | Сделок: 99
[2025-08-28 20:59:02][TRADE] Закрыта позиция ETHFI-USDT-SWAP LONG PnL: -0.1697594 Причина: SL Баланс: 132.312377566259 WinRate инструмента: 0%
🔄 Баланс: 132.312377566259$ | PnL: 7.45214247 💵 | Сделок: 100
[2025-08-28 20:59:57][TRADE] Закрыта позиция OP-USDT-SWAP LONG PnL: -0.14870771 Причина: SL Баланс: 132.154661100356 WinRate инструмента: 0%
🔄 Баланс: 132.154661100356$ | PnL: 7.30343476 💵 | Сделок: 101
[2025-08-28 21:00:10][TRADE] Закрыта позиция RESOLV-USDT-SWAP LONG PnL: -0.19025781 Причина: SL Баланс: 141.964410450356 WinRate инструмента: 0%
🔄 Баланс: 141.964410450356$ | PnL: 7.11317695 💵 | Сделок: 102
[2025-08-28 21:00:16][TRADE] Закрыта позиция SHIB-USDT-SWAP LONG PnL: -0.15774153 Причина: SL Баланс: 151.806668920439 WinRate инструмента: 0%
🔄 Баланс: 151.806668920439$ | PnL: 6.95543542 💵 | Сделок: 103
[2025-08-28 21:00:25][TRADE] Закрыта позиция SUI-USDT-SWAP LONG PnL: -0.17098287 Причина: SL Баланс: 161.635580770439 WinRate инструмента: 0%
🔄 Баланс: 161.635580770439$ | PnL: 6.78445255 💵 | Сделок: 104
[2025-08-28 21:00:41][TRADE] Закрыта позиция WAL-USDT-SWAP LONG PnL: -0.17591315 Причина: SL Баланс: 171.459684620439 WinRate инструмента: 0%
🔄 Баланс: 171.459684620439$ | PnL: 6.6085394 💵 | Сделок: 105
[2025-08-28 21:00:46][TRADE] Закрыта позиция XTZ-USDT-SWAP LONG PnL: -0.17172401 Причина: SL Баланс: 181.287922150439 WinRate инструмента: 0%
🔄 Баланс: 181.287922150439$ | PnL: 6.43681539 💵 | Сделок: 106
[2025-08-28 21:01:11][TRADE] Закрыта позиция ETC-USD-SWAP LONG PnL: -0.15291887 Причина: SL Баланс: 191.134629280439 WinRate инструмента: 0%
🔄 Баланс: 191.134629280439$ | PnL: 6.28389652 💵 | Сделок: 107
[2025-08-28 21:01:27][TRADE] Закрыта позиция ADA-USDT-SWAP LONG PnL: -0.21548577 Причина: SL Баланс: 190.910169120419 WinRate инструмента: 0%
🔄 Баланс: 190.910169120419$ | PnL: 6.06841075 💵 | Сделок: 108
[2025-08-28 21:02:03][TRADE] Закрыта позиция DGB-USDT-SWAP LONG PnL: -0.17935681 Причина: SL Баланс: 200.730812257219 WinRate инструмента: 33.33%
🔄 Баланс: 200.730812257219$ | PnL: 5.88905394 💵 | Сделок: 109
[2025-08-28 21:02:07][TRADE] Закрыта позиция DYDX-USDT-SWAP LONG PnL: -0.13171358 Причина: SL Баланс: 200.590090633615 WinRate инструмента: 0%
🔄 Баланс: 200.590090633615$ | PnL: 5.75734036 💵 | Сделок: 110
[2025-08-28 21:02:25][TRADE] Закрыта позиция HMSTR-USDT-SWAP LONG PnL: -0.22049333 Причина: SL Баланс: 210.369597327365 WinRate инструмента: 0%
🔄 Баланс: 210.369597327365$ | PnL: 5.53684703 💵 | Сделок: 111
[2025-08-28 21:03:09][TRADE] Закрыта позиция PARTI-USDT-SWAP LONG PnL: -0.23251407 Причина: SL Баланс: 220.137075657365 WinRate инструмента: 0%
🔄 Баланс: 220.137075657365$ | PnL: 5.30433296 💵 | Сделок: 112
[2025-08-28 21:34:37][TRADE] Закрыта позиция CORE-USDT-SWAP LONG PnL: -0.19402249 Причина: SL Баланс: 199.916085543564 WinRate инструмента: 0%
🔄 Баланс: 199.916085543564$ | PnL: 5.11031047 💵 | Сделок: 113
