[2025-08-31 22:52:19][TRADE] Закрыта позиция AVAAI-USDT-SWAP SHORT PnL: -0.10877711 Причина: SL Баланс: 498.931450929 WinRate инструмента: 0%
🔄 Баланс: 498.931450929$ | PnL: -0.10877711 💵 | Сделок: 1
[2025-08-31 22:56:08][TRADE] Закрыта позиция FLM-USDT-SWAP SHORT PnL: -0.09158806 Причина: SL Баланс: 498.830866792168 WinRate инструмента: 0%
🔄 Баланс: 498.830866792168$ | PnL: -0.20036517 💵 | Сделок: 2
[2025-08-31 22:56:17][TRADE] Закрыта позиция GRASS-USDT-SWAP LONG PnL: 0.13089771 Причина: TP Баланс: 508.961771572168 WinRate инструмента: 100%
🔄 Баланс: 508.961771572168$ | PnL: -0.06946746 💵 | Сделок: 3
[2025-08-31 23:05:41][TRADE] Закрыта позиция DEGEN-USDT-SWAP SHORT PnL: -0.08735002 Причина: SL Баланс: 487.933570478816 WinRate инструмента: 0%
🔄 Баланс: 487.933570478816$ | PnL: -0.15681748 💵 | Сделок: 4
[2025-08-31 23:16:50][TRADE] Закрыта позиция PUMP-USDT-SWAP LONG PnL: -0.19010143 Причина: SL Баланс: 347.636654270363 WinRate инструмента: 0%
🔄 Баланс: 347.636654270363$ | PnL: -0.34691891 💵 | Сделок: 5
[2025-08-31 23:20:02][TRADE] Закрыта позиция RESOLV-USDT-SWAP LONG PnL: -0.08837799 Причина: SL Баланс: 337.530335226532 WinRate инструмента: 0%
🔄 Баланс: 337.530335226532$ | PnL: -0.4352969 💵 | Сделок: 6
[2025-08-31 23:22:30][TRADE] Закрыта позиция KMNO-USDT-SWAP LONG PnL: 0.1509628 Причина: TP Баланс: 337.672336447022 WinRate инструмента: 100%
🔄 Баланс: 337.672336447022$ | PnL: -0.2843341 💵 | Сделок: 7
[2025-08-31 23:26:09][TRADE] Закрыта позиция PARTI-USDT-SWAP LONG PnL: -0.24109491 Причина: SL Баланс: 327.415382277596 WinRate инструмента: 0%
🔄 Баланс: 327.415382277596$ | PnL: -0.52542901 💵 | Сделок: 8
[2025-08-31 23:57:03][TRADE] Закрыта позиция SNX-USDT-SWAP SHORT PnL: 0.10571983 Причина: TP Баланс: 107.144536118426 WinRate инструмента: 100%
🔄 Баланс: 107.144536118426$ | PnL: -0.41970918 💵 | Сделок: 9
[2025-08-31 23:57:28][TRADE] Закрыта позиция WCT-USDT-SWAP LONG PnL: -0.07153034 Причина: SL Баланс: 97.0550488360821 WinRate инструмента: 0%
🔄 Баланс: 97.0550488360821$ | PnL: -0.49123952 💵 | Сделок: 10
[2025-08-31 23:57:40][TRADE] Закрыта позиция ETH-USDC-SWAP LONG PnL: -0.05689082 Причина: SL Баланс: 106.853498016082 WinRate инструмента: 0%
🔄 Баланс: 106.853498016082$ | PnL: -0.54813034 💵 | Сделок: 11
[2025-08-31 23:57:51][TRADE] Закрыта позиция ETH-USD-SWAP LONG PnL: -0.05945879 Причина: SL Баланс: 116.647883226082 WinRate инструмента: 0%
🔄 Баланс: 116.647883226082$ | PnL: -0.60758913 💵 | Сделок: 12
[2025-08-31 23:58:03][TRADE] Закрыта позиция ETH-USDT-SWAP LONG PnL: -0.06088571 Причина: SL Баланс: 126.443283516082 WinRate инструмента: 0%
🔄 Баланс: 126.443283516082$ | PnL: -0.66847484 💵 | Сделок: 13
[2025-09-01 00:01:11][TRADE] Закрыта позиция BTC-USD-SWAP LONG PnL: -0.03736596 Причина: SL Баланс: 47.238003939748 WinRate инструмента: 0%
🔄 Баланс: 47.238003939748$ | PnL: -0.7058408 💵 | Сделок: 14
[2025-09-01 00:02:09][TRADE] Закрыта позиция GRASS-USDT-SWAP LONG PnL: -0.12295132 Причина: SL Баланс: 17.0798707363828 WinRate инструмента: 50%
🔄 Баланс: 17.0798707363828$ | PnL: -0.82879212 💵 | Сделок: 15
[2025-09-01 00:02:58][TRADE] Закрыта позиция BTC-USDC-SWAP LONG PnL: -0.03646227 Причина: SL Баланс: 17.9474084829477 WinRate инструмента: 0%
🔄 Баланс: 17.9474084829477$ | PnL: -0.86525439 💵 | Сделок: 16
[2025-09-01 00:13:16][TRADE] Закрыта позиция XLM-USDT-SWAP SHORT PnL: -0.06551812 Причина: SL Баланс: 17.8728454207697 WinRate инструмента: 0%
🔄 Баланс: 17.8728454207697$ | PnL: -0.93077251 💵 | Сделок: 17
[2025-09-01 00:14:10][TRADE] Закрыта позиция AUCTION-USDT-SWAP SHORT PnL: -0.05678149 Причина: SL Баланс: 27.8159031307697 WinRate инструмента: 0%
🔄 Баланс: 27.8159031307697$ | PnL: -0.987554 💵 | Сделок: 18
[2025-09-01 00:33:06][TRADE] Закрыта позиция BCH-USDT-SWAP SHORT PnL: -0.04621615 Причина: SL Баланс: 17.7355399424247 WinRate инструмента: 0%
🔄 Баланс: 17.7355399424247$ | PnL: -1.03377015 💵 | Сделок: 19
[2025-09-01 00:35:29][TRADE] Закрыта позиция ACE-USDT-SWAP SHORT PnL: -0.07687145 Причина: SL Баланс: 17.6496894532892 WinRate инструмента: 0%
🔄 Баланс: 17.6496894532892$ | PnL: -1.1106416 💵 | Сделок: 20
[2025-09-01 00:53:31][TRADE] Закрыта позиция BCH-USD-SWAP SHORT PnL: -0.023424 Причина: SL Баланс: 17.6034559122892 WinRate инструмента: 0%
🔄 Баланс: 17.6034559122892$ | PnL: -1.1340656 💵 | Сделок: 21
[2025-09-01 01:01:18][TRADE] Закрыта позиция PROMPT-USDT-SWAP SHORT PnL: -0.37006683 Причина: SL Баланс: 17.2244024651942 WinRate инструмента: 0%
🔄 Баланс: 17.2244024651942$ | PnL: -1.50413243 💵 | Сделок: 22
[2025-09-01 01:01:29][TRADE] Закрыта позиция SOLV-USDT-SWAP SHORT PnL: -0.04720868 Причина: SL Баланс: 17.1681970717016 WinRate инструмента: 0%
🔄 Баланс: 17.1681970717016$ | PnL: -1.55134111 💵 | Сделок: 23
[2025-09-01 01:02:15][TRADE] Закрыта позиция ALCH-USDT-SWAP SHORT PnL: -0.0737063 Причина: SL Баланс: 17.0861270297016 WinRate инструмента: 0%
🔄 Баланс: 17.0861270297016$ | PnL: -1.62504741 💵 | Сделок: 24
[2025-09-01 01:04:31][TRADE] Закрыта позиция ICP-USDT-SWAP SHORT PnL: -0.06742768 Причина: SL Баланс: 17.0095434854438 WinRate инструмента: 0%
🔄 Баланс: 17.0095434854438$ | PnL: -1.69247509 💵 | Сделок: 25
[2025-09-01 01:12:50][TRADE] Закрыта позиция CATI-USDT-SWAP SHORT PnL: 0.21927703 Причина: TP Баланс: 17.2198172127318 WinRate инструмента: 100%
🔄 Баланс: 17.2198172127318$ | PnL: -1.47319806 💵 | Сделок: 26
[2025-09-01 01:13:46][TRADE] Закрыта позиция USELESS-USDT-SWAP LONG PnL: -0.18910002 Причина: SL Баланс: 17.0225941656318 WinRate инструмента: 0%
🔄 Баланс: 17.0225941656318$ | PnL: -1.66229808 💵 | Сделок: 27
[2025-09-01 01:15:16][TRADE] Закрыта позиция SNX-USDT-SWAP SHORT PnL: -0.0928919 Причина: SL Баланс: 16.920709922595 WinRate инструмента: 50%
🔄 Баланс: 16.920709922595$ | PnL: -1.75518998 💵 | Сделок: 28
[2025-09-01 01:15:25][TRADE] Закрыта позиция SYRUP-USDT-SWAP SHORT PnL: -0.07572689 Причина: SL Баланс: 26.844963832595 WinRate инструмента: 0%
🔄 Баланс: 26.844963832595$ | PnL: -1.83091687 💵 | Сделок: 29
[2025-09-01 01:18:21][TRADE] Закрыта позиция BERA-USDT-SWAP SHORT PnL: -0.06991375 Причина: SL Баланс: 16.7571111134918 WinRate инструмента: 0%
🔄 Баланс: 16.7571111134918$ | PnL: -1.90083062 💵 | Сделок: 30
[2025-09-01 01:22:35][TRADE] Закрыта позиция TRUMP-USDT-SWAP LONG PnL: 0.14516973 Причина: TP Баланс: 16.8934572794806 WinRate инструмента: 100%
🔄 Баланс: 16.8934572794806$ | PnL: -1.75566089 💵 | Сделок: 31
[2025-09-01 01:25:07][TRADE] Закрыта позиция SOON-USDT-SWAP LONG PnL: -0.09706574 Причина: SL Баланс: 16.7873564588046 WinRate инструмента: 0%
🔄 Баланс: 16.7873564588046$ | PnL: -1.85272663 💵 | Сделок: 32
[2025-09-01 01:33:04][TRADE] Закрыта позиция NMR-USDT-SWAP SHORT PnL: -0.20510541 Причина: SL Баланс: 16.5729478459246 WinRate инструмента: 0%
🔄 Баланс: 16.5729478459246$ | PnL: -2.05783204 💵 | Сделок: 33
[2025-09-01 01:37:25][TRADE] Закрыта позиция ATH-USDT-SWAP LONG PnL: -0.07328486 Причина: SL Баланс: 16.4906613847366 WinRate инструмента: 0%
🔄 Баланс: 16.4906613847366$ | PnL: -2.1311169 💵 | Сделок: 34
[2025-09-01 01:40:03][TRADE] Закрыта позиция XRP-USD-SWAP SHORT PnL: -0.05114969 Причина: SL Баланс: 15.5318647567366 WinRate инструмента: 0%
🔄 Баланс: 15.5318647567366$ | PnL: -2.18226659 💵 | Сделок: 35
[2025-09-01 01:40:23][TRADE] Закрыта позиция APT-USDT-SWAP SHORT PnL: -0.06318509 Причина: SL Баланс: 14.5614756867366 WinRate инструмента: 0%
🔄 Баланс: 14.5614756867366$ | PnL: -2.24545168 💵 | Сделок: 36
[2025-09-01 01:42:54][TRADE] Закрыта позиция SHIB-USDT-SWAP SHORT PnL: -0.05696775 Причина: SL Баланс: 24.5045079368189 WinRate инструмента: 0%
🔄 Баланс: 24.5045079368189$ | PnL: -2.30241943 💵 | Сделок: 37
[2025-09-01 01:43:48][TRADE] Закрыта позиция AVAX-USD-SWAP SHORT PnL: -0.06588232 Причина: SL Баланс: 23.5253143788189 WinRate инструмента: 0%
🔄 Баланс: 23.5253143788189$ | PnL: -2.36830175 💵 | Сделок: 38
[2025-09-01 01:44:12][TRADE] Закрыта позиция ALGO-USDT-SWAP SHORT PnL: -0.07501454 Причина: SL Баланс: 33.4502943888189 WinRate инструмента: 0%
🔄 Баланс: 33.4502943888189$ | PnL: -2.44331629 💵 | Сделок: 39
[2025-09-01 01:44:13][TRADE] Закрыта позиция ANIME-USDT-SWAP SHORT PnL: -0.07461171 Причина: SL Баланс: 43.3756821188189 WinRate инструмента: 0%
🔄 Баланс: 43.3756821188189$ | PnL: -2.517928 💵 | Сделок: 40
[2025-09-01 01:44:52][TRADE] Закрыта позиция FLM-USDT-SWAP SHORT PnL: -0.09882905 Причина: SL Баланс: 53.2768534688189 WinRate инструмента: 0%
🔄 Баланс: 53.2768534688189$ | PnL: -2.61675705 💵 | Сделок: 41
[2025-09-01 01:47:38][TRADE] Закрыта позиция CETUS-USDT-SWAP SHORT PnL: -0.08460077 Причина: SL Баланс: 13.1491862536786 WinRate инструмента: 0%
🔄 Баланс: 13.1491862536786$ | PnL: -2.70135782 💵 | Сделок: 42
[2025-09-01 01:48:44][TRADE] Закрыта позиция NOT-USDT-SWAP SHORT PnL: -0.08281002 Причина: SL Баланс: 23.0663762590786 WinRate инструмента: 0%
🔄 Баланс: 23.0663762590786$ | PnL: -2.78416784 💵 | Сделок: 43
[2025-09-01 02:03:27][TRADE] Закрыта позиция XAUT-USDT-SWAP LONG PnL: -0.01443886 Причина: SL Баланс: 13.067666742472 WinRate инструмента: 0%
🔄 Баланс: 13.067666742472$ | PnL: -2.7986067 💵 | Сделок: 44
[2025-09-01 02:05:08][TRADE] Закрыта позиция HUMA-USDT-SWAP LONG PnL: -0.12688032 Причина: SL Баланс: 22.940785227472 WinRate инструмента: 0%
🔄 Баланс: 22.940785227472$ | PnL: -2.92548702 💵 | Сделок: 45
[2025-09-01 02:09:41][TRADE] Закрыта позиция VINE-USDT-SWAP SHORT PnL: 0.10022035 Причина: TP Баланс: 23.036470266472 WinRate инструмента: 100%
🔄 Баланс: 23.036470266472$ | PnL: -2.82526667 💵 | Сделок: 46
[2025-09-01 02:11:40][TRADE] Закрыта позиция KMNO-USDT-SWAP LONG PnL: 0.1988858 Причина: TP Баланс: 33.235356650472 WinRate инструмента: 100%
🔄 Баланс: 33.235356650472$ | PnL: -2.62638087 💵 | Сделок: 47
[2025-09-01 02:15:16][TRADE] Закрыта позиция ORBS-USDT-SWAP LONG PnL: -0.05664187 Причина: SL Баланс: 33.1697177935339 WinRate инструмента: 0%
🔄 Баланс: 33.1697177935339$ | PnL: -2.68302274 💵 | Сделок: 48
[2025-09-01 02:24:03][TRADE] Закрыта позиция TON-USDT-SWAP LONG PnL: 0.05276239 Причина: TP Баланс: 13.1956301138583 WinRate инструмента: 100%
🔄 Баланс: 13.1956301138583$ | PnL: -2.63026035 💵 | Сделок: 49
[2025-09-01 02:27:19][TRADE] Закрыта позиция MERL-USDT-SWAP LONG PnL: 0.46513741 Причина: TP Баланс: 13.6517666716945 WinRate инструмента: 100%
🔄 Баланс: 13.6517666716945$ | PnL: -2.16512294 💵 | Сделок: 50
[2025-09-01 02:30:29][TRADE] Закрыта позиция GMT-USDT-SWAP SHORT PnL: -0.07404186 Причина: SL Баланс: 13.5687148208655 WinRate инструмента: 0%
🔄 Баланс: 13.5687148208655$ | PnL: -2.2391648 💵 | Сделок: 51
[2025-09-01 02:34:08][TRADE] Закрыта позиция LA-USDT-SWAP SHORT PnL: 0.12427198 Причина: TP Баланс: 13.6839983481233 WinRate инструмента: 100%
🔄 Баланс: 13.6839983481233$ | PnL: -2.11489282 💵 | Сделок: 52
[2025-09-01 02:36:24][TRADE] Закрыта позиция FLOW-USDT-SWAP LONG PnL: -0.26513214 Причина: SL Баланс: 13.4099228898833 WinRate инструмента: 0%
🔄 Баланс: 13.4099228898833$ | PnL: -2.38002496 💵 | Сделок: 53
[2025-09-01 02:40:19][TRADE] Закрыта позиция PLUME-USDT-SWAP LONG PnL: -0.14093692 Причина: SL Баланс: 13.2599784796733 WinRate инструмента: 0%
🔄 Баланс: 13.2599784796733$ | PnL: -2.52096188 💵 | Сделок: 54
[2025-09-01 02:40:26][TRADE] Закрыта позиция RESOLV-USDT-SWAP LONG PnL: -0.08920297 Причина: SL Баланс: 13.1617822585549 WinRate инструмента: 0%
🔄 Баланс: 13.1617822585549$ | PnL: -2.61016485 💵 | Сделок: 55
[2025-09-01 02:41:55][TRADE] Закрыта позиция INJ-USDT-SWAP LONG PnL: -0.08094183 Причина: SL Баланс: 13.0720271230649 WinRate инструмента: 0%
🔄 Баланс: 13.0720271230649$ | PnL: -2.69110668 💵 | Сделок: 56
[2025-09-01 02:42:11][TRADE] Закрыта позиция MASK-USDT-SWAP SHORT PnL: 0.05935532 Причина: TP Баланс: 23.1313274430649 WinRate инструмента: 100%
🔄 Баланс: 23.1313274430649$ | PnL: -2.63175136 💵 | Сделок: 57
[2025-09-01 02:42:46][TRADE] Закрыта позиция SCR-USDT-SWAP LONG PnL: -0.08153594 Причина: SL Баланс: 33.0497842030649 WinRate инструмента: 0%
🔄 Баланс: 33.0497842030649$ | PnL: -2.7132873 💵 | Сделок: 58
[2025-09-01 02:42:59][TRADE] Закрыта позиция TAO-USDT-SWAP SHORT PnL: 0.0810669 Причина: TP Баланс: 43.1263911030649 WinRate инструмента: 100%
🔄 Баланс: 43.1263911030649$ | PnL: -2.6322204 💵 | Сделок: 59
[2025-09-01 02:43:37][TRADE] Закрыта позиция SOL-USD-SWAP LONG PnL: -0.07482772 Причина: SL Баланс: 43.0401874380135 WinRate инструмента: 0%
🔄 Баланс: 43.0401874380135$ | PnL: -2.70704812 💵 | Сделок: 60
[2025-09-01 02:43:48][TRADE] Закрыта позиция SOL-USDT-SWAP LONG PnL: -0.08074788 Причина: SL Баланс: 42.9547886753935 WinRate инструмента: 0%
🔄 Баланс: 42.9547886753935$ | PnL: -2.787796 💵 | Сделок: 61
[2025-09-01 02:44:24][TRADE] Закрыта позиция CHZ-USDT-SWAP LONG PnL: -0.05622816 Причина: SL Баланс: 32.8805093182135 WinRate инструмента: 0%
🔄 Баланс: 32.8805093182135$ | PnL: -2.84402416 💵 | Сделок: 62
[2025-09-01 02:45:07][TRADE] Закрыта позиция LA-USDT-SWAP SHORT PnL: 0.10738744 Причина: TP Баланс: 22.9699131467455 WinRate инструмента: 100%
🔄 Баланс: 22.9699131467455$ | PnL: -2.73663672 💵 | Сделок: 63
[2025-09-01 02:45:08][TRADE] Закрыта позиция LAYER-USDT-SWAP SHORT PnL: 0.06517698 Причина: TP Баланс: 33.0350908467455 WinRate инструмента: 100%
🔄 Баланс: 33.0350908467455$ | PnL: -2.67145974 💵 | Сделок: 64
[2025-09-01 02:45:30][TRADE] Закрыта позиция OM-USDT-SWAP SHORT PnL: 0.08742337 Причина: TP Баланс: 33.1135514615855 WinRate инструмента: 100%
🔄 Баланс: 33.1135514615855$ | PnL: -2.58403637 💵 | Сделок: 65
[2025-09-01 02:45:32][TRADE] Закрыта позиция ONT-USDT-SWAP SHORT PnL: 0.08689016 Причина: TP Баланс: 43.2004465015855 WinRate инструмента: 100%
🔄 Баланс: 43.2004465015855$ | PnL: -2.49714621 💵 | Сделок: 66
[2025-09-01 02:45:37][TRADE] Закрыта позиция PERP-USDT-SWAP LONG PnL: -0.08208703 Причина: SL Баланс: 53.1183692815855 WinRate инструмента: 0%
🔄 Баланс: 53.1183692815855$ | PnL: -2.57923324 💵 | Сделок: 67
[2025-09-01 02:45:44][TRADE] Закрыта позиция RAY-USDT-SWAP LONG PnL: -0.16666307 Причина: SL Баланс: 62.9516646115855 WinRate инструмента: 0%
🔄 Баланс: 62.9516646115855$ | PnL: -2.74589631 💵 | Сделок: 68
[2025-09-01 02:45:46][TRADE] Закрыта позиция RSR-USDT-SWAP SHORT PnL: 0.10011064 Причина: TP Баланс: 73.0517751081855 WinRate инструмента: 100%
🔄 Баланс: 73.0517751081855$ | PnL: -2.64578567 💵 | Сделок: 69
[2025-09-01 02:46:08][TRADE] Закрыта позиция TRX-USDT-SWAP LONG PnL: -0.02995083 Причина: SL Баланс: 62.9903217197015 WinRate инструмента: 0%
🔄 Баланс: 62.9903217197015$ | PnL: -2.6757365 💵 | Сделок: 70
[2025-09-01 02:47:50][TRADE] Закрыта позиция NEIROETH-USDT-SWAP SHORT PnL: 0.46416441 Причина: TP Баланс: 13.4000606596695 WinRate инструмента: 100%
🔄 Баланс: 13.4000606596695$ | PnL: -2.21157209 💵 | Сделок: 71
[2025-09-01 02:48:15][TRADE] Закрыта позиция VANA-USDT-SWAP SHORT PnL: 0.08731724 Причина: TP Баланс: 13.4783229745925 WinRate инструмента: 100%
🔄 Баланс: 13.4783229745925$ | PnL: -2.12425485 💵 | Сделок: 72
[2025-09-01 02:48:30][TRADE] Закрыта позиция BTC-USDC-SWAP LONG PnL: -0.0322735 Причина: SL Баланс: 24.3438694745925 WinRate инструмента: 0%
🔄 Баланс: 24.3438694745925$ | PnL: -2.15652835 💵 | Сделок: 73
[2025-09-01 02:48:41][TRADE] Закрыта позиция BTC-USD-SWAP LONG PnL: -0.03676514 Причина: SL Баланс: 35.2099243345925 WinRate инструмента: 0%
🔄 Баланс: 35.2099243345925$ | PnL: -2.19329349 💵 | Сделок: 74
[2025-09-01 02:48:52][TRADE] Закрыта позиция BTC-USDT-SWAP LONG PnL: -0.03771239 Причина: SL Баланс: 46.0694119445925 WinRate инструмента: 0%
🔄 Баланс: 46.0694119445925$ | PnL: -2.23100588 💵 | Сделок: 75
[2025-09-01 02:49:01][TRADE] Закрыта позиция ACT-USDT-SWAP SHORT PnL: 0.08910438 Причина: TP Баланс: 56.1585171605925 WinRate инструмента: 100%
🔄 Баланс: 56.1585171605925$ | PnL: -2.1419015 💵 | Сделок: 76
[2025-09-01 02:49:31][TRADE] Закрыта позиция COOKIE-USDT-SWAP SHORT PnL: 0.10853573 Причина: TP Баланс: 66.2670585865925 WinRate инструмента: 100%
🔄 Баланс: 66.2670585865925$ | PnL: -2.03336577 💵 | Сделок: 77
[2025-09-01 02:50:54][TRADE] Закрыта позиция SIGN-USDT-SWAP SHORT PnL: -0.0608468 Причина: SL Баланс: 16.1522067439433 WinRate инструмента: 0%
🔄 Баланс: 16.1522067439433$ | PnL: -2.09421257 💵 | Сделок: 78
[2025-09-01 02:54:59][TRADE] Закрыта позиция CATI-USDT-SWAP SHORT PnL: 0.19238627 Причина: TP Баланс: 16.3355885018713 WinRate инструмента: 100%
🔄 Баланс: 16.3355885018713$ | PnL: -1.9018263 💵 | Сделок: 79
[2025-09-01 02:57:04][TRADE] Закрыта позиция GMX-USDT-SWAP SHORT PnL: 0.0630811 Причина: TP Баланс: 16.3890291624762 WinRate инструмента: 100%
🔄 Баланс: 16.3890291624762$ | PnL: -1.8387452 💵 | Сделок: 80
[2025-09-01 02:59:17][TRADE] Закрыта позиция DUCK-USDT-SWAP SHORT PnL: 0.08564692 Причина: TP Баланс: 16.4657183486362 WinRate инструмента: 100%
🔄 Баланс: 16.4657183486362$ | PnL: -1.75309828 💵 | Сделок: 81
[2025-09-01 03:01:56][TRADE] Закрыта позиция YFI-USDT-SWAP SHORT PnL: 0.06177676 Причина: TP Баланс: 16.6546347846362 WinRate инструмента: 100%
🔄 Баланс: 16.6546347846362$ | PnL: -1.69132152 💵 | Сделок: 82
[2025-09-01 03:02:54][TRADE] Закрыта позиция HYPE-USDT-SWAP LONG PnL: -0.08330657 Причина: SL Баланс: 16.5606154004442 WinRate инструмента: 0%
🔄 Баланс: 16.5606154004442$ | PnL: -1.77462809 💵 | Сделок: 83
[2025-09-01 03:02:59][TRADE] Закрыта позиция JELLYJELLY-USDT-SWAP SHORT PnL: 0.19242253 Причина: TP Баланс: 16.7440384001282 WinRate инструмента: 100%
🔄 Баланс: 16.7440384001282$ | PnL: -1.58220556 💵 | Сделок: 84
[2025-09-01 03:03:07][TRADE] Закрыта позиция LQTY-USDT-SWAP SHORT PnL: 0.10709346 Причина: TP Баланс: 16.8420962800562 WinRate инструмента: 100%
🔄 Баланс: 16.8420962800562$ | PnL: -1.4751121 💵 | Сделок: 85
[2025-09-01 03:03:12][TRADE] Закрыта позиция MEME-USDT-SWAP SHORT PnL: 0.13278527 Причина: TP Баланс: 16.9658791797332 WinRate инструмента: 100%
🔄 Баланс: 16.9658791797332$ | PnL: -1.34232683 💵 | Сделок: 86
[2025-09-01 03:03:16][TRADE] Закрыта позиция NEAR-USDT-SWAP SHORT PnL: 0.08609321 Причина: TP Баланс: 17.0420975102332 WinRate инструмента: 100%
🔄 Баланс: 17.0420975102332$ | PnL: -1.25623362 💵 | Сделок: 87
[2025-09-01 03:03:23][TRADE] Закрыта позиция POPCAT-USDT-SWAP SHORT PnL: 0.10628239 Причина: TP Баланс: 17.1393795882304 WinRate инструмента: 100%
🔄 Баланс: 17.1393795882304$ | PnL: -1.14995123 💵 | Сделок: 88
[2025-09-01 03:03:40][TRADE] Закрыта позиция SYRUP-USDT-SWAP SHORT PnL: 0.10057853 Причина: TP Баланс: 17.2309478684826 WinRate инструмента: 50%
🔄 Баланс: 17.2309478684826$ | PnL: -1.0493727 💵 | Сделок: 89
[2025-09-01 03:03:43][TRADE] Закрыта позиция TRB-USDT-SWAP SHORT PnL: 0.07321761 Причина: TP Баланс: 17.2945042594026 WinRate инструмента: 100%
🔄 Баланс: 17.2945042594026$ | PnL: -0.976155090000001 💵 | Сделок: 90
[2025-09-01 03:03:52][TRADE] Закрыта позиция W-USDT-SWAP SHORT PnL: 0.08667007 Причина: TP Баланс: 27.3811754814026 WinRate инструмента: 100%
🔄 Баланс: 27.3811754814026$ | PnL: -0.889485020000001 💵 | Сделок: 91
[2025-09-01 03:03:58][TRADE] Закрыта позиция ZETA-USDT-SWAP SHORT PnL: 0.07230895 Причина: TP Баланс: 17.4355235527126 WinRate инструмента: 100%
🔄 Баланс: 17.4355235527126$ | PnL: -0.817176070000001 💵 | Сделок: 92
[2025-09-01 03:04:00][TRADE] Закрыта позиция ZRO-USDT-SWAP SHORT PnL: 0.09049923 Причина: TP Баланс: 27.5260389827126 WinRate инструмента: 100%
🔄 Баланс: 27.5260389827126$ | PnL: -0.726676840000001 💵 | Сделок: 93
[2025-09-01 03:04:23][TRADE] Закрыта позиция MAGIC-USDT-SWAP SHORT PnL: 0.10443986 Причина: TP Баланс: 17.611427799479 WinRate инструмента: 100%
🔄 Баланс: 17.611427799479$ | PnL: -0.622236980000001 💵 | Сделок: 94
[2025-09-01 03:04:25][TRADE] Закрыта позиция AGLD-USDT-SWAP SHORT PnL: 0.09916539 Причина: TP Баланс: 17.701612070919 WinRate инструмента: 100%
🔄 Баланс: 17.701612070919$ | PnL: -0.523071590000001 💵 | Сделок: 95
[2025-09-01 03:04:38][TRADE] Закрыта позиция BOME-USDT-SWAP SHORT PnL: 0.11388429 Причина: TP Баланс: 17.806548071559 WinRate инструмента: 100%
🔄 Баланс: 17.806548071559$ | PnL: -0.409187300000001 💵 | Сделок: 96
[2025-09-01 03:04:43][TRADE] Закрыта позиция DEGEN-USDT-SWAP SHORT PnL: 0.11407204 Причина: TP Баланс: 17.9116223394326 WinRate инструмента: 50%
🔄 Баланс: 17.9116223394326$ | PnL: -0.295115260000001 💵 | Сделок: 97
[2025-09-01 03:04:45][TRADE] Закрыта позиция DOG-USDT-SWAP SHORT PnL: 0.13875984 Причина: TP Баланс: 28.0503820940326 WinRate инструмента: 100%
🔄 Баланс: 28.0503820940326$ | PnL: -0.156355420000001 💵 | Сделок: 98
[2025-09-01 03:05:10][TRADE] Закрыта позиция MAJOR-USDT-SWAP SHORT PnL: 0.08713353 Причина: TP Баланс: 18.119671914164 WinRate инструмента: 100%
🔄 Баланс: 18.119671914164$ | PnL: -0.0692218900000012 💵 | Сделок: 99
[2025-09-01 03:06:16][TRADE] Закрыта позиция BIO-USDT-SWAP LONG PnL: -0.22416817 Причина: SL Баланс: 17.886497259816 WinRate инструмента: 0%
🔄 Баланс: 17.886497259816$ | PnL: -0.293390060000001 💵 | Сделок: 100
[2025-09-01 03:11:13][TRADE] Закрыта позиция CTC-USDT-SWAP SHORT PnL: 0.06207214 Причина: TP Баланс: 17.939549768765 WinRate инструмента: 100%
🔄 Баланс: 17.939549768765$ | PnL: -0.231317920000001 💵 | Сделок: 101
[2025-09-01 03:16:28][TRADE] Закрыта позиция LTC-USDT-SWAP SHORT PnL: 0.05999383 Причина: TP Баланс: 17.9929395106858 WinRate инструмента: 100%
🔄 Баланс: 17.9929395106858$ | PnL: -0.171324090000001 💵 | Сделок: 102
[2025-09-01 03:16:43][TRADE] Закрыта позиция PYTH-USDT-SWAP LONG PnL: -0.15306628 Причина: SL Баланс: 17.8308618413218 WinRate инструмента: 0%
🔄 Баланс: 17.8308618413218$ | PnL: -0.324390370000001 💵 | Сделок: 103
[2025-09-01 03:17:03][TRADE] Закрыта позиция USELESS-USDT-SWAP SHORT PnL: 0.20622457 Причина: TP Баланс: 18.0280890924875 WinRate инструмента: 50%
🔄 Баланс: 18.0280890924875$ | PnL: -0.118165800000001 💵 | Сделок: 104
[2025-09-01 03:17:27][TRADE] Закрыта позиция LTC-USD-SWAP SHORT PnL: 0.05364399 Причина: TP Баланс: 18.0705952455333 WinRate инструмента: 100%
🔄 Баланс: 18.0705952455333$ | PnL: -0.0645218100000012 💵 | Сделок: 105
[2025-09-01 03:17:48][TRADE] Закрыта позиция BNB-USDT-SWAP LONG PnL: -0.04408775 Причина: SL Баланс: 18.0375793952496 WinRate инструмента: 0%
🔄 Баланс: 18.0375793952496$ | PnL: -0.108609560000001 💵 | Сделок: 106
[2025-09-01 03:17:56][TRADE] Закрыта позиция DGB-USDT-SWAP SHORT PnL: 0.11888749 Причина: TP Баланс: 18.1474671564432 WinRate инструмента: 100%
🔄 Баланс: 18.1474671564432$ | PnL: 0.0102779299999988 💵 | Сделок: 107
[2025-09-01 03:18:03][TRADE] Закрыта позиция FXS-USDT-SWAP SHORT PnL: 0.0875223 Причина: TP Баланс: 18.2261095391175 WinRate инструмента: 100%
🔄 Баланс: 18.2261095391175$ | PnL: 0.0978002299999988 💵 | Сделок: 108
[2025-09-01 03:18:04][TRADE] Закрыта позиция GAS-USDT-SWAP SHORT PnL: 0.06789942 Причина: TP Баланс: 28.2941396591175 WinRate инструмента: 100%
🔄 Баланс: 28.2941396591175$ | PnL: 0.165699649999999 💵 | Сделок: 109
[2025-09-01 03:18:10][TRADE] Закрыта позиция HMSTR-USDT-SWAP SHORT PnL: 0.09353192 Причина: TP Баланс: 18.3696749366014 WinRate инструмента: 100%
🔄 Баланс: 18.3696749366014$ | PnL: 0.259231569999999 💵 | Сделок: 110
[2025-09-01 03:18:39][TRADE] Закрыта позиция PEPE-USDT-SWAP SHORT PnL: 0.0909065 Причина: TP Баланс: 18.4512563440668 WinRate инструмента: 100%
🔄 Баланс: 18.4512563440668$ | PnL: 0.350138069999999 💵 | Сделок: 111
[2025-09-01 03:18:49][TRADE] Закрыта позиция SOON-USDT-SWAP LONG PnL: -0.09359149 Причина: SL Баланс: 18.3486678689388 WinRate инструмента: 0%
🔄 Баланс: 18.3486678689388$ | PnL: 0.256546579999999 💵 | Сделок: 112
[2025-09-01 03:18:59][TRADE] Закрыта позиция VIRTUAL-USDT-SWAP SHORT PnL: 0.1127694 Причина: TP Баланс: 18.4524563133744 WinRate инструмента: 100%
🔄 Баланс: 18.4524563133744$ | PnL: 0.369315979999999 💵 | Сделок: 113
[2025-09-01 03:19:25][TRADE] Закрыта позиция XRP-USDT-SWAP SHORT PnL: 0.06344729 Причина: TP Баланс: 18.5068470713954 WinRate инструмента: 100%
🔄 Баланс: 18.5068470713954$ | PnL: 0.432763269999999 💵 | Сделок: 114
[2025-09-01 03:19:31][TRADE] Закрыта позиция AI16Z-USDT-SWAP SHORT PnL: 0.11923114 Причина: TP Баланс: 18.6077697413954 WinRate инструмента: 100%
🔄 Баланс: 18.6077697413954$ | PnL: 0.551994409999999 💵 | Сделок: 115
[2025-09-01 03:19:31][TRADE] Закрыта позиция AIXBT-USDT-SWAP SHORT PnL: 0.12426005 Причина: TP Баланс: 28.7320246393954 WinRate инструмента: 100%
🔄 Баланс: 28.7320246393954$ | PnL: 0.676254459999999 💵 | Сделок: 116
[2025-09-01 03:19:42][TRADE] Закрыта позиция AVAAI-USDT-SWAP SHORT PnL: 0.13266615 Причина: TP Баланс: 28.8556735244744 WinRate инструмента: 50%
🔄 Баланс: 28.8556735244744$ | PnL: 0.808920609999999 💵 | Сделок: 117
[2025-09-01 03:19:44][TRADE] Закрыта позиция BAND-USDT-SWAP SHORT PnL: 0.10668688 Причина: TP Баланс: 28.9533299872431 WinRate инструмента: 100%
🔄 Баланс: 28.9533299872431$ | PnL: 0.915607489999999 💵 | Сделок: 118
[2025-09-01 03:19:47][TRADE] Закрыта позиция BIGTIME-USDT-SWAP SHORT PnL: 0.07193902 Причина: TP Баланс: 29.0162655731551 WinRate инструмента: 100%
🔄 Баланс: 29.0162655731551$ | PnL: 0.987546509999999 💵 | Сделок: 119
[2025-09-01 03:19:51][TRADE] Закрыта позиция BONK-USDT-SWAP LONG PnL: -0.10657179 Причина: SL Баланс: 28.9006945431071 WinRate инструмента: 0%
🔄 Баланс: 28.9006945431071$ | PnL: 0.880974719999999 💵 | Сделок: 120
[2025-09-01 03:22:28][TRADE] Закрыта позиция WIF-USDT-SWAP SHORT PnL: 0.12568808 Причина: TP Баланс: 19.0083916747612 WinRate инструмента: 100%
🔄 Баланс: 19.0083916747612$ | PnL: 1.0066628 💵 | Сделок: 121
[2025-09-01 03:23:02][TRADE] Закрыта позиция AVAX-USDT-SWAP SHORT PnL: 0.09322854 Причина: TP Баланс: 19.0543762847612 WinRate инструмента: 100%
🔄 Баланс: 19.0543762847612$ | PnL: 1.09989134 💵 | Сделок: 122
[2025-09-01 03:23:16][TRADE] Закрыта позиция ETHW-USDT-SWAP SHORT PnL: 0.09493742 Причина: TP Баланс: 19.140239676916 WinRate инструмента: 100%
🔄 Баланс: 19.140239676916$ | PnL: 1.19482876 💵 | Сделок: 123
[2025-09-01 03:23:18][TRADE] Закрыта позиция FLOKI-USDT-SWAP SHORT PnL: 0.10300522 Причина: TP Баланс: 19.234237324746 WinRate инструмента: 100%
🔄 Баланс: 19.234237324746$ | PnL: 1.29783398 💵 | Сделок: 124
[2025-09-01 03:23:25][TRADE] Закрыта позиция HBAR-USDT-SWAP SHORT PnL: 0.11114894 Причина: TP Баланс: 19.336440392346 WinRate инструмента: 100%
🔄 Баланс: 19.336440392346$ | PnL: 1.40898292 💵 | Сделок: 125
[2025-09-01 03:23:31][TRADE] Закрыта позиция KAITO-USDT-SWAP SHORT PnL: 0.10231703 Причина: TP Баланс: 19.4297970452106 WinRate инструмента: 100%
🔄 Баланс: 19.4297970452106$ | PnL: 1.51129995 💵 | Сделок: 126
[2025-09-01 03:23:47][TRADE] Закрыта позиция MORPHO-USDT-SWAP SHORT PnL: 0.13971087 Причина: TP Баланс: 19.5601462155806 WinRate инструмента: 100%
🔄 Баланс: 19.5601462155806$ | PnL: 1.65101082 💵 | Сделок: 127
[2025-09-01 03:26:14][TRADE] Закрыта позиция PI-USDT-SWAP SHORT PnL: 0.13548823 Причина: TP Баланс: 19.6867024318206 WinRate инструмента: 100%
🔄 Баланс: 19.6867024318206$ | PnL: 1.78649905 💵 | Сделок: 128
[2025-09-01 03:30:06][TRADE] Закрыта позиция KMNO-USDT-SWAP LONG PnL: -0.17374226 Причина: SL Баланс: 19.5039562163239 WinRate инструмента: 66.67%
🔄 Баланс: 19.5039562163239$ | PnL: 1.61275679 💵 | Сделок: 129
[2025-09-01 03:30:34][TRADE] Закрыта позиция SWARMS-USDT-SWAP SHORT PnL: 0.13771015 Причина: TP Баланс: 19.6326909637159 WinRate инструмента: 100%
🔄 Баланс: 19.6326909637159$ | PnL: 1.75046694 💵 | Сделок: 130
[2025-09-01 03:31:13][TRADE] Закрыта позиция API3-USDT-SWAP SHORT PnL: 0.10242615 Причина: TP Баланс: 19.7260824349939 WinRate инструмента: 100%
🔄 Баланс: 19.7260824349939$ | PnL: 1.85289309 💵 | Сделок: 131
[2025-09-01 03:31:25][TRADE] Закрыта позиция COMP-USDT-SWAP SHORT PnL: 0.07810205 Причина: TP Баланс: 19.7943038553269 WinRate инструмента: 100%
🔄 Баланс: 19.7943038553269$ | PnL: 1.93099514 💵 | Сделок: 132
[2025-09-01 03:32:01][TRADE] Закрыта позиция ORBS-USDT-SWAP LONG PnL: -0.07236326 Причина: SL Баланс: 19.7129436539135 WinRate инструмента: 0%
🔄 Баланс: 19.7129436539135$ | PnL: 1.85863188 💵 | Сделок: 133
[2025-09-01 03:32:16][TRADE] Закрыта позиция TREE-USDT-SWAP SHORT PnL: 0.12521414 Причина: TP Баланс: 19.8291722039935 WinRate инструмента: 100%
🔄 Баланс: 19.8291722039935$ | PnL: 1.98384602 💵 | Сделок: 134
[2025-09-01 03:32:24][TRADE] Закрыта позиция WOO-USDT-SWAP SHORT PnL: 0.11511628 Причина: TP Баланс: 19.9353031208745 WinRate инструмента: 100%
🔄 Баланс: 19.9353031208745$ | PnL: 2.0989623 💵 | Сделок: 135
[2025-09-01 03:33:15][TRADE] Закрыта позиция GPS-USDT-SWAP SHORT PnL: 0.1985824 Причина: TP Баланс: 20.1248569938285 WinRate инструмента: 100%
🔄 Баланс: 20.1248569938285$ | PnL: 2.2975447 💵 | Сделок: 136
[2025-09-01 03:33:16][TRADE] Закрыта позиция GRASS-USDT-SWAP LONG PnL: -0.1349006 Причина: SL Баланс: 29.9899888138285 WinRate инструмента: 33.33%
🔄 Баланс: 29.9899888138285$ | PnL: 2.1626441 💵 | Сделок: 137
[2025-09-01 03:33:38][TRADE] Закрыта позиция NEO-USDT-SWAP SHORT PnL: 0.09237568 Причина: TP Баланс: 20.0646842079529 WinRate инструмента: 100%
🔄 Баланс: 20.0646842079529$ | PnL: 2.25501978 💵 | Сделок: 138
[2025-09-01 03:34:59][TRADE] Закрыта позиция INIT-USDT-SWAP SHORT PnL: 0.1292934 Причина: TP Баланс: 10.1759660232194 WinRate инструмента: 100%
🔄 Баланс: 10.1759660232194$ | PnL: 2.38431318 💵 | Сделок: 139
[2025-09-01 03:35:15][TRADE] Закрыта позиция MOVE-USDT-SWAP SHORT PnL: 0.07476644 Причина: TP Баланс: 10.2417344194794 WinRate инструмента: 100%
🔄 Баланс: 10.2417344194794$ | PnL: 2.45907962 💵 | Сделок: 140
[2025-09-01 03:35:25][TRADE] Закрыта позиция QTUM-USDT-SWAP SHORT PnL: 0.12311448 Причина: TP Баланс: 10.3557189041239 WinRate инструмента: 100%
🔄 Баланс: 10.3557189041239$ | PnL: 2.5821941 💵 | Сделок: 141
[2025-09-01 03:35:37][TRADE] Закрыта позиция TURBO-USDT-SWAP SHORT PnL: 0.09850029 Причина: TP Баланс: 10.4450675992639 WinRate инструмента: 100%
🔄 Баланс: 10.4450675992639$ | PnL: 2.68069439 💵 | Сделок: 142
[2025-09-01 03:36:44][TRADE] Закрыта позиция LAUNCHCOIN-USDT-SWAP LONG PnL: -0.37073947 Причина: SL Баланс: 10.0653296667039 WinRate инструмента: 0%
🔄 Баланс: 10.0653296667039$ | PnL: 2.30995492 💵 | Сделок: 143
[2025-09-01 03:37:18][TRADE] Закрыта позиция VANA-USDT-SWAP SHORT PnL: 0.09039248 Причина: TP Баланс: 10.1466830026316 WinRate инструмента: 100%
🔄 Баланс: 10.1466830026316$ | PnL: 2.4003474 💵 | Сделок: 144
[2025-09-01 03:37:45][TRADE] Закрыта позиция ACH-USDT-SWAP SHORT PnL: 0.10884855 Причина: TP Баланс: 10.2465779625176 WinRate инструмента: 100%
🔄 Баланс: 10.2465779625176$ | PnL: 2.50919595 💵 | Сделок: 145
[2025-09-01 03:38:01][TRADE] Закрыта позиция CFX-USDT-SWAP SHORT PnL: 0.13281204 Причина: TP Баланс: 10.3703519494726 WinRate инструмента: 100%
🔄 Баланс: 10.3703519494726$ | PnL: 2.64200799 💵 | Сделок: 146
[2025-09-01 03:38:07][TRADE] Закрыта позиция ENS-USDT-SWAP SHORT PnL: 0.12487393 Причина: TP Баланс: 10.4857785592855 WinRate инструмента: 100%
🔄 Баланс: 10.4857785592855$ | PnL: 2.76688192 💵 | Сделок: 147
[2025-09-01 03:38:12][TRADE] Закрыта позиция GMX-USDT-SWAP SHORT PnL: 0.08624082 Причина: TP Баланс: 10.5625196061855 WinRate инструмента: 100%
🔄 Баланс: 10.5625196061855$ | PnL: 2.85312274 💵 | Сделок: 148
[2025-09-01 03:38:19][TRADE] Закрыта позиция IOTA-USDT-SWAP SHORT PnL: 0.08459042 Причина: TP Баланс: 10.6381089619119 WinRate инструмента: 100%
🔄 Баланс: 10.6381089619119$ | PnL: 2.93771316 💵 | Сделок: 149
[2025-09-01 03:38:22][TRADE] Закрыта позиция JTO-USDT-SWAP SHORT PnL: 0.09591549 Причина: TP Баланс: 20.7340963519119 WinRate инструмента: 100%
🔄 Баланс: 20.7340963519119$ | PnL: 3.03362865 💵 | Сделок: 150
[2025-09-01 03:38:30][TRADE] Закрыта позиция LUNC-USDT-SWAP SHORT PnL: 0.06410803 Причина: TP Баланс: 10.7801914995489 WinRate инструмента: 100%
🔄 Баланс: 10.7801914995489$ | PnL: 3.09773668 💵 | Сделок: 151
[2025-09-01 03:38:44][TRADE] Закрыта позиция POL-USDT-SWAP LONG PnL: -0.21480314 Причина: SL Баланс: 10.5563795096681 WinRate инструмента: 0%
🔄 Баланс: 10.5563795096681$ | PnL: 2.88293354 💵 | Сделок: 152
[2025-09-01 03:38:50][TRADE] Закрыта позиция SNX-USDT-SWAP SHORT PnL: 0.11460284 Причина: TP Баланс: 10.6620015935064 WinRate инструмента: 66.67%
🔄 Баланс: 10.6620015935064$ | PnL: 2.99753638 💵 | Сделок: 153
[2025-09-01 03:38:59][TRADE] Закрыта позиция USTC-USDT-SWAP SHORT PnL: 0.05898666 Причина: TP Баланс: 10.7119873825534 WinRate инструмента: 100%
🔄 Баланс: 10.7119873825534$ | PnL: 3.05652304 💵 | Сделок: 154
[2025-09-01 03:39:02][TRADE] Закрыта позиция W-USDT-SWAP SHORT PnL: 0.08963645 Причина: TP Баланс: 10.7925100693034 WinRate инструмента: 100%
🔄 Баланс: 10.7925100693034$ | PnL: 3.14615949 💵 | Сделок: 155
[2025-09-01 03:39:07][TRADE] Закрыта позиция ZENT-USDT-SWAP LONG PnL: -0.37038041 Причина: SL Баланс: 10.4131288694796 WinRate инструмента: 0%
🔄 Баланс: 10.4131288694796$ | PnL: 2.77577908 💵 | Сделок: 156
[2025-09-01 03:39:25][TRADE] Закрыта позиция TON-USDT-SWAP LONG PnL: -0.0563691 Причина: SL Баланс: 10.3477048818476 WinRate инструмента: 50%
🔄 Баланс: 10.3477048818476$ | PnL: 2.71940998 💵 | Сделок: 157
[2025-09-01 03:39:31][TRADE] Закрыта позиция ALGO-USDT-SWAP SHORT PnL: 0.11617526 Причина: TP Баланс: 10.4548796974399 WinRate инструмента: 50%
🔄 Баланс: 10.4548796974399$ | PnL: 2.83558524 💵 | Сделок: 158
[2025-09-01 03:39:32][TRADE] Закрыта позиция APE-USDT-SWAP SHORT PnL: 0.10394639 Причина: TP Баланс: 10.5498002038863 WinRate инструмента: 100%
🔄 Баланс: 10.5498002038863$ | PnL: 2.93953163 💵 | Сделок: 159
[2025-09-01 03:39:37][TRADE] Закрыта позиция ATOM-USDT-SWAP SHORT PnL: 0.09300253 Причина: TP Баланс: 10.6338448376143 WinRate инструмента: 100%
🔄 Баланс: 10.6338448376143$ | PnL: 3.03253416 💵 | Сделок: 160
[2025-09-01 03:39:43][TRADE] Закрыта позиция BRETT-USDT-SWAP SHORT PnL: 0.13714489 Причина: TP Баланс: 10.7619890250543 WinRate инструмента: 100%
🔄 Баланс: 10.7619890250543$ | PnL: 3.16967905 💵 | Сделок: 161
[2025-09-01 03:39:48][TRADE] Закрыта позиция DEGEN-USDT-SWAP SHORT PnL: 0.12778553 Причина: TP Баланс: 10.8807807285263 WinRate инструмента: 66.67%
🔄 Баланс: 10.8807807285263$ | PnL: 3.29746458 💵 | Сделок: 162
[2025-09-01 03:39:55][TRADE] Закрыта позиция GLM-USDT-SWAP SHORT PnL: 0.06269618 Причина: TP Баланс: 10.9344771060993 WinRate инструмента: 100%
🔄 Баланс: 10.9344771060993$ | PnL: 3.36016076 💵 | Сделок: 163
[2025-09-01 03:40:00][TRADE] Закрыта позиция H-USDT-SWAP LONG PnL: -0.20837693 Причина: SL Баланс: 10.7165162054993 WinRate инструмента: 0%
🔄 Баланс: 10.7165162054993$ | PnL: 3.15178383 💵 | Сделок: 164
[2025-09-01 03:40:42][TRADE] Закрыта позиция WAL-USDT-SWAP SHORT PnL: 0.06445091 Причина: TP Баланс: 10.7719500364273 WinRate инструмента: 100%
🔄 Баланс: 10.7719500364273$ | PnL: 3.21623474 💵 | Сделок: 165
[2025-09-01 03:41:13][TRADE] Закрыта позиция AR-USDT-SWAP SHORT PnL: 0.11185081 Причина: TP Баланс: 10.8747884554273 WinRate инструмента: 100%
🔄 Баланс: 10.8747884554273$ | PnL: 3.32808555 💵 | Сделок: 166
[2025-09-01 03:41:45][TRADE] Закрыта позиция LAYER-USDT-SWAP SHORT PnL: 0.07202696 Причина: TP Баланс: 10.9378136846253 WinRate инструмента: 100%
🔄 Баланс: 10.9378136846253$ | PnL: 3.40011251 💵 | Сделок: 167
[2025-09-01 03:41:51][TRADE] Закрыта позиция MASK-USDT-SWAP SHORT PnL: 0.08249524 Причина: TP Баланс: 11.0125624766253 WinRate инструмента: 100%
🔄 Баланс: 11.0125624766253$ | PnL: 3.48260775 💵 | Сделок: 168
[2025-09-01 03:42:11][TRADE] Закрыта позиция SPX-USDT-SWAP LONG PnL: -0.15894915 Причина: SL Баланс: 10.8446431142412 WinRate инструмента: 0%
🔄 Баланс: 10.8446431142412$ | PnL: 3.3236586 💵 | Сделок: 169
[2025-09-01 03:42:43][TRADE] Закрыта позиция UNI-USD-SWAP SHORT PnL: 0.0818331 Причина: TP Баланс: 10.9172032862812 WinRate инструмента: 100%
🔄 Баланс: 10.9172032862812$ | PnL: 3.4054917 💵 | Сделок: 170
[2025-09-01 03:42:46][TRADE] Закрыта позиция MAGIC-USDT-SWAP SHORT PnL: 0.09099839 Причина: TP Баланс: 10.9206080913812 WinRate инструмента: 100%
🔄 Баланс: 10.9206080913812$ | PnL: 3.49649009 💵 | Сделок: 171
[2025-09-01 03:43:11][TRADE] Закрыта позиция FARTCOIN-USDT-SWAP SHORT PnL: 0.18163069 Причина: TP Баланс: 11.0932617652412 WinRate инструмента: 100%
🔄 Баланс: 11.0932617652412$ | PnL: 3.67812078 💵 | Сделок: 172
[2025-09-01 03:43:15][TRADE] Закрыта позиция GOAT-USDT-SWAP SHORT PnL: 0.13729678 Причина: TP Баланс: 11.2214725781012 WinRate инструмента: 100%
🔄 Баланс: 11.2214725781012$ | PnL: 3.81541756 💵 | Сделок: 173
[2025-09-01 03:45:56][TRADE] Закрыта позиция XRP-USD-SWAP SHORT PnL: 0.07538644 Причина: TP Баланс: 11.2877858830877 WinRate инструмента: 50%
🔄 Баланс: 11.2877858830877$ | PnL: 3.890804 💵 | Сделок: 174
[2025-09-01 03:46:17][TRADE] Закрыта позиция BOME-USDT-SWAP SHORT PnL: 0.1208521 Причина: TP Баланс: 11.3996034392197 WinRate инструмента: 100%
🔄 Баланс: 11.3996034392197$ | PnL: 4.0116561 💵 | Сделок: 175
[2025-09-01 03:46:19][TRADE] Закрыта позиция CATI-USDT-SWAP SHORT PnL: 0.17048167 Причина: TP Баланс: 11.5610793551577 WinRate инструмента: 100%
🔄 Баланс: 11.5610793551577$ | PnL: 4.18213777 💵 | Сделок: 176
[2025-09-01 03:47:05][TRADE] Закрыта позиция SLP-USDT-SWAP SHORT PnL: 0.12540985 Причина: TP Баланс: 11.6774835810286 WinRate инструмента: 100%
🔄 Баланс: 11.6774835810286$ | PnL: 4.30754762 💵 | Сделок: 177
[2025-09-01 03:47:11][TRADE] Закрыта позиция TAO-USDT-SWAP SHORT PnL: 0.09176094 Причина: TP Баланс: 11.7736862245766 WinRate инструмента: 100%
🔄 Баланс: 11.7736862245766$ | PnL: 4.39930856 💵 | Сделок: 178
[2025-09-01 03:49:21][TRADE] Закрыта позиция ALCH-USDT-SWAP SHORT PnL: -0.0649995 Причина: SL Баланс: 11.6996831744416 WinRate инструмента: 0%
🔄 Баланс: 11.6996831744416$ | PnL: 4.33430906 💵 | Сделок: 179
[2025-09-01 03:50:04][TRADE] Закрыта позиция MERL-USDT-SWAP LONG PnL: -0.29944606 Причина: SL Баланс: 11.3912415316666 WinRate инструмента: 50%
🔄 Баланс: 11.3912415316666$ | PnL: 4.034863 💵 | Сделок: 180
[2025-09-01 04:00:39][TRADE] Закрыта позиция AVAX-USD-SWAP SHORT PnL: 0.10504418 Причина: TP Баланс: 11.4883395839986 WinRate инструмента: 50%
🔄 Баланс: 11.4883395839986$ | PnL: 4.13990718 💵 | Сделок: 181
[2025-09-01 04:00:44][TRADE] Закрыта позиция 1INCH-USDT-SWAP SHORT PnL: 0.09302164 Причина: TP Баланс: 11.5722082879186 WinRate инструмента: 100%
🔄 Баланс: 11.5722082879186$ | PnL: 4.23292882 💵 | Сделок: 182
[2025-09-01 04:00:56][TRADE] Закрыта позиция BABY-USDT-SWAP SHORT PnL: 0.11743603 Причина: TP Баланс: 11.6806461763586 WinRate инструмента: 100%
🔄 Баланс: 11.6806461763586$ | PnL: 4.35036485 💵 | Сделок: 183
[2025-09-01 04:00:57][TRADE] Закрыта позиция BAT-USDT-SWAP SHORT PnL: 0.10201031 Причина: TP Баланс: 11.7736485971786 WinRate инструмента: 100%
🔄 Баланс: 11.7736485971786$ | PnL: 4.45237516 💵 | Сделок: 184
[2025-09-01 04:00:59][TRADE] Закрыта позиция BLUR-USDT-SWAP SHORT PnL: 0.11360109 Причина: TP Баланс: 11.8852151911786 WinRate инструмента: 100%
🔄 Баланс: 11.8852151911786$ | PnL: 4.56597625 💵 | Сделок: 185
[2025-09-01 04:01:00][TRADE] Закрыта позиция BNT-USDT-SWAP SHORT PnL: 0.0975358 Причина: TP Баланс: 21.9827743811786 WinRate инструмента: 100%
🔄 Баланс: 21.9827743811786$ | PnL: 4.66351205 💵 | Сделок: 186
[2025-09-01 04:01:28][TRADE] Закрыта позиция LRC-USDT-SWAP LONG PnL: -0.29373064 Причина: SL Баланс: 11.6710373700748 WinRate инструмента: 0%
🔄 Баланс: 11.6710373700748$ | PnL: 4.36978141 💵 | Сделок: 187
[2025-09-01 04:01:31][TRADE] Закрыта позиция MAJOR-USDT-SWAP SHORT PnL: 0.10582627 Причина: TP Баланс: 11.7678696020666 WinRate инструмента: 100%
🔄 Баланс: 11.7678696020666$ | PnL: 4.47560768 💵 | Сделок: 188
[2025-09-01 04:01:38][TRADE] Закрыта позиция NEIRO-USDT-SWAP SHORT PnL: 0.12564248 Причина: TP Баланс: 11.8844981415486 WinRate инструмента: 100%
🔄 Баланс: 11.8844981415486$ | PnL: 4.60125016 💵 | Сделок: 189
[2025-09-01 04:01:58][TRADE] Закрыта позиция UNI-USDT-SWAP SHORT PnL: 0.08915714 Причина: TP Баланс: 11.9646826976086 WinRate инструмента: 100%
🔄 Баланс: 11.9646826976086$ | PnL: 4.6904073 💵 | Сделок: 190
[2025-09-01 04:02:31][TRADE] Закрыта позиция API3-USDT-SWAP SHORT PnL: 0.11443591 Причина: TP Баланс: 12.0701372250919 WinRate инструмента: 100%
🔄 Баланс: 12.0701372250919$ | PnL: 4.80484321 💵 | Сделок: 191
[2025-09-01 04:03:01][TRADE] Закрыта позиция JOE-USDT-SWAP LONG PnL: 0.34871187 Причина: TP Баланс: 12.4097148744919 WinRate инструмента: 100%
🔄 Баланс: 12.4097148744919$ | PnL: 5.15355508 💵 | Сделок: 192
[2025-09-01 04:03:05][TRADE] Закрыта позиция LDO-USDT-SWAP SHORT PnL: 0.13188475 Причина: TP Баланс: 12.5325160292519 WinRate инструмента: 100%
🔄 Баланс: 12.5325160292519$ | PnL: 5.28543983 💵 | Сделок: 193
[2025-09-01 04:03:18][TRADE] Закрыта позиция NEWT-USDT-SWAP SHORT PnL: 0.11768751 Причина: TP Баланс: 12.6412071427449 WinRate инструмента: 100%
🔄 Баланс: 12.6412071427449$ | PnL: 5.40312734 💵 | Сделок: 194
[2025-09-01 04:03:48][TRADE] Закрыта позиция ZEREBRO-USDT-SWAP SHORT PnL: 0.26113339 Причина: TP Баланс: 12.8933307835289 WinRate инструмента: 100%
🔄 Баланс: 12.8933307835289$ | PnL: 5.66426073 💵 | Сделок: 195
[2025-09-01 04:04:13][TRADE] Закрыта позиция APT-USDT-SWAP SHORT PnL: 0.08684392 Причина: TP Баланс: 12.9711229113561 WinRate инструмента: 50%
🔄 Баланс: 12.9711229113561$ | PnL: 5.75110465 💵 | Сделок: 196
[2025-09-01 04:04:14][TRADE] Закрыта позиция ARB-USDT-SWAP SHORT PnL: 0.13936983 Причина: TP Баланс: 23.1105104313561 WinRate инструмента: 100%
🔄 Баланс: 23.1105104313561$ | PnL: 5.89047448 💵 | Сделок: 197
[2025-09-01 04:04:36][TRADE] Закрыта позиция GMT-USDT-SWAP SHORT PnL: 0.10614897 Причина: TP Баланс: 13.1986165747171 WinRate инструмента: 50%
🔄 Баланс: 13.1986165747171$ | PnL: 5.99662345 💵 | Сделок: 198
[2025-09-01 04:04:43][TRADE] Закрыта позиция IOST-USDT-SWAP SHORT PnL: 0.08094657 Причина: TP Баланс: 13.2705596790609 WinRate инструмента: 100%
🔄 Баланс: 13.2705596790609$ | PnL: 6.07757002 💵 | Сделок: 199
[2025-09-01 04:04:48][TRADE] Закрыта позиция LINK-USDT-SWAP SHORT PnL: 0.1135894 Причина: TP Баланс: 13.3754683340749 WinRate инструмента: 100%
🔄 Баланс: 13.3754683340749$ | PnL: 6.19115942 💵 | Сделок: 200
[2025-09-01 04:04:49][TRADE] Закрыта позиция LPT-USDT-SWAP SHORT PnL: 0.09395952 Причина: TP Баланс: 23.4697385540749 WinRate инструмента: 100%
🔄 Баланс: 23.4697385540749$ | PnL: 6.28511894 💵 | Сделок: 201
[2025-09-01 04:04:51][TRADE] Закрыта позиция LUNA-USDT-SWAP SHORT PnL: 0.10391747 Причина: TP Баланс: 33.5736584940749 WinRate инструмента: 100%
🔄 Баланс: 33.5736584940749$ | PnL: 6.38903641 💵 | Сделок: 202
[2025-09-01 04:04:54][TRADE] Закрыта позиция ME-USDT-SWAP SHORT PnL: 0.0873189 Причина: TP Баланс: 33.6519335623249 WinRate инструмента: 100%
🔄 Баланс: 33.6519335623249$ | PnL: 6.47635531 💵 | Сделок: 203
[2025-09-01 04:04:56][TRADE] Закрыта позиция METIS-USDT-SWAP SHORT PnL: 0.12855589 Причина: TP Баланс: 43.7812444523249 WinRate инструмента: 100%
🔄 Баланс: 43.7812444523249$ | PnL: 6.6049112 💵 | Сделок: 204
[2025-09-01 04:05:09][TRADE] Закрыта позиция POPCAT-USDT-SWAP SHORT PnL: 0.15293809 Причина: TP Баланс: 13.9045053636094 WinRate инструмента: 100%
🔄 Баланс: 13.9045053636094$ | PnL: 6.75784929 💵 | Сделок: 205
[2025-09-01 04:05:12][TRADE] Закрыта позиция RSR-USDT-SWAP SHORT PnL: 0.11917418 Причина: TP Баланс: 14.014674985819 WinRate инструмента: 100%
🔄 Баланс: 14.014674985819$ | PnL: 6.87702347 💵 | Сделок: 206
[2025-09-01 04:05:13][TRADE] Закрыта позиция SHIB-USDT-SWAP SHORT PnL: 0.08411457 Причина: TP Баланс: 14.0897893473798 WinRate инструмента: 50%
🔄 Баланс: 14.0897893473798$ | PnL: 6.96113804 💵 | Сделок: 207
[2025-09-01 04:05:17][TRADE] Закрыта позиция SONIC-USDT-SWAP SHORT PnL: 0.09994838 Причина: TP Баланс: 14.1807287214401 WinRate инструмента: 100%
🔄 Баланс: 14.1807287214401$ | PnL: 7.06108642 💵 | Сделок: 208
[2025-09-01 04:05:23][TRADE] Закрыта позиция TIA-USDT-SWAP SHORT PnL: 0.13921734 Причина: TP Баланс: 14.3109634179841 WinRate инструмента: 100%
🔄 Баланс: 14.3109634179841$ | PnL: 7.20030376 💵 | Сделок: 209
[2025-09-01 04:05:30][TRADE] Закрыта позиция WLD-USDT-SWAP SHORT PnL: 0.12794922 Причина: TP Баланс: 14.4298720865081 WinRate инструмента: 100%
🔄 Баланс: 14.4298720865081$ | PnL: 7.32825298 💵 | Сделок: 210
[2025-09-01 04:05:47][TRADE] Закрыта позиция DOGE-USD-SWAP SHORT PnL: 0.11516466 Причина: TP Баланс: 14.5360272248665 WinRate инструмента: 100%
🔄 Баланс: 14.5360272248665$ | PnL: 7.44341764 💵 | Сделок: 211
[2025-09-01 04:05:55][TRADE] Закрыта позиция ACT-USDT-SWAP SHORT PnL: 0.12094538 Причина: TP Баланс: 14.6478678021335 WinRate инструмента: 100%
🔄 Баланс: 14.6478678021335$ | PnL: 7.56436302 💵 | Сделок: 212
[2025-09-01 04:06:12][TRADE] Закрыта позиция COOKIE-USDT-SWAP SHORT PnL: 0.14398165 Причина: TP Баланс: 14.7828486600055 WinRate инструмента: 100%
🔄 Баланс: 14.7828486600055$ | PnL: 7.70834467 💵 | Сделок: 213
[2025-09-01 04:06:24][TRADE] Закрыта позиция GRT-USDT-SWAP SHORT PnL: 0.10827162 Причина: TP Баланс: 14.8821339860855 WinRate инструмента: 100%
🔄 Баланс: 14.8821339860855$ | PnL: 7.81661629 💵 | Сделок: 214
[2025-09-01 04:06:31][TRADE] Закрыта позиция IP-USDT-SWAP LONG PnL: -0.16536982 Причина: SL Баланс: 14.7074980794455 WinRate инструмента: 0%
🔄 Баланс: 14.7074980794455$ | PnL: 7.65124647 💵 | Сделок: 215
[2025-09-01 04:06:35][TRADE] Закрыта позиция LA-USDT-SWAP SHORT PnL: 0.15446274 Причина: TP Баланс: 14.8529703276455 WinRate инструмента: 100%
🔄 Баланс: 14.8529703276455$ | PnL: 7.80570921 💵 | Сделок: 216
[2025-09-01 04:06:37][TRADE] Закрыта позиция LQTY-USDT-SWAP SHORT PnL: 0.1195155 Причина: TP Баланс: 14.9634782431975 WinRate инструмента: 100%
🔄 Баланс: 14.9634782431975$ | PnL: 7.92522471 💵 | Сделок: 217
[2025-09-01 04:06:47][TRADE] Закрыта позиция MUBARAK-USDT-SWAP SHORT PnL: 0.12002648 Причина: TP Баланс: 15.0745030163075 WinRate инструмента: 100%
🔄 Баланс: 15.0745030163075$ | PnL: 8.04525119 💵 | Сделок: 218
[2025-09-01 04:06:48][TRADE] Закрыта позиция NEAR-USDT-SWAP SHORT PnL: 0.13079047 Причина: TP Баланс: 25.2052198863075 WinRate инструмента: 100%
🔄 Баланс: 25.2052198863075$ | PnL: 8.17604166 💵 | Сделок: 219
[2025-09-01 04:06:53][TRADE] Закрыта позиция OM-USDT-SWAP SHORT PnL: 0.10367799 Причина: TP Баланс: 15.290900590917 WinRate инструмента: 100%
🔄 Баланс: 15.290900590917$ | PnL: 8.27971965 💵 | Сделок: 220
[2025-09-01 04:16:08][TRADE] Закрыта позиция DOG-USDT-SWAP SHORT PnL: 0.12873503 Причина: TP Баланс: 15.410650591853 WinRate инструмента: 100%
🔄 Баланс: 15.410650591853$ | PnL: 8.40845467999999 💵 | Сделок: 221
[2025-09-01 04:17:41][TRADE] Закрыта позиция CFX-USDT-SWAP SHORT PnL: -0.08561001 Причина: SL Баланс: 15.3160463194877 WinRate инструмента: 50%
🔄 Баланс: 15.3160463194877$ | PnL: 8.32284466999999 💵 | Сделок: 222
[2025-09-01 04:21:13][TRADE] Закрыта позиция JOE-USDT-SWAP LONG PnL: -0.27775849 Причина: SL Баланс: 15.0304558779877 WinRate инструмента: 50%
🔄 Баланс: 15.0304558779877$ | PnL: 8.04508617999999 💵 | Сделок: 223
[2025-09-01 04:22:00][TRADE] Закрыта позиция ZRX-USDT-SWAP LONG PnL: -0.2618033 Причина: SL Баланс: 14.7596395394017 WinRate инструмента: 0%
🔄 Баланс: 14.7596395394017$ | PnL: 7.78328287999999 💵 | Сделок: 224
[2025-09-01 04:22:51][TRADE] Закрыта позиция HMSTR-USDT-SWAP SHORT PnL: 0.11777488 Причина: TP Баланс: 14.8000799908217 WinRate инструмента: 100%
🔄 Баланс: 14.8000799908217$ | PnL: 7.90105775999999 💵 | Сделок: 225
[2025-09-01 04:23:59][TRADE] Закрыта позиция AAVE-USDT-SWAP SHORT PnL: 0.11363166 Причина: TP Баланс: 14.9139915727677 WinRate инструмента: 100%
🔄 Баланс: 14.9139915727677$ | PnL: 8.01468941999999 💵 | Сделок: 226
[2025-09-01 04:25:57][TRADE] Закрыта позиция DOT-USDT-SWAP SHORT PnL: 0.11038123 Причина: TP Баланс: 15.0152129238766 WinRate инструмента: 100%
🔄 Баланс: 15.0152129238766$ | PnL: 8.12507064999999 💵 | Сделок: 227
[2025-09-01 04:26:07][TRADE] Закрыта позиция HBAR-USDT-SWAP SHORT PnL: 0.13280693 Причина: TP Баланс: 15.1390539955126 WinRate инструмента: 100%
🔄 Баланс: 15.1390539955126$ | PnL: 8.25787757999999 💵 | Сделок: 228
[2025-09-01 04:26:12][TRADE] Закрыта позиция JUP-USDT-SWAP SHORT PnL: 0.14932324 Причина: TP Баланс: 15.2793599362603 WinRate инструмента: 100%
🔄 Баланс: 15.2793599362603$ | PnL: 8.40720081999999 💵 | Сделок: 229
[2025-09-01 04:26:43][TRADE] Закрыта позиция SSV-USDT-SWAP SHORT PnL: 0.14220201 Причина: TP Баланс: 15.4131675631603 WinRate инструмента: 100%
🔄 Баланс: 15.4131675631603$ | PnL: 8.54940282999999 💵 | Сделок: 230
[2025-09-01 04:26:46][TRADE] Закрыта позиция THETA-USDT-SWAP SHORT PnL: 0.1232446 Причина: TP Баланс: 15.5274063477963 WinRate инструмента: 100%
🔄 Баланс: 15.5274063477963$ | PnL: 8.67264742999999 💵 | Сделок: 231
[2025-09-01 04:26:55][TRADE] Закрыта позиция XLM-USDT-SWAP SHORT PnL: 0.10963699 Причина: TP Баланс: 15.6280917793863 WinRate инструмента: 50%
🔄 Баланс: 15.6280917793863$ | PnL: 8.78228441999999 💵 | Сделок: 232
[2025-09-01 04:26:56][TRADE] Закрыта позиция YFI-USDT-SWAP SHORT PnL: 0.08947389 Причина: TP Баланс: 25.7552656693863 WinRate инструмента: 100%
🔄 Баланс: 25.7552656693863$ | PnL: 8.87175830999999 💵 | Сделок: 233
[2025-09-01 04:27:25][TRADE] Закрыта позиция ARKM-USDT-SWAP SHORT PnL: 0.15415856 Причина: TP Баланс: 15.8914094352733 WinRate инструмента: 100%
🔄 Баланс: 15.8914094352733$ | PnL: 9.02591686999999 💵 | Сделок: 234
[2025-09-01 04:27:27][TRADE] Закрыта позиция AUCTION-USDT-SWAP SHORT PnL: 0.09613046 Причина: TP Баланс: 25.9875382952733 WinRate инструмента: 50%
🔄 Баланс: 25.9875382952733$ | PnL: 9.12204732999999 💵 | Сделок: 235
[2025-09-01 04:27:33][TRADE] Закрыта позиция BRETT-USDT-SWAP SHORT PnL: 0.16203794 Причина: TP Баланс: 16.1316007032136 WinRate инструмента: 100%
🔄 Баланс: 16.1316007032136$ | PnL: 9.28408526999999 💵 | Сделок: 236
[2025-09-01 04:27:35][TRADE] Закрыта позиция CETUS-USDT-SWAP SHORT PnL: 0.15433272 Причина: TP Баланс: 26.2859350472136 WinRate инструмента: 50%
🔄 Баланс: 26.2859350472136$ | PnL: 9.43841798999999 💵 | Сделок: 237
[2025-09-01 04:32:24][TRADE] Закрыта позиция ATOM-USDT-SWAP SHORT PnL: 0.09600381 Причина: TP Баланс: 16.3639936385048 WinRate инструмента: 100%
🔄 Баланс: 16.3639936385048$ | PnL: 9.53442179999999 💵 | Сделок: 238
[2025-09-01 04:32:32][TRADE] Закрыта позиция CHZ-USDT-SWAP SHORT PnL: 0.09534879 Причина: TP Баланс: 16.4507308956248 WinRate инструмента: 50%
🔄 Баланс: 16.4507308956248$ | PnL: 9.62977058999999 💵 | Сделок: 239
[2025-09-01 04:32:52][TRADE] Закрыта позиция KAITO-USDT-SWAP SHORT PnL: 0.12013148 Причина: TP Баланс: 16.5618977242544 WinRate инструмента: 100%
🔄 Баланс: 16.5618977242544$ | PnL: 9.74990206999999 💵 | Сделок: 240
[2025-09-01 04:33:16][TRADE] Закрыта позиция PROMPT-USDT-SWAP SHORT PnL: -0.30463391 Причина: SL Баланс: 16.2482784792544 WinRate инструмента: 0%
🔄 Баланс: 16.2482784792544$ | PnL: 9.44526815999999 💵 | Сделок: 241
[2025-09-01 04:35:40][TRADE] Закрыта позиция ARC-USDT-SWAP SHORT PnL: 0.19781199 Причина: TP Баланс: 16.4370885298432 WinRate инструмента: 100%
🔄 Баланс: 16.4370885298432$ | PnL: 9.64308014999999 💵 | Сделок: 242
[2025-09-01 04:35:43][TRADE] Закрыта позиция AVAAI-USDT-SWAP SHORT PnL: 0.15910891 Причина: TP Баланс: 16.5871970676632 WinRate инструмента: 66.67%
🔄 Баланс: 16.5871970676632$ | PnL: 9.80218905999999 💵 | Сделок: 243
[2025-09-01 04:35:58][TRADE] Закрыта позиция ETC-USDT-SWAP SHORT PnL: 0.09429802 Причина: TP Баланс: 16.6733468011112 WinRate инструмента: 100%
🔄 Баланс: 16.6733468011112$ | PnL: 9.89648707999999 💵 | Сделок: 244
[2025-09-01 04:36:04][TRADE] Закрыта позиция GRIFFAIN-USDT-SWAP SHORT PnL: 0.18549545 Причина: TP Баланс: 16.8498469437012 WinRate инструмента: 100%
🔄 Баланс: 16.8498469437012$ | PnL: 10.08198253 💵 | Сделок: 245
[2025-09-01 04:36:09][TRADE] Закрыта позиция IOTA-USDT-SWAP SHORT PnL: 0.11137751 Причина: TP Баланс: 16.9522287986266 WinRate инструмента: 100%
🔄 Баланс: 16.9522287986266$ | PnL: 10.19336004 💵 | Сделок: 246
[2025-09-01 04:36:19][TRADE] Закрыта позиция MANA-USDT-SWAP SHORT PnL: 0.13522682 Причина: TP Баланс: 17.0784692683836 WinRate инструмента: 100%
🔄 Баланс: 17.0784692683836$ | PnL: 10.32858686 💵 | Сделок: 247
[2025-09-01 04:36:30][TRADE] Закрыта позиция NOT-USDT-SWAP SHORT PnL: 0.11745657 Причина: TP Баланс: 17.1869377441116 WinRate инструмента: 50%
🔄 Баланс: 17.1869377441116$ | PnL: 10.44604343 💵 | Сделок: 248
[2025-09-01 04:36:33][TRADE] Закрыта позиция ONDO-USDT-SWAP SHORT PnL: 0.12267052 Причина: TP Баланс: 17.3005948255516 WinRate инструмента: 100%
🔄 Баланс: 17.3005948255516$ | PnL: 10.56871395 💵 | Сделок: 249
[2025-09-01 04:36:34][TRADE] Закрыта позиция ORDI-USDT-SWAP SHORT PnL: 0.13894398 Причина: TP Баланс: 17.4305277885161 WinRate инструмента: 100%
🔄 Баланс: 17.4305277885161$ | PnL: 10.70765793 💵 | Сделок: 250
[2025-09-01 04:36:37][TRADE] Закрыта позиция PRCL-USDT-SWAP SHORT PnL: 0.16306497 Причина: TP Баланс: 17.5845976927941 WinRate инструмента: 100%
🔄 Баланс: 17.5845976927941$ | PnL: 10.8707229 💵 | Сделок: 251
[2025-09-01 04:36:42][TRADE] Закрыта позиция RENDER-USDT-SWAP SHORT PnL: 0.11891828 Причина: TP Баланс: 27.7036673727941 WinRate инструмента: 100%
🔄 Баланс: 27.7036673727941$ | PnL: 10.98964118 💵 | Сделок: 252
[2025-09-01 04:36:46][TRADE] Закрыта позиция SNX-USDT-SWAP SHORT PnL: 0.13714976 Причина: TP Баланс: 17.8228434596297 WinRate инструмента: 75%
🔄 Баланс: 17.8228434596297$ | PnL: 11.12679094 💵 | Сделок: 253
[2025-09-01 04:36:48][TRADE] Закрыта позиция SOPH-USDT-SWAP SHORT PnL: 0.12296751 Причина: TP Баланс: 17.9368078832897 WinRate инструмента: 100%
🔄 Баланс: 17.9368078832897$ | PnL: 11.24975845 💵 | Сделок: 254
[2025-09-01 04:36:58][TRADE] Закрыта позиция VIRTUAL-USDT-SWAP SHORT PnL: 0.1362144 Причина: TP Баланс: 18.0637462369197 WinRate инструмента: 100%
🔄 Баланс: 18.0637462369197$ | PnL: 11.38597285 💵 | Сделок: 255
[2025-09-01 04:37:29][TRADE] Закрыта позиция AR-USDT-SWAP SHORT PnL: 0.12270165 Причина: TP Баланс: 18.1775842970869 WinRate инструмента: 100%
🔄 Баланс: 18.1775842970869$ | PnL: 11.5086745 💵 | Сделок: 256
[2025-09-01 04:37:37][TRADE] Закрыта позиция BOME-USDT-SWAP SHORT PnL: 0.13821286 Причина: TP Баланс: 18.3067919216259 WinRate инструмента: 100%
🔄 Баланс: 18.3067919216259$ | PnL: 11.64688736 💵 | Сделок: 257
[2025-09-01 04:37:46][TRADE] Закрыта позиция DUCK-USDT-SWAP SHORT PnL: -0.09164767 Причина: SL Баланс: 18.2061446260939 WinRate инструмента: 50%
🔄 Баланс: 18.2061446260939$ | PnL: 11.55523969 💵 | Сделок: 258
[2025-09-01 04:39:54][TRADE] Закрыта позиция NXPC-USDT-SWAP SHORT PnL: 0.09270579 Причина: TP Баланс: 18.2896604760939 WinRate инструмента: 100%
🔄 Баланс: 18.2896604760939$ | PnL: 11.64794548 💵 | Сделок: 259
[2025-09-01 04:40:17][TRADE] Закрыта позиция WCT-USDT-SWAP SHORT PnL: 0.11500297 Причина: TP Баланс: 18.3956529956889 WinRate инструмента: 50%
🔄 Баланс: 18.3956529956889$ | PnL: 11.76294845 💵 | Сделок: 260
[2025-09-01 04:44:24][TRADE] Закрыта позиция GRT-USDT-SWAP SHORT PnL: -0.10604643 Причина: SL Баланс: 18.2806291589309 WinRate инструмента: 50%
🔄 Баланс: 18.2806291589309$ | PnL: 11.65690202 💵 | Сделок: 261
[2025-09-01 04:44:51][TRADE] Закрыта позиция PENGU-USDT-SWAP SHORT PnL: -0.13170973 Причина: SL Баланс: 18.13991271417 WinRate инструмента: 0%
🔄 Баланс: 18.13991271417$ | PnL: 11.52519229 💵 | Сделок: 262
[2025-09-01 04:47:15][TRADE] Закрыта позиция ARB-USDT-SWAP SHORT PnL: -0.15911358 Причина: SL Баланс: 17.9718047004184 WinRate инструмента: 50%
🔄 Баланс: 17.9718047004184$ | PnL: 11.36607871 💵 | Сделок: 263
[2025-09-01 04:47:23][TRADE] Закрыта позиция BRETT-USDT-SWAP SHORT PnL: -0.15496967 Причина: SL Баланс: 17.8078348066848 WinRate инструмента: 66.67%
🔄 Баланс: 17.8078348066848$ | PnL: 11.21110904 💵 | Сделок: 264
[2025-09-01 04:47:33][TRADE] Закрыта позиция ETHW-USDT-SWAP SHORT PnL: -0.1090842 Причина: SL Баланс: 17.6897422877904 WinRate инструмента: 50%
🔄 Баланс: 17.6897422877904$ | PnL: 11.10202484 💵 | Сделок: 265
[2025-09-01 04:47:40][TRADE] Закрыта позиция HMSTR-USDT-SWAP SHORT PnL: -0.11250082 Причина: SL Баланс: 17.5682279849744 WinRate инструмента: 66.67%
🔄 Баланс: 17.5682279849744$ | PnL: 10.98952402 💵 | Сделок: 266
[2025-09-01 04:47:47][TRADE] Закрыта позиция JUP-USDT-SWAP SHORT PnL: -0.14386915 Причина: SL Баланс: 17.4153743186544 WinRate инструмента: 50%
🔄 Баланс: 17.4153743186544$ | PnL: 10.84565487 💵 | Сделок: 267
[2025-09-01 04:47:55][TRADE] Закрыта позиция ME-USDT-SWAP SHORT PnL: -0.09773611 Причина: SL Баланс: 17.3085829697024 WinRate инструмента: 50%
🔄 Баланс: 17.3085829697024$ | PnL: 10.74791876 💵 | Сделок: 268
[2025-09-01 04:48:06][TRADE] Закрыта позиция OM-USDT-SWAP SHORT PnL: -0.12366933 Причина: SL Баланс: 17.1762253214024 WinRate инструмента: 66.67%
🔄 Баланс: 17.1762253214024$ | PnL: 10.62424943 💵 | Сделок: 269
[2025-09-01 04:48:06][TRADE] Закрыта позиция ONDO-USDT-SWAP SHORT PnL: -0.11780493 Причина: SL Баланс: 27.0584208414024 WinRate инструмента: 50%
🔄 Баланс: 27.0584208414024$ | PnL: 10.5064445 💵 | Сделок: 270
[2025-09-01 04:48:12][TRADE] Закрыта позиция RSR-USDT-SWAP SHORT PnL: -0.11691819 Причина: SL Баланс: 16.9234920525324 WinRate инструмента: 66.67%
🔄 Баланс: 16.9234920525324$ | PnL: 10.38952631 💵 | Сделок: 271
[2025-09-01 04:48:13][TRADE] Закрыта позиция S-USDT-SWAP SHORT PnL: -0.10920091 Причина: SL Баланс: 26.8142833925324 WinRate инструмента: 0%
🔄 Баланс: 26.8142833925324$ | PnL: 10.2803254 💵 | Сделок: 272
[2025-09-01 04:48:16][TRADE] Закрыта позиция SLP-USDT-SWAP SHORT PnL: -0.110675 Причина: SL Баланс: 16.6856260714894 WinRate инструмента: 50%
🔄 Баланс: 16.6856260714894$ | PnL: 10.1696504 💵 | Сделок: 273
[2025-09-01 04:48:19][TRADE] Закрыта позиция SSV-USDT-SWAP SHORT PnL: -0.1414775 Причина: SL Баланс: 16.5353878804894 WinRate инструмента: 50%
🔄 Баланс: 16.5353878804894$ | PnL: 10.0281729 💵 | Сделок: 274
[2025-09-01 04:48:30][TRADE] Закрыта позиция WIF-USDT-SWAP SHORT PnL: -0.14247225 Причина: SL Баланс: 16.3839159700194 WinRate инструмента: 50%
🔄 Баланс: 16.3839159700194$ | PnL: 9.88570064999999 💵 | Сделок: 275
[2025-09-01 04:49:00][TRADE] Закрыта позиция ARKM-USDT-SWAP SHORT PnL: -0.13085916 Причина: SL Баланс: 16.2440890388194 WinRate инструмента: 50%
🔄 Баланс: 16.2440890388194$ | PnL: 9.75484148999999 💵 | Сделок: 276
[2025-09-01 04:58:54][TRADE] Закрыта позиция CRO-USDT-SWAP LONG PnL: -0.34024125 Причина: SL Баланс: 15.8946632835394 WinRate инструмента: 0%
🔄 Баланс: 15.8946632835394$ | PnL: 9.41460023999999 💵 | Сделок: 277
[2025-09-01 05:00:30][TRADE] Закрыта позиция CORE-USDT-SWAP SHORT PnL: 0.14622898 Причина: TP Баланс: 16.0318910725394 WinRate инструмента: 100%
🔄 Баланс: 16.0318910725394$ | PnL: 9.56082921999999 💵 | Сделок: 278
[2025-09-01 05:04:07][TRADE] Закрыта позиция MAJOR-USDT-SWAP SHORT PnL: -0.11065511 Причина: SL Баланс: 15.9122411366908 WinRate инструмента: 66.67%
🔄 Баланс: 15.9122411366908$ | PnL: 9.45017410999999 💵 | Сделок: 279
[2025-09-01 05:09:16][TRADE] Закрыта позиция NMR-USDT-SWAP SHORT PnL: 0.27262603 Причина: TP Баланс: 16.1762940869788 WinRate инструмента: 50%
🔄 Баланс: 16.1762940869788$ | PnL: 9.72280013999999 💵 | Сделок: 280
[2025-09-01 05:10:31][TRADE] Закрыта позиция FXS-USDT-SWAP SHORT PnL: 0.10560774 Причина: TP Баланс: 16.2728377497093 WinRate инструмента: 100%
🔄 Баланс: 16.2728377497093$ | PnL: 9.82840787999999 💵 | Сделок: 281
[2025-09-01 05:32:06][TRADE] Закрыта позиция ONE-USDT-SWAP SHORT PnL: -0.1312045 Причина: SL Баланс: 16.1326331229597 WinRate инструмента: 0%
🔄 Баланс: 16.1326331229597$ | PnL: 9.69720337999999 💵 | Сделок: 282
[2025-09-01 05:32:16][TRADE] Закрыта позиция SOLV-USDT-SWAP SHORT PnL: -0.06020857 Причина: SL Баланс: 16.0630648433597 WinRate инструмента: 0%
🔄 Баланс: 16.0630648433597$ | PnL: 9.63699480999999 💵 | Сделок: 283
[2025-09-01 05:32:16][TRADE] Закрыта позиция SONIC-USDT-SWAP SHORT PnL: -0.11665342 Причина: SL Баланс: 25.9464140233597 WinRate инструмента: 50%
🔄 Баланс: 25.9464140233597$ | PnL: 9.52034138999999 💵 | Сделок: 284
[2025-09-01 05:32:36][TRADE] Закрыта позиция ETH-USDC-SWAP SHORT PnL: -0.08941127 Причина: SL Баланс: 15.9070487792667 WinRate инструмента: 0%
🔄 Баланс: 15.9070487792667$ | PnL: 9.43093011999999 💵 | Сделок: 285
[2025-09-01 05:36:44][TRADE] Закрыта позиция KSM-USDT-SWAP SHORT PnL: -0.11082739 Причина: SL Баланс: 15.6596669101667 WinRate инструмента: 0%
🔄 Баланс: 15.6596669101667$ | PnL: 9.32010272999999 💵 | Сделок: 286
[2025-09-01 05:37:44][TRADE] Закрыта позиция ETH-USDT-SWAP SHORT PnL: -0.09765509 Причина: SL Баланс: 15.6306345034167 WinRate инструмента: 0%
🔄 Баланс: 15.6306345034167$ | PnL: 9.22244763999999 💵 | Сделок: 287
[2025-09-01 05:38:02][TRADE] Закрыта позиция CELO-USDT-SWAP SHORT PnL: -0.10567689 Причина: SL Баланс: 15.5159910889847 WinRate инструмента: 0%
🔄 Баланс: 15.5159910889847$ | PnL: 9.11677074999999 💵 | Сделок: 288
[2025-09-01 05:38:10][TRADE] Закрыта позиция DYDX-USDT-SWAP SHORT PnL: -0.10932776 Причина: SL Баланс: 15.3976352003082 WinRate инструмента: 0%
🔄 Баланс: 15.3976352003082$ | PnL: 9.00744298999999 💵 | Сделок: 289
[2025-09-01 05:41:56][TRADE] Закрыта позиция PARTI-USDT-SWAP LONG PnL: 0.34710159 Причина: TP Баланс: 15.7357726806282 WinRate инструмента: 50%
🔄 Баланс: 15.7357726806282$ | PnL: 9.35454457999999 💵 | Сделок: 290
[2025-09-01 05:44:28][TRADE] Закрыта позиция BAT-USDT-SWAP SHORT PnL: -0.1072304 Причина: SL Баланс: 15.6195495050782 WinRate инструмента: 50%
🔄 Баланс: 15.6195495050782$ | PnL: 9.24731417999999 💵 | Сделок: 291
[2025-09-01 05:45:15][TRADE] Закрыта позиция RVN-USDT-SWAP SHORT PnL: -0.07960714 Причина: SL Баланс: 15.5310184412982 WinRate инструмента: 0%
🔄 Баланс: 15.5310184412982$ | PnL: 9.16770703999999 💵 | Сделок: 292
[2025-09-01 05:46:18][TRADE] Закрыта позиция EGLD-USDT-SWAP SHORT PnL: -0.11123392 Причина: SL Баланс: 15.4109845217852 WinRate инструмента: 0%
🔄 Баланс: 15.4109845217852$ | PnL: 9.05647311999999 💵 | Сделок: 293
[2025-09-01 05:47:02][TRADE] Закрыта позиция STORJ-USDT-SWAP SHORT PnL: -0.08926323 Причина: SL Баланс: 15.3127556792532 WinRate инструмента: 0%
🔄 Баланс: 15.3127556792532$ | PnL: 8.96720988999999 💵 | Сделок: 294
[2025-09-01 05:47:02][TRADE] Закрыта позиция STRK-USDT-SWAP SHORT PnL: -0.13480533 Причина: SL Баланс: 25.1779563092532 WinRate инструмента: 0%
🔄 Баланс: 25.1779563092532$ | PnL: 8.83240455999999 💵 | Сделок: 295
[2025-09-01 05:47:08][TRADE] Закрыта позиция TIA-USDT-SWAP SHORT PnL: -0.13598159 Причина: SL Баланс: 15.0256732381072 WinRate инструмента: 50%
🔄 Баланс: 15.0256732381072$ | PnL: 8.69642296999999 💵 | Сделок: 296
[2025-09-01 06:01:46][TRADE] Закрыта позиция TREE-USDT-SWAP LONG PnL: -0.25688381 Причина: SL Баланс: 14.7597894371072 WinRate инструмента: 50%
🔄 Баланс: 14.7597894371072$ | PnL: 8.43953915999999 💵 | Сделок: 297
[2025-09-01 06:11:45][TRADE] Закрыта позиция ZETA-USDT-SWAP SHORT PnL: 0.11853253 Причина: TP Баланс: 14.8693306272692 WinRate инструмента: 100%
🔄 Баланс: 14.8693306272692$ | PnL: 8.55807168999999 💵 | Сделок: 298
[2025-09-01 06:12:16][TRADE] Закрыта позиция BCH-USDT-SWAP SHORT PnL: 0.08920829 Причина: TP Баланс: 14.9425777962612 WinRate инструмента: 50%
🔄 Баланс: 14.9425777962612$ | PnL: 8.64727997999999 💵 | Сделок: 299
[2025-09-01 06:12:59][TRADE] Закрыта позиция PENGU-USDT-SWAP SHORT PnL: 0.20969077 Причина: TP Баланс: 15.1432663347047 WinRate инструмента: 50%
🔄 Баланс: 15.1432663347047$ | PnL: 8.85697074999999 💵 | Сделок: 300
[2025-09-01 06:13:13][TRADE] Закрыта позиция TRX-USDT-SWAP SHORT PnL: 0.03482539 Причина: TP Баланс: 15.1690796346768 WinRate инструмента: 50%
🔄 Баланс: 15.1690796346768$ | PnL: 8.89179613999999 💵 | Сделок: 301
[2025-09-01 06:13:16][TRADE] Закрыта позиция VANA-USDT-SWAP SHORT PnL: 0.11280759 Причина: TP Баланс: 15.2730071313368 WinRate инструмента: 100%
🔄 Баланс: 15.2730071313368$ | PnL: 9.00460372999999 💵 | Сделок: 302
[2025-09-01 06:13:19][TRADE] Закрыта позиция WAXP-USDT-SWAP SHORT PnL: 0.09454364 Причина: TP Баланс: 15.3586036303438 WinRate инструмента: 100%
🔄 Баланс: 15.3586036303438$ | PnL: 9.09914736999999 💵 | Сделок: 303
[2025-09-01 06:13:47][TRADE] Закрыта позиция ALGO-USDT-SWAP SHORT PnL: 0.1212081 Причина: TP Баланс: 15.4708030817838 WinRate инструмента: 66.67%
🔄 Баланс: 15.4708030817838$ | PnL: 9.22035546999999 💵 | Сделок: 304
[2025-09-01 06:13:47][TRADE] Закрыта позиция ANIME-USDT-SWAP SHORT PnL: 0.11434734 Причина: TP Баланс: 25.5851499257838 WinRate инструмента: 50%
🔄 Баланс: 25.5851499257838$ | PnL: 9.33470280999999 💵 | Сделок: 305
[2025-09-01 06:21:54][TRADE] Закрыта позиция BABY-USDT-SWAP SHORT PnL: 0.15862354 Причина: TP Баланс: 15.7257536324488 WinRate инструмента: 100%
🔄 Баланс: 15.7257536324488$ | PnL: 9.49332634999999 💵 | Сделок: 306
[2025-09-01 06:22:18][TRADE] Закрыта позиция JTO-USDT-SWAP SHORT PnL: 0.10951566 Причина: TP Баланс: 15.8263480380838 WinRate инструмента: 100%
🔄 Баланс: 15.8263480380838$ | PnL: 9.60284200999999 💵 | Сделок: 307
[2025-09-01 06:25:08][TRADE] Закрыта позиция BAND-USDT-SWAP SHORT PnL: 0.13592212 Причина: TP Баланс: 15.9532887656438 WinRate инструмента: 100%
🔄 Баланс: 15.9532887656438$ | PnL: 9.73876412999999 💵 | Сделок: 308
[2025-09-01 06:25:20][TRADE] Закрыта позиция DOOD-USDT-SWAP SHORT PnL: 0.10260896 Причина: TP Баланс: 16.0218051240438 WinRate инструмента: 100%
🔄 Баланс: 16.0218051240438$ | PnL: 9.84137308999999 💵 | Сделок: 309
[2025-09-01 06:25:28][TRADE] Закрыта позиция GOAT-USDT-SWAP SHORT PnL: 0.16745336 Причина: TP Баланс: 16.1801303836038 WinRate инструмента: 100%
🔄 Баланс: 16.1801303836038$ | PnL: 10.00882645 💵 | Сделок: 310
[2025-09-01 06:25:36][TRADE] Закрыта позиция KAITO-USDT-SWAP SHORT PnL: 0.16912426 Причина: TP Баланс: 16.3402987403382 WinRate инструмента: 100%
🔄 Баланс: 16.3402987403382$ | PnL: 10.17795071 💵 | Сделок: 311
[2025-09-01 06:25:41][TRADE] Закрыта позиция LTC-USDT-SWAP SHORT PnL: 0.08443772 Причина: TP Баланс: 16.4143924027382 WinRate инструмента: 100%
🔄 Баланс: 16.4143924027382$ | PnL: 10.26238843 💵 | Сделок: 312
[2025-09-01 06:25:42][TRADE] Закрыта позиция LUNC-USDT-SWAP SHORT PnL: 0.06811094 Причина: TP Баланс: 26.4825033407482 WinRate инструмента: 100%
🔄 Баланс: 26.4825033407482$ | PnL: 10.33049937 💵 | Сделок: 313
[2025-09-01 06:25:44][TRADE] Закрыта позиция MASK-USDT-SWAP SHORT PnL: 0.10410222 Причина: TP Баланс: 36.5866630607482 WinRate инструмента: 100%
🔄 Баланс: 36.5866630607482$ | PnL: 10.43460159 💵 | Сделок: 314
[2025-09-01 06:25:48][TRADE] Закрыта позиция MINA-USDT-SWAP SHORT PnL: 0.13277777 Причина: TP Баланс: 36.7104756243732 WinRate инструмента: 100%
🔄 Баланс: 36.7104756243732$ | PnL: 10.56737936 💵 | Сделок: 315
[2025-09-01 06:25:49][TRADE] Закрыта позиция MKR-USDT-SWAP SHORT PnL: 0.08979997 Причина: TP Баланс: 46.7940255943732 WinRate инструмента: 100%
🔄 Баланс: 46.7940255943732$ | PnL: 10.65717933 💵 | Сделок: 316
[2025-09-01 06:25:49][TRADE] Закрыта позиция MOODENG-USDT-SWAP SHORT PnL: 0.13673537 Причина: TP Баланс: 56.9307620593732 WinRate инструмента: 100%
🔄 Баланс: 56.9307620593732$ | PnL: 10.7939147 💵 | Сделок: 317
[2025-09-01 06:25:53][TRADE] Закрыта позиция NEIRO-USDT-SWAP SHORT PnL: 0.16371004 Причина: TP Баланс: 47.0764488812432 WinRate инструмента: 100%
🔄 Баланс: 47.0764488812432$ | PnL: 10.95762474 💵 | Сделок: 318
[2025-09-01 06:26:00][TRADE] Закрыта позиция PEOPLE-USDT-SWAP SHORT PnL: 0.1984485 Причина: TP Баланс: 17.2390022397792 WinRate инструмента: 100%
🔄 Баланс: 17.2390022397792$ | PnL: 11.15607324 💵 | Сделок: 319
[2025-09-01 06:26:06][TRADE] Закрыта позиция SHIB-USDT-SWAP SHORT PnL: 0.12015369 Причина: TP Баланс: 17.3501600830277 WinRate инструмента: 66.67%
🔄 Баланс: 17.3501600830277$ | PnL: 11.27622693 💵 | Сделок: 320
[2025-09-01 06:26:11][TRADE] Закрыта позиция SUSHI-USDT-SWAP SHORT PnL: 0.19245367 Причина: TP Баланс: 17.533644912923 WinRate инструмента: 100%
🔄 Баланс: 17.533644912923$ | PnL: 11.4686806 💵 | Сделок: 321
[2025-09-01 06:26:13][TRADE] Закрыта позиция TAO-USDT-SWAP SHORT PnL: 0.14451841 Причина: TP Баланс: 17.6674031457637 WinRate инструмента: 100%
🔄 Баланс: 17.6674031457637$ | PnL: 11.61319901 💵 | Сделок: 322
[2025-09-01 06:26:14][TRADE] Закрыта позиция TNSR-USDT-SWAP SHORT PnL: 0.18269226 Причина: TP Баланс: 17.8411076553037 WinRate инструмента: 100%
🔄 Баланс: 17.8411076553037$ | PnL: 11.79589127 💵 | Сделок: 323
[2025-09-01 06:26:24][TRADE] Закрыта позиция XTZ-USDT-SWAP SHORT PnL: 0.10459068 Причина: TP Баланс: 17.9359665913037 WinRate инструмента: 100%
🔄 Баланс: 17.9359665913037$ | PnL: 11.90048195 💵 | Сделок: 324
[2025-09-01 06:26:26][TRADE] Закрыта позиция ZIL-USDT-SWAP SHORT PnL: 0.10485014 Причина: TP Баланс: 18.1005787533037 WinRate инструмента: 100%
🔄 Баланс: 18.1005787533037$ | PnL: 12.00533209 💵 | Сделок: 325
[2025-09-01 06:26:41][TRADE] Закрыта позиция DOT-USD-SWAP SHORT PnL: 0.09266624 Причина: TP Баланс: 18.1844296233637 WinRate инструмента: 100%
🔄 Баланс: 18.1844296233637$ | PnL: 12.09799833 💵 | Сделок: 326
[2025-09-01 06:26:44][TRADE] Закрыта позиция DOGE-USDT-SWAP SHORT PnL: 0.13114605 Причина: TP Баланс: 18.3074469183637 WinRate инструмента: 100%
🔄 Баланс: 18.3074469183637$ | PnL: 12.22914438 💵 | Сделок: 327
[2025-09-01 06:26:47][TRADE] Закрыта позиция ACH-USDT-SWAP SHORT PnL: 0.11836593 Причина: TP Баланс: 18.4168095244837 WinRate инструмента: 100%
🔄 Баланс: 18.4168095244837$ | PnL: 12.34751031 💵 | Сделок: 328
[2025-09-01 06:26:54][TRADE] Закрыта позиция AUCTION-USDT-SWAP SHORT PnL: 0.11696178 Причина: TP Баланс: 18.5243845955656 WinRate инструмента: 66.67%
🔄 Баланс: 18.5243845955656$ | PnL: 12.46447209 💵 | Сделок: 329
[2025-09-01 06:27:02][TRADE] Закрыта позиция COMP-USDT-SWAP SHORT PnL: 0.09934179 Причина: TP Баланс: 18.6135613855656 WinRate инструмента: 100%
🔄 Баланс: 18.6135613855656$ | PnL: 12.56381388 💵 | Сделок: 330
[2025-09-01 06:27:03][TRADE] Закрыта позиция COOKIE-USDT-SWAP SHORT PnL: 0.18995022 Причина: TP Баланс: 28.8035154475656 WinRate инструмента: 100%
🔄 Баланс: 28.8035154475656$ | PnL: 12.7537641 💵 | Сделок: 331
[2025-09-01 06:27:05][TRADE] Закрыта позиция CTC-USDT-SWAP SHORT PnL: 0.13180428 Причина: TP Баланс: 28.9263198566736 WinRate инструмента: 100%
🔄 Баланс: 28.9263198566736$ | PnL: 12.88556838 💵 | Сделок: 332
[2025-09-01 06:27:08][TRADE] Закрыта позиция DGB-USDT-SWAP SHORT PnL: 0.11974763 Причина: TP Баланс: 19.0281318827512 WinRate инструмента: 100%
🔄 Баланс: 19.0281318827512$ | PnL: 13.00531601 💵 | Сделок: 333
[2025-09-01 06:27:12][TRADE] Закрыта позиция FIL-USDT-SWAP SHORT PnL: 0.13600559 Причина: TP Баланс: 19.1552220671462 WinRate инструмента: 100%
🔄 Баланс: 19.1552220671462$ | PnL: 13.1413216 💵 | Сделок: 334
[2025-09-01 06:27:16][TRADE] Закрыта позиция GODS-USDT-SWAP SHORT PnL: 0.1696089 Причина: TP Баланс: 19.3158324522082 WinRate инструмента: 100%
🔄 Баланс: 19.3158324522082$ | PnL: 13.3109305 💵 | Сделок: 335
[2025-09-01 06:27:32][TRADE] Закрыта позиция MEW-USDT-SWAP SHORT PnL: 0.15095792 Причина: TP Баланс: 19.4577874159658 WinRate инструмента: 100%
🔄 Баланс: 19.4577874159658$ | PnL: 13.46188842 💵 | Сделок: 336
[2025-09-01 06:36:07][TRADE] Закрыта позиция VINE-USDT-SWAP SHORT PnL: 0.1955342 Причина: TP Баланс: 19.6443227739548 WinRate инструмента: 100%
🔄 Баланс: 19.6443227739548$ | PnL: 13.65742262 💵 | Сделок: 337
[2025-09-01 06:36:48][TRADE] Закрыта позиция CFX-USDT-SWAP SHORT PnL: 0.21089281 Причина: TP Баланс: 19.8462284668658 WinRate инструмента: 66.67%
🔄 Баланс: 19.8462284668658$ | PnL: 13.86831543 💵 | Сделок: 338
[2025-09-01 06:37:48][TRADE] Закрыта позиция WOO-USDT-SWAP SHORT PnL: 0.16629527 Причина: TP Баланс: 20.0035249603258 WinRate инструмента: 100%
🔄 Баланс: 20.0035249603258$ | PnL: 14.0346107 💵 | Сделок: 339
[2025-09-01 06:43:18][TRADE] Закрыта позиция BERA-USDT-SWAP SHORT PnL: 0.28829355 Причина: TP Баланс: 20.1973359133258 WinRate инструмента: 50%
🔄 Баланс: 20.1973359133258$ | PnL: 14.32290425 💵 | Сделок: 340
[2025-09-01 06:46:49][TRADE] Закрыта позиция GMX-USDT-SWAP SHORT PnL: 0.10478839 Причина: TP Баланс: 10.2847058030776 WinRate инструмента: 100%
🔄 Баланс: 10.2847058030776$ | PnL: 14.42769264 💵 | Сделок: 341
[2025-09-01 06:47:16][TRADE] Закрыта позиция ORDI-USDT-SWAP SHORT PnL: 0.1896332 Причина: TP Баланс: 10.4656975097348 WinRate инструмента: 100%
🔄 Баланс: 10.4656975097348$ | PnL: 14.61732584 💵 | Сделок: 342
[2025-09-01 06:47:55][TRADE] Закрыта позиция ADA-USD-SWAP SHORT PnL: 0.10351955 Причина: TP Баланс: 10.5602515234842 WinRate инструмента: 100%
🔄 Баланс: 10.5602515234842$ | PnL: 14.72084539 💵 | Сделок: 343
[2025-09-01 06:48:07][TRADE] Закрыта позиция ARC-USDT-SWAP SHORT PnL: 0.24774992 Причина: TP Баланс: 10.7990652050842 WinRate инструмента: 100%
🔄 Баланс: 10.7990652050842$ | PnL: 14.96859531 💵 | Сделок: 344
[2025-09-01 06:48:16][TRADE] Закрыта позиция CETUS-USDT-SWAP SHORT PnL: 0.19145214 Причина: TP Баланс: 10.9815135547842 WinRate инструмента: 66.67%
🔄 Баланс: 10.9815135547842$ | PnL: 15.16004745 💵 | Сделок: 345
[2025-09-01 06:48:33][TRADE] Закрыта позиция ICP-USDT-SWAP SHORT PnL: 0.11890325 Причина: TP Баланс: 11.0913492883771 WinRate инструмента: 50%
🔄 Баланс: 11.0913492883771$ | PnL: 15.2789507 💵 | Сделок: 346
[2025-09-01 06:48:38][TRADE] Закрыта позиция LA-USDT-SWAP SHORT PnL: 0.16291284 Причина: TP Баланс: 11.2452668560499 WinRate инструмента: 100%
🔄 Баланс: 11.2452668560499$ | PnL: 15.44186354 💵 | Сделок: 347
[2025-09-01 06:49:34][TRADE] Закрыта позиция XRP-USD-SWAP SHORT PnL: 0.11318678 Причина: TP Баланс: 11.3495624482459 WinRate инструмента: 66.67%
🔄 Баланс: 11.3495624482459$ | PnL: 15.55505032 💵 | Сделок: 348
[2025-09-01 06:49:41][TRADE] Закрыта позиция ACE-USDT-SWAP SHORT PnL: 0.12012546 Причина: TP Баланс: 11.4606813537909 WinRate инструмента: 50%
🔄 Баланс: 11.4606813537909$ | PnL: 15.67517578 💵 | Сделок: 349
[2025-09-01 06:49:59][TRADE] Закрыта позиция CVC-USDT-SWAP SHORT PnL: 0.10967477 Причина: TP Баланс: 11.5613579936253 WinRate инструмента: 100%
🔄 Баланс: 11.5613579936253$ | PnL: 15.78485055 💵 | Сделок: 350
[2025-09-01 06:50:04][TRADE] Закрыта позиция EIGEN-USDT-SWAP SHORT PnL: 0.21475249 Причина: TP Баланс: 11.7670657963266 WinRate инструмента: 100%
🔄 Баланс: 11.7670657963266$ | PnL: 15.99960304 💵 | Сделок: 351
[2025-09-01 06:50:06][TRADE] Закрыта позиция FARTCOIN-USDT-SWAP SHORT PnL: 0.25636568 Причина: TP Баланс: 12.0144010564166 WinRate инструмента: 100%
🔄 Баланс: 12.0144010564166$ | PnL: 16.25596872 💵 | Сделок: 352
[2025-09-01 06:50:12][TRADE] Закрыта позиция HBAR-USDT-SWAP SHORT PnL: 0.22718866 Причина: TP Баланс: 12.2325549704166 WinRate инструмента: 100%
🔄 Баланс: 12.2325549704166$ | PnL: 16.48315738 💵 | Сделок: 353
[2025-09-01 06:50:14][TRADE] Закрыта позиция IMX-USDT-SWAP SHORT PnL: 0.13975523 Причина: TP Баланс: 12.3633302876811 WinRate инструмента: 100%
🔄 Баланс: 12.3633302876811$ | PnL: 16.62291261 💵 | Сделок: 354
[2025-09-01 06:50:15][TRADE] Закрыта позиция INIT-USDT-SWAP SHORT PnL: 0.23912612 Причина: TP Баланс: 22.6024412076811 WinRate инструмента: 100%
🔄 Баланс: 22.6024412076811$ | PnL: 16.86203873 💵 | Сделок: 355
[2025-09-01 06:50:20][TRADE] Закрыта позиция LAYER-USDT-SWAP SHORT PnL: 0.16240132 Причина: TP Баланс: 12.7466779474301 WinRate инструмента: 100%
🔄 Баланс: 12.7466779474301$ | PnL: 17.02444005 💵 | Сделок: 356
[2025-09-01 06:50:26][TRADE] Закрыта позиция METIS-USDT-SWAP SHORT PnL: 0.19338963 Причина: TP Баланс: 12.9307549777901 WinRate инструмента: 100%
🔄 Баланс: 12.9307549777901$ | PnL: 17.21782968 💵 | Сделок: 357
[2025-09-01 06:50:28][TRADE] Закрыта позиция MORPHO-USDT-SWAP SHORT PnL: 0.16935602 Причина: TP Баланс: 13.0910313718207 WinRate инструмента: 100%
🔄 Баланс: 13.0910313718207$ | PnL: 17.3871857 💵 | Сделок: 358
[2025-09-01 06:50:29][TRADE] Закрыта позиция MOVE-USDT-SWAP SHORT PnL: 0.11615939 Причина: TP Баланс: 23.2071901218207 WinRate инструмента: 100%
🔄 Баланс: 23.2071901218207$ | PnL: 17.50334509 💵 | Сделок: 359
[2025-09-01 06:50:32][TRADE] Закрыта позиция NEWT-USDT-SWAP SHORT PnL: 0.17185631 Причина: TP Баланс: 23.3700382360666 WinRate инструмента: 100%
🔄 Баланс: 23.3700382360666$ | PnL: 17.6752014 💵 | Сделок: 360
[2025-09-01 06:50:38][TRADE] Закрыта позиция OP-USDT-SWAP SHORT PnL: 0.18176617 Причина: TP Баланс: 13.5337932886966 WinRate инструмента: 100%
🔄 Баланс: 13.5337932886966$ | PnL: 17.85696757 💵 | Сделок: 361
[2025-09-01 06:50:44][TRADE] Закрыта позиция SAND-USDT-SWAP SHORT PnL: 0.183025 Причина: TP Баланс: 13.7078154274527 WinRate инструмента: 100%
🔄 Баланс: 13.7078154274527$ | PnL: 18.03999257 💵 | Сделок: 362
[2025-09-01 06:50:47][TRADE] Закрыта позиция SNX-USDT-SWAP SHORT PnL: 0.18285871 Причина: TP Баланс: 13.8816610346627 WinRate инструмента: 80%
🔄 Баланс: 13.8816610346627$ | PnL: 18.22285128 💵 | Сделок: 363
[2025-09-01 06:50:50][TRADE] Закрыта позиция STX-USDT-SWAP SHORT PnL: 0.15522849 Причина: TP Баланс: 14.0278721685687 WinRate инструмента: 100%
🔄 Баланс: 14.0278721685687$ | PnL: 18.37807977 💵 | Сделок: 364
[2025-09-01 06:50:55][TRADE] Закрыта позиция TURBO-USDT-SWAP SHORT PnL: 0.19188744 Причина: TP Баланс: 14.2106410721437 WinRate инструмента: 100%
🔄 Баланс: 14.2106410721437$ | PnL: 18.56996721 💵 | Сделок: 365
[2025-09-01 06:50:57][TRADE] Закрыта позиция USELESS-USDT-SWAP SHORT PnL: 0.33452387 Причина: TP Баланс: 14.5362394105437 WinRate инструмента: 66.67%
🔄 Баланс: 14.5362394105437$ | PnL: 18.90449108 💵 | Сделок: 366
[2025-09-01 06:50:57][TRADE] Закрыта позиция USTC-USDT-SWAP SHORT PnL: 0.06256396 Причина: TP Баланс: 24.5988028335437 WinRate инструмента: 100%
🔄 Баланс: 24.5988028335437$ | PnL: 18.96705504 💵 | Сделок: 367
[2025-09-01 06:51:00][TRADE] Закрыта позиция W-USDT-SWAP SHORT PnL: 0.18091635 Причина: TP Баланс: 14.7616640281137 WinRate инструмента: 100%
🔄 Баланс: 14.7616640281137$ | PnL: 19.14797139 💵 | Сделок: 368
[2025-09-01 06:51:02][TRADE] Закрыта позиция WLD-USDT-SWAP SHORT PnL: 0.18761324 Причина: TP Баланс: 14.9402455183387 WinRate инструмента: 100%
🔄 Баланс: 14.9402455183387$ | PnL: 19.33558463 💵 | Сделок: 369
[2025-09-01 06:51:04][TRADE] Закрыта позиция YFI-USDT-SWAP SHORT PnL: 0.14236225 Причина: TP Баланс: 15.0049064271327 WinRate инструмента: 100%
🔄 Баланс: 15.0049064271327$ | PnL: 19.47794688 💵 | Сделок: 370
[2025-09-01 07:37:35][TRADE] Закрыта позиция SYRUP-USDT-SWAP SHORT PnL: 0.09734639 Причина: TP Баланс: 15.0932513651039 WinRate инструмента: 66.67%
🔄 Баланс: 15.0932513651039$ | PnL: 19.57529327 💵 | Сделок: 371
[2025-09-01 07:50:10][TRADE] Закрыта позиция MEME-USDT-SWAP SHORT PnL: 0.18116003 Причина: TP Баланс: 15.2654118472297 WinRate инструмента: 100%
🔄 Баланс: 15.2654118472297$ | PnL: 19.7564533 💵 | Сделок: 372
[2025-09-01 08:17:03][TRADE] Закрыта позиция XAUT-USDT-SWAP LONG PnL: 0.05294752 Причина: TP Баланс: 15.3947654356297 WinRate инструмента: 50%
🔄 Баланс: 15.3947654356297$ | PnL: 19.80940082 💵 | Сделок: 373
[2025-09-01 08:18:17][TRADE] Закрыта позиция ONT-USDT-SWAP SHORT PnL: 0.23862476 Причина: TP Баланс: 15.6243963052351 WinRate инструмента: 100%
🔄 Баланс: 15.6243963052351$ | PnL: 20.04802558 💵 | Сделок: 374
[2025-09-01 08:18:22][TRADE] Закрыта позиция PYTH-USDT-SWAP SHORT PnL: 0.27582518 Причина: TP Баланс: 15.8912377464471 WinRate инструмента: 50%
🔄 Баланс: 15.8912377464471$ | PnL: 20.32385076 💵 | Сделок: 375
[2025-09-01 08:21:20][TRADE] Закрыта позиция LAUNCHCOIN-USDT-SWAP SHORT PnL: 0.52309941 Причина: TP Баланс: 16.4054689171191 WinRate инструмента: 50%
🔄 Баланс: 16.4054689171191$ | PnL: 20.84695017 💵 | Сделок: 376
[2025-09-01 08:28:08][TRADE] Закрыта позиция BCH-USDT-SWAP SHORT PnL: 0.11989058 Причина: TP Баланс: 16.5414236618721 WinRate инструмента: 66.67%
🔄 Баланс: 16.5414236618721$ | PnL: 20.96684075 💵 | Сделок: 377
[2025-09-01 08:28:12][TRADE] Закрыта позиция CATI-USDT-SWAP SHORT PnL: 0.27699946 Причина: TP Баланс: 16.8093094729321 WinRate инструмента: 100%
🔄 Баланс: 16.8093094729321$ | PnL: 21.24384021 💵 | Сделок: 378
[2025-09-01 08:34:52][TRADE] Закрыта позиция ETHFI-USDT-SWAP SHORT PnL: 0.23391822 Причина: TP Баланс: 17.0342505013561 WinRate инструмента: 100%
🔄 Баланс: 17.0342505013561$ | PnL: 21.47775843 💵 | Сделок: 379
[2025-09-01 08:35:09][TRADE] Закрыта позиция MANA-USDT-SWAP SHORT PnL: 0.19698864 Причина: TP Баланс: 17.2222228069561 WinRate инструмента: 100%
🔄 Баланс: 17.2222228069561$ | PnL: 21.67474707 💵 | Сделок: 380
[2025-09-01 08:37:23][TRADE] Закрыта позиция YGG-USDT-SWAP SHORT PnL: 0.19398782 Причина: TP Баланс: 17.4072170278561 WinRate инструмента: 100%
🔄 Баланс: 17.4072170278561$ | PnL: 21.86873489 💵 | Сделок: 381
[2025-09-01 08:37:47][TRADE] Закрыта позиция AERO-USDT-SWAP SHORT PnL: 0.18456442 Причина: TP Баланс: 17.5827805188911 WinRate инструмента: 100%
🔄 Баланс: 17.5827805188911$ | PnL: 22.05329931 💵 | Сделок: 382
[2025-09-01 08:39:20][TRADE] Закрыта позиция XRP-USDT-SWAP SHORT PnL: 0.1462493 Причина: TP Баланс: 17.7199866005656 WinRate инструмента: 100%
🔄 Баланс: 17.7199866005656$ | PnL: 22.19954861 💵 | Сделок: 383
[2025-09-01 08:45:31][TRADE] Закрыта позиция UMA-USDT-SWAP SHORT PnL: 0.18658373 Причина: TP Баланс: 17.8975615413164 WinRate инструмента: 100%
🔄 Баланс: 17.8975615413164$ | PnL: 22.38613234 💵 | Сделок: 384
[2025-09-01 08:46:03][TRADE] Закрыта позиция A-USDT-SWAP SHORT PnL: 0.13185876 Причина: TP Баланс: 18.0204069831884 WinRate инструмента: 100%
🔄 Баланс: 18.0204069831884$ | PnL: 22.5179911 💵 | Сделок: 385
[2025-09-01 08:46:06][TRADE] Закрыта позиция ADA-USDT-SWAP SHORT PnL: 0.123133 Причина: TP Баланс: 18.1258782175884 WinRate инструмента: 100%
🔄 Баланс: 18.1258782175884$ | PnL: 22.6411241 💵 | Сделок: 386
[2025-09-01 08:46:12][TRADE] Закрыта позиция AVAX-USDT-SWAP SHORT PnL: 0.14065739 Причина: TP Баланс: 18.2575501400784 WinRate инструмента: 100%
🔄 Баланс: 18.2575501400784$ | PnL: 22.78178149 💵 | Сделок: 387
[2025-09-01 08:46:44][TRADE] Закрыта позиция LINK-USDT-SWAP SHORT PnL: 0.18188263 Причина: TP Баланс: 18.4312354758484 WinRate инструмента: 100%
🔄 Баланс: 18.4312354758484$ | PnL: 22.96366412 💵 | Сделок: 388
[2025-09-01 08:47:18][TRADE] Закрыта позиция VIRTUAL-USDT-SWAP SHORT PnL: 0.21750522 Причина: TP Баланс: 18.6397174819394 WinRate инструмента: 100%
🔄 Баланс: 18.6397174819394$ | PnL: 23.18116934 💵 | Сделок: 389
[2025-09-01 08:47:51][TRADE] Закрыта позиция ATOM-USDT-SWAP SHORT PnL: 0.15379951 Причина: TP Баланс: 18.7846973399717 WinRate инструмента: 100%
🔄 Баланс: 18.7846973399717$ | PnL: 23.33496885 💵 | Сделок: 390
[2025-09-01 08:49:30][TRADE] Закрыта позиция ATH-USDT-SWAP SHORT PnL: 0.1106876 Причина: TP Баланс: 18.8860403394717 WinRate инструмента: 50%
🔄 Баланс: 18.8860403394717$ | PnL: 23.44565645 💵 | Сделок: 391
[2025-09-01 08:50:32][TRADE] Закрыта позиция SSV-USDT-SWAP SHORT PnL: 0.19245656 Причина: TP Баланс: 19.0698858445517 WinRate инструмента: 66.67%
🔄 Баланс: 19.0698858445517$ | PnL: 23.63811301 💵 | Сделок: 392
[2025-09-01 08:59:34][TRADE] Закрыта позиция CFX-USDT-SWAP SHORT PnL: 0.24208111 Причина: TP Баланс: 19.3029585485837 WinRate инструмента: 75%
🔄 Баланс: 19.3029585485837$ | PnL: 23.88019412 💵 | Сделок: 393
[2025-09-01 09:09:46][TRADE] Закрыта позиция IOST-USDT-SWAP SHORT PnL: 0.14462289 Причина: TP Баланс: 19.4392461039837 WinRate инструмента: 100%
🔄 Баланс: 19.4392461039837$ | PnL: 24.02481701 💵 | Сделок: 394
[2025-09-01 09:09:58][TRADE] Закрыта позиция MUBARAK-USDT-SWAP SHORT PnL: 0.22781646 Причина: TP Баланс: 19.6580561580437 WinRate инструмента: 100%
🔄 Баланс: 19.6580561580437$ | PnL: 24.25263347 💵 | Сделок: 395
[2025-09-01 09:10:56][TRADE] Закрыта позиция APE-USDT-SWAP SHORT PnL: 0.16589715 Причина: TP Баланс: 19.8149697679887 WinRate инструмента: 100%
🔄 Баланс: 19.8149697679887$ | PnL: 24.41853062 💵 | Сделок: 396
[2025-09-01 09:17:51][TRADE] Закрыта позиция SIGN-USDT-SWAP SHORT PnL: 0.16001138 Причина: TP Баланс: 19.9658257941887 WinRate инструмента: 50%
🔄 Баланс: 19.9658257941887$ | PnL: 24.578542 💵 | Сделок: 397
[2025-09-01 09:19:49][TRADE] Закрыта позиция GALA-USDT-SWAP SHORT PnL: 0.22301767 Причина: TP Баланс: 20.1798434698441 WinRate инструмента: 100%
🔄 Баланс: 20.1798434698441$ | PnL: 24.80155967 💵 | Сделок: 398
[2025-09-01 09:32:10][TRADE] Закрыта позиция USELESS-USDT-SWAP SHORT PnL: 0.37167077 Причина: TP Баланс: 10.5336604732061 WinRate инструмента: 75%
🔄 Баланс: 10.5336604732061$ | PnL: 25.17323044 💵 | Сделок: 399
[2025-09-01 09:42:59][TRADE] Закрыта позиция GLM-USDT-SWAP SHORT PnL: -0.09263217 Причина: SL Баланс: 10.4320307206534 WinRate инструмента: 50%
🔄 Баланс: 10.4320307206534$ | PnL: 25.08059827 💵 | Сделок: 400
[2025-09-01 09:43:15][TRADE] Закрыта позиция LQTY-USDT-SWAP SHORT PnL: -0.14289202 Причина: SL Баланс: 10.2801102211124 WinRate инструмента: 66.67%
🔄 Баланс: 10.2801102211124$ | PnL: 24.93770625 💵 | Сделок: 401
[2025-09-01 09:43:18][TRADE] Закрыта позиция MASK-USDT-SWAP SHORT PnL: -0.10746049 Причина: SL Баланс: 10.1636487290986 WinRate инструмента: 75%
🔄 Баланс: 10.1636487290986$ | PnL: 24.83024576 💵 | Сделок: 402
[2025-09-01 09:50:55][TRADE] Закрыта позиция SPK-USDT-SWAP SHORT PnL: 0.20339814 Причина: TP Баланс: 10.3580483067432 WinRate инструмента: 100%
🔄 Баланс: 10.3580483067432$ | PnL: 25.0336439 💵 | Сделок: 403
[2025-09-01 10:04:41][TRADE] Закрыта позиция GPS-USDT-SWAP SHORT PnL: 0.26227711 Причина: TP Баланс: 10.6113187937744 WinRate инструмента: 100%
🔄 Баланс: 10.6113187937744$ | PnL: 25.29592101 💵 | Сделок: 404
[2025-09-01 10:05:33][TRADE] Закрыта позиция ZK-USDT-SWAP SHORT PnL: 0.22594139 Причина: TP Баланс: 10.8282308664054 WinRate инструмента: 100%
🔄 Баланс: 10.8282308664054$ | PnL: 25.5218624 💵 | Сделок: 405
[2025-09-01 10:13:19][TRADE] Закрыта позиция METIS-USDT-SWAP SHORT PnL: 0.19464178 Причина: TP Баланс: 10.2489188754054 WinRate инструмента: 100%
🔄 Баланс: 10.2489188754054$ | PnL: 25.71650418 💵 | Сделок: 406
