🔄 2025-09-25 09:53:14 Баланс: 200$ | PnL: 0 💵 | Сделок: 0 | WinRate: 0%
🔄 2025-09-25 10:00:03 Баланс: 178.981523320646$ | PnL: 0 💵 | Сделок: 0 | WinRate: 0%
🔄 2025-09-25 10:07:06 Баланс: 178.975470927191$ | PnL: 0.00799951 💵 | Сделок: 5 | WinRate: 100%
🔄 2025-09-25 10:16:02 Баланс: 125.09193354059$ | PnL: 0.01653747 💵 | Сделок: 12 | WinRate: 100%
🔄 2025-09-25 10:24:15 Баланс: 44.0280341657902$ | PnL: 0.03376449 💵 | Сделок: 36 | WinRate: 100%
🔄 2025-09-25 10:32:42 Баланс: 67.7657446330316$ | PnL: 0.0560322400000001 💵 | Сделок: 72 | WinRate: 100%
🔄 2025-09-25 10:41:22 Баланс: 64.7378592003047$ | PnL: 0.0678502300000001 💵 | Сделок: 85 | WinRate: 100%
🔄 2025-09-25 10:49:54 Баланс: 52.6822898814018$ | PnL: 0.0869957300000001 💵 | Сделок: 109 | WinRate: 100%
🔄 2025-09-25 10:57:54 Баланс: 16.5951328790909$ | PnL: 0.11051734 💵 | Сделок: 139 | WinRate: 100%
🔄 2025-09-25 11:06:13 Баланс: 37.4905359999219$ | PnL: 0.13961993 💵 | Сделок: 190 | WinRate: 100%
🔄 2025-09-25 11:14:20 Баланс: 40.4920833946991$ | PnL: 0.15014274 💵 | Сделок: 211 | WinRate: 100%
🔄 2025-09-25 11:22:32 Баланс: 73.4961895645931$ | PnL: 0.15984107 💵 | Сделок: 224 | WinRate: 100%
🔄 2025-09-25 11:30:25 Баланс: 70.4877499363106$ | PnL: 0.16275804 💵 | Сделок: 227 | WinRate: 100%
🔄 2025-09-25 11:38:14 Баланс: 61.4718672818541$ | PnL: 0.16805019 💵 | Сделок: 232 | WinRate: 100%
🔄 2025-09-25 11:46:07 Баланс: 67.4662060885379$ | PnL: 0.17603288 💵 | Сделок: 239 | WinRate: 100%
🔄 2025-09-25 11:54:08 Баланс: 64.4211674999512$ | PnL: 0.14947484 💵 | Сделок: 245 | WinRate: 99.59%
🔄 2025-09-25 12:02:17 Баланс: 46.3779804011911$ | PnL: 0.15753695 💵 | Сделок: 256 | WinRate: 99.61%
🔄 2025-09-25 12:10:22 Баланс: 67.3707876556491$ | PnL: 0.16567263 💵 | Сделок: 267 | WinRate: 99.63%
🔄 2025-09-25 12:18:23 Баланс: 73.3672674271491$ | PnL: 0.17163835 💵 | Сделок: 272 | WinRate: 99.26%
🔄 2025-09-25 12:26:27 Баланс: 79.3076466710291$ | PnL: 0.11460146 💵 | Сделок: 276 | WinRate: 98.55%
🔄 2025-09-25 12:34:25 Баланс: 88.1292393830291$ | PnL: -0.0636157900000003 💵 | Сделок: 279 | WinRate: 97.85%
🔄 2025-09-25 12:42:19 Баланс: 88.1292393830291$ | PnL: -0.0636157900000003 💵 | Сделок: 279 | WinRate: 97.85%
🔄 2025-09-25 12:50:13 Баланс: 79.1117030644062$ | PnL: -0.0618816900000003 💵 | Сделок: 283 | WinRate: 97.88%
🔄 2025-09-25 12:58:07 Баланс: 73.0793982357718$ | PnL: -0.0557172800000003 💵 | Сделок: 295 | WinRate: 97.97%
🔄 2025-09-25 13:06:16 Баланс: 85.0738814180787$ | PnL: -0.0463643200000003 💵 | Сделок: 305 | WinRate: 98.03%
🔄 2025-09-25 13:14:23 Баланс: 84.9821373743888$ | PnL: -0.12456817 💵 | Сделок: 310 | WinRate: 97.74%
🔄 2025-09-25 13:22:20 Баланс: 90.9089190290112$ | PnL: -0.18437233 💵 | Сделок: 317 | WinRate: 97.16%
🔄 2025-09-25 13:30:22 Баланс: 99.7935543063765$ | PnL: -0.29130325 💵 | Сделок: 323 | WinRate: 96.59%
🔄 2025-09-25 13:38:16 Баланс: 111.580529354513$ | PnL: -0.4988847 💵 | Сделок: 329 | WinRate: 95.74%
🔄 2025-09-25 13:46:07 Баланс: 105.569817359084$ | PnL: -0.49609044 💵 | Сделок: 332 | WinRate: 95.78%
🔄 2025-09-25 13:53:40 Баланс: 108.565279698112$ | PnL: -0.48979003 💵 | Сделок: 337 | WinRate: 95.85%
🔄 2025-09-25 14:01:23 Баланс: 102.369775413006$ | PnL: -0.6582041 💵 | Сделок: 345 | WinRate: 95.65%
🔄 2025-09-25 14:09:06 Баланс: 114.366809577512$ | PnL: -0.64794914 💵 | Сделок: 354 | WinRate: 95.76%
🔄 2025-09-25 14:16:39 Баланс: 111.364141486204$ | PnL: -0.64794914 💵 | Сделок: 354 | WinRate: 95.76%
🔄 2025-09-25 14:24:24 Баланс: 108.361278041535$ | PnL: -0.64525318 💵 | Сделок: 355 | WinRate: 95.77%
🔄 2025-09-25 14:32:14 Баланс: 111.360425622937$ | PnL: -0.6433655 💵 | Сделок: 357 | WinRate: 95.8%
🔄 2025-09-25 14:40:00 Баланс: 114.319034646928$ | PnL: -0.63764375 💵 | Сделок: 360 | WinRate: 95.83%
🔄 2025-09-25 14:47:48 Баланс: 108.354979101607$ | PnL: -0.63594791 💵 | Сделок: 362 | WinRate: 95.86%
🔄 2025-09-25 14:55:41 Баланс: 111.258612966396$ | PnL: -0.62836743 💵 | Сделок: 369 | WinRate: 95.93%
🔄 2025-09-25 15:03:31 Баланс: 108.248967917251$ | PnL: -0.62174364 💵 | Сделок: 374 | WinRate: 95.99%
🔄 2025-09-25 15:11:23 Баланс: 120.244719869882$ | PnL: -0.61537461 💵 | Сделок: 382 | WinRate: 96.07%
🔄 2025-09-25 15:19:02 Баланс: 108.211916329867$ | PnL: -0.630707880000001 💵 | Сделок: 389 | WinRate: 95.89%
🔄 2025-09-25 15:26:42 Баланс: 108.203301889354$ | PnL: -0.62207924 💵 | Сделок: 401 | WinRate: 96.01%
🔄 2025-09-25 15:34:31 Баланс: 105.187111863361$ | PnL: -0.61914619 💵 | Сделок: 406 | WinRate: 96.06%
🔄 2025-09-25 15:42:13 Баланс: 102.175484135207$ | PnL: -0.61649191 💵 | Сделок: 412 | WinRate: 96.12%
🔄 2025-09-25 15:49:37 Баланс: 81.1304502233583$ | PnL: -0.61145709 💵 | Сделок: 422 | WinRate: 96.21%
🔄 2025-09-25 15:57:05 Баланс: 63.0809962220841$ | PnL: -0.5941861 💵 | Сделок: 441 | WinRate: 96.37%
🔄 2025-09-25 16:05:01 Баланс: 69.0654479802771$ | PnL: -0.58485563 💵 | Сделок: 452 | WinRate: 96.46%
🔄 2025-09-25 16:12:25 Баланс: 75.0614422038015$ | PnL: -0.57829142 💵 | Сделок: 458 | WinRate: 96.51%
🔄 2025-09-25 16:19:54 Баланс: 66.0452612615923$ | PnL: -0.57159307 💵 | Сделок: 464 | WinRate: 96.55%
🔄 2025-09-25 16:27:57 Баланс: 50.9859339422083$ | PnL: -0.55531706 💵 | Сделок: 484 | WinRate: 96.69%
🔄 2025-09-25 16:36:05 Баланс: 119.910268859165$ | PnL: -0.65269961 💵 | Сделок: 526 | WinRate: 96.77%
🔄 2025-09-25 16:44:35 Баланс: 179.880215185098$ | PnL: -0.64319857 💵 | Сделок: 548 | WinRate: 96.9%
🔄 2025-09-25 16:52:02 Баланс: 176.891633575202$ | PnL: -0.6370631 💵 | Сделок: 550 | WinRate: 96.91%
🔄 2025-09-25 17:01:09 Баланс: 176.891953769062$ | PnL: -0.63425126 💵 | Сделок: 551 | WinRate: 96.91%
🔄 2025-09-25 17:08:56 Баланс: 155.797385129475$ | PnL: -0.70365465 💵 | Сделок: 553 | WinRate: 96.75%
🔄 2025-09-25 17:17:09 Баланс: 152.779366835092$ | PnL: -0.69063715 💵 | Сделок: 561 | WinRate: 96.79%
🔄 2025-09-25 17:25:06 Баланс: 152.782979136735$ | PnL: -0.68147044 💵 | Сделок: 563 | WinRate: 96.8%
🔄 2025-09-25 17:33:05 Баланс: 155.784278466659$ | PnL: -0.67745166 💵 | Сделок: 566 | WinRate: 96.64%
🔄 2025-09-25 17:40:55 Баланс: 152.780148834882$ | PnL: -0.67591248 💵 | Сделок: 569 | WinRate: 96.31%
🔄 2025-09-25 17:48:41 Баланс: 131.633011042498$ | PnL: -0.78994895 💵 | Сделок: 577 | WinRate: 96.19%
🔄 2025-09-25 17:56:50 Баланс: 137.633596052762$ | PnL: -0.78394536 💵 | Сделок: 581 | WinRate: 96.21%
🔄 2025-09-25 18:04:51 Баланс: 140.634728810785$ | PnL: -0.77741106 💵 | Сделок: 584 | WinRate: 96.23%
🔄 2025-09-25 18:12:37 Баланс: 134.629681658641$ | PnL: -0.7743939 💵 | Сделок: 585 | WinRate: 96.24%
🔄 2025-09-25 18:20:29 Баланс: 149.214862474161$ | PnL: -1.17637953 💵 | Сделок: 594 | WinRate: 95.45%
🔄 2025-09-25 18:28:55 Баланс: 160.804871641326$ | PnL: -1.58438461 💵 | Сделок: 602 | WinRate: 94.68%
🔄 2025-09-25 18:36:51 Баланс: 166.807111750205$ | PnL: -1.57995311 💵 | Сделок: 605 | WinRate: 94.71%
🔄 2025-09-25 18:44:28 Баланс: 169.811096665005$ | PnL: -1.57326849 💵 | Сделок: 607 | WinRate: 94.73%
🔄 2025-09-25 18:51:48 Баланс: 172.816501295005$ | PnL: -1.56786186 💵 | Сделок: 608 | WinRate: 94.74%
🔄 2025-09-25 18:59:11 Баланс: 169.813802385986$ | PnL: -1.56786186 💵 | Сделок: 608 | WinRate: 94.74%
🔄 2025-09-25 19:06:56 Баланс: 172.815898025986$ | PnL: -1.56576513 💵 | Сделок: 609 | WinRate: 94.75%
🔄 2025-09-25 19:14:36 Баланс: 154.799919149819$ | PnL: -1.56576513 💵 | Сделок: 609 | WinRate: 94.75%
🔄 2025-09-25 19:22:18 Баланс: 157.796211905929$ | PnL: -1.55968895 💵 | Сделок: 614 | WinRate: 94.79%
🔄 2025-09-25 19:29:53 Баланс: 160.788601387884$ | PnL: -1.55405433 💵 | Сделок: 619 | WinRate: 94.83%
🔄 2025-09-25 19:37:34 Баланс: 163.787758114363$ | PnL: -1.55083783 💵 | Сделок: 622 | WinRate: 94.86%
🔄 2025-09-25 19:45:13 Баланс: 157.779852081871$ | PnL: -1.54791231 💵 | Сделок: 624 | WinRate: 94.87%
🔄 2025-09-25 19:52:55 Баланс: 163.779723646499$ | PnL: -1.54193199 💵 | Сделок: 628 | WinRate: 94.9%
🔄 2025-09-25 20:00:33 Баланс: 166.787804792499$ | PnL: -1.53385022 💵 | Сделок: 629 | WinRate: 94.91%
🔄 2025-09-25 20:08:10 Баланс: 163.785106009593$ | PnL: -1.53385022 💵 | Сделок: 629 | WinRate: 94.91%
🔄 2025-09-25 20:15:45 Баланс: 157.780094281966$ | PnL: -1.531464 💵 | Сделок: 630 | WinRate: 94.92%
🔄 2025-09-25 20:23:19 Баланс: 154.771870777095$ | PnL: -1.52515887 💵 | Сделок: 635 | WinRate: 94.96%
🔄 2025-09-25 20:30:57 Баланс: 139.749232030429$ | PnL: -1.52420525 💵 | Сделок: 638 | WinRate: 94.98%
🔄 2025-09-25 20:38:37 Баланс: 142.741466138159$ | PnL: -1.5142082 💵 | Сделок: 646 | WinRate: 95.05%
🔄 2025-09-25 20:46:18 Баланс: 130.715230914855$ | PnL: -1.50856191 💵 | Сделок: 653 | WinRate: 95.1%
🔄 2025-09-25 20:54:15 Баланс: 91.6567547721435$ | PnL: -1.50003527 💵 | Сделок: 665 | WinRate: 95.19%
🔄 2025-09-25 21:02:25 Баланс: 1.52036417125562$ | PnL: -1.48155534 💵 | Сделок: 692 | WinRate: 95.38%
🔄 2025-09-25 21:11:34 Баланс: 1.40728154526265$ | PnL: -1.45640307 💵 | Сделок: 743 | WinRate: 95.69%
🔄 2025-09-25 21:21:09 Баланс: 39.9042432457778$ | PnL: -1.74146983 💵 | Сделок: 802 | WinRate: 95.76%
🔄 2025-09-25 21:29:54 Баланс: 51.6020316878777$ | PnL: -1.71854349 💵 | Сделок: 850 | WinRate: 96%
🔄 2025-09-25 21:38:27 Баланс: 0.51955749655844$ | PnL: -1.69683522 💵 | Сделок: 879 | WinRate: 96.13%
🔄 2025-09-25 21:46:56 Баланс: 0.384118480786023$ | PnL: -1.66625927 💵 | Сделок: 943 | WinRate: 96.39%
🔄 2025-09-25 21:55:15 Баланс: 0.305759932893235$ | PnL: -1.64137585 💵 | Сделок: 991 | WinRate: 96.57%
🔄 2025-09-25 22:03:32 Баланс: 0.239494500864575$ | PnL: -1.60666951 💵 | Сделок: 1055 | WinRate: 96.78%
🔄 2025-09-25 22:11:48 Баланс: 0.133394264689569$ | PnL: -1.5633439 💵 | Сделок: 1118 | WinRate: 96.96%
🔄 2025-09-25 22:20:04 Баланс: 48.155838362556$ | PnL: -1.5256401 💵 | Сделок: 1165 | WinRate: 97.08%
🔄 2025-09-25 22:28:02 Баланс: 63.1129056305788$ | PnL: -1.62632322 💵 | Сделок: 1173 | WinRate: 97.02%
🔄 2025-09-25 22:35:59 Баланс: 63.1187769548958$ | PnL: -1.61200806 💵 | Сделок: 1175 | WinRate: 97.02%
🔄 2025-09-25 22:43:46 Баланс: 69.0774434008958$ | PnL: -1.62671722 💵 | Сделок: 1178 | WinRate: 96.94%
🔄 2025-09-25 22:51:38 Баланс: 66.0747430926186$ | PnL: -1.62671722 💵 | Сделок: 1178 | WinRate: 96.94%
🔄 2025-09-25 22:59:21 Баланс: 60.0713231454742$ | PnL: -1.62207179 💵 | Сделок: 1179 | WinRate: 96.95%
🔄 2025-09-25 23:07:06 Баланс: 68.9751466075282$ | PnL: -1.7155732 💵 | Сделок: 1183 | WinRate: 96.87%
🔄 2025-09-25 23:14:45 Баланс: 71.8872424414752$ | PnL: -1.79789688 💵 | Сделок: 1186 | WinRate: 96.8%
🔄 2025-09-25 23:22:24 Баланс: 74.7711697411908$ | PnL: -1.90865141 💵 | Сделок: 1189 | WinRate: 96.72%
🔄 2025-09-25 23:30:03 Баланс: 77.5647082830346$ | PnL: -2.10691761 💵 | Сделок: 1193 | WinRate: 96.56%
🔄 2025-09-25 23:37:42 Баланс: 77.5653320375688$ | PnL: -2.10086248 💵 | Сделок: 1195 | WinRate: 96.57%
🔄 2025-09-25 23:45:23 Баланс: 74.5632082253029$ | PnL: -2.09499547 💵 | Сделок: 1197 | WinRate: 96.57%
🔄 2025-09-25 23:53:00 Баланс: 80.5745766122629$ | PnL: -2.08072932 💵 | Сделок: 1200 | WinRate: 96.58%
🔄 2025-09-26 00:00:34 Баланс: 80.5758731301597$ | PnL: -2.07675496 💵 | Сделок: 1201 | WinRate: 96.59%
🔄 2025-09-26 00:08:10 Баланс: 80.5764082122042$ | PnL: -2.07351471 💵 | Сделок: 1202 | WinRate: 96.59%
🔄 2025-09-26 00:15:46 Баланс: 68.598167253344$ | PnL: -2.07315449 💵 | Сделок: 1203 | WinRate: 96.59%
🔄 2025-09-26 00:23:23 Баланс: 68.5562488505979$ | PnL: -2.06943675 💵 | Сделок: 1207 | WinRate: 96.6%
🔄 2025-09-26 00:31:05 Баланс: 74.5561284847917$ | PnL: -2.05862407 💵 | Сделок: 1213 | WinRate: 96.62%
🔄 2025-09-26 00:38:43 Баланс: 38.5169399775787$ | PnL: -2.05134616 💵 | Сделок: 1219 | WinRate: 96.64%
🔄 2025-09-26 00:46:52 Баланс: 23.5130232160265$ | PnL: -2.03690734 💵 | Сделок: 1235 | WinRate: 96.68%
🔄 2025-09-26 00:55:07 Баланс: 2.46911805207976$ | PnL: -2.02606028 💵 | Сделок: 1248 | WinRate: 96.71%
🔄 2025-09-26 01:03:38 Баланс: 14.4407161794675$ | PnL: -2.00962249 💵 | Сделок: 1271 | WinRate: 96.77%
🔄 2025-09-26 01:11:58 Баланс: 35.4433622491732$ | PnL: -1.99886484 💵 | Сделок: 1281 | WinRate: 96.8%
🔄 2025-09-26 01:20:09 Баланс: 38.4452839266023$ | PnL: -1.99424719 💵 | Сделок: 1283 | WinRate: 96.8%
🔄 2025-09-26 01:28:20 Баланс: 35.4386284704123$ | PnL: -1.99279528 💵 | Сделок: 1285 | WinRate: 96.81%
🔄 2025-09-26 01:36:26 Баланс: 23.417509620033$ | PnL: -1.98688611 💵 | Сделок: 1291 | WinRate: 96.82%
🔄 2025-09-26 01:44:44 Баланс: 20.2927390741531$ | PnL: -1.97737174 💵 | Сделок: 1307 | WinRate: 96.86%
🔄 2025-09-26 01:52:56 Баланс: 35.3319407362398$ | PnL: -1.97320832 💵 | Сделок: 1315 | WinRate: 96.88%
🔄 2025-09-26 02:01:01 Баланс: 35.3319407362398$ | PnL: -1.97320832 💵 | Сделок: 1315 | WinRate: 96.88%
🔄 2025-09-26 02:09:12 Баланс: 35.3319407362398$ | PnL: -1.97320832 💵 | Сделок: 1315 | WinRate: 96.88%
🔄 2025-09-26 02:17:21 Баланс: 41.2094795974576$ | PnL: -2.09295985 💵 | Сделок: 1318 | WinRate: 96.74%
🔄 2025-09-26 02:25:26 Баланс: 44.0755563838096$ | PnL: -2.2214041 💵 | Сделок: 1321 | WinRate: 96.59%
🔄 2025-09-26 02:33:32 Баланс: 47.0751722499288$ | PnL: -2.21388186 💵 | Сделок: 1325 | WinRate: 96.6%
🔄 2025-09-26 02:41:35 Баланс: 50.0787090961988$ | PnL: -2.20758863 💵 | Сделок: 1327 | WinRate: 96.61%
🔄 2025-09-26 02:49:38 Баланс: 50.0772976351938$ | PnL: -2.20626531 💵 | Сделок: 1328 | WinRate: 96.61%
🔄 2025-09-26 02:57:43 Баланс: 35.006596658441$ | PnL: -2.20416005 💵 | Сделок: 1332 | WinRate: 96.62%
🔄 2025-09-26 03:05:56 Баланс: 41.0206971374042$ | PnL: -2.19992698 💵 | Сделок: 1336 | WinRate: 96.63%
🔄 2025-09-26 03:09:53 Баланс: 44.0469224574042$ | PnL: -2.19962166 💵 | Сделок: 1337 | WinRate: 96.63%
🔄 2025-09-26 03:09:57 Баланс: 44.0469224574042$ | PnL: -2.19962166 💵 | Сделок: 1337 | WinRate: 96.63%
🔄 2025-09-26 03:10:04 Баланс: 44.0469224574042$ | PnL: -2.19962166 💵 | Сделок: 1337 | WinRate: 96.63%
🔄 2025-09-26 03:10:08 Баланс: 44.0469224574042$ | PnL: -2.19962166 💵 | Сделок: 1337 | WinRate: 96.63%
🔄 2025-09-26 03:10:12 Баланс: 44.0469224574042$ | PnL: -2.19962166 💵 | Сделок: 1337 | WinRate: 96.63%
🔄 2025-09-26 03:10:16 Баланс: 44.0469224574042$ | PnL: -2.19962166 💵 | Сделок: 1337 | WinRate: 96.63%
🔄 2025-09-26 03:10:21 Баланс: 44.0469224574042$ | PnL: -2.19962166 💵 | Сделок: 1337 | WinRate: 96.63%
🔄 2025-09-26 03:10:25 Баланс: 44.0469224574042$ | PnL: -2.19962166 💵 | Сделок: 1337 | WinRate: 96.63%
🔄 2025-09-26 03:10:30 Баланс: 44.0469224574042$ | PnL: -2.19962166 💵 | Сделок: 1337 | WinRate: 96.63%
🔄 2025-09-26 03:10:34 Баланс: 44.0469224574042$ | PnL: -2.19962166 💵 | Сделок: 1337 | WinRate: 96.63%
🔄 2025-09-26 03:18:43 Баланс: 44.0447346661442$ | PnL: -2.19912922 💵 | Сделок: 1338 | WinRate: 96.64%
🔄 2025-09-26 03:26:50 Баланс: 47.044471645622$ | PnL: -2.19667628 💵 | Сделок: 1340 | WinRate: 96.64%
🔄 2025-09-26 03:34:54 Баланс: 22.9324469137415$ | PnL: -2.19667628 💵 | Сделок: 1340 | WinRate: 96.64%
🔄 2025-09-26 03:43:14 Баланс: 4.88024150564214$ | PnL: -2.17479957 💵 | Сделок: 1365 | WinRate: 96.7%
🔄 2025-09-26 03:51:31 Баланс: 10.9405875992845$ | PnL: -2.16043163 💵 | Сделок: 1392 | WinRate: 96.77%
🔄 2025-09-26 03:59:50 Баланс: 19.9323658432075$ | PnL: -2.15450967 💵 | Сделок: 1402 | WinRate: 96.79%
🔄 2025-09-26 04:08:05 Баланс: 34.8546157004377$ | PnL: -2.21857587 💵 | Сделок: 1409 | WinRate: 96.74%
🔄 2025-09-26 04:16:18 Баланс: 37.8549698821549$ | PnL: -2.21544112 💵 | Сделок: 1411 | WinRate: 96.74%
🔄 2025-09-26 04:24:27 Баланс: 37.8549698821549$ | PnL: -2.21544112 💵 | Сделок: 1411 | WinRate: 96.74%
🔄 2025-09-26 04:32:34 Баланс: 37.8549698821549$ | PnL: -2.21544112 💵 | Сделок: 1411 | WinRate: 96.74%
🔄 2025-09-26 04:40:48 Баланс: 34.8505209493799$ | PnL: -2.21444712 💵 | Сделок: 1412 | WinRate: 96.74%
🔄 2025-09-26 04:48:59 Баланс: 37.7494449896604$ | PnL: -2.30464747 💵 | Сделок: 1417 | WinRate: 96.68%
🔄 2025-09-26 04:57:09 Баланс: 55.6373929936604$ | PnL: -2.41676314 💵 | Сделок: 1423 | WinRate: 96.56%
🔄 2025-09-26 05:05:11 Баланс: 76.0821124745309$ | PnL: -2.96860034 💵 | Сделок: 1431 | WinRate: 96.02%
🔄 2025-09-26 05:13:00 Баланс: 76.0116417880665$ | PnL: -3.02061051 💵 | Сделок: 1432 | WinRate: 95.95%
🔄 2025-09-26 05:20:55 Баланс: 78.8631405450385$ | PnL: -3.16394871 💵 | Сделок: 1435 | WinRate: 95.82%
🔄 2025-09-26 05:28:52 Баланс: 96.5243467532437$ | PnL: -3.49371307 💵 | Сделок: 1442 | WinRate: 95.49%
🔄 2025-09-26 05:36:37 Баланс: 99.5258225452437$ | PnL: -3.49223705 💵 | Сделок: 1443 | WinRate: 95.5%
🔄 2025-09-26 05:38:13 Баланс: 99.5258225452437$ | PnL: -3.49223705 💵 | Сделок: 1443 | WinRate: 95.5%
🔄 2025-09-26 05:38:17 Баланс: 99.5258225452437$ | PnL: -3.49223705 💵 | Сделок: 1443 | WinRate: 95.5%
🔄 2025-09-26 05:38:21 Баланс: 99.5258225452437$ | PnL: -3.49223705 💵 | Сделок: 1443 | WinRate: 95.5%
🔄 2025-09-26 05:38:25 Баланс: 99.5258225452437$ | PnL: -3.49223705 💵 | Сделок: 1443 | WinRate: 95.5%
🔄 2025-09-26 05:38:29 Баланс: 99.5258225452437$ | PnL: -3.49223705 💵 | Сделок: 1443 | WinRate: 95.5%
🔄 2025-09-26 05:38:33 Баланс: 99.5258225452437$ | PnL: -3.49223705 💵 | Сделок: 1443 | WinRate: 95.5%
🔄 2025-09-26 05:38:37 Баланс: 99.5258225452437$ | PnL: -3.49223705 💵 | Сделок: 1443 | WinRate: 95.5%
🔄 2025-09-26 05:38:41 Баланс: 99.5258225452437$ | PnL: -3.49223705 💵 | Сделок: 1443 | WinRate: 95.5%
🔄 2025-09-26 05:38:45 Баланс: 99.5258225452437$ | PnL: -3.49223705 💵 | Сделок: 1443 | WinRate: 95.5%
🔄 2025-09-26 05:38:49 Баланс: 99.5258225452437$ | PnL: -3.49223705 💵 | Сделок: 1443 | WinRate: 95.5%
🔄 2025-09-26 05:38:53 Баланс: 99.5258225452437$ | PnL: -3.49223705 💵 | Сделок: 1443 | WinRate: 95.5%
🔄 2025-09-26 05:38:56 Баланс: 99.5258225452437$ | PnL: -3.49223705 💵 | Сделок: 1443 | WinRate: 95.5%
🔄 2025-09-26 05:39:01 Баланс: 99.5258225452437$ | PnL: -3.49223705 💵 | Сделок: 1443 | WinRate: 95.5%
🔄 2025-09-26 05:39:05 Баланс: 99.5258225452437$ | PnL: -3.49223705 💵 | Сделок: 1443 | WinRate: 95.5%
🔄 2025-09-26 05:39:09 Баланс: 99.5258225452437$ | PnL: -3.49223705 💵 | Сделок: 1443 | WinRate: 95.5%
🔄 2025-09-26 05:39:13 Баланс: 99.5258225452437$ | PnL: -3.49223705 💵 | Сделок: 1443 | WinRate: 95.5%
🔄 2025-09-26 05:39:17 Баланс: 99.5258225452437$ | PnL: -3.49223705 💵 | Сделок: 1443 | WinRate: 95.5%
🔄 2025-09-26 05:39:21 Баланс: 99.5258225452437$ | PnL: -3.49223705 💵 | Сделок: 1443 | WinRate: 95.5%
🔄 2025-09-26 05:39:24 Баланс: 99.5258225452437$ | PnL: -3.49223705 💵 | Сделок: 1443 | WinRate: 95.5%
🔄 2025-09-26 05:39:28 Баланс: 99.5258225452437$ | PnL: -3.49223705 💵 | Сделок: 1443 | WinRate: 95.5%
🔄 2025-09-26 05:39:32 Баланс: 99.5258225452437$ | PnL: -3.49223705 💵 | Сделок: 1443 | WinRate: 95.5%
🔄 2025-09-26 05:39:36 Баланс: 99.5258225452437$ | PnL: -3.49223705 💵 | Сделок: 1443 | WinRate: 95.5%
🔄 2025-09-26 05:39:40 Баланс: 99.5258225452437$ | PnL: -3.49223705 💵 | Сделок: 1443 | WinRate: 95.5%
🔄 2025-09-26 05:39:43 Баланс: 99.5258225452437$ | PnL: -3.49223705 💵 | Сделок: 1443 | WinRate: 95.5%
🔄 2025-09-26 05:39:47 Баланс: 99.5258225452437$ | PnL: -3.49223705 💵 | Сделок: 1443 | WinRate: 95.5%
🔄 2025-09-26 05:39:51 Баланс: 99.5258225452437$ | PnL: -3.49223705 💵 | Сделок: 1443 | WinRate: 95.5%
🔄 2025-09-26 05:39:55 Баланс: 99.5258225452437$ | PnL: -3.49223705 💵 | Сделок: 1443 | WinRate: 95.5%
🔄 2025-09-26 05:39:59 Баланс: 99.5258225452437$ | PnL: -3.49223705 💵 | Сделок: 1443 | WinRate: 95.5%
🔄 2025-09-26 05:45:00 Баланс: 99.5258225452437$ | PnL: -3.49223705 💵 | Сделок: 1443 | WinRate: 95.5%
🔄 2025-09-26 05:52:47 Баланс: 90.5162672148109$ | PnL: -3.49102718 💵 | Сделок: 1444 | WinRate: 95.5%
🔄 2025-09-26 06:00:34 Баланс: 90.5123348103714$ | PnL: -3.48687454 💵 | Сделок: 1447 | WinRate: 95.51%
🔄 2025-09-26 06:08:21 Баланс: 81.5045506259246$ | PnL: -3.48384712 💵 | Сделок: 1448 | WinRate: 95.51%
🔄 2025-09-26 06:16:13 Баланс: 81.4996622418896$ | PnL: -3.47796498 💵 | Сделок: 1452 | WinRate: 95.52%
🔄 2025-09-26 06:24:03 Баланс: 84.5006806555625$ | PnL: -3.46614489 💵 | Сделок: 1457 | WinRate: 95.54%
🔄 2025-09-26 06:31:52 Баланс: 81.4927011721001$ | PnL: -3.45750223 💵 | Сделок: 1462 | WinRate: 95.55%
🔄 2025-09-26 06:39:41 Баланс: 87.4895422978389$ | PnL: -3.45096644 💵 | Сделок: 1468 | WinRate: 95.57%
🔄 2025-09-26 06:47:40 Баланс: 81.4824308723468$ | PnL: -3.44328760999999 💵 | Сделок: 1471 | WinRate: 95.58%
🔄 2025-09-26 06:55:42 Баланс: 84.4814819154394$ | PnL: -3.43472967999999 💵 | Сделок: 1476 | WinRate: 95.6%
🔄 2025-09-26 07:03:43 Баланс: 78.4496511372902$ | PnL: -3.43443237999999 💵 | Сделок: 1477 | WinRate: 95.6%
🔄 2025-09-26 07:11:59 Баланс: 78.4520103178202$ | PnL: -3.43150045999999 💵 | Сделок: 1481 | WinRate: 95.61%
🔄 2025-09-26 07:20:14 Баланс: 90.3139946118202$ | PnL: -3.58057022999999 💵 | Сделок: 1486 | WinRate: 95.56%
🔄 2025-09-26 07:28:33 Баланс: 84.305287271343$ | PnL: -3.57950591999999 💵 | Сделок: 1488 | WinRate: 95.56%
🔄 2025-09-26 07:36:46 Баланс: 87.297376214043$ | PnL: -3.57700614999999 💵 | Сделок: 1492 | WinRate: 95.58%
🔄 2025-09-26 07:44:56 Баланс: 78.286769722467$ | PnL: -3.57332017999999 💵 | Сделок: 1495 | WinRate: 95.59%
🔄 2025-09-26 07:53:14 Баланс: 87.168624459847$ | PnL: -3.68812046999999 💵 | Сделок: 1499 | WinRate: 95.53%
🔄 2025-09-26 08:01:20 Баланс: 87.164999872917$ | PnL: -3.68621705999999 💵 | Сделок: 1501 | WinRate: 95.54%
🔄 2025-09-26 08:09:29 Баланс: 87.161910976057$ | PnL: -3.68402826999999 💵 | Сделок: 1503 | WinRate: 95.54%
🔄 2025-09-26 08:17:38 Баланс: 81.156187020997$ | PnL: -3.68163023999999 💵 | Сделок: 1504 | WinRate: 95.55%
🔄 2025-09-26 08:25:53 Баланс: 81.0446595126651$ | PnL: -3.77940116999999 💵 | Сделок: 1509 | WinRate: 95.49%
🔄 2025-09-26 08:34:04 Баланс: 89.9774470464496$ | PnL: -3.83859814999999 💵 | Сделок: 1515 | WinRate: 95.45%
🔄 2025-09-26 08:42:16 Баланс: 83.9672613295452$ | PnL: -3.83422914999999 💵 | Сделок: 1518 | WinRate: 95.45%
🔄 2025-09-26 08:50:27 Баланс: 74.9551154148262$ | PnL: -3.83051107999999 💵 | Сделок: 1521 | WinRate: 95.46%
🔄 2025-09-26 08:58:39 Баланс: 68.9382775660827$ | PnL: -3.82920838999999 💵 | Сделок: 1525 | WinRate: 95.48%
🔄 2025-09-26 09:06:57 Баланс: 71.9365696795647$ | PnL: -3.82338898999999 💵 | Сделок: 1530 | WinRate: 95.49%
