🔄 2025-09-11 16:50:02 Баланс: 5000$ | PnL: 0 💵 | Сделок: 0 | WinRate: 0%
🔄 2025-09-11 16:55:10 Баланс: 4344.58310212823$ | PnL: 0 💵 | Сделок: 0 | WinRate: 0%
🔄 2025-09-11 17:01:38 Баланс: 4334.57409523804$ | PnL: 0 💵 | Сделок: 0 | WinRate: 0%
🔄 2025-09-11 17:08:41 Баланс: 4304.54710065291$ | PnL: 0 💵 | Сделок: 0 | WinRate: 0%
🔄 2025-09-11 17:14:57 Баланс: 4294.53808811163$ | PnL: 0 💵 | Сделок: 0 | WinRate: 0%
🔄 2025-09-11 17:21:39 Баланс: 4294.53808811163$ | PnL: 0 💵 | Сделок: 0 | WinRate: 0%
🔄 2025-09-11 17:28:00 Баланс: 4294.53808811163$ | PnL: 0 💵 | Сделок: 0 | WinRate: 0%
🔄 2025-09-11 17:34:25 Баланс: 4284.52917290788$ | PnL: 0 💵 | Сделок: 0 | WinRate: 0%
🔄 2025-09-11 17:40:35 Баланс: 4284.52917290788$ | PnL: 0 💵 | Сделок: 0 | WinRate: 0%
🔄 2025-09-11 17:47:12 Баланс: 4274.5201729076$ | PnL: 0 💵 | Сделок: 0 | WinRate: 0%
🔄 2025-09-11 17:55:25 Баланс: 4274.5201729076$ | PnL: 0 💵 | Сделок: 0 | WinRate: 0%
🔄 2025-09-11 18:04:36 Баланс: 4214.95443088971$ | PnL: 0.49734021 💵 | Сделок: 1 | WinRate: 100%
🔄 2025-09-11 18:11:16 Баланс: 4214.95443088971$ | PnL: 0.49734021 💵 | Сделок: 1 | WinRate: 100%
🔄 2025-09-11 18:18:34 Баланс: 4214.95443088971$ | PnL: 0.49734021 💵 | Сделок: 1 | WinRate: 100%
🔄 2025-09-11 18:25:46 Баланс: 4214.95443088971$ | PnL: 0.49734021 💵 | Сделок: 1 | WinRate: 100%
🔄 2025-09-11 18:32:36 Баланс: 4214.95443088971$ | PnL: 0.49734021 💵 | Сделок: 1 | WinRate: 100%
🔄 2025-09-11 18:39:33 Баланс: 4204.94542285248$ | PnL: 0.49734021 💵 | Сделок: 1 | WinRate: 100%
🔄 2025-09-11 18:46:02 Баланс: 4194.93649339592$ | PnL: 0.49734021 💵 | Сделок: 1 | WinRate: 100%
🔄 2025-09-11 18:52:24 Баланс: 4194.93649339592$ | PnL: 0.49734021 💵 | Сделок: 1 | WinRate: 100%
🔄 2025-09-11 18:58:46 Баланс: 4194.93649339592$ | PnL: 0.49734021 💵 | Сделок: 1 | WinRate: 100%
🔄 2025-09-11 19:05:14 Баланс: 4194.93649339592$ | PnL: 0.49734021 💵 | Сделок: 1 | WinRate: 100%
🔄 2025-09-11 19:11:41 Баланс: 4184.9274954898$ | PnL: 0.49734021 💵 | Сделок: 1 | WinRate: 100%
🔄 2025-09-11 19:18:13 Баланс: 4184.9274954898$ | PnL: 0.49734021 💵 | Сделок: 1 | WinRate: 100%
🔄 2025-09-11 19:24:32 Баланс: 4174.91849597023$ | PnL: 0.49734021 💵 | Сделок: 1 | WinRate: 100%
🔄 2025-09-11 19:30:56 Баланс: 4164.90949699816$ | PnL: 0.49734021 💵 | Сделок: 1 | WinRate: 100%
🔄 2025-09-11 19:37:20 Баланс: 4144.89153399342$ | PnL: 0.49734021 💵 | Сделок: 1 | WinRate: 100%
🔄 2025-09-11 19:43:39 Баланс: 4144.89153399342$ | PnL: 0.49734021 💵 | Сделок: 1 | WinRate: 100%
🔄 2025-09-11 19:49:59 Баланс: 4135.39622357158$ | PnL: 1.02001273 💵 | Сделок: 2 | WinRate: 100%
🔄 2025-09-11 19:56:24 Баланс: 4125.38722337921$ | PnL: 1.02001273 💵 | Сделок: 2 | WinRate: 100%
🔄 2025-09-11 20:02:46 Баланс: 4125.38722337921$ | PnL: 1.02001273 💵 | Сделок: 2 | WinRate: 100%
🔄 2025-09-11 20:09:05 Баланс: 4115.3782248105$ | PnL: 1.02001273 💵 | Сделок: 2 | WinRate: 100%
🔄 2025-09-11 20:15:25 Баланс: 4105.36922590148$ | PnL: 1.02001273 💵 | Сделок: 2 | WinRate: 100%
🔄 2025-09-11 20:21:58 Баланс: 4105.36922590148$ | PnL: 1.02001273 💵 | Сделок: 2 | WinRate: 100%
🔄 2025-09-11 20:28:25 Баланс: 4105.36922590148$ | PnL: 1.02001273 💵 | Сделок: 2 | WinRate: 100%
🔄 2025-09-11 20:34:45 Баланс: 4105.36922590148$ | PnL: 1.02001273 💵 | Сделок: 2 | WinRate: 100%
🔄 2025-09-11 20:41:08 Баланс: 4105.36922590148$ | PnL: 1.02001273 💵 | Сделок: 2 | WinRate: 100%
🔄 2025-09-11 20:47:29 Баланс: 4105.36922590148$ | PnL: 1.02001273 💵 | Сделок: 2 | WinRate: 100%
🔄 2025-09-11 20:53:55 Баланс: 4105.36922590148$ | PnL: 1.02001273 💵 | Сделок: 2 | WinRate: 100%
🔄 2025-09-11 21:00:19 Баланс: 4105.36922590148$ | PnL: 1.02001273 💵 | Сделок: 2 | WinRate: 100%
🔄 2025-09-11 21:06:43 Баланс: 4095.3602357103$ | PnL: 1.02001273 💵 | Сделок: 2 | WinRate: 100%
🔄 2025-09-11 21:13:05 Баланс: 4095.3602357103$ | PnL: 1.02001273 💵 | Сделок: 2 | WinRate: 100%
🔄 2025-09-11 21:19:29 Баланс: 4085.3512408349$ | PnL: 1.02001273 💵 | Сделок: 2 | WinRate: 100%
🔄 2025-09-11 21:25:53 Баланс: 4085.3512408349$ | PnL: 1.02001273 💵 | Сделок: 2 | WinRate: 100%
🔄 2025-09-11 21:32:18 Баланс: 4085.3512408349$ | PnL: 1.02001273 💵 | Сделок: 2 | WinRate: 100%
🔄 2025-09-11 21:38:44 Баланс: 4085.3512408349$ | PnL: 1.02001273 💵 | Сделок: 2 | WinRate: 100%
🔄 2025-09-11 21:45:15 Баланс: 4075.34225510774$ | PnL: 1.02001273 💵 | Сделок: 2 | WinRate: 100%
🔄 2025-09-11 21:51:40 Баланс: 4075.34225510774$ | PnL: 1.02001273 💵 | Сделок: 2 | WinRate: 100%
🔄 2025-09-11 21:58:05 Баланс: 4075.34225510774$ | PnL: 1.02001273 💵 | Сделок: 2 | WinRate: 100%
🔄 2025-09-11 22:04:31 Баланс: 4075.34225510774$ | PnL: 1.02001273 💵 | Сделок: 2 | WinRate: 100%
🔄 2025-09-11 22:10:57 Баланс: 4075.34225510774$ | PnL: 1.02001273 💵 | Сделок: 2 | WinRate: 100%
🔄 2025-09-11 22:17:21 Баланс: 4075.81739105654$ | PnL: 1.50415188 💵 | Сделок: 3 | WinRate: 100%
🔄 2025-09-11 22:23:51 Баланс: 4065.80838675267$ | PnL: 1.50415188 💵 | Сделок: 3 | WinRate: 100%
🔄 2025-09-11 22:30:17 Баланс: 4065.80838675267$ | PnL: 1.50415188 💵 | Сделок: 3 | WinRate: 100%
🔄 2025-09-11 22:36:44 Баланс: 4056.20152109765$ | PnL: 1.91529624 💵 | Сделок: 4 | WinRate: 100%
🔄 2025-09-11 22:43:13 Баланс: 4056.20152109765$ | PnL: 1.91529624 💵 | Сделок: 4 | WinRate: 100%
🔄 2025-09-11 22:49:39 Баланс: 4056.20152109765$ | PnL: 1.91529624 💵 | Сделок: 4 | WinRate: 100%
🔄 2025-09-11 22:56:06 Баланс: 4056.20152109765$ | PnL: 1.91529624 💵 | Сделок: 4 | WinRate: 100%
🔄 2025-09-11 23:02:32 Баланс: 4056.20152109765$ | PnL: 1.91529624 💵 | Сделок: 4 | WinRate: 100%
🔄 2025-09-11 23:09:00 Баланс: 4056.20152109765$ | PnL: 1.91529624 💵 | Сделок: 4 | WinRate: 100%
🔄 2025-09-11 23:15:26 Баланс: 4056.20152109765$ | PnL: 1.91529624 💵 | Сделок: 4 | WinRate: 100%
🔄 2025-09-11 23:21:57 Баланс: 4046.19248206255$ | PnL: 1.91529624 💵 | Сделок: 4 | WinRate: 100%
🔄 2025-09-11 23:28:25 Баланс: 4047.47649665214$ | PnL: 3.20832448 💵 | Сделок: 5 | WinRate: 100%
🔄 2025-09-11 23:34:51 Баланс: 4017.44954092395$ | PnL: 3.20832448 💵 | Сделок: 5 | WinRate: 100%
🔄 2025-09-11 23:41:22 Баланс: 3997.43146073665$ | PnL: 3.20832448 💵 | Сделок: 5 | WinRate: 100%
🔄 2025-09-11 23:47:51 Баланс: 3997.43146073665$ | PnL: 3.20832448 💵 | Сделок: 5 | WinRate: 100%
🔄 2025-09-11 23:54:22 Баланс: 3957.82418449195$ | PnL: 3.64598288 💵 | Сделок: 6 | WinRate: 100%
🔄 2025-09-12 00:00:57 Баланс: 3957.82418449195$ | PnL: 3.64598288 💵 | Сделок: 6 | WinRate: 100%
🔄 2025-09-12 00:07:29 Баланс: 3957.82418449195$ | PnL: 3.64598288 💵 | Сделок: 6 | WinRate: 100%
🔄 2025-09-12 00:14:02 Баланс: 3957.82418449195$ | PnL: 3.64598288 💵 | Сделок: 6 | WinRate: 100%
🔄 2025-09-12 00:20:34 Баланс: 3957.82418449195$ | PnL: 3.64598288 💵 | Сделок: 6 | WinRate: 100%
🔄 2025-09-12 00:27:08 Баланс: 3887.76272241084$ | PnL: 3.64598288 💵 | Сделок: 6 | WinRate: 100%
🔄 2025-09-12 00:33:46 Баланс: 3877.75384732316$ | PnL: 3.64598288 💵 | Сделок: 6 | WinRate: 100%
🔄 2025-09-12 00:40:25 Баланс: 3877.75384732316$ | PnL: 3.64598288 💵 | Сделок: 6 | WinRate: 100%
🔄 2025-09-12 00:47:06 Баланс: 3877.75384732316$ | PnL: 3.64598288 💵 | Сделок: 6 | WinRate: 100%
🔄 2025-09-12 00:53:46 Баланс: 3877.75384732316$ | PnL: 3.64598288 💵 | Сделок: 6 | WinRate: 100%
🔄 2025-09-12 01:00:26 Баланс: 3867.74484733316$ | PnL: 3.64598288 💵 | Сделок: 6 | WinRate: 100%
🔄 2025-09-12 01:07:05 Баланс: 3847.72684520375$ | PnL: 3.64598288 💵 | Сделок: 6 | WinRate: 100%
🔄 2025-09-12 01:13:46 Баланс: 3817.69986862781$ | PnL: 3.64598288 💵 | Сделок: 6 | WinRate: 100%
🔄 2025-09-12 01:20:32 Баланс: 3808.18433738934$ | PnL: 4.14845195 💵 | Сделок: 7 | WinRate: 100%
🔄 2025-09-12 01:27:17 Баланс: 3808.18433738934$ | PnL: 4.14845195 💵 | Сделок: 7 | WinRate: 100%
🔄 2025-09-12 01:34:03 Баланс: 3788.16635135189$ | PnL: 4.14845195 💵 | Сделок: 7 | WinRate: 100%
🔄 2025-09-12 01:40:49 Баланс: 3728.11247625063$ | PnL: 4.14845195 💵 | Сделок: 7 | WinRate: 100%
🔄 2025-09-12 01:47:42 Баланс: 3728.11247625063$ | PnL: 4.14845195 💵 | Сделок: 7 | WinRate: 100%
🔄 2025-09-12 01:54:34 Баланс: 3728.11247625063$ | PnL: 4.14845195 💵 | Сделок: 7 | WinRate: 100%
🔄 2025-09-12 02:01:25 Баланс: 3708.0945391672$ | PnL: 4.14845195 💵 | Сделок: 7 | WinRate: 100%
🔄 2025-09-12 02:08:16 Баланс: 3698.08553903909$ | PnL: 4.14845195 💵 | Сделок: 7 | WinRate: 100%
🔄 2025-09-12 02:15:09 Баланс: 3648.04051554289$ | PnL: 4.14845195 💵 | Сделок: 7 | WinRate: 100%
🔄 2025-09-12 02:22:06 Баланс: 3618.01350331189$ | PnL: 4.14845195 💵 | Сделок: 7 | WinRate: 100%
🔄 2025-09-12 02:29:08 Баланс: 3427.96590206358$ | PnL: 4.14845195 💵 | Сделок: 7 | WinRate: 100%
🔄 2025-09-12 02:36:27 Баланс: 3418.3925206215$ | PnL: 4.59301238 💵 | Сделок: 8 | WinRate: 100%
🔄 2025-09-12 02:43:42 Баланс: 3398.37452090575$ | PnL: 4.59301238 💵 | Сделок: 8 | WinRate: 100%
🔄 2025-09-12 02:50:57 Баланс: 3389.46466619269$ | PnL: 5.70976633 💵 | Сделок: 10 | WinRate: 100%
🔄 2025-09-12 02:58:14 Баланс: 3359.43766997409$ | PnL: 5.70976633 💵 | Сделок: 10 | WinRate: 100%
🔄 2025-09-12 03:05:35 Баланс: 3339.91913211145$ | PnL: 6.21825611 💵 | Сделок: 11 | WinRate: 100%
🔄 2025-09-12 03:12:59 Баланс: 3309.89214323145$ | PnL: 6.21825611 💵 | Сделок: 11 | WinRate: 100%
🔄 2025-09-12 03:20:24 Баланс: 3250.44021578219$ | PnL: 6.82933896 💵 | Сделок: 12 | WinRate: 100%
🔄 2025-09-12 03:27:58 Баланс: 3160.35891897431$ | PnL: 6.82933896 💵 | Сделок: 12 | WinRate: 100%
🔄 2025-09-12 03:35:42 Баланс: 3160.35891897431$ | PnL: 6.82933896 💵 | Сделок: 12 | WinRate: 100%
🔄 2025-09-12 03:43:27 Баланс: 3150.34989069888$ | PnL: 6.82933896 💵 | Сделок: 12 | WinRate: 100%
🔄 2025-09-12 03:51:13 Баланс: 3140.34089069772$ | PnL: 6.82933896 💵 | Сделок: 12 | WinRate: 100%
🔄 2025-09-12 03:59:03 Баланс: 3140.34089069772$ | PnL: 6.82933896 💵 | Сделок: 12 | WinRate: 100%
🔄 2025-09-12 04:06:51 Баланс: 3120.72544468482$ | PnL: 7.2407441 💵 | Сделок: 13 | WinRate: 100%
🔄 2025-09-12 04:14:41 Баланс: 3090.6984540032$ | PnL: 7.2407441 💵 | Сделок: 13 | WinRate: 100%
🔄 2025-09-12 04:22:35 Баланс: 3090.6984540032$ | PnL: 7.2407441 💵 | Сделок: 13 | WinRate: 100%
🔄 2025-09-12 04:30:25 Баланс: 3060.67139047208$ | PnL: 7.2407441 💵 | Сделок: 13 | WinRate: 100%
🔄 2025-09-12 04:38:18 Баланс: 3040.94661099443$ | PnL: 7.74092171 💵 | Сделок: 15 | WinRate: 100%
🔄 2025-09-12 04:46:16 Баланс: 2970.86565477757$ | PnL: 7.92004241 💵 | Сделок: 16 | WinRate: 100%
🔄 2025-09-12 04:54:19 Баланс: 2852.08310746707$ | PnL: 9.47129343 💵 | Сделок: 20 | WinRate: 100%
🔄 2025-09-12 05:02:35 Баланс: 2822.87776568624$ | PnL: 10.31101186 💵 | Сделок: 22 | WinRate: 100%
🔄 2025-09-12 05:10:53 Баланс: 2823.17047016392$ | PnL: 10.61272574 💵 | Сделок: 23 | WinRate: 100%
🔄 2025-09-12 05:19:14 Баланс: 2824.39890314419$ | PnL: 11.85916091 💵 | Сделок: 25 | WinRate: 100%
🔄 2025-09-12 05:27:33 Баланс: 2815.11980683257$ | PnL: 12.59806435 💵 | Сделок: 26 | WinRate: 100%
🔄 2025-09-12 05:35:53 Баланс: 2795.26531365639$ | PnL: 12.59806435 💵 | Сделок: 26 | WinRate: 100%
🔄 2025-09-12 05:45:23 Баланс: 2795.26531365639$ | PnL: 12.59806435 💵 | Сделок: 26 | WinRate: 100%
🔄 2025-09-12 05:53:38 Баланс: 2795.53364309586$ | PnL: 12.8753824 💵 | Сделок: 27 | WinRate: 100%
🔄 2025-09-12 06:01:54 Баланс: 2795.53364309586$ | PnL: 12.8753824 💵 | Сделок: 27 | WinRate: 100%
🔄 2025-09-12 06:10:13 Баланс: 2795.53364309586$ | PnL: 12.8753824 💵 | Сделок: 27 | WinRate: 100%
🔄 2025-09-12 06:18:31 Баланс: 2795.53364309586$ | PnL: 12.8753824 💵 | Сделок: 27 | WinRate: 100%
🔄 2025-09-12 06:26:51 Баланс: 2796.56432554965$ | PnL: 13.91506301 💵 | Сделок: 28 | WinRate: 100%
🔄 2025-09-12 06:35:14 Баланс: 2797.00058834033$ | PnL: 14.36026699 💵 | Сделок: 29 | WinRate: 100%
🔄 2025-09-12 06:43:39 Баланс: 2797.00058834033$ | PnL: 14.36026699 💵 | Сделок: 29 | WinRate: 100%
🔄 2025-09-12 06:52:01 Баланс: 2797.40298411445$ | PnL: 14.77166276 💵 | Сделок: 30 | WinRate: 100%
🔄 2025-09-12 07:00:23 Баланс: 2797.40298411445$ | PnL: 14.77166276 💵 | Сделок: 30 | WinRate: 100%
🔄 2025-09-12 07:08:43 Баланс: 2797.40298411445$ | PnL: 14.77166276 💵 | Сделок: 30 | WinRate: 100%
🔄 2025-09-12 07:17:05 Баланс: 2797.40298411445$ | PnL: 14.77166276 💵 | Сделок: 30 | WinRate: 100%
🔄 2025-09-12 07:25:28 Баланс: 2798.35898383232$ | PnL: 15.73666249 💵 | Сделок: 31 | WinRate: 100%
🔄 2025-09-12 07:33:50 Баланс: 2798.35898383232$ | PnL: 15.73666249 💵 | Сделок: 31 | WinRate: 100%
🔄 2025-09-12 07:42:11 Баланс: 2798.35898383232$ | PnL: 15.73666249 💵 | Сделок: 31 | WinRate: 100%
🔄 2025-09-12 07:50:33 Баланс: 2798.35898383232$ | PnL: 15.73666249 💵 | Сделок: 31 | WinRate: 100%
🔄 2025-09-12 07:58:55 Баланс: 2798.35898383232$ | PnL: 15.73666249 💵 | Сделок: 31 | WinRate: 100%
🔄 2025-09-12 08:07:18 Баланс: 2788.66535127596$ | PnL: 16.07913212 💵 | Сделок: 32 | WinRate: 100%
🔄 2025-09-12 08:16:11 Баланс: 2788.66535127596$ | PnL: 16.07913212 💵 | Сделок: 32 | WinRate: 100%
🔄 2025-09-12 08:24:42 Баланс: 2789.11281811701$ | PnL: 16.53543605 💵 | Сделок: 33 | WinRate: 100%
🔄 2025-09-12 08:33:01 Баланс: 2779.71098888422$ | PnL: 17.15165376 💵 | Сделок: 34 | WinRate: 100%
🔄 2025-09-12 08:41:23 Баланс: 2780.41773000272$ | PnL: 17.87398502 💵 | Сделок: 36 | WinRate: 100%
🔄 2025-09-12 08:49:44 Баланс: 2781.14407131948$ | PnL: 18.61982235 💵 | Сделок: 38 | WinRate: 100%
🔄 2025-09-12 08:58:09 Баланс: 2781.14407131948$ | PnL: 18.61982235 💵 | Сделок: 38 | WinRate: 100%
🔄 2025-09-12 09:06:33 Баланс: 2781.14407131948$ | PnL: 18.61982235 💵 | Сделок: 38 | WinRate: 100%
🔄 2025-09-12 09:15:10 Баланс: 2781.14407131948$ | PnL: 18.61982235 💵 | Сделок: 38 | WinRate: 100%
🔄 2025-09-12 09:23:54 Баланс: 2781.14407131948$ | PnL: 18.61982235 💵 | Сделок: 38 | WinRate: 100%
🔄 2025-09-12 09:32:31 Баланс: 2792.17391524448$ | PnL: 19.65884834 💵 | Сделок: 40 | WinRate: 100%
🔄 2025-09-12 09:41:04 Баланс: 2792.17391524448$ | PnL: 19.65884834 💵 | Сделок: 40 | WinRate: 100%
🔄 2025-09-12 09:49:47 Баланс: 2782.44997315095$ | PnL: 19.953392 💵 | Сделок: 41 | WinRate: 100%
🔄 2025-09-12 09:59:16 Баланс: 2782.44997315095$ | PnL: 19.953392 💵 | Сделок: 41 | WinRate: 100%
🔄 2025-09-12 10:08:14 Баланс: 2772.88953475447$ | PnL: 20.2357329 💵 | Сделок: 42 | WinRate: 100%
🔄 2025-09-12 10:17:03 Баланс: 2764.48116663061$ | PnL: 21.85437155 💵 | Сделок: 44 | WinRate: 100%
🔄 2025-09-12 10:25:46 Баланс: 2764.48116663061$ | PnL: 21.85437155 💵 | Сделок: 44 | WinRate: 100%
🔄 2025-09-12 10:34:26 Баланс: 2764.91449767416$ | PnL: 22.29673354 💵 | Сделок: 45 | WinRate: 100%
🔄 2025-09-12 10:43:23 Баланс: 2765.88633792736$ | PnL: 23.27757111 💵 | Сделок: 46 | WinRate: 100%
🔄 2025-09-12 10:52:18 Баланс: 2765.88633792736$ | PnL: 23.27757111 💵 | Сделок: 46 | WinRate: 100%
🔄 2025-09-12 11:01:15 Баланс: 2765.88633792736$ | PnL: 23.27757111 💵 | Сделок: 46 | WinRate: 100%
🔄 2025-09-12 11:10:05 Баланс: 2755.87731911044$ | PnL: 23.27757111 💵 | Сделок: 46 | WinRate: 100%
🔄 2025-09-12 11:19:10 Баланс: 2756.34184357913$ | PnL: 23.75109558 💵 | Сделок: 47 | WinRate: 100%
🔄 2025-09-12 11:29:27 Баланс: 2757.30569679733$ | PnL: 24.73294113 💵 | Сделок: 49 | WinRate: 100%
🔄 2025-09-12 11:38:49 Баланс: 2757.60035376633$ | PnL: 25.03659664 💵 | Сделок: 50 | WinRate: 100%
🔄 2025-09-12 11:48:18 Баланс: 2757.60035376633$ | PnL: 25.03659664 💵 | Сделок: 50 | WinRate: 100%
🔄 2025-09-12 11:58:24 Баланс: 2757.60035376633$ | PnL: 25.03659664 💵 | Сделок: 50 | WinRate: 100%
🔄 2025-09-12 12:07:42 Баланс: 2747.59135716939$ | PnL: 25.03659664 💵 | Сделок: 50 | WinRate: 100%
🔄 2025-09-12 12:16:58 Баланс: 2747.59135716939$ | PnL: 25.03659664 💵 | Сделок: 50 | WinRate: 100%
🔄 2025-09-12 12:26:21 Баланс: 2747.59135716939$ | PnL: 25.03659664 💵 | Сделок: 50 | WinRate: 100%
🔄 2025-09-12 12:35:53 Баланс: 2747.59135716939$ | PnL: 25.03659664 💵 | Сделок: 50 | WinRate: 100%
🔄 2025-09-12 12:45:23 Баланс: 2747.59135716939$ | PnL: 25.03659664 💵 | Сделок: 50 | WinRate: 100%
🔄 2025-09-12 12:54:44 Баланс: 2747.59135716939$ | PnL: 25.03659664 💵 | Сделок: 50 | WinRate: 100%
🔄 2025-09-12 13:04:20 Баланс: 2747.59135716939$ | PnL: 25.03659664 💵 | Сделок: 50 | WinRate: 100%
🔄 2025-09-12 13:13:46 Баланс: 2747.59135716939$ | PnL: 25.03659664 💵 | Сделок: 50 | WinRate: 100%
🔄 2025-09-12 13:23:12 Баланс: 2747.59135716939$ | PnL: 25.03659664 💵 | Сделок: 50 | WinRate: 100%
🔄 2025-09-12 13:32:40 Баланс: 2747.59135716939$ | PnL: 25.03659664 💵 | Сделок: 50 | WinRate: 100%
🔄 2025-09-12 13:42:15 Баланс: 2747.59135716939$ | PnL: 25.03659664 💵 | Сделок: 50 | WinRate: 100%
🔄 2025-09-12 13:51:41 Баланс: 2749.17876218772$ | PnL: 26.63299701 💵 | Сделок: 51 | WinRate: 100%
🔄 2025-09-12 14:01:11 Баланс: 2749.17876218772$ | PnL: 26.63299701 💵 | Сделок: 51 | WinRate: 100%
🔄 2025-09-12 14:10:38 Баланс: 2758.83705985452$ | PnL: 26.29129473 💵 | Сделок: 52 | WinRate: 98.08%
🔄 2025-09-12 14:19:39 Баланс: 2758.83705985452$ | PnL: 26.29129473 💵 | Сделок: 52 | WinRate: 98.08%
🔄 2025-09-12 14:28:35 Баланс: 2758.83705985452$ | PnL: 26.29129473 💵 | Сделок: 52 | WinRate: 98.08%
🔄 2025-09-12 14:37:35 Баланс: 2758.83705985452$ | PnL: 26.29129473 💵 | Сделок: 52 | WinRate: 98.08%
🔄 2025-09-12 14:46:50 Баланс: 2758.83705985452$ | PnL: 26.29129473 💵 | Сделок: 52 | WinRate: 98.08%
🔄 2025-09-12 14:56:13 Баланс: 2759.60024309041$ | PnL: 27.06347813 💵 | Сделок: 53 | WinRate: 98.11%
🔄 2025-09-12 15:05:14 Баланс: 2759.60024309041$ | PnL: 27.06347813 💵 | Сделок: 53 | WinRate: 98.11%
🔄 2025-09-12 15:14:17 Баланс: 2759.60024309041$ | PnL: 27.06347813 💵 | Сделок: 53 | WinRate: 98.11%
🔄 2025-09-12 15:23:19 Баланс: 2759.60024309041$ | PnL: 27.06347813 💵 | Сделок: 53 | WinRate: 98.11%
🔄 2025-09-12 15:34:07 Баланс: 2759.60024309041$ | PnL: 27.06347813 💵 | Сделок: 53 | WinRate: 98.11%
🔄 2025-09-12 15:46:55 Баланс: 2759.60024309041$ | PnL: 27.06347813 💵 | Сделок: 53 | WinRate: 98.11%
🔄 2025-09-12 15:58:30 Баланс: 2759.60024309041$ | PnL: 27.06347813 💵 | Сделок: 53 | WinRate: 98.11%
🔄 2025-09-12 16:09:21 Баланс: 2749.23123485644$ | PnL: 26.71247013 💵 | Сделок: 54 | WinRate: 96.3%
🔄 2025-09-12 16:19:51 Баланс: 2749.23123485644$ | PnL: 26.71247013 💵 | Сделок: 54 | WinRate: 96.3%
🔄 2025-09-12 16:30:06 Баланс: 2739.22222838062$ | PnL: 26.71247013 💵 | Сделок: 54 | WinRate: 96.3%
🔄 2025-09-12 16:40:20 Баланс: 2739.22222838062$ | PnL: 26.71247013 💵 | Сделок: 54 | WinRate: 96.3%
🔄 2025-09-12 16:50:13 Баланс: 2739.22222838062$ | PnL: 26.71247013 💵 | Сделок: 54 | WinRate: 96.3%
🔄 2025-09-12 16:59:58 Баланс: 2739.22222838062$ | PnL: 26.71247013 💵 | Сделок: 54 | WinRate: 96.3%
🔄 2025-09-12 17:09:47 Баланс: 2739.22222838062$ | PnL: 26.71247013 💵 | Сделок: 54 | WinRate: 96.3%
🔄 2025-09-12 17:19:33 Баланс: 2739.22222838062$ | PnL: 26.71247013 💵 | Сделок: 54 | WinRate: 96.3%
🔄 2025-09-12 17:29:46 Баланс: 2748.41067763062$ | PnL: 25.90097098 💵 | Сделок: 55 | WinRate: 94.55%
🔄 2025-09-12 17:39:33 Баланс: 2748.41067763062$ | PnL: 25.90097098 💵 | Сделок: 55 | WinRate: 94.55%
🔄 2025-09-12 17:49:32 Баланс: 2748.41067763062$ | PnL: 25.90097098 💵 | Сделок: 55 | WinRate: 94.55%
🔄 2025-09-12 17:59:19 Баланс: 2748.41067763062$ | PnL: 25.90097098 💵 | Сделок: 55 | WinRate: 94.55%
🔄 2025-09-12 18:09:15 Баланс: 2757.85402396062$ | PnL: 25.34432711 💵 | Сделок: 56 | WinRate: 92.86%
🔄 2025-09-12 18:19:11 Баланс: 2758.51005254091$ | PnL: 26.00935343 💵 | Сделок: 57 | WinRate: 92.98%
🔄 2025-09-12 18:29:28 Баланс: 2758.51005254091$ | PnL: 26.00935343 💵 | Сделок: 57 | WinRate: 92.98%
🔄 2025-09-12 18:39:21 Баланс: 2759.42253093831$ | PnL: 26.58279716 💵 | Сделок: 59 | WinRate: 93.22%
🔄 2025-09-12 18:49:29 Баланс: 2759.42253093831$ | PnL: 26.58279716 💵 | Сделок: 59 | WinRate: 93.22%
🔄 2025-09-12 18:59:11 Баланс: 2759.42253093831$ | PnL: 26.58279716 💵 | Сделок: 59 | WinRate: 93.22%
🔄 2025-09-12 19:08:56 Баланс: 2760.18373551676$ | PnL: 27.35300179 💵 | Сделок: 60 | WinRate: 93.33%
🔄 2025-09-12 19:19:54 Баланс: 2760.18373551676$ | PnL: 27.35300179 💵 | Сделок: 60 | WinRate: 93.33%
🔄 2025-09-12 19:29:29 Баланс: 2750.17472240497$ | PnL: 27.35300179 💵 | Сделок: 60 | WinRate: 93.33%
🔄 2025-09-12 19:39:08 Баланс: 2750.17472240497$ | PnL: 27.35300179 💵 | Сделок: 60 | WinRate: 93.33%
🔄 2025-09-12 19:49:30 Баланс: 2740.16571873667$ | PnL: 27.35300179 💵 | Сделок: 60 | WinRate: 93.33%
🔄 2025-09-12 19:59:43 Баланс: 2740.16571873667$ | PnL: 27.35300179 💵 | Сделок: 60 | WinRate: 93.33%
🔄 2025-09-12 20:10:19 Баланс: 2740.67705712986$ | PnL: 27.87333827 💵 | Сделок: 61 | WinRate: 93.44%
🔄 2025-09-12 20:20:36 Баланс: 2730.66804601987$ | PnL: 27.87333827 💵 | Сделок: 61 | WinRate: 93.44%
🔄 2025-09-12 20:30:14 Баланс: 2731.1829081946$ | PnL: 28.39720111 💵 | Сделок: 62 | WinRate: 93.55%
🔄 2025-09-12 20:39:54 Баланс: 2742.89616414272$ | PnL: 30.13746221 💵 | Сделок: 66 | WinRate: 93.94%
🔄 2025-09-12 20:49:33 Баланс: 2732.88715455409$ | PnL: 30.13746221 💵 | Сделок: 66 | WinRate: 93.94%
🔄 2025-09-12 20:59:05 Баланс: 2734.21423103533$ | PnL: 31.47354324 💵 | Сделок: 67 | WinRate: 94.03%
🔄 2025-09-12 21:08:21 Баланс: 2735.17408096421$ | PnL: 32.45139517 💵 | Сделок: 69 | WinRate: 94.2%
🔄 2025-09-12 21:17:38 Баланс: 2725.16508113636$ | PnL: 32.45139517 💵 | Сделок: 69 | WinRate: 94.2%
🔄 2025-09-12 21:26:56 Баланс: 2746.83917643657$ | PnL: 34.14353883 💵 | Сделок: 73 | WinRate: 94.52%
🔄 2025-09-12 21:36:09 Баланс: 2748.38008458982$ | PnL: 35.68485413 💵 | Сделок: 77 | WinRate: 94.81%
🔄 2025-09-12 21:45:23 Баланс: 2759.91541989372$ | PnL: 37.23780048 💵 | Сделок: 80 | WinRate: 95%
🔄 2025-09-12 21:54:45 Баланс: 2749.90638814517$ | PnL: 37.23780048 💵 | Сделок: 80 | WinRate: 95%
🔄 2025-09-12 22:03:56 Баланс: 2760.56311680917$ | PnL: 37.89452459 💵 | Сделок: 81 | WinRate: 95.06%
🔄 2025-09-12 22:13:07 Баланс: 2761.31615163083$ | PnL: 38.65655918 💵 | Сделок: 82 | WinRate: 95.12%
🔄 2025-09-12 22:22:14 Баланс: 2761.31615163083$ | PnL: 38.65655918 💵 | Сделок: 82 | WinRate: 95.12%
🔄 2025-09-12 22:31:25 Баланс: 2783.35064740183$ | PnL: 40.69105483 💵 | Сделок: 84 | WinRate: 95.24%
🔄 2025-09-12 22:40:33 Баланс: 2773.34164630584$ | PnL: 40.69105483 💵 | Сделок: 84 | WinRate: 95.24%
🔄 2025-09-12 22:49:43 Баланс: 2754.01772180424$ | PnL: 41.3846984 💵 | Сделок: 86 | WinRate: 95.35%
🔄 2025-09-12 22:58:55 Баланс: 2754.57647174574$ | PnL: 41.95244926 💵 | Сделок: 87 | WinRate: 95.4%
🔄 2025-09-12 23:08:02 Баланс: 2754.87803796022$ | PnL: 42.52777123 💵 | Сделок: 89 | WinRate: 95.51%
🔄 2025-09-12 23:17:15 Баланс: 2745.44049870617$ | PnL: 43.10822727 💵 | Сделок: 90 | WinRate: 95.56%
🔄 2025-09-12 23:26:25 Баланс: 2745.44049870617$ | PnL: 43.10822727 💵 | Сделок: 90 | WinRate: 95.56%
🔄 2025-09-12 23:35:37 Баланс: 2745.44049870617$ | PnL: 43.10822727 💵 | Сделок: 90 | WinRate: 95.56%
🔄 2025-09-12 23:44:47 Баланс: 2746.23330262997$ | PnL: 43.91002822 💵 | Сделок: 91 | WinRate: 95.6%
🔄 2025-09-12 23:53:54 Баланс: 2726.65238438085$ | PnL: 44.34440054 💵 | Сделок: 92 | WinRate: 95.65%
🔄 2025-09-13 00:03:03 Баланс: 2716.78196899985$ | PnL: 44.51918713 💵 | Сделок: 96 | WinRate: 94.79%
🔄 2025-09-13 00:12:14 Баланс: 2686.7549654947$ | PnL: 44.51918713 💵 | Сделок: 96 | WinRate: 94.79%
🔄 2025-09-13 00:21:25 Баланс: 2686.7549654947$ | PnL: 44.51918713 💵 | Сделок: 96 | WinRate: 94.79%
🔄 2025-09-13 00:30:37 Баланс: 2686.7549654947$ | PnL: 44.51918713 💵 | Сделок: 96 | WinRate: 94.79%
🔄 2025-09-13 00:39:51 Баланс: 2686.7549654947$ | PnL: 44.51918713 💵 | Сделок: 96 | WinRate: 94.79%
🔄 2025-09-13 00:48:55 Баланс: 2687.2015528195$ | PnL: 44.78777894 💵 | Сделок: 97 | WinRate: 94.85%
🔄 2025-09-13 00:57:57 Баланс: 2678.44894980859$ | PnL: 45.8630186 💵 | Сделок: 99 | WinRate: 94.95%
🔄 2025-09-13 01:06:57 Баланс: 2679.92023944712$ | PnL: 47.13942156 💵 | Сделок: 102 | WinRate: 95.1%
🔄 2025-09-13 01:15:48 Баланс: 2679.92023944712$ | PnL: 47.13942156 💵 | Сделок: 102 | WinRate: 95.1%
🔄 2025-09-13 01:24:40 Баланс: 2680.3868320398$ | PnL: 47.61501256 💵 | Сделок: 103 | WinRate: 95.15%
🔄 2025-09-13 01:33:28 Баланс: 2680.3868320398$ | PnL: 47.61501256 💵 | Сделок: 103 | WinRate: 95.15%
🔄 2025-09-13 01:42:19 Баланс: 2680.3868320398$ | PnL: 47.61501256 💵 | Сделок: 103 | WinRate: 95.15%
🔄 2025-09-13 01:51:06 Баланс: 2680.9848872963$ | PnL: 48.22203098 💵 | Сделок: 104 | WinRate: 95.19%
🔄 2025-09-13 01:59:50 Баланс: 2680.9848872963$ | PnL: 48.22203098 💵 | Сделок: 104 | WinRate: 95.19%
🔄 2025-09-13 02:08:41 Баланс: 2680.9848872963$ | PnL: 48.22203098 💵 | Сделок: 104 | WinRate: 95.19%
🔄 2025-09-13 02:17:33 Баланс: 2681.40999428667$ | PnL: 48.65614795 💵 | Сделок: 105 | WinRate: 95.24%
🔄 2025-09-13 02:26:26 Баланс: 2683.77816476674$ | PnL: 51.06403652 💵 | Сделок: 110 | WinRate: 95.45%
🔄 2025-09-13 02:35:17 Баланс: 2685.53086021286$ | PnL: 52.862953 💵 | Сделок: 115 | WinRate: 95.65%
🔄 2025-09-13 02:44:09 Баланс: 2686.05913336884$ | PnL: 53.40022365 💵 | Сделок: 116 | WinRate: 95.69%
🔄 2025-09-13 02:52:59 Баланс: 2686.05913336884$ | PnL: 53.40022365 💵 | Сделок: 116 | WinRate: 95.69%
🔄 2025-09-13 03:01:54 Баланс: 2677.17897258519$ | PnL: 54.55604245 💵 | Сделок: 119 | WinRate: 95.8%
🔄 2025-09-13 03:10:48 Баланс: 2677.17897258519$ | PnL: 54.55604245 💵 | Сделок: 119 | WinRate: 95.8%
🔄 2025-09-13 03:19:43 Баланс: 2677.17897258519$ | PnL: 54.55604245 💵 | Сделок: 119 | WinRate: 95.8%
🔄 2025-09-13 03:28:35 Баланс: 2677.17897258519$ | PnL: 54.55604245 💵 | Сделок: 119 | WinRate: 95.8%
🔄 2025-09-13 03:37:27 Баланс: 2687.67617348519$ | PnL: 55.05324411 💵 | Сделок: 120 | WinRate: 95.83%
🔄 2025-09-13 03:46:20 Баланс: 2677.66717264944$ | PnL: 55.05324411 💵 | Сделок: 120 | WinRate: 95.83%
🔄 2025-09-13 03:55:14 Баланс: 2688.65554584944$ | PnL: 56.04161923 💵 | Сделок: 121 | WinRate: 95.87%
🔄 2025-09-13 04:04:05 Баланс: 2689.26008119235$ | PnL: 56.66415483 💵 | Сделок: 123 | WinRate: 95.93%
🔄 2025-09-13 04:12:57 Баланс: 2680.59730423193$ | PnL: 58.04655094 💵 | Сделок: 127 | WinRate: 96.06%
🔄 2025-09-13 04:21:48 Баланс: 2681.54460873448$ | PnL: 59.02089419 💵 | Сделок: 130 | WinRate: 96.15%
🔄 2025-09-13 04:30:40 Баланс: 2681.9972704178$ | PnL: 59.48255405 💵 | Сделок: 131 | WinRate: 96.18%
🔄 2025-09-13 04:39:31 Баланс: 2681.9972704178$ | PnL: 59.48255405 💵 | Сделок: 131 | WinRate: 96.18%
🔄 2025-09-13 04:48:23 Баланс: 2692.7323579431$ | PnL: 60.22666902 💵 | Сделок: 133 | WinRate: 96.24%
🔄 2025-09-13 04:57:18 Баланс: 2692.7323579431$ | PnL: 60.22666902 💵 | Сделок: 133 | WinRate: 96.24%
🔄 2025-09-13 05:06:07 Баланс: 2694.36480195327$ | PnL: 61.8950105 💵 | Сделок: 137 | WinRate: 96.35%
🔄 2025-09-13 05:15:00 Баланс: 2707.99556479218$ | PnL: 65.59762629 💵 | Сделок: 146 | WinRate: 96.58%
🔄 2025-09-13 05:23:53 Баланс: 2729.74550574505$ | PnL: 67.39299802 💵 | Сделок: 153 | WinRate: 96.08%
🔄 2025-09-13 05:32:35 Баланс: 2742.09846293714$ | PnL: 69.79177743 💵 | Сделок: 159 | WinRate: 96.23%
🔄 2025-09-13 05:38:18 Баланс: 2743.06958094577$ | PnL: 70.78089538 💵 | Сделок: 161 | WinRate: 96.27%
🔄 2025-09-13 05:38:22 Баланс: 2743.06958094577$ | PnL: 70.78089538 💵 | Сделок: 161 | WinRate: 96.27%
🔄 2025-09-13 05:38:26 Баланс: 2743.06958094577$ | PnL: 70.78089538 💵 | Сделок: 161 | WinRate: 96.27%
🔄 2025-09-13 05:38:30 Баланс: 2743.06958094577$ | PnL: 70.78089538 💵 | Сделок: 161 | WinRate: 96.27%
🔄 2025-09-13 05:38:34 Баланс: 2743.06958094577$ | PnL: 70.78089538 💵 | Сделок: 161 | WinRate: 96.27%
🔄 2025-09-13 05:38:38 Баланс: 2743.06958094577$ | PnL: 70.78089538 💵 | Сделок: 161 | WinRate: 96.27%
🔄 2025-09-13 05:38:42 Баланс: 2743.06958094577$ | PnL: 70.78089538 💵 | Сделок: 161 | WinRate: 96.27%
🔄 2025-09-13 05:38:46 Баланс: 2743.06958094577$ | PnL: 70.78089538 💵 | Сделок: 161 | WinRate: 96.27%
🔄 2025-09-13 05:38:50 Баланс: 2743.06958094577$ | PnL: 70.78089538 💵 | Сделок: 161 | WinRate: 96.27%
🔄 2025-09-13 05:38:54 Баланс: 2743.06958094577$ | PnL: 70.78089538 💵 | Сделок: 161 | WinRate: 96.27%
🔄 2025-09-13 05:38:58 Баланс: 2743.06958094577$ | PnL: 70.78089538 💵 | Сделок: 161 | WinRate: 96.27%
🔄 2025-09-13 05:39:03 Баланс: 2743.06958094577$ | PnL: 70.78089538 💵 | Сделок: 161 | WinRate: 96.27%
🔄 2025-09-13 05:39:07 Баланс: 2743.06958094577$ | PnL: 70.78089538 💵 | Сделок: 161 | WinRate: 96.27%
🔄 2025-09-13 05:39:12 Баланс: 2743.06958094577$ | PnL: 70.78089538 💵 | Сделок: 161 | WinRate: 96.27%
🔄 2025-09-13 05:43:07 Баланс: 2743.06958094577$ | PnL: 70.78089538 💵 | Сделок: 161 | WinRate: 96.27%
🔄 2025-09-13 05:51:39 Баланс: 2744.35092190421$ | PnL: 72.08023405 💵 | Сделок: 163 | WinRate: 96.32%
🔄 2025-09-13 06:00:11 Баланс: 2755.23987622223$ | PnL: 72.97818864 💵 | Сделок: 165 | WinRate: 96.36%
🔄 2025-09-13 06:08:42 Баланс: 2755.23987622223$ | PnL: 72.97818864 💵 | Сделок: 165 | WinRate: 96.36%
🔄 2025-09-13 06:17:34 Баланс: 2755.23987622223$ | PnL: 72.97818864 💵 | Сделок: 165 | WinRate: 96.36%
🔄 2025-09-13 06:26:03 Баланс: 2755.23987622223$ | PnL: 72.97818864 💵 | Сделок: 165 | WinRate: 96.36%
🔄 2025-09-13 06:34:38 Баланс: 2755.23987622223$ | PnL: 72.97818864 💵 | Сделок: 165 | WinRate: 96.36%
🔄 2025-09-13 06:43:20 Баланс: 2755.23987622223$ | PnL: 72.97818864 💵 | Сделок: 165 | WinRate: 96.36%
🔄 2025-09-13 06:51:59 Баланс: 2755.23987622223$ | PnL: 72.97818864 💵 | Сделок: 165 | WinRate: 96.36%
🔄 2025-09-13 07:00:42 Баланс: 2755.23987622223$ | PnL: 72.97818864 💵 | Сделок: 165 | WinRate: 96.36%
🔄 2025-09-13 07:09:23 Баланс: 2755.65858223863$ | PnL: 73.40590038 💵 | Сделок: 166 | WinRate: 96.39%
🔄 2025-09-13 07:18:06 Баланс: 2755.65858223863$ | PnL: 73.40590038 💵 | Сделок: 166 | WinRate: 96.39%
🔄 2025-09-13 07:26:49 Баланс: 2755.65858223863$ | PnL: 73.40590038 💵 | Сделок: 166 | WinRate: 96.39%
🔄 2025-09-13 07:35:30 Баланс: 2755.65858223863$ | PnL: 73.40590038 💵 | Сделок: 166 | WinRate: 96.39%
🔄 2025-09-13 07:44:12 Баланс: 2765.63576889267$ | PnL: 73.39301935 💵 | Сделок: 168 | WinRate: 95.83%
🔄 2025-09-13 07:52:52 Баланс: 2766.06422977667$ | PnL: 73.82918569 💵 | Сделок: 169 | WinRate: 95.86%
🔄 2025-09-13 08:01:36 Баланс: 2766.91485642985$ | PnL: 74.69809685 💵 | Сделок: 171 | WinRate: 95.91%
🔄 2025-09-13 08:10:16 Баланс: 2746.89686914529$ | PnL: 74.69809685 💵 | Сделок: 171 | WinRate: 95.91%
🔄 2025-09-13 08:18:58 Баланс: 2736.88787074673$ | PnL: 74.69809685 💵 | Сделок: 171 | WinRate: 95.91%
🔄 2025-09-13 08:27:45 Баланс: 2736.88787074673$ | PnL: 74.69809685 💵 | Сделок: 171 | WinRate: 95.91%
🔄 2025-09-13 08:36:28 Баланс: 2726.87820364688$ | PnL: 74.69809685 💵 | Сделок: 171 | WinRate: 95.91%
🔄 2025-09-13 08:45:13 Баланс: 2726.87820364688$ | PnL: 74.69809685 💵 | Сделок: 171 | WinRate: 95.91%
🔄 2025-09-13 08:54:03 Баланс: 2727.28704643678$ | PnL: 75.11591573 💵 | Сделок: 172 | WinRate: 95.93%
🔄 2025-09-13 09:02:49 Баланс: 2727.28704643678$ | PnL: 75.11591573 💵 | Сделок: 172 | WinRate: 95.93%
🔄 2025-09-13 09:11:33 Баланс: 2727.28704643678$ | PnL: 75.11591573 💵 | Сделок: 172 | WinRate: 95.93%
🔄 2025-09-13 09:20:12 Баланс: 2727.75977368779$ | PnL: 75.59763422 💵 | Сделок: 173 | WinRate: 95.95%
🔄 2025-09-13 09:28:54 Баланс: 2727.75977368779$ | PnL: 75.59763422 💵 | Сделок: 173 | WinRate: 95.95%
🔄 2025-09-13 09:37:33 Баланс: 2727.75977368779$ | PnL: 75.59763422 💵 | Сделок: 173 | WinRate: 95.95%
🔄 2025-09-13 09:46:15 Баланс: 2727.75977368779$ | PnL: 75.59763422 💵 | Сделок: 173 | WinRate: 95.95%
🔄 2025-09-13 09:54:57 Баланс: 2728.10972635803$ | PnL: 75.95659495 💵 | Сделок: 174 | WinRate: 95.98%
🔄 2025-09-13 10:04:10 Баланс: 2728.10972635803$ | PnL: 75.95659495 💵 | Сделок: 174 | WinRate: 95.98%
🔄 2025-09-13 10:12:51 Баланс: 2728.10972635803$ | PnL: 75.95659495 💵 | Сделок: 174 | WinRate: 95.98%
🔄 2025-09-13 10:21:43 Баланс: 2729.38843281419$ | PnL: 77.26217596 💵 | Сделок: 177 | WinRate: 96.05%
🔄 2025-09-13 10:30:25 Баланс: 2729.65951507432$ | PnL: 77.54225822 💵 | Сделок: 178 | WinRate: 96.07%
🔄 2025-09-13 10:39:09 Баланс: 2729.65951507432$ | PnL: 77.54225822 💵 | Сделок: 178 | WinRate: 96.07%
🔄 2025-09-13 10:47:54 Баланс: 2729.65951507432$ | PnL: 77.54225822 💵 | Сделок: 178 | WinRate: 96.07%
🔄 2025-09-13 10:56:36 Баланс: 2730.19948551797$ | PnL: 78.0912318 💵 | Сделок: 179 | WinRate: 96.09%
🔄 2025-09-13 11:05:17 Баланс: 2720.54323897249$ | PnL: 78.45301401 💵 | Сделок: 180 | WinRate: 96.11%
🔄 2025-09-13 11:13:59 Баланс: 2721.67668101779$ | PnL: 79.60445401 💵 | Сделок: 182 | WinRate: 96.15%
🔄 2025-09-13 11:22:33 Баланс: 2722.37437852142$ | PnL: 80.32365106 💵 | Сделок: 184 | WinRate: 96.2%
🔄 2025-09-13 11:31:08 Баланс: 2722.37437852142$ | PnL: 80.32365106 💵 | Сделок: 184 | WinRate: 96.2%
🔄 2025-09-13 11:39:43 Баланс: 2712.36537792789$ | PnL: 80.32365106 💵 | Сделок: 184 | WinRate: 96.2%
🔄 2025-09-13 11:48:17 Баланс: 2692.34737354895$ | PnL: 80.32365106 💵 | Сделок: 184 | WinRate: 96.2%
🔄 2025-09-13 11:56:57 Баланс: 2692.34737354895$ | PnL: 80.32365106 💵 | Сделок: 184 | WinRate: 96.2%
🔄 2025-09-13 12:05:34 Баланс: 2652.31134047922$ | PnL: 80.32365106 💵 | Сделок: 184 | WinRate: 96.2%
🔄 2025-09-13 12:14:13 Баланс: 2652.58428195822$ | PnL: 80.606839 💵 | Сделок: 185 | WinRate: 96.22%
🔄 2025-09-13 12:22:55 Баланс: 2643.33759979736$ | PnL: 81.38633123 💵 | Сделок: 187 | WinRate: 96.26%
🔄 2025-09-13 12:31:34 Баланс: 2644.08088981286$ | PnL: 82.14662494 💵 | Сделок: 189 | WinRate: 96.3%
🔄 2025-09-13 12:40:11 Баланс: 2644.6836479095$ | PnL: 82.75838326 💵 | Сделок: 190 | WinRate: 96.32%
🔄 2025-09-13 12:48:58 Баланс: 2634.6746461259$ | PnL: 82.75838326 💵 | Сделок: 190 | WinRate: 96.32%
🔄 2025-09-13 12:57:39 Баланс: 2635.99465938564$ | PnL: 84.10540928 💵 | Сделок: 193 | WinRate: 96.37%
🔄 2025-09-13 13:06:19 Баланс: 2617.81270679179$ | PnL: 85.98640709 💵 | Сделок: 198 | WinRate: 96.46%
🔄 2025-09-13 13:15:01 Баланс: 2608.63706426775$ | PnL: 86.83776224 💵 | Сделок: 200 | WinRate: 96.5%
🔄 2025-09-13 13:23:43 Баланс: 2610.51220805601$ | PnL: 88.75808484 💵 | Сделок: 205 | WinRate: 96.59%
🔄 2025-09-13 13:32:32 Баланс: 2602.73444300007$ | PnL: 91.04200814 💵 | Сделок: 211 | WinRate: 96.68%
🔄 2025-09-13 13:41:15 Баланс: 2613.64516277783$ | PnL: 91.97974463 💵 | Сделок: 215 | WinRate: 96.28%
🔄 2025-09-13 13:50:00 Баланс: 2614.03924669456$ | PnL: 92.38282857 💵 | Сделок: 216 | WinRate: 96.3%
🔄 2025-09-13 14:00:44 Баланс: 2604.43729846792$ | PnL: 92.8256669 💵 | Сделок: 218 | WinRate: 96.33%
🔄 2025-09-13 14:10:37 Баланс: 2627.77711595044$ | PnL: 96.22848122 💵 | Сделок: 227 | WinRate: 96.48%
🔄 2025-09-13 14:20:00 Баланс: 2629.45481560572$ | PnL: 97.96026343 💵 | Сделок: 233 | WinRate: 96.57%
🔄 2025-09-13 14:29:28 Баланс: 2633.60614600146$ | PnL: 102.19255003 💵 | Сделок: 242 | WinRate: 96.69%
🔄 2025-09-13 14:38:57 Баланс: 2623.59714600131$ | PnL: 102.19255003 💵 | Сделок: 242 | WinRate: 96.69%
🔄 2025-09-13 14:48:19 Баланс: 2634.8892632277$ | PnL: 103.49366893 💵 | Сделок: 244 | WinRate: 96.72%
🔄 2025-09-13 14:57:47 Баланс: 2624.88003542286$ | PnL: 103.49366893 💵 | Сделок: 244 | WinRate: 96.72%
🔄 2025-09-13 15:07:13 Баланс: 2614.8710284646$ | PnL: 103.49366893 💵 | Сделок: 244 | WinRate: 96.72%
🔄 2025-09-13 15:16:38 Баланс: 2614.8710284646$ | PnL: 103.49366893 💵 | Сделок: 244 | WinRate: 96.72%
🔄 2025-09-13 15:26:02 Баланс: 2614.8710284646$ | PnL: 103.49366893 💵 | Сделок: 244 | WinRate: 96.72%
🔄 2025-09-13 15:35:28 Баланс: 2614.8710284646$ | PnL: 103.49366893 💵 | Сделок: 244 | WinRate: 96.72%
🔄 2025-09-13 15:44:54 Баланс: 2616.44533500783$ | PnL: 105.09496094 💵 | Сделок: 247 | WinRate: 96.76%
🔄 2025-09-13 15:54:23 Баланс: 2626.19384312611$ | PnL: 104.85245735 💵 | Сделок: 249 | WinRate: 96.39%
🔄 2025-09-13 16:03:41 Баланс: 2616.60225944587$ | PnL: 105.27886795 💵 | Сделок: 250 | WinRate: 96.4%
🔄 2025-09-13 16:13:00 Баланс: 2615.74111684193$ | PnL: 104.45420391 💵 | Сделок: 254 | WinRate: 96.06%
🔄 2025-09-13 16:22:16 Баланс: 2615.74111684193$ | PnL: 104.45420391 💵 | Сделок: 254 | WinRate: 96.06%
🔄 2025-09-13 16:31:30 Баланс: 2615.74111684193$ | PnL: 104.45420391 💵 | Сделок: 254 | WinRate: 96.06%
🔄 2025-09-13 16:40:48 Баланс: 2616.32033908421$ | PnL: 105.05142501 💵 | Сделок: 256 | WinRate: 96.09%
🔄 2025-09-13 16:50:06 Баланс: 2616.718051971$ | PnL: 105.45802204 💵 | Сделок: 257 | WinRate: 96.11%
🔄 2025-09-13 16:59:42 Баланс: 2608.47641992469$ | PnL: 107.26145082 💵 | Сделок: 261 | WinRate: 96.17%
🔄 2025-09-13 17:09:23 Баланс: 2608.80571234907$ | PnL: 107.59975013 💵 | Сделок: 262 | WinRate: 96.18%
🔄 2025-09-13 17:19:06 Баланс: 2608.80571234907$ | PnL: 107.59975013 💵 | Сделок: 262 | WinRate: 96.18%
🔄 2025-09-13 17:28:56 Баланс: 2611.34972044214$ | PnL: 110.18879564 💵 | Сделок: 267 | WinRate: 96.25%
🔄 2025-09-13 17:38:38 Баланс: 2612.71042485494$ | PnL: 111.58552756 💵 | Сделок: 271 | WinRate: 96.31%
🔄 2025-09-13 17:48:06 Баланс: 2603.26560604113$ | PnL: 112.15871235 💵 | Сделок: 272 | WinRate: 96.32%
🔄 2025-09-13 17:57:22 Баланс: 2603.26560604113$ | PnL: 112.15871235 💵 | Сделок: 272 | WinRate: 96.32%
🔄 2025-09-13 18:06:44 Баланс: 2603.26560604113$ | PnL: 112.15871235 💵 | Сделок: 272 | WinRate: 96.32%
🔄 2025-09-13 18:16:06 Баланс: 2603.26560604113$ | PnL: 112.15871235 💵 | Сделок: 272 | WinRate: 96.32%
🔄 2025-09-13 18:25:25 Баланс: 2603.57122492048$ | PnL: 112.47333086 💵 | Сделок: 273 | WinRate: 96.34%
🔄 2025-09-13 18:34:42 Баланс: 2603.95203978741$ | PnL: 112.86315232 💵 | Сделок: 274 | WinRate: 96.35%
🔄 2025-09-13 18:44:05 Баланс: 2603.95203978741$ | PnL: 112.86315232 💵 | Сделок: 274 | WinRate: 96.35%
🔄 2025-09-13 18:53:36 Баланс: 2603.95203978741$ | PnL: 112.86315232 💵 | Сделок: 274 | WinRate: 96.35%
🔄 2025-09-13 19:02:56 Баланс: 2603.95203978741$ | PnL: 112.86315232 💵 | Сделок: 274 | WinRate: 96.35%
🔄 2025-09-13 19:12:49 Баланс: 2605.13774058532$ | PnL: 114.05784388 💵 | Сделок: 275 | WinRate: 96.36%
🔄 2025-09-13 19:23:41 Баланс: 2605.13774058532$ | PnL: 114.05784388 💵 | Сделок: 275 | WinRate: 96.36%
🔄 2025-09-13 19:33:40 Баланс: 2605.13774058532$ | PnL: 114.05784388 💵 | Сделок: 275 | WinRate: 96.36%
🔄 2025-09-13 19:43:35 Баланс: 2605.786088388$ | PnL: 114.71521092 💵 | Сделок: 276 | WinRate: 96.38%
🔄 2025-09-13 19:53:27 Баланс: 2605.786088388$ | PnL: 114.71521092 💵 | Сделок: 276 | WinRate: 96.38%
🔄 2025-09-13 20:03:18 Баланс: 2605.786088388$ | PnL: 114.71521092 💵 | Сделок: 276 | WinRate: 96.38%
🔄 2025-09-13 20:13:21 Баланс: 2605.786088388$ | PnL: 114.71521092 💵 | Сделок: 276 | WinRate: 96.38%
🔄 2025-09-13 20:23:27 Баланс: 2616.992290499$ | PnL: 115.92140643 💵 | Сделок: 277 | WinRate: 96.39%
🔄 2025-09-13 20:34:31 Баланс: 2616.992290499$ | PnL: 115.92140643 💵 | Сделок: 277 | WinRate: 96.39%
🔄 2025-09-13 20:44:25 Баланс: 2616.992290499$ | PnL: 115.92140643 💵 | Сделок: 277 | WinRate: 96.39%
🔄 2025-09-13 20:55:42 Баланс: 2616.992290499$ | PnL: 115.92140643 💵 | Сделок: 277 | WinRate: 96.39%
🔄 2025-09-13 21:05:40 Баланс: 2608.48533406161$ | PnL: 117.44145407 💵 | Сделок: 279 | WinRate: 96.42%
🔄 2025-09-13 21:15:30 Баланс: 2598.47634579716$ | PnL: 117.44145407 💵 | Сделок: 279 | WinRate: 96.42%
🔄 2025-09-13 21:25:49 Баланс: 2598.47634579716$ | PnL: 117.44145407 💵 | Сделок: 279 | WinRate: 96.42%
🔄 2025-09-13 21:36:18 Баланс: 2599.23175335794$ | PnL: 118.21484864 💵 | Сделок: 281 | WinRate: 96.44%
🔄 2025-09-13 21:46:51 Баланс: 2599.23175335794$ | PnL: 118.21484864 💵 | Сделок: 281 | WinRate: 96.44%
🔄 2025-09-13 21:57:20 Баланс: 2599.23175335794$ | PnL: 118.21484864 💵 | Сделок: 281 | WinRate: 96.44%
🔄 2025-09-13 22:07:50 Баланс: 2599.23175335794$ | PnL: 118.21484864 💵 | Сделок: 281 | WinRate: 96.44%
🔄 2025-09-13 22:18:20 Баланс: 2610.30653442794$ | PnL: 119.28962893 💵 | Сделок: 282 | WinRate: 96.45%
🔄 2025-09-13 22:28:50 Баланс: 2610.30653442794$ | PnL: 119.28962893 💵 | Сделок: 282 | WinRate: 96.45%
🔄 2025-09-13 22:39:24 Баланс: 2600.29753517762$ | PnL: 119.28962893 💵 | Сделок: 282 | WinRate: 96.45%
🔄 2025-09-13 22:49:22 Баланс: 2600.29753517762$ | PnL: 119.28962893 💵 | Сделок: 282 | WinRate: 96.45%
🔄 2025-09-13 22:58:39 Баланс: 2611.39312940762$ | PnL: 120.38525656 💵 | Сделок: 283 | WinRate: 96.47%
🔄 2025-09-13 23:07:55 Баланс: 2611.39312940762$ | PnL: 120.38525656 💵 | Сделок: 283 | WinRate: 96.47%
🔄 2025-09-13 23:16:53 Баланс: 2601.38415124726$ | PnL: 120.38525656 💵 | Сделок: 283 | WinRate: 96.47%
🔄 2025-09-13 23:25:54 Баланс: 2612.55951667826$ | PnL: 121.56062274 💵 | Сделок: 284 | WinRate: 96.48%
🔄 2025-09-13 23:34:55 Баланс: 2612.55951667826$ | PnL: 121.56062274 💵 | Сделок: 284 | WinRate: 96.48%
🔄 2025-09-13 23:43:50 Баланс: 2613.50542220404$ | PnL: 122.51552792 💵 | Сделок: 285 | WinRate: 96.49%
🔄 2025-09-13 23:52:42 Баланс: 2613.50542220404$ | PnL: 122.51552792 💵 | Сделок: 285 | WinRate: 96.49%
🔄 2025-09-14 00:01:31 Баланс: 2613.50542220404$ | PnL: 122.51552792 💵 | Сделок: 285 | WinRate: 96.49%
🔄 2025-09-14 00:10:13 Баланс: 2603.49642438$ | PnL: 122.51552792 💵 | Сделок: 285 | WinRate: 96.49%
🔄 2025-09-14 00:18:56 Баланс: 2604.38588938021$ | PnL: 123.4232305 💵 | Сделок: 287 | WinRate: 96.52%
🔄 2025-09-14 00:27:39 Баланс: 2605.00701026032$ | PnL: 124.05333568 💵 | Сделок: 288 | WinRate: 96.53%
🔄 2025-09-14 00:36:22 Баланс: 2605.00701026032$ | PnL: 124.05333568 💵 | Сделок: 288 | WinRate: 96.53%
🔄 2025-09-14 00:45:05 Баланс: 2605.00701026032$ | PnL: 124.05333568 💵 | Сделок: 288 | WinRate: 96.53%
🔄 2025-09-14 00:53:45 Баланс: 2605.00701026032$ | PnL: 124.05333568 💵 | Сделок: 288 | WinRate: 96.53%
🔄 2025-09-14 01:02:20 Баланс: 2605.00701026032$ | PnL: 124.05333568 💵 | Сделок: 288 | WinRate: 96.53%
🔄 2025-09-14 01:10:52 Баланс: 2605.00701026032$ | PnL: 124.05333568 💵 | Сделок: 288 | WinRate: 96.53%
🔄 2025-09-14 01:19:23 Баланс: 2605.00701026032$ | PnL: 124.05333568 💵 | Сделок: 288 | WinRate: 96.53%
🔄 2025-09-14 01:27:57 Баланс: 2606.24538984396$ | PnL: 125.3007145 💵 | Сделок: 289 | WinRate: 96.54%
🔄 2025-09-14 01:36:29 Баланс: 2606.24538984396$ | PnL: 125.3007145 💵 | Сделок: 289 | WinRate: 96.54%
🔄 2025-09-14 01:45:01 Баланс: 2606.24538984396$ | PnL: 125.3007145 💵 | Сделок: 289 | WinRate: 96.54%
🔄 2025-09-14 01:53:28 Баланс: 2606.50053180815$ | PnL: 125.56485979 💵 | Сделок: 290 | WinRate: 96.55%
🔄 2025-09-14 02:01:53 Баланс: 2607.42136991523$ | PnL: 126.49469823 💵 | Сделок: 291 | WinRate: 96.56%
🔄 2025-09-14 02:10:18 Баланс: 2607.42136991523$ | PnL: 126.49469823 💵 | Сделок: 291 | WinRate: 96.56%
🔄 2025-09-14 02:18:45 Баланс: 2607.42136991523$ | PnL: 126.49469823 💵 | Сделок: 291 | WinRate: 96.56%
🔄 2025-09-14 02:27:21 Баланс: 2607.42136991523$ | PnL: 126.49469823 💵 | Сделок: 291 | WinRate: 96.56%
🔄 2025-09-14 02:35:39 Баланс: 2607.42136991523$ | PnL: 126.49469823 💵 | Сделок: 291 | WinRate: 96.56%
🔄 2025-09-14 02:43:57 Баланс: 2607.42136991523$ | PnL: 126.49469823 💵 | Сделок: 291 | WinRate: 96.56%
🔄 2025-09-14 02:52:14 Баланс: 2607.42136991523$ | PnL: 126.49469823 💵 | Сделок: 291 | WinRate: 96.56%
🔄 2025-09-14 03:00:34 Баланс: 2607.42136991523$ | PnL: 126.49469823 💵 | Сделок: 291 | WinRate: 96.56%
🔄 2025-09-14 03:08:53 Баланс: 2607.42136991523$ | PnL: 126.49469823 💵 | Сделок: 291 | WinRate: 96.56%
🔄 2025-09-14 03:17:13 Баланс: 2607.42136991523$ | PnL: 126.49469823 💵 | Сделок: 291 | WinRate: 96.56%
🔄 2025-09-14 03:25:31 Баланс: 2607.42136991523$ | PnL: 126.49469823 💵 | Сделок: 291 | WinRate: 96.56%
🔄 2025-09-14 03:33:51 Баланс: 2608.42399353007$ | PnL: 127.50632754 💵 | Сделок: 292 | WinRate: 96.58%
🔄 2025-09-14 03:42:10 Баланс: 2608.42399353007$ | PnL: 127.50632754 💵 | Сделок: 292 | WinRate: 96.58%
🔄 2025-09-14 03:50:30 Баланс: 2608.75133536398$ | PnL: 127.84264136 💵 | Сделок: 293 | WinRate: 96.59%
🔄 2025-09-14 03:58:49 Баланс: 2608.75133536398$ | PnL: 127.84264136 💵 | Сделок: 293 | WinRate: 96.59%
🔄 2025-09-14 04:07:08 Баланс: 2608.75133536398$ | PnL: 127.84264136 💵 | Сделок: 293 | WinRate: 96.59%
🔄 2025-09-14 04:15:28 Баланс: 2609.07272294798$ | PnL: 128.1733498 💵 | Сделок: 294 | WinRate: 96.6%
🔄 2025-09-14 04:23:48 Баланс: 2609.35879061562$ | PnL: 128.46839726 💵 | Сделок: 295 | WinRate: 96.61%
🔄 2025-09-14 04:32:08 Баланс: 2609.35879061562$ | PnL: 128.46839726 💵 | Сделок: 295 | WinRate: 96.61%
🔄 2025-09-14 04:40:26 Баланс: 2609.35879061562$ | PnL: 128.46839726 💵 | Сделок: 295 | WinRate: 96.61%
🔄 2025-09-14 04:48:45 Баланс: 2609.35879061562$ | PnL: 128.46839726 💵 | Сделок: 295 | WinRate: 96.61%
🔄 2025-09-14 04:57:05 Баланс: 2609.35879061562$ | PnL: 128.46839726 💵 | Сделок: 295 | WinRate: 96.61%
🔄 2025-09-14 05:05:24 Баланс: 2609.35879061562$ | PnL: 128.46839726 💵 | Сделок: 295 | WinRate: 96.61%
🔄 2025-09-14 05:13:43 Баланс: 2609.35879061562$ | PnL: 128.46839726 💵 | Сделок: 295 | WinRate: 96.61%
🔄 2025-09-14 05:22:02 Баланс: 2609.35879061562$ | PnL: 128.46839726 💵 | Сделок: 295 | WinRate: 96.61%
🔄 2025-09-14 05:30:20 Баланс: 2609.35879061562$ | PnL: 128.46839726 💵 | Сделок: 295 | WinRate: 96.61%
🔄 2025-09-14 05:38:24 Баланс: 2609.35879061562$ | PnL: 128.46839726 💵 | Сделок: 295 | WinRate: 96.61%
🔄 2025-09-14 05:38:29 Баланс: 2609.35879061562$ | PnL: 128.46839726 💵 | Сделок: 295 | WinRate: 96.61%
🔄 2025-09-14 05:38:33 Баланс: 2609.35879061562$ | PnL: 128.46839726 💵 | Сделок: 295 | WinRate: 96.61%
🔄 2025-09-14 05:38:38 Баланс: 2609.35879061562$ | PnL: 128.46839726 💵 | Сделок: 295 | WinRate: 96.61%
🔄 2025-09-14 05:38:43 Баланс: 2609.35879061562$ | PnL: 128.46839726 💵 | Сделок: 295 | WinRate: 96.61%
🔄 2025-09-14 05:38:48 Баланс: 2609.35879061562$ | PnL: 128.46839726 💵 | Сделок: 295 | WinRate: 96.61%
🔄 2025-09-14 05:38:53 Баланс: 2609.35879061562$ | PnL: 128.46839726 💵 | Сделок: 295 | WinRate: 96.61%
🔄 2025-09-14 05:38:57 Баланс: 2609.35879061562$ | PnL: 128.46839726 💵 | Сделок: 295 | WinRate: 96.61%
🔄 2025-09-14 05:39:47 Баланс: 2609.35879061562$ | PnL: 128.46839726 💵 | Сделок: 295 | WinRate: 96.61%
🔄 2025-09-14 05:48:06 Баланс: 2609.35879061562$ | PnL: 128.46839726 💵 | Сделок: 295 | WinRate: 96.61%
🔄 2025-09-14 05:56:25 Баланс: 2609.35879061562$ | PnL: 128.46839726 💵 | Сделок: 295 | WinRate: 96.61%
🔄 2025-09-14 06:04:44 Баланс: 2610.09649621506$ | PnL: 129.21465758 💵 | Сделок: 297 | WinRate: 96.63%
🔄 2025-09-14 06:13:05 Баланс: 2610.09649621506$ | PnL: 129.21465758 💵 | Сделок: 297 | WinRate: 96.63%
🔄 2025-09-14 06:21:24 Баланс: 2610.09649621506$ | PnL: 129.21465758 💵 | Сделок: 297 | WinRate: 96.63%
🔄 2025-09-14 06:29:42 Баланс: 2610.09649621506$ | PnL: 129.21465758 💵 | Сделок: 297 | WinRate: 96.63%
🔄 2025-09-14 06:38:00 Баланс: 2610.09649621506$ | PnL: 129.21465758 💵 | Сделок: 297 | WinRate: 96.63%
🔄 2025-09-14 06:46:17 Баланс: 2610.09649621506$ | PnL: 129.21465758 💵 | Сделок: 297 | WinRate: 96.63%
🔄 2025-09-14 06:54:34 Баланс: 2610.09649621506$ | PnL: 129.21465758 💵 | Сделок: 297 | WinRate: 96.63%
🔄 2025-09-14 07:02:49 Баланс: 2610.09649621506$ | PnL: 129.21465758 💵 | Сделок: 297 | WinRate: 96.63%
🔄 2025-09-14 07:11:06 Баланс: 2610.09649621506$ | PnL: 129.21465758 💵 | Сделок: 297 | WinRate: 96.63%
🔄 2025-09-14 07:19:22 Баланс: 2610.09649621506$ | PnL: 129.21465758 💵 | Сделок: 297 | WinRate: 96.63%
🔄 2025-09-14 07:27:39 Баланс: 2610.09649621506$ | PnL: 129.21465758 💵 | Сделок: 297 | WinRate: 96.63%
🔄 2025-09-14 07:35:57 Баланс: 2610.09649621506$ | PnL: 129.21465758 💵 | Сделок: 297 | WinRate: 96.63%
🔄 2025-09-14 07:44:16 Баланс: 2610.09649621506$ | PnL: 129.21465758 💵 | Сделок: 297 | WinRate: 96.63%
🔄 2025-09-14 07:52:33 Баланс: 2610.09649621506$ | PnL: 129.21465758 💵 | Сделок: 297 | WinRate: 96.63%
🔄 2025-09-14 08:00:51 Баланс: 2619.33894252506$ | PnL: 128.45687749 💵 | Сделок: 298 | WinRate: 96.31%
🔄 2025-09-14 08:09:08 Баланс: 2628.56554310506$ | PnL: 127.68338207 💵 | Сделок: 299 | WinRate: 95.99%
🔄 2025-09-14 08:17:26 Баланс: 2628.56554310506$ | PnL: 127.68338207 💵 | Сделок: 299 | WinRate: 95.99%
🔄 2025-09-14 08:25:43 Баланс: 2628.56554310506$ | PnL: 127.68338207 💵 | Сделок: 299 | WinRate: 95.99%
🔄 2025-09-14 08:34:00 Баланс: 2628.56554310506$ | PnL: 127.68338207 💵 | Сделок: 299 | WinRate: 95.99%
🔄 2025-09-14 08:42:19 Баланс: 2628.56554310506$ | PnL: 127.68338207 💵 | Сделок: 299 | WinRate: 95.99%
🔄 2025-09-14 08:50:36 Баланс: 2628.56554310506$ | PnL: 127.68338207 💵 | Сделок: 299 | WinRate: 95.99%
🔄 2025-09-14 08:58:57 Баланс: 2628.56554310506$ | PnL: 127.68338207 💵 | Сделок: 299 | WinRate: 95.99%
🔄 2025-09-14 09:07:18 Баланс: 2628.56554310506$ | PnL: 127.68338207 💵 | Сделок: 299 | WinRate: 95.99%
🔄 2025-09-14 09:15:39 Баланс: 2628.56554310506$ | PnL: 127.68338207 💵 | Сделок: 299 | WinRate: 95.99%
🔄 2025-09-14 09:23:59 Баланс: 2628.56554310506$ | PnL: 127.68338207 💵 | Сделок: 299 | WinRate: 95.99%
🔄 2025-09-14 09:32:21 Баланс: 2628.56554310506$ | PnL: 127.68338207 💵 | Сделок: 299 | WinRate: 95.99%
🔄 2025-09-14 09:40:41 Баланс: 2619.43736058155$ | PnL: 128.57318286 💵 | Сделок: 300 | WinRate: 96%
🔄 2025-09-14 09:49:03 Баланс: 2619.43736058155$ | PnL: 128.57318286 💵 | Сделок: 300 | WinRate: 96%
🔄 2025-09-14 09:57:25 Баланс: 2619.43736058155$ | PnL: 128.57318286 💵 | Сделок: 300 | WinRate: 96%
🔄 2025-09-14 10:05:48 Баланс: 2619.43736058155$ | PnL: 128.57318286 💵 | Сделок: 300 | WinRate: 96%
🔄 2025-09-14 10:14:12 Баланс: 2619.43736058155$ | PnL: 128.57318286 💵 | Сделок: 300 | WinRate: 96%
🔄 2025-09-14 10:22:37 Баланс: 2619.43736058155$ | PnL: 128.57318286 💵 | Сделок: 300 | WinRate: 96%
🔄 2025-09-14 10:31:00 Баланс: 2619.43736058155$ | PnL: 128.57318286 💵 | Сделок: 300 | WinRate: 96%
🔄 2025-09-14 10:39:25 Баланс: 2619.43736058155$ | PnL: 128.57318286 💵 | Сделок: 300 | WinRate: 96%
🔄 2025-09-14 10:48:05 Баланс: 2619.43736058155$ | PnL: 128.57318286 💵 | Сделок: 300 | WinRate: 96%
🔄 2025-09-14 10:58:04 Баланс: 2619.43736058155$ | PnL: 128.57318286 💵 | Сделок: 300 | WinRate: 96%
🔄 2025-09-14 11:07:20 Баланс: 2619.8857004694$ | PnL: 129.03052275 💵 | Сделок: 301 | WinRate: 96.01%
🔄 2025-09-14 11:16:14 Баланс: 2619.8857004694$ | PnL: 129.03052275 💵 | Сделок: 301 | WinRate: 96.01%
🔄 2025-09-14 11:25:10 Баланс: 2619.8857004694$ | PnL: 129.03052275 💵 | Сделок: 301 | WinRate: 96.01%
🔄 2025-09-14 11:34:05 Баланс: 2629.0750899894$ | PnL: 128.21992347 💵 | Сделок: 302 | WinRate: 95.7%
🔄 2025-09-14 11:42:59 Баланс: 2629.0750899894$ | PnL: 128.21992347 💵 | Сделок: 302 | WinRate: 95.7%
🔄 2025-09-14 11:52:02 Баланс: 2629.0750899894$ | PnL: 128.21992347 💵 | Сделок: 302 | WinRate: 95.7%
🔄 2025-09-14 12:00:57 Баланс: 2629.0750899894$ | PnL: 128.21992347 💵 | Сделок: 302 | WinRate: 95.7%
🔄 2025-09-14 12:09:46 Баланс: 2629.0750899894$ | PnL: 128.21992347 💵 | Сделок: 302 | WinRate: 95.7%
🔄 2025-09-14 12:18:39 Баланс: 2629.0750899894$ | PnL: 128.21992347 💵 | Сделок: 302 | WinRate: 95.7%
🔄 2025-09-14 12:27:28 Баланс: 2629.0750899894$ | PnL: 128.21992347 💵 | Сделок: 302 | WinRate: 95.7%
🔄 2025-09-14 12:37:31 Баланс: 2629.0750899894$ | PnL: 128.21992347 💵 | Сделок: 302 | WinRate: 95.7%
🔄 2025-09-14 12:46:25 Баланс: 2629.0750899894$ | PnL: 128.21992347 💵 | Сделок: 302 | WinRate: 95.7%
🔄 2025-09-14 12:55:19 Баланс: 2629.0750899894$ | PnL: 128.21992347 💵 | Сделок: 302 | WinRate: 95.7%
🔄 2025-09-14 13:04:12 Баланс: 2630.03126872915$ | PnL: 129.18510297 💵 | Сделок: 303 | WinRate: 95.71%
🔄 2025-09-14 13:13:06 Баланс: 2630.03126872915$ | PnL: 129.18510297 💵 | Сделок: 303 | WinRate: 95.71%
🔄 2025-09-14 13:21:59 Баланс: 2630.03126872915$ | PnL: 129.18510297 💵 | Сделок: 303 | WinRate: 95.71%
🔄 2025-09-14 13:30:56 Баланс: 2630.03126872915$ | PnL: 129.18510297 💵 | Сделок: 303 | WinRate: 95.71%
🔄 2025-09-14 13:39:49 Баланс: 2630.03126872915$ | PnL: 129.18510297 💵 | Сделок: 303 | WinRate: 95.71%
🔄 2025-09-14 13:48:45 Баланс: 2630.03126872915$ | PnL: 129.18510297 💵 | Сделок: 303 | WinRate: 95.71%
🔄 2025-09-14 13:57:39 Баланс: 2630.03126872915$ | PnL: 129.18510297 💵 | Сделок: 303 | WinRate: 95.71%
🔄 2025-09-14 14:06:30 Баланс: 2630.03126872915$ | PnL: 129.18510297 💵 | Сделок: 303 | WinRate: 95.71%
🔄 2025-09-14 14:15:24 Баланс: 2630.03126872915$ | PnL: 129.18510297 💵 | Сделок: 303 | WinRate: 95.71%
🔄 2025-09-14 14:24:17 Баланс: 2630.03126872915$ | PnL: 129.18510297 💵 | Сделок: 303 | WinRate: 95.71%
🔄 2025-09-14 14:33:32 Баланс: 2630.03126872915$ | PnL: 129.18510297 💵 | Сделок: 303 | WinRate: 95.71%
🔄 2025-09-14 14:42:26 Баланс: 2630.03126872915$ | PnL: 129.18510297 💵 | Сделок: 303 | WinRate: 95.71%
🔄 2025-09-14 14:51:21 Баланс: 2630.03126872915$ | PnL: 129.18510297 💵 | Сделок: 303 | WinRate: 95.71%
🔄 2025-09-14 15:00:13 Баланс: 2630.03126872915$ | PnL: 129.18510297 💵 | Сделок: 303 | WinRate: 95.71%
🔄 2025-09-14 15:09:09 Баланс: 2630.03126872915$ | PnL: 129.18510297 💵 | Сделок: 303 | WinRate: 95.71%
🔄 2025-09-14 15:17:54 Баланс: 2630.03126872915$ | PnL: 129.18510297 💵 | Сделок: 303 | WinRate: 95.71%
🔄 2025-09-14 15:26:41 Баланс: 2630.03126872915$ | PnL: 129.18510297 💵 | Сделок: 303 | WinRate: 95.71%
🔄 2025-09-14 15:35:26 Баланс: 2629.12077818816$ | PnL: 128.29263577 💵 | Сделок: 305 | WinRate: 95.08%
🔄 2025-09-14 15:44:13 Баланс: 2628.7843329065$ | PnL: 127.96535603 💵 | Сделок: 306 | WinRate: 94.77%
🔄 2025-09-14 15:52:57 Баланс: 2608.76594351637$ | PnL: 127.96535603 💵 | Сделок: 306 | WinRate: 94.77%
🔄 2025-09-14 16:01:44 Баланс: 2598.75694291082$ | PnL: 127.96535603 💵 | Сделок: 306 | WinRate: 94.77%
🔄 2025-09-14 16:10:35 Баланс: 2608.37492121082$ | PnL: 127.58333171 💵 | Сделок: 307 | WinRate: 94.46%
🔄 2025-09-14 16:19:38 Баланс: 2608.37492121082$ | PnL: 127.58333171 💵 | Сделок: 307 | WinRate: 94.46%
🔄 2025-09-14 16:28:27 Баланс: 2608.37492121082$ | PnL: 127.58333171 💵 | Сделок: 307 | WinRate: 94.46%
🔄 2025-09-14 16:37:15 Баланс: 2608.37492121082$ | PnL: 127.58333171 💵 | Сделок: 307 | WinRate: 94.46%
🔄 2025-09-14 16:46:04 Баланс: 2608.37492121082$ | PnL: 127.58333171 💵 | Сделок: 307 | WinRate: 94.46%
🔄 2025-09-14 16:54:51 Баланс: 2608.37492121082$ | PnL: 127.58333171 💵 | Сделок: 307 | WinRate: 94.46%
🔄 2025-09-14 17:03:31 Баланс: 2608.37492121082$ | PnL: 127.58333171 💵 | Сделок: 307 | WinRate: 94.46%
🔄 2025-09-14 17:12:10 Баланс: 2608.37492121082$ | PnL: 127.58333171 💵 | Сделок: 307 | WinRate: 94.46%
🔄 2025-09-14 17:20:48 Баланс: 2608.37492121082$ | PnL: 127.58333171 💵 | Сделок: 307 | WinRate: 94.46%
🔄 2025-09-14 17:29:31 Баланс: 2608.37492121082$ | PnL: 127.58333171 💵 | Сделок: 307 | WinRate: 94.46%
🔄 2025-09-14 17:38:13 Баланс: 2617.86428009082$ | PnL: 127.07269159 💵 | Сделок: 308 | WinRate: 94.16%
🔄 2025-09-14 17:46:55 Баланс: 2617.86428009082$ | PnL: 127.07269159 💵 | Сделок: 308 | WinRate: 94.16%
🔄 2025-09-14 17:55:37 Баланс: 2617.86428009082$ | PnL: 127.07269159 💵 | Сделок: 308 | WinRate: 94.16%
🔄 2025-09-14 18:04:14 Баланс: 2626.54938457581$ | PnL: 125.7667991 💵 | Сделок: 310 | WinRate: 93.55%
🔄 2025-09-14 18:12:47 Баланс: 2626.54938457581$ | PnL: 125.7667991 💵 | Сделок: 310 | WinRate: 93.55%
🔄 2025-09-14 18:21:21 Баланс: 2626.54938457581$ | PnL: 125.7667991 💵 | Сделок: 310 | WinRate: 93.55%
🔄 2025-09-14 18:29:53 Баланс: 2626.54938457581$ | PnL: 125.7667991 💵 | Сделок: 310 | WinRate: 93.55%
🔄 2025-09-14 18:38:24 Баланс: 2616.54038399129$ | PnL: 125.7667991 💵 | Сделок: 310 | WinRate: 93.55%
🔄 2025-09-14 18:47:09 Баланс: 2635.51383891929$ | PnL: 124.7402228 💵 | Сделок: 312 | WinRate: 92.95%
🔄 2025-09-14 18:55:42 Баланс: 2692.24981679285$ | PnL: 121.4762017 💵 | Сделок: 318 | WinRate: 91.19%
🔄 2025-09-14 19:04:09 Баланс: 2720.23741835385$ | PnL: 119.46380426 💵 | Сделок: 321 | WinRate: 90.34%
🔄 2025-09-14 19:12:35 Баланс: 2719.70601239771$ | PnL: 118.9414005 💵 | Сделок: 322 | WinRate: 90.06%
🔄 2025-09-14 19:21:05 Баланс: 2720.24327218723$ | PnL: 119.48767477 💵 | Сделок: 323 | WinRate: 90.09%
🔄 2025-09-14 19:29:49 Баланс: 2720.24327218723$ | PnL: 119.48767477 💵 | Сделок: 323 | WinRate: 90.09%
🔄 2025-09-14 19:38:14 Баланс: 2720.24327218723$ | PnL: 119.48767477 💵 | Сделок: 323 | WinRate: 90.09%
🔄 2025-09-14 19:46:48 Баланс: 2720.24327218723$ | PnL: 119.48767477 💵 | Сделок: 323 | WinRate: 90.09%
🔄 2025-09-14 19:55:22 Баланс: 2720.24327218723$ | PnL: 119.48767477 💵 | Сделок: 323 | WinRate: 90.09%
🔄 2025-09-14 20:03:57 Баланс: 2700.22506737307$ | PnL: 119.48767477 💵 | Сделок: 323 | WinRate: 90.09%
🔄 2025-09-14 20:12:36 Баланс: 2701.11156324576$ | PnL: 120.38317072 💵 | Сделок: 324 | WinRate: 90.12%
🔄 2025-09-14 20:21:24 Баланс: 2701.11156324576$ | PnL: 120.38317072 💵 | Сделок: 324 | WinRate: 90.12%
🔄 2025-09-14 20:30:43 Баланс: 2701.11156324576$ | PnL: 120.38317072 💵 | Сделок: 324 | WinRate: 90.12%
🔄 2025-09-14 20:40:09 Баланс: 2701.11156324576$ | PnL: 120.38317072 💵 | Сделок: 324 | WinRate: 90.12%
🔄 2025-09-14 20:49:02 Баланс: 2701.11156324576$ | PnL: 120.38317072 💵 | Сделок: 324 | WinRate: 90.12%
🔄 2025-09-14 20:57:38 Баланс: 2701.11156324576$ | PnL: 120.38317072 💵 | Сделок: 324 | WinRate: 90.12%
🔄 2025-09-14 21:06:07 Баланс: 2701.11156324576$ | PnL: 120.38317072 💵 | Сделок: 324 | WinRate: 90.12%
🔄 2025-09-14 21:14:35 Баланс: 2701.11156324576$ | PnL: 120.38317072 💵 | Сделок: 324 | WinRate: 90.12%
🔄 2025-09-14 21:23:04 Баланс: 2701.11156324576$ | PnL: 120.38317072 💵 | Сделок: 324 | WinRate: 90.12%
🔄 2025-09-14 21:31:33 Баланс: 2701.11156324576$ | PnL: 120.38317072 💵 | Сделок: 324 | WinRate: 90.12%
🔄 2025-09-14 21:40:24 Баланс: 2701.11156324576$ | PnL: 120.38317072 💵 | Сделок: 324 | WinRate: 90.12%
🔄 2025-09-14 21:48:48 Баланс: 2701.11156324576$ | PnL: 120.38317072 💵 | Сделок: 324 | WinRate: 90.12%
🔄 2025-09-14 21:57:14 Баланс: 2701.11156324576$ | PnL: 120.38317072 💵 | Сделок: 324 | WinRate: 90.12%
🔄 2025-09-14 22:05:44 Баланс: 2701.11156324576$ | PnL: 120.38317072 💵 | Сделок: 324 | WinRate: 90.12%
🔄 2025-09-14 22:14:08 Баланс: 2701.11156324576$ | PnL: 120.38317072 💵 | Сделок: 324 | WinRate: 90.12%
🔄 2025-09-14 22:22:33 Баланс: 2701.11156324576$ | PnL: 120.38317072 💵 | Сделок: 324 | WinRate: 90.12%
🔄 2025-09-14 22:30:54 Баланс: 2701.11156324576$ | PnL: 120.38317072 💵 | Сделок: 324 | WinRate: 90.12%
🔄 2025-09-14 22:39:19 Баланс: 2701.11156324576$ | PnL: 120.38317072 💵 | Сделок: 324 | WinRate: 90.12%
🔄 2025-09-14 22:47:43 Баланс: 2701.11156324576$ | PnL: 120.38317072 💵 | Сделок: 324 | WinRate: 90.12%
🔄 2025-09-14 22:56:07 Баланс: 2701.11156324576$ | PnL: 120.38317072 💵 | Сделок: 324 | WinRate: 90.12%
🔄 2025-09-14 23:04:30 Баланс: 2701.11156324576$ | PnL: 120.38317072 💵 | Сделок: 324 | WinRate: 90.12%
🔄 2025-09-14 23:12:39 Баланс: 2701.11156324576$ | PnL: 120.38317072 💵 | Сделок: 324 | WinRate: 90.12%
🔄 2025-09-14 23:20:47 Баланс: 2701.11156324576$ | PnL: 120.38317072 💵 | Сделок: 324 | WinRate: 90.12%
🔄 2025-09-14 23:28:59 Баланс: 2701.11156324576$ | PnL: 120.38317072 💵 | Сделок: 324 | WinRate: 90.12%
🔄 2025-09-14 23:37:09 Баланс: 2701.11156324576$ | PnL: 120.38317072 💵 | Сделок: 324 | WinRate: 90.12%
🔄 2025-09-14 23:45:15 Баланс: 2701.11156324576$ | PnL: 120.38317072 💵 | Сделок: 324 | WinRate: 90.12%
🔄 2025-09-14 23:53:21 Баланс: 2701.11156324576$ | PnL: 120.38317072 💵 | Сделок: 324 | WinRate: 90.12%
🔄 2025-09-15 00:01:27 Баланс: 2701.11156324576$ | PnL: 120.38317072 💵 | Сделок: 324 | WinRate: 90.12%
🔄 2025-09-15 00:09:35 Баланс: 2701.11156324576$ | PnL: 120.38317072 💵 | Сделок: 324 | WinRate: 90.12%
🔄 2025-09-15 00:17:39 Баланс: 2701.11156324576$ | PnL: 120.38317072 💵 | Сделок: 324 | WinRate: 90.12%
🔄 2025-09-15 00:25:44 Баланс: 2701.11156324576$ | PnL: 120.38317072 💵 | Сделок: 324 | WinRate: 90.12%
🔄 2025-09-15 00:33:53 Баланс: 2701.11156324576$ | PnL: 120.38317072 💵 | Сделок: 324 | WinRate: 90.12%
🔄 2025-09-15 00:41:59 Баланс: 2701.11156324576$ | PnL: 120.38317072 💵 | Сделок: 324 | WinRate: 90.12%
🔄 2025-09-15 00:50:01 Баланс: 2701.11156324576$ | PnL: 120.38317072 💵 | Сделок: 324 | WinRate: 90.12%
🔄 2025-09-15 00:58:06 Баланс: 2701.11156324576$ | PnL: 120.38317072 💵 | Сделок: 324 | WinRate: 90.12%
🔄 2025-09-15 01:06:10 Баланс: 2701.11156324576$ | PnL: 120.38317072 💵 | Сделок: 324 | WinRate: 90.12%
🔄 2025-09-15 01:14:12 Баланс: 2701.11156324576$ | PnL: 120.38317072 💵 | Сделок: 324 | WinRate: 90.12%
🔄 2025-09-15 01:22:13 Баланс: 2701.11156324576$ | PnL: 120.38317072 💵 | Сделок: 324 | WinRate: 90.12%
🔄 2025-09-15 01:30:15 Баланс: 2701.11156324576$ | PnL: 120.38317072 💵 | Сделок: 324 | WinRate: 90.12%
🔄 2025-09-15 01:38:15 Баланс: 2701.11156324576$ | PnL: 120.38317072 💵 | Сделок: 324 | WinRate: 90.12%
🔄 2025-09-15 01:46:16 Баланс: 2701.11156324576$ | PnL: 120.38317072 💵 | Сделок: 324 | WinRate: 90.12%
🔄 2025-09-15 01:54:17 Баланс: 2701.11156324576$ | PnL: 120.38317072 💵 | Сделок: 324 | WinRate: 90.12%
🔄 2025-09-15 02:02:16 Баланс: 2701.11156324576$ | PnL: 120.38317072 💵 | Сделок: 324 | WinRate: 90.12%
🔄 2025-09-15 02:10:14 Баланс: 2701.11156324576$ | PnL: 120.38317072 💵 | Сделок: 324 | WinRate: 90.12%
🔄 2025-09-15 02:18:12 Баланс: 2701.11156324576$ | PnL: 120.38317072 💵 | Сделок: 324 | WinRate: 90.12%
🔄 2025-09-15 02:26:12 Баланс: 2701.11156324576$ | PnL: 120.38317072 💵 | Сделок: 324 | WinRate: 90.12%
🔄 2025-09-15 02:34:12 Баланс: 2701.11156324576$ | PnL: 120.38317072 💵 | Сделок: 324 | WinRate: 90.12%
🔄 2025-09-15 02:42:13 Баланс: 2701.11156324576$ | PnL: 120.38317072 💵 | Сделок: 324 | WinRate: 90.12%
🔄 2025-09-15 02:50:12 Баланс: 2701.11156324576$ | PnL: 120.38317072 💵 | Сделок: 324 | WinRate: 90.12%
🔄 2025-09-15 02:58:09 Баланс: 2701.11156324576$ | PnL: 120.38317072 💵 | Сделок: 324 | WinRate: 90.12%
🔄 2025-09-15 03:06:07 Баланс: 2701.11156324576$ | PnL: 120.38317072 💵 | Сделок: 324 | WinRate: 90.12%
🔄 2025-09-15 03:14:02 Баланс: 2701.11156324576$ | PnL: 120.38317072 💵 | Сделок: 324 | WinRate: 90.12%
🔄 2025-09-15 03:21:58 Баланс: 2691.10256363711$ | PnL: 120.38317072 💵 | Сделок: 324 | WinRate: 90.12%
🔄 2025-09-15 03:30:03 Баланс: 2681.09355663782$ | PnL: 120.38317072 💵 | Сделок: 324 | WinRate: 90.12%
🔄 2025-09-15 03:38:03 Баланс: 2671.08455649409$ | PnL: 120.38317072 💵 | Сделок: 324 | WinRate: 90.12%
🔄 2025-09-15 03:46:03 Баланс: 2651.06656297992$ | PnL: 120.38317072 💵 | Сделок: 324 | WinRate: 90.12%
🔄 2025-09-15 03:54:04 Баланс: 2651.06656297992$ | PnL: 120.38317072 💵 | Сделок: 324 | WinRate: 90.12%
🔄 2025-09-15 04:02:04 Баланс: 2651.06656297992$ | PnL: 120.38317072 💵 | Сделок: 324 | WinRate: 90.12%
🔄 2025-09-15 04:10:07 Баланс: 2651.06656297992$ | PnL: 120.38317072 💵 | Сделок: 324 | WinRate: 90.12%
🔄 2025-09-15 04:18:09 Баланс: 2651.06656297992$ | PnL: 120.38317072 💵 | Сделок: 324 | WinRate: 90.12%
🔄 2025-09-15 04:26:10 Баланс: 2651.06656297992$ | PnL: 120.38317072 💵 | Сделок: 324 | WinRate: 90.12%
🔄 2025-09-15 04:34:12 Баланс: 2651.06656297992$ | PnL: 120.38317072 💵 | Сделок: 324 | WinRate: 90.12%
🔄 2025-09-15 04:42:13 Баланс: 2651.06656297992$ | PnL: 120.38317072 💵 | Сделок: 324 | WinRate: 90.12%
🔄 2025-09-15 04:50:15 Баланс: 2651.06656297992$ | PnL: 120.38317072 💵 | Сделок: 324 | WinRate: 90.12%
🔄 2025-09-15 04:58:15 Баланс: 2651.06656297992$ | PnL: 120.38317072 💵 | Сделок: 324 | WinRate: 90.12%
🔄 2025-09-15 05:06:17 Баланс: 2651.06656297992$ | PnL: 120.38317072 💵 | Сделок: 324 | WinRate: 90.12%
🔄 2025-09-15 05:14:19 Баланс: 2570.63054955699$ | PnL: 120.02705815 💵 | Сделок: 325 | WinRate: 89.85%
🔄 2025-09-15 05:22:29 Баланс: 2560.62156238853$ | PnL: 120.02705815 💵 | Сделок: 325 | WinRate: 89.85%
🔄 2025-09-15 05:30:41 Баланс: 2549.2441317$ | PnL: 118.67693666 💵 | Сделок: 327 | WinRate: 89.3%
🔄 2025-09-15 05:38:57 Баланс: 2549.2441317$ | PnL: 118.67693666 💵 | Сделок: 327 | WinRate: 89.3%
🔄 2025-09-15 05:39:01 Баланс: 2549.2441317$ | PnL: 118.67693666 💵 | Сделок: 327 | WinRate: 89.3%
🔄 2025-09-15 05:39:06 Баланс: 2549.2441317$ | PnL: 118.67693666 💵 | Сделок: 327 | WinRate: 89.3%
🔄 2025-09-15 05:39:11 Баланс: 2549.2441317$ | PnL: 118.67693666 💵 | Сделок: 327 | WinRate: 89.3%
🔄 2025-09-15 05:39:16 Баланс: 2549.2441317$ | PnL: 118.67693666 💵 | Сделок: 327 | WinRate: 89.3%
🔄 2025-09-15 05:39:21 Баланс: 2549.2441317$ | PnL: 118.67693666 💵 | Сделок: 327 | WinRate: 89.3%
🔄 2025-09-15 05:39:26 Баланс: 2549.2441317$ | PnL: 118.67693666 💵 | Сделок: 327 | WinRate: 89.3%
🔄 2025-09-15 05:39:31 Баланс: 2549.2441317$ | PnL: 118.67693666 💵 | Сделок: 327 | WinRate: 89.3%
🔄 2025-09-15 05:44:34 Баланс: 2549.2441317$ | PnL: 118.67693666 💵 | Сделок: 327 | WinRate: 89.3%
🔄 2025-09-15 05:53:08 Баланс: 2549.2441317$ | PnL: 118.67693666 💵 | Сделок: 327 | WinRate: 89.3%
🔄 2025-09-15 06:01:19 Баланс: 2549.2441317$ | PnL: 118.67693666 💵 | Сделок: 327 | WinRate: 89.3%
🔄 2025-09-15 06:09:29 Баланс: 2549.2441317$ | PnL: 118.67693666 💵 | Сделок: 327 | WinRate: 89.3%
🔄 2025-09-15 06:17:39 Баланс: 2549.2441317$ | PnL: 118.67693666 💵 | Сделок: 327 | WinRate: 89.3%
🔄 2025-09-15 06:25:51 Баланс: 2549.2441317$ | PnL: 118.67693666 💵 | Сделок: 327 | WinRate: 89.3%
🔄 2025-09-15 06:34:00 Баланс: 2549.2441317$ | PnL: 118.67693666 💵 | Сделок: 327 | WinRate: 89.3%
🔄 2025-09-15 06:42:11 Баланс: 2539.23511987337$ | PnL: 118.67693666 💵 | Сделок: 327 | WinRate: 89.3%
🔄 2025-09-15 06:50:24 Баланс: 2539.23511987337$ | PnL: 118.67693666 💵 | Сделок: 327 | WinRate: 89.3%
🔄 2025-09-15 06:58:35 Баланс: 2539.23511987337$ | PnL: 118.67693666 💵 | Сделок: 327 | WinRate: 89.3%
🔄 2025-09-15 07:06:47 Баланс: 2540.27433672743$ | PnL: 119.72517682 💵 | Сделок: 328 | WinRate: 89.33%
🔄 2025-09-15 07:14:59 Баланс: 2540.27433672743$ | PnL: 119.72517682 💵 | Сделок: 328 | WinRate: 89.33%
🔄 2025-09-15 07:23:10 Баланс: 2540.27433672743$ | PnL: 119.72517682 💵 | Сделок: 328 | WinRate: 89.33%
🔄 2025-09-15 07:31:21 Баланс: 2540.27433672743$ | PnL: 119.72517682 💵 | Сделок: 328 | WinRate: 89.33%
🔄 2025-09-15 07:39:31 Баланс: 2540.27433672743$ | PnL: 119.72517682 💵 | Сделок: 328 | WinRate: 89.33%
🔄 2025-09-15 07:47:43 Баланс: 2540.27433672743$ | PnL: 119.72517682 💵 | Сделок: 328 | WinRate: 89.33%
🔄 2025-09-15 07:55:56 Баланс: 2540.27433672743$ | PnL: 119.72517682 💵 | Сделок: 328 | WinRate: 89.33%
🔄 2025-09-15 08:04:05 Баланс: 2540.27433672743$ | PnL: 119.72517682 💵 | Сделок: 328 | WinRate: 89.33%
🔄 2025-09-15 08:12:14 Баланс: 2540.27433672743$ | PnL: 119.72517682 💵 | Сделок: 328 | WinRate: 89.33%
🔄 2025-09-15 08:20:24 Баланс: 2540.27433672743$ | PnL: 119.72517682 💵 | Сделок: 328 | WinRate: 89.33%
🔄 2025-09-15 08:28:33 Баланс: 2540.27433672743$ | PnL: 119.72517682 💵 | Сделок: 328 | WinRate: 89.33%
🔄 2025-09-15 08:36:42 Баланс: 2540.27433672743$ | PnL: 119.72517682 💵 | Сделок: 328 | WinRate: 89.33%
🔄 2025-09-15 08:44:53 Баланс: 2540.27433672743$ | PnL: 119.72517682 💵 | Сделок: 328 | WinRate: 89.33%
🔄 2025-09-15 08:53:02 Баланс: 2540.27433672743$ | PnL: 119.72517682 💵 | Сделок: 328 | WinRate: 89.33%
🔄 2025-09-15 09:01:15 Баланс: 2549.57808642043$ | PnL: 119.02891952 💵 | Сделок: 329 | WinRate: 89.06%
🔄 2025-09-15 09:09:27 Баланс: 2549.57808642043$ | PnL: 119.02891952 💵 | Сделок: 329 | WinRate: 89.06%
🔄 2025-09-15 09:17:39 Баланс: 2549.57808642043$ | PnL: 119.02891952 💵 | Сделок: 329 | WinRate: 89.06%
🔄 2025-09-15 09:25:50 Баланс: 2549.57808642043$ | PnL: 119.02891952 💵 | Сделок: 329 | WinRate: 89.06%
🔄 2025-09-15 09:34:02 Баланс: 2549.57808642043$ | PnL: 119.02891952 💵 | Сделок: 329 | WinRate: 89.06%
🔄 2025-09-15 09:42:16 Баланс: 2549.57808642043$ | PnL: 119.02891952 💵 | Сделок: 329 | WinRate: 89.06%
🔄 2025-09-15 09:50:30 Баланс: 2549.57808642043$ | PnL: 119.02891952 💵 | Сделок: 329 | WinRate: 89.06%
🔄 2025-09-15 09:59:02 Баланс: 2549.57808642043$ | PnL: 119.02891952 💵 | Сделок: 329 | WinRate: 89.06%
🔄 2025-09-15 10:07:15 Баланс: 2549.57808642043$ | PnL: 119.02891952 💵 | Сделок: 329 | WinRate: 89.06%
🔄 2025-09-15 10:15:31 Баланс: 2549.57808642043$ | PnL: 119.02891952 💵 | Сделок: 329 | WinRate: 89.06%
🔄 2025-09-15 10:23:46 Баланс: 2549.57808642043$ | PnL: 119.02891952 💵 | Сделок: 329 | WinRate: 89.06%
🔄 2025-09-15 10:32:01 Баланс: 2549.57808642043$ | PnL: 119.02891952 💵 | Сделок: 329 | WinRate: 89.06%
🔄 2025-09-15 10:40:17 Баланс: 2549.57808642043$ | PnL: 119.02891952 💵 | Сделок: 329 | WinRate: 89.06%
🔄 2025-09-15 10:48:31 Баланс: 2539.56909048408$ | PnL: 119.02891952 💵 | Сделок: 329 | WinRate: 89.06%
🔄 2025-09-15 10:56:52 Баланс: 2548.74527844808$ | PnL: 118.20510366 💵 | Сделок: 330 | WinRate: 88.79%
🔄 2025-09-15 11:05:30 Баланс: 2548.74527844808$ | PnL: 118.20510366 💵 | Сделок: 330 | WinRate: 88.79%
🔄 2025-09-15 11:14:06 Баланс: 2548.74527844808$ | PnL: 118.20510366 💵 | Сделок: 330 | WinRate: 88.79%
🔄 2025-09-15 11:22:43 Баланс: 2548.74527844808$ | PnL: 118.20510366 💵 | Сделок: 330 | WinRate: 88.79%
🔄 2025-09-15 11:31:17 Баланс: 2548.74527844808$ | PnL: 118.20510366 💵 | Сделок: 330 | WinRate: 88.79%
🔄 2025-09-15 11:40:03 Баланс: 2557.12412296044$ | PnL: 116.59267414 💵 | Сделок: 332 | WinRate: 88.25%
🔄 2025-09-15 11:51:29 Баланс: 2580.68881347854$ | PnL: 110.21204801 💵 | Сделок: 341 | WinRate: 85.92%
🔄 2025-09-15 12:01:43 Баланс: 2550.5412364655$ | PnL: 110.1083426 💵 | Сделок: 343 | WinRate: 85.71%
🔄 2025-09-15 12:11:45 Баланс: 2831.33497964311$ | PnL: 71.1005859999999 💵 | Сделок: 397 | WinRate: 74.56%
🔄 2025-09-15 12:21:16 Баланс: 2837.22375359729$ | PnL: 67.0242213599999 💵 | Сделок: 402 | WinRate: 73.63%
🔄 2025-09-15 12:30:49 Баланс: 2807.19674665064$ | PnL: 67.0242213599999 💵 | Сделок: 402 | WinRate: 73.63%
🔄 2025-09-15 12:40:26 Баланс: 2796.1523364944$ | PnL: 65.9978593099999 💵 | Сделок: 403 | WinRate: 73.45%
🔄 2025-09-15 12:50:02 Баланс: 2744.77235959824$ | PnL: 64.6801468299999 💵 | Сделок: 405 | WinRate: 73.09%
🔄 2025-09-15 12:59:34 Баланс: 2641.31262622575$ | PnL: 61.5571550299999 💵 | Сделок: 415 | WinRate: 72.05%
🔄 2025-09-15 13:09:23 Баланс: 2658.41773746036$ | PnL: 58.7061817699999 💵 | Сделок: 422 | WinRate: 71.33%
🔄 2025-09-15 13:19:02 Баланс: 2658.41773746036$ | PnL: 58.7061817699999 💵 | Сделок: 422 | WinRate: 71.33%
🔄 2025-09-15 13:28:39 Баланс: 2648.4090397822$ | PnL: 58.7061817699999 💵 | Сделок: 422 | WinRate: 71.33%
🔄 2025-09-15 13:38:42 Баланс: 2648.4090397822$ | PnL: 58.7061817699999 💵 | Сделок: 422 | WinRate: 71.33%
🔄 2025-09-15 13:48:48 Баланс: 2648.4090397822$ | PnL: 58.7061817699999 💵 | Сделок: 422 | WinRate: 71.33%
🔄 2025-09-15 13:58:29 Баланс: 2648.4090397822$ | PnL: 58.7061817699999 💵 | Сделок: 422 | WinRate: 71.33%
🔄 2025-09-15 14:08:18 Баланс: 2638.3847760572$ | PnL: 58.7061817699999 💵 | Сделок: 422 | WinRate: 71.33%
🔄 2025-09-15 14:18:10 Баланс: 2628.3757748281$ | PnL: 58.7061817699999 💵 | Сделок: 422 | WinRate: 71.33%
🔄 2025-09-15 14:27:49 Баланс: 2628.3757748281$ | PnL: 58.7061817699999 💵 | Сделок: 422 | WinRate: 71.33%
🔄 2025-09-15 14:37:32 Баланс: 2618.36677457147$ | PnL: 58.7061817699999 💵 | Сделок: 422 | WinRate: 71.33%
🔄 2025-09-15 14:47:16 Баланс: 2618.36677457147$ | PnL: 58.7061817699999 💵 | Сделок: 422 | WinRate: 71.33%
