🔄 2025-09-11 16:49:55 Баланс: 5000$ | PnL: 0 💵 | Сделок: 0 | WinRate: 0%
🔄 2025-09-11 16:55:03 Баланс: 4599.6414493044$ | PnL: 0 💵 | Сделок: 0 | WinRate: 0%
🔄 2025-09-11 17:01:06 Баланс: 4479.53347772096$ | PnL: 0 💵 | Сделок: 0 | WinRate: 0%
🔄 2025-09-11 17:07:52 Баланс: 4149.4581204335$ | PnL: 0.22998831 💵 | Сделок: 1 | WinRate: 100%
🔄 2025-09-11 17:14:22 Баланс: 3809.15159948685$ | PnL: 0.22998831 💵 | Сделок: 1 | WinRate: 100%
🔄 2025-09-11 17:22:02 Баланс: 3719.2425367651$ | PnL: 0.55931752 💵 | Сделок: 3 | WinRate: 100%
🔄 2025-09-11 17:29:29 Баланс: 3719.2425367651$ | PnL: 0.55931752 💵 | Сделок: 3 | WinRate: 100%
🔄 2025-09-11 17:36:52 Баланс: 3719.48116680278$ | PnL: 0.8069425 💵 | Сделок: 4 | WinRate: 100%
🔄 2025-09-11 17:44:13 Баланс: 3709.47220583788$ | PnL: 0.8069425 💵 | Сделок: 4 | WinRate: 100%
🔄 2025-09-11 17:52:50 Баланс: 3709.47220583788$ | PnL: 0.8069425 💵 | Сделок: 4 | WinRate: 100%
🔄 2025-09-11 18:03:33 Баланс: 3688.02778437893$ | PnL: 0.8069425 💵 | Сделок: 4 | WinRate: 100%
🔄 2025-09-11 18:11:16 Баланс: 3688.02778437893$ | PnL: 0.8069425 💵 | Сделок: 4 | WinRate: 100%
🔄 2025-09-11 18:19:45 Баланс: 3678.01877883395$ | PnL: 0.8069425 💵 | Сделок: 4 | WinRate: 100%
🔄 2025-09-11 18:27:53 Баланс: 3628.42879398037$ | PnL: 1.28000503 💵 | Сделок: 6 | WinRate: 100%
🔄 2025-09-11 18:35:48 Баланс: 3628.42879398037$ | PnL: 1.28000503 💵 | Сделок: 6 | WinRate: 100%
🔄 2025-09-11 18:43:28 Баланс: 3605.51741227837$ | PnL: 1.28000503 💵 | Сделок: 6 | WinRate: 100%
🔄 2025-09-11 18:50:54 Баланс: 3605.51741227837$ | PnL: 1.28000503 💵 | Сделок: 6 | WinRate: 100%
🔄 2025-09-11 18:58:19 Баланс: 3605.30561120946$ | PnL: 1.07721375 💵 | Сделок: 7 | WinRate: 85.71%
🔄 2025-09-11 19:05:51 Баланс: 3575.08451526018$ | PnL: 1.07721375 💵 | Сделок: 7 | WinRate: 85.71%
🔄 2025-09-11 19:13:24 Баланс: 3525.04179464178$ | PnL: 1.07721375 💵 | Сделок: 7 | WinRate: 85.71%
🔄 2025-09-11 19:21:00 Баланс: 3525.65298621094$ | PnL: 1.70639812 💵 | Сделок: 9 | WinRate: 88.89%
🔄 2025-09-11 19:28:27 Баланс: 3525.65298621094$ | PnL: 1.70639812 💵 | Сделок: 9 | WinRate: 88.89%
🔄 2025-09-11 19:35:59 Баланс: 3515.64398711275$ | PnL: 1.70639812 💵 | Сделок: 9 | WinRate: 88.89%
🔄 2025-09-11 19:43:23 Баланс: 3505.63498724237$ | PnL: 1.70639812 💵 | Сделок: 9 | WinRate: 88.89%
🔄 2025-09-11 19:50:50 Баланс: 3495.62598932424$ | PnL: 1.70639812 💵 | Сделок: 9 | WinRate: 88.89%
🔄 2025-09-11 19:58:19 Баланс: 3476.00168055603$ | PnL: 2.11807204 💵 | Сделок: 11 | WinRate: 90.91%
🔄 2025-09-11 20:05:48 Баланс: 3466.27358956125$ | PnL: 2.40797548 💵 | Сделок: 12 | WinRate: 91.67%
🔄 2025-09-11 20:13:14 Баланс: 3446.25558988184$ | PnL: 2.40797548 💵 | Сделок: 12 | WinRate: 91.67%
🔄 2025-09-11 20:20:52 Баланс: 3446.25558988184$ | PnL: 2.40797548 💵 | Сделок: 12 | WinRate: 91.67%
🔄 2025-09-11 20:28:26 Баланс: 3446.25558988184$ | PnL: 2.40797548 💵 | Сделок: 12 | WinRate: 91.67%
🔄 2025-09-11 20:35:53 Баланс: 3426.2375889502$ | PnL: 2.40797548 💵 | Сделок: 12 | WinRate: 91.67%
🔄 2025-09-11 20:43:26 Баланс: 3415.63413235899$ | PnL: 1.82253335 💵 | Сделок: 13 | WinRate: 84.62%
🔄 2025-09-11 20:51:07 Баланс: 3415.88639022612$ | PnL: 2.0837904 💵 | Сделок: 14 | WinRate: 85.71%
🔄 2025-09-11 20:58:40 Баланс: 3425.64592297612$ | PnL: 1.84336955 💵 | Сделок: 15 | WinRate: 80%
🔄 2025-09-11 21:06:15 Баланс: 3415.63687052896$ | PnL: 1.84336955 💵 | Сделок: 15 | WinRate: 80%
🔄 2025-09-11 21:13:46 Баланс: 3405.62785576569$ | PnL: 1.84336955 💵 | Сделок: 15 | WinRate: 80%
🔄 2025-09-11 21:21:18 Баланс: 3405.80017003726$ | PnL: 2.02467416 💵 | Сделок: 16 | WinRate: 81.25%
🔄 2025-09-11 21:28:51 Баланс: 3395.79116338127$ | PnL: 2.02467416 💵 | Сделок: 16 | WinRate: 81.25%
🔄 2025-09-11 21:36:26 Баланс: 3396.5207061373$ | PnL: 2.76320031 💵 | Сделок: 17 | WinRate: 82.35%
🔄 2025-09-11 21:44:08 Баланс: 3365.84161736674$ | PnL: 2.51148129 💵 | Сделок: 18 | WinRate: 77.78%
🔄 2025-09-11 21:51:46 Баланс: 3366.08749494209$ | PnL: 2.7663648 💵 | Сделок: 19 | WinRate: 78.95%
🔄 2025-09-11 21:59:23 Баланс: 3356.07693153629$ | PnL: 2.7663648 💵 | Сделок: 19 | WinRate: 78.95%
🔄 2025-09-11 22:07:04 Баланс: 3316.04055786629$ | PnL: 2.7663648 💵 | Сделок: 19 | WinRate: 78.95%
🔄 2025-09-11 22:14:48 Баланс: 3255.98650422235$ | PnL: 2.7663648 💵 | Сделок: 19 | WinRate: 78.95%
🔄 2025-09-11 22:22:37 Баланс: 3255.98650422235$ | PnL: 2.7663648 💵 | Сделок: 19 | WinRate: 78.95%
🔄 2025-09-11 22:30:24 Баланс: 3255.96620028299$ | PnL: 2.76438534 💵 | Сделок: 21 | WinRate: 76.19%
🔄 2025-09-11 22:38:12 Баланс: 3245.71576576146$ | PnL: 2.53195167 💵 | Сделок: 22 | WinRate: 72.73%
🔄 2025-09-11 22:46:06 Баланс: 3225.69775650964$ | PnL: 2.53195167 💵 | Сделок: 22 | WinRate: 72.73%
🔄 2025-09-11 22:53:57 Баланс: 3215.68813595164$ | PnL: 2.53195167 💵 | Сделок: 22 | WinRate: 72.73%
🔄 2025-09-11 23:01:51 Баланс: 3215.68813595164$ | PnL: 2.53195167 💵 | Сделок: 22 | WinRate: 72.73%
🔄 2025-09-11 23:09:45 Баланс: 3215.962442578$ | PnL: 2.81525272 💵 | Сделок: 23 | WinRate: 73.91%
🔄 2025-09-11 23:17:40 Баланс: 3205.95347821004$ | PnL: 2.81525272 💵 | Сделок: 23 | WinRate: 73.91%
🔄 2025-09-11 23:25:33 Баланс: 3195.94443038704$ | PnL: 2.81525272 💵 | Сделок: 23 | WinRate: 73.91%
🔄 2025-09-11 23:33:24 Баланс: 3095.85613752276$ | PnL: 2.81525272 💵 | Сделок: 23 | WinRate: 73.91%
🔄 2025-09-11 23:41:29 Баланс: 2975.74790249249$ | PnL: 2.81525272 💵 | Сделок: 23 | WinRate: 73.91%
🔄 2025-09-11 23:49:43 Баланс: 2945.96115006459$ | PnL: 3.06406253 💵 | Сделок: 24 | WinRate: 75%
🔄 2025-09-11 23:58:00 Баланс: 2955.07791986181$ | PnL: 2.19879683 💵 | Сделок: 27 | WinRate: 66.67%
🔄 2025-09-12 00:06:15 Баланс: 2964.11010172181$ | PnL: 1.23097827 💵 | Сделок: 28 | WinRate: 64.29%
🔄 2025-09-12 00:14:31 Баланс: 2954.10109885924$ | PnL: 1.23097827 💵 | Сделок: 28 | WinRate: 64.29%
🔄 2025-09-12 00:22:45 Баланс: 2943.85217427411$ | PnL: 1.00050051 💵 | Сделок: 29 | WinRate: 62.07%
🔄 2025-09-12 00:31:02 Баланс: 2913.59258101971$ | PnL: 0.802664750000001 💵 | Сделок: 33 | WinRate: 60.61%
🔄 2025-09-12 00:39:17 Баланс: 2903.46386412357$ | PnL: 0.700980840000001 💵 | Сделок: 35 | WinRate: 60%
🔄 2025-09-12 00:47:36 Баланс: 2903.7391861797$ | PnL: 0.985303150000001 💵 | Сделок: 36 | WinRate: 61.11%
🔄 2025-09-12 00:55:54 Баланс: 2903.7391861797$ | PnL: 0.985303150000001 💵 | Сделок: 36 | WinRate: 61.11%
🔄 2025-09-12 01:04:12 Баланс: 2903.7391861797$ | PnL: 0.985303150000001 💵 | Сделок: 36 | WinRate: 61.11%
🔄 2025-09-12 01:12:26 Баланс: 2893.70949274777$ | PnL: 0.982380410000001 💵 | Сделок: 38 | WinRate: 60.53%
🔄 2025-09-12 01:20:42 Баланс: 2883.94682296956$ | PnL: 1.25575929 💵 | Сделок: 41 | WinRate: 60.98%
🔄 2025-09-12 01:28:59 Баланс: 2883.94682296956$ | PnL: 1.25575929 💵 | Сделок: 41 | WinRate: 60.98%
🔄 2025-09-12 01:37:16 Баланс: 2875.34599271848$ | PnL: 2.68192636 💵 | Сделок: 43 | WinRate: 62.79%
🔄 2025-09-12 01:45:32 Баланс: 2874.87077940223$ | PnL: 2.23368486 💵 | Сделок: 46 | WinRate: 60.87%
🔄 2025-09-12 01:53:49 Баланс: 2854.85277006383$ | PnL: 2.23368486 💵 | Сделок: 46 | WinRate: 60.87%
🔄 2025-09-12 02:02:14 Баланс: 2824.82652430204$ | PnL: 2.23368486 💵 | Сделок: 46 | WinRate: 60.87%
🔄 2025-09-12 02:10:35 Баланс: 2824.36753264741$ | PnL: 1.79283323 💵 | Сделок: 48 | WinRate: 58.33%
🔄 2025-09-12 02:19:00 Баланс: 2813.67979208533$ | PnL: 1.10666571 💵 | Сделок: 50 | WinRate: 56%
🔄 2025-09-12 02:27:16 Баланс: 2732.56088471605$ | PnL: 0.130121430000001 💵 | Сделок: 58 | WinRate: 51.72%
🔄 2025-09-12 02:35:44 Баланс: 2731.27974098921$ | PnL: -1.07920341 💵 | Сделок: 66 | WinRate: 48.48%
🔄 2025-09-12 02:44:07 Баланс: 2741.2931263001$ | PnL: -0.961711689999998 💵 | Сделок: 69 | WinRate: 49.28%
🔄 2025-09-12 02:52:26 Баланс: 2741.97513567729$ | PnL: -0.261703969999998 💵 | Сделок: 71 | WinRate: 50.7%
🔄 2025-09-12 03:00:44 Баланс: 2721.95711597337$ | PnL: -0.261703969999998 💵 | Сделок: 71 | WinRate: 50.7%
🔄 2025-09-12 03:09:06 Баланс: 2701.36461873023$ | PnL: -0.818195599999999 💵 | Сделок: 73 | WinRate: 49.32%
🔄 2025-09-12 03:17:31 Баланс: 2670.44534569158$ | PnL: -1.66546249 💵 | Сделок: 78 | WinRate: 47.44%
🔄 2025-09-12 03:25:56 Баланс: 2659.82676568477$ | PnL: -2.24804119 💵 | Сделок: 81 | WinRate: 45.68%
🔄 2025-09-12 03:34:34 Баланс: 2680.13816240466$ | PnL: -1.91713133 💵 | Сделок: 85 | WinRate: 45.88%
🔄 2025-09-12 03:43:08 Баланс: 2660.43946701619$ | PnL: -1.58882331 💵 | Сделок: 86 | WinRate: 46.51%
🔄 2025-09-12 03:51:43 Баланс: 2640.57196240757$ | PnL: -1.425757 💵 | Сделок: 87 | WinRate: 47.13%
🔄 2025-09-12 04:00:19 Баланс: 2640.53409646757$ | PnL: -1.2520295 💵 | Сделок: 89 | WinRate: 48.31%
🔄 2025-09-12 04:08:54 Баланс: 2640.56902921301$ | PnL: -1.19909845 💵 | Сделок: 91 | WinRate: 48.35%
🔄 2025-09-12 04:17:29 Баланс: 2651.04398833636$ | PnL: -0.706172249999999 💵 | Сделок: 94 | WinRate: 48.94%
🔄 2025-09-12 04:26:04 Баланс: 2650.77769027093$ | PnL: -0.963470799999999 💵 | Сделок: 95 | WinRate: 48.42%
🔄 2025-09-12 04:34:35 Баланс: 2659.29808430796$ | PnL: -2.40701396 💵 | Сделок: 100 | WinRate: 47%
🔄 2025-09-12 04:43:08 Баланс: 2689.1548350851$ | PnL: -2.46961068 💵 | Сделок: 112 | WinRate: 48.21%
🔄 2025-09-12 04:51:38 Баланс: 2669.71277307541$ | PnL: -1.7499365 💵 | Сделок: 144 | WinRate: 50.69%
🔄 2025-09-12 05:00:11 Баланс: 2691.75169090913$ | PnL: 0.0136301500000018 💵 | Сделок: 166 | WinRate: 54.82%
🔄 2025-09-12 05:08:41 Баланс: 2632.24418089237$ | PnL: 0.582968620000002 💵 | Сделок: 169 | WinRate: 55.03%
🔄 2025-09-12 05:17:19 Баланс: 2643.01220843955$ | PnL: 1.37796929 💵 | Сделок: 173 | WinRate: 56.07%
🔄 2025-09-12 05:25:54 Баланс: 2633.74022702826$ | PnL: 2.12396486 💵 | Сделок: 174 | WinRate: 56.32%
🔄 2025-09-12 05:34:30 Баланс: 2633.74022702826$ | PnL: 2.12396486 💵 | Сделок: 174 | WinRate: 56.32%
🔄 2025-09-12 05:38:08 Баланс: 2633.74022702826$ | PnL: 2.12396486 💵 | Сделок: 174 | WinRate: 56.32%
🔄 2025-09-12 05:38:14 Баланс: 2633.74022702826$ | PnL: 2.12396486 💵 | Сделок: 174 | WinRate: 56.32%
🔄 2025-09-12 05:38:19 Баланс: 2633.74022702826$ | PnL: 2.12396486 💵 | Сделок: 174 | WinRate: 56.32%
🔄 2025-09-12 05:38:25 Баланс: 2633.74022702826$ | PnL: 2.12396486 💵 | Сделок: 174 | WinRate: 56.32%
🔄 2025-09-12 05:38:31 Баланс: 2633.74022702826$ | PnL: 2.12396486 💵 | Сделок: 174 | WinRate: 56.32%
🔄 2025-09-12 05:38:37 Баланс: 2633.74022702826$ | PnL: 2.12396486 💵 | Сделок: 174 | WinRate: 56.32%
🔄 2025-09-12 05:38:42 Баланс: 2633.74022702826$ | PnL: 2.12396486 💵 | Сделок: 174 | WinRate: 56.32%
🔄 2025-09-12 05:38:48 Баланс: 2633.74022702826$ | PnL: 2.12396486 💵 | Сделок: 174 | WinRate: 56.32%
🔄 2025-09-12 05:38:54 Баланс: 2633.74022702826$ | PnL: 2.12396486 💵 | Сделок: 174 | WinRate: 56.32%
🔄 2025-09-12 05:38:59 Баланс: 2633.74022702826$ | PnL: 2.12396486 💵 | Сделок: 174 | WinRate: 56.32%
🔄 2025-09-12 05:47:30 Баланс: 2624.0192443617$ | PnL: 2.26398188 💵 | Сделок: 175 | WinRate: 56.57%
🔄 2025-09-12 05:56:02 Баланс: 2604.12900042155$ | PnL: 2.40075202 💵 | Сделок: 176 | WinRate: 56.82%
🔄 2025-09-12 06:04:35 Баланс: 2594.11999655808$ | PnL: 2.40075202 💵 | Сделок: 176 | WinRate: 56.82%
🔄 2025-09-12 06:13:12 Баланс: 2584.11099655708$ | PnL: 2.40075202 💵 | Сделок: 176 | WinRate: 56.82%
🔄 2025-09-12 06:21:50 Баланс: 2584.11099655708$ | PnL: 2.40075202 💵 | Сделок: 176 | WinRate: 56.82%
🔄 2025-09-12 06:30:38 Баланс: 2594.77272523913$ | PnL: 2.93267975 💵 | Сделок: 178 | WinRate: 56.74%
🔄 2025-09-12 06:39:20 Баланс: 2584.76372861217$ | PnL: 2.93267975 💵 | Сделок: 178 | WinRate: 56.74%
🔄 2025-09-12 06:48:01 Баланс: 2584.91118992411$ | PnL: 3.08914826 💵 | Сделок: 179 | WinRate: 56.98%
🔄 2025-09-12 06:56:43 Баланс: 2585.77611315368$ | PnL: 3.97206325 💵 | Сделок: 181 | WinRate: 57.46%
🔄 2025-09-12 07:05:25 Баланс: 2585.77611315368$ | PnL: 3.97206325 💵 | Сделок: 181 | WinRate: 57.46%
🔄 2025-09-12 07:14:05 Баланс: 2565.75810139711$ | PnL: 3.97206325 💵 | Сделок: 181 | WinRate: 57.46%
🔄 2025-09-12 07:22:47 Баланс: 2566.14005583849$ | PnL: 4.36301104 💵 | Сделок: 182 | WinRate: 57.69%
🔄 2025-09-12 07:31:32 Баланс: 2566.39933220649$ | PnL: 4.63128741 💵 | Сделок: 183 | WinRate: 57.92%
🔄 2025-09-12 07:40:17 Баланс: 2566.39933220649$ | PnL: 4.63128741 💵 | Сделок: 183 | WinRate: 57.92%
🔄 2025-09-12 07:49:00 Баланс: 2566.39933220649$ | PnL: 4.63128741 💵 | Сделок: 183 | WinRate: 57.92%
🔄 2025-09-12 07:57:44 Баланс: 2566.39933220649$ | PnL: 4.63128741 💵 | Сделок: 183 | WinRate: 57.92%
🔄 2025-09-12 08:06:28 Баланс: 2566.39933220649$ | PnL: 4.63128741 💵 | Сделок: 183 | WinRate: 57.92%
🔄 2025-09-12 08:15:31 Баланс: 2576.15875561649$ | PnL: 4.39184482 💵 | Сделок: 184 | WinRate: 57.61%
🔄 2025-09-12 08:24:24 Баланс: 2575.92437497789$ | PnL: 4.16714854 💵 | Сделок: 185 | WinRate: 57.3%
🔄 2025-09-12 08:33:07 Баланс: 2556.4938146816$ | PnL: 4.77261522 💵 | Сделок: 187 | WinRate: 57.75%
🔄 2025-09-12 08:41:52 Баланс: 2557.30175042275$ | PnL: 5.60783658 💵 | Сделок: 190 | WinRate: 58.42%
🔄 2025-09-12 08:50:35 Баланс: 2557.30175042275$ | PnL: 5.60783658 💵 | Сделок: 190 | WinRate: 58.42%
🔄 2025-09-12 08:59:15 Баланс: 2566.91095659275$ | PnL: 5.21697135 💵 | Сделок: 191 | WinRate: 58.12%
🔄 2025-09-12 09:07:58 Баланс: 2567.09179002543$ | PnL: 5.40679308 💵 | Сделок: 192 | WinRate: 58.33%
🔄 2025-09-12 09:16:56 Баланс: 2567.86488465899$ | PnL: 6.26996739 💵 | Сделок: 195 | WinRate: 58.97%
🔄 2025-09-12 09:26:00 Баланс: 2578.302471339$ | PnL: 6.70754583 💵 | Сделок: 196 | WinRate: 59.18%
🔄 2025-09-12 09:34:52 Баланс: 2578.084036138$ | PnL: 6.49811537 💵 | Сделок: 197 | WinRate: 58.88%
🔄 2025-09-12 09:43:55 Баланс: 2578.084036138$ | PnL: 6.49811537 💵 | Сделок: 197 | WinRate: 58.88%
🔄 2025-09-12 09:53:18 Баланс: 2597.14573412647$ | PnL: 5.56894536 💵 | Сделок: 200 | WinRate: 58%
🔄 2025-09-12 10:02:57 Баланс: 2616.82067723143$ | PnL: 5.26233416 💵 | Сделок: 204 | WinRate: 57.35%
🔄 2025-09-12 10:12:09 Баланс: 2618.20055343148$ | PnL: 6.68343292 💵 | Сделок: 209 | WinRate: 58.37%
🔄 2025-09-12 10:21:11 Баланс: 2617.94813376099$ | PnL: 6.44001991 💵 | Сделок: 210 | WinRate: 58.1%
🔄 2025-09-12 10:30:08 Баланс: 2627.65065195099$ | PnL: 6.1425337 💵 | Сделок: 211 | WinRate: 57.82%
🔄 2025-09-12 10:39:12 Баланс: 2638.80578549674$ | PnL: 7.30667049 💵 | Сделок: 213 | WinRate: 58.22%
🔄 2025-09-12 10:48:15 Баланс: 2638.80578549674$ | PnL: 7.30667049 💵 | Сделок: 213 | WinRate: 58.22%
🔄 2025-09-12 10:57:20 Баланс: 2638.80578549674$ | PnL: 7.30667049 💵 | Сделок: 213 | WinRate: 58.22%
🔄 2025-09-12 11:06:23 Баланс: 2618.72037116228$ | PnL: 7.27526758 💵 | Сделок: 217 | WinRate: 58.53%
🔄 2025-09-12 11:15:43 Баланс: 2598.70279427273$ | PnL: 7.27526758 💵 | Сделок: 217 | WinRate: 58.53%
🔄 2025-09-12 11:25:55 Баланс: 2608.89746730077$ | PnL: 7.48799918 💵 | Сделок: 220 | WinRate: 58.64%
🔄 2025-09-12 11:36:07 Баланс: 2620.18697485119$ | PnL: 8.7955071 💵 | Сделок: 223 | WinRate: 59.19%
🔄 2025-09-12 11:45:40 Баланс: 2600.16897332422$ | PnL: 8.7955071 💵 | Сделок: 223 | WinRate: 59.19%
🔄 2025-09-12 11:55:50 Баланс: 2600.16897332422$ | PnL: 8.7955071 💵 | Сделок: 223 | WinRate: 59.19%
🔄 2025-09-12 12:05:17 Баланс: 2599.82390392285$ | PnL: 8.47741547 💵 | Сделок: 226 | WinRate: 58.85%
🔄 2025-09-12 12:14:48 Баланс: 2610.37849715065$ | PnL: 9.04100781 💵 | Сделок: 228 | WinRate: 58.77%
🔄 2025-09-12 12:24:24 Баланс: 2600.36949715591$ | PnL: 9.04100781 💵 | Сделок: 228 | WinRate: 58.77%
🔄 2025-09-12 12:34:05 Баланс: 2590.36048986936$ | PnL: 9.04100781 💵 | Сделок: 228 | WinRate: 58.77%
🔄 2025-09-12 12:43:51 Баланс: 2590.36048986936$ | PnL: 9.04100781 💵 | Сделок: 228 | WinRate: 58.77%
🔄 2025-09-12 12:53:28 Баланс: 2590.36048986936$ | PnL: 9.04100781 💵 | Сделок: 228 | WinRate: 58.77%
🔄 2025-09-12 13:03:23 Баланс: 2570.34246752527$ | PnL: 9.04100781 💵 | Сделок: 228 | WinRate: 58.77%
🔄 2025-09-12 13:13:09 Баланс: 2570.34246752527$ | PnL: 9.04100781 💵 | Сделок: 228 | WinRate: 58.77%
🔄 2025-09-12 13:22:46 Баланс: 2560.53038644626$ | PnL: 9.2445694 💵 | Сделок: 229 | WinRate: 58.95%
🔄 2025-09-12 13:32:35 Баланс: 2560.53038644626$ | PnL: 9.2445694 💵 | Сделок: 229 | WinRate: 58.95%
🔄 2025-09-12 13:42:27 Баланс: 2570.32479615073$ | PnL: 9.0389791 💵 | Сделок: 230 | WinRate: 58.7%
🔄 2025-09-12 13:52:12 Баланс: 2570.20313404054$ | PnL: 8.92641498 💵 | Сделок: 231 | WinRate: 58.44%
🔄 2025-09-12 14:02:00 Баланс: 2560.19413440487$ | PnL: 8.92641498 💵 | Сделок: 231 | WinRate: 58.44%
🔄 2025-09-12 14:11:36 Баланс: 2579.24513000757$ | PnL: 7.98572755 💵 | Сделок: 234 | WinRate: 57.69%
🔄 2025-09-12 14:20:47 Баланс: 2579.62114934847$ | PnL: 8.37980671 💵 | Сделок: 236 | WinRate: 57.63%
🔄 2025-09-12 14:30:06 Баланс: 2569.59549437247$ | PnL: 8.37980671 💵 | Сделок: 236 | WinRate: 57.63%
🔄 2025-09-12 14:39:24 Баланс: 2559.58648694579$ | PnL: 8.37980671 💵 | Сделок: 236 | WinRate: 57.63%
🔄 2025-09-12 14:48:58 Баланс: 2569.03189052078$ | PnL: 7.83426253 💵 | Сделок: 238 | WinRate: 57.14%
🔄 2025-09-12 14:58:33 Баланс: 2569.44768749936$ | PnL: 8.25905956 💵 | Сделок: 239 | WinRate: 57.32%
🔄 2025-09-12 15:07:51 Баланс: 2559.43868642839$ | PnL: 8.25905956 💵 | Сделок: 239 | WinRate: 57.32%
🔄 2025-09-12 15:17:15 Баланс: 2560.06329695265$ | PnL: 8.89267113 💵 | Сделок: 240 | WinRate: 57.5%
🔄 2025-09-12 15:26:34 Баланс: 2560.06329695265$ | PnL: 8.89267113 💵 | Сделок: 240 | WinRate: 57.5%
🔄 2025-09-12 15:38:50 Баланс: 2569.18088077465$ | PnL: 8.01025462 💵 | Сделок: 241 | WinRate: 57.26%
🔄 2025-09-12 15:51:57 Баланс: 2558.86626292717$ | PnL: 7.71371173 💵 | Сделок: 242 | WinRate: 57.02%
🔄 2025-09-12 16:03:10 Баланс: 2557.81538395765$ | PnL: 6.70798756 💵 | Сделок: 247 | WinRate: 56.28%
🔄 2025-09-12 16:14:17 Баланс: 2485.19487493083$ | PnL: 4.29359776 💵 | Сделок: 263 | WinRate: 53.61%
🔄 2025-09-12 16:25:24 Баланс: 2524.01383294683$ | PnL: 3.11217091 💵 | Сделок: 267 | WinRate: 52.81%
🔄 2025-09-12 16:36:03 Баланс: 2524.01383294683$ | PnL: 3.11217091 💵 | Сделок: 267 | WinRate: 52.81%
🔄 2025-09-12 16:46:28 Баланс: 2533.65247125683$ | PnL: 2.75077652 💵 | Сделок: 268 | WinRate: 52.61%
🔄 2025-09-12 16:56:37 Баланс: 2533.65247125683$ | PnL: 2.75077652 💵 | Сделок: 268 | WinRate: 52.61%
🔄 2025-09-12 17:06:46 Баланс: 2514.06727143684$ | PnL: 3.19262849 💵 | Сделок: 269 | WinRate: 52.79%
🔄 2025-09-12 17:17:02 Баланс: 2514.06727143684$ | PnL: 3.19262849 💵 | Сделок: 269 | WinRate: 52.79%
🔄 2025-09-12 17:27:38 Баланс: 2514.06727143684$ | PnL: 3.19262849 💵 | Сделок: 269 | WinRate: 52.79%
🔄 2025-09-12 17:37:45 Баланс: 2514.31774561184$ | PnL: 3.45215431 💵 | Сделок: 270 | WinRate: 52.96%
🔄 2025-09-12 17:48:17 Баланс: 2524.03915846584$ | PnL: 3.1735631 💵 | Сделок: 271 | WinRate: 52.77%
🔄 2025-09-12 17:58:26 Баланс: 2524.03915846584$ | PnL: 3.1735631 💵 | Сделок: 271 | WinRate: 52.77%
🔄 2025-09-12 18:08:49 Баланс: 2533.12024454521$ | PnL: 2.26353242 💵 | Сделок: 273 | WinRate: 52.38%
🔄 2025-09-12 18:19:15 Баланс: 2493.74085405272$ | PnL: 2.93568302 💵 | Сделок: 275 | WinRate: 52.73%
🔄 2025-09-12 18:30:14 Баланс: 2454.50044698279$ | PnL: 3.77108895 💵 | Сделок: 279 | WinRate: 53.41%
🔄 2025-09-12 18:40:39 Баланс: 2444.49144469873$ | PnL: 3.77108895 💵 | Сделок: 279 | WinRate: 53.41%
🔄 2025-09-12 18:51:36 Баланс: 2454.21682033873$ | PnL: 3.49645717 💵 | Сделок: 280 | WinRate: 53.21%
🔄 2025-09-12 19:01:51 Баланс: 2454.21682033873$ | PnL: 3.49645717 💵 | Сделок: 280 | WinRate: 53.21%
🔄 2025-09-12 19:12:17 Баланс: 2454.21682033873$ | PnL: 3.49645717 💵 | Сделок: 280 | WinRate: 53.21%
🔄 2025-09-12 19:24:02 Баланс: 2454.89562423071$ | PnL: 4.18440451 💵 | Сделок: 281 | WinRate: 53.38%
🔄 2025-09-12 19:34:15 Баланс: 2444.88746588752$ | PnL: 4.18440451 💵 | Сделок: 281 | WinRate: 53.38%
🔄 2025-09-12 19:45:10 Баланс: 2464.95940376952$ | PnL: 4.25634985 💵 | Сделок: 283 | WinRate: 53.36%
🔄 2025-09-12 19:55:32 Баланс: 2465.16432388951$ | PnL: 4.47025092 💵 | Сделок: 284 | WinRate: 53.52%
🔄 2025-09-12 20:06:28 Баланс: 2465.39509252851$ | PnL: 4.71000919 💵 | Сделок: 285 | WinRate: 53.68%
🔄 2025-09-12 20:17:29 Баланс: 2455.83146853968$ | PnL: 5.16438787 💵 | Сделок: 286 | WinRate: 53.85%
🔄 2025-09-12 20:27:39 Баланс: 2445.82246957061$ | PnL: 5.16438787 💵 | Сделок: 286 | WinRate: 53.85%
🔄 2025-09-12 20:37:50 Баланс: 2387.74524727723$ | PnL: 7.20413406 💵 | Сделок: 293 | WinRate: 54.95%
🔄 2025-09-12 20:48:10 Баланс: 2377.95596784212$ | PnL: 7.43286363 💵 | Сделок: 294 | WinRate: 55.1%
🔄 2025-09-12 20:58:21 Баланс: 2368.57603616807$ | PnL: 8.0709323 💵 | Сделок: 295 | WinRate: 55.25%
🔄 2025-09-12 21:08:16 Баланс: 2378.40536152908$ | PnL: 7.90925638 💵 | Сделок: 297 | WinRate: 55.22%
🔄 2025-09-12 21:18:10 Баланс: 2328.18113298503$ | PnL: 7.77488247 💵 | Сделок: 302 | WinRate: 55.3%
🔄 2025-09-12 21:28:08 Баланс: 2278.15981484971$ | PnL: 7.8345476 💵 | Сделок: 306 | WinRate: 55.23%
🔄 2025-09-12 21:38:09 Баланс: 2298.13802223435$ | PnL: 8.09117233 💵 | Сделок: 321 | WinRate: 55.14%
🔄 2025-09-12 21:48:08 Баланс: 2339.32735070726$ | PnL: 9.73936895 💵 | Сделок: 338 | WinRate: 55.92%
🔄 2025-09-12 21:58:18 Баланс: 2368.3187519039$ | PnL: 8.76728301 💵 | Сделок: 345 | WinRate: 55.36%
🔄 2025-09-12 22:08:08 Баланс: 2329.2195202039$ | PnL: 9.72204988 💵 | Сделок: 347 | WinRate: 55.62%
🔄 2025-09-12 22:18:04 Баланс: 2328.53392672341$ | PnL: 9.08146362 💵 | Сделок: 352 | WinRate: 55.4%
🔄 2025-09-12 22:28:00 Баланс: 2349.78714256134$ | PnL: 10.36165706 💵 | Сделок: 357 | WinRate: 55.46%
🔄 2025-09-12 22:37:55 Баланс: 2359.62616548119$ | PnL: 10.24599418 💵 | Сделок: 363 | WinRate: 55.37%
🔄 2025-09-12 22:47:47 Баланс: 2400.19100779252$ | PnL: 11.10133316 💵 | Сделок: 375 | WinRate: 56%
🔄 2025-09-12 22:57:37 Баланс: 2410.74238749363$ | PnL: 11.67979909 💵 | Сделок: 379 | WinRate: 56.2%
🔄 2025-09-12 23:07:20 Баланс: 2410.71522647742$ | PnL: 11.71228174 💵 | Сделок: 385 | WinRate: 56.1%
🔄 2025-09-12 23:17:02 Баланс: 2400.7062285593$ | PnL: 11.71228174 💵 | Сделок: 385 | WinRate: 56.1%
🔄 2025-09-12 23:26:42 Баланс: 2380.6882268938$ | PnL: 11.71228174 💵 | Сделок: 385 | WinRate: 56.1%
🔄 2025-09-12 23:36:28 Баланс: 2380.68491946588$ | PnL: 11.73598512 💵 | Сделок: 388 | WinRate: 56.19%
🔄 2025-09-12 23:46:15 Баланс: 2380.10802873258$ | PnL: 11.16824151 💵 | Сделок: 389 | WinRate: 56.04%
🔄 2025-09-12 23:56:00 Баланс: 2381.7884624486$ | PnL: 13.04899479 💵 | Сделок: 395 | WinRate: 56.71%
🔄 2025-09-13 00:05:44 Баланс: 2372.4667025082$ | PnL: 13.7835821 💵 | Сделок: 400 | WinRate: 57.25%
🔄 2025-09-13 00:15:30 Баланс: 2372.4667025082$ | PnL: 13.7835821 💵 | Сделок: 400 | WinRate: 57.25%
🔄 2025-09-13 00:25:12 Баланс: 2372.69945066514$ | PnL: 14.03413293 💵 | Сделок: 402 | WinRate: 57.46%
🔄 2025-09-13 00:34:55 Баланс: 2373.12649942638$ | PnL: 14.47018734 💵 | Сделок: 403 | WinRate: 57.57%
🔄 2025-09-13 00:44:40 Баланс: 2373.58518749738$ | PnL: 14.60033256 💵 | Сделок: 404 | WinRate: 57.67%
🔄 2025-09-13 00:54:12 Баланс: 2374.04676229648$ | PnL: 14.73385496 💵 | Сделок: 405 | WinRate: 57.78%
🔄 2025-09-13 01:03:41 Баланс: 2375.63208442379$ | PnL: 16.0555315 💵 | Сделок: 410 | WinRate: 58.29%
🔄 2025-09-13 01:13:05 Баланс: 2375.99109241677$ | PnL: 16.43261388 💵 | Сделок: 412 | WinRate: 58.5%
🔄 2025-09-13 01:22:16 Баланс: 2376.43771356201$ | PnL: 16.88823057 💵 | Сделок: 413 | WinRate: 58.6%
🔄 2025-09-13 01:31:38 Баланс: 2366.9670391295$ | PnL: 17.43555675 💵 | Сделок: 414 | WinRate: 58.7%
🔄 2025-09-13 01:40:53 Баланс: 2366.9670391295$ | PnL: 17.43555675 💵 | Сделок: 414 | WinRate: 58.7%
🔄 2025-09-13 01:50:11 Баланс: 2366.9670391295$ | PnL: 17.43555675 💵 | Сделок: 414 | WinRate: 58.7%
🔄 2025-09-13 01:59:26 Баланс: 2366.9670391295$ | PnL: 17.43555675 💵 | Сделок: 414 | WinRate: 58.7%
🔄 2025-09-13 02:08:51 Баланс: 2366.9670391295$ | PnL: 17.43555675 💵 | Сделок: 414 | WinRate: 58.7%
🔄 2025-09-13 02:18:11 Баланс: 2367.36510479254$ | PnL: 17.85161826 💵 | Сделок: 416 | WinRate: 58.89%
🔄 2025-09-13 02:27:35 Баланс: 2379.51083764813$ | PnL: 20.23055109 💵 | Сделок: 430 | WinRate: 59.77%
🔄 2025-09-13 02:36:59 Баланс: 2390.57390936785$ | PnL: 21.56842668 💵 | Сделок: 441 | WinRate: 60.54%
🔄 2025-09-13 02:46:19 Баланс: 2391.7231252887$ | PnL: 22.77086077 💵 | Сделок: 447 | WinRate: 61.07%
🔄 2025-09-13 02:55:43 Баланс: 2392.0988792689$ | PnL: 23.16461583 💵 | Сделок: 449 | WinRate: 61.25%
🔄 2025-09-13 03:05:03 Баланс: 2403.04631331136$ | PnL: 24.12996365 💵 | Сделок: 452 | WinRate: 61.5%
🔄 2025-09-13 03:14:21 Баланс: 2403.85525903541$ | PnL: 24.97480315 💵 | Сделок: 456 | WinRate: 61.84%
🔄 2025-09-13 03:23:40 Баланс: 2404.01552047312$ | PnL: 25.14406693 💵 | Сделок: 457 | WinRate: 61.93%
🔄 2025-09-13 03:32:59 Баланс: 2403.69565910868$ | PnL: 24.83320591 💵 | Сделок: 458 | WinRate: 61.79%
🔄 2025-09-13 03:42:17 Баланс: 2403.96119678896$ | PnL: 25.10774379 💵 | Сделок: 459 | WinRate: 61.87%
🔄 2025-09-13 03:51:36 Баланс: 2403.96119678896$ | PnL: 25.10774379 💵 | Сделок: 459 | WinRate: 61.87%
🔄 2025-09-13 04:00:54 Баланс: 2394.35373394986$ | PnL: 25.52724656 💵 | Сделок: 461 | WinRate: 62.04%
🔄 2025-09-13 04:10:12 Баланс: 2394.31640345571$ | PnL: 25.52578836 💵 | Сделок: 465 | WinRate: 62.15%
🔄 2025-09-13 04:19:35 Баланс: 2395.56186175715$ | PnL: 26.80721578 💵 | Сделок: 469 | WinRate: 62.47%
🔄 2025-09-13 04:28:51 Баланс: 2396.2138959211$ | PnL: 27.49484203 💵 | Сделок: 473 | WinRate: 62.79%
🔄 2025-09-13 04:38:06 Баланс: 2396.46221263421$ | PnL: 27.75217725 💵 | Сделок: 474 | WinRate: 62.87%
🔄 2025-09-13 04:47:26 Баланс: 2407.03295446418$ | PnL: 28.33190504 💵 | Сделок: 476 | WinRate: 63.03%
🔄 2025-09-13 04:56:40 Баланс: 2407.42464974348$ | PnL: 28.73256074 💵 | Сделок: 477 | WinRate: 63.1%
🔄 2025-09-13 05:05:57 Баланс: 2418.03484932401$ | PnL: 29.38699144 💵 | Сделок: 483 | WinRate: 63.35%
🔄 2025-09-13 05:15:16 Баланс: 2470.52459489201$ | PnL: 32.00294112 💵 | Сделок: 502 | WinRate: 63.75%
🔄 2025-09-13 05:24:30 Баланс: 2473.14036149284$ | PnL: 34.69974147 💵 | Сделок: 511 | WinRate: 64.38%
🔄 2025-09-13 05:33:34 Баланс: 2495.15949756324$ | PnL: 36.76400841 💵 | Сделок: 518 | WinRate: 64.86%
🔄 2025-09-13 05:38:18 Баланс: 2495.29241082074$ | PnL: 36.90611132 💵 | Сделок: 519 | WinRate: 64.93%
🔄 2025-09-13 05:38:22 Баланс: 2495.29241082074$ | PnL: 36.90611132 💵 | Сделок: 519 | WinRate: 64.93%
🔄 2025-09-13 05:38:26 Баланс: 2495.29241082074$ | PnL: 36.90611132 💵 | Сделок: 519 | WinRate: 64.93%
🔄 2025-09-13 05:38:31 Баланс: 2495.29241082074$ | PnL: 36.90611132 💵 | Сделок: 519 | WinRate: 64.93%
🔄 2025-09-13 05:38:35 Баланс: 2495.29241082074$ | PnL: 36.90611132 💵 | Сделок: 519 | WinRate: 64.93%
🔄 2025-09-13 05:38:39 Баланс: 2495.29241082074$ | PnL: 36.90611132 💵 | Сделок: 519 | WinRate: 64.93%
🔄 2025-09-13 05:38:44 Баланс: 2495.29241082074$ | PnL: 36.90611132 💵 | Сделок: 519 | WinRate: 64.93%
🔄 2025-09-13 05:38:48 Баланс: 2495.29241082074$ | PnL: 36.90611132 💵 | Сделок: 519 | WinRate: 64.93%
🔄 2025-09-13 05:38:52 Баланс: 2495.29241082074$ | PnL: 36.90611132 💵 | Сделок: 519 | WinRate: 64.93%
🔄 2025-09-13 05:38:56 Баланс: 2495.29241082074$ | PnL: 36.90611132 💵 | Сделок: 519 | WinRate: 64.93%
🔄 2025-09-13 05:39:00 Баланс: 2495.29241082074$ | PnL: 36.90611132 💵 | Сделок: 519 | WinRate: 64.93%
🔄 2025-09-13 05:39:04 Баланс: 2495.29241082074$ | PnL: 36.90611132 💵 | Сделок: 519 | WinRate: 64.93%
🔄 2025-09-13 05:39:08 Баланс: 2495.29241082074$ | PnL: 36.90611132 💵 | Сделок: 519 | WinRate: 64.93%
🔄 2025-09-13 05:39:12 Баланс: 2495.29241082074$ | PnL: 36.90611132 💵 | Сделок: 519 | WinRate: 64.93%
🔄 2025-09-13 05:45:15 Баланс: 2515.21957112574$ | PnL: 36.83325982 💵 | Сделок: 521 | WinRate: 64.88%
🔄 2025-09-13 05:54:04 Баланс: 2526.28977623337$ | PnL: 37.92135061 💵 | Сделок: 524 | WinRate: 65.08%
🔄 2025-09-13 06:02:55 Баланс: 2496.59358065037$ | PnL: 38.26115443 💵 | Сделок: 525 | WinRate: 65.14%
🔄 2025-09-13 06:12:10 Баланс: 2496.26750309235$ | PnL: 37.94406957 💵 | Сделок: 526 | WinRate: 65.02%
🔄 2025-09-13 06:21:24 Баланс: 2486.25851790567$ | PnL: 37.94406957 💵 | Сделок: 526 | WinRate: 65.02%
🔄 2025-09-13 06:30:16 Баланс: 2486.25851790567$ | PnL: 37.94406957 💵 | Сделок: 526 | WinRate: 65.02%
🔄 2025-09-13 06:39:22 Баланс: 2486.25851790567$ | PnL: 37.94406957 💵 | Сделок: 526 | WinRate: 65.02%
🔄 2025-09-13 06:48:24 Баланс: 2486.69396750613$ | PnL: 38.39751516 💵 | Сделок: 528 | WinRate: 65.15%
🔄 2025-09-13 06:57:32 Баланс: 2466.81222047389$ | PnL: 38.54620744 💵 | Сделок: 529 | WinRate: 65.22%
🔄 2025-09-13 07:06:43 Баланс: 2466.35720391604$ | PnL: 38.10018632 💵 | Сделок: 530 | WinRate: 65.09%
🔄 2025-09-13 07:15:51 Баланс: 2476.53998185604$ | PnL: 38.28179526 💵 | Сделок: 531 | WinRate: 65.16%
🔄 2025-09-13 07:24:55 Баланс: 2476.11677192198$ | PnL: 37.87656538 💵 | Сделок: 533 | WinRate: 65.1%
🔄 2025-09-13 07:34:04 Баланс: 2466.30560406621$ | PnL: 38.08340351 💵 | Сделок: 534 | WinRate: 65.17%
🔄 2025-09-13 07:43:11 Баланс: 2486.40629011169$ | PnL: 38.20134627 💵 | Сделок: 538 | WinRate: 65.24%
🔄 2025-09-13 07:52:19 Баланс: 2486.61841608158$ | PnL: 38.42246992 💵 | Сделок: 539 | WinRate: 65.31%
🔄 2025-09-13 08:01:27 Баланс: 2487.72832457291$ | PnL: 39.56864242 💵 | Сделок: 543 | WinRate: 65.56%
🔄 2025-09-13 08:10:29 Баланс: 2478.86720678124$ | PnL: 40.77236607 💵 | Сделок: 549 | WinRate: 65.76%
🔄 2025-09-13 08:19:35 Баланс: 2478.9875511118$ | PnL: 40.90185293 💵 | Сделок: 550 | WinRate: 65.82%
🔄 2025-09-13 08:28:39 Баланс: 2469.40547027652$ | PnL: 41.33777094 💵 | Сделок: 551 | WinRate: 65.88%
🔄 2025-09-13 08:37:50 Баланс: 2469.8873325625$ | PnL: 41.83763164 💵 | Сделок: 553 | WinRate: 66%
🔄 2025-09-13 08:47:00 Баланс: 2469.8873325625$ | PnL: 41.83763164 💵 | Сделок: 553 | WinRate: 66%
🔄 2025-09-13 08:56:09 Баланс: 2470.1157301464$ | PnL: 42.07501084 💵 | Сделок: 554 | WinRate: 66.06%
🔄 2025-09-13 09:05:19 Баланс: 2470.34609937222$ | PnL: 42.31437473 💵 | Сделок: 555 | WinRate: 66.13%
🔄 2025-09-13 09:14:24 Баланс: 2470.5439788025$ | PnL: 42.52025855 💵 | Сделок: 556 | WinRate: 66.19%
🔄 2025-09-13 09:23:29 Баланс: 2470.73184972544$ | PnL: 42.71712616 💵 | Сделок: 557 | WinRate: 66.25%
🔄 2025-09-13 09:32:33 Баланс: 2470.88368828804$ | PnL: 42.87683264 💵 | Сделок: 558 | WinRate: 66.31%
🔄 2025-09-13 09:41:35 Баланс: 2470.88368828804$ | PnL: 42.87683264 💵 | Сделок: 558 | WinRate: 66.31%
🔄 2025-09-13 09:50:36 Баланс: 2471.27059578312$ | PnL: 43.28175369 💵 | Сделок: 560 | WinRate: 66.43%
🔄 2025-09-13 09:59:46 Баланс: 2472.11010078696$ | PnL: 44.13930512 💵 | Сделок: 562 | WinRate: 66.55%
🔄 2025-09-13 10:09:26 Баланс: 2472.27274175558$ | PnL: 44.31104036 💵 | Сделок: 563 | WinRate: 66.61%
🔄 2025-09-13 10:18:32 Баланс: 2472.72847102844$ | PnL: 44.79385899 💵 | Сделок: 566 | WinRate: 66.78%
🔄 2025-09-13 10:27:39 Баланс: 2473.29028783075$ | PnL: 45.36468785 💵 | Сделок: 567 | WinRate: 66.84%
🔄 2025-09-13 10:36:44 Баланс: 2473.65331380171$ | PnL: 45.73671245 💵 | Сделок: 568 | WinRate: 66.9%
🔄 2025-09-13 10:45:46 Баланс: 2473.65331380171$ | PnL: 45.73671245 💵 | Сделок: 568 | WinRate: 66.9%
🔄 2025-09-13 10:54:48 Баланс: 2473.65331380171$ | PnL: 45.73671245 💵 | Сделок: 568 | WinRate: 66.9%
🔄 2025-09-13 11:03:53 Баланс: 2474.25546529951$ | PnL: 46.35460468 💵 | Сделок: 570 | WinRate: 67.02%
🔄 2025-09-13 11:12:58 Баланс: 2454.95485828331$ | PnL: 47.09006759 💵 | Сделок: 572 | WinRate: 67.13%
🔄 2025-09-13 11:21:55 Баланс: 2454.95485828331$ | PnL: 47.09006759 💵 | Сделок: 572 | WinRate: 67.13%
🔄 2025-09-13 11:30:58 Баланс: 2455.52413758438$ | PnL: 47.67882123 💵 | Сделок: 574 | WinRate: 67.25%
🔄 2025-09-13 11:39:58 Баланс: 2445.70980410335$ | PnL: 47.88248826 💵 | Сделок: 575 | WinRate: 67.3%
🔄 2025-09-13 11:48:57 Баланс: 2445.95249124321$ | PnL: 48.13417151 💵 | Сделок: 576 | WinRate: 67.36%
🔄 2025-09-13 11:58:00 Баланс: 2454.67709995322$ | PnL: 46.85877592 💵 | Сделок: 577 | WinRate: 67.24%
🔄 2025-09-13 12:07:00 Баланс: 2464.08158495018$ | PnL: 46.27181301 💵 | Сделок: 579 | WinRate: 67.18%
🔄 2025-09-13 12:15:56 Баланс: 2452.83695974518$ | PnL: 45.0526188 💵 | Сделок: 581 | WinRate: 67.13%
🔄 2025-09-13 12:24:55 Баланс: 2452.83695974518$ | PnL: 45.0526188 💵 | Сделок: 581 | WinRate: 67.13%
🔄 2025-09-13 12:33:51 Баланс: 2443.26159871405$ | PnL: 45.51296893 💵 | Сделок: 584 | WinRate: 67.29%
🔄 2025-09-13 12:42:49 Баланс: 2453.90637309161$ | PnL: 46.19371526 💵 | Сделок: 589 | WinRate: 67.4%
🔄 2025-09-13 12:51:47 Баланс: 2454.18557505414$ | PnL: 46.4819142 💵 | Сделок: 590 | WinRate: 67.46%
🔄 2025-09-13 13:00:38 Баланс: 2444.76171243992$ | PnL: 47.10312917 💵 | Сделок: 594 | WinRate: 67.68%
🔄 2025-09-13 13:09:26 Баланс: 2446.00978881745$ | PnL: 48.4052489 💵 | Сделок: 600 | WinRate: 68%
🔄 2025-09-13 13:18:20 Баланс: 2448.34815434398$ | PnL: 50.83360204 💵 | Сделок: 610 | WinRate: 68.52%
🔄 2025-09-13 13:27:18 Баланс: 2449.6865057365$ | PnL: 52.22588741 💵 | Сделок: 616 | WinRate: 68.83%
🔄 2025-09-13 13:36:12 Баланс: 2461.47291696996$ | PnL: 54.10227738 💵 | Сделок: 627 | WinRate: 69.22%
🔄 2025-09-13 13:45:07 Баланс: 2461.93561760713$ | PnL: 54.58271393 💵 | Сделок: 629 | WinRate: 69.32%
🔄 2025-09-13 13:54:43 Баланс: 2463.05188301409$ | PnL: 55.72588199 💵 | Сделок: 632 | WinRate: 69.46%
🔄 2025-09-13 14:05:29 Баланс: 2483.41866060522$ | PnL: 56.16210354 💵 | Сделок: 640 | WinRate: 69.53%
🔄 2025-09-13 14:15:01 Баланс: 2527.53500534633$ | PnL: 60.39520515 💵 | Сделок: 657 | WinRate: 70.32%
🔄 2025-09-13 14:24:36 Баланс: 2530.36750005551$ | PnL: 62.89188985 💵 | Сделок: 669 | WinRate: 70.85%
🔄 2025-09-13 14:34:06 Баланс: 2522.54496452585$ | PnL: 65.18015457 💵 | Сделок: 680 | WinRate: 71.32%
🔄 2025-09-13 14:43:40 Баланс: 2523.16379907751$ | PnL: 65.8262545199999 💵 | Сделок: 683 | WinRate: 71.45%
🔄 2025-09-13 14:53:11 Баланс: 2513.93654091401$ | PnL: 66.61681807 💵 | Сделок: 684 | WinRate: 71.49%
🔄 2025-09-13 15:02:43 Баланс: 2503.927540914$ | PnL: 66.61681807 💵 | Сделок: 684 | WinRate: 71.49%
🔄 2025-09-13 15:12:18 Баланс: 2485.24799658327$ | PnL: 67.9732529699999 💵 | Сделок: 686 | WinRate: 71.57%
🔄 2025-09-13 15:21:51 Баланс: 2485.24799658327$ | PnL: 67.9732529699999 💵 | Сделок: 686 | WinRate: 71.57%
🔄 2025-09-13 15:31:26 Баланс: 2485.24799658327$ | PnL: 67.9732529699999 💵 | Сделок: 686 | WinRate: 71.57%
🔄 2025-09-13 15:41:02 Баланс: 2486.02375819738$ | PnL: 68.7760169299999 💵 | Сделок: 689 | WinRate: 71.7%
🔄 2025-09-13 15:50:40 Баланс: 2486.8279447796$ | PnL: 69.5981797999999 💵 | Сделок: 691 | WinRate: 71.78%
🔄 2025-09-13 16:00:15 Баланс: 2487.61014145154$ | PnL: 70.4073870699999 💵 | Сделок: 694 | WinRate: 71.9%
🔄 2025-09-13 16:09:41 Баланс: 2489.60524631884$ | PnL: 72.5113878399999 💵 | Сделок: 706 | WinRate: 72.38%
🔄 2025-09-13 16:19:07 Баланс: 2490.31447787949$ | PnL: 73.2476557299999 💵 | Сделок: 709 | WinRate: 72.5%
🔄 2025-09-13 16:28:32 Баланс: 2490.31447787949$ | PnL: 73.2476557299999 💵 | Сделок: 709 | WinRate: 72.5%
🔄 2025-09-13 16:38:01 Баланс: 2490.46859696297$ | PnL: 73.4107738799999 💵 | Сделок: 710 | WinRate: 72.54%
🔄 2025-09-13 16:47:26 Баланс: 2491.35876369962$ | PnL: 74.3368581099999 💵 | Сделок: 714 | WinRate: 72.69%
🔄 2025-09-13 16:57:02 Баланс: 2492.55748325849$ | PnL: 75.5943637899999 💵 | Сделок: 719 | WinRate: 72.88%
🔄 2025-09-13 17:06:58 Баланс: 2503.77843472145$ | PnL: 76.86043567 💵 | Сделок: 725 | WinRate: 72.97%
🔄 2025-09-13 17:16:44 Баланс: 2503.98387302788$ | PnL: 77.07487493 💵 | Сделок: 726 | WinRate: 73%
🔄 2025-09-13 17:26:52 Баланс: 2494.96784505018$ | PnL: 78.10385865 💵 | Сделок: 730 | WinRate: 73.15%
🔄 2025-09-13 17:36:46 Баланс: 2509.78669660991$ | PnL: 83.12150604 💵 | Сделок: 753 | WinRate: 73.97%
🔄 2025-09-13 17:46:24 Баланс: 2510.68678683282$ | PnL: 84.04708596 💵 | Сделок: 756 | WinRate: 74.07%
🔄 2025-09-13 17:55:53 Баланс: 2492.21162315758$ | PnL: 85.42751159 💵 | Сделок: 758 | WinRate: 74.14%
🔄 2025-09-13 18:05:24 Баланс: 2482.20262278925$ | PnL: 85.42751159 💵 | Сделок: 758 | WinRate: 74.14%
🔄 2025-09-13 18:14:55 Баланс: 2482.20262278925$ | PnL: 85.42751159 💵 | Сделок: 758 | WinRate: 74.14%
🔄 2025-09-13 18:24:29 Баланс: 2492.38178308925$ | PnL: 85.60668525 💵 | Сделок: 759 | WinRate: 74.18%
🔄 2025-09-13 18:34:01 Баланс: 2482.54947941021$ | PnL: 85.79240687 💵 | Сделок: 760 | WinRate: 74.21%
🔄 2025-09-13 18:43:59 Баланс: 2482.54947941021$ | PnL: 85.79240687 💵 | Сделок: 760 | WinRate: 74.21%
🔄 2025-09-13 18:53:42 Баланс: 2482.54947941021$ | PnL: 85.79240687 💵 | Сделок: 760 | WinRate: 74.21%
🔄 2025-09-13 19:03:17 Баланс: 2482.92124078043$ | PnL: 86.1731805 💵 | Сделок: 761 | WinRate: 74.24%
🔄 2025-09-13 19:13:16 Баланс: 2483.52804387744$ | PnL: 86.7889758 💵 | Сделок: 762 | WinRate: 74.28%
🔄 2025-09-13 19:24:21 Баланс: 2483.83926237804$ | PnL: 87.11778328 💵 | Сделок: 764 | WinRate: 74.35%
🔄 2025-09-13 19:34:33 Баланс: 2474.76793282588$ | PnL: 88.0732287 💵 | Сделок: 766 | WinRate: 74.41%
🔄 2025-09-13 19:44:41 Баланс: 2474.76793282588$ | PnL: 88.0732287 💵 | Сделок: 766 | WinRate: 74.41%
🔄 2025-09-13 19:54:44 Баланс: 2474.76793282588$ | PnL: 88.0732287 💵 | Сделок: 766 | WinRate: 74.41%
🔄 2025-09-13 20:04:50 Баланс: 2464.75893683549$ | PnL: 88.0732287 💵 | Сделок: 766 | WinRate: 74.41%
🔄 2025-09-13 20:15:07 Баланс: 2465.05944255559$ | PnL: 88.38275207 💵 | Сделок: 767 | WinRate: 74.45%
🔄 2025-09-13 20:25:37 Баланс: 2444.65930812869$ | PnL: 88.0097318 💵 | Сделок: 768 | WinRate: 74.35%
🔄 2025-09-13 20:36:40 Баланс: 2444.65930812869$ | PnL: 88.0097318 💵 | Сделок: 768 | WinRate: 74.35%
🔄 2025-09-13 20:46:47 Баланс: 2444.65930812869$ | PnL: 88.0097318 💵 | Сделок: 768 | WinRate: 74.35%
🔄 2025-09-13 20:58:14 Баланс: 2454.80295566435$ | PnL: 88.17136165 💵 | Сделок: 771 | WinRate: 74.19%
🔄 2025-09-13 21:08:17 Баланс: 2395.26037538719$ | PnL: 88.70771258 💵 | Сделок: 774 | WinRate: 74.16%
🔄 2025-09-13 21:18:29 Баланс: 2314.55769886044$ | PnL: 88.11181028 💵 | Сделок: 778 | WinRate: 73.91%
🔄 2025-09-13 21:29:28 Баланс: 2372.46928364245$ | PnL: 86.032169 💵 | Сделок: 785 | WinRate: 73.38%
🔄 2025-09-13 21:40:20 Баланс: 2382.63287972245$ | PnL: 86.19577802 💵 | Сделок: 786 | WinRate: 73.41%
🔄 2025-09-13 21:51:07 Баланс: 2382.63287972245$ | PnL: 86.19577802 💵 | Сделок: 786 | WinRate: 73.41%
🔄 2025-09-13 22:01:58 Баланс: 2372.62384769365$ | PnL: 86.19577802 💵 | Сделок: 786 | WinRate: 73.41%
🔄 2025-09-13 22:12:52 Баланс: 2362.86423796859$ | PnL: 86.45418789 💵 | Сделок: 787 | WinRate: 73.44%
🔄 2025-09-13 22:23:53 Баланс: 2342.8462385401$ | PnL: 86.45418789 💵 | Сделок: 787 | WinRate: 73.44%
🔄 2025-09-13 22:34:50 Баланс: 2342.8462385401$ | PnL: 86.45418789 💵 | Сделок: 787 | WinRate: 73.44%
🔄 2025-09-13 22:45:38 Баланс: 2343.45572411986$ | PnL: 87.07267443 💵 | Сделок: 788 | WinRate: 73.48%
🔄 2025-09-13 22:55:27 Баланс: 2344.16480437726$ | PnL: 87.79105384 💵 | Сделок: 789 | WinRate: 73.51%
🔄 2025-09-13 23:05:06 Баланс: 2334.15581141359$ | PnL: 87.79105384 💵 | Сделок: 789 | WinRate: 73.51%
🔄 2025-09-13 23:14:32 Баланс: 2334.15581141359$ | PnL: 87.79105384 💵 | Сделок: 789 | WinRate: 73.51%
🔄 2025-09-13 23:24:02 Баланс: 2334.15581141359$ | PnL: 87.79105384 💵 | Сделок: 789 | WinRate: 73.51%
🔄 2025-09-13 23:33:27 Баланс: 2334.15581141359$ | PnL: 87.79105384 💵 | Сделок: 789 | WinRate: 73.51%
🔄 2025-09-13 23:42:53 Баланс: 2334.15581141359$ | PnL: 87.79105384 💵 | Сделок: 789 | WinRate: 73.51%
🔄 2025-09-13 23:52:10 Баланс: 2334.15581141359$ | PnL: 87.79105384 💵 | Сделок: 789 | WinRate: 73.51%
🔄 2025-09-14 00:01:26 Баланс: 2334.15581141359$ | PnL: 87.79105384 💵 | Сделок: 789 | WinRate: 73.51%
🔄 2025-09-14 00:10:32 Баланс: 2324.58265192259$ | PnL: 88.23584194 💵 | Сделок: 790 | WinRate: 73.54%
🔄 2025-09-14 00:19:43 Баланс: 2324.58265192259$ | PnL: 88.23584194 💵 | Сделок: 790 | WinRate: 73.54%
🔄 2025-09-14 00:28:49 Баланс: 2324.93204918959$ | PnL: 88.59430136 💵 | Сделок: 791 | WinRate: 73.58%
🔄 2025-09-14 00:37:58 Баланс: 2325.14184253251$ | PnL: 88.81309015 💵 | Сделок: 792 | WinRate: 73.61%
🔄 2025-09-14 00:47:08 Баланс: 2325.14184253251$ | PnL: 88.81309015 💵 | Сделок: 792 | WinRate: 73.61%
🔄 2025-09-14 00:56:09 Баланс: 2326.17006657294$ | PnL: 89.85931366 💵 | Сделок: 794 | WinRate: 73.68%
🔄 2025-09-14 01:05:07 Баланс: 2326.17006657294$ | PnL: 89.85931366 💵 | Сделок: 794 | WinRate: 73.68%
🔄 2025-09-14 01:14:03 Баланс: 2316.16114624458$ | PnL: 89.85931366 💵 | Сделок: 794 | WinRate: 73.68%
🔄 2025-09-14 01:23:00 Баланс: 2326.83485344967$ | PnL: 90.54206012 💵 | Сделок: 796 | WinRate: 73.74%
🔄 2025-09-14 01:31:57 Баланс: 2317.62779786174$ | PnL: 91.35300841 💵 | Сделок: 797 | WinRate: 73.78%
🔄 2025-09-14 01:40:56 Баланс: 2317.86249755662$ | PnL: 91.60568843 💵 | Сделок: 799 | WinRate: 73.84%
🔄 2025-09-14 01:49:46 Баланс: 2317.86249755662$ | PnL: 91.60568843 💵 | Сделок: 799 | WinRate: 73.84%
🔄 2025-09-14 01:58:34 Баланс: 2328.42618897102$ | PnL: 92.16937928 💵 | Сделок: 800 | WinRate: 73.88%
🔄 2025-09-14 02:07:23 Баланс: 2328.91252458414$ | PnL: 92.66471488 💵 | Сделок: 801 | WinRate: 73.91%
🔄 2025-09-14 02:16:15 Баланс: 2329.80806295474$ | PnL: 93.57780284 💵 | Сделок: 803 | WinRate: 73.97%
🔄 2025-09-14 02:25:08 Баланс: 2329.93101461577$ | PnL: 93.7097532 💵 | Сделок: 804 | WinRate: 74%
🔄 2025-09-14 02:33:57 Баланс: 2329.93101461577$ | PnL: 93.7097532 💵 | Сделок: 804 | WinRate: 74%
🔄 2025-09-14 02:42:38 Баланс: 2329.93101461577$ | PnL: 93.7097532 💵 | Сделок: 804 | WinRate: 74%
🔄 2025-09-14 02:51:20 Баланс: 2329.93101461577$ | PnL: 93.7097532 💵 | Сделок: 804 | WinRate: 74%
🔄 2025-09-14 03:00:02 Баланс: 2329.93101461577$ | PnL: 93.7097532 💵 | Сделок: 804 | WinRate: 74%
🔄 2025-09-14 03:08:42 Баланс: 2319.92201475609$ | PnL: 93.7097532 💵 | Сделок: 804 | WinRate: 74%
🔄 2025-09-14 03:17:25 Баланс: 2320.54259449239$ | PnL: 94.34834149 💵 | Сделок: 806 | WinRate: 74.07%
🔄 2025-09-14 03:26:08 Баланс: 2320.54259449239$ | PnL: 94.34834149 💵 | Сделок: 806 | WinRate: 74.07%
🔄 2025-09-14 03:34:50 Баланс: 2320.54259449239$ | PnL: 94.34834149 💵 | Сделок: 806 | WinRate: 74.07%
🔄 2025-09-14 03:43:33 Баланс: 2320.54259449239$ | PnL: 94.34834149 💵 | Сделок: 806 | WinRate: 74.07%
🔄 2025-09-14 03:52:15 Баланс: 2320.54259449239$ | PnL: 94.34834149 💵 | Сделок: 806 | WinRate: 74.07%
🔄 2025-09-14 04:00:58 Баланс: 2320.54259449239$ | PnL: 94.34834149 💵 | Сделок: 806 | WinRate: 74.07%
🔄 2025-09-14 04:09:42 Баланс: 2330.69145311239$ | PnL: 94.49771711 💵 | Сделок: 807 | WinRate: 74.1%
🔄 2025-09-14 04:18:25 Баланс: 2330.36316920839$ | PnL: 94.17893696 💵 | Сделок: 808 | WinRate: 74.01%
🔄 2025-09-14 04:27:08 Баланс: 2340.83610943835$ | PnL: 94.6609779 💵 | Сделок: 810 | WinRate: 74.07%
🔄 2025-09-14 04:35:49 Баланс: 2331.05393388697$ | PnL: 94.89720553 💵 | Сделок: 811 | WinRate: 74.11%
🔄 2025-09-14 04:44:31 Баланс: 2331.37845507631$ | PnL: 95.23073799 💵 | Сделок: 812 | WinRate: 74.14%
🔄 2025-09-14 04:53:12 Баланс: 2331.37845507631$ | PnL: 95.23073799 💵 | Сделок: 812 | WinRate: 74.14%
🔄 2025-09-14 05:01:54 Баланс: 2331.37845507631$ | PnL: 95.23073799 💵 | Сделок: 812 | WinRate: 74.14%
🔄 2025-09-14 05:10:36 Баланс: 2301.34043930593$ | PnL: 95.23073799 💵 | Сделок: 812 | WinRate: 74.14%
🔄 2025-09-14 05:19:21 Баланс: 2201.2378479429$ | PnL: 95.23073799 💵 | Сделок: 812 | WinRate: 74.14%
🔄 2025-09-14 05:28:14 Баланс: 2151.19286045039$ | PnL: 95.23073799 💵 | Сделок: 812 | WinRate: 74.14%
🔄 2025-09-14 05:37:12 Баланс: 2151.19286045039$ | PnL: 95.23073799 💵 | Сделок: 812 | WinRate: 74.14%
🔄 2025-09-14 05:38:27 Баланс: 2151.19286045039$ | PnL: 95.23073799 💵 | Сделок: 812 | WinRate: 74.14%
🔄 2025-09-14 05:38:32 Баланс: 2151.19286045039$ | PnL: 95.23073799 💵 | Сделок: 812 | WinRate: 74.14%
🔄 2025-09-14 05:38:38 Баланс: 2151.19286045039$ | PnL: 95.23073799 💵 | Сделок: 812 | WinRate: 74.14%
🔄 2025-09-14 05:38:43 Баланс: 2151.19286045039$ | PnL: 95.23073799 💵 | Сделок: 812 | WinRate: 74.14%
🔄 2025-09-14 05:38:47 Баланс: 2151.19286045039$ | PnL: 95.23073799 💵 | Сделок: 812 | WinRate: 74.14%
🔄 2025-09-14 05:38:52 Баланс: 2151.19286045039$ | PnL: 95.23073799 💵 | Сделок: 812 | WinRate: 74.14%
🔄 2025-09-14 05:38:57 Баланс: 2151.19286045039$ | PnL: 95.23073799 💵 | Сделок: 812 | WinRate: 74.14%
🔄 2025-09-14 05:40:07 Баланс: 2151.19286045039$ | PnL: 95.23073799 💵 | Сделок: 812 | WinRate: 74.14%
🔄 2025-09-14 05:49:07 Баланс: 2151.19286045039$ | PnL: 95.23073799 💵 | Сделок: 812 | WinRate: 74.14%
🔄 2025-09-14 05:58:05 Баланс: 2160.79253254039$ | PnL: 94.8304014 💵 | Сделок: 813 | WinRate: 74.05%
🔄 2025-09-14 06:07:02 Баланс: 2161.14260954559$ | PnL: 95.17836427 💵 | Сделок: 815 | WinRate: 74.11%
🔄 2025-09-14 06:15:59 Баланс: 2161.14260954559$ | PnL: 95.17836427 💵 | Сделок: 815 | WinRate: 74.11%
🔄 2025-09-14 06:24:56 Баланс: 2161.14260954559$ | PnL: 95.17836427 💵 | Сделок: 815 | WinRate: 74.11%
🔄 2025-09-14 06:33:58 Баланс: 2161.6463161928$ | PnL: 95.69107099 💵 | Сделок: 816 | WinRate: 74.14%
🔄 2025-09-14 06:42:57 Баланс: 2161.6463161928$ | PnL: 95.69107099 💵 | Сделок: 816 | WinRate: 74.14%
🔄 2025-09-14 06:51:55 Баланс: 2161.6463161928$ | PnL: 95.69107099 💵 | Сделок: 816 | WinRate: 74.14%
🔄 2025-09-14 07:00:50 Баланс: 2161.6463161928$ | PnL: 95.69107099 💵 | Сделок: 816 | WinRate: 74.14%
🔄 2025-09-14 07:09:44 Баланс: 2180.8971995528$ | PnL: 94.94180339 💵 | Сделок: 818 | WinRate: 73.96%
🔄 2025-09-14 07:18:38 Баланс: 2180.8971995528$ | PnL: 94.94180339 💵 | Сделок: 818 | WinRate: 73.96%
🔄 2025-09-14 07:27:33 Баланс: 2180.8971995528$ | PnL: 94.94180339 💵 | Сделок: 818 | WinRate: 73.96%
🔄 2025-09-14 07:36:27 Баланс: 2180.8971995528$ | PnL: 94.94180339 💵 | Сделок: 818 | WinRate: 73.96%
🔄 2025-09-14 07:45:21 Баланс: 2180.8971995528$ | PnL: 94.94180339 💵 | Сделок: 818 | WinRate: 73.96%
🔄 2025-09-14 07:54:16 Баланс: 2150.8747009404$ | PnL: 94.94180339 💵 | Сделок: 818 | WinRate: 73.96%
🔄 2025-09-14 08:03:14 Баланс: 2010.96084103063$ | PnL: 95.17705858 💵 | Сделок: 820 | WinRate: 73.9%
🔄 2025-09-14 08:12:26 Баланс: 1930.14472645059$ | PnL: 94.46930791 💵 | Сделок: 824 | WinRate: 73.79%
🔄 2025-09-14 08:21:43 Баланс: 1766.09178480712$ | PnL: 90.65309913 💵 | Сделок: 832 | WinRate: 73.08%
🔄 2025-09-14 08:31:18 Баланс: 1754.73955160467$ | PnL: 89.37120197 💵 | Сделок: 839 | WinRate: 72.71%
🔄 2025-09-14 08:40:54 Баланс: 1754.73955160467$ | PnL: 89.37120197 💵 | Сделок: 839 | WinRate: 72.71%
🔄 2025-09-14 08:50:30 Баланс: 1754.73955160467$ | PnL: 89.37120197 💵 | Сделок: 839 | WinRate: 72.71%
🔄 2025-09-14 09:00:09 Баланс: 1755.3811756433$ | PnL: 90.02182578 💵 | Сделок: 840 | WinRate: 72.74%
🔄 2025-09-14 09:09:47 Баланс: 1744.94764035302$ | PnL: 89.60624768 💵 | Сделок: 841 | WinRate: 72.65%
🔄 2025-09-14 09:19:27 Баланс: 1744.94764035302$ | PnL: 89.60624768 💵 | Сделок: 841 | WinRate: 72.65%
🔄 2025-09-14 09:29:08 Баланс: 1744.94764035302$ | PnL: 89.60624768 💵 | Сделок: 841 | WinRate: 72.65%
🔄 2025-09-14 09:38:48 Баланс: 1754.72789522302$ | PnL: 89.56687255 💵 | Сделок: 842 | WinRate: 72.57%
🔄 2025-09-14 09:48:33 Баланс: 1754.72789522302$ | PnL: 89.56687255 💵 | Сделок: 842 | WinRate: 72.57%
🔄 2025-09-14 09:58:16 Баланс: 1754.72789522302$ | PnL: 89.56687255 💵 | Сделок: 842 | WinRate: 72.57%
🔄 2025-09-14 10:08:00 Баланс: 1754.72789522302$ | PnL: 89.56687255 💵 | Сделок: 842 | WinRate: 72.57%
🔄 2025-09-14 10:17:41 Баланс: 1754.72789522302$ | PnL: 89.56687255 💵 | Сделок: 842 | WinRate: 72.57%
🔄 2025-09-14 10:27:24 Баланс: 1754.72789522302$ | PnL: 89.56687255 💵 | Сделок: 842 | WinRate: 72.57%
🔄 2025-09-14 10:37:07 Баланс: 1744.93004091996$ | PnL: 89.7870285 💵 | Сделок: 843 | WinRate: 72.6%
🔄 2025-09-14 10:47:05 Баланс: 1744.93004091996$ | PnL: 89.7870285 💵 | Сделок: 843 | WinRate: 72.6%
🔄 2025-09-14 10:58:17 Баланс: 1744.93004091996$ | PnL: 89.7870285 💵 | Сделок: 843 | WinRate: 72.6%
🔄 2025-09-14 11:09:05 Баланс: 1724.91205347124$ | PnL: 89.7870285 💵 | Сделок: 843 | WinRate: 72.6%
🔄 2025-09-14 11:19:23 Баланс: 1724.91205347124$ | PnL: 89.7870285 💵 | Сделок: 843 | WinRate: 72.6%
🔄 2025-09-14 11:29:44 Баланс: 1724.91205347124$ | PnL: 89.7870285 💵 | Сделок: 843 | WinRate: 72.6%
🔄 2025-09-14 11:40:04 Баланс: 1724.91205347124$ | PnL: 89.7870285 💵 | Сделок: 843 | WinRate: 72.6%
🔄 2025-09-14 11:50:22 Баланс: 1734.48430589124$ | PnL: 89.35922945 💵 | Сделок: 844 | WinRate: 72.51%
🔄 2025-09-14 12:00:57 Баланс: 1724.47521193676$ | PnL: 89.35922945 💵 | Сделок: 844 | WinRate: 72.51%
🔄 2025-09-14 12:11:16 Баланс: 1684.4391969707$ | PnL: 89.35922945 💵 | Сделок: 844 | WinRate: 72.51%
🔄 2025-09-14 12:21:39 Баланс: 1664.42120264781$ | PnL: 89.35922945 💵 | Сделок: 844 | WinRate: 72.51%
🔄 2025-09-14 12:32:07 Баланс: 1664.16891099319$ | PnL: 89.12484835 💵 | Сделок: 846 | WinRate: 72.46%
🔄 2025-09-14 12:42:58 Баланс: 1673.86994610319$ | PnL: 88.82579546 💵 | Сделок: 847 | WinRate: 72.37%
🔄 2025-09-14 12:53:26 Баланс: 1673.86994610319$ | PnL: 88.82579546 💵 | Сделок: 847 | WinRate: 72.37%
🔄 2025-09-14 13:03:56 Баланс: 1673.86994610319$ | PnL: 88.82579546 💵 | Сделок: 847 | WinRate: 72.37%
🔄 2025-09-14 13:14:20 Баланс: 1664.57881018082$ | PnL: 89.55265872 💵 | Сделок: 848 | WinRate: 72.41%
🔄 2025-09-14 13:24:49 Баланс: 1664.57881018082$ | PnL: 89.55265872 💵 | Сделок: 848 | WinRate: 72.41%
🔄 2025-09-14 13:35:15 Баланс: 1664.57881018082$ | PnL: 89.55265872 💵 | Сделок: 848 | WinRate: 72.41%
🔄 2025-09-14 13:45:45 Баланс: 1664.57881018082$ | PnL: 89.55265872 💵 | Сделок: 848 | WinRate: 72.41%
🔄 2025-09-14 13:56:14 Баланс: 1665.23623914905$ | PnL: 90.22800959 💵 | Сделок: 850 | WinRate: 72.47%
🔄 2025-09-14 14:06:40 Баланс: 1674.90976643505$ | PnL: 89.90154039 💵 | Сделок: 851 | WinRate: 72.39%
🔄 2025-09-14 14:17:06 Баланс: 1684.58741875775$ | PnL: 89.57919233 💵 | Сделок: 852 | WinRate: 72.3%
🔄 2025-09-14 14:27:30 Баланс: 1684.58741875775$ | PnL: 89.57919233 💵 | Сделок: 852 | WinRate: 72.3%
🔄 2025-09-14 14:37:58 Баланс: 1684.58741875775$ | PnL: 89.57919233 💵 | Сделок: 852 | WinRate: 72.3%
🔄 2025-09-14 14:48:26 Баланс: 1684.58741875775$ | PnL: 89.57919233 💵 | Сделок: 852 | WinRate: 72.3%
🔄 2025-09-14 14:58:46 Баланс: 1693.73633154775$ | PnL: 88.7281094 💵 | Сделок: 853 | WinRate: 72.22%
🔄 2025-09-14 15:09:08 Баланс: 1683.72732768427$ | PnL: 88.7281094 💵 | Сделок: 853 | WinRate: 72.22%
🔄 2025-09-14 15:19:43 Баланс: 1613.66434951791$ | PnL: 88.7281094 💵 | Сделок: 853 | WinRate: 72.22%
🔄 2025-09-14 15:30:09 Баланс: 1431.86200696164$ | PnL: 87.12715555 💵 | Сделок: 858 | WinRate: 71.91%
🔄 2025-09-14 15:40:50 Баланс: 1311.843688565$ | PnL: 77.68633209 💵 | Сделок: 881 | WinRate: 70.03%
🔄 2025-09-14 15:51:40 Баланс: 1280.69362125789$ | PnL: 76.58131987 💵 | Сделок: 883 | WinRate: 69.88%
🔄 2025-09-14 16:02:33 Баланс: 1259.14240397098$ | PnL: 75.07479212 💵 | Сделок: 886 | WinRate: 69.64%
🔄 2025-09-14 16:13:30 Баланс: 1267.58293821718$ | PnL: 73.53747698 💵 | Сделок: 889 | WinRate: 69.4%
🔄 2025-09-14 16:24:47 Баланс: 1267.58293821718$ | PnL: 73.53747698 💵 | Сделок: 889 | WinRate: 69.4%
🔄 2025-09-14 16:35:47 Баланс: 1277.07689840918$ | PnL: 73.03143215 💵 | Сделок: 890 | WinRate: 69.33%
🔄 2025-09-14 16:46:38 Баланс: 1340.91677459565$ | PnL: 66.93365179 💵 | Сделок: 904 | WinRate: 68.36%
🔄 2025-09-14 16:57:21 Баланс: 1499.03164128722$ | PnL: 55.09477865 💵 | Сделок: 926 | WinRate: 66.85%
🔄 2025-09-14 17:07:44 Баланс: 1526.97194308764$ | PnL: 53.05697985 💵 | Сделок: 932 | WinRate: 66.52%
🔄 2025-09-14 17:18:00 Баланс: 1536.31637651764$ | PnL: 52.40413378 💵 | Сделок: 933 | WinRate: 66.45%
🔄 2025-09-14 17:28:20 Баланс: 1516.29851880559$ | PnL: 52.40413378 💵 | Сделок: 933 | WinRate: 66.45%
🔄 2025-09-14 17:38:40 Баланс: 1525.96937993586$ | PnL: 52.08392973 💵 | Сделок: 935 | WinRate: 66.42%
🔄 2025-09-14 17:49:02 Баланс: 1524.25384553586$ | PnL: 51.90501742 💵 | Сделок: 936 | WinRate: 66.35%
🔄 2025-09-14 17:59:18 Баланс: 1538.31033123431$ | PnL: 49.03965282 💵 | Сделок: 941 | WinRate: 65.99%
🔄 2025-09-14 18:09:30 Баланс: 1727.4803355129$ | PnL: 38.21873386 💵 | Сделок: 962 | WinRate: 64.66%
🔄 2025-09-14 18:19:22 Баланс: 1727.4803355129$ | PnL: 38.21873386 💵 | Сделок: 962 | WinRate: 64.66%
🔄 2025-09-14 18:29:12 Баланс: 1737.45353014595$ | PnL: 38.20096455 💵 | Сделок: 964 | WinRate: 64.63%
🔄 2025-09-14 18:39:04 Баланс: 1716.88501934891$ | PnL: 37.7801526 💵 | Сделок: 965 | WinRate: 64.56%
🔄 2025-09-14 18:49:03 Баланс: 1718.02575671562$ | PnL: 39.22991128 💵 | Сделок: 974 | WinRate: 64.68%
🔄 2025-09-14 18:58:53 Баланс: 1822.20282541851$ | PnL: 33.49639334 💵 | Сделок: 995 | WinRate: 64.02%
🔄 2025-09-14 19:08:37 Баланс: 1822.46336377754$ | PnL: 33.76594593 💵 | Сделок: 996 | WinRate: 64.06%
🔄 2025-09-14 19:18:24 Баланс: 1841.15905599576$ | PnL: 32.50651268 💵 | Сделок: 1003 | WinRate: 63.91%
🔄 2025-09-14 19:28:30 Баланс: 1831.4590008277$ | PnL: 32.82510653 💵 | Сделок: 1004 | WinRate: 63.94%
🔄 2025-09-14 19:38:17 Баланс: 1831.4590008277$ | PnL: 32.82510653 💵 | Сделок: 1004 | WinRate: 63.94%
🔄 2025-09-14 19:48:14 Баланс: 1831.4590008277$ | PnL: 32.82510653 💵 | Сделок: 1004 | WinRate: 63.94%
🔄 2025-09-14 19:58:05 Баланс: 1821.44999751372$ | PnL: 32.82510653 💵 | Сделок: 1004 | WinRate: 63.94%
🔄 2025-09-14 20:07:59 Баланс: 1812.38624145586$ | PnL: 33.78847399 💵 | Сделок: 1006 | WinRate: 64.02%
🔄 2025-09-14 20:18:10 Баланс: 1812.38624145586$ | PnL: 33.78847399 💵 | Сделок: 1006 | WinRate: 64.02%
🔄 2025-09-14 20:28:47 Баланс: 1821.72802545586$ | PnL: 33.13026022 💵 | Сделок: 1007 | WinRate: 63.95%
🔄 2025-09-14 20:39:37 Баланс: 1821.72802545586$ | PnL: 33.13026022 💵 | Сделок: 1007 | WinRate: 63.95%
🔄 2025-09-14 20:49:51 Баланс: 1821.72802545586$ | PnL: 33.13026022 💵 | Сделок: 1007 | WinRate: 63.95%
🔄 2025-09-14 20:59:44 Баланс: 1821.75692400409$ | PnL: 33.1771508 💵 | Сделок: 1009 | WinRate: 63.92%
🔄 2025-09-14 21:09:29 Баланс: 1821.75692400409$ | PnL: 33.1771508 💵 | Сделок: 1009 | WinRate: 63.92%
🔄 2025-09-14 21:19:15 Баланс: 1821.75692400409$ | PnL: 33.1771508 💵 | Сделок: 1009 | WinRate: 63.92%
🔄 2025-09-14 21:29:03 Баланс: 1821.75692400409$ | PnL: 33.1771508 💵 | Сделок: 1009 | WinRate: 63.92%
🔄 2025-09-14 21:38:48 Баланс: 1821.75692400409$ | PnL: 33.1771508 💵 | Сделок: 1009 | WinRate: 63.92%
🔄 2025-09-14 21:48:31 Баланс: 1821.75692400409$ | PnL: 33.1771508 💵 | Сделок: 1009 | WinRate: 63.92%
🔄 2025-09-14 21:58:33 Баланс: 1821.75692400409$ | PnL: 33.1771508 💵 | Сделок: 1009 | WinRate: 63.92%
🔄 2025-09-14 22:08:15 Баланс: 1821.75692400409$ | PnL: 33.1771508 💵 | Сделок: 1009 | WinRate: 63.92%
🔄 2025-09-14 22:17:56 Баланс: 1831.23391282909$ | PnL: 32.65414025 💵 | Сделок: 1010 | WinRate: 63.86%
🔄 2025-09-14 22:27:36 Баланс: 1831.23391282909$ | PnL: 32.65414025 💵 | Сделок: 1010 | WinRate: 63.86%
🔄 2025-09-14 22:37:15 Баланс: 1831.23391282909$ | PnL: 32.65414025 💵 | Сделок: 1010 | WinRate: 63.86%
🔄 2025-09-14 22:46:55 Баланс: 1831.23391282909$ | PnL: 32.65414025 💵 | Сделок: 1010 | WinRate: 63.86%
🔄 2025-09-14 22:56:34 Баланс: 1831.23391282909$ | PnL: 32.65414025 💵 | Сделок: 1010 | WinRate: 63.86%
🔄 2025-09-14 23:06:08 Баланс: 1821.22488980839$ | PnL: 32.65414025 💵 | Сделок: 1010 | WinRate: 63.86%
🔄 2025-09-14 23:15:33 Баланс: 1821.22488980839$ | PnL: 32.65414025 💵 | Сделок: 1010 | WinRate: 63.86%
🔄 2025-09-14 23:24:57 Баланс: 1821.22488980839$ | PnL: 32.65414025 💵 | Сделок: 1010 | WinRate: 63.86%
🔄 2025-09-14 23:34:21 Баланс: 1821.22488980839$ | PnL: 32.65414025 💵 | Сделок: 1010 | WinRate: 63.86%
🔄 2025-09-14 23:43:44 Баланс: 1821.22488980839$ | PnL: 32.65414025 💵 | Сделок: 1010 | WinRate: 63.86%
🔄 2025-09-14 23:53:05 Баланс: 1821.22488980839$ | PnL: 32.65414025 💵 | Сделок: 1010 | WinRate: 63.86%
🔄 2025-09-15 00:02:24 Баланс: 1821.22488980839$ | PnL: 32.65414025 💵 | Сделок: 1010 | WinRate: 63.86%
🔄 2025-09-15 00:11:46 Баланс: 1830.43829027839$ | PnL: 31.86704072 💵 | Сделок: 1011 | WinRate: 63.8%
🔄 2025-09-15 00:21:04 Баланс: 1830.43829027839$ | PnL: 31.86704072 💵 | Сделок: 1011 | WinRate: 63.8%
🔄 2025-09-15 00:30:23 Баланс: 1830.43829027839$ | PnL: 31.86704072 💵 | Сделок: 1011 | WinRate: 63.8%
🔄 2025-09-15 00:39:44 Баланс: 1830.43829027839$ | PnL: 31.86704072 💵 | Сделок: 1011 | WinRate: 63.8%
🔄 2025-09-15 00:48:59 Баланс: 1830.43829027839$ | PnL: 31.86704072 💵 | Сделок: 1011 | WinRate: 63.8%
🔄 2025-09-15 00:58:13 Баланс: 1830.43829027839$ | PnL: 31.86704072 💵 | Сделок: 1011 | WinRate: 63.8%
🔄 2025-09-15 01:07:29 Баланс: 1839.54518583639$ | PnL: 30.97393543 💵 | Сделок: 1012 | WinRate: 63.74%
🔄 2025-09-15 01:16:40 Баланс: 1829.53624348823$ | PnL: 30.97393543 💵 | Сделок: 1012 | WinRate: 63.74%
🔄 2025-09-15 01:25:51 Баланс: 1829.53624348823$ | PnL: 30.97393543 💵 | Сделок: 1012 | WinRate: 63.74%
🔄 2025-09-15 01:35:05 Баланс: 1819.52724436902$ | PnL: 30.97393543 💵 | Сделок: 1012 | WinRate: 63.74%
🔄 2025-09-15 01:44:19 Баланс: 1830.96240843902$ | PnL: 30.8829995 💵 | Сделок: 1013 | WinRate: 63.67%
🔄 2025-09-15 01:53:30 Баланс: 1853.83339404902$ | PnL: 30.70561511 💵 | Сделок: 1015 | WinRate: 63.55%
🔄 2025-09-15 02:02:40 Баланс: 1853.83339404902$ | PnL: 30.70561511 💵 | Сделок: 1015 | WinRate: 63.55%
🔄 2025-09-15 02:11:49 Баланс: 1853.83339404902$ | PnL: 30.70561511 💵 | Сделок: 1015 | WinRate: 63.55%
🔄 2025-09-15 02:21:18 Баланс: 1853.83339404902$ | PnL: 30.70561511 💵 | Сделок: 1015 | WinRate: 63.55%
🔄 2025-09-15 02:30:26 Баланс: 1853.83339404902$ | PnL: 30.70561511 💵 | Сделок: 1015 | WinRate: 63.55%
🔄 2025-09-15 02:39:37 Баланс: 1853.83339404902$ | PnL: 30.70561511 💵 | Сделок: 1015 | WinRate: 63.55%
🔄 2025-09-15 02:48:44 Баланс: 1853.83339404902$ | PnL: 30.70561511 💵 | Сделок: 1015 | WinRate: 63.55%
🔄 2025-09-15 02:57:53 Баланс: 1863.60760960902$ | PnL: 30.48010067 💵 | Сделок: 1016 | WinRate: 63.48%
🔄 2025-09-15 03:06:59 Баланс: 1873.40548211902$ | PnL: 30.26472318 💵 | Сделок: 1017 | WinRate: 63.42%
🔄 2025-09-15 03:16:03 Баланс: 1882.65131265902$ | PnL: 29.51060557 💵 | Сделок: 1018 | WinRate: 63.36%
🔄 2025-09-15 03:25:06 Баланс: 1882.65131265902$ | PnL: 29.51060557 💵 | Сделок: 1018 | WinRate: 63.36%
🔄 2025-09-15 03:34:19 Баланс: 1882.24547892385$ | PnL: 29.11377869 💵 | Сделок: 1019 | WinRate: 63.3%
🔄 2025-09-15 03:43:23 Баланс: 1872.55899704775$ | PnL: 29.44527603 💵 | Сделок: 1020 | WinRate: 63.33%
🔄 2025-09-15 03:52:27 Баланс: 1872.84379382523$ | PnL: 29.73907574 💵 | Сделок: 1021 | WinRate: 63.37%
🔄 2025-09-15 04:01:32 Баланс: 1861.56910620191$ | PnL: 30.00391807 💵 | Сделок: 1022 | WinRate: 63.41%
🔄 2025-09-15 04:10:35 Баланс: 1838.51207353191$ | PnL: 30.00391807 💵 | Сделок: 1022 | WinRate: 63.41%
🔄 2025-09-15 04:19:43 Баланс: 1838.51207353191$ | PnL: 30.00391807 💵 | Сделок: 1022 | WinRate: 63.41%
🔄 2025-09-15 04:28:49 Баланс: 1838.51207353191$ | PnL: 30.00391807 💵 | Сделок: 1022 | WinRate: 63.41%
🔄 2025-09-15 04:37:55 Баланс: 1838.51207353191$ | PnL: 30.00391807 💵 | Сделок: 1022 | WinRate: 63.41%
🔄 2025-09-15 04:47:03 Баланс: 1828.68495707991$ | PnL: 30.00391807 💵 | Сделок: 1022 | WinRate: 63.41%
🔄 2025-09-15 04:56:09 Баланс: 1838.86034812231$ | PnL: 30.18830727 💵 | Сделок: 1024 | WinRate: 63.38%
🔄 2025-09-15 05:05:16 Баланс: 1838.86034812231$ | PnL: 30.18830727 💵 | Сделок: 1024 | WinRate: 63.38%
🔄 2025-09-15 05:14:23 Баланс: 1828.68330939465$ | PnL: 30.00345869 💵 | Сделок: 1027 | WinRate: 63.29%
🔄 2025-09-15 05:23:32 Баланс: 1838.73531437896$ | PnL: 30.07531802 💵 | Сделок: 1030 | WinRate: 63.3%
🔄 2025-09-15 05:32:41 Баланс: 1840.88688451501$ | PnL: 32.31773595 💵 | Сделок: 1041 | WinRate: 63.5%
🔄 2025-09-15 05:43:01 Баланс: 1840.88688451501$ | PnL: 32.31773595 💵 | Сделок: 1041 | WinRate: 63.5%
🔄 2025-09-15 05:52:29 Баланс: 1840.88688451501$ | PnL: 32.31773595 💵 | Сделок: 1041 | WinRate: 63.5%
🔄 2025-09-15 06:01:58 Баланс: 1840.88688451501$ | PnL: 32.31773595 💵 | Сделок: 1041 | WinRate: 63.5%
🔄 2025-09-15 06:11:05 Баланс: 1820.86889252672$ | PnL: 32.31773595 💵 | Сделок: 1041 | WinRate: 63.5%
🔄 2025-09-15 06:20:15 Баланс: 1830.53298969672$ | PnL: 31.98184398 💵 | Сделок: 1042 | WinRate: 63.44%
🔄 2025-09-15 06:29:25 Баланс: 1830.53298969672$ | PnL: 31.98184398 💵 | Сделок: 1042 | WinRate: 63.44%
🔄 2025-09-15 06:38:35 Баланс: 1830.93267408593$ | PnL: 32.39053 💵 | Сделок: 1043 | WinRate: 63.47%
🔄 2025-09-15 06:47:45 Баланс: 1830.93267408593$ | PnL: 32.39053 💵 | Сделок: 1043 | WinRate: 63.47%
🔄 2025-09-15 06:56:54 Баланс: 1830.93267408593$ | PnL: 32.39053 💵 | Сделок: 1043 | WinRate: 63.47%
🔄 2025-09-15 07:06:01 Баланс: 1830.93267408593$ | PnL: 32.39053 💵 | Сделок: 1043 | WinRate: 63.47%
🔄 2025-09-15 07:15:08 Баланс: 1830.93267408593$ | PnL: 32.39053 💵 | Сделок: 1043 | WinRate: 63.47%
🔄 2025-09-15 07:24:15 Баланс: 1830.93267408593$ | PnL: 32.39053 💵 | Сделок: 1043 | WinRate: 63.47%
🔄 2025-09-15 07:33:23 Баланс: 1810.91470454331$ | PnL: 32.39053 💵 | Сделок: 1043 | WinRate: 63.47%
🔄 2025-09-15 07:42:33 Баланс: 1810.91470454331$ | PnL: 32.39053 💵 | Сделок: 1043 | WinRate: 63.47%
🔄 2025-09-15 07:51:42 Баланс: 1811.36466306639$ | PnL: 32.84950646 💵 | Сделок: 1044 | WinRate: 63.51%
🔄 2025-09-15 08:00:50 Баланс: 1820.73111305939$ | PnL: 32.2243214 💵 | Сделок: 1046 | WinRate: 63.38%
🔄 2025-09-15 08:09:57 Баланс: 1820.73111305939$ | PnL: 32.2243214 💵 | Сделок: 1046 | WinRate: 63.38%
🔄 2025-09-15 08:19:04 Баланс: 1820.73111305939$ | PnL: 32.2243214 💵 | Сделок: 1046 | WinRate: 63.38%
🔄 2025-09-15 08:28:11 Баланс: 1832.15439712939$ | PnL: 32.12744547 💵 | Сделок: 1047 | WinRate: 63.32%
🔄 2025-09-15 08:37:17 Баланс: 1855.27758903708$ | PnL: 32.22333998 💵 | Сделок: 1050 | WinRate: 63.24%
🔄 2025-09-15 08:46:23 Баланс: 1855.27758903708$ | PnL: 32.22333998 💵 | Сделок: 1050 | WinRate: 63.24%
🔄 2025-09-15 08:55:29 Баланс: 1845.26858629061$ | PnL: 32.22333998 💵 | Сделок: 1050 | WinRate: 63.24%
🔄 2025-09-15 09:04:37 Баланс: 1845.26858629061$ | PnL: 32.22333998 💵 | Сделок: 1050 | WinRate: 63.24%
🔄 2025-09-15 09:13:46 Баланс: 1845.26858629061$ | PnL: 32.22333998 💵 | Сделок: 1050 | WinRate: 63.24%
🔄 2025-09-15 09:22:51 Баланс: 1844.90616125553$ | PnL: 31.86991707 💵 | Сделок: 1051 | WinRate: 63.18%
🔄 2025-09-15 09:31:57 Баланс: 1844.90616125553$ | PnL: 31.86991707 💵 | Сделок: 1051 | WinRate: 63.18%
🔄 2025-09-15 09:41:07 Баланс: 1834.89715760225$ | PnL: 31.86991707 💵 | Сделок: 1051 | WinRate: 63.18%
🔄 2025-09-15 09:50:17 Баланс: 1834.89715760225$ | PnL: 31.86991707 💵 | Сделок: 1051 | WinRate: 63.18%
🔄 2025-09-15 09:59:28 Баланс: 1824.88815824282$ | PnL: 31.86991707 💵 | Сделок: 1051 | WinRate: 63.18%
🔄 2025-09-15 10:08:40 Баланс: 1834.65511761282$ | PnL: 31.63733644 💵 | Сделок: 1052 | WinRate: 63.12%
🔄 2025-09-15 10:17:52 Баланс: 1834.65511761282$ | PnL: 31.63733644 💵 | Сделок: 1052 | WinRate: 63.12%
🔄 2025-09-15 10:27:07 Баланс: 1840.63080346082$ | PnL: 27.61302115 💵 | Сделок: 1053 | WinRate: 63.06%
🔄 2025-09-15 10:36:20 Баланс: 1840.63080346082$ | PnL: 27.61302115 💵 | Сделок: 1053 | WinRate: 63.06%
🔄 2025-09-15 10:45:32 Баланс: 1840.63080346082$ | PnL: 27.61302115 💵 | Сделок: 1053 | WinRate: 63.06%
🔄 2025-09-15 10:54:48 Баланс: 1857.46010480299$ | PnL: 24.45192935 💵 | Сделок: 1056 | WinRate: 62.88%
🔄 2025-09-15 11:04:21 Баланс: 1847.84990019857$ | PnL: 24.85955366 💵 | Сделок: 1057 | WinRate: 62.91%
🔄 2025-09-15 11:13:55 Баланс: 1847.84990019857$ | PnL: 24.85955366 💵 | Сделок: 1057 | WinRate: 62.91%
🔄 2025-09-15 11:23:34 Баланс: 1847.84990019857$ | PnL: 24.85955366 💵 | Сделок: 1057 | WinRate: 62.91%
🔄 2025-09-15 11:33:08 Баланс: 1837.84089140266$ | PnL: 24.85955366 💵 | Сделок: 1057 | WinRate: 62.91%
🔄 2025-09-15 11:42:56 Баланс: 1963.85001124648$ | PnL: 21.00267119 💵 | Сделок: 1085 | WinRate: 62.67%
🔄 2025-09-15 11:55:58 Баланс: 2045.21553700021$ | PnL: 22.53917621 💵 | Сделок: 1110 | WinRate: 62.88%
🔄 2025-09-15 12:07:13 Баланс: 2101.00918570028$ | PnL: 39.11123312 💵 | Сделок: 1173 | WinRate: 64.36%
🔄 2025-09-15 12:17:58 Баланс: 2226.4070822585$ | PnL: 55.1584682499999 💵 | Сделок: 1256 | WinRate: 65.76%
🔄 2025-09-15 12:28:41 Баланс: 2226.71650406213$ | PnL: 55.4768945299999 💵 | Сделок: 1257 | WinRate: 65.79%
🔄 2025-09-15 12:39:19 Баланс: 2227.33974538434$ | PnL: 56.1182536199999 💵 | Сделок: 1259 | WinRate: 65.85%
🔄 2025-09-15 12:49:56 Баланс: 2206.0855098959$ | PnL: 56.4007397499999 💵 | Сделок: 1260 | WinRate: 65.87%
🔄 2025-09-15 13:00:26 Баланс: 2226.79738331404$ | PnL: 60.3221448199999 💵 | Сделок: 1287 | WinRate: 66.28%
🔄 2025-09-15 13:11:00 Баланс: 2257.98180780092$ | PnL: 61.63133191 💵 | Сделок: 1303 | WinRate: 66.46%
🔄 2025-09-15 13:21:26 Баланс: 2247.97241192495$ | PnL: 61.63133191 💵 | Сделок: 1303 | WinRate: 66.46%
🔄 2025-09-15 13:31:56 Баланс: 2247.97241192495$ | PnL: 61.63133191 💵 | Сделок: 1303 | WinRate: 66.46%
🔄 2025-09-15 13:42:50 Баланс: 2247.97241192495$ | PnL: 61.63133191 💵 | Сделок: 1303 | WinRate: 66.46%
🔄 2025-09-15 13:53:30 Баланс: 2247.97241192495$ | PnL: 61.63133191 💵 | Сделок: 1303 | WinRate: 66.46%
🔄 2025-09-15 14:04:01 Баланс: 2248.03271297264$ | PnL: 61.7006348299999 💵 | Сделок: 1304 | WinRate: 66.49%
🔄 2025-09-15 14:14:41 Баланс: 2247.19648685535$ | PnL: 60.8734064 💵 | Сделок: 1305 | WinRate: 66.44%
🔄 2025-09-15 14:24:57 Баланс: 2256.75102251535$ | PnL: 60.42794612 💵 | Сделок: 1306 | WinRate: 66.39%
🔄 2025-09-15 14:35:17 Баланс: 2257.22488011679$ | PnL: 60.91079847 💵 | Сделок: 1307 | WinRate: 66.41%
🔄 2025-09-15 14:45:43 Баланс: 2257.66492148816$ | PnL: 61.35985077 💵 | Сделок: 1308 | WinRate: 66.44%
