🔄 2025-09-11 16:49:46 Баланс: 5000$ | PnL: 0 💵 | Сделок: 0 | WinRate: 0%
🔄 2025-09-11 16:54:56 Баланс: 4579.79199628394$ | PnL: 0 💵 | Сделок: 0 | WinRate: 0%
🔄 2025-09-11 17:01:16 Баланс: 4049.3105206651$ | PnL: 0 💵 | Сделок: 0 | WinRate: 0%
🔄 2025-09-11 17:08:41 Баланс: 3078.818693782$ | PnL: 0.41457224 💵 | Сделок: 4 | WinRate: 100%
🔄 2025-09-11 17:17:03 Баланс: 2838.77114776696$ | PnL: 3.64568435 💵 | Сделок: 39 | WinRate: 100%
🔄 2025-09-11 17:26:39 Баланс: 2808.16099598465$ | PnL: 4.63784609 💵 | Сделок: 53 | WinRate: 98.11%
🔄 2025-09-11 17:35:43 Баланс: 2788.24758230839$ | PnL: 4.75127533 💵 | Сделок: 54 | WinRate: 98.15%
🔄 2025-09-11 17:44:34 Баланс: 2778.2385858766$ | PnL: 4.75127533 💵 | Сделок: 54 | WinRate: 98.15%
🔄 2025-09-11 17:55:42 Баланс: 2768.2295867674$ | PnL: 4.75127533 💵 | Сделок: 54 | WinRate: 98.15%
🔄 2025-09-11 18:07:19 Баланс: 2789.61391734348$ | PnL: 4.80895554 💵 | Сделок: 59 | WinRate: 94.92%
🔄 2025-09-11 18:16:59 Баланс: 2762.12738459933$ | PnL: 4.64228109 💵 | Сделок: 61 | WinRate: 91.8%
🔄 2025-09-11 18:27:14 Баланс: 2741.98241292071$ | PnL: 4.81720791 💵 | Сделок: 75 | WinRate: 89.33%
🔄 2025-09-11 18:36:51 Баланс: 2760.58328096647$ | PnL: 4.91662742 💵 | Сделок: 83 | WinRate: 87.95%
🔄 2025-09-11 18:46:09 Баланс: 2717.76779240362$ | PnL: 5.04218854 💵 | Сделок: 84 | WinRate: 88.1%
🔄 2025-09-11 18:55:04 Баланс: 2707.8276814965$ | PnL: 5.1368599 💵 | Сделок: 87 | WinRate: 87.36%
🔄 2025-09-11 19:04:09 Баланс: 2697.87222882414$ | PnL: 5.21739238 💵 | Сделок: 90 | WinRate: 86.67%
🔄 2025-09-11 19:13:18 Баланс: 2667.9647566826$ | PnL: 5.34591084 💵 | Сделок: 91 | WinRate: 86.81%
🔄 2025-09-11 19:22:21 Баланс: 2668.25963222615$ | PnL: 5.63083128 💵 | Сделок: 93 | WinRate: 87.1%
🔄 2025-09-11 19:31:26 Баланс: 2638.23264263551$ | PnL: 5.63083128 💵 | Сделок: 93 | WinRate: 87.1%
🔄 2025-09-11 19:40:21 Баланс: 2628.0548009691$ | PnL: 5.45945375 💵 | Сделок: 95 | WinRate: 86.32%
🔄 2025-09-11 19:49:15 Баланс: 2618.31501473339$ | PnL: 5.73939031 💵 | Сделок: 97 | WinRate: 86.6%
🔄 2025-09-11 19:58:14 Баланс: 2598.3791908628$ | PnL: 5.81672457 💵 | Сделок: 99 | WinRate: 85.86%
🔄 2025-09-11 20:07:11 Баланс: 2629.13197374015$ | PnL: 6.57851555 💵 | Сделок: 103 | WinRate: 86.41%
🔄 2025-09-11 20:16:05 Баланс: 2598.72894807648$ | PnL: 6.22729758 💵 | Сделок: 106 | WinRate: 84.91%
🔄 2025-09-11 20:25:17 Баланс: 2578.77855636632$ | PnL: 6.32192892 💵 | Сделок: 109 | WinRate: 84.4%
🔄 2025-09-11 20:34:17 Баланс: 2559.11121878593$ | PnL: 6.69959822 💵 | Сделок: 112 | WinRate: 84.82%
🔄 2025-09-11 20:43:20 Баланс: 2559.2364654612$ | PnL: 6.86146853 💵 | Сделок: 116 | WinRate: 84.48%
🔄 2025-09-11 20:52:30 Баланс: 2568.8505846484$ | PnL: 6.49358722 💵 | Сделок: 119 | WinRate: 83.19%
🔄 2025-09-11 21:01:32 Баланс: 2578.6177083584$ | PnL: 6.26072093 💵 | Сделок: 120 | WinRate: 82.5%
🔄 2025-09-11 21:10:30 Баланс: 2588.3932763133$ | PnL: 6.04536429 💵 | Сделок: 122 | WinRate: 81.97%
🔄 2025-09-11 21:19:29 Баланс: 2568.47699066571$ | PnL: 6.17400937 💵 | Сделок: 125 | WinRate: 80.8%
🔄 2025-09-11 21:28:28 Баланс: 2548.45890909236$ | PnL: 6.17400937 💵 | Сделок: 125 | WinRate: 80.8%
🔄 2025-09-11 21:37:32 Баланс: 2518.86893894427$ | PnL: 6.63789084 💵 | Сделок: 128 | WinRate: 80.47%
🔄 2025-09-11 21:46:44 Баланс: 2487.91073285474$ | PnL: 5.73389837 💵 | Сделок: 131 | WinRate: 78.63%
🔄 2025-09-11 21:55:52 Баланс: 2478.13899571584$ | PnL: 5.98916225 💵 | Сделок: 133 | WinRate: 78.95%
🔄 2025-09-11 22:05:00 Баланс: 2468.50133878956$ | PnL: 6.36950098 💵 | Сделок: 134 | WinRate: 79.1%
🔄 2025-09-11 22:14:13 Баланс: 2468.69897135633$ | PnL: 6.57613483 💵 | Сделок: 135 | WinRate: 79.26%
🔄 2025-09-11 22:23:26 Баланс: 2468.36485701446$ | PnL: 6.25102284 💵 | Сделок: 136 | WinRate: 78.68%
🔄 2025-09-11 22:32:37 Баланс: 2407.68863226347$ | PnL: 5.66399727 💵 | Сделок: 140 | WinRate: 77.14%
🔄 2025-09-11 22:41:56 Баланс: 2367.45782590895$ | PnL: 5.47818208 💵 | Сделок: 141 | WinRate: 76.6%
🔄 2025-09-11 22:51:18 Баланс: 2327.40557067622$ | PnL: 5.4785481 💵 | Сделок: 143 | WinRate: 76.22%
🔄 2025-09-11 23:00:43 Баланс: 2317.23541555561$ | PnL: 5.34090311 💵 | Сделок: 146 | WinRate: 75.34%
🔄 2025-09-11 23:10:08 Баланс: 2287.42754601913$ | PnL: 5.57811249 💵 | Сделок: 148 | WinRate: 75.68%
🔄 2025-09-11 23:19:37 Баланс: 2237.38234824129$ | PnL: 5.57811249 💵 | Сделок: 148 | WinRate: 75.68%
🔄 2025-09-11 23:29:09 Баланс: 2207.53161135081$ | PnL: 5.76324165 💵 | Сделок: 149 | WinRate: 75.84%
🔄 2025-09-11 23:38:41 Баланс: 2196.45727783172$ | PnL: 4.74273346 💵 | Сделок: 154 | WinRate: 73.38%
🔄 2025-09-11 23:48:14 Баланс: 2086.26656817796$ | PnL: 4.66989024 💵 | Сделок: 156 | WinRate: 73.08%
🔄 2025-09-11 23:57:59 Баланс: 1956.34378369922$ | PnL: 4.9040321 💵 | Сделок: 160 | WinRate: 73.12%
🔄 2025-09-12 00:07:59 Баланс: 1915.30568340575$ | PnL: 3.9186745 💵 | Сделок: 161 | WinRate: 72.67%
🔄 2025-09-12 00:18:01 Баланс: 1915.85104701088$ | PnL: 4.47303886 💵 | Сделок: 162 | WinRate: 72.84%
🔄 2025-09-12 00:27:59 Баланс: 1785.24092640011$ | PnL: 3.99868375 💵 | Сделок: 164 | WinRate: 71.95%
🔄 2025-09-12 00:38:10 Баланс: 1745.31125807606$ | PnL: 4.13244814 💵 | Сделок: 167 | WinRate: 71.86%
🔄 2025-09-12 00:48:27 Баланс: 1745.62634069695$ | PnL: 4.48533117 💵 | Сделок: 170 | WinRate: 71.76%
🔄 2025-09-12 00:58:41 Баланс: 1725.36950735183$ | PnL: 4.265108 💵 | Сделок: 172 | WinRate: 71.51%
🔄 2025-09-12 01:08:54 Баланс: 1675.19237988817$ | PnL: 4.15200249 💵 | Сделок: 174 | WinRate: 71.26%
🔄 2025-09-12 01:19:15 Баланс: 1604.43403047845$ | PnL: 3.50984546 💵 | Сделок: 180 | WinRate: 70%
🔄 2025-09-12 01:29:40 Баланс: 1594.6122107966$ | PnL: 3.72390305 💵 | Сделок: 183 | WinRate: 69.95%
🔄 2025-09-12 01:40:04 Баланс: 1534.06211461381$ | PnL: 3.29077633 💵 | Сделок: 190 | WinRate: 68.95%
🔄 2025-09-12 01:50:38 Баланс: 1433.42186218654$ | PnL: 2.82106194 💵 | Сделок: 199 | WinRate: 67.84%
🔄 2025-09-12 02:01:20 Баланс: 1362.69921236065$ | PnL: 2.37003585 💵 | Сделок: 201 | WinRate: 67.16%
🔄 2025-09-12 02:12:07 Баланс: 1411.37391862941$ | PnL: 1.26979224 💵 | Сделок: 210 | WinRate: 65.71%
🔄 2025-09-12 02:22:48 Баланс: 1399.46652338813$ | PnL: -0.709558149999999 💵 | Сделок: 221 | WinRate: 62.9%
🔄 2025-09-12 02:33:24 Баланс: 1425.28147637766$ | PnL: -4.38410919 💵 | Сделок: 251 | WinRate: 58.57%
🔄 2025-09-12 02:43:56 Баланс: 1434.62598880672$ | PnL: -4.81814981 💵 | Сделок: 264 | WinRate: 58.33%
🔄 2025-09-12 02:54:26 Баланс: 1414.46303171698$ | PnL: -4.94538106 💵 | Сделок: 269 | WinRate: 58.36%
🔄 2025-09-12 03:04:54 Баланс: 1435.08692017993$ | PnL: -4.66908215 💵 | Сделок: 275 | WinRate: 58.18%
🔄 2025-09-12 03:15:22 Баланс: 1474.24680973627$ | PnL: -5.46427094 💵 | Сделок: 284 | WinRate: 57.39%
🔄 2025-09-12 03:25:46 Баланс: 1523.40894019478$ | PnL: -5.97823263 💵 | Сделок: 296 | WinRate: 56.42%
🔄 2025-09-12 03:36:12 Баланс: 1592.68385571075$ | PnL: -6.63088551 💵 | Сделок: 311 | WinRate: 55.95%
🔄 2025-09-12 03:46:29 Баланс: 1603.66966871662$ | PnL: -5.58209243 💵 | Сделок: 319 | WinRate: 56.74%
🔄 2025-09-12 03:56:45 Баланс: 1603.97256620581$ | PnL: -5.27014846 💵 | Сделок: 320 | WinRate: 56.88%
🔄 2025-09-12 04:07:00 Баланс: 1643.88173512394$ | PnL: -5.25096338 💵 | Сделок: 330 | WinRate: 57.27%
🔄 2025-09-12 04:17:14 Баланс: 1654.83007873202$ | PnL: -4.13188119 💵 | Сделок: 338 | WinRate: 57.99%
🔄 2025-09-12 04:27:27 Баланс: 1665.5195244661$ | PnL: -3.370022 💵 | Сделок: 347 | WinRate: 58.5%
🔄 2025-09-12 04:37:38 Баланс: 1705.47409809074$ | PnL: -3.44975972 💵 | Сделок: 359 | WinRate: 58.5%
🔄 2025-09-12 04:47:44 Баланс: 1846.77475574448$ | PnL: -2.07292282 💵 | Сделок: 408 | WinRate: 60.05%
🔄 2025-09-12 04:57:37 Баланс: 2150.72571010646$ | PnL: 2.67123276 💵 | Сделок: 503 | WinRate: 63.62%
🔄 2025-09-12 05:07:00 Баланс: 2120.93500319039$ | PnL: 3.01564733 💵 | Сделок: 513 | WinRate: 63.74%
🔄 2025-09-12 05:16:26 Баланс: 2059.77897828884$ | PnL: 1.87916302 💵 | Сделок: 518 | WinRate: 63.71%
🔄 2025-09-12 05:26:00 Баланс: 2030.41027845041$ | PnL: 2.5823479 💵 | Сделок: 523 | WinRate: 64.05%
🔄 2025-09-12 05:35:34 Баланс: 2060.10320547219$ | PnL: 2.3113859 💵 | Сделок: 530 | WinRate: 63.96%
🔄 2025-09-12 05:38:13 Баланс: 2070.18631776219$ | PnL: 2.39452067 💵 | Сделок: 531 | WinRate: 64.03%
🔄 2025-09-12 05:38:19 Баланс: 2070.18631776219$ | PnL: 2.39452067 💵 | Сделок: 531 | WinRate: 64.03%
🔄 2025-09-12 05:38:25 Баланс: 2070.18631776219$ | PnL: 2.39452067 💵 | Сделок: 531 | WinRate: 64.03%
🔄 2025-09-12 05:38:32 Баланс: 2070.18631776219$ | PnL: 2.39452067 💵 | Сделок: 531 | WinRate: 64.03%
🔄 2025-09-12 05:38:38 Баланс: 2070.18631776219$ | PnL: 2.39452067 💵 | Сделок: 531 | WinRate: 64.03%
🔄 2025-09-12 05:38:44 Баланс: 2070.18631776219$ | PnL: 2.39452067 💵 | Сделок: 531 | WinRate: 64.03%
🔄 2025-09-12 05:38:51 Баланс: 2070.18631776219$ | PnL: 2.39452067 💵 | Сделок: 531 | WinRate: 64.03%
🔄 2025-09-12 05:38:56 Баланс: 2070.18631776219$ | PnL: 2.39452067 💵 | Сделок: 531 | WinRate: 64.03%
🔄 2025-09-12 05:44:41 Баланс: 2059.50222395477$ | PnL: 1.74658597 💵 | Сделок: 534 | WinRate: 63.86%
🔄 2025-09-12 05:54:05 Баланс: 2049.89506878846$ | PnL: 2.17543099 💵 | Сделок: 537 | WinRate: 64.06%
🔄 2025-09-12 06:03:32 Баланс: 2030.08154506065$ | PnL: 2.39834195 💵 | Сделок: 539 | WinRate: 64.19%
🔄 2025-09-12 06:13:04 Баланс: 2040.9084756799$ | PnL: 2.9283179 💵 | Сделок: 544 | WinRate: 64.52%
🔄 2025-09-12 06:22:35 Баланс: 2031.41376727675$ | PnL: 3.45160546 💵 | Сделок: 545 | WinRate: 64.59%
🔄 2025-09-12 06:32:13 Баланс: 2041.02513869572$ | PnL: 3.08102135 💵 | Сделок: 548 | WinRate: 64.6%
🔄 2025-09-12 06:41:50 Баланс: 2021.34079696618$ | PnL: 3.44170973 💵 | Сделок: 551 | WinRate: 64.79%
🔄 2025-09-12 06:51:28 Баланс: 2021.62748135974$ | PnL: 3.73739395 💵 | Сделок: 552 | WinRate: 64.86%
🔄 2025-09-12 07:01:05 Баланс: 2041.81231448742$ | PnL: 3.94022933 💵 | Сделок: 556 | WinRate: 64.75%
🔄 2025-09-12 07:10:37 Баланс: 2051.60302969901$ | PnL: 3.73993307 💵 | Сделок: 558 | WinRate: 64.7%
🔄 2025-09-12 07:20:11 Баланс: 2041.59402960022$ | PnL: 3.73993307 💵 | Сделок: 558 | WinRate: 64.7%
🔄 2025-09-12 07:29:46 Баланс: 2021.57602004763$ | PnL: 3.73993307 💵 | Сделок: 558 | WinRate: 64.7%
🔄 2025-09-12 07:39:23 Баланс: 1990.27642189404$ | PnL: 2.51067249 💵 | Сделок: 563 | WinRate: 64.48%
🔄 2025-09-12 07:49:03 Баланс: 1960.08651547449$ | PnL: 2.35550273 💵 | Сделок: 564 | WinRate: 64.36%
🔄 2025-09-12 07:58:47 Баланс: 1989.41286974498$ | PnL: 1.68965892 💵 | Сделок: 568 | WinRate: 64.08%
🔄 2025-09-12 08:08:27 Баланс: 1939.75904341523$ | PnL: 2.11661124 💵 | Сделок: 572 | WinRate: 64.34%
🔄 2025-09-12 08:18:46 Баланс: 1889.71395970997$ | PnL: 2.11661124 💵 | Сделок: 572 | WinRate: 64.34%
🔄 2025-09-12 08:28:40 Баланс: 1889.79012434584$ | PnL: 2.21077528 💵 | Сделок: 574 | WinRate: 64.29%
🔄 2025-09-12 08:38:27 Баланс: 1880.57076796706$ | PnL: 3.06652625 💵 | Сделок: 581 | WinRate: 64.72%
🔄 2025-09-12 08:48:17 Баланс: 1890.22418138267$ | PnL: 2.78517108 💵 | Сделок: 587 | WinRate: 64.57%
🔄 2025-09-12 08:58:07 Баланс: 1880.67310520113$ | PnL: 3.26101602 💵 | Сделок: 589 | WinRate: 64.69%
🔄 2025-09-12 09:08:00 Баланс: 1861.49353506807$ | PnL: 4.15518176 💵 | Сделок: 595 | WinRate: 65.04%
🔄 2025-09-12 09:18:17 Баланс: 1851.70030108618$ | PnL: 4.47272121 💵 | Сделок: 598 | WinRate: 65.22%
🔄 2025-09-12 09:28:34 Баланс: 1872.31478851536$ | PnL: 5.11408254 💵 | Сделок: 603 | WinRate: 65.51%
🔄 2025-09-12 09:38:38 Баланс: 1882.18896114946$ | PnL: 4.99212499 💵 | Сделок: 606 | WinRate: 65.51%
🔄 2025-09-12 09:48:54 Баланс: 1853.16342598128$ | PnL: 6.09309057 💵 | Сделок: 617 | WinRate: 65.8%
🔄 2025-09-12 10:00:02 Баланс: 1873.74373941026$ | PnL: 6.79051009 💵 | Сделок: 632 | WinRate: 65.98%
🔄 2025-09-12 10:10:34 Баланс: 1904.36170541056$ | PnL: 7.7112927 💵 | Сделок: 649 | WinRate: 66.41%
🔄 2025-09-12 10:20:48 Баланс: 1914.45604781436$ | PnL: 7.88970198 💵 | Сделок: 654 | WinRate: 66.36%
🔄 2025-09-12 10:30:56 Баланс: 1955.23433154029$ | PnL: 8.7040469 💵 | Сделок: 662 | WinRate: 66.47%
🔄 2025-09-12 10:41:12 Баланс: 1954.80899824468$ | PnL: 8.33270625 💵 | Сделок: 668 | WinRate: 66.32%
🔄 2025-09-12 10:51:31 Баланс: 1955.30967395499$ | PnL: 8.85138105 💵 | Сделок: 670 | WinRate: 66.42%
🔄 2025-09-12 11:01:47 Баланс: 1965.48576739283$ | PnL: 9.04667645 💵 | Сделок: 674 | WinRate: 66.47%
🔄 2025-09-12 11:11:59 Баланс: 1966.08582493948$ | PnL: 9.71036468 💵 | Сделок: 681 | WinRate: 66.67%
🔄 2025-09-12 11:22:47 Баланс: 1996.18240094167$ | PnL: 9.85209417000001 💵 | Сделок: 689 | WinRate: 66.76%
🔄 2025-09-12 11:34:00 Баланс: 2006.50529273032$ | PnL: 10.21098319 💵 | Сделок: 694 | WinRate: 66.86%
🔄 2025-09-12 11:44:45 Баланс: 1946.43612137734$ | PnL: 10.22202 💵 | Сделок: 697 | WinRate: 66.86%
🔄 2025-09-12 11:56:06 Баланс: 1926.27002734463$ | PnL: 10.08292885 💵 | Сделок: 698 | WinRate: 66.76%
🔄 2025-09-12 12:06:49 Баланс: 1906.34451035851$ | PnL: 10.18442263 💵 | Сделок: 699 | WinRate: 66.81%
🔄 2025-09-12 12:17:32 Баланс: 1794.4941593201$ | PnL: 9.96671932000001 💵 | Сделок: 703 | WinRate: 66.57%
🔄 2025-09-12 12:28:44 Баланс: 1700.60071238714$ | PnL: 9.21670981000001 💵 | Сделок: 710 | WinRate: 66.06%
🔄 2025-09-12 12:40:02 Баланс: 1660.47348745521$ | PnL: 9.13440827000001 💵 | Сделок: 711 | WinRate: 65.96%
🔄 2025-09-12 12:51:31 Баланс: 1670.1878551435$ | PnL: 8.85774519000001 💵 | Сделок: 713 | WinRate: 65.92%
🔄 2025-09-12 13:03:02 Баланс: 1640.3289627463$ | PnL: 8.85774519000001 💵 | Сделок: 713 | WinRate: 65.92%
🔄 2025-09-12 13:14:31 Баланс: 1640.00189867593$ | PnL: 8.54905668000001 💵 | Сделок: 715 | WinRate: 65.73%
🔄 2025-09-12 13:25:52 Баланс: 1600.16620684073$ | PnL: 8.75854622000001 💵 | Сделок: 718 | WinRate: 65.74%
🔄 2025-09-12 13:37:38 Баланс: 1559.46723001594$ | PnL: 8.13160075000001 💵 | Сделок: 722 | WinRate: 65.37%
🔄 2025-09-12 13:49:14 Баланс: 1448.54608267785$ | PnL: 7.33793912000001 💵 | Сделок: 725 | WinRate: 65.24%
🔄 2025-09-12 14:01:00 Баланс: 1427.3244923725$ | PnL: 6.21506325000001 💵 | Сделок: 733 | WinRate: 64.8%
🔄 2025-09-12 14:12:32 Баланс: 1313.66386593477$ | PnL: 2.88595315000001 💵 | Сделок: 759 | WinRate: 63.5%
🔄 2025-09-12 14:23:54 Баланс: 1262.72438608395$ | PnL: 2.04553813000001 💵 | Сделок: 765 | WinRate: 63.27%
🔄 2025-09-12 14:35:29 Баланс: 1282.53814301387$ | PnL: 1.88731827000001 💵 | Сделок: 770 | WinRate: 63.12%
🔄 2025-09-12 14:47:19 Баланс: 1281.93637681194$ | PnL: 1.32049489000001 💵 | Сделок: 774 | WinRate: 63.05%
🔄 2025-09-12 14:59:04 Баланс: 1252.08854782693$ | PnL: 1.51494846000001 💵 | Сделок: 775 | WinRate: 63.1%
🔄 2025-09-12 15:10:41 Баланс: 1222.06153886037$ | PnL: 1.51494846000001 💵 | Сделок: 775 | WinRate: 63.1%
🔄 2025-09-12 15:22:22 Баланс: 1222.46268082463$ | PnL: 1.94307522000001 💵 | Сделок: 778 | WinRate: 63.11%
🔄 2025-09-12 15:36:20 Баланс: 1231.26023918963$ | PnL: 0.749642750000006 💵 | Сделок: 780 | WinRate: 62.95%
🔄 2025-09-12 15:52:36 Баланс: 1220.70137981793$ | PnL: 0.239342170000006 💵 | Сделок: 785 | WinRate: 62.93%
🔄 2025-09-12 16:06:53 Баланс: 1247.83866752401$ | PnL: -2.39231117999999 💵 | Сделок: 823 | WinRate: 62.21%
🔄 2025-09-12 16:20:34 Баланс: 1532.02464314031$ | PnL: -7.84986442999999 💵 | Сделок: 892 | WinRate: 61.1%
🔄 2025-09-12 16:33:07 Баланс: 1542.53228510546$ | PnL: -7.32412144999999 💵 | Сделок: 895 | WinRate: 61.12%
🔄 2025-09-12 16:45:32 Баланс: 1542.36934015102$ | PnL: -7.46007520999999 💵 | Сделок: 898 | WinRate: 61.14%
🔄 2025-09-12 16:57:29 Баланс: 1532.36051831122$ | PnL: -7.46007520999999 💵 | Сделок: 898 | WinRate: 61.14%
🔄 2025-09-12 17:09:25 Баланс: 1542.19665767465$ | PnL: -7.59670798999999 💵 | Сделок: 902 | WinRate: 61.09%
🔄 2025-09-12 17:21:31 Баланс: 1542.19665767465$ | PnL: -7.59670798999999 💵 | Сделок: 902 | WinRate: 61.09%
🔄 2025-09-12 17:33:37 Баланс: 1542.57543145376$ | PnL: -7.19982890999999 💵 | Сделок: 904 | WinRate: 61.17%
🔄 2025-09-12 17:45:50 Баланс: 1512.54844302617$ | PnL: -7.19982890999999 💵 | Сделок: 904 | WinRate: 61.17%
🔄 2025-09-12 17:58:00 Баланс: 1512.54844302617$ | PnL: -7.19982890999999 💵 | Сделок: 904 | WinRate: 61.17%
🔄 2025-09-12 18:10:13 Баланс: 1442.30579235859$ | PnL: -7.26354095999999 💵 | Сделок: 906 | WinRate: 61.15%
🔄 2025-09-12 18:22:38 Баланс: 1411.80617354145$ | PnL: -7.67028753999999 💵 | Сделок: 913 | WinRate: 61.12%
🔄 2025-09-12 18:35:28 Баланс: 1351.54404801699$ | PnL: -7.84148530999999 💵 | Сделок: 917 | WinRate: 60.96%
🔄 2025-09-12 18:48:12 Баланс: 1370.5792350509$ | PnL: -8.75080812 💵 | Сделок: 922 | WinRate: 60.63%
🔄 2025-09-12 19:00:37 Баланс: 1370.5792350509$ | PnL: -8.75080812 💵 | Сделок: 922 | WinRate: 60.63%
🔄 2025-09-12 19:13:04 Баланс: 1310.24502288661$ | PnL: -9.02177327 💵 | Сделок: 923 | WinRate: 60.56%
🔄 2025-09-12 19:26:40 Баланс: 1299.43631098546$ | PnL: -9.79429886 💵 | Сделок: 926 | WinRate: 60.48%
🔄 2025-09-12 19:38:57 Баланс: 1328.15227982049$ | PnL: -11.06931695 💵 | Сделок: 930 | WinRate: 60.32%
🔄 2025-09-12 19:51:58 Баланс: 1377.95429618607$ | PnL: -11.23594163 💵 | Сделок: 939 | WinRate: 60.28%
🔄 2025-09-12 20:05:03 Баланс: 1408.41073585258$ | PnL: -10.76151835 💵 | Сделок: 944 | WinRate: 60.38%
🔄 2025-09-12 20:18:22 Баланс: 1387.95972459916$ | PnL: -11.15876466 💵 | Сделок: 948 | WinRate: 60.23%
🔄 2025-09-12 20:30:29 Баланс: 1277.37180451734$ | PnL: -11.52258139 💵 | Сделок: 962 | WinRate: 59.98%
🔄 2025-09-12 20:42:50 Баланс: 1125.96031985042$ | PnL: -12.66383818 💵 | Сделок: 977 | WinRate: 59.67%
🔄 2025-09-12 20:55:24 Баланс: 1115.95132257287$ | PnL: -12.66383818 💵 | Сделок: 977 | WinRate: 59.67%
🔄 2025-09-12 21:07:33 Баланс: 1195.4186738821$ | PnL: -13.07874997 💵 | Сделок: 993 | WinRate: 59.52%
🔄 2025-09-12 21:19:30 Баланс: 1105.56393410948$ | PnL: -14.1915071 💵 | Сделок: 1012 | WinRate: 59.19%
🔄 2025-09-12 21:31:46 Баланс: 1245.26635464111$ | PnL: -17.21333857 💵 | Сделок: 1048 | WinRate: 58.49%
🔄 2025-09-12 21:43:34 Баланс: 1381.569639772$ | PnL: -20.49662425 💵 | Сделок: 1085 | WinRate: 57.97%
🔄 2025-09-12 21:55:19 Баланс: 1580.69388790135$ | PnL: -21.07692716 💵 | Сделок: 1129 | WinRate: 57.75%
🔄 2025-09-12 22:06:29 Баланс: 1500.90004664242$ | PnL: -20.72642906 💵 | Сделок: 1133 | WinRate: 57.81%
🔄 2025-09-12 22:17:45 Баланс: 1520.05925397634$ | PnL: -21.53127956 💵 | Сделок: 1139 | WinRate: 57.68%
🔄 2025-09-12 22:29:00 Баланс: 1697.15372271392$ | PnL: -24.37290467 💵 | Сделок: 1166 | WinRate: 57.2%
🔄 2025-09-12 22:39:54 Баланс: 1785.81715048591$ | PnL: -25.64241795 💵 | Сделок: 1185 | WinRate: 56.96%
🔄 2025-09-12 22:50:38 Баланс: 1867.16642922065$ | PnL: -24.18965061 💵 | Сделок: 1205 | WinRate: 57.1%
🔄 2025-09-12 23:01:17 Баланс: 1877.71515843482$ | PnL: -23.48237748 💵 | Сделок: 1215 | WinRate: 57.28%
🔄 2025-09-12 23:11:51 Баланс: 1908.82508353482$ | PnL: -22.22850555 💵 | Сделок: 1234 | WinRate: 57.54%
🔄 2025-09-12 23:22:24 Баланс: 1918.87432607159$ | PnL: -22.13455698 💵 | Сделок: 1240 | WinRate: 57.58%
🔄 2025-09-12 23:32:51 Баланс: 1919.53595164713$ | PnL: -21.45492394 💵 | Сделок: 1242 | WinRate: 57.65%
🔄 2025-09-12 23:43:17 Баланс: 1919.55628156784$ | PnL: -21.38958314 💵 | Сделок: 1247 | WinRate: 57.74%
🔄 2025-09-12 23:53:43 Баланс: 1921.27326807916$ | PnL: -19.86024608 💵 | Сделок: 1260 | WinRate: 58.02%
🔄 2025-09-13 00:04:07 Баланс: 1954.01305597936$ | PnL: -18.96413842 💵 | Сделок: 1275 | WinRate: 58.35%
🔄 2025-09-13 00:14:33 Баланс: 1955.14907729531$ | PnL: -17.8137121 💵 | Сделок: 1281 | WinRate: 58.55%
🔄 2025-09-13 00:24:54 Баланс: 1955.50378353903$ | PnL: -17.43206142 💵 | Сделок: 1284 | WinRate: 58.64%
🔄 2025-09-13 00:35:16 Баланс: 1955.50378353903$ | PnL: -17.43206142 💵 | Сделок: 1284 | WinRate: 58.64%
🔄 2025-09-13 00:45:38 Баланс: 1936.13030875787$ | PnL: -16.76046047 💵 | Сделок: 1287 | WinRate: 58.74%
🔄 2025-09-13 00:55:52 Баланс: 1937.32719996868$ | PnL: -15.41850097 💵 | Сделок: 1297 | WinRate: 59.06%
🔄 2025-09-13 01:06:01 Баланс: 1939.07102964737$ | PnL: -13.91116483 💵 | Сделок: 1310 | WinRate: 59.47%
🔄 2025-09-13 01:16:04 Баланс: 1929.18372741273$ | PnL: -13.78031498 💵 | Сделок: 1311 | WinRate: 59.5%
🔄 2025-09-13 01:26:03 Баланс: 1939.75175579178$ | PnL: -13.18530544 💵 | Сделок: 1315 | WinRate: 59.62%
🔄 2025-09-13 01:35:57 Баланс: 1940.71341186264$ | PnL: -12.20566543 💵 | Сделок: 1317 | WinRate: 59.68%
🔄 2025-09-13 01:45:49 Баланс: 1940.71341186264$ | PnL: -12.20566543 💵 | Сделок: 1317 | WinRate: 59.68%
🔄 2025-09-13 01:55:47 Баланс: 1930.70441130213$ | PnL: -12.20566543 💵 | Сделок: 1317 | WinRate: 59.68%
🔄 2025-09-13 02:05:42 Баланс: 1930.83955682906$ | PnL: -12.06152089 💵 | Сделок: 1318 | WinRate: 59.71%
🔄 2025-09-13 02:15:41 Баланс: 1932.0889208352$ | PnL: -10.73863302 💵 | Сделок: 1326 | WinRate: 59.95%
🔄 2025-09-13 02:25:40 Баланс: 1972.00734109803$ | PnL: -8.8620016 💵 | Сделок: 1358 | WinRate: 60.53%
🔄 2025-09-13 02:35:36 Баланс: 2022.99862864647$ | PnL: -7.4013096 💵 | Сделок: 1395 | WinRate: 61.15%
🔄 2025-09-13 02:45:27 Баланс: 2054.12011651043$ | PnL: -6.17124371 💵 | Сделок: 1410 | WinRate: 61.42%
🔄 2025-09-13 02:55:20 Баланс: 2054.41334440118$ | PnL: -5.86005026 💵 | Сделок: 1412 | WinRate: 61.47%
🔄 2025-09-13 03:05:04 Баланс: 2054.70504682152$ | PnL: -5.54136147 💵 | Сделок: 1415 | WinRate: 61.55%
🔄 2025-09-13 03:14:51 Баланс: 2045.25139245476$ | PnL: -4.95897676 💵 | Сделок: 1418 | WinRate: 61.64%
🔄 2025-09-13 03:24:42 Баланс: 2045.59183527853$ | PnL: -4.59149429 💵 | Сделок: 1421 | WinRate: 61.72%
🔄 2025-09-13 03:34:33 Баланс: 2065.84749083093$ | PnL: -4.33583986 💵 | Сделок: 1423 | WinRate: 61.77%
🔄 2025-09-13 03:44:24 Баланс: 2066.09858504841$ | PnL: -4.06673109 💵 | Сделок: 1425 | WinRate: 61.82%
🔄 2025-09-13 03:54:09 Баланс: 2056.28955839471$ | PnL: -3.84871573 💵 | Сделок: 1427 | WinRate: 61.88%
🔄 2025-09-13 04:03:57 Баланс: 2076.54924788544$ | PnL: -3.5200953 💵 | Сделок: 1436 | WinRate: 61.91%
🔄 2025-09-13 04:13:42 Баланс: 2107.33540109261$ | PnL: -2.69818149 💵 | Сделок: 1443 | WinRate: 62.09%
🔄 2025-09-13 04:23:24 Баланс: 2118.22427708048$ | PnL: -1.77337362 💵 | Сделок: 1448 | WinRate: 62.22%
🔄 2025-09-13 04:33:04 Баланс: 2127.30504030349$ | PnL: -2.66559068 💵 | Сделок: 1452 | WinRate: 62.19%
🔄 2025-09-13 04:42:44 Баланс: 2117.36023384053$ | PnL: -2.59239272 💵 | Сделок: 1453 | WinRate: 62.22%
🔄 2025-09-13 04:52:24 Баланс: 2118.23700555202$ | PnL: -1.6528074 💵 | Сделок: 1460 | WinRate: 62.4%
🔄 2025-09-13 05:02:03 Баланс: 2128.69419517155$ | PnL: -1.05034596 💵 | Сделок: 1477 | WinRate: 62.63%
🔄 2025-09-13 05:11:40 Баланс: 2200.4846301476$ | PnL: 0.987045000000002 💵 | Сделок: 1511 | WinRate: 63.07%
🔄 2025-09-13 05:21:17 Баланс: 2221.39967348384$ | PnL: 2.0655144 💵 | Сделок: 1531 | WinRate: 63.42%
🔄 2025-09-13 05:30:49 Баланс: 2193.40652222166$ | PnL: 4.29693172 💵 | Сделок: 1553 | WinRate: 63.94%
🔄 2025-09-13 05:38:17 Баланс: 2223.82067737116$ | PnL: 4.76537618 💵 | Сделок: 1562 | WinRate: 64.02%
🔄 2025-09-13 05:38:21 Баланс: 2223.82067737116$ | PnL: 4.76537618 💵 | Сделок: 1562 | WinRate: 64.02%
🔄 2025-09-13 05:38:26 Баланс: 2223.82067737116$ | PnL: 4.76537618 💵 | Сделок: 1562 | WinRate: 64.02%
🔄 2025-09-13 05:38:30 Баланс: 2223.82067737116$ | PnL: 4.76537618 💵 | Сделок: 1562 | WinRate: 64.02%
🔄 2025-09-13 05:38:35 Баланс: 2223.82067737116$ | PnL: 4.76537618 💵 | Сделок: 1562 | WinRate: 64.02%
🔄 2025-09-13 05:38:40 Баланс: 2223.82067737116$ | PnL: 4.76537618 💵 | Сделок: 1562 | WinRate: 64.02%
🔄 2025-09-13 05:38:44 Баланс: 2223.82067737116$ | PnL: 4.76537618 💵 | Сделок: 1562 | WinRate: 64.02%
🔄 2025-09-13 05:38:48 Баланс: 2223.82067737116$ | PnL: 4.76537618 💵 | Сделок: 1562 | WinRate: 64.02%
🔄 2025-09-13 05:38:53 Баланс: 2223.82067737116$ | PnL: 4.76537618 💵 | Сделок: 1562 | WinRate: 64.02%
🔄 2025-09-13 05:38:57 Баланс: 2223.82067737116$ | PnL: 4.76537618 💵 | Сделок: 1562 | WinRate: 64.02%
🔄 2025-09-13 05:39:01 Баланс: 2223.82067737116$ | PnL: 4.76537618 💵 | Сделок: 1562 | WinRate: 64.02%
🔄 2025-09-13 05:39:06 Баланс: 2223.82067737116$ | PnL: 4.76537618 💵 | Сделок: 1562 | WinRate: 64.02%
🔄 2025-09-13 05:39:09 Баланс: 2223.82067737116$ | PnL: 4.76537618 💵 | Сделок: 1562 | WinRate: 64.02%
🔄 2025-09-13 05:39:13 Баланс: 2223.82067737116$ | PnL: 4.76537618 💵 | Сделок: 1562 | WinRate: 64.02%
🔄 2025-09-13 05:47:29 Баланс: 2253.82882470417$ | PnL: 4.79152171 💵 | Сделок: 1567 | WinRate: 64.01%
🔄 2025-09-13 05:56:39 Баланс: 2243.87589581608$ | PnL: 4.90261581 💵 | Сделок: 1573 | WinRate: 64.08%
🔄 2025-09-13 06:06:13 Баланс: 2193.66096046307$ | PnL: 4.74160481 💵 | Сделок: 1574 | WinRate: 64.04%
🔄 2025-09-13 06:15:28 Баланс: 2184.21187128025$ | PnL: 5.30935143 💵 | Сделок: 1577 | WinRate: 64.05%
🔄 2025-09-13 06:24:47 Баланс: 2194.04988855833$ | PnL: 5.17435889 💵 | Сделок: 1581 | WinRate: 64.07%
🔄 2025-09-13 06:34:07 Баланс: 2203.8585363066$ | PnL: 4.99196184 💵 | Сделок: 1583 | WinRate: 64.06%
🔄 2025-09-13 06:43:41 Баланс: 2212.34219374468$ | PnL: 3.48466937 💵 | Сделок: 1585 | WinRate: 64.04%
🔄 2025-09-13 06:53:07 Баланс: 2212.71796914904$ | PnL: 3.88736054 💵 | Сделок: 1588 | WinRate: 64.11%
🔄 2025-09-13 07:02:32 Баланс: 2233.28601081903$ | PnL: 4.49135766 💵 | Сделок: 1594 | WinRate: 64.24%
🔄 2025-09-13 07:11:57 Баланс: 2243.43904182491$ | PnL: 4.65340384 💵 | Сделок: 1596 | WinRate: 64.29%
🔄 2025-09-13 07:21:20 Баланс: 2233.59190395982$ | PnL: 4.85692464000001 💵 | Сделок: 1601 | WinRate: 64.33%
🔄 2025-09-13 07:30:40 Баланс: 2213.5230640237$ | PnL: 4.91542042000001 💵 | Сделок: 1610 | WinRate: 64.41%
🔄 2025-09-13 07:40:07 Баланс: 2213.86682342527$ | PnL: 5.29348889000001 💵 | Сделок: 1614 | WinRate: 64.5%
🔄 2025-09-13 07:49:33 Баланс: 2194.47415615575$ | PnL: 6.16510006000001 💵 | Сделок: 1623 | WinRate: 64.7%
🔄 2025-09-13 07:59:04 Баланс: 2195.22936497755$ | PnL: 7.25513326000001 💵 | Сделок: 1636 | WinRate: 64.98%
🔄 2025-09-13 08:08:32 Баланс: 2216.37754239555$ | PnL: 8.45731838 💵 | Сделок: 1644 | WinRate: 65.15%
🔄 2025-09-13 08:17:56 Баланс: 2216.37754239555$ | PnL: 8.45731838 💵 | Сделок: 1644 | WinRate: 65.15%
🔄 2025-09-13 08:27:19 Баланс: 2206.62159887701$ | PnL: 8.74090933 💵 | Сделок: 1647 | WinRate: 65.21%
🔄 2025-09-13 08:36:48 Баланс: 2207.25358452734$ | PnL: 9.39007775 💵 | Сделок: 1649 | WinRate: 65.25%
🔄 2025-09-13 08:46:19 Баланс: 2197.41592401675$ | PnL: 9.57038769 💵 | Сделок: 1650 | WinRate: 65.27%
🔄 2025-09-13 08:55:50 Баланс: 2187.12489433382$ | PnL: 9.30564259 💵 | Сделок: 1652 | WinRate: 65.25%
🔄 2025-09-13 09:05:24 Баланс: 2167.37199473583$ | PnL: 9.58871384 💵 | Сделок: 1654 | WinRate: 65.3%
🔄 2025-09-13 09:14:56 Баланс: 2105.71532848636$ | PnL: 9.57762274 💵 | Сделок: 1657 | WinRate: 65.3%
🔄 2025-09-13 09:24:32 Баланс: 2095.28861989596$ | PnL: 9.19591379 💵 | Сделок: 1661 | WinRate: 65.2%
🔄 2025-09-13 09:34:04 Баланс: 2095.38534275171$ | PnL: 9.30169757 💵 | Сделок: 1662 | WinRate: 65.22%
🔄 2025-09-13 09:43:40 Баланс: 2074.13598241828$ | PnL: 9.70512485 💵 | Сделок: 1669 | WinRate: 65.31%
🔄 2025-09-13 09:53:20 Баланс: 2074.49902157723$ | PnL: 10.09622784 💵 | Сделок: 1672 | WinRate: 65.37%
🔄 2025-09-13 10:03:27 Баланс: 2062.91568594923$ | PnL: 10.09622784 💵 | Сделок: 1672 | WinRate: 65.37%
🔄 2025-09-13 10:13:09 Баланс: 2063.18616288054$ | PnL: 10.40347162 💵 | Сделок: 1676 | WinRate: 65.45%
🔄 2025-09-13 10:22:47 Баланс: 2083.61304464374$ | PnL: 10.90315572 💵 | Сделок: 1686 | WinRate: 65.6%
🔄 2025-09-13 10:32:31 Баланс: 2093.81218459674$ | PnL: 11.10229457 💵 | Сделок: 1687 | WinRate: 65.62%
🔄 2025-09-13 10:42:09 Баланс: 2063.78557326623$ | PnL: 11.10229457 💵 | Сделок: 1687 | WinRate: 65.62%
🔄 2025-09-13 10:51:46 Баланс: 2054.61085180027$ | PnL: 11.9834216 💵 | Сделок: 1691 | WinRate: 65.7%
🔄 2025-09-13 11:01:23 Баланс: 2035.19690177725$ | PnL: 12.60582539 💵 | Сделок: 1694 | WinRate: 65.76%
🔄 2025-09-13 11:11:06 Баланс: 2025.37599513535$ | PnL: 12.80297214 💵 | Сделок: 1695 | WinRate: 65.78%
🔄 2025-09-13 11:20:41 Баланс: 2034.71943430135$ | PnL: 12.14640705 💵 | Сделок: 1696 | WinRate: 65.74%
🔄 2025-09-13 11:30:17 Баланс: 2035.46849445464$ | PnL: 12.94802517 💵 | Сделок: 1702 | WinRate: 65.86%
🔄 2025-09-13 11:39:52 Баланс: 2026.52068240345$ | PnL: 14.04522726 💵 | Сделок: 1706 | WinRate: 65.94%
🔄 2025-09-13 11:49:24 Баланс: 2026.16993409352$ | PnL: 13.70341676 💵 | Сделок: 1707 | WinRate: 65.91%
🔄 2025-09-13 11:58:59 Баланс: 2015.79787286068$ | PnL: 13.34899744 💵 | Сделок: 1708 | WinRate: 65.87%
🔄 2025-09-13 12:08:36 Баланс: 1995.57114424654$ | PnL: 13.16672292 💵 | Сделок: 1711 | WinRate: 65.87%
🔄 2025-09-13 12:18:13 Баланс: 1996.16517145389$ | PnL: 13.79242628 💵 | Сделок: 1715 | WinRate: 65.95%
🔄 2025-09-13 12:27:52 Баланс: 2016.68562132337$ | PnL: 14.40217898 💵 | Сделок: 1727 | WinRate: 66.07%
🔄 2025-09-13 12:37:28 Баланс: 2026.54563259661$ | PnL: 14.30170812 💵 | Сделок: 1733 | WinRate: 66.01%
🔄 2025-09-13 12:47:03 Баланс: 2028.00673532132$ | PnL: 15.89269225 💵 | Сделок: 1748 | WinRate: 66.25%
🔄 2025-09-13 12:56:35 Баланс: 2047.99831287554$ | PnL: 15.95618125 💵 | Сделок: 1758 | WinRate: 66.33%
🔄 2025-09-13 13:06:02 Баланс: 2068.354288589$ | PnL: 16.41000728 💵 | Сделок: 1771 | WinRate: 66.4%
🔄 2025-09-13 13:15:26 Баланс: 2099.6866775174$ | PnL: 17.77613311 💵 | Сделок: 1799 | WinRate: 66.7%
🔄 2025-09-13 13:24:46 Баланс: 2120.8030147791$ | PnL: 19.05211583 💵 | Сделок: 1820 | WinRate: 67.03%
🔄 2025-09-13 13:34:14 Баланс: 2182.43384508334$ | PnL: 21.23047049 💵 | Сделок: 1858 | WinRate: 67.44%
🔄 2025-09-13 13:43:29 Баланс: 2193.28693174798$ | PnL: 22.28588975 💵 | Сделок: 1879 | WinRate: 67.7%
🔄 2025-09-13 13:52:53 Баланс: 2183.69506891009$ | PnL: 22.73441926 💵 | Сделок: 1887 | WinRate: 67.78%
🔄 2025-09-13 14:04:49 Баланс: 2194.61252357832$ | PnL: 23.85493529 💵 | Сделок: 1906 | WinRate: 68%
🔄 2025-09-13 14:14:36 Баланс: 2197.32627484143$ | PnL: 26.73975809 💵 | Сделок: 1931 | WinRate: 68.41%
🔄 2025-09-13 14:24:37 Баланс: 2260.01462353395$ | PnL: 28.13066438 💵 | Сделок: 1966 | WinRate: 68.67%
🔄 2025-09-13 14:34:29 Баланс: 2240.84619687544$ | PnL: 29.18048859 💵 | Сделок: 1985 | WinRate: 68.92%
🔄 2025-09-13 14:44:24 Баланс: 2261.51835336902$ | PnL: 29.87063638 💵 | Сделок: 1989 | WinRate: 68.98%
🔄 2025-09-13 14:54:15 Баланс: 2241.69444645347$ | PnL: 30.09180438 💵 | Сделок: 1992 | WinRate: 69.03%
🔄 2025-09-13 15:04:10 Баланс: 2232.06270073456$ | PnL: 30.48690637 💵 | Сделок: 1994 | WinRate: 69.06%
🔄 2025-09-13 15:14:01 Баланс: 2242.29655610093$ | PnL: 30.7387562 💵 | Сделок: 1997 | WinRate: 69.1%
🔄 2025-09-13 15:23:55 Баланс: 2222.52155760376$ | PnL: 30.99597873 💵 | Сделок: 1999 | WinRate: 69.13%
🔄 2025-09-13 15:33:52 Баланс: 2232.45029840274$ | PnL: 30.92954155 💵 | Сделок: 2002 | WinRate: 69.08%
🔄 2025-09-13 15:43:52 Баланс: 2222.81833529616$ | PnL: 31.33346201 💵 | Сделок: 2005 | WinRate: 69.13%
🔄 2025-09-13 15:53:47 Баланс: 2213.44553398011$ | PnL: 32.06855985 💵 | Сделок: 2016 | WinRate: 69.3%
🔄 2025-09-13 16:03:37 Баланс: 2203.83858613386$ | PnL: 32.54267719 💵 | Сделок: 2024 | WinRate: 69.42%
🔄 2025-09-13 16:13:30 Баланс: 2194.42989890457$ | PnL: 33.20602587 💵 | Сделок: 2031 | WinRate: 69.52%
🔄 2025-09-13 16:23:20 Баланс: 2204.87067100697$ | PnL: 33.67371368 💵 | Сделок: 2035 | WinRate: 69.58%
🔄 2025-09-13 16:33:11 Баланс: 2204.63200890421$ | PnL: 33.46233188 💵 | Сделок: 2038 | WinRate: 69.58%
🔄 2025-09-13 16:43:04 Баланс: 2215.4948842088$ | PnL: 34.37580036 💵 | Сделок: 2044 | WinRate: 69.67%
🔄 2025-09-13 16:52:54 Баланс: 2216.23952903782$ | PnL: 35.21884471 💵 | Сделок: 2058 | WinRate: 69.83%
🔄 2025-09-13 17:03:07 Баланс: 2237.97894095796$ | PnL: 37.11432911 💵 | Сделок: 2077 | WinRate: 70.05%
🔄 2025-09-13 17:13:10 Баланс: 2248.45902677596$ | PnL: 37.64820039 💵 | Сделок: 2084 | WinRate: 70.11%
🔄 2025-09-13 17:23:54 Баланс: 2228.67757984643$ | PnL: 37.9117887800001 💵 | Сделок: 2087 | WinRate: 70.15%
🔄 2025-09-13 17:34:07 Баланс: 2261.62395384457$ | PnL: 40.9365209 💵 | Сделок: 2127 | WinRate: 70.66%
🔄 2025-09-13 17:44:07 Баланс: 2281.5064350031$ | PnL: 40.88282398 💵 | Сделок: 2136 | WinRate: 70.74%
🔄 2025-09-13 17:53:50 Баланс: 2516.55787416448$ | PnL: 36.00123394 💵 | Сделок: 2166 | WinRate: 69.99%
🔄 2025-09-13 18:03:07 Баланс: 3255.79991608853$ | PnL: 15.3610547100001 💵 | Сделок: 2270 | WinRate: 67.14%
🔄 2025-09-13 18:11:05 Баланс: 3004.52750436124$ | PnL: 15.5336575000001 💵 | Сделок: 2272 | WinRate: 67.17%
🔄 2025-09-13 18:19:28 Баланс: 2954.48249892134$ | PnL: 15.5336575000001 💵 | Сделок: 2272 | WinRate: 67.17%
🔄 2025-09-13 18:27:58 Баланс: 2934.46328272775$ | PnL: 15.5336575000001 💵 | Сделок: 2272 | WinRate: 67.17%
🔄 2025-09-13 18:36:28 Баланс: 2924.70969991152$ | PnL: 15.8070584000001 💵 | Сделок: 2274 | WinRate: 67.19%
🔄 2025-09-13 18:45:01 Баланс: 2905.04748558001$ | PnL: 16.1808288200001 💵 | Сделок: 2276 | WinRate: 67.22%
🔄 2025-09-13 18:53:46 Баланс: 2895.25900178753$ | PnL: 16.4103460600001 💵 | Сделок: 2277 | WinRate: 67.24%
🔄 2025-09-13 19:02:23 Баланс: 2865.50878156813$ | PnL: 16.6988550500001 💵 | Сделок: 2278 | WinRate: 67.25%
🔄 2025-09-13 19:11:22 Баланс: 2855.49977605317$ | PnL: 16.6988550500001 💵 | Сделок: 2278 | WinRate: 67.25%
🔄 2025-09-13 19:21:29 Баланс: 2795.58704062366$ | PnL: 16.8582550600001 💵 | Сделок: 2280 | WinRate: 67.28%
🔄 2025-09-13 19:31:10 Баланс: 2796.03719995942$ | PnL: 17.3528181500001 💵 | Сделок: 2285 | WinRate: 67.35%
🔄 2025-09-13 19:40:28 Баланс: 2605.69216275979$ | PnL: 17.3528181500001 💵 | Сделок: 2285 | WinRate: 67.35%
🔄 2025-09-13 19:50:04 Баланс: 2445.21449985005$ | PnL: 17.0907004600001 💵 | Сделок: 2293 | WinRate: 67.29%
🔄 2025-09-13 20:00:01 Баланс: 2395.24926321902$ | PnL: 17.1396091000001 💵 | Сделок: 2294 | WinRate: 67.31%
🔄 2025-09-13 20:10:03 Баланс: 2415.58728006085$ | PnL: 17.9018428200001 💵 | Сделок: 2298 | WinRate: 67.36%
🔄 2025-09-13 20:20:18 Баланс: 2355.23790610736$ | PnL: 18.0633820900001 💵 | Сделок: 2304 | WinRate: 67.4%
🔄 2025-09-13 20:31:25 Баланс: 2325.35654057055$ | PnL: 18.7140807300001 💵 | Сделок: 2309 | WinRate: 67.43%
🔄 2025-09-13 20:41:42 Баланс: 2194.12315261321$ | PnL: 17.6336839100001 💵 | Сделок: 2313 | WinRate: 67.32%
🔄 2025-09-13 20:52:42 Баланс: 2004.96774042566$ | PnL: 17.3598224600001 💵 | Сделок: 2350 | WinRate: 67.28%
🔄 2025-09-13 21:04:08 Баланс: 2014.95287659121$ | PnL: 17.5256558700001 💵 | Сделок: 2388 | WinRate: 67.38%
🔄 2025-09-13 21:14:50 Баланс: 2023.70369852107$ | PnL: 16.65502723 💵 | Сделок: 2431 | WinRate: 67.38%
🔄 2025-09-13 21:26:00 Баланс: 2064.0943226218$ | PnL: 17.50372475 💵 | Сделок: 2486 | WinRate: 67.66%
🔄 2025-09-13 21:37:14 Баланс: 2075.00043942814$ | PnL: 18.42786352 💵 | Сделок: 2489 | WinRate: 67.7%
🔄 2025-09-13 21:48:30 Баланс: 2073.64930592525$ | PnL: 17.08572778 💵 | Сделок: 2490 | WinRate: 67.67%
🔄 2025-09-13 21:59:44 Баланс: 2073.64930592525$ | PnL: 17.08572778 💵 | Сделок: 2490 | WinRate: 67.67%
🔄 2025-09-13 22:10:59 Баланс: 2073.32437578939$ | PnL: 16.77876884 💵 | Сделок: 2492 | WinRate: 67.66%
🔄 2025-09-13 22:22:16 Баланс: 2054.42680632801$ | PnL: 17.92529595 💵 | Сделок: 2495 | WinRate: 67.7%
🔄 2025-09-13 22:33:34 Баланс: 2064.05988771961$ | PnL: 17.55837716 💵 | Сделок: 2496 | WinRate: 67.67%
🔄 2025-09-13 22:44:43 Баланс: 2064.74490602527$ | PnL: 18.26137898 💵 | Сделок: 2498 | WinRate: 67.69%
🔄 2025-09-13 22:54:52 Баланс: 2065.20122871859$ | PnL: 18.72673254 💵 | Сделок: 2499 | WinRate: 67.71%
🔄 2025-09-13 23:04:48 Баланс: 2065.20122871859$ | PnL: 18.72673254 💵 | Сделок: 2499 | WinRate: 67.71%
🔄 2025-09-13 23:14:33 Баланс: 2065.4480626972$ | PnL: 18.98256619 💵 | Сделок: 2500 | WinRate: 67.72%
🔄 2025-09-13 23:24:14 Баланс: 2075.1643542972$ | PnL: 18.69889426 💵 | Сделок: 2501 | WinRate: 67.69%
🔄 2025-09-13 23:33:51 Баланс: 2055.69347287583$ | PnL: 19.25482855 💵 | Сделок: 2502 | WinRate: 67.71%
🔄 2025-09-13 23:43:28 Баланс: 2045.45932835064$ | PnL: 19.03860219 💵 | Сделок: 2503 | WinRate: 67.68%
🔄 2025-09-13 23:53:07 Баланс: 2045.68036730326$ | PnL: 19.26853825 💵 | Сделок: 2504 | WinRate: 67.69%
🔄 2025-09-14 00:02:40 Баланс: 2035.67137926401$ | PnL: 19.26853825 💵 | Сделок: 2504 | WinRate: 67.69%
🔄 2025-09-14 00:12:09 Баланс: 2026.22575904144$ | PnL: 19.85894797 💵 | Сделок: 2507 | WinRate: 67.73%
🔄 2025-09-14 00:21:35 Баланс: 2006.41766033494$ | PnL: 20.07789254 💵 | Сделок: 2508 | WinRate: 67.74%
🔄 2025-09-14 00:31:03 Баланс: 1986.59487247782$ | PnL: 20.28221157 💵 | Сделок: 2509 | WinRate: 67.76%
🔄 2025-09-14 00:40:32 Баланс: 1957.0709442135$ | PnL: 20.80326107 💵 | Сделок: 2511 | WinRate: 67.78%
🔄 2025-09-14 00:50:04 Баланс: 1957.0709442135$ | PnL: 20.80326107 💵 | Сделок: 2511 | WinRate: 67.78%
🔄 2025-09-14 00:59:29 Баланс: 1957.31923400742$ | PnL: 21.06055103 💵 | Сделок: 2512 | WinRate: 67.79%
🔄 2025-09-14 01:08:55 Баланс: 1925.45296091182$ | PnL: 20.83156903 💵 | Сделок: 2513 | WinRate: 67.77%
🔄 2025-09-14 01:18:19 Баланс: 1805.79831340642$ | PnL: 21.30259246 💵 | Сделок: 2515 | WinRate: 67.79%
🔄 2025-09-14 01:27:55 Баланс: 1445.8976593739$ | PnL: 21.77342038 💵 | Сделок: 2521 | WinRate: 67.75%
🔄 2025-09-14 01:38:08 Баланс: 1395.87282519932$ | PnL: 21.83006797 💵 | Сделок: 2525 | WinRate: 67.72%
🔄 2025-09-14 01:48:21 Баланс: 1405.58220122498$ | PnL: 21.5754454 💵 | Сделок: 2530 | WinRate: 67.67%
🔄 2025-09-14 01:58:27 Баланс: 1405.36094327504$ | PnL: 21.36318558 💵 | Сделок: 2531 | WinRate: 67.64%
🔄 2025-09-14 02:08:36 Баланс: 1335.56943890089$ | PnL: 21.64319733 💵 | Сделок: 2532 | WinRate: 67.65%
🔄 2025-09-14 02:18:52 Баланс: 1255.23132757328$ | PnL: 21.39893564 💵 | Сделок: 2535 | WinRate: 67.61%
🔄 2025-09-14 02:29:17 Баланс: 1255.23132757328$ | PnL: 21.39893564 💵 | Сделок: 2535 | WinRate: 67.61%
🔄 2025-09-14 02:39:30 Баланс: 1255.23132757328$ | PnL: 21.39893564 💵 | Сделок: 2535 | WinRate: 67.61%
🔄 2025-09-14 02:49:43 Баланс: 1245.22232835398$ | PnL: 21.39893564 💵 | Сделок: 2535 | WinRate: 67.61%
🔄 2025-09-14 02:59:57 Баланс: 1245.27920774669$ | PnL: 21.46481525 💵 | Сделок: 2536 | WinRate: 67.63%
🔄 2025-09-14 03:10:11 Баланс: 1235.2903088582$ | PnL: 21.50294522 💵 | Сделок: 2538 | WinRate: 67.61%
🔄 2025-09-14 03:20:24 Баланс: 1195.31406596181$ | PnL: 21.57129207 💵 | Сделок: 2539 | WinRate: 67.63%
🔄 2025-09-14 03:30:42 Баланс: 1173.78030259246$ | PnL: 20.10790163 💵 | Сделок: 2544 | WinRate: 67.49%
🔄 2025-09-14 03:41:02 Баланс: 1202.59850599446$ | PnL: 18.92610444 💵 | Сделок: 2547 | WinRate: 67.41%
🔄 2025-09-14 03:51:16 Баланс: 1203.30502481738$ | PnL: 19.65060227 💵 | Сделок: 2549 | WinRate: 67.44%
🔄 2025-09-14 04:01:33 Баланс: 1163.2690252898$ | PnL: 19.65060227 💵 | Сделок: 2549 | WinRate: 67.44%
🔄 2025-09-14 04:11:54 Баланс: 1182.83024561627$ | PnL: 19.24802597 💵 | Сделок: 2555 | WinRate: 67.4%
🔄 2025-09-14 04:22:13 Баланс: 1133.7368697438$ | PnL: 19.72165966 💵 | Сделок: 2561 | WinRate: 67.4%
🔄 2025-09-14 04:32:38 Баланс: 1143.4850679538$ | PnL: 19.6811706 💵 | Сделок: 2563 | WinRate: 67.38%
🔄 2025-09-14 04:43:00 Баланс: 1133.26503153055$ | PnL: 19.47957802 💵 | Сделок: 2564 | WinRate: 67.36%
🔄 2025-09-14 04:53:25 Баланс: 1152.57238877549$ | PnL: 18.81409149 💵 | Сделок: 2569 | WinRate: 67.26%
🔄 2025-09-14 05:03:46 Баланс: 1231.6265133791$ | PnL: 17.87712775 💵 | Сделок: 2578 | WinRate: 67.07%
🔄 2025-09-14 05:14:02 Баланс: 1269.12198604347$ | PnL: 15.48064129 💵 | Сделок: 2594 | WinRate: 66.77%
🔄 2025-09-14 05:24:13 Баланс: 1258.31847245589$ | PnL: 14.65469085 💵 | Сделок: 2615 | WinRate: 66.62%
🔄 2025-09-14 05:34:26 Баланс: 1288.35239656918$ | PnL: 14.7382612 💵 | Сделок: 2624 | WinRate: 66.62%
🔄 2025-09-14 05:38:26 Баланс: 1278.31660247618$ | PnL: 14.7382612 💵 | Сделок: 2624 | WinRate: 66.62%
🔄 2025-09-14 05:38:32 Баланс: 1278.31660247618$ | PnL: 14.7382612 💵 | Сделок: 2624 | WinRate: 66.62%
🔄 2025-09-14 05:38:38 Баланс: 1278.31660247618$ | PnL: 14.7382612 💵 | Сделок: 2624 | WinRate: 66.62%
🔄 2025-09-14 05:38:44 Баланс: 1278.31660247618$ | PnL: 14.7382612 💵 | Сделок: 2624 | WinRate: 66.62%
🔄 2025-09-14 05:38:50 Баланс: 1278.31660247618$ | PnL: 14.7382612 💵 | Сделок: 2624 | WinRate: 66.62%
🔄 2025-09-14 05:38:56 Баланс: 1278.31660247618$ | PnL: 14.7382612 💵 | Сделок: 2624 | WinRate: 66.62%
🔄 2025-09-14 05:39:01 Баланс: 1278.31660247618$ | PnL: 14.7382612 💵 | Сделок: 2624 | WinRate: 66.62%
🔄 2025-09-14 05:49:15 Баланс: 1278.31660247618$ | PnL: 14.7382612 💵 | Сделок: 2624 | WinRate: 66.62%
🔄 2025-09-14 05:59:27 Баланс: 1298.44752349328$ | PnL: 14.90804211 💵 | Сделок: 2628 | WinRate: 66.63%
🔄 2025-09-14 06:09:34 Баланс: 1268.1806677301$ | PnL: 14.68195386 💵 | Сделок: 2630 | WinRate: 66.62%
🔄 2025-09-14 06:19:45 Баланс: 1249.3991675031$ | PnL: 14.41279313 💵 | Сделок: 2635 | WinRate: 66.57%
🔄 2025-09-14 06:30:01 Баланс: 1219.69565575261$ | PnL: 14.74530981 💵 | Сделок: 2636 | WinRate: 66.58%
🔄 2025-09-14 06:40:16 Баланс: 1199.6774605571$ | PnL: 14.74530981 💵 | Сделок: 2636 | WinRate: 66.58%
🔄 2025-09-14 06:50:32 Баланс: 1209.2649505131$ | PnL: 14.33280487 💵 | Сделок: 2637 | WinRate: 66.55%
🔄 2025-09-14 07:00:45 Баланс: 1209.18114553072$ | PnL: 14.26530879 💵 | Сделок: 2640 | WinRate: 66.55%
🔄 2025-09-14 07:10:58 Баланс: 1219.07749761532$ | PnL: 14.16578259 💵 | Сделок: 2642 | WinRate: 66.54%
🔄 2025-09-14 07:21:12 Баланс: 1177.47190926402$ | PnL: 14.16578259 💵 | Сделок: 2642 | WinRate: 66.54%
🔄 2025-09-14 07:31:28 Баланс: 1174.53775665818$ | PnL: 11.24062692 💵 | Сделок: 2643 | WinRate: 66.52%
🔄 2025-09-14 07:41:46 Баланс: 1154.82737606997$ | PnL: 11.58498634 💵 | Сделок: 2647 | WinRate: 66.53%
🔄 2025-09-14 07:52:07 Баланс: 1124.86773436176$ | PnL: 11.66263062 💵 | Сделок: 2648 | WinRate: 66.54%
🔄 2025-09-14 08:02:29 Баланс: 1113.87315858425$ | PnL: 10.81091682 💵 | Сделок: 2663 | WinRate: 66.43%
🔄 2025-09-14 08:12:51 Баланс: 1261.02694878716$ | PnL: 8.22318783000004 💵 | Сделок: 2705 | WinRate: 66.32%
🔄 2025-09-14 08:22:59 Баланс: 1584.34673662144$ | PnL: 1.94666253000004 💵 | Сделок: 2768 | WinRate: 65.86%
🔄 2025-09-14 08:32:41 Баланс: 1722.04454401596$ | PnL: 0.158207840000038 💵 | Сделок: 2800 | WinRate: 65.71%
🔄 2025-09-14 08:42:07 Баланс: 1731.68755524596$ | PnL: -0.198780559999962 💵 | Сделок: 2801 | WinRate: 65.69%
🔄 2025-09-14 08:51:33 Баланс: 1731.68755524596$ | PnL: -0.198780559999962 💵 | Сделок: 2801 | WinRate: 65.69%
🔄 2025-09-14 09:01:01 Баланс: 1750.03911051796$ | PnL: -1.84723508999996 💵 | Сделок: 2803 | WinRate: 65.64%
🔄 2025-09-14 09:10:26 Баланс: 1739.89622386589$ | PnL: -1.96312583999996 💵 | Сделок: 2805 | WinRate: 65.63%
🔄 2025-09-14 09:19:55 Баланс: 1740.17997305337$ | PnL: -1.67049832999996 💵 | Сделок: 2806 | WinRate: 65.65%
🔄 2025-09-14 09:29:23 Баланс: 1740.17997305337$ | PnL: -1.67049832999996 💵 | Сделок: 2806 | WinRate: 65.65%
🔄 2025-09-14 09:38:52 Баланс: 1720.33751079528$ | PnL: -1.67049832999996 💵 | Сделок: 2806 | WinRate: 65.65%
🔄 2025-09-14 09:48:25 Баланс: 1730.14776598176$ | PnL: -1.85122340999996 💵 | Сделок: 2808 | WinRate: 65.63%
🔄 2025-09-14 09:57:56 Баланс: 1730.49011646708$ | PnL: -1.49987231999996 💵 | Сделок: 2809 | WinRate: 65.65%
🔄 2025-09-14 10:07:26 Баланс: 1730.56506906769$ | PnL: -1.44777220999996 💵 | Сделок: 2811 | WinRate: 65.64%
🔄 2025-09-14 10:16:58 Баланс: 1739.8445553375$ | PnL: -2.16102752999996 💵 | Сделок: 2814 | WinRate: 65.64%
🔄 2025-09-14 10:26:29 Баланс: 1739.8445553375$ | PnL: -2.16102752999996 💵 | Сделок: 2814 | WinRate: 65.64%
🔄 2025-09-14 10:36:00 Баланс: 1719.8264643717$ | PnL: -2.16102752999996 💵 | Сделок: 2814 | WinRate: 65.64%
🔄 2025-09-14 10:45:36 Баланс: 1709.81746413399$ | PnL: -2.16102752999996 💵 | Сделок: 2814 | WinRate: 65.64%
🔄 2025-09-14 10:56:46 Баланс: 1699.42799361483$ | PnL: -2.53196632999996 💵 | Сделок: 2815 | WinRate: 65.61%
🔄 2025-09-14 11:07:25 Баланс: 1689.4189990297$ | PnL: -2.53196632999996 💵 | Сделок: 2815 | WinRate: 65.61%
🔄 2025-09-14 11:17:34 Баланс: 1689.4189990297$ | PnL: -2.53196632999996 💵 | Сделок: 2815 | WinRate: 65.61%
🔄 2025-09-14 11:27:46 Баланс: 1679.56233664075$ | PnL: -2.37062265999996 💵 | Сделок: 2816 | WinRate: 65.62%
🔄 2025-09-14 11:37:56 Баланс: 1679.29053636672$ | PnL: -2.63367892999996 💵 | Сделок: 2817 | WinRate: 65.6%
🔄 2025-09-14 11:48:09 Баланс: 1679.7275166971$ | PnL: -2.17876044999996 💵 | Сделок: 2819 | WinRate: 65.63%
🔄 2025-09-14 11:58:25 Баланс: 1669.54005527438$ | PnL: -2.16376127999996 💵 | Сделок: 2821 | WinRate: 65.62%
🔄 2025-09-14 12:08:43 Баланс: 1669.54005527438$ | PnL: -2.16376127999996 💵 | Сделок: 2821 | WinRate: 65.62%
🔄 2025-09-14 12:18:55 Баланс: 1669.54005527438$ | PnL: -2.16376127999996 💵 | Сделок: 2821 | WinRate: 65.62%
🔄 2025-09-14 12:29:06 Баланс: 1669.90652188395$ | PnL: -1.77028791999996 💵 | Сделок: 2824 | WinRate: 65.65%
🔄 2025-09-14 12:39:33 Баланс: 1679.83155759325$ | PnL: -1.82679394999996 💵 | Сделок: 2827 | WinRate: 65.65%
🔄 2025-09-14 12:49:43 Баланс: 1669.92220004812$ | PnL: -1.71822275999996 💵 | Сделок: 2828 | WinRate: 65.66%
🔄 2025-09-14 12:59:55 Баланс: 1679.54243829812$ | PnL: -2.09798290999996 💵 | Сделок: 2829 | WinRate: 65.64%
🔄 2025-09-14 13:10:06 Баланс: 1659.63988641474$ | PnL: -1.97352957999996 💵 | Сделок: 2830 | WinRate: 65.65%
🔄 2025-09-14 13:20:20 Баланс: 1668.87214834621$ | PnL: -2.73226604999996 💵 | Сделок: 2832 | WinRate: 65.64%
🔄 2025-09-14 13:30:34 Баланс: 1668.87214834621$ | PnL: -2.73226604999996 💵 | Сделок: 2832 | WinRate: 65.64%
🔄 2025-09-14 13:40:51 Баланс: 1628.83638033019$ | PnL: -2.73226604999996 💵 | Сделок: 2832 | WinRate: 65.64%
🔄 2025-09-14 13:51:08 Баланс: 1640.11248841217$ | PnL: -3.01536234999996 💵 | Сделок: 2834 | WinRate: 65.6%
🔄 2025-09-14 14:01:25 Баланс: 1640.21502207815$ | PnL: -2.90379633999996 💵 | Сделок: 2835 | WinRate: 65.61%
🔄 2025-09-14 14:11:41 Баланс: 1620.31872176224$ | PnL: -2.77309746999996 💵 | Сделок: 2836 | WinRate: 65.62%
🔄 2025-09-14 14:22:03 Баланс: 1620.59361558637$ | PnL: -2.48919732999996 💵 | Сделок: 2837 | WinRate: 65.63%
🔄 2025-09-14 14:32:22 Баланс: 1600.57574858596$ | PnL: -2.48919732999996 💵 | Сделок: 2837 | WinRate: 65.63%
🔄 2025-09-14 14:42:43 Баланс: 1600.57574858596$ | PnL: -2.48919732999996 💵 | Сделок: 2837 | WinRate: 65.63%
🔄 2025-09-14 14:53:04 Баланс: 1600.57574858596$ | PnL: -2.48919732999996 💵 | Сделок: 2837 | WinRate: 65.63%
🔄 2025-09-14 15:03:21 Баланс: 1590.66486932805$ | PnL: -2.37307727999996 💵 | Сделок: 2839 | WinRate: 65.62%
🔄 2025-09-14 15:13:37 Баланс: 1600.6737934659$ | PnL: -2.35514884999996 💵 | Сделок: 2841 | WinRate: 65.61%
🔄 2025-09-14 15:23:48 Баланс: 1679.35158100374$ | PnL: -3.61419502999996 💵 | Сделок: 2856 | WinRate: 65.48%
🔄 2025-09-14 15:33:55 Баланс: 1867.77599053811$ | PnL: -4.83614613999996 💵 | Сделок: 2926 | WinRate: 65.52%
🔄 2025-09-14 15:43:37 Баланс: 2061.18107285338$ | PnL: -0.772990169999962 💵 | Сделок: 3020 | WinRate: 65.96%
🔄 2025-09-14 15:53:01 Баланс: 2081.35716170367$ | PnL: -0.481370609999962 💵 | Сделок: 3035 | WinRate: 66%
🔄 2025-09-14 16:02:22 Баланс: 2092.37360319079$ | PnL: 0.601977550000038 💵 | Сделок: 3043 | WinRate: 66.05%
🔄 2025-09-14 16:11:43 Баланс: 2113.03888126168$ | PnL: 1.38058035000004 💵 | Сделок: 3057 | WinRate: 66.14%
🔄 2025-09-14 16:21:22 Баланс: 2113.08171539182$ | PnL: 1.43241496000004 💵 | Сделок: 3058 | WinRate: 66.15%
🔄 2025-09-14 16:30:46 Баланс: 2113.14604296128$ | PnL: 1.50573913000004 💵 | Сделок: 3059 | WinRate: 66.17%
🔄 2025-09-14 16:40:07 Баланс: 2113.14604296128$ | PnL: 1.50573913000004 💵 | Сделок: 3059 | WinRate: 66.17%
🔄 2025-09-14 16:49:26 Баланс: 2149.33307151253$ | PnL: 8.28869964000004 💵 | Сделок: 3128 | WinRate: 66.82%
🔄 2025-09-14 16:58:40 Баланс: 2174.23662653662$ | PnL: 13.77074302 💵 | Сделок: 3194 | WinRate: 67.44%
🔄 2025-09-14 17:07:47 Баланс: 2175.4230861456$ | PnL: 15.05497838 💵 | Сделок: 3204 | WinRate: 67.54%
🔄 2025-09-14 17:16:54 Баланс: 2165.4141732239$ | PnL: 15.05497838 💵 | Сделок: 3204 | WinRate: 67.54%
🔄 2025-09-14 17:26:02 Баланс: 2175.21332183642$ | PnL: 14.82168015 💵 | Сделок: 3207 | WinRate: 67.51%
🔄 2025-09-14 17:35:11 Баланс: 2164.05830768216$ | PnL: 15.27491783 💵 | Сделок: 3212 | WinRate: 67.56%
🔄 2025-09-14 17:44:22 Баланс: 2163.76411975959$ | PnL: 15.06366272 💵 | Сделок: 3219 | WinRate: 67.57%
🔄 2025-09-14 17:53:30 Баланс: 2153.98838900239$ | PnL: 15.30590526 💵 | Сделок: 3220 | WinRate: 67.58%
🔄 2025-09-14 18:02:34 Баланс: 2180.95492630599$ | PnL: 22.82601189 💵 | Сделок: 3292 | WinRate: 68.26%
🔄 2025-09-14 18:11:36 Баланс: 2222.16709848939$ | PnL: 24.23015256 💵 | Сделок: 3317 | WinRate: 68.41%
🔄 2025-09-14 18:20:31 Баланс: 2212.22434941902$ | PnL: 24.3053919 💵 | Сделок: 3318 | WinRate: 68.41%
🔄 2025-09-14 18:29:30 Баланс: 2202.45243294549$ | PnL: 24.51712536 💵 | Сделок: 3320 | WinRate: 68.43%
🔄 2025-09-14 18:38:31 Баланс: 2192.76419757698$ | PnL: 24.86494314 💵 | Сделок: 3323 | WinRate: 68.46%
🔄 2025-09-14 18:47:43 Баланс: 2218.76183604582$ | PnL: 29.50116002 💵 | Сделок: 3375 | WinRate: 68.89%
🔄 2025-09-14 18:56:40 Баланс: 2225.89168402233$ | PnL: 37.1866644900001 💵 | Сделок: 3436 | WinRate: 69.44%
🔄 2025-09-14 19:05:38 Баланс: 2237.39162268068$ | PnL: 38.8143848700001 💵 | Сделок: 3451 | WinRate: 69.55%
🔄 2025-09-14 19:14:39 Баланс: 2239.01419571511$ | PnL: 40.6326040200001 💵 | Сделок: 3473 | WinRate: 69.68%
🔄 2025-09-14 19:23:43 Баланс: 2240.60396375762$ | PnL: 42.3106071200001 💵 | Сделок: 3483 | WinRate: 69.74%
🔄 2025-09-14 19:32:59 Баланс: 2249.89354653243$ | PnL: 41.6091882000001 💵 | Сделок: 3485 | WinRate: 69.73%
🔄 2025-09-14 19:42:08 Баланс: 2239.98568841844$ | PnL: 41.7189222900001 💵 | Сделок: 3486 | WinRate: 69.74%
🔄 2025-09-14 19:51:20 Баланс: 2240.1460025532$ | PnL: 41.8882386700001 💵 | Сделок: 3487 | WinRate: 69.74%
🔄 2025-09-14 20:00:30 Баланс: 2240.40228385499$ | PnL: 42.1625703600001 💵 | Сделок: 3489 | WinRate: 69.76%
🔄 2025-09-14 20:09:44 Баланс: 2250.6062982438$ | PnL: 42.3845944300001 💵 | Сделок: 3492 | WinRate: 69.76%
🔄 2025-09-14 20:19:09 Баланс: 2249.52798550651$ | PnL: 41.3332843100001 💵 | Сделок: 3495 | WinRate: 69.73%
🔄 2025-09-14 20:29:02 Баланс: 2249.52798550651$ | PnL: 41.3332843100001 💵 | Сделок: 3495 | WinRate: 69.73%
🔄 2025-09-14 20:39:01 Баланс: 2229.50791197801$ | PnL: 41.3332843100001 💵 | Сделок: 3495 | WinRate: 69.73%
🔄 2025-09-14 20:48:36 Баланс: 2219.89556674555$ | PnL: 41.7389465300001 💵 | Сделок: 3496 | WinRate: 69.74%
🔄 2025-09-14 20:57:47 Баланс: 2229.78979429913$ | PnL: 41.6421811100001 💵 | Сделок: 3498 | WinRate: 69.73%
🔄 2025-09-14 21:06:50 Баланс: 2229.78979429913$ | PnL: 41.6421811100001 💵 | Сделок: 3498 | WinRate: 69.73%
🔄 2025-09-14 21:15:55 Баланс: 2229.78979429913$ | PnL: 41.6421811100001 💵 | Сделок: 3498 | WinRate: 69.73%
🔄 2025-09-14 21:24:59 Баланс: 2219.78079336429$ | PnL: 41.6421811100001 💵 | Сделок: 3498 | WinRate: 69.73%
🔄 2025-09-14 21:34:02 Баланс: 2229.46408618929$ | PnL: 41.3254760700001 💵 | Сделок: 3499 | WinRate: 69.71%
🔄 2025-09-14 21:43:05 Баланс: 2228.88438805641$ | PnL: 40.7547942000001 💵 | Сделок: 3500 | WinRate: 69.69%
🔄 2025-09-14 21:52:04 Баланс: 2218.38221333712$ | PnL: 40.2706185500001 💵 | Сделок: 3501 | WinRate: 69.67%
🔄 2025-09-14 22:01:05 Баланс: 2237.45535856813$ | PnL: 39.3485150900001 💵 | Сделок: 3504 | WinRate: 69.61%
🔄 2025-09-14 22:10:04 Баланс: 2257.04488600813$ | PnL: 38.9400014600001 💵 | Сделок: 3506 | WinRate: 69.57%
🔄 2025-09-14 22:19:20 Баланс: 2257.04488600813$ | PnL: 38.9400014600001 💵 | Сделок: 3506 | WinRate: 69.57%
🔄 2025-09-14 22:28:15 Баланс: 2237.02687626337$ | PnL: 38.9400014600001 💵 | Сделок: 3506 | WinRate: 69.57%
🔄 2025-09-14 22:37:12 Баланс: 2237.02687626337$ | PnL: 38.9400014600001 💵 | Сделок: 3506 | WinRate: 69.57%
🔄 2025-09-14 22:46:13 Баланс: 2246.43400123737$ | PnL: 38.3471316100001 💵 | Сделок: 3507 | WinRate: 69.55%
🔄 2025-09-14 22:55:10 Баланс: 2246.43400123737$ | PnL: 38.3471316100001 💵 | Сделок: 3507 | WinRate: 69.55%
🔄 2025-09-14 23:04:06 Баланс: 2246.43400123737$ | PnL: 38.3471316100001 💵 | Сделок: 3507 | WinRate: 69.55%
🔄 2025-09-14 23:12:48 Баланс: 2246.30988252576$ | PnL: 38.2492856300001 💵 | Сделок: 3509 | WinRate: 69.54%
🔄 2025-09-14 23:21:29 Баланс: 2246.30988252576$ | PnL: 38.2492856300001 💵 | Сделок: 3509 | WinRate: 69.54%
🔄 2025-09-14 23:30:11 Баланс: 2256.07134113576$ | PnL: 38.0107492400001 💵 | Сделок: 3510 | WinRate: 69.52%
🔄 2025-09-14 23:38:50 Баланс: 2256.07134113576$ | PnL: 38.0107492400001 💵 | Сделок: 3510 | WinRate: 69.52%
🔄 2025-09-14 23:47:29 Баланс: 2246.06229420356$ | PnL: 38.0107492400001 💵 | Сделок: 3510 | WinRate: 69.52%
🔄 2025-09-14 23:56:08 Баланс: 2246.06229420356$ | PnL: 38.0107492400001 💵 | Сделок: 3510 | WinRate: 69.52%
🔄 2025-09-15 00:04:48 Баланс: 2236.14543498126$ | PnL: 38.1147040300001 💵 | Сделок: 3511 | WinRate: 69.52%
🔄 2025-09-15 00:13:29 Баланс: 2214.27174293034$ | PnL: 37.8469010500001 💵 | Сделок: 3512 | WinRate: 69.5%
🔄 2025-09-15 00:22:08 Баланс: 2204.26268775073$ | PnL: 37.8469010500001 💵 | Сделок: 3512 | WinRate: 69.5%
🔄 2025-09-15 00:30:47 Баланс: 2204.26268775073$ | PnL: 37.8469010500001 💵 | Сделок: 3512 | WinRate: 69.5%
🔄 2025-09-15 00:39:27 Баланс: 2194.24369876873$ | PnL: 37.8469010500001 💵 | Сделок: 3512 | WinRate: 69.5%
🔄 2025-09-15 00:48:06 Баланс: 2194.24369876873$ | PnL: 37.8469010500001 💵 | Сделок: 3512 | WinRate: 69.5%
🔄 2025-09-15 00:56:43 Баланс: 2194.24369876873$ | PnL: 37.8469010500001 💵 | Сделок: 3512 | WinRate: 69.5%
🔄 2025-09-15 01:05:20 Баланс: 2185.06755505651$ | PnL: 38.6887581200001 💵 | Сделок: 3513 | WinRate: 69.51%
🔄 2025-09-15 01:13:57 Баланс: 2175.05855665795$ | PnL: 38.6887581200001 💵 | Сделок: 3513 | WinRate: 69.51%
🔄 2025-09-15 01:22:34 Баланс: 2175.65840886505$ | PnL: 39.3066688500001 💵 | Сделок: 3515 | WinRate: 69.53%
🔄 2025-09-15 01:31:31 Баланс: 2155.64040352124$ | PnL: 39.3066688500001 💵 | Сделок: 3515 | WinRate: 69.53%
🔄 2025-09-15 01:40:11 Баланс: 2085.91783839742$ | PnL: 39.6516388100001 💵 | Сделок: 3516 | WinRate: 69.54%
🔄 2025-09-15 01:48:54 Баланс: 1985.29710466239$ | PnL: 39.1092995500001 💵 | Сделок: 3517 | WinRate: 69.52%
🔄 2025-09-15 01:57:47 Баланс: 1965.6116171919$ | PnL: 39.4508086800001 💵 | Сделок: 3518 | WinRate: 69.53%
🔄 2025-09-15 02:07:04 Баланс: 1955.60268445238$ | PnL: 39.4508086800001 💵 | Сделок: 3518 | WinRate: 69.53%
🔄 2025-09-15 02:16:01 Баланс: 1955.60268445238$ | PnL: 39.4508086800001 💵 | Сделок: 3518 | WinRate: 69.53%
🔄 2025-09-15 02:24:57 Баланс: 1955.60268445238$ | PnL: 39.4508086800001 💵 | Сделок: 3518 | WinRate: 69.53%
🔄 2025-09-15 02:33:53 Баланс: 1935.61634172831$ | PnL: 39.4508086800001 💵 | Сделок: 3518 | WinRate: 69.53%
🔄 2025-09-15 02:42:54 Баланс: 1805.25800013236$ | PnL: 39.2103933400001 💵 | Сделок: 3519 | WinRate: 69.51%
🔄 2025-09-15 02:52:04 Баланс: 1354.11786069635$ | PnL: 38.4836936100001 💵 | Сделок: 3520 | WinRate: 69.49%
🔄 2025-09-15 03:01:52 Баланс: 1352.48594865891$ | PnL: 36.8878643500001 💵 | Сделок: 3524 | WinRate: 69.41%
🔄 2025-09-15 03:11:41 Баланс: 1352.66703191335$ | PnL: 37.0779511600001 💵 | Сделок: 3525 | WinRate: 69.42%
🔄 2025-09-15 03:21:30 Баланс: 1402.15062013706$ | PnL: 36.5795520200001 💵 | Сделок: 3532 | WinRate: 69.31%
🔄 2025-09-15 03:31:21 Баланс: 1609.56022143343$ | PnL: 34.0790169900001 💵 | Сделок: 3557 | WinRate: 68.88%
🔄 2025-09-15 03:40:47 Баланс: 1845.93739912782$ | PnL: 30.4810407700001 💵 | Сделок: 3584 | WinRate: 68.42%
🔄 2025-09-15 03:49:48 Баланс: 1857.3527341467$ | PnL: 30.3304154900001 💵 | Сделок: 3586 | WinRate: 68.38%
🔄 2025-09-15 03:58:50 Баланс: 1877.09107258425$ | PnL: 30.0975340900001 💵 | Сделок: 3589 | WinRate: 68.35%
🔄 2025-09-15 04:07:51 Баланс: 1887.05400164735$ | PnL: 30.0694576500001 💵 | Сделок: 3591 | WinRate: 68.34%
🔄 2025-09-15 04:16:52 Баланс: 1897.32470675919$ | PnL: 30.2117358300001 💵 | Сделок: 3597 | WinRate: 68.36%
🔄 2025-09-15 04:25:47 Баланс: 1887.00959932106$ | PnL: 29.8515427200001 💵 | Сделок: 3599 | WinRate: 68.35%
🔄 2025-09-15 04:34:45 Баланс: 1877.00059297936$ | PnL: 29.8515427200001 💵 | Сделок: 3599 | WinRate: 68.35%
🔄 2025-09-15 04:43:46 Баланс: 1857.25718830092$ | PnL: 30.1351342500001 💵 | Сделок: 3600 | WinRate: 68.36%
🔄 2025-09-15 04:52:47 Баланс: 1857.25718830092$ | PnL: 30.1351342500001 💵 | Сделок: 3600 | WinRate: 68.36%
🔄 2025-09-15 05:01:48 Баланс: 1857.57248672727$ | PnL: 30.4594331900001 💵 | Сделок: 3601 | WinRate: 68.37%
🔄 2025-09-15 05:10:51 Баланс: 1974.83653190541$ | PnL: 27.9380337700001 💵 | Сделок: 3619 | WinRate: 68.14%
🔄 2025-09-15 05:19:42 Баланс: 2045.27599076261$ | PnL: 27.1250379400001 💵 | Сделок: 3633 | WinRate: 68.04%
🔄 2025-09-15 05:28:28 Баланс: 2135.85718560319$ | PnL: 27.8909335500001 💵 | Сделок: 3659 | WinRate: 68.02%
🔄 2025-09-15 05:37:05 Баланс: 2185.0770358369$ | PnL: 27.1468316600001 💵 | Сделок: 3668 | WinRate: 67.97%
🔄 2025-09-15 05:46:49 Баланс: 2194.93758790275$ | PnL: 27.0163825400001 💵 | Сделок: 3670 | WinRate: 67.96%
🔄 2025-09-15 05:55:40 Баланс: 2184.63648269386$ | PnL: 26.7332769800001 💵 | Сделок: 3671 | WinRate: 67.94%
🔄 2025-09-15 06:04:33 Баланс: 2174.6274803017$ | PnL: 26.7332769800001 💵 | Сделок: 3671 | WinRate: 67.94%
🔄 2025-09-15 06:13:05 Баланс: 2123.98249375219$ | PnL: 26.1389917400001 💵 | Сделок: 3672 | WinRate: 67.92%
🔄 2025-09-15 06:21:42 Баланс: 2074.19272695113$ | PnL: 26.4042434300001 💵 | Сделок: 3673 | WinRate: 67.93%
🔄 2025-09-15 06:30:24 Баланс: 2064.7869796247$ | PnL: 27.0255201200001 💵 | Сделок: 3675 | WinRate: 67.95%
🔄 2025-09-15 06:39:05 Баланс: 2064.7869796247$ | PnL: 27.0255201200001 💵 | Сделок: 3675 | WinRate: 67.95%
🔄 2025-09-15 06:47:47 Баланс: 2074.82978354523$ | PnL: 27.0773163000001 💵 | Сделок: 3677 | WinRate: 67.94%
🔄 2025-09-15 06:56:28 Баланс: 2074.53917627651$ | PnL: 26.7957266500001 💵 | Сделок: 3678 | WinRate: 67.92%
🔄 2025-09-15 07:05:10 Баланс: 2064.53016977066$ | PnL: 26.7957266500001 💵 | Сделок: 3678 | WinRate: 67.92%
🔄 2025-09-15 07:13:51 Баланс: 1994.15865222662$ | PnL: 26.6918834600001 💵 | Сделок: 3679 | WinRate: 67.9%
🔄 2025-09-15 07:22:40 Баланс: 1993.04825617117$ | PnL: 25.9964365600001 💵 | Сделок: 3682 | WinRate: 67.84%
🔄 2025-09-15 07:31:29 Баланс: 1993.04825617117$ | PnL: 25.9964365600001 💵 | Сделок: 3682 | WinRate: 67.84%
🔄 2025-09-15 07:40:18 Баланс: 1992.66286324746$ | PnL: 25.6380959900001 💵 | Сделок: 3685 | WinRate: 67.82%
🔄 2025-09-15 07:49:07 Баланс: 1933.25312646383$ | PnL: 26.3092827700001 💵 | Сделок: 3688 | WinRate: 67.84%
🔄 2025-09-15 07:57:59 Баланс: 1772.5819766423$ | PnL: 25.8101883500001 💵 | Сделок: 3691 | WinRate: 67.81%
🔄 2025-09-15 08:07:06 Баланс: 1752.52108573613$ | PnL: 25.6243139600001 💵 | Сделок: 3692 | WinRate: 67.8%
🔄 2025-09-15 08:16:14 Баланс: 1732.50308603941$ | PnL: 25.6243139600001 💵 | Сделок: 3692 | WinRate: 67.8%
🔄 2025-09-15 08:25:22 Баланс: 1693.83621449132$ | PnL: 25.5060385500001 💵 | Сделок: 3693 | WinRate: 67.78%
🔄 2025-09-15 08:34:36 Баланс: 1735.14276691679$ | PnL: 23.8692844000001 💵 | Сделок: 3704 | WinRate: 67.66%
🔄 2025-09-15 08:43:47 Баланс: 1714.66567255543$ | PnL: 23.4470825500001 💵 | Сделок: 3708 | WinRate: 67.66%
🔄 2025-09-15 08:53:00 Баланс: 1610.30901112251$ | PnL: 20.8178711200001 💵 | Сделок: 3712 | WinRate: 67.62%
🔄 2025-09-15 09:02:23 Баланс: 1578.67998731756$ | PnL: 20.8178711200001 💵 | Сделок: 3712 | WinRate: 67.62%
🔄 2025-09-15 09:11:49 Баланс: 1518.10683230647$ | PnL: 20.2940754900001 💵 | Сделок: 3714 | WinRate: 67.58%
🔄 2025-09-15 09:21:20 Баланс: 1147.01984107535$ | PnL: 19.5670027500001 💵 | Сделок: 3717 | WinRate: 67.53%
🔄 2025-09-15 09:31:26 Баланс: 1015.6542247369$ | PnL: 18.4098233300001 💵 | Сделок: 3723 | WinRate: 67.47%
🔄 2025-09-15 09:41:51 Баланс: 1004.31424418171$ | PnL: 17.1592318600001 💵 | Сделок: 3728 | WinRate: 67.41%
🔄 2025-09-15 09:52:11 Баланс: 974.287225975341$ | PnL: 17.1592318600001 💵 | Сделок: 3728 | WinRate: 67.41%
🔄 2025-09-15 10:02:34 Баланс: 953.127473889241$ | PnL: 16.0617359900001 💵 | Сделок: 3733 | WinRate: 67.35%
🔄 2025-09-15 10:13:01 Баланс: 952.688773008682$ | PnL: 15.5899637100001 💵 | Сделок: 3738 | WinRate: 67.34%
🔄 2025-09-15 10:23:30 Баланс: 942.683071644838$ | PnL: 15.4836341500001 💵 | Сделок: 3745 | WinRate: 67.32%
🔄 2025-09-15 10:34:00 Баланс: 933.344641025308$ | PnL: 16.1811656400001 💵 | Сделок: 3748 | WinRate: 67.34%
🔄 2025-09-15 10:44:31 Баланс: 1011.63205662114$ | PnL: 14.4916135700001 💵 | Сделок: 3760 | WinRate: 67.18%
🔄 2025-09-15 10:54:59 Баланс: 1393.47756129659$ | PnL: 6.35472715000011 💵 | Сделок: 3801 | WinRate: 66.51%
🔄 2025-09-15 11:05:10 Баланс: 1698.08684741748$ | PnL: 1.01406863000011 💵 | Сделок: 3836 | WinRate: 65.98%
🔄 2025-09-15 11:14:59 Баланс: 1707.91362884748$ | PnL: 0.840718160000112 💵 | Сделок: 3837 | WinRate: 65.96%
🔄 2025-09-15 11:24:41 Баланс: 1707.91362884748$ | PnL: 0.840718160000112 💵 | Сделок: 3837 | WinRate: 65.96%
🔄 2025-09-15 11:34:27 Баланс: 1657.63119512062$ | PnL: 0.684102470000112 💵 | Сделок: 3846 | WinRate: 65.91%
🔄 2025-09-15 11:44:29 Баланс: 2151.38703637017$ | PnL: -4.73145759999989 💵 | Сделок: 3974 | WinRate: 65.37%
🔄 2025-09-15 11:58:15 Баланс: 2349.51122562497$ | PnL: -6.35710360999989 💵 | Сделок: 4027 | WinRate: 65.33%
🔄 2025-09-15 12:08:25 Баланс: 2360.76585379771$ | PnL: 5.89983217000011 💵 | Сделок: 4142 | WinRate: 66.18%
🔄 2025-09-15 12:18:35 Баланс: 2392.55698680196$ | PnL: 8.0005247000001 💵 | Сделок: 4228 | WinRate: 66.58%
🔄 2025-09-15 12:28:47 Баланс: 2402.68252016147$ | PnL: 8.1530230300001 💵 | Сделок: 4232 | WinRate: 66.59%
🔄 2025-09-15 12:39:02 Баланс: 2393.38234297117$ | PnL: 8.8981755200001 💵 | Сделок: 4236 | WinRate: 66.62%
🔄 2025-09-15 12:49:15 Баланс: 2395.84883399135$ | PnL: 11.3847350700001 💵 | Сделок: 4248 | WinRate: 66.71%
🔄 2025-09-15 12:59:16 Баланс: 2343.01156775382$ | PnL: 22.4247248600001 💵 | Сделок: 4345 | WinRate: 67.39%
🔄 2025-09-15 13:09:31 Баланс: 2392.62603564545$ | PnL: 29.2953077500001 💵 | Сделок: 4414 | WinRate: 67.78%
🔄 2025-09-15 13:19:34 Баланс: 2382.6170371508$ | PnL: 29.2953077500001 💵 | Сделок: 4414 | WinRate: 67.78%
🔄 2025-09-15 13:29:36 Баланс: 2382.85147312556$ | PnL: 29.5393976900001 💵 | Сделок: 4415 | WinRate: 67.79%
🔄 2025-09-15 13:40:01 Баланс: 2383.04023643162$ | PnL: 29.7459324100001 💵 | Сделок: 4417 | WinRate: 67.81%
🔄 2025-09-15 13:50:22 Баланс: 2383.04023643162$ | PnL: 29.7459324100001 💵 | Сделок: 4417 | WinRate: 67.81%
🔄 2025-09-15 14:00:28 Баланс: 2372.62219196722$ | PnL: 29.3458954800001 💵 | Сделок: 4418 | WinRate: 67.79%
🔄 2025-09-15 14:10:46 Баланс: 2392.41791359216$ | PnL: 29.1596214600001 💵 | Сделок: 4422 | WinRate: 67.77%
🔄 2025-09-15 14:20:56 Баланс: 2392.66556656164$ | PnL: 29.4252741200001 💵 | Сделок: 4424 | WinRate: 67.79%
🔄 2025-09-15 14:30:46 Баланс: 2383.05293223003$ | PnL: 29.8401481700001 💵 | Сделок: 4426 | WinRate: 67.8%
🔄 2025-09-15 14:40:53 Баланс: 2373.13254229059$ | PnL: 29.9376854100001 💵 | Сделок: 4427 | WinRate: 67.81%
🔄 2025-09-15 14:51:04 Баланс: 2383.41924933632$ | PnL: 30.2333945900001 💵 | Сделок: 4429 | WinRate: 67.83%
