🔄 2025-09-11 16:49:51 Баланс: 5000$ | PnL: 0 💵 | Сделок: 0 | WinRate: 0%
🔄 2025-09-11 16:55:02 Баланс: 4499.52431075467$ | PnL: 0 💵 | Сделок: 0 | WinRate: 0%
🔄 2025-09-11 17:01:12 Баланс: 4209.26314638958$ | PnL: 0 💵 | Сделок: 0 | WinRate: 0%
🔄 2025-09-11 17:08:24 Баланс: 3618.96834112293$ | PnL: 0 💵 | Сделок: 0 | WinRate: 0%
🔄 2025-09-11 17:15:50 Баланс: 3339.28081021874$ | PnL: 0.63788409 💵 | Сделок: 8 | WinRate: 87.5%
🔄 2025-09-11 17:24:42 Баланс: 3289.98447014869$ | PnL: 1.44986115 💵 | Сделок: 15 | WinRate: 93.33%
🔄 2025-09-11 17:32:52 Баланс: 3279.97572818071$ | PnL: 1.44986115 💵 | Сделок: 15 | WinRate: 93.33%
🔄 2025-09-11 17:40:54 Баланс: 3260.13502369957$ | PnL: 1.63615892 💵 | Сделок: 16 | WinRate: 93.75%
🔄 2025-09-11 17:49:27 Баланс: 3260.13502369957$ | PnL: 1.63615892 💵 | Сделок: 16 | WinRate: 93.75%
🔄 2025-09-11 18:01:29 Баланс: 3250.12603370857$ | PnL: 1.63615892 💵 | Сделок: 16 | WinRate: 93.75%
🔄 2025-09-11 18:10:33 Баланс: 3220.09903437517$ | PnL: 1.63615892 💵 | Сделок: 16 | WinRate: 93.75%
🔄 2025-09-11 18:19:58 Баланс: 3200.0760478113$ | PnL: 1.63615892 💵 | Сделок: 16 | WinRate: 93.75%
🔄 2025-09-11 18:28:58 Баланс: 3151.1946092848$ | PnL: 2.87311195 💵 | Сделок: 25 | WinRate: 96%
🔄 2025-09-11 18:37:45 Баланс: 3139.57051975634$ | PnL: 2.73218472 💵 | Сделок: 27 | WinRate: 92.59%
🔄 2025-09-11 18:46:17 Баланс: 3139.75717571903$ | PnL: 2.92784044 💵 | Сделок: 28 | WinRate: 92.86%
🔄 2025-09-11 18:54:32 Баланс: 3139.43803730309$ | PnL: 2.61766687 💵 | Сделок: 29 | WinRate: 89.66%
🔄 2025-09-11 19:02:49 Баланс: 3109.49104525007$ | PnL: 2.72414907 💵 | Сделок: 32 | WinRate: 87.5%
🔄 2025-09-11 19:11:11 Баланс: 3079.4702470807$ | PnL: 2.72414907 💵 | Сделок: 32 | WinRate: 87.5%
🔄 2025-09-11 19:19:36 Баланс: 3069.67433883218$ | PnL: 2.94617934 💵 | Сделок: 33 | WinRate: 87.88%
🔄 2025-09-11 19:27:52 Баланс: 3069.87555413332$ | PnL: 3.15714748 💵 | Сделок: 34 | WinRate: 88.24%
🔄 2025-09-11 19:36:16 Баланс: 3079.77302195912$ | PnL: 3.06361551 💵 | Сделок: 36 | WinRate: 86.11%
🔄 2025-09-11 19:44:27 Баланс: 3059.75501168989$ | PnL: 3.06361551 💵 | Сделок: 36 | WinRate: 86.11%
🔄 2025-09-11 19:52:40 Баланс: 3030.25906767689$ | PnL: 3.62101487 💵 | Сделок: 39 | WinRate: 87.18%
🔄 2025-09-11 20:01:01 Баланс: 3029.74639067623$ | PnL: 3.12633728 💵 | Сделок: 41 | WinRate: 85.37%
🔄 2025-09-11 20:09:12 Баланс: 3019.9307404978$ | PnL: 3.35545645 💵 | Сделок: 45 | WinRate: 84.44%
🔄 2025-09-11 20:17:33 Баланс: 2969.81095848041$ | PnL: 3.29858769 💵 | Сделок: 47 | WinRate: 82.98%
🔄 2025-09-11 20:26:00 Баланс: 2970.18123069499$ | PnL: 3.67780081 💵 | Сделок: 48 | WinRate: 83.33%
🔄 2025-09-11 20:34:15 Баланс: 2960.1722294799$ | PnL: 3.67780081 💵 | Сделок: 48 | WinRate: 83.33%
🔄 2025-09-11 20:42:34 Баланс: 2959.51075460918$ | PnL: 3.02532572 💵 | Сделок: 49 | WinRate: 81.63%
🔄 2025-09-11 20:51:06 Баланс: 2949.68032063932$ | PnL: 3.21290014 💵 | Сделок: 50 | WinRate: 82%
🔄 2025-09-11 20:59:26 Баланс: 2959.47707830932$ | PnL: 3.00961971 💵 | Сделок: 51 | WinRate: 80.39%
🔄 2025-09-11 21:07:48 Баланс: 2959.29244150728$ | PnL: 2.83395137 💵 | Сделок: 52 | WinRate: 78.85%
🔄 2025-09-11 21:16:11 Баланс: 2929.26610059192$ | PnL: 2.83395137 💵 | Сделок: 52 | WinRate: 78.85%
🔄 2025-09-11 21:24:34 Баланс: 2929.74029724266$ | PnL: 3.33502425 💵 | Сделок: 55 | WinRate: 78.18%
🔄 2025-09-11 21:32:57 Баланс: 2909.72235417986$ | PnL: 3.33502425 💵 | Сделок: 55 | WinRate: 78.18%
🔄 2025-09-11 21:41:24 Баланс: 2899.75229053373$ | PnL: 3.3968964 💵 | Сделок: 57 | WinRate: 77.19%
🔄 2025-09-11 21:49:56 Баланс: 2879.99408617558$ | PnL: 3.66575784 💵 | Сделок: 58 | WinRate: 77.59%
🔄 2025-09-11 21:58:25 Баланс: 2879.99408617558$ | PnL: 3.66575784 💵 | Сделок: 58 | WinRate: 77.59%
🔄 2025-09-11 22:06:52 Баланс: 2849.96566377508$ | PnL: 3.66575784 💵 | Сделок: 58 | WinRate: 77.59%
🔄 2025-09-11 22:15:25 Баланс: 2820.13759375103$ | PnL: 3.87359333 💵 | Сделок: 59 | WinRate: 77.97%
🔄 2025-09-11 22:24:02 Баланс: 2829.80626696803$ | PnL: 3.54226759 💵 | Сделок: 60 | WinRate: 76.67%
🔄 2025-09-11 22:32:36 Баланс: 2829.55257565964$ | PnL: 3.29762997 💵 | Сделок: 61 | WinRate: 75.41%
🔄 2025-09-11 22:41:13 Баланс: 2829.12554036042$ | PnL: 2.88853382 💵 | Сделок: 63 | WinRate: 73.02%
🔄 2025-09-11 22:49:47 Баланс: 2838.69518118042$ | PnL: 2.45817255 💵 | Сделок: 64 | WinRate: 71.88%
🔄 2025-09-11 22:58:18 Баланс: 2828.68618126579$ | PnL: 2.45817255 💵 | Сделок: 64 | WinRate: 71.88%
🔄 2025-09-11 23:06:52 Баланс: 2828.68618126579$ | PnL: 2.45817255 💵 | Сделок: 64 | WinRate: 71.88%
🔄 2025-09-11 23:15:25 Баланс: 2828.852970663$ | PnL: 2.63396295 💵 | Сделок: 65 | WinRate: 72.31%
🔄 2025-09-11 23:24:01 Баланс: 2828.852970663$ | PnL: 2.63396295 💵 | Сделок: 65 | WinRate: 72.31%
🔄 2025-09-11 23:32:35 Баланс: 2828.852970663$ | PnL: 2.63396295 💵 | Сделок: 65 | WinRate: 72.31%
🔄 2025-09-11 23:41:08 Баланс: 2818.70193314017$ | PnL: 2.52791501 💵 | Сделок: 69 | WinRate: 71.01%
🔄 2025-09-11 23:49:37 Баланс: 2818.52823733565$ | PnL: 2.36264599 💵 | Сделок: 70 | WinRate: 70%
🔄 2025-09-11 23:58:06 Баланс: 2828.0738138363$ | PnL: 1.91722767 💵 | Сделок: 72 | WinRate: 68.06%
🔄 2025-09-12 00:06:36 Баланс: 2818.21121734205$ | PnL: 2.07397492 💵 | Сделок: 73 | WinRate: 68.49%
🔄 2025-09-12 00:15:07 Баланс: 2818.62417471093$ | PnL: 2.49593312 💵 | Сделок: 74 | WinRate: 68.92%
🔄 2025-09-12 00:23:36 Баланс: 2798.60588244813$ | PnL: 2.49593312 💵 | Сделок: 74 | WinRate: 68.92%
🔄 2025-09-12 00:32:06 Баланс: 2797.85882444227$ | PnL: 1.78419839 💵 | Сделок: 78 | WinRate: 66.67%
🔄 2025-09-12 00:40:36 Баланс: 2728.1652908188$ | PnL: 2.15926492 💵 | Сделок: 80 | WinRate: 67.5%
🔄 2025-09-12 00:49:12 Баланс: 2728.1652908188$ | PnL: 2.15926492 💵 | Сделок: 80 | WinRate: 67.5%
🔄 2025-09-12 00:57:49 Баланс: 2717.93289370133$ | PnL: 1.95621184 💵 | Сделок: 82 | WinRate: 67.07%
🔄 2025-09-12 01:06:27 Баланс: 2717.93289370133$ | PnL: 1.95621184 💵 | Сделок: 82 | WinRate: 67.07%
🔄 2025-09-12 01:15:21 Баланс: 2707.00429817161$ | PnL: 1.07118 💵 | Сделок: 86 | WinRate: 63.95%
🔄 2025-09-12 01:23:55 Баланс: 2697.20711978394$ | PnL: 1.29200246 💵 | Сделок: 87 | WinRate: 64.37%
🔄 2025-09-12 01:32:33 Баланс: 2687.37549114105$ | PnL: 1.47847855 💵 | Сделок: 88 | WinRate: 64.77%
🔄 2025-09-12 01:41:37 Баланс: 2657.06850400538$ | PnL: 1.24507284 💵 | Сделок: 93 | WinRate: 62.37%
🔄 2025-09-12 01:50:17 Баланс: 2643.58282684686$ | PnL: 0.686516009999998 💵 | Сделок: 95 | WinRate: 61.05%
🔄 2025-09-12 01:58:58 Баланс: 2583.70274658387$ | PnL: 0.686516009999998 💵 | Сделок: 95 | WinRate: 61.05%
🔄 2025-09-12 02:07:43 Баланс: 2583.92195310397$ | PnL: 0.932577559999997 💵 | Сделок: 98 | WinRate: 61.22%
🔄 2025-09-12 02:16:31 Баланс: 2612.68777008476$ | PnL: -0.274425960000002 💵 | Сделок: 104 | WinRate: 58.65%
🔄 2025-09-12 02:25:07 Баланс: 2512.80619839867$ | PnL: 0.0329026599999976 💵 | Сделок: 115 | WinRate: 58.26%
🔄 2025-09-12 02:33:54 Баланс: 2527.65264485392$ | PnL: -4.7876062 💵 | Сделок: 142 | WinRate: 50.7%
🔄 2025-09-12 02:42:40 Баланс: 2467.7994211891$ | PnL: -4.77545021 💵 | Сделок: 144 | WinRate: 50.69%
🔄 2025-09-12 02:51:28 Баланс: 2468.5061279602$ | PnL: -4.37051224 💵 | Сделок: 149 | WinRate: 51.68%
🔄 2025-09-12 03:00:14 Баланс: 2457.55914257195$ | PnL: -5.26347712 💵 | Сделок: 154 | WinRate: 50.65%
🔄 2025-09-12 03:09:02 Баланс: 2027.43964518112$ | PnL: -5.09580177 💵 | Сделок: 155 | WinRate: 50.97%
🔄 2025-09-12 03:18:34 Баланс: 1946.81049453781$ | PnL: -5.58245948 💵 | Сделок: 163 | WinRate: 50.92%
🔄 2025-09-12 03:28:16 Баланс: 1926.22262954712$ | PnL: -6.08023109 💵 | Сделок: 171 | WinRate: 50.29%
🔄 2025-09-12 03:38:04 Баланс: 1984.5876399315$ | PnL: -7.66065891 💵 | Сделок: 183 | WinRate: 49.73%
🔄 2025-09-12 03:47:41 Баланс: 1974.85619116181$ | PnL: -7.37410754 💵 | Сделок: 184 | WinRate: 50%
🔄 2025-09-12 03:57:21 Баланс: 1984.45926496181$ | PnL: -7.53603374 💵 | Сделок: 185 | WinRate: 49.73%
🔄 2025-09-12 04:06:59 Баланс: 1983.74944820436$ | PnL: -8.21014231 💵 | Сделок: 189 | WinRate: 49.21%
🔄 2025-09-12 04:16:38 Баланс: 1953.73114760922$ | PnL: -8.11554214 💵 | Сделок: 192 | WinRate: 49.48%
🔄 2025-09-12 04:26:22 Баланс: 1973.2829019766$ | PnL: -8.54570566 💵 | Сделок: 196 | WinRate: 48.98%
🔄 2025-09-12 04:36:05 Баланс: 1923.91360859$ | PnL: -7.58863718 💵 | Сделок: 210 | WinRate: 50.95%
🔄 2025-09-12 04:45:51 Баланс: 1914.60440134199$ | PnL: -6.60920641 💵 | Сделок: 230 | WinRate: 52.61%
🔄 2025-09-12 04:55:38 Баланс: 2064.18271299336$ | PnL: -6.45306765000001 💵 | Сделок: 282 | WinRate: 54.61%
🔄 2025-09-12 05:05:09 Баланс: 2095.03571314726$ | PnL: -5.48049377000001 💵 | Сделок: 294 | WinRate: 55.44%
🔄 2025-09-12 05:14:38 Баланс: 2113.579671554$ | PnL: -6.90628236000001 💵 | Сделок: 299 | WinRate: 55.52%
🔄 2025-09-12 05:24:05 Баланс: 2114.21692655656$ | PnL: -6.23302081000001 💵 | Сделок: 303 | WinRate: 56.11%
🔄 2025-09-12 05:33:35 Баланс: 2094.50015062936$ | PnL: -5.91378946000001 💵 | Сделок: 305 | WinRate: 56.39%
🔄 2025-09-12 05:38:11 Баланс: 2084.5901131425$ | PnL: -5.80582366000001 💵 | Сделок: 306 | WinRate: 56.54%
🔄 2025-09-12 05:38:18 Баланс: 2084.5901131425$ | PnL: -5.80582366000001 💵 | Сделок: 306 | WinRate: 56.54%
🔄 2025-09-12 05:38:23 Баланс: 2084.5901131425$ | PnL: -5.80582366000001 💵 | Сделок: 306 | WinRate: 56.54%
🔄 2025-09-12 05:38:30 Баланс: 2084.5901131425$ | PnL: -5.80582366000001 💵 | Сделок: 306 | WinRate: 56.54%
🔄 2025-09-12 05:38:36 Баланс: 2084.5901131425$ | PnL: -5.80582366000001 💵 | Сделок: 306 | WinRate: 56.54%
🔄 2025-09-12 05:38:42 Баланс: 2084.5901131425$ | PnL: -5.80582366000001 💵 | Сделок: 306 | WinRate: 56.54%
🔄 2025-09-12 05:38:48 Баланс: 2084.5901131425$ | PnL: -5.80582366000001 💵 | Сделок: 306 | WinRate: 56.54%
🔄 2025-09-12 05:38:54 Баланс: 2084.5901131425$ | PnL: -5.80582366000001 💵 | Сделок: 306 | WinRate: 56.54%
🔄 2025-09-12 05:40:59 Баланс: 2084.5901131425$ | PnL: -5.80582366000001 💵 | Сделок: 306 | WinRate: 56.54%
🔄 2025-09-12 05:50:22 Баланс: 2094.0384559125$ | PnL: -6.35748025000001 💵 | Сделок: 307 | WinRate: 56.35%
🔄 2025-09-12 05:59:44 Баланс: 2094.2151627351$ | PnL: -6.17176091000001 💵 | Сделок: 308 | WinRate: 56.49%
🔄 2025-09-12 06:09:10 Баланс: 2084.72222043894$ | PnL: -5.64673012000001 💵 | Сделок: 309 | WinRate: 56.63%
🔄 2025-09-12 06:18:34 Баланс: 2085.10412765777$ | PnL: -5.25582245000001 💵 | Сделок: 310 | WinRate: 56.77%
🔄 2025-09-12 06:28:05 Баланс: 2085.93890363136$ | PnL: -4.40302251000001 💵 | Сделок: 312 | WinRate: 57.05%
🔄 2025-09-12 06:37:37 Баланс: 2075.63968819902$ | PnL: -4.67523728000001 💵 | Сделок: 314 | WinRate: 57.01%
🔄 2025-09-12 06:47:11 Баланс: 2065.97719023765$ | PnL: -4.31973823000001 💵 | Сделок: 315 | WinRate: 57.14%
🔄 2025-09-12 06:56:46 Баланс: 2066.19029452368$ | PnL: -4.09768439000001 💵 | Сделок: 316 | WinRate: 57.28%
🔄 2025-09-12 07:06:19 Баланс: 2056.38666228456$ | PnL: -3.88331789000001 💵 | Сделок: 317 | WinRate: 57.41%
🔄 2025-09-12 07:15:50 Баланс: 2056.38666228456$ | PnL: -3.88331789000001 💵 | Сделок: 317 | WinRate: 57.41%
🔄 2025-09-12 07:25:21 Баланс: 2056.68104834718$ | PnL: -3.57992426000001 💵 | Сделок: 318 | WinRate: 57.55%
🔄 2025-09-12 07:34:55 Баланс: 2056.68104834718$ | PnL: -3.57992426000001 💵 | Сделок: 318 | WinRate: 57.55%
🔄 2025-09-12 07:44:29 Баланс: 2076.64782225527$ | PnL: -3.60441726000001 💵 | Сделок: 321 | WinRate: 57.32%
🔄 2025-09-12 07:54:03 Баланс: 2076.64782225527$ | PnL: -3.60441726000001 💵 | Сделок: 321 | WinRate: 57.32%
🔄 2025-09-12 08:03:35 Баланс: 2086.44617361927$ | PnL: -3.75991943000001 💵 | Сделок: 323 | WinRate: 57.28%
🔄 2025-09-12 08:13:05 Баланс: 2086.04651475592$ | PnL: -4.12922133000001 💵 | Сделок: 326 | WinRate: 57.36%
🔄 2025-09-12 08:23:06 Баланс: 2085.76674168058$ | PnL: -4.39883568000001 💵 | Сделок: 327 | WinRate: 57.19%
🔄 2025-09-12 08:32:39 Баланс: 2085.73991922119$ | PnL: -4.39810132000001 💵 | Сделок: 330 | WinRate: 57.27%
🔄 2025-09-12 08:42:10 Баланс: 2086.31354689101$ | PnL: -3.81035191000001 💵 | Сделок: 333 | WinRate: 57.66%
🔄 2025-09-12 08:51:39 Баланс: 2087.29833726399$ | PnL: -2.80795007000001 💵 | Сделок: 335 | WinRate: 57.91%
🔄 2025-09-12 09:01:08 Баланс: 2087.7133543369$ | PnL: -2.38393091000001 💵 | Сделок: 336 | WinRate: 58.04%
🔄 2025-09-12 09:10:40 Баланс: 2057.91760623578$ | PnL: -2.12344629000001 💵 | Сделок: 338 | WinRate: 58.28%
🔄 2025-09-12 09:20:33 Баланс: 2047.89746752324$ | PnL: -1.95985339000001 💵 | Сделок: 339 | WinRate: 58.41%
🔄 2025-09-12 09:30:25 Баланс: 2028.56355274963$ | PnL: -1.26523408000001 💵 | Сделок: 343 | WinRate: 58.89%
🔄 2025-09-12 09:40:11 Баланс: 2029.28397116505$ | PnL: -0.517919180000011 💵 | Сделок: 346 | WinRate: 59.25%
🔄 2025-09-12 09:50:12 Баланс: 1989.91162255289$ | PnL: 0.302570739999989 💵 | Сделок: 351 | WinRate: 59.83%
🔄 2025-09-12 10:01:05 Баланс: 2029.25334062044$ | PnL: -0.205720700000011 💵 | Сделок: 360 | WinRate: 59.72%
🔄 2025-09-12 10:11:17 Баланс: 2049.93900575553$ | PnL: 0.664258229999989 💵 | Сделок: 370 | WinRate: 60.27%
🔄 2025-09-12 10:21:17 Баланс: 2049.45215446787$ | PnL: 0.204407119999989 💵 | Сделок: 373 | WinRate: 60.05%
🔄 2025-09-12 10:31:11 Баланс: 2020.20455124905$ | PnL: 1.01252243999999 💵 | Сделок: 376 | WinRate: 60.37%
🔄 2025-09-12 10:41:50 Баланс: 2030.12917780272$ | PnL: 0.946134329999989 💵 | Сделок: 378 | WinRate: 60.32%
🔄 2025-09-12 10:52:02 Баланс: 2029.82076936415$ | PnL: 0.646728139999989 💵 | Сделок: 379 | WinRate: 60.16%
🔄 2025-09-12 11:02:07 Баланс: 2039.79494109801$ | PnL: 0.625002059999989 💵 | Сделок: 381 | WinRate: 60.1%
🔄 2025-09-12 11:12:05 Баланс: 2039.66519358903$ | PnL: 0.522187629999989 💵 | Сделок: 384 | WinRate: 60.16%
🔄 2025-09-12 11:22:37 Баланс: 2059.83049154903$ | PnL: 0.704884639999989 💵 | Сделок: 388 | WinRate: 60.31%
🔄 2025-09-12 11:33:45 Баланс: 2080.39714927893$ | PnL: 1.27153772999999 💵 | Сделок: 390 | WinRate: 60.51%
🔄 2025-09-12 11:44:19 Баланс: 2070.52390280156$ | PnL: 1.40052658999999 💵 | Сделок: 391 | WinRate: 60.61%
🔄 2025-09-12 11:55:34 Баланс: 2080.48580343834$ | PnL: 1.37141084999999 💵 | Сделок: 393 | WinRate: 60.56%
🔄 2025-09-12 12:06:00 Баланс: 2080.58946305425$ | PnL: 1.51110720999999 💵 | Сделок: 397 | WinRate: 60.45%
🔄 2025-09-12 12:16:28 Баланс: 2060.57146179928$ | PnL: 1.51110720999999 💵 | Сделок: 397 | WinRate: 60.45%
🔄 2025-09-12 12:27:09 Баланс: 2030.91599150254$ | PnL: 1.89258423999999 💵 | Сделок: 398 | WinRate: 60.55%
🔄 2025-09-12 12:37:52 Баланс: 2010.75573492727$ | PnL: 1.75924529999999 💵 | Сделок: 399 | WinRate: 60.4%
🔄 2025-09-12 12:48:41 Баланс: 2010.75573492727$ | PnL: 1.75924529999999 💵 | Сделок: 399 | WinRate: 60.4%
🔄 2025-09-12 12:59:27 Баланс: 2010.75573492727$ | PnL: 1.75924529999999 💵 | Сделок: 399 | WinRate: 60.4%
🔄 2025-09-12 13:10:12 Баланс: 1970.7197726592$ | PnL: 1.75924529999999 💵 | Сделок: 399 | WinRate: 60.4%
🔄 2025-09-12 13:21:02 Баланс: 1950.70177529257$ | PnL: 1.75924529999999 💵 | Сделок: 399 | WinRate: 60.4%
🔄 2025-09-12 13:31:52 Баланс: 1940.69277809509$ | PnL: 1.75924529999999 💵 | Сделок: 399 | WinRate: 60.4%
🔄 2025-09-12 13:42:53 Баланс: 1810.30617599753$ | PnL: 1.49889938999999 💵 | Сделок: 400 | WinRate: 60.25%
🔄 2025-09-12 13:53:56 Баланс: 1730.01419890523$ | PnL: 1.32417148999999 💵 | Сделок: 405 | WinRate: 60%
🔄 2025-09-12 14:05:13 Баланс: 1699.74938094028$ | PnL: 1.07479396999999 💵 | Сделок: 406 | WinRate: 59.85%
🔄 2025-09-12 14:16:06 Баланс: 1647.74974095671$ | PnL: -0.789652500000012 💵 | Сделок: 416 | WinRate: 58.89%
🔄 2025-09-12 14:26:59 Баланс: 1597.80634453704$ | PnL: -0.699295940000012 💵 | Сделок: 417 | WinRate: 58.99%
🔄 2025-09-12 14:38:04 Баланс: 1527.54448334598$ | PnL: -0.877633450000011 💵 | Сделок: 419 | WinRate: 58.95%
🔄 2025-09-12 14:49:29 Баланс: 1537.94416769207$ | PnL: -0.459948360000011 💵 | Сделок: 422 | WinRate: 59%
🔄 2025-09-12 15:00:48 Баланс: 1527.935167612$ | PnL: -0.459948360000011 💵 | Сделок: 422 | WinRate: 59%
🔄 2025-09-12 15:11:58 Баланс: 1537.555564952$ | PnL: -0.839549420000011 💵 | Сделок: 423 | WinRate: 58.87%
🔄 2025-09-12 15:23:08 Баланс: 1547.826103522$ | PnL: -0.569010930000011 💵 | Сделок: 424 | WinRate: 58.96%
🔄 2025-09-12 15:36:46 Баланс: 1557.94838644388$ | PnL: -0.437728830000011 💵 | Сделок: 426 | WinRate: 58.92%
🔄 2025-09-12 15:52:19 Баланс: 1456.89943030735$ | PnL: -1.37029584000001 💵 | Сделок: 429 | WinRate: 58.51%
🔄 2025-09-12 16:05:36 Баланс: 1424.04838811801$ | PnL: -4.06803148000001 💵 | Сделок: 443 | WinRate: 56.88%
🔄 2025-09-12 16:19:15 Баланс: 1467.99731315$ | PnL: -9.90960377000001 💵 | Сделок: 471 | WinRate: 53.93%
🔄 2025-09-12 16:31:58 Баланс: 1487.55501252478$ | PnL: -10.34553096 💵 | Сделок: 474 | WinRate: 53.8%
🔄 2025-09-12 16:44:45 Баланс: 1497.33671711478$ | PnL: -10.56380776 💵 | Сделок: 475 | WinRate: 53.68%
🔄 2025-09-12 16:56:51 Баланс: 1497.33671711478$ | PnL: -10.56380776 💵 | Сделок: 475 | WinRate: 53.68%
🔄 2025-09-12 17:08:58 Баланс: 1487.52175040324$ | PnL: -10.36077499 💵 | Сделок: 476 | WinRate: 53.78%
🔄 2025-09-12 17:21:15 Баланс: 1487.52175040324$ | PnL: -10.36077499 💵 | Сделок: 476 | WinRate: 53.78%
🔄 2025-09-12 17:33:33 Баланс: 1478.17935312071$ | PnL: -9.67625407000001 💵 | Сделок: 478 | WinRate: 53.97%
🔄 2025-09-12 17:45:58 Баланс: 1468.17035371925$ | PnL: -9.67625407000001 💵 | Сделок: 478 | WinRate: 53.97%
🔄 2025-09-12 17:58:16 Баланс: 1468.17035371925$ | PnL: -9.67625407000001 💵 | Сделок: 478 | WinRate: 53.97%
🔄 2025-09-12 18:10:43 Баланс: 1497.58701035925$ | PnL: -10.25950063 💵 | Сделок: 481 | WinRate: 53.85%
🔄 2025-09-12 18:23:11 Баланс: 1498.29555163423$ | PnL: -9.52224938000001 💵 | Сделок: 485 | WinRate: 54.23%
🔄 2025-09-12 18:35:47 Баланс: 1498.34563776964$ | PnL: -9.45350543000001 💵 | Сделок: 487 | WinRate: 54.21%
🔄 2025-09-12 18:48:13 Баланс: 1498.54406718636$ | PnL: -9.24605045000001 💵 | Сделок: 488 | WinRate: 54.3%
🔄 2025-09-12 19:00:29 Баланс: 1488.53500513056$ | PnL: -9.24605045000001 💵 | Сделок: 488 | WinRate: 54.3%
🔄 2025-09-12 19:12:40 Баланс: 1478.24139092926$ | PnL: -9.52164993000001 💵 | Сделок: 489 | WinRate: 54.19%
🔄 2025-09-12 19:25:54 Баланс: 1457.55871694855$ | PnL: -10.17723119 💵 | Сделок: 490 | WinRate: 54.08%
🔄 2025-09-12 19:37:58 Баланс: 1427.27740334154$ | PnL: -10.40457748 💵 | Сделок: 493 | WinRate: 53.96%
🔄 2025-09-12 19:50:49 Баланс: 1407.16460422314$ | PnL: -10.4823748 💵 | Сделок: 495 | WinRate: 53.94%
🔄 2025-09-12 20:03:38 Баланс: 1417.45737078868$ | PnL: -10.18061847 💵 | Сделок: 497 | WinRate: 54.12%
🔄 2025-09-12 20:17:10 Баланс: 1447.23641259677$ | PnL: -10.38353227 💵 | Сделок: 502 | WinRate: 53.98%
🔄 2025-09-12 20:29:13 Баланс: 1487.17233079295$ | PnL: -10.42978075 💵 | Сделок: 508 | WinRate: 53.94%
🔄 2025-09-12 20:41:10 Баланс: 1526.99685136589$ | PnL: -10.55124701 💵 | Сделок: 518 | WinRate: 54.05%
🔄 2025-09-12 20:53:02 Баланс: 1536.81667111389$ | PnL: -10.73142709 💵 | Сделок: 519 | WinRate: 53.95%
🔄 2025-09-12 21:04:33 Баланс: 1547.71851804927$ | PnL: -9.79356757000001 💵 | Сделок: 524 | WinRate: 54.2%
🔄 2025-09-12 21:15:54 Баланс: 1616.03985806671$ | PnL: -11.44538514 💵 | Сделок: 534 | WinRate: 53.56%
🔄 2025-09-12 21:27:13 Баланс: 1664.55017004156$ | PnL: -12.86153084 💵 | Сделок: 547 | WinRate: 53.2%
🔄 2025-09-12 21:38:18 Баланс: 1782.42047495535$ | PnL: -14.72803767 💵 | Сделок: 575 | WinRate: 52.7%
🔄 2025-09-12 21:49:10 Баланс: 1921.13910477556$ | PnL: -15.6298279 💵 | Сделок: 604 | WinRate: 52.65%
🔄 2025-09-12 22:00:03 Баланс: 2020.34379128678$ | PnL: -16.37084447 💵 | Сделок: 620 | WinRate: 52.1%
🔄 2025-09-12 22:10:25 Баланс: 1941.20035119704$ | PnL: -15.40631821 💵 | Сделок: 624 | WinRate: 52.4%
🔄 2025-09-12 22:20:58 Баланс: 1919.41576355882$ | PnL: -17.11791381 💵 | Сделок: 633 | WinRate: 51.82%
🔄 2025-09-12 22:31:33 Баланс: 1987.5551290251$ | PnL: -18.86125337 💵 | Сделок: 653 | WinRate: 51.3%
🔄 2025-09-12 22:41:57 Баланс: 1985.64333918337$ | PnL: -20.66182086 💵 | Сделок: 665 | WinRate: 50.83%
🔄 2025-09-12 22:52:21 Баланс: 2006.27126273946$ | PnL: -19.98899892 💵 | Сделок: 672 | WinRate: 51.04%
🔄 2025-09-12 23:02:44 Баланс: 1986.58689949966$ | PnL: -19.61028117 💵 | Сделок: 677 | WinRate: 51.11%
🔄 2025-09-12 23:13:07 Баланс: 2016.47542691905$ | PnL: -19.55820659 💵 | Сделок: 689 | WinRate: 51.23%
🔄 2025-09-12 23:23:27 Баланс: 2015.67633670257$ | PnL: -20.32125988 💵 | Сделок: 693 | WinRate: 51.23%
🔄 2025-09-12 23:33:45 Баланс: 2005.01538444117$ | PnL: -20.88894649 💵 | Сделок: 696 | WinRate: 51.29%
🔄 2025-09-12 23:44:03 Баланс: 1946.17686467748$ | PnL: -19.55669834 💵 | Сделок: 702 | WinRate: 51.71%
🔄 2025-09-12 23:54:28 Баланс: 1948.10564662626$ | PnL: -17.89452204 💵 | Сделок: 711 | WinRate: 52.18%
🔄 2025-09-13 00:04:55 Баланс: 1958.90416014823$ | PnL: -17.74969167 💵 | Сделок: 717 | WinRate: 52.44%
🔄 2025-09-13 00:15:24 Баланс: 1969.24981464495$ | PnL: -17.37809701 💵 | Сделок: 721 | WinRate: 52.57%
🔄 2025-09-13 00:25:45 Баланс: 1969.61392904628$ | PnL: -16.98721173 💵 | Сделок: 724 | WinRate: 52.76%
🔄 2025-09-13 00:36:06 Баланс: 1960.07706351281$ | PnL: -16.67553681 💵 | Сделок: 725 | WinRate: 52.83%
🔄 2025-09-13 00:46:31 Баланс: 1960.62344178278$ | PnL: -16.11115699 💵 | Сделок: 727 | WinRate: 52.96%
🔄 2025-09-13 00:56:45 Баланс: 1940.86249117089$ | PnL: -15.81803747 💵 | Сделок: 731 | WinRate: 53.08%
🔄 2025-09-13 01:06:54 Баланс: 1941.63196848823$ | PnL: -14.99339786 💵 | Сделок: 737 | WinRate: 53.46%
🔄 2025-09-13 01:16:57 Баланс: 1941.79534675946$ | PnL: -14.82102113 💵 | Сделок: 738 | WinRate: 53.52%
🔄 2025-09-13 01:26:52 Баланс: 1942.53931734559$ | PnL: -14.05005118 💵 | Сделок: 741 | WinRate: 53.71%
🔄 2025-09-13 01:36:45 Баланс: 1942.53931734559$ | PnL: -14.05005118 💵 | Сделок: 741 | WinRate: 53.71%
🔄 2025-09-13 01:46:41 Баланс: 1932.53031921127$ | PnL: -14.05005118 💵 | Сделок: 741 | WinRate: 53.71%
🔄 2025-09-13 01:56:38 Баланс: 1932.53031921127$ | PnL: -14.05005118 💵 | Сделок: 741 | WinRate: 53.71%
🔄 2025-09-13 02:06:38 Баланс: 1922.72456267839$ | PnL: -13.8377976 💵 | Сделок: 742 | WinRate: 53.77%
🔄 2025-09-13 02:16:37 Баланс: 1923.45545189342$ | PnL: -13.07990947 💵 | Сделок: 745 | WinRate: 53.96%
🔄 2025-09-13 02:26:39 Баланс: 1965.25324065278$ | PnL: -11.01337449 💵 | Сделок: 766 | WinRate: 54.7%
🔄 2025-09-13 02:36:43 Баланс: 1996.20286883017$ | PnL: -9.64138584000003 💵 | Сделок: 789 | WinRate: 55.51%
🔄 2025-09-13 02:46:43 Баланс: 2007.19315514566$ | PnL: -8.59690942000003 💵 | Сделок: 796 | WinRate: 55.78%
🔄 2025-09-13 02:56:36 Баланс: 2007.54117582064$ | PnL: -8.23086704000003 💵 | Сделок: 798 | WinRate: 55.89%
🔄 2025-09-13 03:06:28 Баланс: 2007.81582023021$ | PnL: -7.93822263000003 💵 | Сделок: 800 | WinRate: 56%
🔄 2025-09-13 03:16:24 Баланс: 2008.66331829829$ | PnL: -7.05472696000003 💵 | Сделок: 804 | WinRate: 56.22%
🔄 2025-09-13 03:26:19 Баланс: 2008.66331829829$ | PnL: -7.05472696000003 💵 | Сделок: 804 | WinRate: 56.22%
🔄 2025-09-13 03:36:13 Баланс: 2019.24379137043$ | PnL: -6.44722144000003 💵 | Сделок: 808 | WinRate: 56.44%
🔄 2025-09-13 03:46:06 Баланс: 2019.24379137043$ | PnL: -6.44722144000003 💵 | Сделок: 808 | WinRate: 56.44%
🔄 2025-09-13 03:56:00 Баланс: 2019.70999573037$ | PnL: -5.97200794000003 💵 | Сделок: 809 | WinRate: 56.49%
🔄 2025-09-13 04:05:53 Баланс: 1990.17316494926$ | PnL: -5.44584584000003 💵 | Сделок: 813 | WinRate: 56.7%
🔄 2025-09-13 04:15:44 Баланс: 1990.63189588964$ | PnL: -4.96013148000003 💵 | Сделок: 816 | WinRate: 56.86%
🔄 2025-09-13 04:25:38 Баланс: 2001.74578160979$ | PnL: -3.80128458000003 💵 | Сделок: 822 | WinRate: 57.18%
🔄 2025-09-13 04:35:33 Баланс: 2011.95425887445$ | PnL: -3.55687495000003 💵 | Сделок: 827 | WinRate: 57.32%
🔄 2025-09-13 04:45:22 Баланс: 2012.27004334508$ | PnL: -3.21408079000003 💵 | Сделок: 830 | WinRate: 57.47%
🔄 2025-09-13 04:55:13 Баланс: 2014.26205496259$ | PnL: -1.11420522000003 💵 | Сделок: 842 | WinRate: 58.08%
🔄 2025-09-13 05:05:07 Баланс: 2054.11470264262$ | PnL: -1.21699553000003 💵 | Сделок: 851 | WinRate: 58.17%
🔄 2025-09-13 05:14:59 Баланс: 2115.31616003708$ | PnL: 0.127581339999969 💵 | Сделок: 873 | WinRate: 58.53%
🔄 2025-09-13 05:24:51 Баланс: 2107.39312054362$ | PnL: 2.33063467999997 💵 | Сделок: 886 | WinRate: 59.14%
🔄 2025-09-13 05:34:26 Баланс: 2118.80394335513$ | PnL: 3.84956756999997 💵 | Сделок: 899 | WinRate: 59.51%
🔄 2025-09-13 05:38:18 Баланс: 2118.80394335513$ | PnL: 3.84956756999997 💵 | Сделок: 899 | WinRate: 59.51%
🔄 2025-09-13 05:38:23 Баланс: 2118.80394335513$ | PnL: 3.84956756999997 💵 | Сделок: 899 | WinRate: 59.51%
🔄 2025-09-13 05:38:27 Баланс: 2118.80394335513$ | PnL: 3.84956756999997 💵 | Сделок: 899 | WinRate: 59.51%
🔄 2025-09-13 05:38:31 Баланс: 2118.80394335513$ | PnL: 3.84956756999997 💵 | Сделок: 899 | WinRate: 59.51%
🔄 2025-09-13 05:38:36 Баланс: 2118.80394335513$ | PnL: 3.84956756999997 💵 | Сделок: 899 | WinRate: 59.51%
🔄 2025-09-13 05:38:40 Баланс: 2118.80394335513$ | PnL: 3.84956756999997 💵 | Сделок: 899 | WinRate: 59.51%
🔄 2025-09-13 05:38:45 Баланс: 2118.80394335513$ | PnL: 3.84956756999997 💵 | Сделок: 899 | WinRate: 59.51%
🔄 2025-09-13 05:38:49 Баланс: 2118.80394335513$ | PnL: 3.84956756999997 💵 | Сделок: 899 | WinRate: 59.51%
🔄 2025-09-13 05:38:53 Баланс: 2118.80394335513$ | PnL: 3.84956756999997 💵 | Сделок: 899 | WinRate: 59.51%
🔄 2025-09-13 05:38:58 Баланс: 2118.80394335513$ | PnL: 3.84956756999997 💵 | Сделок: 899 | WinRate: 59.51%
🔄 2025-09-13 05:39:03 Баланс: 2118.80394335513$ | PnL: 3.84956756999997 💵 | Сделок: 899 | WinRate: 59.51%
🔄 2025-09-13 05:39:07 Баланс: 2118.80394335513$ | PnL: 3.84956756999997 💵 | Сделок: 899 | WinRate: 59.51%
🔄 2025-09-13 05:39:12 Баланс: 2118.80394335513$ | PnL: 3.84956756999997 💵 | Сделок: 899 | WinRate: 59.51%
🔄 2025-09-13 05:45:01 Баланс: 2148.00680386273$ | PnL: 3.07051602999997 💵 | Сделок: 904 | WinRate: 59.51%
🔄 2025-09-13 05:54:25 Баланс: 2167.90971246981$ | PnL: 2.99136426999997 💵 | Сделок: 908 | WinRate: 59.58%
🔄 2025-09-13 06:03:46 Баланс: 2168.00609352451$ | PnL: 3.09674420999997 💵 | Сделок: 909 | WinRate: 59.63%
🔄 2025-09-13 06:13:08 Баланс: 2147.67746817701$ | PnL: 2.79512725999997 💵 | Сделок: 910 | WinRate: 59.56%
🔄 2025-09-13 06:22:29 Баланс: 2147.77167110601$ | PnL: 2.89828877999997 💵 | Сделок: 911 | WinRate: 59.6%
🔄 2025-09-13 06:31:52 Баланс: 2147.77167110601$ | PnL: 2.89828877999997 💵 | Сделок: 911 | WinRate: 59.6%
🔄 2025-09-13 06:41:31 Баланс: 2137.76264655394$ | PnL: 2.89828877999997 💵 | Сделок: 911 | WinRate: 59.6%
🔄 2025-09-13 06:51:04 Баланс: 2137.90338209753$ | PnL: 3.04803981999997 💵 | Сделок: 912 | WinRate: 59.65%
🔄 2025-09-13 07:00:42 Баланс: 2168.0255020655$ | PnL: 3.19672810999997 💵 | Сделок: 918 | WinRate: 59.69%
🔄 2025-09-13 07:10:12 Баланс: 2158.35098913352$ | PnL: 3.54921494999997 💵 | Сделок: 920 | WinRate: 59.78%
🔄 2025-09-13 07:19:44 Баланс: 2177.79419458682$ | PnL: 3.00881661999997 💵 | Сделок: 924 | WinRate: 59.74%
🔄 2025-09-13 07:29:14 Баланс: 2198.04540117173$ | PnL: 3.34659681999997 💵 | Сделок: 931 | WinRate: 59.83%
🔄 2025-09-13 07:38:41 Баланс: 2197.61583779293$ | PnL: 2.92535173999997 💵 | Сделок: 932 | WinRate: 59.76%
🔄 2025-09-13 07:48:11 Баланс: 2198.33104062124$ | PnL: 3.79077222999997 💵 | Сделок: 937 | WinRate: 59.87%
🔄 2025-09-13 07:57:44 Баланс: 2198.4145458312$ | PnL: 4.00048479999997 💵 | Сделок: 939 | WinRate: 59.96%
🔄 2025-09-13 08:07:14 Баланс: 2209.26267843751$ | PnL: 4.87560493999997 💵 | Сделок: 943 | WinRate: 60.13%
🔄 2025-09-13 08:16:43 Баланс: 2209.78761565076$ | PnL: 5.41867282999997 💵 | Сделок: 945 | WinRate: 60.21%
🔄 2025-09-13 08:26:13 Баланс: 2209.90991007064$ | PnL: 5.55050192999997 💵 | Сделок: 946 | WinRate: 60.25%
🔄 2025-09-13 08:35:46 Баланс: 2210.46945840973$ | PnL: 6.12594921999997 💵 | Сделок: 948 | WinRate: 60.34%
🔄 2025-09-13 08:45:17 Баланс: 2200.5539578844$ | PnL: 6.22861518999997 💵 | Сделок: 949 | WinRate: 60.38%
🔄 2025-09-13 08:54:52 Баланс: 2200.66149407065$ | PnL: 6.34512221999997 💵 | Сделок: 950 | WinRate: 60.42%
🔄 2025-09-13 09:04:24 Баланс: 2200.69915984415$ | PnL: 6.39175697999997 💵 | Сделок: 951 | WinRate: 60.46%
🔄 2025-09-13 09:13:52 Баланс: 2209.93744243015$ | PnL: 5.63977432999997 💵 | Сделок: 953 | WinRate: 60.44%
🔄 2025-09-13 09:23:19 Баланс: 2200.20078362468$ | PnL: 5.93001540999997 💵 | Сделок: 955 | WinRate: 60.52%
🔄 2025-09-13 09:32:46 Баланс: 2200.20078362468$ | PnL: 5.93001540999997 💵 | Сделок: 955 | WinRate: 60.52%
🔄 2025-09-13 09:42:09 Баланс: 2190.2981442358$ | PnL: 6.04562888999997 💵 | Сделок: 956 | WinRate: 60.56%
🔄 2025-09-13 09:51:36 Баланс: 2180.61102781565$ | PnL: 6.38804926999997 💵 | Сделок: 958 | WinRate: 60.65%
🔄 2025-09-13 10:01:32 Баланс: 2180.74005025279$ | PnL: 6.52602022999997 💵 | Сделок: 959 | WinRate: 60.69%
🔄 2025-09-13 10:11:15 Баланс: 2180.92805175635$ | PnL: 6.73206027999997 💵 | Сделок: 961 | WinRate: 60.77%
🔄 2025-09-13 10:20:46 Баланс: 2201.39281390524$ | PnL: 7.25143591999997 💵 | Сделок: 969 | WinRate: 60.99%
🔄 2025-09-13 10:30:19 Баланс: 2181.46168291808$ | PnL: 7.34710625999997 💵 | Сделок: 970 | WinRate: 61.03%
🔄 2025-09-13 10:39:46 Баланс: 2191.88630409982$ | PnL: 7.78072802999997 💵 | Сделок: 972 | WinRate: 61.11%
🔄 2025-09-13 10:49:11 Баланс: 2192.24821007052$ | PnL: 8.16760590999997 💵 | Сделок: 974 | WinRate: 61.19%
🔄 2025-09-13 10:58:34 Баланс: 2192.24821007052$ | PnL: 8.16760590999997 💵 | Сделок: 974 | WinRate: 61.19%
🔄 2025-09-13 11:07:57 Баланс: 2183.08035961569$ | PnL: 9.03576751999997 💵 | Сделок: 977 | WinRate: 61.31%
🔄 2025-09-13 11:17:28 Баланс: 2183.38712367934$ | PnL: 9.36093673999997 💵 | Сделок: 979 | WinRate: 61.39%
🔄 2025-09-13 11:26:49 Баланс: 2183.6239488207$ | PnL: 9.61400520999997 💵 | Сделок: 981 | WinRate: 61.47%
🔄 2025-09-13 11:36:11 Баланс: 2194.0006373967$ | PnL: 9.99069660999997 💵 | Сделок: 982 | WinRate: 61.51%
🔄 2025-09-13 11:45:28 Баланс: 2194.23058011063$ | PnL: 10.23863629 💵 | Сделок: 984 | WinRate: 61.59%
🔄 2025-09-13 11:54:48 Баланс: 2174.95537766141$ | PnL: 10.99930489 💵 | Сделок: 986 | WinRate: 61.66%
🔄 2025-09-13 12:04:10 Баланс: 2183.2564435868$ | PnL: 9.30936165999997 💵 | Сделок: 988 | WinRate: 61.54%
🔄 2025-09-13 12:13:30 Баланс: 2201.99059195638$ | PnL: 8.05246618999997 💵 | Сделок: 991 | WinRate: 61.55%
🔄 2025-09-13 12:22:51 Баланс: 2202.04748762818$ | PnL: 8.12185180999997 💵 | Сделок: 992 | WinRate: 61.59%
🔄 2025-09-13 12:32:09 Баланс: 2182.43523607411$ | PnL: 8.55478696999997 💵 | Сделок: 995 | WinRate: 61.71%
🔄 2025-09-13 12:41:24 Баланс: 2203.19773182062$ | PnL: 9.38944539999996 💵 | Сделок: 1005 | WinRate: 61.89%
🔄 2025-09-13 12:50:39 Баланс: 2204.02697091831$ | PnL: 10.26541105 💵 | Сделок: 1010 | WinRate: 62.08%
🔄 2025-09-13 12:59:52 Баланс: 2214.46733066601$ | PnL: 10.74199091 💵 | Сделок: 1015 | WinRate: 62.17%
🔄 2025-09-13 13:09:04 Баланс: 2196.109919274$ | PnL: 12.61338621 💵 | Сделок: 1028 | WinRate: 62.65%
🔄 2025-09-13 13:18:20 Баланс: 2199.33689195415$ | PnL: 16.03850834 💵 | Сделок: 1050 | WinRate: 63.43%
🔄 2025-09-13 13:27:39 Баланс: 2201.31029733937$ | PnL: 18.12058276 💵 | Сделок: 1062 | WinRate: 63.84%
🔄 2025-09-13 13:36:56 Баланс: 2213.23233838898$ | PnL: 20.19504202 💵 | Сделок: 1079 | WinRate: 64.32%
🔄 2025-09-13 13:46:11 Баланс: 2223.49070355977$ | PnL: 20.47979263 💵 | Сделок: 1085 | WinRate: 64.42%
🔄 2025-09-13 13:56:23 Баланс: 2223.64115556006$ | PnL: 20.6480422 💵 | Сделок: 1087 | WinRate: 64.49%
🔄 2025-09-13 14:07:42 Баланс: 2255.84650742713$ | PnL: 23.03108434 💵 | Сделок: 1106 | WinRate: 65.01%
🔄 2025-09-13 14:17:29 Баланс: 2257.77562741879$ | PnL: 25.10595018 💵 | Сделок: 1122 | WinRate: 65.51%
🔄 2025-09-13 14:27:29 Баланс: 2289.65444839994$ | PnL: 27.1987994099999 💵 | Сделок: 1148 | WinRate: 66.03%
🔄 2025-09-13 14:37:25 Баланс: 2289.9013154206$ | PnL: 27.45466675 💵 | Сделок: 1149 | WinRate: 66.06%
🔄 2025-09-13 14:47:15 Баланс: 2290.93919069412$ | PnL: 28.5026145399999 💵 | Сделок: 1152 | WinRate: 66.15%
🔄 2025-09-13 14:57:05 Баланс: 2281.73828157309$ | PnL: 29.3558911299999 💵 | Сделок: 1157 | WinRate: 66.29%
🔄 2025-09-13 15:06:55 Баланс: 2272.08378990215$ | PnL: 29.7284300999999 💵 | Сделок: 1159 | WinRate: 66.35%
🔄 2025-09-13 15:16:47 Баланс: 2262.30164925916$ | PnL: 29.9642994499999 💵 | Сделок: 1160 | WinRate: 66.38%
🔄 2025-09-13 15:26:42 Баланс: 2262.45722295514$ | PnL: 30.1289220999999 💵 | Сделок: 1161 | WinRate: 66.41%
🔄 2025-09-13 15:36:36 Баланс: 2262.56756734149$ | PnL: 30.2482665199999 💵 | Сделок: 1162 | WinRate: 66.44%
🔄 2025-09-13 15:46:32 Баланс: 2263.23461647543$ | PnL: 30.9513465799999 💵 | Сделок: 1166 | WinRate: 66.55%
🔄 2025-09-13 15:56:27 Баланс: 2264.35923375252$ | PnL: 32.1479347399999 💵 | Сделок: 1174 | WinRate: 66.78%
🔄 2025-09-13 16:06:14 Баланс: 2265.26355734304$ | PnL: 33.1241293999999 💵 | Сделок: 1182 | WinRate: 67.01%
🔄 2025-09-13 16:15:57 Баланс: 2265.86619878963$ | PnL: 33.7620226199999 💵 | Сделок: 1186 | WinRate: 67.12%
🔄 2025-09-13 16:25:41 Баланс: 2276.20296916842$ | PnL: 34.10779084 💵 | Сделок: 1188 | WinRate: 67.17%
🔄 2025-09-13 16:35:23 Баланс: 2276.20296916842$ | PnL: 34.10779084 💵 | Сделок: 1188 | WinRate: 67.17%
🔄 2025-09-13 16:45:15 Баланс: 2286.19461185656$ | PnL: 34.1174720699999 💵 | Сделок: 1191 | WinRate: 67.17%
🔄 2025-09-13 16:55:09 Баланс: 2297.32246820088$ | PnL: 35.3259087499999 💵 | Сделок: 1201 | WinRate: 67.36%
🔄 2025-09-13 17:05:21 Баланс: 2308.14389630373$ | PnL: 36.2193389299999 💵 | Сделок: 1210 | WinRate: 67.52%
🔄 2025-09-13 17:15:23 Баланс: 2308.30154878884$ | PnL: 36.3859873099999 💵 | Сделок: 1211 | WinRate: 67.55%
🔄 2025-09-13 17:25:50 Баланс: 2299.71710378635$ | PnL: 37.8645332099999 💵 | Сделок: 1217 | WinRate: 67.71%
🔄 2025-09-13 17:35:58 Баланс: 2323.38604583847$ | PnL: 41.2748983199999 💵 | Сделок: 1245 | WinRate: 68.35%
🔄 2025-09-13 17:45:52 Баланс: 2334.30348865897$ | PnL: 42.2444599199999 💵 | Сделок: 1252 | WinRate: 68.53%
🔄 2025-09-13 17:55:34 Баланс: 2461.16844670936$ | PnL: 39.4139514999999 💵 | Сделок: 1270 | WinRate: 67.72%
🔄 2025-09-13 18:05:05 Баланс: 2841.2818430075$ | PnL: 29.54949086 💵 | Сделок: 1312 | WinRate: 65.55%
🔄 2025-09-13 18:13:48 Баланс: 2821.38906475213$ | PnL: 29.69322445 💵 | Сделок: 1313 | WinRate: 65.58%
🔄 2025-09-13 18:22:32 Баланс: 2831.33453062396$ | PnL: 29.64769302 💵 | Сделок: 1315 | WinRate: 65.55%
🔄 2025-09-13 18:31:13 Баланс: 2831.33453062396$ | PnL: 29.64769302 💵 | Сделок: 1315 | WinRate: 65.55%
🔄 2025-09-13 18:39:59 Баланс: 2811.31652903753$ | PnL: 29.64769302 💵 | Сделок: 1315 | WinRate: 65.55%
🔄 2025-09-13 18:48:54 Баланс: 2811.31652903753$ | PnL: 29.64769302 💵 | Сделок: 1315 | WinRate: 65.55%
🔄 2025-09-13 18:57:49 Баланс: 2821.57670151253$ | PnL: 29.90786236 💵 | Сделок: 1316 | WinRate: 65.58%
🔄 2025-09-13 19:06:40 Баланс: 2812.04326211148$ | PnL: 30.39239396 💵 | Сделок: 1317 | WinRate: 65.6%
🔄 2025-09-13 19:16:33 Баланс: 2761.998724222$ | PnL: 30.39239396 💵 | Сделок: 1317 | WinRate: 65.6%
🔄 2025-09-13 19:26:48 Баланс: 2752.56044240402$ | PnL: 30.99907382 💵 | Сделок: 1321 | WinRate: 65.71%
🔄 2025-09-13 19:36:18 Баланс: 2742.5507900174$ | PnL: 30.99907382 💵 | Сделок: 1321 | WinRate: 65.71%
🔄 2025-09-13 19:45:45 Баланс: 2642.32679467744$ | PnL: 30.87679353 💵 | Сделок: 1322 | WinRate: 65.66%
🔄 2025-09-13 19:55:20 Баланс: 2632.31897674034$ | PnL: 30.87679353 💵 | Сделок: 1322 | WinRate: 65.66%
🔄 2025-09-13 20:04:57 Баланс: 2622.31045336892$ | PnL: 30.87679353 💵 | Сделок: 1322 | WinRate: 65.66%
🔄 2025-09-13 20:14:54 Баланс: 2631.88089031992$ | PnL: 30.655438 💵 | Сделок: 1324 | WinRate: 65.63%
🔄 2025-09-13 20:24:44 Баланс: 2609.53596250383$ | PnL: 30.29695492 💵 | Сделок: 1327 | WinRate: 65.56%
🔄 2025-09-13 20:35:28 Баланс: 2589.65902992424$ | PnL: 30.44701415 💵 | Сделок: 1328 | WinRate: 65.59%
🔄 2025-09-13 20:45:15 Баланс: 2575.62605189112$ | PnL: 29.57375024 💵 | Сделок: 1334 | WinRate: 65.37%
🔄 2025-09-13 20:56:19 Баланс: 2672.10592660115$ | PnL: 26.12537499 💵 | Сделок: 1352 | WinRate: 64.72%
🔄 2025-09-13 21:05:54 Баланс: 2590.59561070015$ | PnL: 24.91408626 💵 | Сделок: 1368 | WinRate: 64.33%
🔄 2025-09-13 21:15:31 Баланс: 2337.57929933204$ | PnL: 22.26501811 💵 | Сделок: 1385 | WinRate: 63.9%
🔄 2025-09-13 21:26:09 Баланс: 2383.52138905983$ | PnL: 18.33092053 💵 | Сделок: 1402 | WinRate: 63.34%
🔄 2025-09-13 21:36:50 Баланс: 2373.88283737358$ | PnL: 18.7193679399999 💵 | Сделок: 1404 | WinRate: 63.39%
🔄 2025-09-13 21:47:29 Баланс: 2374.2340625868$ | PnL: 19.0795934499999 💵 | Сделок: 1405 | WinRate: 63.42%
🔄 2025-09-13 21:58:09 Баланс: 2374.2340625868$ | PnL: 19.0795934499999 💵 | Сделок: 1405 | WinRate: 63.42%
🔄 2025-09-13 22:08:49 Баланс: 2374.45802353012$ | PnL: 19.3125391599999 💵 | Сделок: 1406 | WinRate: 63.44%
🔄 2025-09-13 22:19:30 Баланс: 2355.45184222621$ | PnL: 20.3425283599999 💵 | Сделок: 1408 | WinRate: 63.49%
🔄 2025-09-13 22:30:16 Баланс: 2355.45184222621$ | PnL: 20.3425283599999 💵 | Сделок: 1408 | WinRate: 63.49%
🔄 2025-09-13 22:41:01 Баланс: 2335.43383390173$ | PnL: 20.3425283599999 💵 | Сделок: 1408 | WinRate: 63.49%
🔄 2025-09-13 22:51:04 Баланс: 2336.07040189668$ | PnL: 20.98806017 💵 | Сделок: 1409 | WinRate: 63.52%
🔄 2025-09-13 23:00:32 Баланс: 2316.05197367162$ | PnL: 20.98806017 💵 | Сделок: 1409 | WinRate: 63.52%
🔄 2025-09-13 23:10:00 Баланс: 2316.05197367162$ | PnL: 20.98806017 💵 | Сделок: 1409 | WinRate: 63.52%
🔄 2025-09-13 23:19:13 Баланс: 2316.05197367162$ | PnL: 20.98806017 💵 | Сделок: 1409 | WinRate: 63.52%
🔄 2025-09-13 23:28:32 Баланс: 2316.4096295764$ | PnL: 21.35471579 💵 | Сделок: 1410 | WinRate: 63.55%
🔄 2025-09-13 23:37:53 Баланс: 2316.4096295764$ | PnL: 21.35471579 💵 | Сделок: 1410 | WinRate: 63.55%
🔄 2025-09-13 23:47:02 Баланс: 2316.78180965979$ | PnL: 21.7358959399999 💵 | Сделок: 1411 | WinRate: 63.57%
🔄 2025-09-13 23:56:09 Баланс: 2316.95193382369$ | PnL: 21.91510955 💵 | Сделок: 1412 | WinRate: 63.6%
🔄 2025-09-14 00:05:10 Баланс: 2306.94293287283$ | PnL: 21.91510955 💵 | Сделок: 1412 | WinRate: 63.6%
🔄 2025-09-14 00:14:09 Баланс: 2236.8798445319$ | PnL: 21.91510955 💵 | Сделок: 1412 | WinRate: 63.6%
🔄 2025-09-14 00:23:16 Баланс: 2247.47701802482$ | PnL: 22.53017745 💵 | Сделок: 1415 | WinRate: 63.67%
🔄 2025-09-14 00:32:23 Баланс: 2237.65593671107$ | PnL: 22.72710531 💵 | Сделок: 1416 | WinRate: 63.7%
🔄 2025-09-14 00:41:30 Баланс: 2237.65593671107$ | PnL: 22.72710531 💵 | Сделок: 1416 | WinRate: 63.7%
🔄 2025-09-14 00:50:35 Баланс: 2237.65593671107$ | PnL: 22.72710531 💵 | Сделок: 1416 | WinRate: 63.7%
🔄 2025-09-14 00:59:30 Баланс: 2227.99400735125$ | PnL: 23.0831804 💵 | Сделок: 1417 | WinRate: 63.73%
🔄 2025-09-14 01:08:29 Баланс: 2218.38286285945$ | PnL: 23.49033738 💵 | Сделок: 1418 | WinRate: 63.75%
🔄 2025-09-14 01:17:29 Баланс: 2228.15184946345$ | PnL: 23.25932634 💵 | Сделок: 1419 | WinRate: 63.71%
🔄 2025-09-14 01:26:27 Баланс: 2239.1633900883$ | PnL: 24.28882606 💵 | Сделок: 1422 | WinRate: 63.78%
🔄 2025-09-14 01:35:24 Баланс: 2229.91482450569$ | PnL: 25.05816571 💵 | Сделок: 1423 | WinRate: 63.81%
🔄 2025-09-14 01:44:24 Баланс: 2229.91482450569$ | PnL: 25.05816571 💵 | Сделок: 1423 | WinRate: 63.81%
🔄 2025-09-14 01:53:14 Баланс: 2220.22518916514$ | PnL: 25.4045150399999 💵 | Сделок: 1426 | WinRate: 63.81%
🔄 2025-09-14 02:02:05 Баланс: 2220.58439782589$ | PnL: 25.7727233399999 💵 | Сделок: 1427 | WinRate: 63.84%
🔄 2025-09-14 02:10:57 Баланс: 2220.58439782589$ | PnL: 25.7727233399999 💵 | Сделок: 1427 | WinRate: 63.84%
🔄 2025-09-14 02:19:47 Баланс: 2220.85007085808$ | PnL: 26.0558973799999 💵 | Сделок: 1429 | WinRate: 63.89%
🔄 2025-09-14 02:28:42 Баланс: 2220.85007085808$ | PnL: 26.0558973799999 💵 | Сделок: 1429 | WinRate: 63.89%
🔄 2025-09-14 02:37:26 Баланс: 2180.8140633139$ | PnL: 26.0558973799999 💵 | Сделок: 1429 | WinRate: 63.89%
🔄 2025-09-14 02:46:14 Баланс: 2180.8140633139$ | PnL: 26.0558973799999 💵 | Сделок: 1429 | WinRate: 63.89%
🔄 2025-09-14 02:55:00 Баланс: 2180.8140633139$ | PnL: 26.0558973799999 💵 | Сделок: 1429 | WinRate: 63.89%
🔄 2025-09-14 03:03:48 Баланс: 2190.64903860766$ | PnL: 25.8998721799999 💵 | Сделок: 1431 | WinRate: 63.87%
🔄 2025-09-14 03:12:36 Баланс: 2190.64903860766$ | PnL: 25.8998721799999 💵 | Сделок: 1431 | WinRate: 63.87%
🔄 2025-09-14 03:21:21 Баланс: 2190.64903860766$ | PnL: 25.8998721799999 💵 | Сделок: 1431 | WinRate: 63.87%
🔄 2025-09-14 03:30:09 Баланс: 2190.64903860766$ | PnL: 25.8998721799999 💵 | Сделок: 1431 | WinRate: 63.87%
🔄 2025-09-14 03:38:53 Баланс: 2191.52543529262$ | PnL: 26.7852615399999 💵 | Сделок: 1432 | WinRate: 63.9%
🔄 2025-09-14 03:47:39 Баланс: 2191.65765910415$ | PnL: 26.9264682899999 💵 | Сделок: 1433 | WinRate: 63.92%
🔄 2025-09-14 03:56:26 Баланс: 2191.65765910415$ | PnL: 26.9264682899999 💵 | Сделок: 1433 | WinRate: 63.92%
🔄 2025-09-14 04:05:12 Баланс: 2191.89878242616$ | PnL: 27.1766059099999 💵 | Сделок: 1434 | WinRate: 63.95%
🔄 2025-09-14 04:13:59 Баланс: 2211.6189087933$ | PnL: 26.9061688099999 💵 | Сделок: 1437 | WinRate: 63.88%
🔄 2025-09-14 04:22:45 Баланс: 2201.4304321209$ | PnL: 26.7451065399999 💵 | Сделок: 1439 | WinRate: 63.86%
🔄 2025-09-14 04:31:31 Баланс: 2221.7224699909$ | PnL: 27.0367684099999 💵 | Сделок: 1441 | WinRate: 63.91%
🔄 2025-09-14 04:40:16 Баланс: 2221.686160251$ | PnL: 27.0170294799999 💵 | Сделок: 1443 | WinRate: 63.89%
🔄 2025-09-14 04:49:02 Баланс: 2231.6262170128$ | PnL: 26.9694540599999 💵 | Сделок: 1445 | WinRate: 63.88%
🔄 2025-09-14 04:57:45 Баланс: 2171.57222547473$ | PnL: 26.9694540599999 💵 | Сделок: 1445 | WinRate: 63.88%
🔄 2025-09-14 05:06:34 Баланс: 2111.22281678184$ | PnL: 26.6973871199999 💵 | Сделок: 1447 | WinRate: 63.79%
🔄 2025-09-14 05:15:29 Баланс: 1850.44419307072$ | PnL: 26.1770859799999 💵 | Сделок: 1450 | WinRate: 63.72%
🔄 2025-09-14 05:24:48 Баланс: 1779.28539685073$ | PnL: 25.1345968299999 💵 | Сделок: 1457 | WinRate: 63.49%
🔄 2025-09-14 05:34:13 Баланс: 1738.8767614758$ | PnL: 24.7800440699999 💵 | Сделок: 1459 | WinRate: 63.4%
🔄 2025-09-14 05:38:27 Баланс: 1738.8767614758$ | PnL: 24.7800440699999 💵 | Сделок: 1459 | WinRate: 63.4%
🔄 2025-09-14 05:38:32 Баланс: 1738.8767614758$ | PnL: 24.7800440699999 💵 | Сделок: 1459 | WinRate: 63.4%
🔄 2025-09-14 05:38:38 Баланс: 1738.8767614758$ | PnL: 24.7800440699999 💵 | Сделок: 1459 | WinRate: 63.4%
🔄 2025-09-14 05:38:44 Баланс: 1738.8767614758$ | PnL: 24.7800440699999 💵 | Сделок: 1459 | WinRate: 63.4%
🔄 2025-09-14 05:38:49 Баланс: 1738.8767614758$ | PnL: 24.7800440699999 💵 | Сделок: 1459 | WinRate: 63.4%
🔄 2025-09-14 05:38:55 Баланс: 1738.8767614758$ | PnL: 24.7800440699999 💵 | Сделок: 1459 | WinRate: 63.4%
🔄 2025-09-14 05:39:00 Баланс: 1738.8767614758$ | PnL: 24.7800440699999 💵 | Сделок: 1459 | WinRate: 63.4%
🔄 2025-09-14 05:47:39 Баланс: 1738.8767614758$ | PnL: 24.7800440699999 💵 | Сделок: 1459 | WinRate: 63.4%
🔄 2025-09-14 05:57:09 Баланс: 1738.4354233465$ | PnL: 24.3734715399999 💵 | Сделок: 1461 | WinRate: 63.38%
🔄 2025-09-14 06:06:36 Баланс: 1718.14212061793$ | PnL: 24.1355994699999 💵 | Сделок: 1463 | WinRate: 63.36%
🔄 2025-09-14 06:16:05 Баланс: 1739.35988194807$ | PnL: 23.8127839599999 💵 | Сделок: 1466 | WinRate: 63.3%
🔄 2025-09-14 06:25:35 Баланс: 1781.81180112957$ | PnL: 23.1740812299999 💵 | Сделок: 1471 | WinRate: 63.09%
🔄 2025-09-14 06:34:59 Баланс: 1782.21685656501$ | PnL: 23.5881366199999 💵 | Сделок: 1472 | WinRate: 63.11%
🔄 2025-09-14 06:44:23 Баланс: 1782.31332893251$ | PnL: 23.6909089599999 💵 | Сделок: 1473 | WinRate: 63.14%
🔄 2025-09-14 06:53:45 Баланс: 1782.31332893251$ | PnL: 23.6909089599999 💵 | Сделок: 1473 | WinRate: 63.14%
🔄 2025-09-14 07:03:07 Баланс: 1782.05982304332$ | PnL: 23.4324855499999 💵 | Сделок: 1475 | WinRate: 63.12%
🔄 2025-09-14 07:12:30 Баланс: 1792.17901038098$ | PnL: 23.5607218099999 💵 | Сделок: 1477 | WinRate: 63.1%
🔄 2025-09-14 07:21:52 Баланс: 1792.17901038098$ | PnL: 23.5607218099999 💵 | Сделок: 1477 | WinRate: 63.1%
🔄 2025-09-14 07:31:14 Баланс: 1792.46730633862$ | PnL: 23.8535766299999 💵 | Сделок: 1478 | WinRate: 63.13%
🔄 2025-09-14 07:40:36 Баланс: 1801.14708066421$ | PnL: 22.5423567099999 💵 | Сделок: 1480 | WinRate: 63.04%
🔄 2025-09-14 07:49:58 Баланс: 1801.14708066421$ | PnL: 22.5423567099999 💵 | Сделок: 1480 | WinRate: 63.04%
🔄 2025-09-14 07:59:18 Баланс: 1830.25951230339$ | PnL: 21.6637415199999 💵 | Сделок: 1484 | WinRate: 62.94%
🔄 2025-09-14 08:08:37 Баланс: 1819.32122419357$ | PnL: 20.7884659599999 💵 | Сделок: 1490 | WinRate: 62.82%
🔄 2025-09-14 08:17:57 Баланс: 1816.7950286781$ | PnL: 18.36976074 💵 | Сделок: 1502 | WinRate: 62.58%
🔄 2025-09-14 08:27:16 Баланс: 1915.20360945778$ | PnL: 17.05556404 💵 | Сделок: 1542 | WinRate: 62.52%
🔄 2025-09-14 08:36:31 Баланс: 1904.94343278252$ | PnL: 16.81385805 💵 | Сделок: 1543 | WinRate: 62.48%
🔄 2025-09-14 08:45:47 Баланс: 1894.93438974382$ | PnL: 16.81385805 💵 | Сделок: 1543 | WinRate: 62.48%
🔄 2025-09-14 08:55:03 Баланс: 1885.07654082258$ | PnL: 16.97401906 💵 | Сделок: 1544 | WinRate: 62.5%
🔄 2025-09-14 09:04:20 Баланс: 1885.07654082258$ | PnL: 16.97401906 💵 | Сделок: 1544 | WinRate: 62.5%
🔄 2025-09-14 09:13:38 Баланс: 1875.05339810558$ | PnL: 16.97401906 💵 | Сделок: 1544 | WinRate: 62.5%
🔄 2025-09-14 09:22:58 Баланс: 1865.04440781431$ | PnL: 16.97401906 💵 | Сделок: 1544 | WinRate: 62.5%
🔄 2025-09-14 09:32:19 Баланс: 1864.80190496543$ | PnL: 16.74051627 💵 | Сделок: 1545 | WinRate: 62.46%
🔄 2025-09-14 09:41:41 Баланс: 1844.78399028215$ | PnL: 16.74051627 💵 | Сделок: 1545 | WinRate: 62.46%
🔄 2025-09-14 09:51:04 Баланс: 1835.18986713358$ | PnL: 17.16439735 💵 | Сделок: 1546 | WinRate: 62.48%
🔄 2025-09-14 10:00:28 Баланс: 1805.16285922647$ | PnL: 17.16439735 💵 | Сделок: 1546 | WinRate: 62.48%
🔄 2025-09-14 10:09:55 Баланс: 1805.21997814247$ | PnL: 17.23446252 💵 | Сделок: 1547 | WinRate: 62.51%
🔄 2025-09-14 10:19:22 Баланс: 1805.21997814247$ | PnL: 17.23446252 💵 | Сделок: 1547 | WinRate: 62.51%
🔄 2025-09-14 10:28:52 Баланс: 1806.64393259708$ | PnL: 18.67641534 💵 | Сделок: 1549 | WinRate: 62.56%
🔄 2025-09-14 10:38:22 Баланс: 1806.82303699793$ | PnL: 18.86452286 💵 | Сделок: 1550 | WinRate: 62.58%
🔄 2025-09-14 10:48:05 Баланс: 1816.37947256729$ | PnL: 18.42095843 💵 | Сделок: 1551 | WinRate: 62.54%
🔄 2025-09-14 10:59:19 Баланс: 1816.37947256729$ | PnL: 18.42095843 💵 | Сделок: 1551 | WinRate: 62.54%
🔄 2025-09-14 11:09:42 Баланс: 1806.51094125287$ | PnL: 18.57042698 💵 | Сделок: 1552 | WinRate: 62.56%
🔄 2025-09-14 11:19:42 Баланс: 1806.51094125287$ | PnL: 18.57042698 💵 | Сделок: 1552 | WinRate: 62.56%
🔄 2025-09-14 11:29:48 Баланс: 1796.50210980443$ | PnL: 18.57042698 💵 | Сделок: 1552 | WinRate: 62.56%
🔄 2025-09-14 11:39:54 Баланс: 1796.50210980443$ | PnL: 18.57042698 💵 | Сделок: 1552 | WinRate: 62.56%
🔄 2025-09-14 11:49:57 Баланс: 1806.30202378715$ | PnL: 18.37932786 💵 | Сделок: 1554 | WinRate: 62.55%
🔄 2025-09-14 12:00:11 Баланс: 1796.18461948794$ | PnL: 18.29800754 💵 | Сделок: 1557 | WinRate: 62.49%
🔄 2025-09-14 12:10:23 Баланс: 1786.17561980823$ | PnL: 18.29800754 💵 | Сделок: 1557 | WinRate: 62.49%
🔄 2025-09-14 12:20:23 Баланс: 1756.14853761332$ | PnL: 18.29800754 💵 | Сделок: 1557 | WinRate: 62.49%
🔄 2025-09-14 12:30:30 Баланс: 1756.28727208064$ | PnL: 18.44574392 💵 | Сделок: 1558 | WinRate: 62.52%
🔄 2025-09-14 12:40:52 Баланс: 1756.28727208064$ | PnL: 18.44574392 💵 | Сделок: 1558 | WinRate: 62.52%
🔄 2025-09-14 12:51:02 Баланс: 1756.28727208064$ | PnL: 18.44574392 💵 | Сделок: 1558 | WinRate: 62.52%
🔄 2025-09-14 13:01:07 Баланс: 1746.27827238091$ | PnL: 18.44574392 💵 | Сделок: 1558 | WinRate: 62.52%
🔄 2025-09-14 13:11:15 Баланс: 1715.95042678036$ | PnL: 18.16289747 💵 | Сделок: 1560 | WinRate: 62.44%
🔄 2025-09-14 13:21:28 Баланс: 1724.26359434666$ | PnL: 16.48506293 💵 | Сделок: 1562 | WinRate: 62.36%
🔄 2025-09-14 13:31:43 Баланс: 1724.26359434666$ | PnL: 16.48506293 💵 | Сделок: 1562 | WinRate: 62.36%
🔄 2025-09-14 13:41:59 Баланс: 1724.26359434666$ | PnL: 16.48506293 💵 | Сделок: 1562 | WinRate: 62.36%
🔄 2025-09-14 13:52:14 Баланс: 1724.26359434666$ | PnL: 16.48506293 💵 | Сделок: 1562 | WinRate: 62.36%
🔄 2025-09-14 14:02:22 Баланс: 1734.42334293666$ | PnL: 16.64478522 💵 | Сделок: 1563 | WinRate: 62.38%
🔄 2025-09-14 14:12:32 Баланс: 1734.42334293666$ | PnL: 16.64478522 💵 | Сделок: 1563 | WinRate: 62.38%
🔄 2025-09-14 14:22:43 Баланс: 1724.61857079216$ | PnL: 16.8579477 💵 | Сделок: 1564 | WinRate: 62.4%
🔄 2025-09-14 14:32:53 Баланс: 1724.61857079216$ | PnL: 16.8579477 💵 | Сделок: 1564 | WinRate: 62.4%
🔄 2025-09-14 14:43:31 Баланс: 1724.61857079216$ | PnL: 16.8579477 💵 | Сделок: 1564 | WinRate: 62.4%
🔄 2025-09-14 14:54:05 Баланс: 1714.60955883941$ | PnL: 16.8579477 💵 | Сделок: 1564 | WinRate: 62.4%
🔄 2025-09-14 15:04:15 Баланс: 1704.60055742815$ | PnL: 16.8579477 💵 | Сделок: 1564 | WinRate: 62.4%
🔄 2025-09-14 15:14:24 Баланс: 1674.54946217663$ | PnL: 16.85204096 💵 | Сделок: 1566 | WinRate: 62.39%
🔄 2025-09-14 15:24:32 Баланс: 1634.70462386829$ | PnL: 17.07935182 💵 | Сделок: 1570 | WinRate: 62.42%
🔄 2025-09-14 15:34:44 Баланс: 1654.4880797301$ | PnL: 16.9833685 💵 | Сделок: 1603 | WinRate: 62.57%
🔄 2025-09-14 15:44:57 Баланс: 1775.35152255927$ | PnL: 18.16990233 💵 | Сделок: 1651 | WinRate: 62.93%
🔄 2025-09-14 15:54:55 Баланс: 1794.76652879925$ | PnL: 17.63831202 💵 | Сделок: 1659 | WinRate: 62.99%
🔄 2025-09-14 16:04:49 Баланс: 1775.22655344824$ | PnL: 18.17878765 💵 | Сделок: 1667 | WinRate: 63.05%
🔄 2025-09-14 16:14:47 Баланс: 1775.3087040896$ | PnL: 18.26994614 💵 | Сделок: 1668 | WinRate: 63.07%
🔄 2025-09-14 16:25:25 Баланс: 1775.43957761458$ | PnL: 18.40982031 💵 | Сделок: 1669 | WinRate: 63.09%
🔄 2025-09-14 16:35:23 Баланс: 1775.43957761458$ | PnL: 18.40982031 💵 | Сделок: 1669 | WinRate: 63.09%
🔄 2025-09-14 16:45:20 Баланс: 1824.16876045285$ | PnL: 17.20177082 💵 | Сделок: 1681 | WinRate: 63.06%
🔄 2025-09-14 16:55:11 Баланс: 1934.4593753689$ | PnL: 17.7558097 💵 | Сделок: 1721 | WinRate: 63.34%
🔄 2025-09-14 17:04:45 Баланс: 1926.86400748167$ | PnL: 20.36776917 💵 | Сделок: 1743 | WinRate: 63.74%
🔄 2025-09-14 17:14:19 Баланс: 1916.72304978158$ | PnL: 20.25224851 💵 | Сделок: 1745 | WinRate: 63.72%
🔄 2025-09-14 17:23:53 Баланс: 1905.15708977758$ | PnL: 20.25224851 💵 | Сделок: 1745 | WinRate: 63.72%
🔄 2025-09-14 17:33:30 Баланс: 1901.26790022496$ | PnL: 19.50534219 💵 | Сделок: 1749 | WinRate: 63.69%
🔄 2025-09-14 17:43:07 Баланс: 1921.22449212225$ | PnL: 19.46236936 💵 | Сделок: 1753 | WinRate: 63.66%
🔄 2025-09-14 17:52:42 Баланс: 1921.49289552987$ | PnL: 19.7397721 💵 | Сделок: 1754 | WinRate: 63.68%
🔄 2025-09-14 18:02:13 Баланс: 1973.29855154633$ | PnL: 21.96474938 💵 | Сделок: 1801 | WinRate: 64.3%
🔄 2025-09-14 18:11:39 Баланс: 2014.64300502711$ | PnL: 23.46894236 💵 | Сделок: 1823 | WinRate: 64.51%
🔄 2025-09-14 18:20:59 Баланс: 2014.74823680868$ | PnL: 23.58317272 💵 | Сделок: 1824 | WinRate: 64.53%
🔄 2025-09-14 18:30:19 Баланс: 2014.93971542868$ | PnL: 23.67189816 💵 | Сделок: 1825 | WinRate: 64.55%
🔄 2025-09-14 18:39:40 Баланс: 2006.69879853749$ | PnL: 25.52951588 💵 | Сделок: 1834 | WinRate: 64.72%
🔄 2025-09-14 18:49:11 Баланс: 2020.35923046321$ | PnL: 29.46757884 💵 | Сделок: 1865 | WinRate: 65.2%
🔄 2025-09-14 18:58:31 Баланс: 2062.28360203772$ | PnL: 31.60482939 💵 | Сделок: 1894 | WinRate: 65.52%
🔄 2025-09-14 19:07:50 Баланс: 2064.24072951597$ | PnL: 33.66319157 💵 | Сделок: 1905 | WinRate: 65.72%
🔄 2025-09-14 19:17:12 Баланс: 2094.04383562925$ | PnL: 33.62788198 💵 | Сделок: 1926 | WinRate: 65.84%
🔄 2025-09-14 19:26:33 Баланс: 2100.95754373145$ | PnL: 30.57871431 💵 | Сделок: 1931 | WinRate: 65.87%
🔄 2025-09-14 19:36:07 Баланс: 2100.95754373145$ | PnL: 30.57871431 💵 | Сделок: 1931 | WinRate: 65.87%
🔄 2025-09-14 19:45:32 Баланс: 2100.95754373145$ | PnL: 30.57871431 💵 | Сделок: 1931 | WinRate: 65.87%
🔄 2025-09-14 19:54:57 Баланс: 2100.95754373145$ | PnL: 30.57871431 💵 | Сделок: 1931 | WinRate: 65.87%
🔄 2025-09-14 20:04:18 Баланс: 2120.43950131213$ | PnL: 30.23896535 💵 | Сделок: 1934 | WinRate: 65.82%
🔄 2025-09-14 20:13:46 Баланс: 2130.46892129403$ | PnL: 30.27737841 💵 | Сделок: 1936 | WinRate: 65.81%
🔄 2025-09-14 20:23:31 Баланс: 2129.61124126722$ | PnL: 29.42869299 💵 | Сделок: 1937 | WinRate: 65.77%
🔄 2025-09-14 20:33:38 Баланс: 2129.61124126722$ | PnL: 29.42869299 💵 | Сделок: 1937 | WinRate: 65.77%
🔄 2025-09-14 20:43:42 Баланс: 2129.61124126722$ | PnL: 29.42869299 💵 | Сделок: 1937 | WinRate: 65.77%
🔄 2025-09-14 20:53:13 Баланс: 2129.61124126722$ | PnL: 29.42869299 💵 | Сделок: 1937 | WinRate: 65.77%
🔄 2025-09-14 21:02:53 Баланс: 2129.93452034089$ | PnL: 29.7116376 💵 | Сделок: 1939 | WinRate: 65.81%
🔄 2025-09-14 21:12:07 Баланс: 2129.93452034089$ | PnL: 29.7116376 💵 | Сделок: 1939 | WinRate: 65.81%
🔄 2025-09-14 21:21:19 Баланс: 2119.92552287717$ | PnL: 29.7116376 💵 | Сделок: 1939 | WinRate: 65.81%
🔄 2025-09-14 21:30:31 Баланс: 2119.92552287717$ | PnL: 29.7116376 💵 | Сделок: 1939 | WinRate: 65.81%
🔄 2025-09-14 21:39:44 Баланс: 2129.24014318717$ | PnL: 29.02627085 💵 | Сделок: 1940 | WinRate: 65.77%
🔄 2025-09-14 21:48:53 Баланс: 2129.24014318717$ | PnL: 29.02627085 💵 | Сделок: 1940 | WinRate: 65.77%
🔄 2025-09-14 21:58:02 Баланс: 2148.77621607717$ | PnL: 28.55448474 💵 | Сделок: 1942 | WinRate: 65.71%
🔄 2025-09-14 22:07:12 Баланс: 2148.77621607717$ | PnL: 28.55448474 💵 | Сделок: 1942 | WinRate: 65.71%
🔄 2025-09-14 22:16:19 Баланс: 2138.76721665169$ | PnL: 28.55448474 💵 | Сделок: 1942 | WinRate: 65.71%
🔄 2025-09-14 22:25:25 Баланс: 2138.76721665169$ | PnL: 28.55448474 💵 | Сделок: 1942 | WinRate: 65.71%
🔄 2025-09-14 22:34:33 Баланс: 2128.75818462289$ | PnL: 28.55448474 💵 | Сделок: 1942 | WinRate: 65.71%
🔄 2025-09-14 22:43:43 Баланс: 2128.75818462289$ | PnL: 28.55448474 💵 | Сделок: 1942 | WinRate: 65.71%
🔄 2025-09-14 22:52:51 Баланс: 2137.84665462289$ | PnL: 27.64294931 💵 | Сделок: 1943 | WinRate: 65.67%
🔄 2025-09-14 23:01:57 Баланс: 2137.84665462289$ | PnL: 27.64294931 💵 | Сделок: 1943 | WinRate: 65.67%
🔄 2025-09-14 23:10:55 Баланс: 2137.95812838987$ | PnL: 27.76342251 💵 | Сделок: 1944 | WinRate: 65.69%
🔄 2025-09-14 23:19:45 Баланс: 2137.95812838987$ | PnL: 27.76342251 💵 | Сделок: 1944 | WinRate: 65.69%
🔄 2025-09-14 23:28:35 Баланс: 2138.15435576056$ | PnL: 27.96867437 💵 | Сделок: 1945 | WinRate: 65.71%
🔄 2025-09-14 23:37:25 Баланс: 2138.15435576056$ | PnL: 27.96867437 💵 | Сделок: 1945 | WinRate: 65.71%
🔄 2025-09-14 23:46:15 Баланс: 2138.15435576056$ | PnL: 27.96867437 💵 | Сделок: 1945 | WinRate: 65.71%
🔄 2025-09-14 23:55:03 Баланс: 2138.15435576056$ | PnL: 27.96867437 💵 | Сделок: 1945 | WinRate: 65.71%
🔄 2025-09-15 00:03:52 Баланс: 2118.14787211596$ | PnL: 27.96867437 💵 | Сделок: 1945 | WinRate: 65.71%
🔄 2025-09-15 00:12:40 Баланс: 2118.43571822796$ | PnL: 28.26607632 💵 | Сделок: 1946 | WinRate: 65.72%
🔄 2025-09-15 00:21:27 Баланс: 2118.43571822796$ | PnL: 28.26607632 💵 | Сделок: 1946 | WinRate: 65.72%
🔄 2025-09-15 00:30:15 Баланс: 2118.43571822796$ | PnL: 28.26607632 💵 | Сделок: 1946 | WinRate: 65.72%
🔄 2025-09-15 00:39:03 Баланс: 2118.43571822796$ | PnL: 28.26607632 💵 | Сделок: 1946 | WinRate: 65.72%
🔄 2025-09-15 00:47:50 Баланс: 2108.42672082029$ | PnL: 28.26607632 💵 | Сделок: 1946 | WinRate: 65.72%
🔄 2025-09-15 00:56:36 Баланс: 2108.42672082029$ | PnL: 28.26607632 💵 | Сделок: 1946 | WinRate: 65.72%
🔄 2025-09-15 01:05:20 Баланс: 2108.42672082029$ | PnL: 28.26607632 💵 | Сделок: 1946 | WinRate: 65.72%
🔄 2025-09-15 01:14:04 Баланс: 2108.42672082029$ | PnL: 28.26607632 💵 | Сделок: 1946 | WinRate: 65.72%
🔄 2025-09-15 01:22:48 Баланс: 2108.42672082029$ | PnL: 28.26607632 💵 | Сделок: 1946 | WinRate: 65.72%
🔄 2025-09-15 01:31:31 Баланс: 2108.42672082029$ | PnL: 28.26607632 💵 | Сделок: 1946 | WinRate: 65.72%
🔄 2025-09-15 01:40:14 Баланс: 2108.85544175111$ | PnL: 28.70379893 💵 | Сделок: 1947 | WinRate: 65.74%
🔄 2025-09-15 01:48:56 Баланс: 2143.33077143111$ | PnL: 28.52006861 💵 | Сделок: 1950 | WinRate: 65.64%
🔄 2025-09-15 01:57:36 Баланс: 2143.33077143111$ | PnL: 28.52006861 💵 | Сделок: 1950 | WinRate: 65.64%
🔄 2025-09-15 02:06:16 Баланс: 2143.33077143111$ | PnL: 28.52006861 💵 | Сделок: 1950 | WinRate: 65.64%
🔄 2025-09-15 02:14:57 Баланс: 2143.33077143111$ | PnL: 28.52006861 💵 | Сделок: 1950 | WinRate: 65.64%
🔄 2025-09-15 02:23:38 Баланс: 2143.33077143111$ | PnL: 28.52006861 💵 | Сделок: 1950 | WinRate: 65.64%
🔄 2025-09-15 02:32:17 Баланс: 2143.33077143111$ | PnL: 28.52006861 💵 | Сделок: 1950 | WinRate: 65.64%
🔄 2025-09-15 02:41:02 Баланс: 2103.29477759125$ | PnL: 28.52006861 💵 | Сделок: 1950 | WinRate: 65.64%
🔄 2025-09-15 02:49:46 Баланс: 2073.2680833662$ | PnL: 28.52006861 💵 | Сделок: 1950 | WinRate: 65.64%
🔄 2025-09-15 02:58:33 Баланс: 2121.4748866152$ | PnL: 26.74759144 💵 | Сделок: 1955 | WinRate: 65.47%
🔄 2025-09-15 03:07:11 Баланс: 2091.61573804565$ | PnL: 26.74759144 💵 | Сделок: 1955 | WinRate: 65.47%
🔄 2025-09-15 03:15:53 Баланс: 2100.92930618565$ | PnL: 26.06120858 💵 | Сделок: 1956 | WinRate: 65.44%
🔄 2025-09-15 03:24:36 Баланс: 2100.92930618565$ | PnL: 26.06120858 💵 | Сделок: 1956 | WinRate: 65.44%
🔄 2025-09-15 03:33:27 Баланс: 2098.89244139965$ | PnL: 25.58046978 💵 | Сделок: 1957 | WinRate: 65.41%
🔄 2025-09-15 03:42:09 Баланс: 2088.88344065998$ | PnL: 25.58046978 💵 | Сделок: 1957 | WinRate: 65.41%
🔄 2025-09-15 03:50:51 Баланс: 2089.18938766955$ | PnL: 25.90441989 💵 | Сделок: 1959 | WinRate: 65.44%
🔄 2025-09-15 03:59:35 Баланс: 2089.18938766955$ | PnL: 25.90441989 💵 | Сделок: 1959 | WinRate: 65.44%
🔄 2025-09-15 04:08:17 Баланс: 2077.66781758055$ | PnL: 25.90441989 💵 | Сделок: 1959 | WinRate: 65.44%
🔄 2025-09-15 04:16:58 Баланс: 2066.14479618655$ | PnL: 25.90441989 💵 | Сделок: 1959 | WinRate: 65.44%
🔄 2025-09-15 04:25:41 Баланс: 2066.14479618655$ | PnL: 25.90441989 💵 | Сделок: 1959 | WinRate: 65.44%
🔄 2025-09-15 04:34:25 Баланс: 2046.12680709435$ | PnL: 25.90441989 💵 | Сделок: 1959 | WinRate: 65.44%
🔄 2025-09-15 04:43:10 Баланс: 2046.12680709435$ | PnL: 25.90441989 💵 | Сделок: 1959 | WinRate: 65.44%
🔄 2025-09-15 04:51:54 Баланс: 2046.12680709435$ | PnL: 25.90441989 💵 | Сделок: 1959 | WinRate: 65.44%
🔄 2025-09-15 05:00:38 Баланс: 2056.13811316693$ | PnL: 25.92472305 💵 | Сделок: 1961 | WinRate: 65.43%
🔄 2025-09-15 05:09:23 Баланс: 2096.20968950339$ | PnL: 24.71022598 💵 | Сделок: 1967 | WinRate: 65.33%
🔄 2025-09-15 05:18:04 Баланс: 2118.70823457604$ | PnL: 25.73497144 💵 | Сделок: 1973 | WinRate: 65.33%
🔄 2025-09-15 05:27:13 Баланс: 2140.55543331916$ | PnL: 27.64471745 💵 | Сделок: 1982 | WinRate: 65.44%
🔄 2025-09-15 05:35:50 Баланс: 2200.78364826555$ | PnL: 27.90867643 💵 | Сделок: 1992 | WinRate: 65.46%
🔄 2025-09-15 05:38:58 Баланс: 2200.78364826555$ | PnL: 27.90867643 💵 | Сделок: 1992 | WinRate: 65.46%
🔄 2025-09-15 05:39:04 Баланс: 2200.78364826555$ | PnL: 27.90867643 💵 | Сделок: 1992 | WinRate: 65.46%
🔄 2025-09-15 05:39:09 Баланс: 2200.78364826555$ | PnL: 27.90867643 💵 | Сделок: 1992 | WinRate: 65.46%
🔄 2025-09-15 05:39:14 Баланс: 2200.78364826555$ | PnL: 27.90867643 💵 | Сделок: 1992 | WinRate: 65.46%
🔄 2025-09-15 05:39:20 Баланс: 2200.78364826555$ | PnL: 27.90867643 💵 | Сделок: 1992 | WinRate: 65.46%
🔄 2025-09-15 05:39:25 Баланс: 2200.78364826555$ | PnL: 27.90867643 💵 | Сделок: 1992 | WinRate: 65.46%
🔄 2025-09-15 05:39:30 Баланс: 2200.78364826555$ | PnL: 27.90867643 💵 | Сделок: 1992 | WinRate: 65.46%
🔄 2025-09-15 05:41:12 Баланс: 2190.77464967081$ | PnL: 27.90867643 💵 | Сделок: 1992 | WinRate: 65.46%
🔄 2025-09-15 05:50:06 Баланс: 2180.76565649695$ | PnL: 27.90867643 💵 | Сделок: 1992 | WinRate: 65.46%
🔄 2025-09-15 05:59:02 Баланс: 2180.76565649695$ | PnL: 27.90867643 💵 | Сделок: 1992 | WinRate: 65.46%
🔄 2025-09-15 06:07:36 Баланс: 2180.76565649695$ | PnL: 27.90867643 💵 | Сделок: 1992 | WinRate: 65.46%
🔄 2025-09-15 06:16:10 Баланс: 2170.39806478002$ | PnL: 27.55904691 💵 | Сделок: 1993 | WinRate: 65.43%
🔄 2025-09-15 06:24:46 Баланс: 2160.70874209593$ | PnL: 27.88798534 💵 | Сделок: 1994 | WinRate: 65.45%
🔄 2025-09-15 06:33:20 Баланс: 2161.0804865717$ | PnL: 28.2687406 💵 | Сделок: 1995 | WinRate: 65.46%
🔄 2025-09-15 06:41:58 Баланс: 2141.06250355497$ | PnL: 28.2687406 💵 | Сделок: 1995 | WinRate: 65.46%
🔄 2025-09-15 06:50:38 Баланс: 2150.61408439297$ | PnL: 27.82032107 💵 | Сделок: 1996 | WinRate: 65.43%
🔄 2025-09-15 06:59:16 Баланс: 2150.61408439297$ | PnL: 27.82032107 💵 | Сделок: 1996 | WinRate: 65.43%
🔄 2025-09-15 07:07:54 Баланс: 2150.61408439297$ | PnL: 27.82032107 💵 | Сделок: 1996 | WinRate: 65.43%
🔄 2025-09-15 07:16:30 Баланс: 2130.16680250216$ | PnL: 27.3756686 💵 | Сделок: 1997 | WinRate: 65.4%
🔄 2025-09-15 07:25:08 Баланс: 2080.33354618756$ | PnL: 27.59617895 💵 | Сделок: 1998 | WinRate: 65.42%
🔄 2025-09-15 07:33:49 Баланс: 2080.33354618756$ | PnL: 27.59617895 💵 | Сделок: 1998 | WinRate: 65.42%
🔄 2025-09-15 07:42:35 Баланс: 2080.33354618756$ | PnL: 27.59617895 💵 | Сделок: 1998 | WinRate: 65.42%
🔄 2025-09-15 07:51:15 Баланс: 2070.29892107453$ | PnL: 27.58857715 💵 | Сделок: 2000 | WinRate: 65.4%
🔄 2025-09-15 07:59:58 Баланс: 2049.81949893514$ | PnL: 27.1540884 💵 | Сделок: 2003 | WinRate: 65.35%
🔄 2025-09-15 08:08:41 Баланс: 2068.97681466514$ | PnL: 26.31139373 💵 | Сделок: 2005 | WinRate: 65.29%
🔄 2025-09-15 08:17:23 Баланс: 2068.97681466514$ | PnL: 26.31139373 💵 | Сделок: 2005 | WinRate: 65.29%
🔄 2025-09-15 08:26:03 Баланс: 2017.88880394497$ | PnL: 25.39646896 💵 | Сделок: 2010 | WinRate: 65.12%
🔄 2025-09-15 08:34:50 Баланс: 2028.90099495442$ | PnL: 24.98578352 💵 | Сделок: 2016 | WinRate: 64.98%
🔄 2025-09-15 08:43:36 Баланс: 2028.58954288498$ | PnL: 24.68332915 💵 | Сделок: 2017 | WinRate: 64.95%
🔄 2025-09-15 08:52:22 Баланс: 2018.58053815873$ | PnL: 24.68332915 💵 | Сделок: 2017 | WinRate: 64.95%
🔄 2025-09-15 09:01:10 Баланс: 2028.00042172373$ | PnL: 24.10321097 💵 | Сделок: 2018 | WinRate: 64.92%
🔄 2025-09-15 09:09:58 Баланс: 2017.99142240434$ | PnL: 24.10321097 💵 | Сделок: 2018 | WinRate: 64.92%
🔄 2025-09-15 09:18:47 Баланс: 1997.44489317963$ | PnL: 23.5922556 💵 | Сделок: 2020 | WinRate: 64.85%
🔄 2025-09-15 09:27:38 Баланс: 1936.95887878722$ | PnL: 23.21559558 💵 | Сделок: 2022 | WinRate: 64.84%
🔄 2025-09-15 09:36:35 Баланс: 1906.91428576774$ | PnL: 23.21559558 💵 | Сделок: 2022 | WinRate: 64.84%
🔄 2025-09-15 09:45:36 Баланс: 1886.8966905317$ | PnL: 23.21559558 💵 | Сделок: 2022 | WinRate: 64.84%
🔄 2025-09-15 09:54:39 Баланс: 1865.68181888038$ | PnL: 22.0263891 💵 | Сделок: 2023 | WinRate: 64.8%
🔄 2025-09-15 10:03:45 Баланс: 1815.60910627732$ | PnL: 22.06455542 💵 | Сделок: 2024 | WinRate: 64.82%
🔄 2025-09-15 10:12:56 Баланс: 1815.43998929685$ | PnL: 21.96029991 💵 | Сделок: 2027 | WinRate: 64.82%
🔄 2025-09-15 10:22:07 Баланс: 1825.09138716785$ | PnL: 21.67741243 💵 | Сделок: 2029 | WinRate: 64.81%
🔄 2025-09-15 10:31:21 Баланс: 1815.21844636146$ | PnL: 21.82242264 💵 | Сделок: 2030 | WinRate: 64.83%
🔄 2025-09-15 10:40:33 Баланс: 1824.54823910058$ | PnL: 21.17940468 💵 | Сделок: 2034 | WinRate: 64.7%
🔄 2025-09-15 10:49:44 Баланс: 1782.68456300507$ | PnL: 19.44185863 💵 | Сделок: 2044 | WinRate: 64.43%
🔄 2025-09-15 10:59:14 Баланс: 1821.6332782264$ | PnL: 18.42969753 💵 | Сделок: 2054 | WinRate: 64.22%
🔄 2025-09-15 11:08:47 Баланс: 1909.706377814$ | PnL: 16.50306599 💵 | Сделок: 2063 | WinRate: 63.94%
🔄 2025-09-15 11:18:16 Баланс: 1909.706377814$ | PnL: 16.50306599 💵 | Сделок: 2063 | WinRate: 63.94%
🔄 2025-09-15 11:27:37 Баланс: 1910.01149931817$ | PnL: 16.81719465 💵 | Сделок: 2064 | WinRate: 63.95%
🔄 2025-09-15 11:37:07 Баланс: 1969.3635137722$ | PnL: 16.19447939 💵 | Сделок: 2073 | WinRate: 63.82%
🔄 2025-09-15 11:49:22 Баланс: 2173.87981347994$ | PnL: 21.32952284 💵 | Сделок: 2158 | WinRate: 64.32%
🔄 2025-09-15 12:00:26 Баланс: 2204.43140639532$ | PnL: 21.96674682 💵 | Сделок: 2171 | WinRate: 64.35%
🔄 2025-09-15 12:11:00 Баланс: 2336.24709324341$ | PnL: 36.98588267 💵 | Сделок: 2316 | WinRate: 65.93%
🔄 2025-09-15 12:21:17 Баланс: 2365.17997326656$ | PnL: 39.3656538 💵 | Сделок: 2358 | WinRate: 66.28%
🔄 2025-09-15 12:31:37 Баланс: 2375.44029957496$ | PnL: 39.62598025 💵 | Сделок: 2359 | WinRate: 66.3%
🔄 2025-09-15 12:41:54 Баланс: 2335.79226766713$ | PnL: 40.03210266 💵 | Сделок: 2361 | WinRate: 66.33%
🔄 2025-09-15 12:52:14 Баланс: 2358.68557679317$ | PnL: 41.08511996 💵 | Сделок: 2372 | WinRate: 66.36%
🔄 2025-09-15 13:02:26 Баланс: 2411.94470698323$ | PnL: 51.12728903 💵 | Сделок: 2441 | WinRate: 67.14%
🔄 2025-09-15 13:12:39 Баланс: 2405.67259400616$ | PnL: 55.12643161 💵 | Сделок: 2470 | WinRate: 67.49%
🔄 2025-09-15 13:22:44 Баланс: 2395.6634494762$ | PnL: 55.12643161 💵 | Сделок: 2470 | WinRate: 67.49%
🔄 2025-09-15 13:32:55 Баланс: 2404.02909139141$ | PnL: 53.50107626 💵 | Сделок: 2472 | WinRate: 67.48%
🔄 2025-09-15 13:43:33 Баланс: 2403.46545402611$ | PnL: 52.9461305 💵 | Сделок: 2473 | WinRate: 67.45%
🔄 2025-09-15 13:53:44 Баланс: 2403.46545402611$ | PnL: 52.9461305 💵 | Сделок: 2473 | WinRate: 67.45%
🔄 2025-09-15 14:03:48 Баланс: 2403.55135469053$ | PnL: 53.04105475 💵 | Сделок: 2474 | WinRate: 67.46%
🔄 2025-09-15 14:14:04 Баланс: 2393.22850215163$ | PnL: 52.74417986 💵 | Сделок: 2476 | WinRate: 67.45%
🔄 2025-09-15 14:24:11 Баланс: 2393.58451174346$ | PnL: 53.11818535 💵 | Сделок: 2478 | WinRate: 67.47%
🔄 2025-09-15 14:34:22 Баланс: 2393.7977732135$ | PnL: 53.34044437 💵 | Сделок: 2479 | WinRate: 67.49%
🔄 2025-09-15 14:44:30 Баланс: 2394.9634608812$ | PnL: 54.54192342 💵 | Сделок: 2483 | WinRate: 67.54%
