[2025-08-30 13:31:59][TRADE] Закрыта позиция BTC-USD-SWAP SHORT PnL: -0.00432301 Причина: TP Баланс: 999.98590947 WinRate инструмента: 100%
🔄 Баланс: 999.98590947$ | PnL: -0.00432301 💵 | Сделок: 1
[2025-08-30 14:17:58][TRADE] Закрыта позиция BTC-USDC-SWAP SHORT PnL: -0.01251826 Причина: SL Баланс: 999.963619685 WinRate инструмента: 0%
🔄 Баланс: 999.963619685$ | PnL: -0.01684127 💵 | Сделок: 2
[2025-08-30 15:39:01][TRADE] Закрыта позиция BABY-USDT-SWAP SHORT PnL: 0.0098933 Причина: TP Баланс: 959.928520572406 WinRate инструмента: 100%
🔄 Баланс: 959.928520572406$ | PnL: -0.00694797 💵 | Сделок: 3
[2025-08-30 15:39:09][TRADE] Закрыта позиция BRETT-USDT-SWAP SHORT PnL: 0.01244696 Причина: TP Баланс: 969.940965357406 WinRate инструмента: 100%
🔄 Баланс: 969.940965357406$ | PnL: 0.00549899 💵 | Сделок: 4
[2025-08-30 15:39:16][TRADE] Закрыта позиция CRV-USDT-SWAP SHORT PnL: 0.01238875 Причина: TP Баланс: 979.953321667405 WinRate инструмента: 100%
🔄 Баланс: 979.953321667405$ | PnL: 0.01788774 💵 | Сделок: 5
[2025-08-30 15:39:17][TRADE] Закрыта позиция CVC-USDT-SWAP SHORT PnL: 0.00150906 Причина: TP Баланс: 989.954832660405 WinRate инструмента: 100%
🔄 Баланс: 989.954832660405$ | PnL: 0.0193968 💵 | Сделок: 6
[2025-08-30 15:55:02][TRADE] Закрыта позиция BERA-USDT-SWAP SHORT PnL: -0.02363351 Причина: SL Баланс: 989.92223602099 WinRate инструмента: 0%
🔄 Баланс: 989.92223602099$ | PnL: -0.00423671 💵 | Сделок: 7
[2025-08-30 15:55:58][TRADE] Закрыта позиция LDO-USDT-SWAP SHORT PnL: -0.01759158 Причина: SL Баланс: 999.904632680989 WinRate инструмента: 0%
🔄 Баланс: 999.904632680989$ | PnL: -0.02182829 💵 | Сделок: 8
[2025-08-30 16:27:40][TRADE] Закрыта позиция BAND-USDT-SWAP SHORT PnL: 0.02667681 Причина: TP Баланс: 999.922309507549 WinRate инструмента: 100%
🔄 Баланс: 999.922309507549$ | PnL: 0.00484852 💵 | Сделок: 9
[2025-08-30 16:30:59][TRADE] Закрыта позиция CHZ-USDT-SWAP LONG PnL: -0.02062862 Причина: SL Баланс: 979.857780560543 WinRate инструмента: 0%
🔄 Баланс: 979.857780560543$ | PnL: -0.0157801 💵 | Сделок: 10
[2025-08-30 16:31:03][TRADE] Закрыта позиция CRV-USDT-SWAP LONG PnL: -0.02543122 Причина: SL Баланс: 989.832344470543 WinRate инструмента: 50%
🔄 Баланс: 989.832344470543$ | PnL: -0.04121132 💵 | Сделок: 11
[2025-08-30 16:36:09][TRADE] Закрыта позиция XAUT-USDT-SWAP SHORT PnL: -0.01072742 Причина: SL Баланс: 999.838507050543 WinRate инструмента: 0%
🔄 Баланс: 999.838507050543$ | PnL: -0.05193874 💵 | Сделок: 12
[2025-08-30 17:47:46][TRADE] Закрыта позиция ZIL-USDT-SWAP LONG PnL: -0.01544784 Причина: SL Баланс: 969.787056053794 WinRate инструмента: 0%
🔄 Баланс: 969.787056053794$ | PnL: -0.06738658 💵 | Сделок: 13
[2025-08-30 18:14:11][TRADE] Закрыта позиция PEOPLE-USDT-SWAP LONG PnL: -0.03130549 Причина: SL Баланс: 969.746648076084 WinRate инструмента: 0%
🔄 Баланс: 969.746648076084$ | PnL: -0.09869207 💵 | Сделок: 14
[2025-08-30 18:19:25][TRADE] Закрыта позиция APT-USDT-SWAP SHORT PnL: 0.01819665 Причина: TP Баланс: 979.764946626084 WinRate инструмента: 100%
🔄 Баланс: 979.764946626084$ | PnL: -0.08049542 💵 | Сделок: 15
[2025-08-30 18:32:11][TRADE] Закрыта позиция TAO-USDT-SWAP SHORT PnL: -0.03005418 Причина: SL Баланс: 979.725895614084 WinRate инструмента: 0%
🔄 Баланс: 979.725895614084$ | PnL: -0.1105496 💵 | Сделок: 16
[2025-08-30 18:47:39][TRADE] Закрыта позиция MANA-USDT-SWAP LONG PnL: 0.03083992 Причина: TP Баланс: 969.738747645297 WinRate инструмента: 100%
🔄 Баланс: 969.738747645297$ | PnL: -0.07970968 💵 | Сделок: 17
[2025-08-30 18:48:10][TRADE] Закрыта позиция RAY-USDT-SWAP SHORT PnL: -0.03035845 Причина: SL Баланс: 979.708380315297 WinRate инструмента: 0%
🔄 Баланс: 979.708380315297$ | PnL: -0.11006813 💵 | Сделок: 18
[2025-08-30 19:07:00][TRADE] Закрыта позиция AAVE-USDT-SWAP LONG PnL: -0.02207177 Причина: SL Баланс: 979.677297344797 WinRate инструмента: 0%
🔄 Баланс: 979.677297344797$ | PnL: -0.1321399 💵 | Сделок: 19
[2025-08-30 19:07:42][TRADE] Закрыта позиция DOG-USDT-SWAP LONG PnL: -0.04753844 Причина: SL Баланс: 989.629758881597 WinRate инструмента: 0%
🔄 Баланс: 989.629758881597$ | PnL: -0.17967834 💵 | Сделок: 20
[2025-08-30 19:12:02][TRADE] Закрыта позиция ONE-USDT-SWAP LONG PnL: 0.05626653 Причина: TP Баланс: 999.686025861597 WinRate инструмента: 100%
🔄 Баланс: 999.686025861597$ | PnL: -0.12341181 💵 | Сделок: 21
[2025-08-30 20:13:40][TRADE] Закрыта позиция BLUR-USDT-SWAP SHORT PnL: 0.03070398 Причина: TP Баланс: 999.707729838964 WinRate инструмента: 100%
🔄 Баланс: 999.707729838964$ | PnL: -0.09270783 💵 | Сделок: 22
[2025-08-30 20:46:15][TRADE] Закрыта позиция TAO-USDT-SWAP SHORT PnL: -0.01941875 Причина: SL Баланс: 999.679324498964 WinRate инструмента: 0%
🔄 Баланс: 999.679324498964$ | PnL: -0.11212658 💵 | Сделок: 23
[2025-08-30 21:04:59][TRADE] Закрыта позиция GRASS-USDT-SWAP LONG PnL: -0.01948732 Причина: SL Баланс: 989.641883216827 WinRate инструмента: 0%
🔄 Баланс: 989.641883216827$ | PnL: -0.1316139 💵 | Сделок: 24
[2025-08-30 21:08:16][TRADE] Закрыта позиция FXS-USDT-SWAP LONG PnL: 0.01589968 Причина: TP Баланс: 999.657736896827 WinRate инструмента: 100%
🔄 Баланс: 999.657736896827$ | PnL: -0.11571422 💵 | Сделок: 25
[2025-08-30 21:26:21][TRADE] Закрыта позиция MORPHO-USDT-SWAP SHORT PnL: -0.02497035 Причина: SL Баланс: 999.623766549887 WinRate инструмента: 0%
🔄 Баланс: 999.623766549887$ | PnL: -0.14068457 💵 | Сделок: 26
[2025-08-30 22:04:44][TRADE] Закрыта позиция TON-USDT-SWAP LONG PnL: -0.02312055 Причина: SL Баланс: 999.591646029407 WinRate инструмента: 0%
🔄 Баланс: 999.591646029407$ | PnL: -0.16380512 💵 | Сделок: 27
